1724
2520
7159
7258
2354
5322
1880
2228
1941
7032
2238
5948
4701
5191
3255
1831
9993
2488
9952
5457
2860
4254
7681
1684
6618
5768
4640
3863
2928
4825
7671
946
218
4016
8001
3105
2626
8620
4950
9112
3957
5647
1883
5468
6808
1260
5505
1414
5033
3625
2156
1960
7805
760
6108
7834
6111
4418
5343
4394
609
112
8835
8865
368
2864
1155
3174
1435
1762
8765
4142
28
1573
1769
6041
7475
9998
7388
285
3447
8534
9703
635
9750
4834
3936
3436
9173
2198
3283
8091
4942
6622
2896
8711
1915
4361
5358
1164
6390
8318
8202
5250
7218
7293
8678
8716
4354
177
4247
156
7385
9178
8033
6573
9327
12
5827
4682
5047
9288
7203
8078
8734
7978
454
5058
8725
9900
2949
6290
3625
3762
9242
9423
765
1410
3708
3163
2184
7428
7933
4432
857
8860
874
1654
7474
3074
4052
2286
7803
1763
799
4389
6081
754
8361
4491
4280
5419
4984
1673
6779
6515
2152
7574
1487
8435
8662
1702
2049
7132
2259
9663
3067
5265
626
7547
5234
9433
2054
6952
9750
3078
4510
2388
3812
615
4904
874
9702
10000
4262
6604
5256
4938
784
2606
2547
2054
2184
3615
5574
9929
9207
7867
9618
7433
1656
712
486
645
9621
2498
5188
7704
3309
4712
7119
851
9976
2669
9200
247
9960
8930
5749
2178
687
559
4825
2504
5000
4264
6019
2579
3919
7750
879
3045
4972
2690
4243
7583
3037
6055
8911
4777
5698
6415
3731
4479
9357
7767
5478
1426
748
7747
7852
9555
7205
9782
4940
3182
8139
4834
339
5128
5043
5288
125
5022
8517
4321
8198
5663
1
6013
2586
2328
5447
2220
146
4429
3416
3959
7307
5403
8489
1737
7502
2809
8780
7088
333
2031
5336
6732
9601
4573
3070
2869
6715
5528
2269
1001
2922
2936
8866
3728
3651
6098
5749
7224
2867
1659
5419
2533
1717
8217
9496
5159
2105
2023
8884
2189
1022
3530
1141
8014
7702
8616
280
6568
1082
6966
2070
1883
2317
8364
977
3042
5519
7569
1649
8993
4631
1188
1259
5162
8401
5943
8529
3255
2723
3377
9369
2563
9707
6505
4220
8827
4739
2230
1565
13
9444
979
4418
3705
2084
7657
3120
2817
6582
190
3032
4109
4211
1111
3630
3760
3233
5841
5953
9539
6055
2428
7146
7295
3502
3907
2784
8801
9132
5039
1337
1909
6364
8648
5742
1411
8594
3765
7449
8790
7792
4342
4087
3680
6318
3530
4079
2515
9584
2104
1851
2820
5742
6111
3470
506
7742
3131
9810
7946
8053
6511
5304
3719
7961
6214
298
3286
653
7794
2039
7141
2111
9373
170
2245
5367
8723
9165
4315
8756
4431
4258
9347
47
9
721
1411
8981
9628
8583
6593
2532
9853
5139
6566
10005
6746
8690
3232
5459
5157
3602
5660
9762
453
6851
3709
6253
6224
1503
6707
6524
1818
8164
5719
1043
8773
8987
1565
845
7504
6580
1165
4783
6700
5402
7150
9956
2593
6979
3618
5090
7801
1825
8
1550
8943
5482
9295
5524
9805
8120
8589
5033
1793
8541
8343
4172
4118
145
5800
7242
2915
1642
1465
9501
1299
4737
9647
2994
2250
1137
5987
9939
8516
7494
8779
2883
9925
8321
1695
2760
3852
3188
3583
2606
8948
7615
8055
2901
2295
8694
8089
3218
4646
4633
2957
8728
7937
3546
2724
9372
9173
6828
4465
4386
8417
8751
7093
2771
113
2184
5592
4296
9670
1451
715
5393
8795
2001
9706
4724
3228
81
3960
4668
4964
6612
8975
2454
8408
6565
4540
3681
194
7433
6180
7060
9204
8976
925
3484
2750
6522
2740
7898
1070
3406
1638
9176
3217
5175
4934
9771
1118
4434
2422
5700
8384
1647
535
5806
1663
30
2703
7485
6553
7670
6554
9583
9145
8036
5399
793
7449
8144
9594
758
3882
3719
9477
1505
8486
9306
9615
553
2051
6583
8870
1946
2776
7723
5680
5285
7020
5762
6298
3781
8084
4539
4050
2834
9141
2749
1200
6997
5275
8669
5446
4475
6820
1420
3421
6592
906
6899
4830
5423
178
3519
757
1121
3280
6264
9946
5294
351
3090
3866
7304
7225
8215
7996
1840
1348
1738
2536
3893
589
3786
7593
8564
1978
1264
4452
2034
1250
599
2346
7490
498
8475
1109
6727
6187
2086
1869
4488
3588
4526
4919
5836
5996
377
7040
177
8860
9070
8433
9045
5627
5499
9901
1109
7530
1004
1204
7181
7111
6854
9538
5172
1772
1035
8338
218
7283
7449
1560
8018
947
5289
5946
1949
510
6438
8248
2069
7727
2812
5952
6727
4569
2682
2543
2285
9335
8959
779
5543
5260
2617
5935
7768
1004
3096
297
7941
9037
7012
3537
7081
9185
2224
5142
1051
3254
5122
1520
6371
694
4650
8971
1092
9038
1228
2569
5940
4892
8974
9979
3097
172
7918
9832
3023
21
7603
277
7419
2023
4431
6785
5358
5481
6724
2181
5698
7694
4035
5073
8859
6519
3494
471
9400
4151
9125
1956
4969
9958
1106
7405
8792
126
3607
8584
1064
4470
7544
1860
2667
5438
3971
4939
4927
145
2257
9493
6049
7268
7226
1007
8653
6151
4391
2045
4202
778
9937
9584
6430
2187
6968
513
6335
8104
287
2573
9792
8175
8394
5288
9559
185
774
3704
8454
5219
6329
8511
5762
4171
1585
9311
9392
5101
6421
5918
5523
1357
3234
7997
5017
4091
689
6161
9183
9009
4225
1534
2363
8420
8532
4236
2203
5804
8976
2233
8242
7898
423
6108
2211
8571
8487
2029
7263
9802
4847
3214
7634
900
8779
9236
7966
9282
6302
2972
3487
8610
1450
5742
2426
500
9098
6001
1782
7180
3314
4817
9148
4212
6305
1827
8431
7089
430
564
8842
7416
19
928
5611
7123
1800
552
1258
8253
2238
3992
2835
5810
8017
1605
874
8132
5935
2375
9755
5338
396
8161
6656
2305
2147
7627
4907
6902
5267
6387
416
2215
5468
4922
9011
4426
1190
4843
5164
9413
1423
8005
7412
8481
8917
9352
1425
4738
8208
6322
3781
1782
5231
1128
5611
2143
1029
9158
4447
4713
1436
8525
2463
5816
2500
1064
9064
5519
7406
5284
5227
6141
97
7522
92
5549
7242
1215
5071
8248
7160
7164
3953
7420
6616
2154
3871
3780
7031
9645
7969
949
1312
1001
8495
7393
4099
7877
6293
9964
4793
2158
88
936
8009
9634
631
4724
5505
6284
7295
6081
9911
5439
4501
8900
6206
9675
3990
4566
7945
5837
1776
1863
4434
4999
6815
4861
3922
5973
6315
271
1159
589
4193
9239
4414
9620
3173
2936
5959
7109
8696
7624
4856
4386
1149
4560
5312
1012
7474
8756
9165
1279
2234
4647
2534
5315
1131
4085
9220
8398
7451
506
198
9633
3909
255
8409
9119
8841
9741
3943
5341
5282
2526
8184
2640
4744
9189
5718
6935
4124
9835
8785
8450
7376
3693
850
3327
653
7722
6363
3840
4661
9734
8708
7016
57
796
5007
1357
6236
1239
2716
8841
7145
8818
1105
7313
4307
8344
577
173
5329
5651
4203
1236
8168
2586
2362
5912
3819
3096
4738
1858
859
7171
6808
7838
9519
2869
4688
7434
5874
9942
3037
6040
5303
2383
8662
2638
1398
8829
327
2693
958
9535
471
8418
8971
7203
4118
1305
2040
9325
3482
6941
6393
728
6090
1710
350
5756
7470
1562
1347
7937
9999
9721
7631
2908
8879
2697
4526
373
3446
7516
1155
7679
113
2464
8720
4408
31
8104
7752
1368
8923
5674
1145
4967
3653
5962
3004
3812
9642
9210
6123
1566
4398
8691
510
1330
4431
6349
1762
2117
9754
7163
1716
2912
1444
2234
7011
4447
9953
530
3925
929
8559
125
2817
8819
8480
6223
2649
990
5814
6132
8188
5979
2847
4728
8796
4857
1376
1183
1039
3784
7559
6600
6889
9401
3784
9325
1824
6440
2690
6306
214
3485
8323
9613
5225
968
752
6381
7191
7543
113
4537
5396
4900
3939
2457
4657
6070
9324
0
2075
3367
2121
1368
695
7361
7162
2300
8234
576
479
1792
7792
8636
8305
9185
2117
7247
7409
8536
4195
6370
1244
8172
5404
4381
9623
7223
9536
3736
8991
6792
321
1572
3268
8561
1686
8237
3260
2441
3164
9152
3279
413
6435
2048
7687
7688
9975
1961
230
3510
7167
4494
4402
8268
7361
3348
2309
5696
4896
4672
1483
3976
8179
6423
5906
246
9440
7878
9658
2300
4174
9145
5788
4567
7199
8696
9591
1552
36
3232
5810
7380
9376
4599
9746
7762
1452
6421
8310
13
8090
7435
2582
5876
8693
5173
755
2836
112
4140
8831
4613
4899
803
2650
6770
9370
5555
6228
9009
4371
2791
1888
4426
1033
9359
4303
4171
5940
2985
1364
736
127
37
959
862
9650
7576
4599
3420
6848
4121
3997
4163
7197
3011
8885
7294
9157
8282
5198
2228
4711
4372
6388
8635
2345
6
2182
3361
2242
4477
9289
8969
8953
6166
3214
1273
972
3667
4916
2615
7186
5274
552
2534
1906
8641
343
590
2318
1090
7060
9915
584
6830
2726
1805
2923
4303
7364
5293
1722
9374
5515
5154
7249
5684
8133
6543
6441
2586
8473
7954
2144
4219
8136
7584
7562
5806
6071
6877
3291
9597
4287
4680
4500
9783
9309
4331
9437
9238
3762
4253
3231
4433
3462
5548
8026
3870
7878
9902
5377
1538
9761
6227
3030
523
5360
2207
1741
8728
9238
9584
4072
2978
2408
4767
1431
6859
4683
5893
7090
7030
4248
5330
9401
1796
7727
5721
2467
9325
5743
1062
8869
5780
8510
9530
3206
1024
2256
592
5487
4521
4622
8869
3892
216
7377
969
2353
5310
6349
5722
8976
1197
3631
6492
9700
395
3105
8769
5802
3880
2078
2721
6596
2713
6798
9064
4900
566
8820
7360
3722
877
3679
8115
3681
2861
3840
8589
9028
8547
6465
9765
1321
1827
2453
5201
23
4842
8164
1820
8451
2612
1355
6891
9121
5923
264
6346
4340
7553
2727
8658
4224
7476
1599
908
6921
5842
2662
9556
4069
9303
1520
138
2221
3972
5922
1731
4864
9472
2367
411
1550
3542
5646
9614
7671
1900
5973
4641
1299
4395
6680
5673
1051
6384
7954
5120
1289
26
2867
9194
5273
7790
204
7533
7745
5777
373
9800
7310
2003
9374
9403
2499
7849
200
1912
5532
712
9244
5145
7719
3122
6405
8146
2133
4908
1557
194
5086
5012
9319
8048
1928
189
9891
2407
9047
5518
9050
8366
4931
9159
1423
826
5595
992
3088
3064
4099
193
7171
2166
2729
103
6817
5360
2478
6205
9833
5678
8579
3170
153
568
3178
734
6657
1560
3296
6084
8890
3372
5673
1794
3982
3157
4426
9449
1575
4501
5765
5325
3255
4959
6119
2718
7256
6828
5969
9087
2965
3382
5930
5673
8294
7503
8385
2134
3986
3523
6099
4138
6790
3872
1473
3692
6489
8388
7802
468
5526
5546
3290
4072
1425
5170
7505
8245
8935
1286
8566
5317
6017
625
9769
5580
4917
6422
8281
1741
8511
2406
6960
3980
5365
9007
816
4570
3202
6295
9939
877
5571
7231
8168
9332
3612
1748
4612
6063
3032
3412
1272
17
3353
666
958
439
6893
1907
6306
5192
6534
2208
7788
6627
7005
6241
8584
6295
2899
1987
5864
3375
8267
4305
9914
7004
9736
2302
1656
5948
5890
7819
2435
7210
9739
6525
9771
7747
106
9325
1555
5656
2732
4891
4428
6905
3041
2197
2363
7566
3923
6567
9593
785
49
5409
882
5338
4457
6350
6787
3521
237
4199
4585
1131
4909
5158
6696
554
3376
3195
7726
8233
607
8616
2182
4644
2950
6075
8728
5508
4448
3829
7226
9928
9007
9899
9291
8626
1463
5870
5562
4892
7511
1427
7564
6593
6352
3912
2489
310
8856
9101
2531
3868
279
4612
5843
6446
6809
7828
6096
9721
4736
8297
8788
2139
135
8832
3496
8570
5876
5152
392
4870
9660
102
7267
2973
6194
6978
1385
7812
3261
9447
9271
9643
3331
6340
7814
3895
7188
1361
4268
5485
2623
915
5405
1593
7294
4844
4356
6838
5714
9853
1354
5665
5884
444
2062
5571
529
542
7899
8494
7244
8851
8292
7755
5963
9007
9580
6891
2705
9466
1413
914
2296
5087
7863
319
1745
1958
4992
5827
7000
5455
5073
6537
881
223
6042
7412
4959
5043
7471
6574
1222
3192
5090
3139
7006
4655
6889
224
8163
9298
8569
1088
2524
8963
8873
6691
6686
6034
65
3701
194
7202
6711
8947
1979
7820
7105
8259
1583
7983
4274
1542
2223
2294
4117
929
52
9501
9449
3500
6522
4508
2494
479
477
6934
9332
5424
8200
7906
7975
7809
2638
177
7514
2315
6765
2913
9023
6612
9276
4400
5742
4377
1750
2461
3192
4076
2901
7763
3939
8639
3943
4993
9057
9337
5601
3881
9813
3779
7006
2078
1055
1489
1812
2885
9444
9529
963
9981
8287
3768
2645
6731
7907
9328
8275
707
3636
2650
1876
3800
308
5572
6574
7903
1452
7446
8651
3600
9807
2205
4926
7882
9778
7281
5927
5050
9015
4779
1943
3122
3320
5839
2343
200
8725
8644
147
4531
7527
9971
2951
8149
4249
5324
322
9727
7322
3631
7988
9084
9941
9750
1337
2363
7719
7506
292
1190
7577
530
9612
5201
3252
3115
106
7282
821
4844
5743
4563
3073
412
1925
6048
7403
1737
2895
2710
4250
9026
3905
693
7210
8297
2980
4764
5664
5059
5539
9682
342
9712
8664
1053
1955
6349
7459
8297
9284
5670
745
6869
5037
588
2229
1051
9660
3406
6017
6229
5591
6407
2959
1525
4294
9389
8907
7880
4423
9100
3445
5044
1879
914
6647
3642
1424
2216
1838
9719
3833
5034
9141
5186
932
4292
7638
3670
7615
5030
2530
3386
6832
940
5141
2711
2670
4319
4262
8604
3216
2668
7104
2956
5554
9407
4293
841
3903
7552
6847
7057
6832
1254
5467
2617
8891
9827
2105
8297
4875
1431
6186
5108
1173
1594
9290
9303
9842
3844
4819
5929
6914
8301
4593
426
5095
8548
4187
7462
570
664
7251
910
9399
4918
1934
220
1746
8351
8332
9498
5497
1055
4837
5430
281
3507
722
6227
391
9506
1915
4863
9271
9002
6517
4821
8852
4148
8892
1457
879
9449
890
4323
7351
2519
1624
9332
4356
1777
3090
6105
2868
6529
8490
2904
2848
688
5602
8841
86
8225
8795
7647
3114
4737
1267
6372
1195
6438
7967
3985
4707
3923
6307
585
6906
3971
8145
4
8607
8424
4637
7542
3050
7519
2209
6161
4119
4585
2595
983
3526
393
8400
786
4677
5584
964
5081
4324
7852
9976
9444
1634
3907
2560
684
9164
6031
9232
1373
4646
550
3012
7160
3840
9188
2570
709
6951
598
3461
9646
8277
4154
9448
6104
9882
6778
6110
9729
6745
3755
6014
8262
7490
5858
3800
6607
3827
8020
7962
3098
1529
7041
1068
786
156
5936
5984
9195
1402
9343
6348
2732
7941
1414
6854
6865
3171
5585
413
3335
2572
1765
1430
7749
2855
9032
67
5656
239
1321
360
2566
7741
6467
6894
3202
7400
2682
7999
9684
6955
4162
4091
4070
5161
3351
4693
944
5534
4486
2395
6208
2332
5994
1486
7736
5074
6563
6667
8747
3055
6129
1236
3119
6613
919
1582
6174
23
7332
6465
8176
9834
4234
2418
9363
7822
1756
2824
3265
7672
7623
8290
6313
3184
7651
758
4718
4984
4936
2645
9655
6829
3160
2775
938
2670
3902
8719
2608
5753
3532
1625
589
5971
1950
2186
552
6043
636
3777
896
6269
6443
3260
6211
6962
6222
971
7502
437
285
7932
2635
1675
3045
6297
5158
4339
6728
2927
6003
87
3596
7399
1635
6080
2347
2043
66
9170
2763
9506
4907
1829
2112
3345
6741
4713
8783
1530
180
5320
8326
9673
8033
3145
2813
3327
3688
1008
6911
1417
8857
3366
354
9559
8327
2404
5384
8477
6924
3349
3550
3447
5397
9945
1853
3949
2795
6510
3376
4863
2985
3894
3865
1114
7578
8809
3957
2770
7550
8176
6546
4603
7750
5899
5480
397
5757
6151
4694
3867
5672
9401
1989
1350
5030
5504
7952
7432
3898
7047
7085
936
3926
1793
7061
425
6564
6197
397
7380
7211
3449
5430
9399
4471
7113
4746
2639
3955
9208
4323
6371
7470
9043
7374
6825
8308
5391
4197
7642
1389
5937
5328
4815
6578
7411
4206
7728
1523
2353
2262
5878
4506
6488
6853
5519
7568
4395
7092
8996
7241
6669
5324
8530
9236
4824
3390
5218
696
796
1273
7196
5087
8186
5316
5294
1625
5709
3541
3662
9312
9815
4041
8803
3153
4360
1264
9289
1341
7117
3903
8770
2816
1974
6595
5221
3165
6150
8201
3835
5065
733
3531
7207
351
7715
4691
281
343
3421
6389
6278
5235
2428
2613
9463
4950
9312
2550
2383
9225
3395
7640
377
2202
1465
6628
712
3012
3292
3217
8627
9759
6531
2374
9439
6996
6088
1868
7061
2417
1414
8985
178
1956
874
1220
7507
6560
6598
2744
2918
9644
6437
6931
9418
455
408
7031
9350
1875
3750
6516
5710
2991
2356
6893
8186
1445
7035
9907
8636
4958
1846
104
8391
926
6530
8054
8203
919
5226
9113
1444
7710
4899
5667
4316
5468
3433
4362
2615
2662
4649
302
6964
6314
1045
884
2009
4139
2522
1555
2662
9720
2008
2705
788
8992
5241
3010
6494
648
5949
9426
9914
7264
7833
5651
4299
2164
1783
3038
6731
5704
1506
6176
4054
881
6242
1068
9590
2759
3759
8799
9508
8523
7797
6039
5089
3094
2748
9417
4994
2319
8840
1172
5186
2059
3686
677
1555
5764
9465
3875
607
8456
3086
4083
4274
3864
3331
9553
9573
3863
6924
2385
95
9324
3649
6257
1716
8186
4545
2702
261
4859
8400
5688
6559
7902
3062
3305
7759
7817
9575
5077
6031
516
9701
9780
8652
8911
6555
6842
7261
4014
1925
5313
3301
7761
5952
9452
6021
4960
5820
5157
4980
4259
669
7520
7631
7944
1012
8531
6148
294
5067
5998
3207
5553
3625
2390
9826
6099
8759
5456
5538
4996
4855
2429
1908
2317
275
9933
7231
6194
2700
8673
7190
3416
9020
7062
2721
2997
2230
6998
209
1326
3584
8536
8724
7327
738
11
33
9808
5863
8400
7052
1755
6548
4634
7679
765
1774
7231
8302
5199
9886
5309
853
2548
50
8870
2380
4148
3586
3482
2043
904
132
1812
9750
3440
7946
8056
6344
2976
5912
3439
2889
8310
3036
7206
6793
7730
3788
109
7015
3122
2418
9023
1218
7403
3518
3801
6404
2270
4880
2149
108
2697
7022
9629
7286
1607
1646
1651
599
5124
6483
2433
205
9025
280
2286
2247
1833
8204
2038
127
6726
9922
7681
6896
9347
3485
8837
7144
707
9269
5155
8385
7640
926
1076
5204
2458
1800
9912
9929
1325
6204
9647
3538
4037
9720
2275
8620
8720
2563
2311
8667
7930
9012
204
703
108
8084
6297
6519
5114
7930
4700
6544
789
1868
213
4998
8281
1508
2421
7472
9980
1518
325
3290
4903
3941
2308
9454
7070
1865
5732
8449
4447
5945
8683
7562
5230
6774
3317
8292
2511
2529
6247
9338
2181
6607
8342
8409
7386
5823
1681
3755
288
49
753
1061
2603
2220
950
8964
3144
7539
3267
5356
5630
8733
4325
1665
503
8005
9662
4630
4763
5800
4593
2421
4985
1617
514
3142
6501
8440
3678
3887
3958
698
6015
695
2574
6327
4868
861
9841
7570
9221
6677
7393
8707
7298
242
288
7040
5314
3604
4517
7898
7985
7836
7549
9512
4498
6587
2061
2846
6456
1869
4352
9014
8161
2223
9826
3317
3316
1126
1640
7172
9121
7462
6284
6198
9556
7050
9799
6240
5461
8786
537
7681
1130
6858
1743
9271
2443
9306
4843
7020
441
3579
7045
9292
6401
7858
4600
3173
947
4118
8269
4817
3359
4248
3718
2002
5719
2574
8078
9059
8686
1961
1351
3989
4468
8340
1802
7770
6245
9406
2134
5579
7208
9207
7712
2321
9880
5245
8768
7860
7874
3027
3431
160
7076
3155
5435
1012
8460
1745
6721
9536
9385
3751
411
9562
6848
7022
6246
5957
2795
5471
8492
5285
2792
9219
8851
4009
6931
4434
4367
5796
6615
4264
9774
9616
6747
4328
5333
6169
6610
4395
4160
3416
3834
2131
7988
9430
6129
6487
920
4963
9967
4683
6342
934
9233
2284
2170
3039
7859
5072
8744
5204
2984
7184
9381
8725
2343
2106
3835
9855
8747
87
1072
6493
2018
7479
8138
1133
1996
8026
1459
7637
3872
3964
8359
9144
3442
311
417
6593
8234
8815
8658
283
8793
9190
2504
6082
8990
4020
8950
5522
7906
1915
8137
6698
1434
3119
8220
6773
9524
6453
7672
4780
8281
6206
1159
754
2589
8923
6954
2139
2467
6456
8581
1740
2546
4725
575
6501
2082
1106
9210
4559
6722
4536
6727
5740
7045
3967
769
1216
9072
8472
9351
4944
6625
6674
9112
7642
5884
9000
5056
3834
5092
8271
7917
2683
3945
9713
4131
4038
1970
5009
9946
5554
4054
50
1554
7640
8464
8152
4067
1458
145
2297
1298
5641
3426
7819
5311
1754
7664
4838
2235
453
7505
9381
2010
1796
2668
4872
8731
6474
9254
9300
5432
7646
9927
9970
46
1830
9503
8617
108
2305
1627
4848
2436
8323
2511
4719
6706
2805
439
5482
5839
8770
693
7380
3409
5860
8364
1776
4750
3230
4808
9686
7782
6979
5403
1030
3151
5338
3710
7990
894
6961
5693
6800
7667
8985
2859
2613
2025
9283
9479
9795
5673
318
2282
2952
7664
1719
1140
1701
2651
9461
7242
9311
5849
1945
2129
604
454
8573
5114
1495
7695
2772
9504
4633
4676
9825
5604
7772
2795
7962
4838
3657
3837
1010
5479
4309
5310
7924
8267
3809
8939
1951
6498
7398
392
7652
7503
3745
8558
8596
5064
311
5713
66
7747
710
1222
5069
8458
3253
8696
6349
6247
3638
6557
5205
9384
3103
4989
1279
9947
1477
625
3693
3233
3164
2453
5873
6746
4453
2995
4984
5945
4600
8998
8204
3633
8589
2456
832
4726
6847
8267
2592
8750
8627
696
7023
4134
9440
6284
7479
4691
4772
5157
7001
8979
4670
5675
6102
2337
2992
2008
6258
6580
6216
2699
5637
9789
6735
9931
4896
1352
2864
3762
1886
1577
9328
2037
5924
8863
5121
741
1227
1033
5064
932
7013
1002
8925
2439
5954
9633
2255
9351
4520
3871
3425
1436
9092
3391
9719
2449
4933
3810
3623
9490
9748
1642
6999
2198
4266
5290
1969
7033
2787
1447
9806
3244
5840
266
3568
457
9333
5722
7116
4708
1746
4231
6237
2016
4682
3771
9705
8337
5569
2678
2858
2662
9426
617
9213
132
9546
3616
9927
7663
3948
756
59
5747
5992
5520
2849
5702
8359
5721
4053
3029
1145
2225
2425
8079
5503
7577
9350
727
7735
6279
949
7852
812
4720
187
548
8693
949
2808
6717
8454
2898
8258
4741
9366
3753
3634
6579
569
9738
1437
2568
3160
6127
7619
9569
1053
897
5901
4299
9160
1483
1146
5407
7126
7575
9766
4381
125
8022
7271
9002
1056
8883
8368
4583
7807
3111
3002
6425
9671
8635
2716
8750
9270
7103
5151
9319
2631
2074
8615
9866
9828
3549
7539
8031
5252
2989
1098
9755
5385
328
4348
6857
9441
848
8216
1367
9931
8131
135
2716
9521
9310
5718
5341
7720
9338
7822
9335
4085
6206
8442
5781
5173
8399
1175
9362
6953
4821
5518
2773
9898
3531
7713
9897
5526
7778
1877
9553
3645
8455
8349
5585
7928
6648
6704
5267
8630
3020
5290
9118
1590
7755
6962
4769
4094
4827
7555
8384
7766
3906
3915
7601
8416
559
7463
7320
5997
4547
3298
7327
4648
3292
8169
1415
5037
8057
9683
8654
2988
5132
3180
5102
9872
9213
1680
7142
2965
5433
432
2726
2660
7850
8919
1867
4279
9560
1682
8120
7250
2403
5012
3435
8649
9253
8049
2221
5745
5253
382
4208
7497
4736
4039
8235
549
2218
2033
5126
6613
2748
5265
952
4591
4712
8586
2732
2284
5063
36
3137
4454
1281
6164
5822
2733
8104
9578
5290
8400
9965
5967
519
7980
9957
1523
6660
6820
9748
2156
3441
6905
9040
2826
4121
3108
9616
9536
9235
7477
2705
1901
7034
9529
4434
9585
2030
5041
873
9519
9017
8361
1113
1960
3784
9567
503
3654
1386
2066
7399
5026
2765
8320
3798
2615
519
3247
4187
5456
1078
9191
6044
7968
8901
8742
7673
889
6327
9500
5387
8222
6041
9778
5494
883
4414
2604
1446
5502
7739
7902
8825
3577
1021
2503
6778
3627
2716
5753
2137
6956
8046
1116
6872
1697
2796
1057
8077
8198
5509
3777
3176
3175
921
7398
1992
1681
1743
6098
194
6755
9364
2565
4580
8980
2945
2449
2536
6587
3450
7509
7258
9019
507
1792
8567
4573
9839
5274
6019
8300
9022
7531
3367
275
6592
6289
8676
9010
8186
5981
9649
3596
4422
8080
2665
418
2729
3227
7559
538
6846
5987
5717
9553
8775
9831
2820
9911
9046
4999
1507
8849
5319
1513
5855
4224
9483
7515
5082
6140
2365
3496
4580
7000
6537
4884
3591
7014
1244
3390
5180
4544
7162
2255
2824
5075
6775
710
3277
9034
2225
7998
2280
2120
1961
8077
9761
5693
1524
2735
2734
3086
6660
8236
1130
8234
9758
3426
9516
7423
6443
3538
2303
1451
1582
4976
795
6815
4980
6413
9789
7317
5666
3519
1750
2981
6362
6995
8586
1133
8168
2030
4919
6982
8173
3247
5048
7963
2021
7590
8449
2049
2143
1925
2289
809
2571
6059
2891
6347
5723
7705
9615
2574
435
8574
9438
6298
6141
8215
2932
3979
5144
6885
8020
494
4192
9569
8757
2261
8060
8126
8227
7158
1772
5226
9581
3389
7944
8129
3707
1687
1484
6024
7093
7101
5647
9608
9631
8847
3094
1225
6755
4782
68
8223
7799
5902
6171
9172
2008
1391
5736
9479
2819
1527
7899
597
2846
5102
8852
2874
538
6985
9047
8657
6479
5651
7459
5478
5356
7449
3550
4476
860
5688
8773
4339
7569
8914
2672
6243
971
4481
2491
9468
2557
5124
8757
6166
4450
9049
6410
7079
8898
2127
6888
1336
3162
5137
4941
6372
884
523
1539
6895
3280
1289
9498
3552
674
1218
5189
6536
8987
6976
4157
2465
3184
9681
9842
2451
4536
3865
7124
8731
1970
581
4140
701
8069
7421
2143
9190
8808
8050
2908
3421
795
1564
2745
2978
3589
1472
5616
3784
1503
3259
8185
3094
348
9110
1230
8127
1988
9635
8705
3262
1279
4283
4525
5876
4434
7771
989
3359
4695
2813
1716
4752
5045
1378
5647
603
4791
3870
3402
2991
6178
9097
9304
6044
1678
2250
7929
4170
3903
1910
7899
8778
5956
9389
927
5733
6755
3957
6809
8011
6295
9206
3357
5813
4390
8875
2763
4209
9695
3847
5477
5232
8665
3139
366
7829
1854
1096
1608
6091
5256
532
7049
3354
3728
4984
6609
7057
7801
7106
2100
2405
5071
9171
8357
8893
5878
2631
1843
7518
2564
2777
6321
286
4146
641
8121
263
904
7585
7255
3223
6666
1116
7532
5806
6581
3915
602
5550
9335
529
3681
8367
7898
634
8857
8887
8020
642
1250
444
7130
8169
7844
5955
4653
6139
3206
3737
5795
1854
8353
3798
9715
1697
5539
2488
1736
2342
9636
1514
6132
8760
3565
6399
9614
8846
3683
2365
1692
1184
9359
6212
1107
4573
8563
1165
6678
4846
1352
1499
3958
1493
5870
729
7577
4009
5270
4895
1815
3567
2220
7743
5073
2088
9355
5931
8540
5383
7511
9672
7447
4363
1929
4099
7468
124
7725
3771
3959
5398
939
4405
1936
3498
8314
6154
6394
8206
9557
6
9043
9474
4952
8986
4465
1899
5192
8043
9297
1860
6531
6576
904
9846
4266
8767
3428
4395
6746
164
1695
4667
6801
5033
9030
454
5717
1279
7286
2019
3115
8870
6823
205
6474
6236
5249
7677
1483
5176
4247
5734
4798
3601
5058
7389
9885
3654
6665
9106
7664
5552
8010
9063
1159
8351
92
1677
1693
5478
8399
8254
4620
2396
7306
3093
6643
4336
1036
8780
6807
1237
4051
7367
7903
5343
1754
6747
445
4858
1993
561
7909
7602
6835
8597
611
9615
5214
1234
4092
291
2030
2528
1184
228
9889
2866
4064
4286
6217
6381
4759
4059
4758
609
6738
7447
8543
1906
8812
6697
1187
4053
1715
6319
2378
4354
8679
2206
8620
9578
6545
7724
9991
4977
6944
7095
2838
8421
1899
1190
5983
4307
5644
4662
4543
2149
397
8985
960
1955
1609
910
55
5991
1797
2580
1988
7975
1668
3064
806
141
4849
344
2962
6803
6758
8443
1346
4700
6740
1653
5473
3325
2748
1935
4423
1535
8620
6639
3663
8280
6
5866
2882
6013
7101
7014
5629
3045
4114
5643
8646
9965
9990
5536
7261
7739
4028
267
3541
8663
1893
8611
2057
8215
158
8502
4876
4189
8600
9911
1651
1186
8836
9402
4984
4648
9253
6212
2083
5872
6792
6806
5751
9731
6756
8028
9896
3790
2605
5667
6545
9656
6671
330
5754
2736
7810
55
9291
2534
4098
5748
589
4260
5150
6255
6058
2857
7554
4363
2482
7533
4661
8154
7509
818
9754
2904
5802
6196
9761
2209
8200
8278
8163
8040
4159
7826
3383
9035
3934
3102
3251
4935
7549
4475
3118
6077
3018
9031
6742
2113
5030
3462
3864
1913
5497
2336
7690
3685
1678
2393
1088
6000
2809
4782
2693
4357
611
6982
2651
1111
8821
307
5030
9600
7005
4948
6353
3341
3752
3640
8050
2488
547
3217
5843
1152
7007
752
8648
3859
6618
8541
2417
1191
7646
6065
6292
6619
7285
3073
5736
1712
3076
652
4994
9821
2240
5721
2953
6486
7210
7990
7884
6303
5572
4034
5810
730
1553
8716
3225
5469
262
6003
7668
3316
1622
1191
6901
1859
2503
5069
2749
10001
860
658
3927
9988
6125
6061
9729
1619
7564
8393
9023
6891
8460
4048
8747
5580
7277
349
6709
8788
2635
8731
3619
5409
1217
311
7484
5270
3154
677
1391
4869
9673
6569
1247
1477
2906
4436
9889
7693
8754
9322
3581
2309
2571
4534
3455
97
1580
8447
4225
8474
2107
1596
7843
4691
5565
2289
1420
7030
525
5452
6753
3247
7959
4332
294
6775
6847
9188
9509
5004
5026
104
5413
9
4536
8975
4882
5919
3793
6715
6377
7839
5500
5744
3460
1531
6041
5930
2048
268
6595
4156
6283
5148
7891
9271
4161
2099
4529
6825
518
8816
8998
1122
3422
5935
2777
6260
5638
4323
1502
5269
7049
9064
3137
8689
4249
4128
1476
8815
1389
5690
5782
9210
7388
901
6198
5023
8624
8071
6559
7526
901
7752
8203
1212
8204
1116
2721
4657
8534
9260
9235
4623
9078
5490
991
6641
5654
10006
5106
1235
3517
5151
4417
6907
93
7708
417
8066
1840
6430
665
7152
6564
9681
7225
9550
2883
2317
2023
3189
5823
7205
2078
7262
2493
5319
3876
5272
704
1143
6956
9215
6717
8218
4428
4244
3262
3657
7873
145
9239
2134
8106
6375
8650
7223
5563
5555
3343
4554
4308
7388
3741
1299
1925
9143
2595
4049
175
4625
5873
1228
6912
2914
4689
1972
6187
6332
8873
298
1367
5426
7337
6936
386
3224
5484
4387
3914
3524
4467
5584
3420
3990
13
380
8960
6002
1103
8453
4711
4804
7496
864
70
4710
4352
5622
3024
1814
8044
7363
9429
1737
5945
3355
6114
6036
7255
9642
6978
8171
7391
6770
1009
795
8729
3580
8106
8610
9782
6665
824
7216
7258
3445
1826
4811
4538
5795
4925
8418
4944
3956
7450
3270
5719
3493
1563
9733
1937
2042
5826
5392
4012
6968
973
48
9082
1546
2513
8136
1911
3464
1396
5634
9419
4274
2212
6542
2969
4691
9296
7402
6923
7860
6776
1124
7535
4752
4900
5541
8696
5214
2837
2717
8058
5191
6671
478
8395
4695
7728
5175
1237
2681
4476
2894
4017
6097
2011
8006
2135
3200
5210
1761
5790
387
9426
9055
65
988
3801
4634
8017
3509
8711
7793
8018
6437
5171
9085
9019
7151
39
8326
4361
9226
172
2379
5357
528
6395
2565
1505
8813
7889
7860
6299
7448
7688
8188
8980
2754
3935
2797
7391
2756
1640
1054
512
5922
8819
1407
9024
8097
5609
7956
6212
5290
5201
6838
2263
6468
5399
3505
8584
6902
5721
8876
5019
1698
2624
9568
3046
8643
5149
1993
8274
8735
608
3340
9603
4555
7111
1325
7627
7403
364
4432
3714
7326
5324
5212
4928
3103
1661
8224
1596
439
5328
1413
6705
8262
2681
611
4914
9052
5025
136
8111
4056
2073
3942
4001
3075
9713
521
6775
3535
1573
3907
5783
7812
8890
7984
269
3155
3662
5105
97
7113
3364
577
439
1266
729
9228
3529
8278
5773
7508
8862
6901
3192
507
1693
8926
5970
133
2450
2491
4018
194
4082
1258
4583
9604
2709
2413
9157
341
6356
7656
3919
5
2356
8377
4752
7500
6606
6040
8976
1743
4129
7978
6071
7441
3836
7311
9374
5497
7455
4149
881
1075
7515
963
4954
3078
226
5154
1574
7382
4068
2540
5913
5990
7626
5959
1775
1869
6211
1469
4930
9125
6079
5627
9375
2739
1731
4687
2857
1584
6784
6990
3167
3111
9673
127
3123
2696
3180
8854
6957
3762
3747
5727
3490
765
2911
1523
9989
8549
3531
1894
4001
9931
9124
4913
9452
906
4180
6204
6886
2019
5950
2329
5136
2846
1
5391
593
2530
5084
8750
2132
4066
8479
3495
1788
9241
7841
6576
7279
3170
2469
3179
5926
2483
451
7114
6192
4111
2392
5785
9940
2016
3827
8221
6104
5089
7723
5055
1288
1002
5784
7893
4943
6180
9612
4266
7609
2261
3544
2581
3637
7740
1551
8057
1930
4814
2583
9318
193
3857
4277
5469
6338
2926
8609
4849
4244
7126
3108
6803
2851
7309
4220
7135
7323
2469
963
7260
2970
3328
1541
176
313
3184
1334
7188
2335
3920
6771
1990
7813
5400
7753
8550
6216
6337
3620
7979
4160
2854
2859
2615
4699
5681
4117
1267
3178
9289
7559
384
749
9521
9208
7389
2961
4884
4099
4404
4151
1992
9334
4035
4862
1005
6147
5311
5799
8174
9052
8828
2910
6773
9623
1820
5222
8647
2553
8215
4465
6199
1560
8134
3927
2012
4271
692
8130
7850
7324
7228
518
2774
3062
9744
505
9050
1096
470
1330
2020
6579
4959
2774
403
8657
6731
3232
6717
4075
8522
8734
540
7270
6083
9052
9221
7894
6887
4338
7046
4113
1679
195
8200
2256
3803
1288
2364
7143
9529
4151
7657
2724
3940
6797
8194
1612
8458
3373
2008
8214
2470
6110
4918
2199
7467
2010
6664
3655
6590
6261
6714
6089
7015
3689
8386
9930
6969
2142
9214
5554
8774
5578
8820
3534
2656
4335
3858
8231
4609
2080
5240
8224
2525
6219
1703
3889
8517
6818
1689
8575
4069
2761
427
8613
1067
326
5090
984
2664
4964
1940
9328
5074
8338
3400
8515
865
8065
2463
793
6191
4229
4234
7374
7140
8404
6812
9208
2395
471
3808
3077
832
8468
1312
6617
8370
1429
7995
8252
8566
8606
7492
4980
5287
1175
7047
3491
4269
1865
5609
4395
9935
8006
7566
563
84
6636
8323
95
9857
7895
6262
328
1511
8286
4016
9313
2274
9659
1124
9014
8869
5990
5778
5543
8592
557
1136
4535
372
13
4407
8754
2555
2477
4648
839
9783
1725
2211
1858
9846
8806
336
1391
4187
4394
1860
6455
9701
2585
6856
5805
6817
7540
6120
151
1156
1319
3189
4156
713
9205
3567
3788
7226
9395
9988
6115
3802
805
8892
5571
913
9259
5912
1105
9786
9556
3151
3360
5709
8415
9123
5498
7629
8951
8413
1117
581
8624
5632
6846
1901
3441
435
3752
8169
1599
8178
6235
2438
3263
2031
2267
2776
3518
3400
4317
8230
7109
9221
1494
1092
3157
9880
6554
790
7507
5371
3818
2715
8940
3028
4894
6564
4514
5624
6710
7860
2220
7776
7807
1900
6755
2054
2688
7409
170
1528
1108
7358
6354
5181
2624
782
3714
4055
3975
6505
3344
2051
9149
4283
5617
291
5413
2749
6524
2273
221
6522
3965
9174
4992
7470
1326
4296
5049
3902
1808
9862
4681
8568
3396
8214
6427
2754
4150
6457
9433
9476
55
3657
6294
9039
2145
3807
983
2370
6551
8920
2032
8279
1025
8081
9322
6126
482
3097
3226
8772
7423
1105
5460
5851
3376
1398
3747
8701
2004
1537
4761
9184
7009
5466
5254
759
7942
7340
719
3162
4179
6334
6748
3167
9084
4364
9572
6652
6704
3352
3028
5545
5083
6444
4191
4936
5208
820
9149
2883
3001
8998
8556
3035
8884
1113
3034
8770
7675
1078
7906
4893
6806
9234
119
4454
4262
6791
9283
9596
3872
7074
2940
6403
5892
8776
6985
8566
4603
7221
8157
7681
6309
5956
3751
6394
4967
66
9917
4394
9256
625
7288
1738
7017
8129
4108
1409
9560
9895
2593
4484
3787
1870
8995
2556
9258
1325
3233
6808
1101
4804
3490
2726
8614
4936
1293
958
4580
1066
1112
2775
2660
3710
8353
3832
8348
5259
9737
3425
7516
7894
4472
1159
1661
2320
8782
9549
5989
2624
2848
2650
1428
520
9591
2097
8174
9755
4591
2404
7628
5089
9819
6152
5721
118
3029
2238
2313
9044
5224
5682
259
8277
6544
8067
7561
9504
6911
6442
753
1666
3106
9879
1363
942
3310
3175
5689
176
2992
966
2531
8172
339
9666
6778
1872
7862
1007
278
5152
5677
293
7813
5559
2635
9168
5443
7377
2308
824
9215
1532
8235
6327
3771
8695
7301
903
8921
5711
545
2754
1725
1845
1725
5399
2943
1475
2314
1798
6461
4286
288
9808
5012
4779
9815
925
4077
8962
9847
6260
1599
9813
7807
5137
2502
20
6629
6242
909
1517
8400
2375
4189
7260
9683
8600
2062
7754
5787
6135
7412
9218
4052
5065
3744
225
7831
1160
8807
1586
4258
3551
4307
6207
3854
2644
3307
2289
5364
9602
1714
7655
8645
2001
5892
9172
9432
2290
6004
6045
4371
937
2083
7123
149
2297
7334
646
9711
6330
7684
5828
6356
6403
5629
5796
2638
380
802
1042
4697
843
7706
5285
1868
3366
839
5625
4158
4144
5657
9053
6378
6352
2375
9319
7371
1898
7234
7771
5749
6812
7701
7338
3516
9410
6638
7943
6849
2727
5893
5851
7562
2905
3395
24
2516
5481
1945
2024
5838
9251
8574
2411
1017
3884
4778
9188
4619
7517
1250
1616
3555
2627
1952
9202
8786
9543
6353
4698
8309
1355
3304
7491
3361
6504
643
9972
1390
3391
5731
9700
2180
1550
7944
3366
2037
9505
8756
2759
2054
3333
1560
1229
8289
9716
9141
2159
7142
2644
225
8209
1401
6191
2021
7731
2841
8844
8969
8669
7545
996
7432
3667
7666
6974
5545
5144
7636
4174
7440
634
3589
4166
1655
3796
7395
3115
2464
1163
7483
2712
8628
2179
5872
4707
6501
2285
3594
5138
7096
8947
6850
6317
2392
5245
3932
2550
2823
2862
2971
2348
9691
7284
2136
3045
8166
3815
2020
7671
9956
1353
3493
6124
4693
8119
1302
6551
4516
8976
3606
8590
438
8107
8212
2985
3568
2042
9730
8654
3985
9903
5372
5083
9900
5498
8059
5013
9958
4473
9887
5112
272
497
1744
1094
9856
557
5662
936
7892
186
8050
5408
2469
9904
6136
7990
8350
3964
120
2893
4583
476
8964
9115
3047
4813
7124
9758
8861
9876
1692
1167
5634
1650
4018
6715
3897
8958
4904
2365
3974
9932
7355
356
724
3811
6999
7638
822
4497
6096
978
3211
1852
9382
7239
1207
1829
4764
6818
2622
1929
954
7564
9005
9854
3302
664
6572
817
6347
5422
4789
4766
9567
6795
9861
4851
5771
8417
4248
1293
67
8965
4806
4619
6363
6804
6388
2646
4388
7959
8782
9660
5489
3435
7146
2096
867
4191
1679
3270
3611
5165
3253
4134
131
3324
7482
1470
4135
9422
3307
6164
3210
9435
246
2254
8738
2181
5958
9084
5986
1476
5144
7137
3970
7469
8936
2646
4641
7200
8257
2626
8355
3561
6065
6455
514
217
9039
7640
9741
9457
1817
591
8635
5213
7946
9918
4535
8200
9576
4143
5320
635
5502
9781
7886
3179
5839
1553
9885
1448
5818
4653
901
3968
7517
7285
2909
2931
6614
2153
9127
3913
3489
7850
216
2498
845
4842
3739
3342
89
1506
6180
9241
4440
9892
5663
1726
6146
6478
1747
3903
62
4120
10003
2005
5649
3525
7083
1788
9833
7686
2460
9535
2711
4641
9305
1907
5501
9241
1830
5893
3793
9289
6399
1565
2126
4635
2342
2682
9856
5104
9552
1006
1880
6890
3227
7126
985
2184
3431
7766
3286
3275
3625
6594
4690
7077
3464
5719
4400
189
7953
2359
797
5662
7580
6851
6509
9302
6335
125
2958
2272
8038
3534
3091
4353
7883
4473
4526
4496
689
5228
8685
2360
3091
4353
97
5522
5678
1312
1335
6933
5718
2078
3823
6893
150
2316
3898
8717
2355
7503
4922
8467
3265
4607
1835
3779
417
181
8375
1044
6267
6431
2440
1480
2039
9335
5337
3910
5233
6553
7321
3391
9075
8979
5613
5613
1858
2104
7511
2847
1931
99
5828
6304
4176
409
7409
7337
5448
9144
4456
6087
9261
5059
6799
102
1618
9265
1122
9309
7638
1569
1278
2426
3008
1319
7462
8883
6902
7038
5432
2767
4596
5146
2988
5945
8161
7938
3464
2192
957
4205
3871
2366
4048
8855
2980
7422
3669
6630
7924
8814
4305
5512
7713
9455
3662
3906
1890
3795
7327
685
559
9120
6779
9929
8582
333
7488
2288
9675
9859
1185
8357
8646
916
2708
1183
6535
6240
8753
500
5965
6127
1250
6786
2948
9044
6186
94
8059
2898
1117
580
4038
7537
542
6579
7687
7569
5537
6477
9667
8697
1550
9127
6019
6992
7804
796
5419
7094
7468
7622
9311
8580
9712
6170
7626
2130
8639
3701
8205
4869
6891
9063
4177
8391
856
619
8654
7567
4859
5301
8739
1523
5530
7048
7679
8115
1585
2443
2019
2573
3300
6639
8180
9738
8712
7899
2118
8051
2889
5867
5061
9058
7771
3165
9989
5754
8033
240
8099
8258
439
5903
5594
3966
7582
8019
9707
5114
5326
3753
7626
7885
1175
8951
7287
1328
1244
2836
5665
5417
5137
8584
8549
7212
5552
6526
7684
3446
5380
9244
4911
1292
3197
936
2953
2919
3283
1926
1092
2522
335
8042
9980
8735
3053
2830
3920
8492
5886
5150
5239
6777
8874
3022
7521
5757
6884
8250
400
2048
5375
6176
1287
1794
8610
3034
9902
8250
3214
8045
9770
2053
8246
11
6238
9424
1831
8727
2775
8598
4736
1361
3276
9487
5586
1645
3424
18
933
5530
5986
2948
815
6311
4964
2648
5919
8505
72
7877
9025
5872
8332
1331
77
1392
454
2386
1484
1974
9642
9079
8920
8537
3983
7349
9731
3812
7297
9374
4180
1203
6169
2580
2066
5003
9367
2177
614
8273
9304
9088
8016
140
9286
3868
2580
2668
5636
5567
3655
1238
8294
6076
818
7149
7975
3136
3389
5195
9602
6266
5988
7020
3640
8722
8954
9874
9969
8388
3924
7556
7925
7094
7291
9698
7994
8062
1148
8920
427
6367
7147
4128
9980
9562
6495
8014
5808
2667
7587
5108
4607
4631
3082
1860
9684
5415
8162
9619
5924
8730
7913
3032
3228
6499
2263
3198
1836
1528
8116
6139
1343
7215
1497
2154
6308
3400
9574
5659
4210
4136
9242
7
181
8625
2687
1494
7034
9181
1398
9692
3312
5682
3103
3330
5975
1128
119
2719
4070
6758
6904
4489
3605
1252
951
3466
1984
2897
6392
6655
312
4288
7740
8147
6695
4364
9182
5607
8845
9900
484
6772
7640
5018
3460
26
9753
2489
4429
3816
9431
3287
8698
7709
5242
5976
8845
4567
7148
8733
2574
6357
2084
6877
6312
5637
8512
1664
7849
825
2925
4936
6792
765
1536
6221
5794
962
6953
6229
149
7370
1162
8206
5382
6189
9190
3356
19
3022
6582
1232
8396
7886
8954
7950
4257
7017
8867
9314
6617
58
8134
409
4249
5037
8400
242
6613
6210
1119
2305
2025
3498
1789
5405
4671
4820
7433
6682
1768
2504
7711
434
4850
4460
6690
1508
8533
4990
8228
101
8195
7189
7701
1325
4260
7113
8038
5301
9810
1627
7527
5396
8306
9299
5476
1873
4128
8257
466
4108
3248
4526
6480
2248
5221
8190
2126
942
3276
6334
5665
4038
2574
5882
7989
8155
131
5992
560
2981
9232
2425
1
7944
3111
3425
6771
2715
8963
5110
2051
7901
683
239
4971
4106
1343
4768
6028
2892
6356
86
2991
5761
2113
8618
8301
4364
5885
2049
8162
9612
4655
6043
7265
881
4258
312
5823
1883
