7834
5196
8771
9464
4574
9426
3302
4998
6769
9234
2429
1021
7818
7142
7184
2534
6549
7007
7930
3633
3442
1426
2264
5641
1785
5483
5224
4848
9691
137
9201
5186
9086
7978
7551
9039
7231
4586
4434
7575
6107
2648
4813
7684
3829
1998
8096
7043
4131
4406
2844
7357
5247
5966
8748
2603
2052
6124
3529
6796
1440
6364
2419
4541
6476
9341
9883
2405
2172
3095
2424
7403
2685
6735
2152
8070
2857
7951
7797
3733
598
1782
1290
9891
9803
1654
4743
3575
4618
9488
1883
4422
3789
6349
4411
2074
6209
5223
3229
6801
7103
256
6843
8784
7251
3451
2518
1662
7224
8156
9344
6701
7708
7827
8541
5104
5048
9736
1717
537
6003
4725
1747
9050
7670
9585
7242
7810
8000
8746
2823
7579
1944
5495
122
2338
960
5262
9256
9027
6114
9694
4791
1307
4319
1550
1146
2038
977
7096
4368
8767
8849
7925
171
1397
6059
7337
9597
8538
1669
6011
6606
3519
367
2394
3011
2004
4342
2867
8943
139
5248
5417
2840
6747
463
3747
9477
9402
8147
979
2078
4593
2563
440
9075
4761
6878
5917
8533
6485
9115
8225
6870
3339
7742
1380
3663
7998
6038
3015
8374
515
2663
2979
260
5830
8515
7498
8045
4982
8819
2055
5740
7458
9849
9684
1431
1354
9924
629
9542
794
6639
1309
5668
6744
1046
6933
1809
4877
8741
3592
5010
6054
6727
1802
1035
5071
1827
6281
4928
956
2850
6744
5028
1152
1287
312
7470
9641
4292
5250
589
5725
9260
9154
8237
1699
2633
8928
6371
4895
7277
2632
6205
7001
9421
5735
981
5523
5171
1107
3189
9034
5296
8163
8740
4492
9898
5879
3323
1858
1744
1687
3823
9035
5588
4395
6898
8233
921
3331
8289
4348
3532
6701
35
6146
3157
5238
5367
880
8096
6281
3595
5797
4665
5389
7483
5598
6811
4935
4646
2167
272
4137
1180
6103
3455
128
7784
4147
727
4838
7247
449
3216
6707
9948
883
8141
6218
6435
4069
1389
5184
3926
4209
3298
8719
2574
9011
5417
6592
8365
6189
7402
3024
2085
7747
1792
7495
3511
1446
4140
9571
8374
6066
5990
1607
7529
4721
8032
7659
6213
6008
7724
7295
2540
5593
7886
8454
1510
9336
3307
5764
2160
5076
4329
5326
9578
1931
9039
768
2974
2623
7226
5822
9637
5658
4481
5306
5480
6170
2352
5946
1984
6256
5882
7500
379
7670
9337
6876
737
4382
3771
3062
6497
7000
9343
7767
3349
7986
7461
1732
9067
8263
4147
4819
1185
110
6286
3876
2215
223
1015
61
3314
1480
7443
7078
7914
5150
9736
1100
2036
4391
7065
8731
7929
9835
603
8861
2201
609
4746
2071
6079
7874
3270
8367
9493
331
6385
8306
2408
6990
2709
409
8898
1329
576
5119
8379
1005
3742
8056
4857
7919
2922
4408
4039
6289
3133
550
6430
8334
8008
5596
8696
3724
5480
9225
8257
7684
7625
8869
7933
4547
4951
1892
2533
7588
9768
9484
80
9758
3157
9238
3871
1342
2022
5230
9624
2876
9454
3459
1403
1365
7319
2792
2856
6848
9944
8895
9022
6411
2670
6295
9420
5407
9332
4140
2416
6977
3394
1871
3391
6661
9514
5467
2154
6358
7563
6664
5833
2826
9838
3563
3587
5695
5329
8980
64
7609
9518
4533
6610
6045
8259
8990
8351
3220
3600
195
1443
7588
7920
3798
5574
7384
8875
8876
6871
2952
4813
7450
2944
2857
6181
8051
8321
8978
2155
8341
7443
3188
9806
1538
7217
6546
6358
983
7326
6136
6758
4507
2284
1571
5079
8000
2666
4957
276
6134
9624
6630
3382
1679
3961
624
7606
2731
7914
9329
5578
3699
6238
7433
3152
2624
5336
1402
4552
3288
1533
1109
7270
4455
6584
2212
8058
9685
6689
4328
2744
7136
9690
8136
6
9529
9236
5327
1303
5377
8724
8305
5702
8761
4416
9695
64
1420
5407
7672
1610
8890
7507
5110
6853
9210
2442
5999
8846
3704
6576
4946
5579
2961
6425
8902
5010
2366
8106
5952
5250
9405
864
5623
712
8842
3998
4952
3418
5749
9848
3572
4458
9915
4387
9864
9501
4070
6285
7154
8089
105
8205
4821
712
313
9248
2174
8766
3052
7825
5041
9549
8332
3829
4832
3531
594
5983
150
8753
7928
2442
5797
6770
1103
9091
7560
1221
3411
2543
6423
8963
9365
9072
1021
2897
9706
4853
3039
1443
9165
3161
220
9114
3578
8554
4549
7286
140
9348
7372
8083
1865
3440
783
2823
4
5088
228
4442
8489
7035
399
1823
7941
3434
2916
4207
2544
6707
7837
356
6025
2556
3914
868
4974
1705
1637
3696
8275
1269
2280
2261
1908
5807
889
6121
8045
6264
7173
2094
4209
1373
465
6070
8260
9895
6092
4773
6436
936
1646
4257
3187
4928
4252
1124
1159
2196
8802
7016
9952
9532
7745
9205
9123
7554
7693
3588
9298
3389
1130
1731
5775
7535
7020
525
193
5352
1530
9152
7827
7613
1144
9797
2310
1517
2585
6538
3609
1037
4956
4815
1414
5398
702
6428
1719
9308
6518
2348
6608
623
8747
9497
5737
2662
902
3767
8701
9246
2184
8795
5172
5353
4554
6098
3292
7684
7801
7745
929
4917
1257
6904
5850
472
7471
5340
9479
3368
9114
3517
287
323
3183
9046
6235
6377
7507
3849
9164
8127
4244
8136
5434
4004
546
127
2662
1163
2059
4335
9984
9618
8564
3857
3706
1837
9466
1334
2775
4189
8760
654
4617
7703
1607
8542
2475
6149
7645
3977
1230
7461
8067
4116
4957
1464
9330
1758
4888
343
7395
4632
4443
5439
9753
9368
6104
7044
46
4975
2180
3946
2055
5525
5843
3194
4851
1236
4022
8537
2556
7689
4466
231
5383
6769
335
6981
8892
9524
9937
2377
5800
6779
3586
2218
7596
8307
5710
9878
3862
6583
2439
9560
998
1566
369
3893
7102
4701
4004
8199
6972
6659
9951
7021
4072
9313
8160
5522
2212
5478
3609
7648
2284
4960
1964
3326
4776
7476
9886
7254
4896
5809
1433
3158
4419
2049
5888
4263
1167
7730
7490
4142
2775
1806
8858
1347
2260
7079
9786
3815
7458
6253
9728
1366
3647
1541
9714
1265
6640
2641
2852
5227
9136
1415
5814
2857
7346
5158
4104
3442
8192
2391
1311
6475
5601
2200
1123
7007
1635
4986
5945
4368
4931
9303
9824
5893
53
2708
3494
8186
2958
8308
4253
7052
3166
821
4921
79
129
4664
313
7327
3545
5481
7069
8478
5533
9695
7978
6846
8068
1649
1297
6554
7988
2523
7306
6917
1740
5646
8286
6491
4698
2028
177
9937
2290
897
9340
3736
4594
7054
8046
8611
4242
6941
7040
2039
3866
3032
5998
2514
6641
1791
3601
5514
8224
2026
3774
2295
1638
1312
55
9890
9981
8592
2687
8117
1172
8676
630
2866
3173
6852
3972
3830
4678
5727
8212
7515
1974
7828
1435
6239
5784
7389
3632
272
3118
9904
6957
3787
5276
4477
8684
7959
1147
8454
9678
5596
8846
6342
5139
9885
4179
1412
8626
6169
7273
8026
3998
5036
4176
2529
2891
2695
1103
2179
5835
5928
9024
9137
1779
981
7564
8364
4591
2685
9711
4225
1145
9910
5291
5936
138
3140
1000
5722
9776
8809
8390
8495
1552
4934
9194
1533
8879
925
9018
9608
2953
6781
5103
8385
2578
8739
8956
5794
3922
9042
3998
4521
455
3177
5359
1835
9105
2750
1652
1152
3859
4061
6582
8987
7561
3311
9184
254
3790
918
5899
6094
3590
1538
9537
8694
7070
9283
4657
5001
4386
9413
8454
9407
7455
2675
7967
2749
9419
8067
5036
9369
7052
9965
6362
691
5029
4114
6166
7029
5422
3600
7004
8981
9649
7131
3293
59
6367
8652
9359
9962
7922
1483
7964
3848
7284
7964
2167
780
5634
3803
574
5204
2544
2962
7900
5625
4765
7912
5291
4753
5242
7707
4617
6275
8146
9249
2072
3363
1281
1734
897
8989
4136
6294
4167
3736
7819
6482
587
8599
4338
3725
5463
6158
5968
4176
7979
9356
7002
313
8328
2813
9916
318
4390
8186
8605
8865
193
6522
5431
2755
2155
1381
377
4201
4169
9298
8621
1386
9589
5369
2284
8611
3341
4612
3812
4187
3531
9935
6562
2930
1952
6671
8659
5821
7435
5825
7604
375
6788
3773
2680
9293
2774
3544
2628
9132
6073
1473
1927
8689
5694
4210
3496
5249
7899
4049
9525
845
4912
3335
4586
2575
2496
280
8616
8805
6487
7
6345
7228
1809
3173
1971
5280
5746
7105
3071
5936
3023
6461
6687
3369
5088
523
7401
5078
2877
1089
6571
825
4327
629
3663
7780
6137
8631
4507
8019
8395
5137
7302
2347
8488
2402
2901
6984
9564
6710
697
806
7929
1986
3453
8639
9357
9549
1651
7174
6247
5396
8591
6421
4203
944
7121
8208
1200
8996
3354
813
6395
2564
5302
1520
7839
3218
5931
6797
3011
5569
5486
2524
8372
1182
9821
4325
1790
9396
9331
1487
8148
9776
1837
644
1066
266
3937
6354
8943
168
6880
2914
5075
6903
2156
4040
8038
1616
8148
4828
4023
2534
250
3117
1105
5333
2646
4858
9486
4556
730
3752
7683
8719
3244
5794
4406
734
8298
5933
1158
4188
1541
8203
4210
4427
1873
424
4080
618
8523
9202
4585
9516
3308
5264
6606
5033
2310
45
2086
1871
9509
6800
8850
1629
8075
5447
7444
7743
6876
4677
7958
7101
9063
768
9782
9642
5467
1928
5161
2110
7539
1981
3857
9299
4171
8589
295
119
5906
2471
5985
1123
7966
8221
8607
8558
4309
6175
7099
3007
1651
740
6923
7827
9345
1800
3501
9475
5825
6183
137
4184
9986
5895
5967
237
8936
6921
6917
8758
7812
7467
9588
5321
4980
8604
2430
8706
7702
4231
5634
1775
4706
7306
272
2690
7708
9474
3473
3180
8041
4057
578
5170
4721
8856
4487
547
2543
4809
1012
2841
138
1136
5224
5008
4525
8729
7586
1325
4013
6704
9497
67
119
6670
4646
8002
1236
5752
2196
452
6225
4293
9136
1568
8770
7297
4303
5043
9709
8329
3888
876
347
8142
79
6482
6082
2488
3585
6762
573
8797
914
3225
3222
6014
5238
4561
3809
2813
4600
991
2715
9188
4629
1888
5525
1531
6118
4933
62
4380
6306
8585
3219
9567
8340
4044
2597
256
4059
8194
4376
6401
4817
1117
9188
5538
5680
3383
9018
4912
3218
1667
9215
4181
8533
6790
2224
8278
3156
8844
5488
5350
2348
4224
2907
5685
7660
7426
3508
5027
839
3719
4303
3293
6529
2823
9209
9125
2019
1640
5314
3462
8303
7280
8313
5290
7441
8674
297
8772
1658
5797
1017
7627
1121
3765
581
3844
7426
9226
2834
7314
9431
3574
5901
6442
326
6785
7070
7007
68
4773
7660
8676
6178
3776
2355
2060
2095
9751
7580
5752
7073
1858
5067
3304
3669
2939
576
3249
625
248
2464
4675
8076
8956
4005
5028
4118
1941
9291
128
730
2843
8203
2314
4359
8695
7041
2335
2206
3404
888
1061
3096
1128
1644
526
7145
6828
493
7492
6501
6421
7306
2993
2865
9179
6208
4134
6770
5373
8902
6542
9360
4176
8658
3110
2197
94
2712
6072
6194
3139
6908
1521
777
2409
6929
7340
3472
1864
4114
3527
1233
811
2864
1395
785
5571
7734
2476
5383
3193
8625
757
825
8218
6496
3559
5019
3796
3993
3716
947
7074
8891
444
771
8838
6534
478
9144
206
7392
1774
6149
2964
7773
7396
3709
5291
5050
7658
9195
3973
8580
9735
658
6418
6673
6272
4172
6232
5821
4033
3013
9821
2757
6906
1684
1182
525
6231
7959
552
9262
8801
9276
1919
617
4095
5450
681
4278
9495
3349
3592
7743
3152
3824
344
7892
4818
6309
840
6716
6430
7637
5734
661
9654
5678
9355
3592
92
9800
4906
5489
8168
949
5725
292
678
3363
7007
2807
7394
7085
6810
3538
9211
1064
7463
3871
895
7617
100
3589
2852
8647
7052
7918
7554
2739
6694
1169
7271
8154
3592
2317
8121
2445
6960
3255
6001
2711
2923
3217
7426
1619
1022
4515
8781
1618
4890
4851
8595
6732
6687
3599
6929
2396
8174
7462
216
8579
6714
1575
5786
7184
567
3802
7253
98
6824
9269
6255
1615
9813
9606
7120
6862
7659
4889
9302
70
8147
4010
6663
7778
8387
4885
6335
6118
3357
7365
9339
2955
1778
9573
191
6685
6671
3184
6797
2322
6717
6364
7055
3426
3722
8215
9625
6413
5404
9840
3114
8557
4759
7625
8642
3561
7893
4129
7696
4226
7088
5857
2766
9148
9654
3953
2217
143
2313
1521
157
9407
7287
1988
633
8991
4528
388
4916
9422
4361
7884
9219
511
8888
7364
3917
6595
6828
8692
212
455
6134
6834
860
7592
9997
158
6684
556
9471
6110
2976
4303
3556
7226
3071
5053
3581
2696
1080
7728
6327
1825
8815
2789
4756
3718
5873
3206
1291
5094
2137
3834
8456
174
9828
9706
8909
6618
2809
6266
5583
6220
2891
518
6630
1246
3858
8250
7674
7688
4809
4818
7812
9831
9822
8816
5164
9361
7056
9146
2452
384
7219
3713
8546
6709
4559
3817
3391
3616
7321
3648
8886
3869
814
5234
5196
3198
960
8975
8566
1723
9043
6085
1984
49
9602
8590
7086
4302
8931
8471
661
8104
902
4251
3959
2626
7266
321
4572
1652
3572
6475
5027
5415
310
1255
4013
9876
6271
6913
6707
8738
8448
223
6153
9343
4174
9997
9616
797
7967
8801
5148
3882
1962
1202
1349
9791
7728
38
5213
3062
7539
6216
8179
7886
5464
8480
6870
8170
1957
3156
3655
7702
2921
4486
8349
2486
1230
7004
3075
5215
8071
5716
2344
3833
6362
1108
3256
2202
9695
9888
3380
5794
2737
5278
2172
8873
6414
3623
8221
301
9425
205
8039
4638
2889
17
106
3646
689
3787
2629
6993
9510
8202
905
7675
2222
7391
2974
5603
4715
8170
9041
9114
5902
1334
6177
1554
7945
9208
8832
3631
4756
5501
766
5921
1604
1903
8441
4968
7166
9843
4686
2999
4054
6334
5366
1360
8110
4250
1153
5729
5962
4557
9549
8263
9470
2317
2595
9488
5479
2824
8701
1503
9387
6295
1621
8046
8775
4042
156
4368
9754
3856
5739
1416
3483
5875
8898
3635
4940
3553
3208
2063
7176
4843
5117
2205
6682
7130
5448
4756
8377
3454
8716
3536
8128
9026
9295
7150
3668
6238
4193
4880
2727
8867
8268
6836
7723
5080
3068
8041
9595
3803
5045
7512
5992
5400
9231
5221
8138
8343
414
6728
8110
8422
1742
329
3916
4487
6388
2392
5451
4804
5984
9019
1578
9368
9583
162
1678
9209
6512
5871
338
1350
5321
6383
8420
7927
3850
8730
7637
4941
8945
2534
706
7177
4169
9494
9637
3202
9195
5494
7667
6012
1535
1806
9964
1218
9712
308
4153
9373
4184
818
2879
9286
113
7843
5972
500
6002
9382
7444
3885
4012
4821
336
3816
6759
1255
429
1684
3248
5271
8106
1721
4566
9384
3566
4790
3974
4558
5425
7978
2303
4256
3686
520
6609
1956
6553
3959
7221
6867
2732
7867
9458
2408
2838
6922
8877
3010
7657
8335
8916
2609
4497
4044
7121
1277
5534
2497
4438
5236
1637
5618
5749
7155
3041
4552
3110
902
6421
4473
6464
8953
4243
2601
1037
3926
4395
523
124
2697
9503
5907
1555
9395
2598
11
249
8742
4273
2740
305
7857
243
1242
9805
3233
7095
5647
33
8494
5948
3726
7561
1062
7388
4092
4781
5436
6120
1422
7880
5338
694
5941
6719
7467
956
7793
2072
626
1265
6605
1673
1493
2757
8246
1425
6434
3530
7025
7111
2882
1233
3297
5178
9935
6194
221
7522
1208
7357
6675
5533
7367
1743
6011
9141
1074
5731
7930
7668
5658
495
9343
3729
6623
6357
1097
8350
7706
1108
7008
9138
2379
5148
6557
789
4452
1979
5620
7286
2888
6104
8209
1179
2886
5080
8010
9006
719
1033
7394
3626
1227
375
7591
1628
7165
2544
2144
7360
7501
2860
3738
4697
4259
1695
6950
7706
9033
976
2429
2145
522
2644
5712
384
5225
110
998
7291
4982
9967
7209
5149
626
971
5179
890
8334
2338
2052
800
3095
9690
7858
9721
10005
7713
9454
6743
2645
5185
2760
8757
8314
417
7413
8052
3967
9005
4190
4874
2876
4049
9736
5803
6540
541
882
7764
7826
3284
4042
9452
5804
6912
28
8493
4000
7730
3757
998
9099
135
3260
7203
386
1695
6471
4534
8002
9540
879
562
1616
8665
9456
3217
2540
2031
8356
2868
3749
1018
4499
5361
6173
9873
7356
439
9451
9523
3296
4092
8936
4446
9359
552
9833
5299
5284
970
5515
3406
6781
6307
3548
6417
510
3888
6163
4462
1370
6666
6592
3401
7667
707
613
4792
750
2569
7080
4356
1445
3096
8360
2647
1035
3768
1107
6340
7224
4133
8921
1107
8181
9312
4331
1594
5208
7849
8003
206
8679
2467
8654
2563
4944
412
7819
1772
6970
6317
8741
7384
5628
5439
1107
1965
8113
1652
7668
481
1022
413
1486
8096
8969
9570
1596
9025
9737
1206
5941
9728
6258
4200
1670
7552
9357
6236
1928
1307
9252
7195
2375
7801
7426
589
4018
3765
2850
6994
7743
2310
4956
5493
6666
3442
1713
6580
2996
6746
5814
9202
8865
3968
6166
5405
2296
1172
5071
8711
4588
4140
6559
6961
114
2064
5130
8058
2337
5305
7899
4565
1943
734
9017
1647
4189
9746
9084
8810
3732
2640
5859
1979
4650
7040
5169
5950
6246
6559
202
1396
1579
4063
4957
8209
8395
5316
142
3767
5460
4849
5920
769
5685
2686
315
6273
1057
5529
2220
6896
6046
4713
6284
1588
4400
2127
8065
5834
3058
3016
826
7038
1933
7886
7644
6377
2209
9248
7403
9455
9583
2206
9586
1527
4767
7281
6262
7996
3760
3674
7101
759
6827
6108
3302
4997
9938
983
9783
6106
9163
3179
198
174
9946
6609
6435
402
5822
9129
6086
3452
4805
9524
5496
6923
909
3581
9868
1263
6417
4906
668
9529
9841
4182
4096
9065
6794
6657
2694
1354
4079
9767
9562
166
3758
2058
8338
5013
236
3196
8689
3755
5008
3642
6660
5962
3244
7027
7243
5909
9830
5997
3707
7753
6120
3589
6482
5129
2739
6261
3731
2045
2767
5715
2135
4025
9509
59
637
3142
3101
3835
4889
637
5349
9123
75
994
7806
5089
9300
9177
7870
6995
2308
9114
9301
6853
5370
8234
5885
8
3320
9724
3630
5742
5056
6724
4881
4203
8362
6281
881
9545
6547
3875
8145
9142
214
1932
7192
7759
7899
9421
9451
1127
4788
3249
6948
4635
6295
4592
4036
8791
3791
2828
8425
7669
6275
368
3650
7155
3306
8146
6554
4995
4343
4222
7208
2080
3769
5156
8953
7195
6939
2249
6758
9139
9812
4586
4967
7814
8221
3765
4738
5691
9340
1389
1993
5788
3978
4661
9573
7875
2065
9636
6188
9356
2773
5722
475
2714
7907
4681
2868
4576
7700
10003
8869
1657
1191
4526
9400
3630
6942
8734
1656
8695
1784
2668
7211
5089
4220
8959
7051
7784
9929
2002
2750
7813
1693
6459
424
7181
7266
3810
1016
8922
2399
8463
7371
375
4274
9991
9629
9500
1150
3875
669
7577
7686
1280
4546
335
4215
1264
7381
4235
8122
3382
9068
9345
2540
1201
7051
9957
7852
1461
3338
9640
4345
6830
4829
6347
6831
6043
9596
9059
8337
8603
9614
9285
9967
1663
621
1655
366
3070
7216
5251
8849
9830
3607
5974
1647
3546
6757
8671
5734
2716
4557
502
3654
9357
5867
5934
5534
5892
160
5931
4920
3933
1145
8290
1345
1858
7197
6458
1479
9858
3669
2320
4618
4518
4775
9637
5728
7671
2859
4633
3819
5801
5559
6468
921
4017
2432
2952
9863
5678
2367
7303
4651
1681
9546
6994
2046
7198
142
2653
7821
2440
4434
8576
8725
1949
6975
2820
6799
4759
4968
5334
634
2255
9973
3513
6536
186
7494
2414
1776
682
9877
9951
6578
4895
9627
8648
257
5188
5495
2120
8739
7352
6272
7885
1779
8138
4754
2303
4867
2065
6077
7623
2928
4154
7524
9049
2399
3416
4159
1799
1523
9516
5436
9426
3729
5542
8379
5589
9798
8847
1266
9917
2088
341
6518
9431
2784
1476
4132
8124
539
1763
4565
821
9150
6987
8265
3616
7125
3383
2108
6633
3190
3976
6305
1131
105
5511
3820
9785
122
8635
671
9012
5371
7695
1183
3688
1528
4873
9255
879
2332
2506
3283
6232
9687
2477
1441
6181
9587
7417
9426
8529
531
6411
6179
635
8397
3723
529
3142
8598
2260
3636
3115
2958
9058
9907
1545
9053
3804
2147
3329
6878
2684
7453
7965
5049
298
1204
758
3560
6884
8235
7355
7812
1084
240
6341
4596
7536
1250
3063
8344
7846
9644
7657
8612
8487
471
5698
9269
7264
127
7573
5415
1977
727
7014
1700
1040
7856
2864
1225
5036
7926
7245
7137
7578
5143
8573
6625
985
624
3011
9290
3373
9133
9647
1256
3478
6060
1010
2062
5495
6682
2555
6213
7228
4749
8441
5429
3747
5275
1676
6453
7252
6524
3944
7065
7888
4284
4139
3009
1503
7632
3282
2262
5524
9719
2736
2302
7503
6346
9400
7937
383
7109
235
3364
7834
5270
2322
81
4056
2178
7373
9633
8401
6054
7799
2193
4921
5869
3392
1194
9663
8028
2399
5926
2050
8102
9522
2634
1170
6732
790
4102
4770
6512
4948
5426
3708
7329
2816
4280
7022
8724
4043
1206
663
334
2737
2647
618
8414
4417
5366
7082
3022
7949
7633
1360
6974
8517
2753
2763
9120
8624
9724
662
5134
6488
855
140
483
1268
8771
5893
2202
9631
1942
4126
2996
8759
8218
1842
9963
1571
8109
2973
3698
4739
6223
1387
7723
465
2894
3271
1535
9199
3190
8768
5618
1858
6909
8673
3820
4980
3700
6805
8932
8700
5458
9626
7236
6797
8310
3959
5981
10005
2317
7528
5731
6178
2245
1634
8554
9274
1245
2298
6660
1040
800
7163
7960
5678
3607
6635
2796
1930
5130
7914
5302
3513
9161
7647
6378
8110
7711
7640
2953
861
226
1950
3508
6793
3714
6998
7072
2356
3027
1753
6002
268
9862
7246
5716
7559
9037
408
3146
3655
5603
1663
6847
1397
9229
7336
605
1169
5527
2001
695
4917
5766
7621
4674
2217
1796
2386
3717
7518
4372
1918
6089
6088
8572
5385
821
4573
4173
4582
1545
1555
6876
1341
4536
8639
5105
2088
3196
7700
6871
546
7512
8790
9521
2714
2291
3521
8867
6322
1082
8214
6521
8444
7183
4448
9380
3260
320
4222
4224
7839
8782
6695
8863
3378
3305
7580
7646
7614
3848
440
9973
8703
7675
1961
5122
2996
7451
975
7721
1212
4391
3169
32
8410
575
6855
7807
7814
6154
5348
3777
660
8628
9820
2123
5729
7408
6030
6126
8639
4830
4048
765
7742
9740
9105
5866
103
9686
6950
9082
9379
1029
7059
8098
4480
9697
5339
7050
7068
505
592
5938
2851
6200
7945
1736
2781
9826
734
2028
6751
1260
9536
4130
8015
7471
2884
1123
6408
1712
984
9141
986
9031
1492
474
244
35
1561
5427
1785
3586
3737
3369
1410
3329
4218
6581
6738
7489
1033
4868
3734
5438
4644
9806
9437
4654
2421
8407
2141
2836
1775
3361
5334
7942
2530
6633
7358
4676
6873
4035
2521
935
6758
5685
6541
5900
4832
8385
8945
5061
3806
1569
2003
5724
3098
8915
3231
1329
9743
102
4478
354
5561
1458
9209
755
7398
9050
3343
8133
1745
2410
4735
284
6025
6799
8880
449
6321
1961
7448
1906
1972
6658
6054
711
4628
912
5354
553
1750
7045
1586
212
7834
4782
3635
2924
4324
7558
4155
5504
3821
7491
7960
4217
3095
7362
2896
7543
2790
4374
1169
7085
1057
8843
5976
7656
1333
5795
8737
9566
2479
3518
1536
2052
7372
236
8472
560
8016
2553
8415
5030
5844
2199
9377
4947
2867
4409
1182
7307
2725
5136
686
8583
7377
6565
3479
335
7572
825
2959
9977
6321
3473
4797
2836
6876
8775
345
7152
5545
1883
4242
7444
9254
2328
2245
6792
217
8433
9435
7560
2954
4124
2360
3891
2969
1064
4029
6875
4051
8491
8681
7264
2281
9445
95
7967
8819
7470
1166
7177
7177
6242
8727
900
8773
6164
6630
631
2638
1814
8073
487
413
7949
3789
5928
439
9603
3538
6979
2864
4460
4959
212
7931
1098
4134
797
8585
9237
1034
4616
1056
8221
761
322
5516
9110
4317
7299
5624
8615
5397
5992
7141
3082
6973
7850
487
1787
543
5343
4648
5276
9683
2520
2966
8399
8498
5476
2493
9427
7400
8497
3146
7150
7607
3040
2847
6241
2175
2330
8639
8969
6654
4823
4898
4701
6224
95
5318
7870
3472
2941
8841
2738
2997
4954
183
7588
6904
2071
4695
995
1811
7364
2368
1357
980
6850
2781
8821
2458
5755
9656
883
8194
8750
2767
9835
1776
873
4719
5318
9329
5640
482
3387
4598
8640
4145
9791
8701
8099
5373
6991
2571
6210
1098
9222
4323
5332
5955
4128
3808
3848
4861
1585
4098
5697
7781
1156
5211
7543
4449
9827
5775
3264
6848
6353
666
1212
9643
8969
657
9551
1
1108
4042
9814
6057
4300
2328
4100
6499
6030
3451
2699
6303
2054
8415
9354
3640
8799
6779
3004
8089
9099
5588
8066
3600
9671
1541
2389
1958
7768
4918
1884
4166
9473
4892
7091
4956
6685
9160
6396
1759
2123
3631
795
7380
3099
9096
9736
9336
2064
1419
9504
3025
1208
4969
1262
3042
2417
9616
6706
1254
9478
4236
8394
8990
3472
27
8326
8146
5814
6264
1427
4718
1480
8291
6805
6641
9178
2854
5797
9535
7471
9013
8736
4569
6984
1633
461
648
3269
2
4236
622
826
960
5952
8550
1725
5670
9405
2258
5781
7559
7451
9064
3021
692
7846
4320
3472
4413
4488
6304
95
4461
762
8647
9160
7659
2968
6616
3176
1329
4613
1920
2169
6213
6256
37
3227
6345
5959
8579
1384
8747
4068
8077
5282
3626
584
7259
8220
7867
6484
7550
7238
8883
2654
4496
3602
1615
9925
2811
1417
2408
7322
3098
115
9463
3960
2045
6375
6659
951
4134
402
9329
6775
7215
8777
8501
7102
6404
8407
2353
8507
2861
9604
448
6368
8473
7346
9568
6326
2012
5579
2677
3899
5722
300
4500
5094
2634
8346
811
954
5145
8040
9815
6266
9745
9124
4858
5086
4854
8856
3643
1781
8342
2996
6749
3004
7210
2677
2999
3578
3731
7412
4115
7561
1892
2097
9820
8934
3676
1710
9105
3634
5867
8746
1630
4503
824
9842
4831
9226
8796
3283
9439
5987
6703
1045
8365
9681
8129
7501
7556
737
9076
6629
2459
3099
9015
7624
5873
2502
2830
7757
9725
6686
4861
9015
295
2274
9772
393
2341
1799
663
7933
7187
5466
7941
8150
3908
8452
4864
7222
1188
3935
5188
9495
6976
4391
9260
592
5779
2648
1904
516
6441
3856
4299
5572
3492
4389
1279
1986
7175
5386
4182
3323
4847
3819
4964
2165
9615
714
2848
4881
2913
5188
3715
6560
4561
648
2119
601
1070
2675
6163
3569
1531
8081
2633
7313
6057
5970
6651
421
9293
8650
8428
8669
6881
5336
4822
1349
5059
5664
230
3263
8664
7731
2351
4693
9912
9163
6715
4204
6029
9287
5797
9157
6017
2116
2146
7920
8560
6738
4219
2898
7937
3877
1975
556
4044
10002
4232
2397
8323
2688
173
8419
8355
2896
2949
175
6466
8391
7262
8382
5535
662
7673
4057
2353
6766
5594
5304
4921
3183
4765
1879
5016
4233
2401
5327
5526
6237
9021
202
3686
2886
1246
2997
621
5379
6460
7025
8236
6108
8117
9797
5187
4259
9136
4785
5859
4792
4786
1966
6063
7542
5491
8874
3859
6759
8583
701
5189
1862
3181
3318
8576
7094
6274
9288
6385
4335
8980
7569
7766
4049
1154
6343
5167
4704
9906
135
3696
8965
3812
3904
6083
5186
6683
8792
3552
9123
6358
7622
3655
1243
4542
477
4735
1895
6047
9911
9480
5220
5810
2190
6962
4333
8086
647
1969
9427
7110
4804
1690
8341
464
9586
9053
6449
3780
5596
1576
4813
7314
4507
6718
3363
7614
3942
2495
4759
6685
6623
8436
1825
4144
2319
4171
9408
5095
4796
2642
2133
1021
5599
4094
7027
8433
5179
7687
5654
3198
8255
8676
3474
795
5450
3259
8401
3171
2467
499
2359
5132
4741
6207
9832
9740
8177
1043
5275
8402
9566
7312
1448
1945
8375
8635
6801
473
4072
5553
9053
1758
1449
1926
4315
9216
3586
5631
4005
1948
3756
1881
8152
3774
9740
4080
6411
5700
8095
9508
7642
636
7092
265
2441
8271
706
3861
3457
1378
9473
6581
3338
5344
6383
8443
2062
1081
7411
5909
9682
6262
7016
1900
4746
1718
341
2050
5185
4630
1656
7732
9277
7529
6464
6820
1062
6591
737
1207
4511
3633
96
5552
4761
7208
4935
4378
2568
6852
7320
9272
5210
6503
9846
7563
1135
7091
4617
3821
3963
1529
4995
9989
1701
8371
2747
6246
8255
6705
7253
53
8879
7742
9378
92
5952
2259
8756
8734
6649
1069
2412
1212
8196
6216
111
764
7094
5497
150
533
7738
8570
2169
509
6361
3278
733
1761
1856
6387
1608
4311
3436
4225
3138
5614
4895
1375
1117
2096
8931
7350
2955
2135
2176
8589
1746
6964
9408
7948
8925
6121
9991
7058
6183
8991
1065
2292
608
8560
3699
8186
4242
5029
604
411
9168
4911
8079
7535
9564
7872
860
8865
968
7691
5427
4651
8017
3658
1012
6269
5049
570
2163
146
6218
5036
4774
1155
3223
6146
7643
1050
7446
369
8762
4292
8449
1337
7132
360
909
7867
8353
8729
4970
9200
4780
622
1834
5791
5673
9618
3576
321
41
725
5298
3074
864
3023
3696
5169
2958
4043
217
5121
8660
7160
9738
4541
7641
7387
2709
3667
5866
6297
2361
9710
5513
5800
3722
1529
6648
1005
2617
4176
19
3233
9559
9555
3525
4202
9723
2414
8168
3034
4053
2460
3215
1688
7320
2202
3619
8045
1857
7268
5509
6924
4218
945
1964
9500
1011
5861
5935
7972
1216
8508
9461
409
8858
6260
2045
7570
9674
4002
5842
8601
9246
1658
4068
8797
6761
1491
5867
5215
1866
7332
6412
668
5598
9134
3499
1830
5790
4041
7844
3172
2737
4590
4889
3121
3036
4883
4523
1435
9383
1522
7076
2567
4670
110
7866
3164
1589
9568
9965
7615
4413
6908
4356
7601
3185
9670
906
2234
5011
5536
2216
8683
1086
1504
3570
4002
1256
4175
207
2929
4397
1597
8785
9529
4600
2958
6670
7024
2282
2578
8104
2511
2432
7770
5885
930
5092
5101
5043
5581
7224
5864
2229
5830
5933
8982
206
9533
4956
835
73
2626
7060
9077
9475
35
4599
7094
5852
235
7704
7906
3806
5625
9585
4141
1670
9075
8321
7742
6339
5555
9856
7327
7939
5583
6154
9748
4044
933
7880
3030
7734
6533
3617
5577
8936
7355
639
2976
8828
5784
213
7221
4354
1936
5069
8872
4232
1715
9375
686
1723
5492
7014
3474
224
1834
1149
3381
2893
16
4224
4591
1073
71
206
2793
9825
4952
310
6061
1506
1877
5208
4899
5999
7286
1345
6547
9061
4263
7552
3887
6390
7655
6289
9387
3738
109
4244
8502
3642
6926
468
1617
7453
637
315
1998
3007
3637
1401
1566
8333
6390
8268
6421
5235
9886
7396
5631
2855
6478
9438
8705
9596
9776
1019
4555
4934
6230
3086
4144
1836
7901
1999
2723
7478
798
1181
6861
6684
4408
3171
7240
6424
9341
6121
8779
5678
3932
2135
1451
1579
2333
9548
9786
9810
8603
548
5849
1539
2167
6407
8640
7776
7064
5283
5167
5053
7700
3987
469
5822
7799
7917
821
7502
4881
4849
9201
8318
3521
4814
3552
8405
9717
7928
5237
1117
1087
6696
966
5510
7739
4713
6243
7394
2035
9400
2797
7797
6577
9620
2836
7943
2372
512
1170
1818
6841
8600
8664
7700
4829
7331
3618
3411
7468
9319
5778
7873
9078
5033
4185
4765
8439
425
82
7569
4094
2026
4501
3987
7607
8002
5220
1190
173
8153
4350
3409
7846
5120
4987
6742
2189
5442
5270
8018
2286
1710
6082
6462
1827
9716
6839
9149
6524
8314
6295
6707
6237
864
9707
3364
4287
6044
3375
3975
6690
5401
5597
8779
9616
6540
4989
6771
6108
7025
5043
4153
8187
5968
9094
3797
1419
3263
245
6481
3782
3534
1565
2227
1454
8786
8551
2663
4390
7438
5785
4165
9128
1852
5366
9382
467
5988
2691
9144
7579
2211
2074
3363
5540
8484
3173
1541
571
586
9926
4529
7415
4150
1344
7798
8196
2588
177
4817
7134
1778
434
5607
7315
7922
3908
9206
3872
1032
5946
4351
1517
6795
8469
4462
1106
2113
2943
9200
7322
3283
7750
8826
2467
3448
2200
809
1193
3461
6352
2452
1828
3513
6652
8815
3932
331
4820
4668
1940
3900
7694
7231
6248
5502
786
2821
7725
1213
1518
9739
1920
5590
3882
7059
995
1914
9630
8201
2454
3384
7874
664
3526
5492
7120
8390
3562
1786
2708
5952
3218
6848
7856
1887
3717
8908
660
2369
1989
7497
2528
7818
5330
418
7552
1372
6958
8510
6941
9550
2489
3289
3306
4782
7453
193
1276
8081
5324
7913
7742
2013
817
1878
3605
7014
4434
8801
3675
1468
2076
8806
2515
5453
5451
2712
1362
2130
2737
584
9175
8921
4083
9767
2851
432
2123
1719
5236
1748
3130
2985
8475
8468
3021
3349
7387
3205
2237
2426
6014
5632
4847
6796
2228
9948
3865
9339
2474
6251
4113
1692
9948
8040
9868
2169
1344
1664
1242
8176
137
5367
7267
1426
5677
1283
8034
1460
2365
595
5228
276
1963
4580
1205
8344
5791
7229
5274
228
2892
3897
4962
2643
2966
1539
1702
3057
1883
9899
3598
4716
8096
7006
8862
3964
1175
7477
6532
36
7734
4154
483
7857
923
8278
7726
9153
9568
9773
438
356
8012
6829
5919
388
917
9201
9096
2637
2520
7546
4006
1713
4615
8827
574
5424
440
8650
2894
4952
1199
987
3780
7544
2186
2051
3138
7034
8224
5309
4579
4007
3373
3735
4080
3011
3456
9946
8324
9082
4270
9434
2442
1833
1074
9033
3786
3036
2972
2424
6005
4597
7120
5771
2721
2965
2673
6676
3680
8802
4284
6396
1673
851
9733
7967
828
7286
8616
4124
3190
9142
7303
8961
684
9595
3559
1158
4802
8888
4769
6342
9683
5613
5515
3149
928
7692
768
383
9532
8454
2359
5613
333
5270
2729
4374
7659
2284
7594
1866
8799
4853
4031
8262
1571
2549
4475
2024
5056
6737
4446
3849
1502
8423
5366
9076
3878
4770
9752
3861
5678
6049
7094
4877
8481
3430
2058
1266
985
3494
5976
7659
5248
3377
2623
7200
6669
6478
9390
4998
9050
9539
7537
1549
10006
1282
688
5076
3124
9120
4795
1547
1848
5249
5636
6931
3390
8371
1931
1334
5420
6970
4505
9584
4576
2802
4512
174
1956
840
6191
301
1576
215
1405
8012
8614
280
1637
380
9837
9829
4465
7826
3734
3708
3058
6451
9626
520
2899
8918
3670
4764
9024
9229
4807
3754
2193
9204
2374
1001
1198
2438
1333
5772
8425
3692
571
7821
4721
2804
7479
9672
37
6199
971
1118
6736
6834
973
1257
5730
7749
3119
9138
5406
122
1345
4846
1954
3205
2869
4443
8123
9643
9208
4590
5951
5329
9729
5017
5519
1671
8244
2266
9964
9469
7988
2186
8707
1139
5608
4147
8496
935
2904
906
5028
4112
5966
6390
8008
881
7034
1473
1532
8654
7818
8067
6903
4936
4853
7015
9773
3714
8666
7644
2106
3342
7102
8825
7353
4531
7436
2642
9184
6869
5445
9041
1270
3392
3452
3507
3537
9918
7887
4491
4853
991
514
3247
790
3565
7629
3686
9206
1681
5810
983
2732
7037
6064
8371
4571
5486
8191
3387
739
8152
9793
660
7497
5179
5702
4998
797
7307
158
7992
1028
4506
7348
3752
2795
2355
99
8582
2255
9407
4985
4063
9440
6760
530
7766
5700
3710
9106
1176
1683
5767
5170
2868
8555
8981
485
826
6730
5397
5760
7445
2922
6391
9677
7651
7173
8984
7556
4575
759
6
9747
5235
1011
9021
1126
1339
6123
5065
851
3695
2885
3064
135
9949
458
528
8284
3876
8704
2570
9787
5372
5712
7311
3973
7658
5378
6470
5159
961
2338
3162
4392
3138
5183
8954
7627
1687
5240
5931
7182
9500
7626
1071
4947
5020
8209
5994
8212
5060
6165
4877
3865
1689
2473
3293
4002
6804
8046
9818
7428
8346
2349
7034
1575
4522
4580
7324
3081
7838
9345
6206
4761
1590
9455
613
9374
1210
5904
6435
7847
2244
6671
9346
3899
2875
9949
3850
4345
8873
5031
423
9067
5902
7143
8753
6364
5198
9107
4395
1119
4136
6390
1607
7796
5669
6358
4078
7056
9706
5581
2861
681
6087
6773
9530
6702
9476
5466
6227
6260
1175
8520
7206
1673
3633
6000
6343
8954
1357
5482
6972
5028
8578
9238
4736
6593
7516
8870
6117
9847
194
2750
7285
6000
8480
7535
9942
1588
2147
7774
5476
5919
6844
5642
916
2577
1782
3649
9900
8652
9573
9542
573
8459
2598
1398
1684
3840
6444
3616
5689
6832
3215
5534
9836
9475
988
6199
4859
7270
6641
8183
6744
219
3390
2852
2125
3442
6051
8517
4199
3210
2299
4530
1799
8087
4490
3450
3837
7372
8297
8048
1608
9532
3143
9184
7390
4715
3298
3879
8282
2198
7114
8365
4455
8815
3833
4059
8762
7770
8990
394
3365
4926
921
5878
5161
1921
8271
2287
6552
6708
9069
7739
502
3101
9409
4219
256
4976
8870
4963
9594
7576
3862
3438
3841
3393
9024
325
9694
7002
2027
7259
5214
7204
2773
7287
1283
2660
9723
9115
9963
9879
3251
1961
6392
6439
427
8825
903
5045
8989
4178
4734
7998
490
9488
7032
7094
8823
2060
4854
8044
7384
1830
1790
1950
3203
1082
5364
8127
1840
4890
239
6599
1392
9796
7116
9829
9910
9610
5319
8363
3724
8083
5979
3165
63
836
6520
1091
3921
3496
6910
925
864
5653
3483
4072
9710
5203
7474
3783
5307
4372
6176
9729
3480
875
1327
9337
1297
2216
2946
1105
2142
6364
7367
1814
8670
4538
2430
5662
5889
6621
2791
62
6671
1984
5035
7973
278
5136
4753
3872
1873
117
368
348
301
93
4830
1852
6997
4818
5166
5985
8514
6834
9816
7042
2612
9371
7958
2112
1343
1322
2718
3204
4446
9271
2502
5014
1888
5925
9165
3089
6384
9333
6223
2504
4993
2364
5069
8299
2153
6658
979
822
2557
8048
1239
5015
7729
7119
1178
9837
6819
8424
6632
8616
526
3587
9118
9839
4504
9434
2037
4746
5915
7121
9781
1529
7625
9007
6357
1981
6537
1148
6620
1346
6682
4468
7364
6287
1464
2732
4893
5335
1961
497
9408
7911
8124
1885
3971
9436
4142
6014
2302
7861
9126
39
5762
5673
2213
2537
1904
745
2170
7265
5663
1324
784
4369
8768
6351
5438
9689
8041
7313
2544
8609
2066
121
8880
3909
5619
4579
2168
9265
1645
2376
5445
7299
7869
739
4903
1937
6960
9215
1118
4105
2009
5841
6554
6331
1761
5197
8269
5342
8734
5357
593
8045
6815
4930
5586
8724
6133
3311
6901
6462
1339
4664
1301
4015
9684
5786
9238
2044
7357
7781
9816
4210
5036
2339
924
2118
7571
9727
4444
1571
6028
9611
1067
7189
4168
1629
6619
2576
4425
2501
605
2577
5184
6223
1925
5994
6543
4688
1904
4400
7819
931
7861
9505
4373
7263
9885
2121
1672
7722
8752
3791
720
3106
9942
5751
6706
7418
9127
1768
7764
6663
8163
336
9585
3744
426
4023
8367
6975
6947
5511
7747
147
7278
2500
7760
6034
8446
3831
6145
4310
6453
3300
7383
260
482
9248
4570
865
9409
1474
98
9802
9046
4220
6055
1651
3966
964
3874
449
5552
6138
1207
8615
3373
7991
8551
4383
3834
5437
1746
1318
7023
9191
6786
6535
3134
9676
9825
5673
6499
3999
5940
2117
2421
4041
6426
1818
9690
6229
8579
3605
3759
2038
2583
4289
5013
1913
4702
1181
7795
5815
9465
4330
7638
5561
4049
1580
5793
2215
6367
6547
9587
3705
1189
9765
8121
4074
7842
7095
588
984
2838
3630
3071
3352
162
8276
6806
3833
6496
794
8367
4417
9822
2951
1228
903
9096
5604
8434
5942
6268
8208
2819
3347
3227
1354
5804
4380
8641
2778
2775
8868
8032
3606
1200
5469
7828
5600
1243
9891
2920
8384
8523
8169
2375
5318
2781
8663
2421
840
1558
1443
4080
6764
4099
3311
6996
8593
6282
3069
961
9960
3207
3784
57
2623
2555
1536
2011
3632
8488
5800
8740
3775
1612
6752
662
3383
6049
9440
7820
3421
9091
2233
1821
5271
3763
2248
4276
9093
433
4058
8399
8807
2206
2090
1763
6738
2570
8158
5553
5593
4262
3563
2523
6917
3515
9988
5171
9930
71
9859
8810
4581
2693
9687
3830
8456
1167
919
4498
4145
1689
9446
4054
959
7403
5619
5161
1578
6098
4121
9104
4004
4159
8573
7150
3128
1514
738
9461
4606
3412
5751
3739
6232
4796
2248
1924
9615
8462
3102
9624
5152
5007
7459
6045
9523
977
7147
3204
1371
5135
2290
13
8600
5147
6802
5627
8992
7538
6545
7123
7489
7205
586
1027
525
9732
7056
9736
5416
4085
9172
4190
595
9046
5115
7835
1405
8736
341
7858
2860
7716
5539
6295
1600
1587
1871
2171
5032
2114
1367
2042
8314
9907
6434
9824
4334
6430
2148
6814
2689
6527
9616
7531
7542
7697
6347
4812
4002
9217
2292
2474
2556
2956
6616
2016
2021
6077
2430
4080
8583
2265
2648
2246
6321
2331
5894
3135
5932
9930
5212
69
5178
9260
899
6299
3835
6370
6185
1360
7873
7761
9297
2621
9943
2800
9808
23
4883
3516
8869
9580
3332
1636
677
3171
4947
917
578
8744
8431
7938
2041
7198
6541
3286
7826
9842
6594
6416
8028
279
3469
7668
3449
2146
9004
9721
8481
7719
9661
5094
7593
8105
8044
8381
473
2656
6566
4621
9988
2462
2562
7896
5612
3008
7728
514
4317
6246
3813
1920
3234
1896
7374
4729
9740
4193
7725
5312
1703
9995
5542
3899
8798
4230
7096
2668
8758
2818
7197
3477
2119
1561
3743
7272
6875
8235
9923
9579
4379
320
6048
8405
9286
9855
8653
4611
4824
2337
8650
5591
3963
4520
6993
5642
6864
4314
2517
3299
2631
3397
1668
4499
6918
3475
1815
5832
1337
4514
9662
8868
1412
7047
1243
2924
7950
4527
8067
2850
4912
4309
5394
8946
7355
8404
9934
8834
7760
2842
3397
5057
9523
9964
705
811
8436
2920
8368
2938
2795
2635
6311
5532
9651
8391
2941
9779
627
8803
8598
5927
6537
7840
5235
5167
1078
200
8692
2809
2312
4520
7894
2302
5292
6027
6128
694
6506
9432
470
5543
1254
1483
7861
8709
3822
1166
5759
4796
6493
2488
1923
8939
1207
1626
1716
1817
1287
2182
3825
7253
2605
6993
7543
4465
3650
1644
5997
872
1758
5452
4769
9849
2766
8882
7483
845
8829
2355
6235
3866
2104
2535
5475
6846
7659
567
7104
3468
7450
4329
424
3648
5448
9864
3774
89
4169
7292
3610
7598
1743
6912
8173
2331
8665
371
6184
1945
8462
8624
8149
8981
3090
7102
1740
5680
7240
9102
6527
8640
187
1277
1319
7269
5617
647
3806
3855
1034
3186
289
9286
7248
5518
4427
6285
6602
9443
6477
5784
4202
3178
6534
9466
6280
6236
6025
4661
5919
8564
6672
3234
3733
8528
5087
8132
7396
8392
7360
8962
8757
8967
4162
7667
2347
367
7547
1539
2151
528
9467
354
7777
6636
3267
8315
4110
2166
3564
7437
9855
3293
2867
7449
4914
215
7893
4164
8968
8968
4126
9314
2647
768
3083
350
414
906
1654
8351
4284
9936
5796
2418
9877
5985
1055
354
9402
8169
7725
3179
1285
3810
3543
3688
7985
6190
2473
5089
9274
256
578
4522
5816
7118
8437
3262
4910
1991
765
354
8195
8369
2950
333
8543
7259
9111
389
4045
8485
4039
1745
5003
6937
4526
8785
9622
305
6072
5896
7368
9262
4012
5384
4947
3333
2026
4975
8985
173
2214
9533
2566
1351
4419
2528
5798
1074
8678
7980
5088
3103
760
1485
80
1105
9381
203
2219
534
8914
9871
1969
1950
9242
4023
237
4606
77
8202
8900
3176
1738
5370
5305
6191
8299
7757
5528
8976
7150
780
5934
3552
8314
8157
9139
5848
8255
2029
1226
3904
7430
5075
6141
4141
7501
3122
7980
178
7126
9531
1480
4030
5114
9568
5222
1574
4560
432
7633
9924
6114
160
6011
839
6851
4414
7277
7852
4475
4193
7235
8862
6853
515
1232
1124
8297
4278
3138
9523
5783
5418
6268
7721
5343
3968
3932
6141
2480
7853
8966
1477
9318
8348
5661
5108
9330
3350
8911
5370
1965
7109
2658
9650
3351
4170
28
5862
1021
2039
4554
947
5040
8626
670
2979
6111
361
992
7383
2059
6907
9578
5667
3352
31
3699
8903
8286
1814
6742
2453
2390
4456
5912
1256
9601
151
3096
1221
4550
985
7909
1421
4138
6914
6619
4728
164
2567
5936
8681
1581
7065
8188
6672
7705
1549
6749
9422
9551
9054
6363
8939
7497
609
3055
7998
7675
2417
7115
1405
3048
8652
3313
2584
7199
120
6897
7566
8480
1962
3370
9915
9567
2227
2087
8635
2764
805
4720
5590
2454
4710
2581
9387
7051
810
8010
4689
6160
4798
4207
3218
4044
2994
6297
2497
9597
544
6804
8907
4587
2550
5804
3064
9524
7320
335
926
8721
8346
8365
7704
6628
7831
7540
4122
2250
6485
7542
7266
5573
3289
9781
1067
7563
6489
6388
6205
3433
4229
1912
3535
1546
3344
5602
5971
4588
5473
6540
3164
6432
5395
7719
5158
8988
215
6682
2261
8228
8667
6566
3159
1394
9332
120
338
1785
2060
8192
4132
954
2814
7647
2252
6707
831
8865
4476
281
2082
3736
2897
5598
5448
2667
2015
2598
3516
1125
4681
1892
3381
5306
6749
3255
5814
3362
4125
2236
984
6231
3389
7706
8648
7603
3141
2288
3766
8875
2660
6515
4649
5126
5290
3850
562
6130
9122
9350
630
1484
7088
2696
7112
2442
7106
7366
3377
7320
6770
7807
8947
3429
9701
5326
2928
6620
6907
9638
9721
8806
3850
9598
8140
6736
1014
9922
4127
1189
5057
6437
437
9328
6427
6221
5851
3313
2251
4353
5707
5044
8336
5759
1347
1216
3761
6362
2483
7362
3203
5711
6460
5378
7134
4485
9364
7620
1309
9009
6914
5005
5088
2756
9769
1562
3544
9931
733
9817
2816
6414
6640
5565
2377
9170
5975
8107
6437
7492
161
8787
5269
1096
5511
4218
5239
8750
1867
771
4721
4421
2701
6000
3986
3471
1818
2557
5711
2093
7123
7228
2826
7895
1602
6156
1020
6877
1627
3433
2183
2167
6911
4821
8150
385
9588
9608
7974
3193
6349
7504
664
6879
6509
5164
6810
9905
7377
4553
1357
88
2654
5469
9620
151
5359
3763
8942
5603
7976
9122
1575
2916
9548
3872
965
5236
8409
6446
1047
4857
4907
2075
1473
1996
7726
2434
9649
1983
6297
3915
1739
323
5166
9417
9481
8377
6274
2417
3812
9697
7891
3933
6513
3547
5034
6140
5401
6419
6827
2203
5438
2222
2439
5021
269
2784
8426
3690
1671
7750
7571
9699
8843
3757
6529
998
3903
3189
4514
8125
8991
3022
2140
229
9643
2204
3333
3633
2155
8165
7068
9250
110
9671
8067
7433
4068
4279
2370
6883
5027
5037
6831
247
7278
8738
4976
697
2807
5000
8101
7738
7513
8949
6007
2667
174
4030
2112
4363
6338
2249
2686
5186
5442
4163
5896
2609
3566
9047
1529
5422
8605
1269
8663
1518
5225
9774
5869
8972
230
258
9410
3671
8528
2253
2787
9139
6376
3071
7281
8709
8329
437
685
9074
7920
318
3598
8425
8650
5475
9760
6254
9733
2176
6657
8049
4999
9766
728
7597
8308
6186
5846
8700
9355
3760
5981
7735
1835
8649
8403
3461
9510
614
290
6892
5551
7113
2906
1350
1694
3863
3479
2934
4182
1396
2552
7618
8001
2956
5469
1393
9139
7383
8674
1382
1106
3467
4977
4178
1250
1121
4178
5356
467
4936
5395
3234
2116
313
2614
7625
2380
1666
143
2505
6050
9817
6981
1150
2550
7101
4817
354
6734
1414
2729
5848
1244
4642
1114
9224
212
2790
3187
3880
5430
8327
6941
7774
4267
631
20
2407
1253
4084
8507
9669
3627
2971
1144
528
6507
3826
4109
9298
1024
5966
5426
3700
6629
4880
4417
3987
5856
3680
5659
1066
2906
9189
711
7661
8081
7032
1139
8225
8510
7090
923
2462
1894
1277
1039
5998
6294
4284
4612
3846
5074
3430
6420
6690
6861
351
5307
6602
1287
3625
2904
4079
2108
4109
9781
3433
4668
2866
2432
9923
8262
8028
3368
517
9968
8313
2415
8719
2681
8795
9543
4700
1261
6212
8836
6308
1770
7198
7
3156
5399
5124
2584
140
8684
7206
7345
1024
9584
1488
1101
3435
7596
3001
6757
6582
6853
4283
1991
5534
2807
9663
7636
7388
1152
5832
4593
8801
5369
6088
8599
5585
3301
8151
4259
7598
2384
7698
6700
6310
9434
4182
1181
1285
8580
4825
4463
3525
3625
2577
4358
5421
7110
6610
9420
1490
9396
5361
7921
6713
8556
3995
241
5537
7636
3145
2304
3806
1648
4850
8365
876
8866
6750
5390
6280
2146
5475
1064
1811
1544
7827
2256
8759
9765
8023
5579
5412
3437
5792
7900
6097
1674
3036
7013
3726
4238
4559
7605
9227
8947
7625
9942
6986
9868
5266
5765
2340
9176
9984
5347
4305
4891
2450
5194
654
1291
7353
367
2337
8442
8247
9211
1831
3031
2890
6015
1086
4003
3853
2654
7231
9085
4515
2667
4641
5764
8339
4593
1780
3033
1053
531
9770
3868
9186
6829
4419
1383
3131
90
9366
5129
2226
4609
1489
5572
2748
7107
9773
5798
666
2337
277
9373
5816
5238
5531
4620
6855
5461
6681
8819
1087
932
2358
4682
5446
9781
1543
5696
653
8204
4445
5394
3745
4279
3842
9204
5948
3676
7895
8528
9012
454
7972
3632
3565
4725
2379
8114
5718
4051
7928
6040
9896
895
440
4505
6510
835
3012
5264
3172
7100
6961
43
491
9428
9561
1123
2079
1805
2675
2500
7250
6681
1092
4798
113
6971
3533
305
1984
7809
9846
4191
9624
5439
305
2339
914
4490
9089
6090
4941
701
9414
5117
2882
2284
6424
745
6577
7864
9108
1734
7867
1493
4741
6913
131
7073
154
2717
6279
4967
9599
3215
2767
5327
2107
1065
925
5990
1098
9208
1387
3666
854
1736
3734
601
6708
90
3136
5197
5974
3336
4297
457
6806
7068
8006
149
9139
4931
3141
3448
9796
9356
3269
1096
9290
5015
1802
9127
3126
1150
1176
4771
6556
488
4115
755
5874
2700
4969
7849
9325
7251
8530
6024
8829
4762
8665
4926
5250
4918
4328
4109
4544
1474
2155
9071
6931
9601
4896
653
2239
2552
4845
2712
3800
7560
6148
6610
1142
3847
9255
3431
3413
3599
8824
4196
5895
2058
9061
6157
8823
9731
4742
5789
4334
6313
694
770
6948
2890
2069
4894
9548
1033
2176
7388
8246
7637
8112
477
1250
7043
5974
7581
2808
8842
9455
5126
8742
9707
2932
5079
489
3305
3318
2152
6616
8085
1499
479
6805
1811
9924
5735
8864
7004
785
7153
1830
2102
7029
7211
9813
8436
3419
1845
7412
864
5682
3320
9464
5870
2005
5812
7225
5709
5779
6047
5205
2762
5946
2606
9402
2569
8698
6585
5294
791
2672
8083
5278
1196
5932
5741
3022
2651
4687
9287
6289
1407
6758
4913
9149
273
3154
928
8434
1300
168
7415
8876
9166
3000
4953
1688
9686
6418
9193
9724
4465
9720
5262
7014
292
1523
9755
3413
1092
7481
6861
6514
9053
6176
8587
7157
9416
6691
7948
374
9184
4314
2005
6410
2360
5189
4860
5676
7089
4982
849
6012
4711
2271
316
5786
1337
2393
8654
2465
837
4640
2006
5517
7737
8041
9199
3593
4965
7423
804
5075
236
8787
578
2396
4381
5144
9308
473
8086
8252
550
7125
5533
9185
9309
9116
5263
5937
3553
4829
623
1169
9367
1476
9149
5010
2098
9096
8832
8785
9742
7918
1420
1173
9070
3518
2250
730
2809
6094
414
565
4676
3389
4703
1490
888
2705
4508
8660
1410
9774
4979
4352
7774
4472
9137
2746
8391
1020
9638
1357
4079
3189
6554
2577
6503
3311
8245
4133
4338
4875
856
2138
5640
7849
8941
387
9384
3086
8396
675
4205
1445
2783
6250
3440
9193
5669
3513
5949
4317
3387
7076
3271
5654
3193
4356
9604
2149
6707
350
7514
6597
739
6579
482
8299
6024
3398
682
7059
4851
3914
6048
6518
5880
8809
4755
4935
4116
3882
4632
8042
751
1391
4516
7439
7139
6493
7161
3269
237
9324
6786
602
3598
3989
2552
7384
3778
1569
4192
4082
9848
4130
2631
6793
553
4061
3134
6176
6103
79
5900
6351
3593
312
9559
7753
469
7650
186
585
8270
3331
2580
5055
8813
1541
5588
5180
6570
564
2597
7403
1424
5438
6478
467
3791
1149
7382
520
4303
5430
6206
9967
148
3680
1985
425
6876
5794
5147
9249
2807
5238
5318
4926
5392
210
1993
7988
1436
1347
9023
1707
5142
6210
2126
7238
751
6013
3858
9397
423
7814
1814
3348
5460
4466
6320
8333
6717
7164
6300
6455
6045
3633
8461
2931
8769
9390
2019
8930
605
4100
184
3825
4459
1704
381
3056
6250
1748
6393
5389
1528
6881
6106
6307
7148
2395
4682
6444
7086
6812
8171
8981
4507
587
242
5162
6623
1914
6443
3824
5990
120
3678
1802
2268
2116
2329
3124
115
8146
4167
7648
789
1746
5701
8514
7391
5347
9328
1440
9261
9279
9882
3495
5290
9362
8723
224
8332
7124
4476
6947
6803
4389
6827
8133
4346
3848
5968
5227
6938
8934
6502
1470
7583
224
284
8338
1529
3426
1602
1175
7659
6615
8365
6223
6402
4096
7397
8833
9239
9405
3544
5288
6439
6481
9175
3081
930
8228
8006
2941
4104
4826
690
2087
6142
3344
2274
2903
287
31
4865
7370
8709
3418
8149
1036
5462
5111
7083
1846
5520
9104
7354
3485
1301
686
462
545
3902
6339
2291
2437
6608
2287
8487
5331
8779
7186
8858
3434
7196
2648
9296
4305
873
7290
4724
5475
4997
9960
6941
9614
5469
723
918
3816
9602
5348
3103
6851
4098
702
511
5820
3565
9852
7222
8784
7258
7992
9215
450
5492
1766
30
73
2155
6167
9062
8185
7150
4144
5886
1904
7751
5200
4370
812
1726
6447
2566
3845
2846
6250
1297
6274
2957
1907
5142
5901
8258
329
4904
3792
8368
9358
5243
7687
6551
6032
7914
4695
3592
1683
4895
2912
3888
1886
4661
2755
6182
5175
5458
8803
827
7425
8549
6311
5081
3533
8009
414
656
2416
2649
7688
4444
2568
9064
1020
1312
467
4688
1270
9207
2295
8932
1180
7122
2564
1024
7883
5647
2900
7382
8282
5861
9456
4612
6870
2137
8233
1191
2932
8659
7178
7821
5247
4003
9883
7763
7028
320
6820
4361
3998
7668
8041
7902
3910
3263
2076
2656
6297
5916
8222
3447
8496
5120
5057
9791
1605
2817
2818
7201
8058
3812
3869
2180
5041
2905
1422
3402
7491
6473
2890
9813
639
3834
6341
505
8
2488
2703
7648
4404
4882
1566
9659
4021
5877
1808
4228
8037
4100
1644
831
9926
2848
4626
2018
2646
5029
8611
9602
2019
428
7838
1261
4907
6075
7229
1472
7803
8252
5885
2512
8642
3471
993
6051
1518
253
7232
9974
7300
3441
3118
9440
997
3705
6311
4826
320
1707
9802
7735
7611
3974
618
3056
3539
1287
6192
6816
4705
4684
4104
1931
6773
9546
6720
9564
7164
2161
2315
4712
1310
7688
2440
5950
2935
2024
3136
4721
5188
5278
6218
2261
8403
126
2423
5410
9649
9508
5659
7194
8547
104
8991
1068
521
7411
2825
6442
6749
7767
3366
7778
8935
4058
2833
6385
1010
3642
571
1699
4598
1559
8299
306
3232
5675
4529
2902
3147
3541
8508
7020
6465
534
2617
7672
4238
2856
7817
2093
4858
7470
8342
8773
2119
9533
2890
8896
1289
3385
8726
1648
4794
6398
7083
642
4450
107
3016
8042
6091
6585
3397
5847
2277
5108
6823
1574
6990
3374
9705
1106
5914
2784
8831
2648
5544
7704
1712
6451
346
9217
9478
9912
7400
4624
3337
8243
44
4014
8057
8852
4572
6361
8587
1983
1559
1460
2757
3045
4279
5162
479
9673
3200
9266
6045
5431
646
5442
7249
2559
5268
410
3408
6129
2703
981
2884
8587
4361
2082
205
553
4088
7929
2617
8310
679
8463
3417
3114
4835
1084
8250
1207
7623
2595
4175
3580
2464
4180
3982
8078
5335
3715
3947
8405
9851
3461
1141
6889
9683
1530
3689
2206
5978
2771
279
3910
5704
4068
4881
4749
9922
2392
3924
9591
1621
9891
3304
8783
6895
3995
3099
6986
2338
8295
8719
2052
6434
3400
2338
6823
6566
5284
5680
5379
2084
7708
5134
4009
4124
4950
8947
2939
725
3863
7705
234
4820
1846
7697
1820
8792
1766
5038
9442
4712
4122
7933
7091
4760
8501
627
324
2744
1258
9302
1092
5246
3814
3127
6212
577
2459
3435
6569
2992
4996
5873
1781
1821
3398
1741
9549
315
2536
3291
3923
1021
1581
6593
2027
9881
7966
6190
1752
3978
4134
1788
7351
5682
9728
7054
6756
6614
7245
3541
6662
6708
1628
7222
1403
165
2999
236
4798
3839
6429
8912
564
5649
4218
8587
2837
520
6965
9857
950
6118
4067
1185
423
6759
3872
7381
3458
6721
5788
6783
5063
2893
7963
9444
3303
1651
4389
8521
6228
7619
991
2521
6791
4924
7296
6123
1746
7896
2325
4347
1181
6200
923
9896
4967
8203
3018
6134
9488
4800
6766
2277
5376
7197
9567
737
8901
4520
9281
7336
7234
4171
2213
4136
2359
2066
5209
3456
9630
7284
8372
2132
3875
7959
2248
9672
449
9533
4942
8138
5238
5564
6499
5397
3140
697
351
10005
3207
1519
22
5429
6387
126
8956
607
9376
1609
8456
2070
8033
1794
6535
3830
9005
6505
6908
8056
732
5071
4454
8041
2039
4977
1722
9789
499
2713
1431
4124
6182
1006
3433
1224
6066
1362
7187
5460
4494
7735
6166
6827
88
6332
5046
4024
8443
1157
7089
488
9165
4683
9217
2488
1573
7769
7036
6508
9715
2254
7888
8323
8051
696
9706
1598
3416
5427
9731
8499
5126
6567
4972
800
9660
9918
7427
9241
1358
582
4164
8507
9526
8790
309
9997
200
5083
3561
6579
8112
833
62
730
1005
3692
401
5512
1269
3088
4387
2126
9452
6310
75
4991
1191
2986
2860
6767
2581
2543
8998
8729
5805
2619
9525
9460
4297
5904
295
7929
5758
5935
4427
7666
1023
7907
7245
5335
547
2104
8751
7803
8012
7017
8146
2187
9406
5738
7276
8498
3438
9464
8553
2385
6814
4401
5356
83
7946
6364
8729
8822
7529
8026
5749
914
1398
3244
7066
7509
3330
7050
6228
9470
6529
9183
6738
756
10001
1851
7251
3630
8932
5021
7771
9570
2943
3890
6507
5774
2045
6681
1737
5643
7861
3101
2106
952
7709
7267
8416
5028
8643
4841
1139
3561
3174
9673
1947
4122
8091
2270
3121
7631
2918
4963
9515
1567
505
6206
4594
1599
2614
3290
6016
3295
4909
8954
3212
3545
6120
9550
2866
8124
2071
4994
5293
4390
4906
4043
6736
6167
9735
2767
7897
6067
6549
786
1371
174
