-4.804689 3.603439
-4.782455 3.886409
-4.740688 4.111180
-4.676973 4.333633
-4.592007 4.548510
-4.486436 4.754249
-4.360904 4.949288
-4.216065 5.132063
-4.052708 5.300880
-3.874249 5.452064
-3.683105 5.584057
-3.480753 5.696303
-3.268733 5.788164
-3.048603 5.858993
-2.821926 5.908142
-2.590267 5.934967
-2.355385 5.938828
-2.122292 5.919541
-1.893800 5.877715
-1.671345 5.814000
-1.456469 5.729035
-1.250730 5.623463
-1.055691 5.497932
-0.872916 5.353092
-0.704099 5.189736
-0.552915 5.011277
-0.420922 4.820133
-0.308676 4.617780
-0.216815 4.405760
-0.145986 4.185630
-0.096837 3.958953
-0.070013 3.727295
-0.066151 3.492412
-0.085438 3.259320
-0.127264 3.030827
-0.190979 2.808372
-0.275944 2.593496
-0.381516 2.387757
-0.507047 2.192718
-0.651887 2.009943
-0.815243 1.841126
-0.993702 1.689943
-1.184846 1.557949
-1.387199 1.445703
-1.599218 1.353842
-1.819349 1.283013
-2.046026 1.233864
-2.277726 1.207032
-2.515111 1.203224
-2.755987 1.223506
-2.988688 1.267097
-3.212594 1.332733
-3.426666 1.419221
-3.629806 1.525394
-3.820866 1.650093
-3.998660 1.792145
-4.161971 1.950362
-4.309572 2.123540
-4.440240 2.310455
-4.552758 2.509879
-4.645933 2.720591
-4.718585 2.941386
-4.770632 3.174763
-4.804689 3.603439
0.0 0.0
8.877097 3.639061
8.856281 3.899594
8.779278 4.197084
8.648477 4.484697
8.469621 4.757804
8.322642 4.935526
8.157726 5.105629
7.974226 5.270098
7.772802 5.429019
7.554049 5.582438
7.318519 5.730360
7.066742 5.872748
6.799238 6.009530
6.516519 6.140607
6.219097 6.265855
5.907488 6.385130
5.582209 6.498276
5.243780 6.605122
4.893033 6.705404
4.621159 6.776475
4.249593 6.864970
3.866553 6.946534
3.472882 7.020888
3.069118 7.087828
2.655804 7.147146
2.233480 7.198632
1.802689 7.242073
1.363978 7.277257
0.917891 7.303968
0.464977 7.321991
0.006281 7.331101
-0.225993 7.332256
-0.458268 7.331101
-0.916964 7.321991
-1.369878 7.303968
-1.815965 7.277257
-2.254676 7.242073
-2.685467 7.198632
-3.107791 7.147146
-3.521105 7.087828
-3.924868 7.020888
-4.318539 6.946534
-4.701580 6.864970
-5.073146 6.776475
-5.345020 6.705404
-5.695767 6.605122
-6.034196 6.498276
-6.359475 6.385131
-6.671084 6.265855
-6.968506 6.140608
-7.251225 6.009531
-7.518730 5.872748
-7.770506 5.730361
-8.006036 5.582439
-8.224789 5.429020
-8.426214 5.270099
-8.609713 5.105629
-8.774628 4.935527
-8.920202 4.759684
-9.046900 4.575798
-9.193397 4.294331
-9.288988 3.998812
-9.328272 3.693936
-9.309627 3.395174
-9.236019 3.103889
-9.110476 2.821430
-8.937406 2.550999
-8.794143 2.373816
-8.632457 2.203386
-8.451482 2.037822
-8.251633 1.877129
-8.033263 1.721343
-7.796682 1.570536
-7.542177 1.424818
-7.270018 1.284328
-6.980472 1.149236
-6.673806 1.019733
-6.351226 0.896373
-6.015506 0.780131
-5.667443 0.671113
-5.307729 0.569391
-4.937354 0.475119
-4.651980 0.409117
-4.264112 0.327967
-3.866909 0.254384
-3.461378 0.188536
-3.048224 0.130529
-2.628156 0.080471
-2.201885 0.038471
-1.770121 0.004641
-1.333578 -0.020904
-0.892967 -0.038049
-0.449492 -0.046673
-0.225984 -0.047763
0.006281 -0.046608
0.464977 -0.037497
0.917891 -0.019475
1.363978 0.007236
1.802690 0.042420
2.233480 0.085862
2.655804 0.137347
3.069119 0.196665
3.472882 0.263605
3.866553 0.337959
4.249594 0.419523
4.621159 0.508018
4.893034 0.579089
5.243781 0.679371
5.582209 0.786217
5.907489 0.899362
6.219098 1.018638
6.516519 1.143886
6.799239 1.274963
7.066743 1.411745
7.318520 1.554133
7.554050 1.702055
7.772803 1.855474
7.974226 2.014395
8.157726 2.178864
8.322642 2.348967
8.468216 2.524809
8.594913 2.708696
8.741411 2.990162
8.837346 3.287249
8.877097 3.639061
0.0 0.0
-9.327209 -1.123351
-9.559703 -0.929849
-9.789619 -0.785469
-10.083572 -0.622525
-10.449608 -0.441938
-10.645398 -0.352410
-10.847126 -0.263995
-11.055297 -0.176009
-11.269429 -0.088239
-11.489164 -0.000428
-11.827633 0.131578
-12.293503 0.309395
-12.772946 0.490881
-13.261557 0.677375
-13.630907 0.821152
-13.877522 0.919180
-14.124360 1.019359
-14.370566 1.121731
-14.615619 1.226468
-14.858993 1.333738
-15.100164 1.443709
-15.338609 1.556546
-15.573801 1.672412
-15.805441 1.791580
-16.089023 1.945356
-16.309331 2.071798
-16.524813 2.202275
-16.734273 2.336579
-16.937189 2.474851
-17.133037 2.617223
-17.321305 2.763827
-17.501482 2.914786
-17.673064 3.070223
-17.835559 3.230256
-17.988489 3.395003
-18.131390 3.564585
-18.263814 3.739128
-18.385331 3.918773
-18.495524 4.103671
-18.594009 4.294016
-18.680385 4.490007
-18.754274 4.691896
-18.815289 4.899972
-18.863015 5.114544
-18.897025 5.335969
-18.916843 5.564600
-18.921961 5.800803
-18.911838 6.044949
-18.885893 6.297364
-18.843521 6.558356
-18.784104 6.828210
-18.707016 7.107168
-18.611633 7.395442
-18.497336 7.693223
-18.363515 8.000677
-18.209575 8.317962
-18.034931 8.645216
-17.839549 8.981618
-17.681912 9.239626
-17.467996 9.594289
-17.256391 9.950995
-17.047144 10.309019
-16.840155 10.667881
-16.635281 11.027169
-16.331862 11.565604
-15.737803 12.634702
-15.157843 13.683915
-14.778110 14.365248
-14.496554 14.863681
-14.310242 15.189039
-14.124719 15.508671
-13.940046 15.821820
-13.756139 16.127986
-13.572913 16.426683
-13.390289 16.717406
-13.208187 16.999661
-13.026647 17.272770
-12.890876 17.471226
-12.709512 17.728095
-12.528741 17.974124
-12.348181 18.209295
-12.167785 18.433105
-11.987510 18.645052
-11.807331 18.844631
-11.627231 19.031341
-11.447208 19.204692
-11.267274 19.364199
-11.087461 19.509391
-10.907805 19.639833
-10.728365 19.755102
-10.549196 19.854827
-10.370333 19.938695
-10.191793 20.006436
-10.011397 20.058593
-9.737352 20.106064
-9.468591 20.113451
-9.199988 20.082336
-9.023818 20.040761
-8.837898 19.980382
-8.648731 19.900856
-8.455948 19.801361
-8.259332 19.681067
-8.058774 19.539175
-7.854257 19.374944
-7.645810 19.187692
-7.433491 18.976796
-7.217357 18.741683
-6.997463 18.481819
-6.773847 18.196695
-6.546982 17.886417
-6.433236 17.723003
-6.317157 17.551059
-6.200164 17.372447
-6.082253 17.187105
-5.963419 16.994977
-5.843663 16.796008
-5.722972 16.590135
-5.601347 16.377305
-5.478779 16.157458
-5.343625 15.911908
-5.273225 15.613847
-5.214525 15.202704
-5.147187 14.779564
-5.079796 14.379554
-5.012333 14.002251
-4.944780 13.647226
-4.877114 13.314047
-4.809307 13.002271
-4.741326 12.711452
-4.673060 12.440868
-4.587567 12.131576
-4.518578 11.905333
-4.448901 11.697404
-4.343818 11.421544
-4.236283 11.184169
-4.123992 10.981924
-3.963803 10.767007
-3.731227 10.585874
-3.417558 10.532807
-3.121945 10.658933
-2.908961 10.862001
-2.752193 11.073866
-2.584171 11.357484
-2.436348 11.651938
-2.289437 11.982496
-2.142705 12.346538
-2.068818 12.541429
-1.995045 12.743103
-1.921086 12.951890
-1.846918 13.167417
-1.772518 13.389311
-1.697869 13.617194
-1.622917 13.850795
-1.510031 14.210645
-1.358472 14.706417
-1.205591 15.217745
-1.051340 15.741389
-0.817251 16.543011
-0.579552 17.355067
-0.419137 17.896404
-0.257020 18.434264
-0.093217 18.965220
0.030670 19.356668
0.113776 19.613716
0.197434 19.867574
0.281544 20.117514
0.366107 20.363124
0.451124 20.604002
0.536596 20.839733
0.622520 21.069907
0.708894 21.294113
0.795711 21.511931
0.882965 21.722948
0.970641 21.926736
1.058727 22.122879
1.147200 22.310940
1.236554 22.491586
1.416542 22.825982
1.527692 23.011651
1.663403 23.216680
1.798567 23.395809
1.934282 23.549824
2.115741 23.713647
2.290076 23.820893
2.455070 23.872644
2.606522 23.871358
2.749048 23.824189
2.897878 23.731780
3.062541 23.584272
3.195265 23.432459
3.340995 23.234764
3.491989 22.994252
3.594182 22.810990
3.699913 22.604620
3.807115 22.377688
3.915649 22.129878
4.025413 21.860867
4.136326 21.570325
4.248330 21.257912
4.361380 20.923282
4.475441 20.566080
4.590390 20.186270
4.647991 19.988463
4.706144 19.783761
4.764533 19.573146
4.823196 19.356432
4.911712 19.019764
5.030440 18.549945
5.149992 18.055835
5.270475 17.536644
5.391889 16.991988
5.514234 16.421481
6.028986 15.906875
5.637476 15.824902
5.891463 15.356869
5.760850 15.851190
6.149907 15.758266
6.268549 16.235625
6.385509 16.689327
6.500950 17.120375
6.614894 17.529190
6.727365 17.916197
6.838384 18.281812
6.947970 18.626458
7.056077 18.950351
7.136151 19.179797
7.242065 19.469479
7.346394 19.739155
7.449332 19.989808
7.550870 20.221829
7.650990 20.435610
7.749662 20.631544
7.847279 20.810861
7.991717 21.049390
8.131341 21.248573
8.266820 21.411920
8.398858 21.542378
8.569362 21.667891
8.726232 21.736791
8.907320 21.758581
9.063192 21.721001
9.218195 21.641337
9.348650 21.547736
9.493748 21.420807
9.625188 21.285405
9.781180 21.102741
9.938561 20.896911
10.097626 20.670560
10.257780 20.427651
10.378357 20.237061
10.540768 19.973001
10.785880 19.566346
11.034228 19.156226
11.160152 18.953151
11.329374 18.689029
11.500808 18.435087
11.635451 18.247648
11.806698 18.051633
12.024914 17.887321
12.314073 17.785593
12.610209 17.792413
12.889149 17.887760
13.102663 18.013272
13.327286 18.189337
13.520592 18.372524
13.707130 18.572969
13.887638 18.785170
14.061956 19.003229
14.269826 19.274123
14.505377 19.584420
14.686417 19.814156
14.819949 19.970267
14.990610 20.139157
15.188676 20.263111
15.191137 20.082113
15.102949 19.965005
15.122572 19.768262
15.139028 19.420146
15.136792 19.014980
15.129130 18.778098
15.116769 18.513780
15.099569 18.224394
15.077406 17.909256
15.050161 17.567659
15.017719 17.198882
14.979968 16.802192
14.936793 16.376843
14.888087 15.922087
14.833750 15.437269
14.804383 15.182896
14.763329 14.797043
14.740630 14.543176
14.721716 14.293329
14.706478 14.047131
14.694835 13.804551
14.686708 13.565554
14.682017 13.330106
14.680685 13.098174
14.682631 12.869726
14.687775 12.644727
14.696038 12.423145
14.707340 12.204946
14.721602 11.990098
14.738743 11.778568
14.758683 11.570323
14.781342 11.365331
14.806735 11.162840
14.864822 10.769558
14.932590 10.388035
15.009293 10.018743
15.094278 9.661422
15.186891 9.315811
15.286474 8.981649
15.392370 8.658674
15.503918 8.346625
15.620453 8.045235
15.741312 7.754240
15.865830 7.473372
15.993340 7.202363
16.123068 6.941154
16.221790 6.750795
16.353968 6.505733
16.486746 6.269301
16.619340 6.041453
16.751076 5.821923
16.881377 5.610295
17.072223 5.307818
17.315122 4.930198
17.486495 4.663924
17.594047 4.494479
17.790693 4.172913
17.955956 3.876674
18.040287 3.705245
18.123613 3.506870
18.183282 3.320068
18.223644 3.086389
18.214171 2.879482
18.157157 2.692251
18.053007 2.516675
17.942527 2.387154
17.791468 2.244706
17.598629 2.096554
17.361527 1.943685
17.179250 1.840193
16.972109 1.732568
16.742672 1.622897
16.490394 1.511082
16.214729 1.396983
15.915127 1.280426
15.591027 1.161212
15.242065 1.039196
14.967698 0.946878
14.604198 0.828160
14.247194 0.715495
13.896407 0.608572
13.551882 0.507190
13.213666 0.411148
12.881806 0.320244
12.556346 0.234279
12.237333 0.153052
11.924813 0.076362
11.618830 0.004009
11.319429 -0.064208
11.026656 -0.128490
10.740555 -0.189036
10.461170 -0.246048
10.188544 -0.299726
9.922721 -0.350269
9.663616 -0.397905
9.287598 -0.464345
8.811035 -0.544452
8.363001 -0.616371
7.744145 -0.712586
7.189346 -0.799754
6.855540 -0.855566
6.623586 -0.897541
6.340357 -0.954826
6.085407 -1.015659
5.856651 -1.082899
5.587908 -1.190253
5.348603 -1.343561
5.165349 -1.587611
5.120232 -1.890946
5.190897 -2.171581
5.299342 -2.393341
5.431256 -2.602153
5.596840 -2.827584
5.796849 -3.073247
5.972406 -3.275215
6.135251 -3.444901
6.340310 -3.625396
6.554281 -3.781021
6.775252 -3.912512
7.001826 -4.021284
7.232639 -4.108896
7.466404 -4.177023
7.701939 -4.227414
7.939488 -4.262000
8.291011 -4.287461
8.602620 -4.288276
8.908730 -4.272587
9.207755 -4.244358
9.497426 -4.207482
9.707983 -4.176340
9.976339 -4.133433
10.231843 -4.091808
10.527307 -4.047560
10.741678 -4.022846
11.022854 -4.011754
11.226468 -4.038428
11.391631 -4.134409
11.392099 -4.265023
11.359811 -4.369299
11.330938 -4.525170
11.271454 -4.747374
11.202083 -4.949767
11.125374 -5.146141
10.965777 -5.509335
10.870299 -5.709606
10.761675 -5.928125
10.640961 -6.162198
10.507905 -6.412203
10.362254 -6.678532
10.197425 -6.974010
10.068290 -7.315315
9.999070 -7.659255
9.936118 -7.988785
9.875642 -8.319077
9.817588 -8.650032
9.761902 -8.981547
9.708532 -9.313525
9.657423 -9.645863
9.608524 -9.978461
9.561779 -10.311219
9.517138 -10.644036
9.474544 -10.976811
9.433947 -11.309444
9.395293 -11.641834
9.358529 -11.973879
9.323601 -12.305481
9.290457 -12.636537
9.259045 -12.966947
9.229310 -13.296610
9.201200 -13.625425
9.174663 -13.953291
9.149639 -14.280209
9.114848 -14.768230
9.073291 -15.414223
9.036857 -16.054301
9.005131 -16.687551
8.977690 -17.313163
8.954115 -17.930326
8.933985 -18.538227
8.916879 -19.136056
8.902376 -19.723064
8.884589 -20.581218
8.866067 -21.679692
8.850401 -22.720266
8.834242 -23.696360
8.819791 -24.381623
8.808268 -24.814533
8.794742 -25.227754
8.778803 -25.620161
8.760041 -25.990889
8.738065 -26.338835
8.719245 -26.584207
8.690618 -26.891300
8.657744 -27.172638
8.620240 -27.427805
8.577812 -27.655697
8.529877 -27.857013
8.447056 -28.105904
8.360735 -28.269853
8.233157 -28.396495
8.101580 -28.357982
8.053717 -28.258578
7.941988 -28.150617
7.758454 -27.949281
7.617504 -27.768966
7.457883 -27.544365
7.284555 -27.279450
7.097767 -26.973826
6.897749 -26.627408
6.793239 -26.439640
6.684472 -26.239930
6.572251 -26.029631
6.456535 -25.808656
6.337283 -25.576917
6.214453 -25.334326
6.088000 -25.080790
5.957877 -24.816217
5.824041 -24.540515
5.686441 -24.253587
5.545030 -23.955339
5.399721 -23.645595
5.174330 -23.159178
4.860015 -22.470136
4.696974 -22.108361
4.533177 -21.742505
4.214806 -21.025394
3.908763 -20.328366
3.614585 -19.651058
3.331946 -18.993400
3.060513 -18.355320
2.799961 -17.736745
2.549957 -17.137604
2.310173 -16.557824
2.080256 -15.997278
1.753155 -15.192341
1.348646 -14.186126
0.977838 -13.255932
0.637898 -12.400690
0.326178 -11.619788
0.109324 -11.082567
-0.027873 -10.747185
-0.159508 -10.430059
-0.285962 -10.131010
-0.407593 -9.849919
-0.524767 -9.586655
-0.637867 -9.341074
-0.747292 -9.113016
-0.853623 -8.901999
-0.982600 -8.662487
-1.132873 -8.410159
-1.280861 -8.194409
-1.431296 -8.012695
-1.641070 -7.827319
-1.927132 -7.700681
-2.232475 -7.714363
-2.515262 -7.861118
-2.727469 -8.056005
-2.883898 -8.242618
-3.041255 -8.462146
-3.230267 -8.760652
-3.343430 -8.954143
-3.459747 -9.162388
-3.580216 -9.386353
-3.705247 -9.626063
-3.835230 -9.881527
-3.970537 -10.152738
-4.111569 -10.439756
-4.334476 -10.899552
-4.825750 -11.924646
-5.190953 -12.686386
-5.287032 -12.885312
-5.484628 -13.289568
-5.688968 -13.701337
-5.899858 -14.120233
-6.116897 -14.545443
-6.339686 -14.976154
-6.567824 -15.411551
-6.800913 -15.850824
-7.038552 -16.293158
-7.280343 -16.737746
-7.525885 -17.183775
-7.774780 -17.630434
-8.026628 -18.076914
-8.281029 -18.522404
-8.537585 -18.966093
-8.795894 -19.407172
-9.055557 -19.844827
-9.316174 -20.278252
-9.577343 -20.706631
-9.838664 -21.129156
-10.099735 -21.545013
-10.360152 -21.953390
-10.619514 -22.353472
-10.877416 -22.744448
-11.133450 -23.125497
-11.387212 -23.495809
-11.638289 -23.854558
-11.886273 -24.200930
-12.130648 -24.533961
-12.311252 -24.774412
-12.548866 -25.082884
-12.781508 -25.375470
-13.009038 -25.651740
-13.231005 -25.910843
-13.446942 -26.151927
-13.656365 -26.374135
-13.858760 -26.576596
-14.053563 -26.758418
-14.240163 -26.918715
-14.417846 -27.056572
-14.587496 -27.172381
-14.824710 -27.302006
-15.013779 -27.367669
-15.193448 -27.385370
-15.350041 -27.333538
-15.440621 -27.224200
-15.502692 -27.090737
-15.559889 -26.926470
-15.617387 -26.674943
-15.647457 -26.452221
-15.667311 -26.187255
-15.674289 -25.885013
-15.667524 -25.545282
-15.646370 -25.168448
-15.630352 -24.967541
-15.610395 -24.754569
-15.586561 -24.531910
-15.558794 -24.299489
-15.527041 -24.057221
-15.491248 -23.805030
-15.451361 -23.542822
-15.407330 -23.270516
-15.359101 -22.988026
-15.306625 -22.695252
-15.249852 -22.392114
-15.188730 -22.078510
-15.123202 -21.754324
-15.018800 -21.255569
-14.879176 -20.604591
-14.740276 -19.973770
-14.602126 -19.362663
-14.464771 -18.770931
-14.328255 -18.198234
-14.192623 -17.644233
-14.057920 -17.108590
-13.924191 -16.590962
-13.791480 -16.091011
-13.659834 -15.608400
-13.529298 -15.142784
-13.399916 -14.693829
-13.271734 -14.261191
-13.144797 -13.844535
-13.019151 -13.443517
-12.894840 -13.057801
-12.771911 -12.687044
-12.650410 -12.330908
-12.530382 -11.989052
-12.411871 -11.661139
-12.294925 -11.346824
-12.179588 -11.045770
-12.065907 -10.757637
-11.953927 -10.482081
-11.843694 -10.218766
-11.735253 -9.967344
-11.628650 -9.727478
-11.523929 -9.498824
-11.421137 -9.281041
-11.320317 -9.073782
-11.221514 -8.876708
-11.124772 -8.689471
-11.029849 -8.511178
-10.846112 -8.181088
-10.672174 -7.886515
-10.507487 -7.622986
-10.351961 -7.387076
-10.103239 -7.033265
-9.976897 -6.862688
-9.804139 -6.634765
-9.652299 -6.432270
-9.503495 -6.214932
-9.367609 -5.946082
-9.327209 -1.123351
0.0 0.0
13.581915 11.815809
13.553382 12.083160
13.450177 12.372144
13.279992 12.638667
13.054681 12.876445
12.873303 13.022499
12.673826 13.154145
12.455672 13.273029
12.220277 13.378752
11.969024 13.470801
11.703278 13.548574
11.424405 13.611396
11.133776 13.658540
10.832778 13.689236
10.522877 13.702680
10.217457 13.698439
9.919187 13.677277
9.627168 13.639654
9.343170 13.585955
9.068978 13.516521
8.806372 13.431632
8.557141 13.331497
8.323115 13.216239
8.107345 13.086642
7.914043 12.944807
7.742277 12.789167
7.536933 12.540109
7.391724 12.266376
7.315833 11.974530
7.315833 11.674270
7.391724 11.382424
7.536933 11.108691
7.742277 10.859633
7.914043 10.703993
8.107345 10.562158
8.323115 10.432561
8.557141 10.317303
8.806372 10.217168
9.068978 10.132279
9.343170 10.062845
9.627168 10.009146
9.919187 9.971523
10.216723 9.950394
10.444143 9.945550
10.679553 9.950666
10.984487 9.972806
11.280474 10.011824
11.565397 10.066901
11.837877 10.137287
12.096547 10.222279
12.340042 10.321234
12.566992 10.433595
12.775992 10.558903
12.965565 10.696819
13.136222 10.849298
13.343475 11.096023
13.494950 11.377249
13.581915 11.815809
0.0 0.0