-9.505531609 -1.213910888
-9.537237865 -1.190134779
-9.602733416 -1.142894551
-9.670953135 -1.096052070
-9.741833316 -1.049584662
-9.815308097 -1.003470326
-9.891311614 -0.957686389
-9.969781242 -0.912210716
-10.050651120 -0.867020902
-10.176312650 -0.799723276
-10.351657050 -0.710784553
-10.535432000 -0.622587066
-10.727120320 -0.534951581
-10.926200490 -0.447699401
-11.132155320 -0.360651831
-11.344464390 -0.273629904
-11.562608340 -0.186454926
-11.899627690 -0.055014115
-12.364564150 0.122445475
-12.843492880 0.303735959
-13.332259060 0.490288525
-13.702791180 0.634516349
-13.950722810 0.733057681
-14.198776460 0.833719341
-14.446433840 0.936679753
-14.693175600 1.042118153
-14.938481320 1.150212967
-15.181831650 1.261142891
-15.422708300 1.375087701
-15.660591930 1.492225283
-15.894963190 1.612734873
-16.068123280 1.705437007
-16.182196040 1.768385467
-16.295097290 1.832277613
-16.406764400 1.897135582
-16.517130440 1.962981506
-16.626132770 2.029838601
-16.733704450 2.097728461
-16.839780700 2.166673220
-16.944297820 2.236696093
-17.047189940 2.307818675
-17.148392280 2.380064180
-17.247840040 2.453454202
-17.345468460 2.528010876
-17.441212750 2.603757416
-17.535008110 2.680715417
-17.626788690 2.758907553
-17.716490790 2.838356499
-17.804048530 2.919084390
-17.889397140 3.001112819
-17.972471830 3.084465542
-18.053207820 3.169163612
-18.131540320 3.255230245
-18.207404550 3.342687574
-18.280734650 3.431557194
-18.351466910 3.521862860
-18.419535460 3.613625626
-18.484874450 3.706868707
-18.547423410 3.801614237
-18.607111080 3.897884350
-18.663876980 3.995701722
-18.717656350 4.095088486
-18.768382220 4.196066777
-18.815989830 4.298659270
-18.860414380 4.402888638
-18.901591100 4.508776478
-18.939455190 4.616345462
-18.973944040 4.725617725
-19.004988530 4.836616483
-19.032526050 4.949363328
-19.056491820 5.063880397
-19.076821040 5.180190903
-19.093448930 5.298316441
-19.106308560 5.418279146
-19.115337290 5.540102771
-19.120468180 5.663808371
-19.121636450 5.789418621
-19.118781640 5.916955656
-19.111832470 6.046442689
-19.100728500 6.177901315
-19.085402760 6.311354209
-19.065790480 6.446822966
-19.041826880 6.584330259
-19.013447160 6.723899843
-18.980586560 6.865552233
-18.943180270 7.009311183
-18.901163520 7.155197207
-18.854471530 7.303235141
-18.803037350 7.453445498
-18.746798350 7.605850953
-18.685689760 7.760474180
-18.619644620 7.917337855
-18.548600320 8.076462491
-18.472489910 8.237872924
-18.391250770 8.401590746
-18.304815950 8.567637553
-18.213120660 8.736036020
-18.116100130 8.906807741
-18.013690660 9.079977550
-17.960444640 9.167467401
-17.852895670 9.343378524
-17.639632120 9.696957755
-17.428733190 10.052474030
-17.220103850 10.409442540
-17.013648020 10.767379580
-16.809270680 11.125798170
-16.506393570 11.663270040
-15.912734530 12.731650090
-15.333051550 13.780362790
-14.953087960 14.462112970
-14.670979520 14.961536110
-14.484091700 15.287913620
-14.298041750 15.608467040
-14.112731420 15.922714820
-13.928066770 16.230166760
-13.743952780 16.530343450
-13.560292280 16.822756870
-13.376991330 17.106923270
-13.193952760 17.382354640
-13.056789900 17.582906490
-12.965380750 17.713625490
-12.873983470 17.841889190
-12.782585120 17.967637110
-12.691175960 18.090806620
-12.599744130 18.211337260
-12.508274520 18.329170730
-12.416758470 18.444244400
-12.325183040 18.556497810
-12.233535260 18.665872650
-12.141805430 18.772304130
-12.049979500 18.875733960
-11.958045590 18.976103820
-11.865992920 19.073348930
-11.773808520 19.167410990
-11.681481590 19.258229530
-11.588999180 19.345741930
-11.496350490 19.429889870
-11.403522570 19.510610750
-11.310503530 19.587844080
-11.217281510 19.661531570
-11.123844610 19.731612750
-11.030180980 19.798022830
-10.936278720 19.860703520
-10.842125960 19.919596500
-10.747709750 19.974636990
-10.653020370 20.025766690
-10.558043780 20.072925130
-10.462769180 20.116051840
-10.367183610 20.155084200
-10.271276290 20.189963910
-10.175034250 20.220628340
-10.078446700 20.247019190
-9.981500669 20.269073820
-9.884184294 20.286731780
-9.786486772 20.299934760
-9.688395149 20.308620140
-9.589896465 20.312725290
-9.490981005 20.312194060
-9.391635811 20.306961670
-9.291849005 20.296971980
-9.191607632 20.282160190
-9.090901434 20.262465850
-8.989717453 20.237832810
-8.888044354 20.208194130
-8.785869718 20.173495820
-8.683181669 20.133670930
-8.579968330 20.088663320
-8.476217283 20.038410370
-8.371917732 19.982851600
-8.267056719 19.921926560
-8.161622908 19.855574780
-8.055603881 19.783737960
-7.948987762 19.706349140
-7.841762673 19.623354350
-7.733917277 19.534688800
-7.625438617 19.440294190
-7.516315897 19.340110040
-7.406536159 19.234073740
-7.296087525 19.122124810
-7.184958660 19.004204960
-7.073137146 18.880249410
-6.960611105 18.750201990
-6.847369202 18.614000100
-6.733398478 18.471583250
-6.618687597 18.322891000
-6.503224682 18.167862880
-6.386997855 18.006438410
-6.269994700 17.838554970
-6.152203340 17.664154270
-6.033612437 17.483173670
-5.914209574 17.295554860
-5.793982335 17.101237400
-5.672919922 16.900156480
-5.551009378 16.692255960
-5.428239367 16.477473230
-5.304598011 16.255747810
-5.180072893 16.027019230
-5.117474996 15.910010900
-5.083943145 15.678440250
-5.016881440 15.233317980
-4.949817577 14.811893690
-4.882743995 14.413768980
-4.815653678 14.038544330
-4.748539067 13.685821330
-4.681393953 13.355201550
-4.614210239 13.046285500
-4.546981176 12.758675820
-4.479699476 12.491973020
-4.429199533 12.305426390
-4.395512930 12.187388850
-4.361809050 12.074352640
-4.328087085 11.966269160
-4.294346225 11.863089830
-4.260585390 11.764762830
-4.226804039 11.671238480
-4.193001094 11.582468190
-4.159175475 11.498402310
-4.125326641 11.418988990
-4.091453514 11.344180740
-4.057555282 11.273925720
-4.023630867 11.208175360
-3.989679459 11.146878890
-3.955700247 11.089987730
-3.921692153 11.037452220
-3.887654636 10.989220530
-3.853586347 10.945244070
-3.819487015 10.905473160
-3.785355021 10.869858160
-3.751189826 10.838349380
-3.716990888 10.810894990
-3.682756590 10.787447500
-3.648486660 10.767956150
-3.614179750 10.752371280
-3.579835318 10.740643220
-3.545452017 10.732722290
-3.511029575 10.728557760
-3.476566643 10.728099950
-3.442062681 10.731300280
-3.407516339 10.738106920
-3.372927079 10.748472360
-3.338294089 10.762344780
-3.303616020 10.779675580
-3.268892332 10.800414020
-3.234121946 10.824511510
-3.199304321 10.851917310
-3.164438109 10.882581740
-3.129522769 10.916455130
-3.094557221 10.953486750
-3.059540385 10.993629080
-3.024471993 11.036829220
-2.989350423 11.083039650
-2.954175407 11.132210710
-2.918945594 11.184290570
-2.883660175 11.239230650
-2.830626368 11.326894210
-2.759711635 11.453324510
-2.688558821 11.590298420
-2.617160907 11.737416420
-2.545510336 11.894281170
-2.473600358 12.060494260
-2.401423687 12.235655100
-2.328973168 12.419367420
-2.256241648 12.611230660
-2.183221975 12.810847460
-2.109907129 13.017819400
-2.036289824 13.231746990
-1.962363039 13.452231800
-1.888119623 13.678875410
-1.813552421 13.911278310
-1.701078748 14.269812440
-1.549913907 14.764297960
-1.397325302 15.274648010
-1.243255910 15.797677370
-1.009250275 16.599012340
-0.771591361 17.410933020
-0.611027373 17.952779970
-0.448696957 18.491359650
-0.284542990 19.023482530
-0.160196455 19.416419120
-0.076699161 19.674700000
0.007286150 19.929571080
0.091766621 20.180637170
0.176749386 20.427496630
0.262241567 20.669754270
0.348250332 20.907008410
0.434782802 21.138861730
0.521846096 21.364916890
0.609447435 21.584772210
0.697593904 21.798032520
0.786292589 22.004296160
0.875550711 22.203167950
0.965375356 22.394246210
1.055773744 22.577133620
1.146752894 22.751430670
1.238320093 22.916740020
1.307385513 23.034582130
1.353616729 23.110128920
1.399998839 23.183203120
1.446532786 23.253757220
1.493219650 23.321739400
1.540060241 23.387102140
1.587055235 23.449791470
1.634205844 23.509762020
1.681512746 23.566964140
1.728976883 23.621343840
1.776599201 23.672853600
1.824380645 23.721445920
1.872321890 23.767066820
1.920424015 23.809668780
1.968687830 23.849202140
2.017114280 23.885615080
2.065704309 23.918860070
2.114458593 23.948885300
2.163378076 23.975643250
2.212464108 23.999082100
2.261716959 24.019154350
2.311137708 24.035808160
2.360727436 24.048993860
2.410486951 24.058661790
2.460416795 24.064760130
2.510518586 24.067243520
2.560792595 24.066060130
2.611239901 24.061158140
2.661861584 24.052492200
2.712658183 24.040006160
2.763630780 24.023656840
2.814780452 24.003390240
2.866107741 23.979156700
2.917613725 23.950906560
2.969299216 23.918592290
3.021165291 23.882162090
3.073212762 23.841566270
3.125442438 23.796757330
3.177855129 23.747681290
3.230451914 23.694290630
3.283233604 23.636535690
3.336201007 23.574364630
3.389355205 23.507729960
3.442697006 23.436582010
3.496227491 23.360871100
3.549947199 23.280545410
3.603856940 23.195555270
3.657958064 23.105851020
3.712251381 23.011385140
3.766737430 22.912105810
3.821417560 22.807963360
3.876292313 22.698908120
3.931362498 22.584890430
3.986629464 22.465860610
4.042093751 22.341769010
4.097756170 22.212563790
4.153618069 22.078197440
4.209679989 21.938620300
4.265942739 21.793780530
4.322407399 21.643630640
4.379075050 21.488118790
4.435946230 21.327195320
4.493022019 21.160810560
4.550302958 20.988916990
4.607790666 20.811460640
4.665485143 20.628396160
4.723388008 20.439669550
4.781499802 20.245235470
4.839821604 20.045039930
4.898354494 19.839035430
4.957098471 19.627170130
5.016055696 19.409396530
5.104891305 19.071547940
5.224091178 18.599935490
5.344158077 18.103787170
5.465097940 17.582707810
5.586918865 17.036297910
5.709627332 16.464157950
5.833230898 15.865888450
5.895370564 15.556831200
5.955378443 15.804728030
6.074245758 16.283019710
6.191607924 16.738338990
6.307496254 17.171126380
6.421942601 17.581818110
6.534977735 17.970850390
6.646633510 18.338659430
6.756940698 18.685683600
6.865931152 19.012356950
6.946828560 19.244272900
7.000364984 19.392753520
7.053589904 19.536390460
7.106507100 19.675242020
7.159120351 19.809360030
7.211433976 19.938802800
7.263451754 20.063622140
7.315177465 20.183872060
7.366614886 20.299610840
7.417768338 20.410888170
7.468641599 20.517762350
7.519238448 20.620287360
7.569563204 20.718517190
7.619619106 20.812505820
7.669411014 20.902309410
7.718941626 20.987979780
7.768215802 21.069577400
7.817237320 21.147149770
7.866009419 21.220757360
7.914536959 21.290449830
7.962823718 21.356285500
8.010872936 21.418318340
8.058688932 21.476602360
8.106276024 21.531191520
8.153637451 21.582141980
8.200777534 21.629507730
8.247700050 21.673340590
8.294408779 21.713701020
8.340908039 21.750638700
8.387201611 21.784211940
8.433293272 21.814470390
8.479186802 21.841474520
8.524886520 21.865274000
8.570396205 21.885927140
8.615719636 21.903485770
8.660861131 21.918006030
8.705823931 21.929544060
8.750612354 21.938151690
8.795230179 21.943882920
8.839681725 21.946796040
8.883970232 21.946942880
8.928100017 21.944379590
8.972075401 21.939158000
9.015899622 21.931336410
9.059576999 21.920968810
9.103111852 21.908107030
9.146506339 21.892809370
9.189766939 21.875125490
9.232894732 21.855115870
9.275896196 21.832832330
9.318774570 21.808328860
9.361532015 21.781659450
9.404175007 21.752882390
9.446705708 21.722049520
9.489128434 21.689214830
9.531448587 21.654434450
9.573667244 21.617762390
9.615790885 21.579254770
9.678804129 21.518165620
9.762523421 21.430797900
9.845927430 21.337064080
9.929050709 21.237404690
10.011922410 21.132253770
10.094574930 21.022049690
10.177039570 20.907230840
10.259346570 20.788231260
10.341529400 20.665491480
10.423617210 20.539445550
10.546642040 20.345136720
10.710637360 20.078567810
10.957062760 19.669769930
11.204757930 19.260723720
11.329346210 19.059796120
11.412751300 18.928176610
11.496470600 18.798932520
11.580534320 18.672502210
11.664973800 18.549321900
11.749821410 18.429829960
11.792407670 18.371602250
11.813767540 18.343336840
11.856716100 18.290254980
11.899958350 18.241690730
11.943479160 18.197546910
11.987264510 18.157726340
12.031302520 18.122131840
12.075578070 18.090666250
12.120077120 18.063230230
12.164786730 18.039728750
12.209692840 18.020064640
12.254781430 18.004138570
12.300038460 17.991855530
12.345450960 17.983116160
12.391004920 17.977823310
12.436686280 17.975879790
12.482482100 17.977188430
12.528377250 17.981652050
12.574358770 17.989173470
12.620411560 17.999653360
12.666524820 18.012998870
12.712681270 18.029106330
12.758870100 18.047885050
12.805076220 18.069231380
12.851285570 18.093052460
12.897484120 18.119248960
12.943658920 18.147723690
12.989795930 18.178381640
13.035881120 18.211121320
13.081901520 18.245845540
13.127843090 18.282461460
13.196575690 18.340713080
13.287814240 18.424083620
13.378488100 18.513258810
13.468487120 18.607456910
13.557700090 18.705900530
13.646019050 18.807810090
13.733331690 18.912408190
13.819528970 19.018913090
13.904499680 19.126547400
14.110839980 19.395463650
14.344999610 19.703915420
14.455710080 19.846176780
14.526904460 19.934803460
14.595881070 20.017547760
14.662528700 20.093632250
14.726738290 20.162275230
14.788399710 20.222701430
14.832906320 20.262159210
14.861723320 20.285492250
14.889840660 20.306328950
14.917246460 20.324578600
14.943924510 20.340139720
14.969861870 20.352915120
14.995045570 20.362807640
15.019460500 20.369722250
15.043093710 20.373559630
15.065931150 20.374222580
15.087959870 20.371611790
15.109164760 20.365634380
15.129532850 20.356188880
15.149050110 20.343180250
15.167702510 20.326511320
15.185477080 20.306082770
15.202359790 20.281797400
15.218335530 20.253560210
15.233392410 20.221271860
15.247515320 20.184835180
15.260691310 20.144152980
15.272906330 20.099128100
15.284147440 20.049663350
15.294398430 19.995659400
15.303648510 19.937021240
15.311881470 19.873651680
15.319084370 19.805451400
15.325244250 19.732325370
15.332496820 19.613183260
15.338384610 19.436176080
15.339849810 19.237705960
15.336782290 19.016995490
15.329071910 18.773267260
15.316607470 18.505739540
15.299279900 18.213637090
15.276978010 17.896178190
15.249591650 17.552583250
15.217011770 17.182074880
15.179127170 16.783875660
15.135826620 16.357201720
15.087002150 15.901279950
15.032542550 15.415326480
15.003164240 15.160845690
14.988601720 15.032137720
14.962377160 14.777556010
14.939952170 14.526722060
14.921244710 14.279602380
14.906177030 14.036159200
14.894667070 13.796357960
14.886634930 13.560163030
14.882000720 13.327539860
14.880684520 13.098451740
14.882606450 12.872863030
14.887684440 12.650739190
14.895839660 12.432044570
14.906992230 12.216742490
14.921061160 12.004798370
14.937966540 11.796176590
14.957627410 11.590841530
14.979964930 11.388757530
15.004897060 11.189890070
15.032344960 10.994201340
15.062228750 10.801658950
15.094467430 10.612225120
15.128980030 10.425864210
15.165687720 10.242542740
15.204509540 10.062222940
15.245366650 9.884870244
15.288175930 9.710449024
15.332859610 9.538924729
15.379336740 9.370259568
15.427526320 9.204420069
15.477349540 9.041370601
15.528725420 8.881074454
15.581574050 8.723497076
15.635814460 8.568602835
15.691367830 8.416356101
15.748152090 8.266720162
15.806088430 8.119661547
15.865095860 7.975143544
15.925094490 7.833131603
15.986004410 7.693587933
16.047744650 7.556480141
16.110235300 7.421770437
16.173396470 7.289423190
16.237148250 7.159404928
16.301408590 7.031677861
16.398581360 6.844308477
16.529179430 6.602173934
16.660372450 6.368568205
16.791520110 6.143208400
16.921977820 5.925809470
17.051106380 5.716087985
17.240900850 5.415278566
17.483315040 5.038416504
17.654334020 4.772689784
17.762003960 4.603063121
17.863850900 4.439124493
17.959232390 4.280589931
18.047509240 4.127174385
18.128037920 3.978594965
18.182963960 3.870162194
18.216824400 3.799237204
18.248387170 3.729361174
18.277572360 3.660498475
18.304300080 3.592614014
18.328488270 3.525671620
18.350057030 3.459636202
18.368926450 3.394472669
18.385016640 3.330144850
18.398247690 3.266617653
18.408537550 3.203854908
18.415808480 3.141821522
18.419980570 3.080482405
18.420969600 3.019801386
18.418700000 2.959743372
18.413087550 2.900272194
18.404054500 2.841353300
18.391520950 2.782949978
18.375404850 2.725028217
18.355626290 2.667550767
18.332107540 2.610483615
18.304766530 2.553790591
18.273521200 2.497436064
18.238293820 2.441384941
18.199004480 2.385601053
18.155571120 2.330049307
18.107913850 2.274694073
18.055952760 2.219500259
17.999607950 2.164431693
17.938799520 2.109453286
17.873446490 2.054529405
17.803470050 1.999624420
17.728787040 1.944702699
17.649320820 1.889729150
17.564988240 1.834667603
17.475710480 1.779483507
17.381406560 1.724140690
17.281997660 1.668603520
17.177401730 1.612836907
17.067539930 1.556804680
16.952331290 1.500472287
16.831696990 1.443803557
16.705553890 1.386762859
16.573825330 1.329315101
16.436428170 1.271424113
16.293283590 1.213055343
16.144310610 1.154172619
15.989430400 1.094740312
15.828560920 1.034723598
15.661623330 0.974086308
15.488537740 0.912793080
15.309222090 0.850808282
15.217203350 0.819545625
15.032347120 0.757615139
14.667244980 0.638357230
14.308331860 0.525068898
13.955654210 0.417549582
13.609262760 0.315598181
13.269206110 0.219013865
12.935532850 0.127595534
12.608292640 0.041142897
12.287532980 -0.040545417
11.973305720 -0.117669967
11.665657270 -0.190431854
11.364637300 -0.259031908
11.070295490 -0.323670691
10.782680410 -0.384549571
10.501840660 -0.441869111
10.227825910 -0.495830139
9.960683660 -0.546633487
9.700465741 -0.594480525
9.323224152 -0.661146237
8.844922212 -0.741560465
8.395192718 -0.813763320
7.775028920 -0.910187295
7.221357266 -0.997175210
6.889835910 -1.052603192
6.661209912 -1.093970479
6.518415704 -1.121828412
6.383376681 -1.150144287
6.256141972 -1.179119203
6.136760704 -1.208953858
6.025282005 -1.239849216
5.921755003 -1.272006242
5.826227747 -1.305625497
5.738750442 -1.340908082
5.678453808 -1.368582325
5.640797564 -1.387656356
5.605180937 -1.407259052
5.571609865 -1.427415651
5.540091366 -1.448151392
5.510631379 -1.469491108
5.483235302 -1.491460175
5.457910154 -1.514083560
5.434661334 -1.537386502
5.413495859 -1.561393835
5.394418589 -1.586131068
5.377436541 -1.611622900
5.362555655 -1.637894704
5.349781868 -1.664971449
5.339121660 -1.692878375
5.330580968 -1.721640449
5.324166272 -1.751282911
5.319882970 -1.781830730
5.317737539 -1.813309144
5.317735920 -1.845743257
5.319884589 -1.879158038
5.324189486 -1.913578725
5.330656550 -1.949030423
5.339292798 -1.985538100
5.350103089 -2.023127130
5.363093902 -2.061822348
5.378272255 -2.101648990
5.395643006 -2.142632163
5.415213175 -2.184796968
5.436988699 -2.228168511
5.473800051 -2.295543406
5.530657195 -2.389834503
5.596445894 -2.489404484
5.671214195 -2.594454315
5.755012308 -2.705184691
5.847888279 -2.821796612
5.949891237 -2.944490873
6.061070310 -3.073468407
6.120116365 -3.140376147
6.150340512 -3.173867522
6.211518749 -3.238639913
6.273641752 -3.300512488
6.336676051 -3.359542045
6.400588172 -3.415785377
6.465345186 -3.469299277
6.530913079 -3.520140551
6.597258920 -3.568365985
6.664348697 -3.614032366
6.732149479 -3.657196499
6.800627793 -3.697915170
6.869750169 -3.736245167
6.939483134 -3.772243312
7.009793216 -3.805966356
7.080647484 -3.837471156
7.152011386 -3.866814431
7.223852530 -3.894053069
7.296137445 -3.919243723
7.368832119 -3.942443348
7.441903080 -3.963708630
7.515317935 -3.983096392
7.589042135 -4.000663452
7.663042746 -4.016466633
7.737286297 -4.030562621
7.811739317 -4.043008236
7.886368333 -4.053860367
7.961140414 -4.063175767
8.036021548 -4.071011190
8.148474706 -4.080113613
8.298482613 -4.087600417
8.448325861 -4.090189753
8.597737215 -4.088335918
8.746448902 -4.082493278
8.894194228 -4.073116131
9.040704338 -4.060658908
9.185713619 -4.045575977
9.328953217 -4.028321634
9.470156438 -4.009350245
9.677558116 -3.978667595
9.944471462 -3.935988431
10.198424770 -3.894619524
10.379098720 -3.866639244
10.494384020 -3.850288335
10.605226220 -3.836309566
10.711358620 -3.825157336
10.812512370 -3.817285944
10.908420770 -3.813149789
10.998817130 -3.813203202
11.062836690 -3.816266001
11.103653850 -3.819853753
11.142942110 -3.824744473
11.180669080 -3.830994949
11.216800200 -3.838661967
11.251303080 -3.847802350
11.284143170 -3.858472883
11.315287000 -3.870730354
11.344703260 -3.884631585
11.372355240 -3.900233261
11.398212690 -3.917592338
11.422240000 -3.936765502
11.444404770 -3.957809574
11.464673530 -3.980781376
11.483012800 -4.005737660
11.499388040 -4.032735247
11.513766850 -4.061830959
11.526116840 -4.093081482
11.536402380 -4.126543771
11.544592160 -4.162274445
11.550650540 -4.200330392
11.554546220 -4.240768434
11.556244640 -4.283645324
11.555712330 -4.329017883
11.552916900 -4.376942864
11.547822720 -4.427477088
11.540399550 -4.480677377
11.530610690 -4.536600416
11.518424820 -4.595303094
11.503808460 -4.656842232
11.486727080 -4.721274515
11.467147190 -4.788656900
11.445037490 -4.859046073
11.420362340 -4.932498720
11.393088280 -5.009071796
11.363183980 -5.088822122
11.313318650 -5.214529009
11.237310820 -5.393788379
11.150174170 -5.586778720
11.051642010 -5.793954734
10.941447660 -6.015770314
10.819323330 -6.252679757
10.685001250 -6.505137902
10.538214720 -6.773598776
10.378694900 -7.058516678
10.294077250 -7.207289173
10.260536430 -7.370464896
10.195368040 -7.697559345
10.132707870 -8.025560231
10.072504090 -8.354365517
10.014703800 -8.683874790
9.959254093 -9.013985475
9.906103135 -9.344597695
9.855199101 -9.675608878
9.806489087 -10.006918610
9.759920183 -10.338424850
9.715441644 -10.670026100
9.672999482 -11.001621960
9.632541870 -11.333110380
9.594016980 -11.664389880
9.557371907 -11.995359490
9.522553743 -12.325917730
9.489511740 -12.655963630
9.458191912 -12.985394620
9.428542432 -13.314110830
9.400511472 -13.642009680
9.374046125 -13.968990760
9.349094565 -14.294952570
9.314389773 -14.781761190
9.272924769 -15.426325340
9.236571224 -16.064987670
9.204910200 -16.696937300
9.177521682 -17.321362270
9.153987812 -17.937452770
9.133889653 -18.544396850
9.116808270 -19.141385790
9.102324726 -19.727606550
9.084553393 -20.584976450
9.066041363 -21.682882880
9.050380909 -22.723126160
9.034221619 -23.699218140
9.019757510 -24.385287250
9.008213000 -24.819240760
8.994659106 -25.233508570
8.978675812 -25.627278720
8.959845260 -25.999741410
8.937748515 -26.350084680
8.918779758 -26.597840310
8.904895466 -26.755675750
8.889958434 -26.907525140
8.873917374 -27.053286990
8.856718839 -27.192861980
8.838311004 -27.326146430
8.818641500 -27.453038870
8.797657960 -27.573439940
8.775308018 -27.687248170
8.751539305 -27.794359880
8.726299457 -27.894673600
8.699536104 -27.988089980
8.671196880 -28.074509680
8.641229958 -28.153826900
8.609581891 -28.225940140
8.576200852 -28.290752220
8.549996261 -28.334507340
8.531957694 -28.361343030
8.513457002 -28.386295670
8.494486625 -28.409352300
8.475040086 -28.430499960
8.455111985 -28.449727850
8.434694226 -28.467023020
8.413781949 -28.482370350
8.392367055 -28.495759050
8.370443608 -28.507176150
8.348005667 -28.516608700
8.325045675 -28.524045900
8.301557694 -28.529472640
8.277535244 -28.532878120
8.252971309 -28.534247230
8.227859408 -28.533569150
8.202193604 -28.530830950
8.175966879 -28.526021820
8.149172214 -28.519124480
8.121804210 -28.510130300
8.093855310 -28.499024160
8.065319575 -28.485795270
8.036190526 -28.470430660
8.006461145 -28.452915220
7.976124955 -28.433240320
7.945175475 -28.411390840
7.897587303 -28.374511460
7.831929253 -28.317611670
7.763700356 -28.251784640
7.692848248 -28.176933200
7.619320560 -28.092953690
7.543065465 -27.999744620
7.464030057 -27.897206650
7.382161968 -27.785236140
7.297409371 -27.663731570
7.209719360 -27.532593630
7.119040106 -27.391720800
7.025318703 -27.241009450
6.928502784 -27.080360230
6.828539983 -26.909669490
6.725378470 -26.728840050
6.618965881 -26.537766100
6.509249307 -26.336350470
6.396176381 -26.124487330
6.279695278 -25.902077360
6.159753088 -25.669021210
6.036297986 -25.425215240
5.909277604 -25.170557950
5.778638495 -24.904950000
5.644329912 -24.628287740
5.506298409 -24.340469680
5.364491617 -24.041396470
5.218857710 -23.730966630
4.993116219 -23.243803850
4.678242733 -22.553556180
4.514738084 -22.190763190
4.350764709 -21.824515840
4.032178019 -21.106922830
3.725797716 -20.409135380
3.431295291 -19.731087610
3.148343045 -19.072710430
2.876612198 -18.433934720
2.615775051 -17.814691400
2.365502827 -17.214913510
2.125467285 -16.634530870
1.895340727 -16.073476540
1.568011301 -15.267982430
1.163188731 -14.260996030
0.792092242 -13.330085490
0.452095856 -12.474700140
0.140573626 -11.694292560
-0.075961576 -11.157860470
-0.212787925 -10.823384420
-0.343972851 -10.507343200
-0.469844599 -10.209669330
-0.590731421 -9.930294243
-0.706961588 -9.669148833
-0.818863306 -9.426165079
-0.926764848 -9.201273878
-1.030994419 -8.994407208
-1.106954409 -8.851043981
-1.156617828 -8.761065474
-1.205547974 -8.675554364
-1.253785740 -8.594502014
-1.301372292 -8.517900325
-1.348348593 -8.445740119
-1.394755536 -8.378012759
-1.440634490 -8.314710687
-1.486026079 -8.255824185
-1.530971738 -8.201345154
-1.575512227 -8.151265497
-1.619688576 -8.105575497
-1.663541950 -8.064267595
-1.707113243 -8.027332613
-1.750443756 -7.994762454
-1.793574114 -7.966547939
-1.836545750 -7.942681511
-1.879399291 -7.923153452
-1.922176170 -7.907955664
-1.964917149 -7.897079509
-2.007663391 -7.890516889
-2.050455791 -7.888258627
-2.093335515 -7.890296084
-2.136343593 -7.896621702
-2.179520919 -7.907225764
-2.222908657 -7.922099632
-2.266547839 -7.941235748
-2.310479358 -7.964624934
-2.354744381 -7.992258552
-2.399383935 -8.024127964
-2.444438917 -8.060225073
-2.489950492 -8.100541240
-2.535959823 -8.145067287
-2.582507402 -8.193795118
-2.629634798 -8.246716093
-2.677383040 -8.303821575
-2.725792889 -8.365102927
-2.774905374 -8.430551509
-2.824761796 -8.500159225
-2.875402914 -8.573917436
-2.926869758 -8.651816965
-2.979203628 -8.733849173
-3.059419455 -8.864629187
-3.169790887 -9.053388187
-3.284368421 -9.258525125
-3.403480296 -9.479971435
-3.527454480 -9.717658557
-3.656619483 -9.971518466
-3.791303273 -10.241481520
-3.931834629 -10.527480230
-4.154313165 -10.986393400
-4.645385923 -12.011068540
-5.010483742 -12.772589230
-5.106734158 -12.971872040
-5.304681150 -13.376855220
-5.509557872 -13.789722610
-5.720968060 -14.209667660
-5.938514374 -14.635884880
-6.161800011 -15.067568790
-6.390428168 -15.503912830
-6.624002045 -15.944111510
-6.862125379 -16.387358290
-7.104400288 -16.832847670
-7.350431049 -17.279774170
-7.599819782 -17.727330160
-7.852170223 -18.174712320
-8.107085572 -18.621112990
-8.364168485 -19.065726710
-8.623022701 -19.507747990
-8.883251417 -19.946369180
-9.144457292 -20.380786980
-9.406243524 -20.810192650
-9.668213851 -21.233782870
-9.929971470 -21.650750020
-10.191117960 -22.060288590
-10.451259220 -22.461593120
-10.709995740 -22.853858120
-10.966932350 -23.236275950
-11.221671700 -23.608043290
-11.473816460 -23.968350340
-11.722970350 -24.316395940
-11.968737110 -24.651370280
-12.150599860 -24.893537220
-12.270575520 -25.050480790
-12.389482240 -25.203701450
-12.507268200 -25.353099850
-12.623885890 -25.498576650
-12.739283490 -25.640032530
-12.853413470 -25.777361670
-12.966225100 -25.910469050
-13.077668710 -26.039248850
-13.187694630 -26.163603910
-13.296254260 -26.283430570
-13.403296880 -26.398631650
-13.508772800 -26.509103500
-13.612633440 -26.614748940
-13.714828050 -26.715462150
-13.815308040 -26.811145970
-13.914023750 -26.901696740
-14.010925510 -26.987017270
-14.105962570 -27.067006090
-14.199086340 -27.141559520
-14.290247150 -27.210580400
-14.379395350 -27.273965080
-14.466481250 -27.331614200
-14.551455190 -27.383428450
-14.634267510 -27.429304170
-14.714869610 -27.469144170
-14.793210750 -27.502842650
-14.869241260 -27.530304590
-14.924717960 -27.546744610
-14.960954890 -27.555702080
-14.996586100 -27.563044270
-15.031606170 -27.568756060
-15.066007560 -27.572826650
-15.099784860 -27.575245260
-15.132932680 -27.575994590
-15.165443450 -27.575063860
-15.197311780 -27.572442270
-15.228531200 -27.568116860
-15.259096290 -27.562072510
-15.288999510 -27.554298430
-15.318234370 -27.544783820
-15.346796560 -27.533511400
-15.374678520 -27.520472540
-15.401874840 -27.505654280
-15.428377980 -27.489043660
-15.454183610 -27.470625560
-15.479284170 -27.450391360
-15.503673190 -27.428325930
-15.527346350 -27.404418470
-15.550295000 -27.378653870
-15.572514840 -27.351021330
-15.593999370 -27.321507900
-15.614741050 -27.290100610
-15.634735560 -27.256786520
-15.653975330 -27.221554810
-15.672454960 -27.184392550
-15.690166910 -27.145284600
-15.707106850 -27.104220180
-15.723268300 -27.061188480
-15.738643700 -27.016174400
-15.760220020 -26.944909830
-15.786183290 -26.842836150
-15.808893320 -26.732610480
-15.828301530 -26.614129170
-15.844357170 -26.487295040
-15.857011640 -26.352004440
-15.866215290 -26.208158030
-15.871917360 -26.055652160
-15.874069270 -25.894391810
-15.872621350 -25.724271170
-15.867523930 -25.545190900
-15.858726260 -25.357051670
-15.846180840 -25.159751980
-15.829836910 -24.953190330
-15.809644820 -24.737265240
-15.785554880 -24.511877360
-15.757517440 -24.276927360
-15.725483910 -24.032311590
-15.689403540 -23.777932870
-15.649227740 -23.513685390
-15.604905760 -23.239471960
-15.556387940 -22.955193260
-15.503625680 -22.660743480
-15.446569330 -22.356027580
-15.385169210 -22.040939770
-15.319374570 -21.715382860
-15.284814170 -21.548645840
-15.214658780 -21.215080810
-15.074841940 -20.563182030
-14.935717210 -19.931311220
-14.797329930 -19.319126110
-14.659724380 -18.726287670
-14.522944830 -18.152453610
-14.387034460 -17.597284910
-14.252037550 -17.060441440
-14.117998360 -16.541580930
-13.984961160 -16.040363270
-13.852969150 -15.556449420
-13.722068740 -15.089497090
-13.592300980 -14.639167270
-13.463712280 -14.205117660
-13.336345850 -13.787010320
-13.210245940 -13.384502970
-13.085455750 -12.997255490
-12.962020620 -12.624926690
-12.839984830 -12.267177530
-12.719391560 -11.923666270
-12.600284000 -11.594053350
-12.482708590 -11.277997550
-12.366708500 -10.975158230
-12.252326940 -10.685195820
-12.139609250 -10.407769110
-12.028597540 -10.142537990
-11.919338230 -9.889161257
-11.811874520 -9.647299347
-11.706250670 -9.416611057
-11.602509890 -9.196756274
-11.500697500 -8.987394339
-11.400856710 -8.788185139
-11.303031780 -8.598787476
-11.207268060 -8.418861235
-11.113607660 -8.248065760
-11.022094850 -8.086060935
-10.932774980 -7.932506103
-10.845692320 -7.787060340
-10.760888980 -7.649383798
-10.678411380 -7.519135553
-10.598301640 -7.395974948
-10.520605100 -7.279562137
-10.408681010 -7.116849007
-10.268305940 -6.920336441
-10.138375140 -6.744684594
-9.963835150 -6.514361525
-9.814781187 -6.315652781
-9.750182895 -6.225280711
-9.710895714 -6.167578946
-9.674683614 -6.111517296
-9.641589784 -6.056755106
-9.611657413 -6.002951718
-9.584931851 -5.949767018
-9.561457366 -5.896860080
-9.541278228 -5.843890516
-9.524436546 -5.790518213
-9.510978748 -5.736401972
-9.505531609 -5.708958754
-9.505531609 -1.213910888
0.000 0.000
