8.399358815 -28.196495000
7.989467211 -28.196495000
0.00000 0.00000
8.483462952 -27.996495000
7.801493368 -27.996495000
0.00000 0.00000
8.544286835 -27.796495000
7.639023078 -27.796495000
0.00000 0.00000
8.588833986 -27.596495000
7.494931111 -27.596495000
0.00000 0.00000
8.624841889 -27.396495000
7.361134944 -27.396495000
0.00000 0.00000
8.654237540 -27.196495000
7.233855452 -27.196495000
0.00000 0.00000
-14.631624667 -27.196495000
-15.453506047 -27.196495000
0.00000 0.00000
8.678326093 -26.996495000
7.111621596 -26.996495000
0.00000 0.00000
-14.340413141 -26.996495000
-15.535506623 -26.996495000
0.00000 0.00000
8.699455657 -26.796495000
6.995378002 -26.796495000
0.00000 0.00000
-14.097888023 -26.796495000
-15.589600731 -26.796495000
0.00000 0.00000
8.718099521 -26.596495000
6.880543099 -26.596495000
0.00000 0.00000
-13.880079669 -26.596495000
-15.627978371 -26.596495000
0.00000 0.00000
8.733642486 -26.396495000
6.769741167 -26.396495000
0.00000 0.00000
-13.678717711 -26.396495000
-15.651632570 -26.396495000
0.00000 0.00000
8.747055084 -26.196495000
6.661293958 -26.196495000
0.00000 0.00000
-13.488945727 -26.196495000
-15.666618643 -26.196495000
0.00000 0.00000
8.759686929 -25.996495000
6.554898968 -25.996495000
0.00000 0.00000
-13.307722808 -25.996495000
-15.671715164 -25.996495000
0.00000 0.00000
8.769878995 -25.796495000
6.450276996 -25.796495000
0.00000 0.00000
-13.133045955 -25.796495000
-15.672526358 -25.796495000
0.00000 0.00000
8.779764278 -25.596495000
6.347357764 -25.596495000
0.00000 0.00000
-12.963539412 -25.596495000
-15.668543795 -25.596495000
0.00000 0.00000
8.787887987 -25.396495000
6.245930748 -25.396495000
0.00000 0.00000
-12.798823736 -25.396495000
-15.659171675 -25.396495000
0.00000 0.00000
8.795765204 -25.196495000
6.145708745 -25.196495000
0.00000 0.00000
-12.639200774 -25.196495000
-15.647944450 -25.196495000
0.00000 0.00000
8.802311822 -24.996495000
6.046541808 -24.996495000
0.00000 0.00000
-12.482321108 -24.996495000
-15.632660457 -24.996495000
0.00000 0.00000
8.808748127 -24.796495000
5.948303208 -24.796495000
0.00000 0.00000
-12.328262393 -24.796495000
-15.614323766 -24.796495000
0.00000 0.00000
8.814071636 -24.596495000
5.851215773 -24.596495000
0.00000 0.00000
-12.177617614 -24.596495000
-15.593474347 -24.596495000
0.00000 0.00000
8.819395144 -24.396495000
5.754974363 -24.396495000
0.00000 0.00000
-12.029776749 -24.396495000
-15.570383166 -24.396495000
0.00000 0.00000
8.823695026 -24.196495000
5.659371458 -24.196495000
0.00000 0.00000
-11.883097775 -24.196495000
-15.545295030 -24.196495000
0.00000 0.00000
8.827912677 -23.996495000
5.564543664 -23.996495000
0.00000 0.00000
-11.739908372 -23.996495000
-15.518422272 -23.996495000
0.00000 0.00000
8.832130328 -23.796495000
5.470512131 -23.796495000
0.00000 0.00000
-11.597652555 -23.796495000
-15.489949658 -23.796495000
0.00000 0.00000
8.835895241 -23.596495000
5.376969538 -23.596495000
0.00000 0.00000
-11.457678925 -23.596495000
-15.459525720 -23.596495000
0.00000 0.00000
8.839206193 -23.396495000
5.284295556 -23.396495000
0.00000 0.00000
-11.319155552 -23.396495000
-15.427700397 -23.396495000
0.00000 0.00000
8.842517144 -23.196495000
5.191621575 -23.196495000
0.00000 0.00000
-11.182102473 -23.196495000
-15.394692530 -23.196495000
0.00000 0.00000
8.845828096 -22.996495000
5.100120145 -22.996495000
0.00000 0.00000
-11.046771127 -22.996495000
-15.360546897 -22.996495000
0.00000 0.00000
8.849139047 -22.796495000
5.008887680 -22.796495000
0.00000 0.00000
-10.912387360 -22.796495000
-15.324771515 -22.796495000
0.00000 0.00000
8.852264391 -22.596495000
4.917655215 -22.596495000
0.00000 0.00000
-10.779820816 -22.596495000
-15.288129361 -22.596495000
0.00000 0.00000
8.855275422 -22.396495000
4.826827239 -22.396495000
0.00000 0.00000
-10.647893537 -22.396495000
-15.250672493 -22.396495000
0.00000 0.00000
8.858286452 -22.196495000
4.736693316 -22.196495000
0.00000 0.00000
-10.517750190 -22.196495000
-15.211725495 -22.196495000
0.00000 0.00000
8.861297483 -21.996495000
4.646890592 -21.996495000
0.00000 0.00000
-10.388095769 -21.996495000
-15.172152236 -21.996495000
0.00000 0.00000
8.864308513 -21.796495000
4.557348805 -21.796495000
0.00000 0.00000
-10.260101984 -21.796495000
-15.131726061 -21.796495000
0.00000 0.00000
8.867469832 -21.596495000
4.468353912 -21.596495000
0.00000 0.00000
-10.132564439 -21.596495000
-15.090164410 -21.596495000
0.00000 0.00000
8.870842147 -21.396495000
4.379561242 -21.396495000
0.00000 0.00000
-10.006496837 -21.396495000
-15.048299366 -21.396495000
0.00000 0.00000
8.874214462 -21.196495000
4.290768573 -21.196495000
0.00000 0.00000
-9.880938773 -21.196495000
-15.006129605 -21.196495000
0.00000 0.00000
8.877586776 -20.996495000
4.202117361 -20.996495000
0.00000 0.00000
-9.756616535 -20.996495000
-14.963232918 -20.996495000
0.00000 0.00000
8.880959091 -20.796495000
4.114303672 -20.796495000
0.00000 0.00000
-9.632921606 -20.796495000
-14.920336230 -20.796495000
0.00000 0.00000
8.884331406 -20.596495000
4.026489983 -20.596495000
0.00000 0.00000
-9.510196597 -20.596495000
-14.877393348 -20.596495000
0.00000 0.00000
8.888417763 -20.396495000
3.938676294 -20.396495000
0.00000 0.00000
-9.388262982 -20.396495000
-14.833355499 -20.396495000
0.00000 0.00000
8.892563172 -20.196495000
3.851486920 -20.196495000
0.00000 0.00000
-9.267013790 -20.196495000
-14.789317650 -20.196495000
0.00000 0.00000
8.896708582 -19.996495000
3.764620089 -19.996495000
0.00000 0.00000
-9.146754460 -19.996495000
-14.745279801 -19.996495000
0.00000 0.00000
8.900853992 -19.796495000
3.677753257 -19.796495000
0.00000 0.00000
-9.026881372 -19.796495000
-14.700200299 -19.796495000
0.00000 0.00000
8.905503096 -19.596495000
3.591135682 -19.596495000
0.00000 0.00000
-8.908220326 -19.596495000
-14.654987268 -19.596495000
0.00000 0.00000
8.910444425 -19.396495000
3.505182496 -19.396495000
0.00000 0.00000
-8.789641231 -19.396495000
-14.609774236 -19.396495000
0.00000 0.00000
8.915385755 -19.196495000
3.419229311 -19.196495000
0.00000 0.00000
-8.672515274 -19.196495000
-14.563554475 -19.196495000
0.00000 0.00000
8.920872333 -18.996495000
3.333276126 -18.996495000
0.00000 0.00000
-8.555389317 -18.996495000
-14.517129742 -18.996495000
0.00000 0.00000
8.926595040 -18.796495000
3.248184536 -18.796495000
0.00000 0.00000
-8.439517695 -18.796495000
-14.470705009 -18.796495000
0.00000 0.00000
8.932317747 -18.596495000
3.163106489 -18.596495000
0.00000 0.00000
-8.323870924 -18.596495000
-14.423190016 -18.596495000
0.00000 0.00000
8.938678306 -18.396495000
3.078028443 -18.396495000
0.00000 0.00000
-8.209127553 -18.396495000
-14.375515242 -18.396495000
0.00000 0.00000
8.945301094 -18.196495000
2.993613802 -18.196495000
0.00000 0.00000
-8.094915786 -18.196495000
-14.327829253 -18.196495000
0.00000 0.00000
8.951923883 -17.996495000
2.909371148 -17.996495000
0.00000 0.00000
-7.981265690 -17.996495000
-14.278864721 -17.996495000
0.00000 0.00000
8.959227208 -17.796495000
2.825128493 -17.796495000
0.00000 0.00000
-7.868450782 -17.796495000
-14.229900188 -17.796495000
0.00000 0.00000
8.966867005 -17.596495000
2.741438781 -17.596495000
0.00000 0.00000
-7.755867927 -17.596495000
-14.180617892 -17.596495000
0.00000 0.00000
8.974506802 -17.396495000
2.657984636 -17.396495000
0.00000 0.00000
-7.644420492 -17.396495000
-14.130322080 -17.396495000
0.00000 0.00000
8.982807368 -17.196495000
2.574530490 -17.196495000
0.00000 0.00000
-7.532973057 -17.196495000
-14.080026267 -17.196495000
0.00000 0.00000
8.991579898 -16.996495000
2.491597484 -16.996495000
0.00000 0.00000
-7.422786085 -16.996495000
-14.028960299 -16.996495000
0.00000 0.00000
9.000352427 -16.796495000
2.408881971 -16.796495000
0.00000 0.00000
-7.312684724 -16.796495000
-13.977290374 -16.796495000
0.00000 0.00000
9.009692931 -16.596495000
2.326166458 -16.596495000
0.00000 0.00000
-7.203523067 -16.596495000
-13.925620448 -16.596495000
0.00000 0.00000
9.019712986 -16.396495000
2.244001304 -16.396495000
0.00000 0.00000
-7.094752250 -16.396495000
-13.872570121 -16.396495000
0.00000 0.00000
9.029733041 -16.196495000
2.161968072 -16.196495000
0.00000 0.00000
-6.986620883 -16.196495000
-13.819480518 -16.196495000
0.00000 0.00000
9.040147386 -15.996495000
2.079937814 -15.996495000
0.00000 0.00000
-6.879173117 -15.996495000
-13.765698049 -15.996495000
0.00000 0.00000
9.051531624 -15.796495000
1.998664124 -15.796495000
0.00000 0.00000
-6.772084704 -15.796495000
-13.711142309 -15.796495000
0.00000 0.00000
9.062915861 -15.596495000
1.917390434 -15.596495000
0.00000 0.00000
-6.665959811 -15.596495000
-13.656496419 -15.596495000
0.00000 0.00000
9.074431450 -15.396495000
1.836116744 -15.396495000
0.00000 0.00000
-6.559935003 -15.396495000
-13.600426181 -15.396495000
0.00000 0.00000
9.087297533 -15.196495000
1.754843055 -15.196495000
0.00000 0.00000
-6.455139609 -15.196495000
-13.544355943 -15.196495000
0.00000 0.00000
9.100163617 -14.996495000
1.674422851 -14.996495000
0.00000 0.00000
-6.350344216 -14.996495000
-13.487139736 -14.996495000
0.00000 0.00000
9.113029701 -14.796495000
1.594020750 -14.796495000
0.00000 0.00000
-6.246755824 -14.796495000
-13.429502779 -14.796495000
0.00000 0.00000
9.127090982 -14.596495000
1.513618649 -14.596495000
0.00000 0.00000
-6.143304090 -14.596495000
-13.371077879 -14.596495000
0.00000 0.00000
9.141348975 -14.396495000
1.433216548 -14.396495000
0.00000 0.00000
-6.040869802 -14.396495000
-13.311821873 -14.396495000
0.00000 0.00000
9.156046904 -14.196495000
1.352814447 -14.196495000
0.00000 0.00000
-5.938784244 -14.196495000
-13.252023937 -14.196495000
0.00000 0.00000
9.171355942 -13.996495000
1.273052423 -13.996495000
0.00000 0.00000
-5.837563047 -13.996495000
-13.191092617 -13.996495000
0.00000 0.00000
9.187353842 -13.796495000
1.193325398 -13.796495000
0.00000 0.00000
-5.736874570 -13.796495000
-13.129745222 -13.796495000
0.00000 0.00000
9.203673191 -13.596495000
1.113598374 -13.596495000
0.00000 0.00000
-5.636940251 -13.596495000
-13.067081701 -13.596495000
0.00000 0.00000
9.220770951 -13.396495000
1.033871349 -13.396495000
0.00000 0.00000
-5.537690429 -13.396495000
-13.003996451 -13.396495000
0.00000 0.00000
9.238340190 -13.196495000
0.954213092 -13.196495000
0.00000 0.00000
-5.439134915 -13.196495000
-12.939539182 -13.196495000
0.00000 0.00000
9.256379824 -12.996495000
0.874717464 -12.996495000
0.00000 0.00000
-5.341377059 -12.996495000
-12.874513249 -12.996495000
0.00000 0.00000
9.275249831 -12.796495000
0.795221835 -12.796495000
0.00000 0.00000
-5.244134397 -12.796495000
-12.808200812 -12.796495000
0.00000 0.00000
9.294465845 -12.596495000
0.715726207 -12.596495000
0.00000 0.00000
-5.147856323 -12.596495000
-12.741018886 -12.596495000
0.00000 0.00000
9.314489043 -12.396495000
0.636223442 -12.396495000
0.00000 0.00000
-5.051969800 -12.396495000
-12.672785963 -12.396495000
0.00000 0.00000
9.335080614 -12.196495000
0.556387560 -12.196495000
0.00000 0.00000
-4.956083277 -12.196495000
-12.603216668 -12.196495000
0.00000 0.00000
9.356146832 -11.996495000
0.476551678 -11.996495000
0.00000 0.00000
-4.860196754 -11.996495000
-12.532995289 -11.996495000
0.00000 0.00000
9.378168945 -11.796495000
0.396715796 -11.796495000
0.00000 0.00000
-4.764333921 -11.796495000
-12.460789997 -11.796495000
0.00000 0.00000
9.400565522 -11.596495000
0.316775575 -11.596495000
0.00000 0.00000
-4.668484369 -11.596495000
-12.387819150 -11.596495000
0.00000 0.00000
9.423823743 -11.396495000
0.236043809 -11.396495000
0.00000 0.00000
-4.572634818 -11.396495000
-12.313405902 -11.396495000
0.00000 0.00000
9.447732134 -11.196495000
0.155312043 -11.196495000
0.00000 0.00000
-4.476785267 -11.196495000
-12.237332356 -11.196495000
0.00000 0.00000
9.472141619 -10.996495000
0.074113940 -10.996495000
0.00000 0.00000
-4.380935715 -10.996495000
-12.160146869 -10.996495000
0.00000 0.00000
9.497623798 -10.796495000
-0.007701422 -10.796495000
0.00000 0.00000
-4.284514437 -10.796495000
-12.081238171 -10.796495000
0.00000 0.00000
9.523514711 -10.596495000
-0.090422517 -10.596495000
0.00000 0.00000
-4.187555351 -10.596495000
-12.000422376 -10.596495000
0.00000 0.00000
9.550340865 -10.396495000
-0.173700664 -10.396495000
0.00000 0.00000
-4.090311848 -10.396495000
-11.918097664 -10.396495000
0.00000 0.00000
9.577895137 -10.196495000
-0.258271420 -10.196495000
0.00000 0.00000
-3.992037872 -10.196495000
-11.834088279 -10.196495000
0.00000 0.00000
9.605990629 -9.996495000
-0.344168040 -9.996495000
0.00000 0.00000
-3.892587464 -9.996495000
-11.747826138 -9.996495000
0.00000 0.00000
9.635276883 -9.796495000
-0.431371047 -9.796495000
0.00000 0.00000
-3.791964748 -9.796495000
-11.659323039 -9.796495000
0.00000 0.00000
9.665015117 -9.596495000
-0.520387396 -9.596495000
0.00000 0.00000
-3.689824545 -9.596495000
-11.568661236 -9.596495000
0.00000 0.00000
9.695772359 -9.396495000
-0.612343384 -9.396495000
0.00000 0.00000
-3.585505994 -9.396495000
-11.475630453 -9.396495000
0.00000 0.00000
9.727346172 -9.196495000
-0.707237761 -9.196495000
0.00000 0.00000
-3.478092885 -9.196495000
-11.380010064 -9.196495000
0.00000 0.00000
9.759498905 -8.996495000
-0.806006674 -8.996495000
0.00000 0.00000
-3.367086067 -8.996495000
-11.281569182 -8.996495000
0.00000 0.00000
9.792985980 -8.796495000
-0.910436811 -8.796495000
0.00000 0.00000
-3.251229739 -8.796495000
-11.180069381 -8.796495000
0.00000 0.00000
9.826979117 -8.596495000
-1.021901290 -8.596495000
0.00000 0.00000
-3.126323887 -8.596495000
-11.075271678 -8.596495000
0.00000 0.00000
9.862061832 -8.396495000
-1.142245459 -8.396495000
0.00000 0.00000
-2.994196564 -8.396495000
-10.966013348 -8.396495000
0.00000 0.00000
9.898086592 -8.196495000
-1.279430164 -8.196495000
0.00000 0.00000
-2.845235234 -8.196495000
-10.854687952 -8.196495000
0.00000 0.00000
9.934706310 -7.996495000
-1.449628140 -7.996495000
0.00000 0.00000
-2.662670227 -7.996495000
-10.737114443 -7.996495000
0.00000 0.00000
9.972852258 -7.796495000
-1.710698193 -7.796495000
0.00000 0.00000
-2.390737832 -7.796495000
-10.615917862 -7.796495000
0.00000 0.00000
10.011700829 -7.596495000
-10.490022546 -7.596495000
0.00000 0.00000
10.051952035 -7.396495000
-10.358170569 -7.396495000
0.00000 0.00000
10.113246331 -7.196495000
-10.217986399 -7.196495000
0.00000 0.00000
10.188917652 -6.996495000
-10.076004406 -6.996495000
0.00000 0.00000
10.296449699 -6.796495000
-9.926724923 -6.796495000
0.00000 0.00000
10.407118702 -6.596495000
-9.775442406 -6.596495000
0.00000 0.00000
10.516265007 -6.396495000
-9.627805064 -6.396495000
0.00000 0.00000
10.622707679 -6.196495000
-9.494176309 -6.196495000
0.00000 0.00000
10.726415845 -5.996495000
-9.393089457 -5.996495000
0.00000 0.00000
10.827107192 -5.796495000
-9.366355910 -5.796495000
0.00000 0.00000
10.924223992 -5.596495000
-9.364680511 -5.596495000
0.00000 0.00000
11.015361865 -5.396495000
-9.363005112 -5.396495000
0.00000 0.00000
11.103247127 -5.196495000
-9.361329712 -5.196495000
0.00000 0.00000
11.183829778 -4.996495000
-9.359654313 -4.996495000
0.00000 0.00000
11.254617583 -4.796495000
-9.357978914 -4.796495000
0.00000 0.00000
11.311844301 -4.596495000
-9.356303515 -4.596495000
0.00000 0.00000
11.354773308 -4.396495000
-9.354628115 -4.396495000
0.00000 0.00000
11.391853459 -4.196495000
9.571711202 -4.196495000
0.00000 0.00000
7.557419013 -4.196495000
-9.352952716 -4.196495000
0.00000 0.00000
6.950190075 -3.996495000
-9.351277317 -3.996495000
0.00000 0.00000
6.580285101 -3.796495000
-9.349601918 -3.796495000
0.00000 0.00000
6.307475793 -3.596495000
-9.347926518 -3.596495000
0.00000 0.00000
6.088796519 -3.396495000
-9.346251119 -3.396495000
0.00000 0.00000
5.903980076 -3.196495000
-9.344575720 -3.196495000
0.00000 0.00000
5.734360588 -2.996495000
-9.342900320 -2.996495000
0.00000 0.00000
5.574004450 -2.796495000
-9.341224921 -2.796495000
0.00000 0.00000
5.427681639 -2.596495000
-9.339549522 -2.596495000
0.00000 0.00000
5.301334494 -2.396495000
-9.337874123 -2.396495000
0.00000 0.00000
5.203080436 -2.196495000
-9.336198723 -2.196495000
0.00000 0.00000
5.146809655 -1.996495000
-9.334523324 -1.996495000
0.00000 0.00000
5.134280315 -1.796495000
-9.332847925 -1.796495000
0.00000 0.00000
5.164027625 -1.596495000
-9.331172526 -1.596495000
0.00000 0.00000
5.308855542 -1.396495000
-9.329497126 -1.396495000
0.00000 0.00000
5.578164596 -1.196495000
-9.327821727 -1.196495000
0.00000 0.00000
6.165722977 -0.996495000
-9.479627367 -0.996495000
0.00000 0.00000
7.210088588 -0.796495000
-9.772060794 -0.796495000
0.00000 0.00000
8.486822574 -0.596495000
-10.136332814 -0.596495000
0.00000 0.00000
9.671285369 -0.396495000
-10.548987914 -0.396495000
0.00000 0.00000
10.704002472 -0.196495000
-11.006828026 -0.196495000
0.00000 0.00000
11.616617969 0.003505000
1.301668442 0.003505000
0.00000 0.00000
-1.750707696 0.003505000
-11.499248379 0.003505000
0.00000 0.00000
12.435483404 0.203505000
3.110375930 0.203505000
0.00000 0.00000
-3.553565971 0.203505000
-12.016077477 0.203505000
0.00000 0.00000
13.185763972 0.403505000
4.174370240 0.403505000
0.00000 0.00000
-4.625156646 0.403505000
-12.542119316 0.403505000
0.00000 0.00000
13.879187886 0.603505000
4.978431566 0.603505000
0.00000 0.00000
-5.428364491 0.603505000
-13.068018899 0.603505000
0.00000 0.00000
14.526073173 0.803505000
5.631910186 0.803505000
0.00000 0.00000
-6.083012747 0.803505000
-13.585573466 0.803505000
0.00000 0.00000
15.135992158 1.003505000
6.179562980 1.003505000
0.00000 0.00000
-6.631370622 1.003505000
-14.085296228 1.003505000
0.00000 0.00000
15.706006460 1.203505000
6.645111230 1.203505000
0.00000 0.00000
-2.497593882 1.203505000
-2.518448253 1.203505000
0.00000 0.00000
-7.096788080 1.203505000
-14.561892504 1.203505000
0.00000 0.00000
16.230486256 1.403505000
7.050628066 1.403505000
0.00000 0.00000
-1.484593735 1.403505000
-3.387766320 1.403505000
0.00000 0.00000
-7.500889188 1.403505000
-15.011994947 1.403505000
0.00000 0.00000
16.698919597 1.603505000
7.397132966 1.603505000
0.00000 0.00000
-1.118875152 1.603505000
-3.749485289 1.603505000
0.00000 0.00000
-7.848402669 1.603505000
-15.433929294 1.603505000
0.00000 0.00000
17.108638255 1.803505000
7.698702826 1.803505000
0.00000 0.00000
-0.859651472 1.803505000
-4.010385750 1.803505000
0.00000 0.00000
-8.148431988 1.803505000
-15.827432178 1.803505000
0.00000 0.00000
17.454308673 2.003505000
7.960423567 2.003505000
0.00000 0.00000
-0.658116739 2.003505000
-4.207265206 2.003505000
0.00000 0.00000
-8.408802990 2.003505000
-16.190339729 2.003505000
0.00000 0.00000
17.737839567 2.203505000
8.181615615 2.203505000
0.00000 0.00000
-0.500104271 2.203505000
-4.365473702 2.203505000
0.00000 0.00000
-8.632569895 2.203505000
-16.526731303 2.203505000
0.00000 0.00000
17.956474225 2.403505000
8.367792276 2.403505000
0.00000 0.00000
-0.373435141 2.403505000
-4.492740200 2.403505000
0.00000 0.00000
-8.818148323 2.403505000
-16.832487796 2.403505000
0.00000 0.00000
18.104513724 2.603505000
8.522437055 2.603505000
0.00000 0.00000
-0.271986300 2.603505000
-4.594158597 2.603505000
0.00000 0.00000
-8.971008706 2.603505000
-17.114166415 2.603505000
0.00000 0.00000
18.191035127 2.803505000
8.644259382 2.803505000
0.00000 0.00000
-0.192903480 2.803505000
-4.673215628 2.803505000
0.00000 0.00000
-9.099004387 2.803505000
-17.368662647 2.803505000
0.00000 0.00000
18.219849251 3.003505000
8.745719707 3.003505000
0.00000 0.00000
-0.135089498 3.003505000
-4.732438583 3.003505000
0.00000 0.00000
-9.191401875 3.003505000
-17.599416105 3.003505000
0.00000 0.00000
18.203415242 3.203505000
8.810303482 3.203505000
0.00000 0.00000
-0.095655023 3.203505000
-4.772915464 3.203505000
0.00000 0.00000
-9.261192059 3.203505000
-17.808396454 3.203505000
0.00000 0.00000
18.156630238 3.403505000
8.850481687 3.403505000
0.00000 0.00000
-0.073507534 3.403505000
-4.788804854 3.403505000
0.00000 0.00000
-9.310146917 3.403505000
-17.995653347 3.403505000
0.00000 0.00000
18.083022159 3.603505000
8.873079552 3.603505000
0.00000 0.00000
-0.067977617 3.603505000
-4.804683814 3.603505000
0.00000 0.00000
-9.322628424 3.603505000
-18.160918208 3.603505000
0.00000 0.00000
17.991949997 3.803505000
8.863958295 3.803505000
0.00000 0.00000
-0.078837461 3.803505000
-4.788969074 3.803505000
0.00000 0.00000
-9.314153773 3.803505000
-18.307360438 3.803505000
0.00000 0.00000
17.885200726 4.003505000
8.829384436 4.003505000
0.00000 0.00000
-0.106496940 4.003505000
-4.760696194 4.003505000
0.00000 0.00000
-9.287469964 4.003505000
-18.435828427 4.003505000
0.00000 0.00000
17.771985194 4.203505000
8.776357850 4.203505000
0.00000 0.00000
-0.151737458 4.203505000
-4.714244269 4.203505000
0.00000 0.00000
-9.222776323 4.203505000
-18.547178372 4.203505000
0.00000 0.00000
17.649679975 4.403505000
8.685401599 4.403505000
0.00000 0.00000
-0.216089431 4.403505000
-4.649344429 4.403505000
0.00000 0.00000
-9.136574483 4.403505000
-18.642262348 4.403505000
0.00000 0.00000
17.524844814 4.603505000
8.570670413 4.603505000
0.00000 0.00000
-0.302491132 4.603505000
-4.563787376 4.603505000
0.00000 0.00000
-9.027809795 4.603505000
-18.721923933 4.603505000
0.00000 0.00000
17.396661165 4.803505000
8.431825526 4.803505000
0.00000 0.00000
-0.411698383 4.803505000
-4.454733601 4.803505000
0.00000 0.00000
-8.883924194 4.803505000
-18.787001576 4.803505000
0.00000 0.00000
17.267968256 5.003505000
8.256735903 5.003505000
0.00000 0.00000
-0.547548106 5.003505000
-4.317940049 5.003505000
0.00000 0.00000
-8.708722885 5.003505000
-18.838317242 5.003505000
0.00000 0.00000
17.139320938 5.203505000
8.048524594 5.203505000
0.00000 0.00000
-0.718328298 5.203505000
-4.146933628 5.203505000
0.00000 0.00000
-8.500512853 5.203505000
-18.876679056 5.203505000
0.00000 0.00000
17.011849877 5.403505000
7.805139652 5.403505000
0.00000 0.00000
-0.936532653 5.403505000
-3.931568495 5.403505000
0.00000 0.00000
-8.257128080 5.403505000
-18.902879099 5.403505000
0.00000 0.00000
16.885661109 5.603505000
7.520504899 5.603505000
0.00000 0.00000
-1.219721019 5.603505000
-3.648045027 5.603505000
0.00000 0.00000
-7.972493491 5.603505000
-18.917685986 5.603505000
0.00000 0.00000
16.762416105 5.803505000
7.189180652 5.803505000
0.00000 0.00000
-1.644803205 5.803505000
-3.221054587 5.803505000
0.00000 0.00000
-7.641169026 5.803505000
-18.921848967 5.803505000
0.00000 0.00000
16.642111911 6.003505000
6.811021068 6.003505000
0.00000 0.00000
-7.263009982 6.003505000
-18.913556388 6.003505000
0.00000 0.00000
16.525035363 6.203505000
6.367157342 6.203505000
0.00000 0.00000
-6.819145524 6.203505000
-18.895540492 6.203505000
0.00000 0.00000
16.411378289 6.403505000
5.854662433 6.403505000
0.00000 0.00000
-6.306651841 6.403505000
-18.868661029 6.403505000
0.00000 0.00000
16.301233152 6.603505000
5.248901761 6.603505000
0.00000 0.00000
-5.700888761 6.603505000
-18.833580002 6.603505000
0.00000 0.00000
16.194454089 6.803505000
4.507667515 6.803505000
0.00000 0.00000
-4.959654515 6.803505000
-18.789543597 6.803505000
0.00000 0.00000
16.092101722 7.003505000
3.564917170 7.003505000
0.00000 0.00000
-4.016903170 7.003505000
-18.735662511 7.003505000
0.00000 0.00000
15.992802688 7.203505000
2.185155962 7.203505000
0.00000 0.00000
-2.637142962 7.203505000
-18.675140381 7.203505000
0.00000 0.00000
15.898702492 7.403505000
-18.608538186 7.403505000
0.00000 0.00000
15.808137771 7.603505000
-18.531772375 7.603505000
0.00000 0.00000
15.720850760 7.803505000
-18.449335169 7.803505000
0.00000 0.00000
15.637784728 8.003505000
-18.362142914 8.003505000
0.00000 0.00000
15.559256562 8.203505000
-18.265107126 8.203505000
0.00000 0.00000
15.483585135 8.403505000
-18.163923696 8.403505000
0.00000 0.00000
15.412091235 8.603505000
-18.057190700 8.603505000
0.00000 0.00000
15.344883279 8.803505000
-17.942996881 8.803505000
0.00000 0.00000
15.279960734 9.003505000
-17.826176542 9.003505000
0.00000 0.00000
15.220359103 9.203505000
-17.703981107 9.203505000
0.00000 0.00000
15.163391735 9.403505000
-17.583067914 9.403505000
0.00000 0.00000
15.109797955 9.603505000
-17.462528888 9.603505000
0.00000 0.00000
15.060485069 9.803505000
-17.343884963 9.803505000
0.00000 0.00000
15.012917196 10.003505000
11.217366822 10.003505000
0.00000 0.00000
9.670951834 10.003505000
-17.225701549 10.003505000
0.00000 0.00000
14.970917406 10.203505000
12.039409027 10.203505000
0.00000 0.00000
8.848638793 10.203505000
-17.108811620 10.203505000
0.00000 0.00000
14.929842142 10.403505000
12.506215347 10.403505000
0.00000 0.00000
8.382111855 10.403505000
-16.992645160 10.403505000
0.00000 0.00000
14.894317154 10.603505000
12.837299861 10.603505000
0.00000 0.00000
8.050994608 10.603505000
-3.251856655 10.603505000
0.00000 0.00000
-3.753865324 10.603505000
-16.877286610 10.603505000
0.00000 0.00000
14.859808093 10.803505000
13.084969723 10.803505000
0.00000 0.00000
7.804220472 10.803505000
-2.970313414 10.803505000
0.00000 0.00000
-3.991006889 10.803505000
-16.762819182 10.803505000
0.00000 0.00000
14.830268475 11.003505000
13.265758380 11.003505000
0.00000 0.00000
7.623657032 11.003505000
-2.804256122 11.003505000
0.00000 0.00000
-4.135974259 11.003505000
-16.648774739 11.003505000
0.00000 0.00000
14.801635483 11.203505000
13.401367357 11.203505000
0.00000 0.00000
7.486636375 11.203505000
-2.675391795 11.203505000
0.00000 0.00000
-4.245042544 11.203505000
-16.535912102 11.203505000
0.00000 0.00000
14.777122398 11.403505000
13.500156478 11.403505000
0.00000 0.00000
7.386242143 11.403505000
-2.561067350 11.403505000
0.00000 0.00000
-4.335646020 11.403505000
-16.423208061 11.403505000
0.00000 0.00000
14.755505737 11.603505000
13.539815818 11.603505000
0.00000 0.00000
7.334234577 11.603505000
-2.460662533 11.603505000
0.00000 0.00000
-4.413132173 11.603505000
-16.310801788 11.603505000
0.00000 0.00000
14.736722270 11.803505000
13.579475157 11.803505000
0.00000 0.00000
7.315833000 11.803505000
-2.368986570 11.803505000
0.00000 0.00000
-4.484455441 11.803505000
-16.199669039 11.803505000
0.00000 0.00000
14.720712019 12.003505000
13.561883169 12.003505000
0.00000 0.00000
7.323367596 12.003505000
-2.280969041 12.003505000
0.00000 0.00000
-4.548513901 12.003505000
-16.088536290 12.003505000
0.00000 0.00000
14.707435656 12.203505000
13.510403130 12.203505000
0.00000 0.00000
7.375375162 12.203505000
-2.200356365 12.203505000
0.00000 0.00000
-4.607449267 12.203505000
-15.977403540 12.203505000
0.00000 0.00000
14.697055288 12.403505000
13.430151817 12.403505000
0.00000 0.00000
7.464467750 12.403505000
-2.121107693 12.403505000
0.00000 0.00000
-4.662732300 12.403505000
-15.866270791 12.403505000
0.00000 0.00000
14.689312207 12.603505000
13.302444265 12.603505000
0.00000 0.00000
7.589201902 12.603505000
-2.046110399 12.603505000
0.00000 0.00000
-4.714091907 12.603505000
-15.755138042 12.603505000
0.00000 0.00000
14.684144966 12.803505000
13.123796664 12.803505000
0.00000 0.00000
7.758100573 12.803505000
-1.973648689 12.803505000
0.00000 0.00000
-4.762844040 12.803505000
-15.644495933 12.803505000
0.00000 0.00000
14.681491424 13.003505000
12.896890808 13.003505000
0.00000 0.00000
7.994040467 13.003505000
-1.903324043 13.003505000
0.00000 0.00000
-4.809575378 13.003505000
-15.533944500 13.003505000
0.00000 0.00000
14.681289923 13.203505000
12.583249628 13.203505000
0.00000 0.00000
8.301913775 13.203505000
-1.834817866 13.203505000
0.00000 0.00000
-4.853072632 13.203505000
-15.423393068 13.203505000
0.00000 0.00000
14.683479381 13.403505000
12.152712274 13.403505000
0.00000 0.00000
8.736365306 13.403505000
-1.767868386 13.403505000
0.00000 0.00000
-4.895282207 13.403505000
-15.312841636 13.403505000
0.00000 0.00000
14.687998509 13.603505000
11.459433920 13.603505000
0.00000 0.00000
9.435986717 13.603505000
-1.702353188 13.603505000
0.00000 0.00000
-4.935900613 13.603505000
-15.202290203 13.603505000
0.00000 0.00000
14.694799431 13.803505000
-1.638090223 13.803505000
0.00000 0.00000
-4.974516259 13.803505000
-15.091190908 13.803505000
0.00000 0.00000
14.704384103 14.003505000
-1.575011425 14.003505000
0.00000 0.00000
-5.012557219 14.003505000
-14.979723241 14.003505000
0.00000 0.00000
14.716156499 14.203505000
-1.512270839 14.203505000
0.00000 0.00000
-5.048317868 14.203505000
-14.868255574 14.203505000
0.00000 0.00000
14.730056580 14.403505000
-1.451073115 14.403505000
0.00000 0.00000
-5.083831104 14.403505000
-14.756499296 14.403505000
0.00000 0.00000
14.746024194 14.603505000
-1.389932510 14.603505000
0.00000 0.00000
-5.117525761 14.603505000
-14.643522828 14.603505000
0.00000 0.00000
14.764016544 14.803505000
-1.329443841 14.803505000
0.00000 0.00000
-5.150996942 14.803505000
-14.530546360 14.803505000
0.00000 0.00000
14.785296151 15.003505000
-1.269646216 15.003505000
0.00000 0.00000
-5.182824706 15.003505000
-14.416485617 15.003505000
0.00000 0.00000
14.806762280 15.203505000
-1.209848591 15.203505000
0.00000 0.00000
-5.214639361 15.203505000
-14.301845545 15.203505000
0.00000 0.00000
14.829851994 15.403505000
5.879140505 15.403505000
0.00000 0.00000
5.866155089 15.403505000
-1.150871256 15.403505000
0.00000 0.00000
-5.243193903 15.403505000
-14.185760172 15.403505000
0.00000 0.00000
14.852381250 15.603505000
5.826295087 15.603505000
0.00000 0.00000
5.757621289 15.603505000
-1.091956802 15.603505000
0.00000 0.00000
-5.271748445 15.603505000
-14.068792654 15.603505000
0.00000 0.00000
14.874796672 15.803505000
6.161150625 15.803505000
0.00000 0.00000
5.960498993 15.803505000
5.773449669 15.803505000
0.00000 0.00000
5.649087489 15.803505000
-1.033200937 15.803505000
0.00000 0.00000
-5.318020942 15.803505000
-13.950846884 15.803505000
0.00000 0.00000
14.896807160 16.003505000
6.210858287 16.003505000
0.00000 0.00000
5.932328585 16.003505000
-0.974797100 16.003505000
0.00000 0.00000
-5.394041212 16.003505000
-13.830911925 16.003505000
0.00000 0.00000
14.918227878 16.203505000
6.260565949 16.203505000
0.00000 0.00000
5.732271842 16.203505000
-0.916393264 16.203505000
0.00000 0.00000
-5.504450893 16.203505000
-13.709814315 16.203505000
0.00000 0.00000
14.939499323 16.403505000
6.311826845 16.403505000
0.00000 0.00000
5.532215100 16.403505000
-0.857989428 16.403505000
0.00000 0.00000
-5.616319396 16.403505000
-13.587130793 16.403505000
0.00000 0.00000
14.959800300 16.603505000
6.363384916 16.603505000
0.00000 0.00000
5.475199025 16.603505000
-0.799543646 16.603505000
0.00000 0.00000
-5.730810030 16.603505000
-13.461838400 16.603505000
0.00000 0.00000
14.980092952 16.803505000
6.416087549 16.803505000
0.00000 0.00000
5.432309105 16.803505000
-0.741001131 16.803505000
0.00000 0.00000
-5.848175315 16.803505000
-13.334740648 16.803505000
0.00000 0.00000
14.999125950 17.003505000
6.469650494 17.003505000
0.00000 0.00000
5.389321645 17.003505000
-0.682458617 17.003505000
0.00000 0.00000
-5.968693694 17.003505000
-13.205631831 17.003505000
0.00000 0.00000
15.018125694 17.203505000
6.524119807 17.203505000
0.00000 0.00000
5.344737908 17.203505000
-0.623916103 17.203505000
0.00000 0.00000
-6.092686363 17.203505000
-13.072688574 17.203505000
0.00000 0.00000
15.035720067 17.403505000
6.579863359 17.403505000
0.00000 0.00000
5.300154171 17.403505000
-0.565198313 17.403505000
0.00000 0.00000
-6.220507362 17.403505000
-12.937206410 17.403505000
0.00000 0.00000
15.053019995 17.603505000
6.636491238 17.603505000
0.00000 0.00000
5.254959296 17.603505000
-0.505932089 17.603505000
0.00000 0.00000
-6.352563174 17.603505000
-12.797479566 17.603505000
0.00000 0.00000
15.068971541 17.803505000
12.642658920 17.803505000
0.00000 0.00000
12.263158640 17.803505000
6.694614735 17.803505000
0.00000 0.00000
5.208547475 17.803505000
-0.446665865 17.803505000
0.00000 0.00000
-6.489270247 17.803505000
-12.654104137 17.803505000
0.00000 0.00000
15.084034336 18.003505000
13.086047925 18.003505000
0.00000 0.00000
11.870614815 18.003505000
6.753876075 18.003505000
0.00000 0.00000
5.162135653 18.003505000
-0.386855565 18.003505000
0.00000 0.00000
-6.632592869 18.003505000
-12.506182805 18.003505000
0.00000 0.00000
15.098099920 18.203505000
13.342236621 18.203505000
0.00000 0.00000
11.674016193 18.203505000
6.814606078 18.203505000
0.00000 0.00000
5.114262620 18.203505000
-0.326573335 18.203505000
0.00000 0.00000
-6.779187922 18.203505000
-12.352626456 18.203505000
0.00000 0.00000
15.110214675 18.403505000
13.549423519 18.403505000
0.00000 0.00000
11.523494288 18.403505000
6.877078339 18.403505000
0.00000 0.00000
5.065871776 18.403505000
-0.266291105 18.403505000
0.00000 0.00000
-6.936043185 18.403505000
-12.191643280 18.403505000
0.00000 0.00000
15.120965047 18.603505000
13.733105336 18.603505000
0.00000 0.00000
11.387110497 18.603505000
6.940671707 18.603505000
0.00000 0.00000
5.016904848 18.603505000
-0.204808172 18.603505000
0.00000 0.00000
-7.100432327 18.603505000
-12.022848483 18.603505000
0.00000 0.00000
15.129951795 18.803505000
13.902295137 18.803505000
0.00000 0.00000
11.256029645 18.803505000
7.007063651 18.803505000
0.00000 0.00000
4.966362831 18.803505000
-0.143107014 18.803505000
0.00000 0.00000
-7.274188550 18.803505000
-11.844459363 18.803505000
0.00000 0.00000
15.136420839 19.003505000
14.062167788 19.003505000
0.00000 0.00000
11.128928181 19.003505000
7.074627131 19.003505000
0.00000 0.00000
4.915820813 19.003505000
-0.081100413 19.003505000
0.00000 0.00000
-7.460380216 19.003505000
-11.654081536 19.003505000
0.00000 0.00000
15.137832418 19.203505000
14.215637411 19.203505000
0.00000 0.00000
11.005598221 19.203505000
7.144819157 19.203505000
0.00000 0.00000
4.863403226 19.203505000
-0.017803628 19.203505000
0.00000 0.00000
-7.663412869 19.203505000
-11.448440686 19.203505000
0.00000 0.00000
15.138936163 19.403505000
14.368041772 19.403505000
0.00000 0.00000
10.884488302 19.403505000
7.217943480 19.403505000
0.00000 0.00000
4.810453660 19.403505000
0.045812836 19.403505000
0.00000 0.00000
-7.889824037 19.403505000
-11.218595493 19.403505000
0.00000 0.00000
15.130360327 19.603505000
14.520416647 19.603505000
0.00000 0.00000
10.763482349 19.603505000
7.293915363 19.603505000
0.00000 0.00000
4.756116545 19.603505000
0.110474689 19.603505000
0.00000 0.00000
-8.149701580 19.603505000
-10.957839062 19.603505000
0.00000 0.00000
15.119056889 19.803505000
14.678023640 19.803505000
0.00000 0.00000
10.642932005 19.803505000
7.372821213 19.803505000
0.00000 0.00000
4.700535003 19.803505000
0.176320289 19.803505000
0.00000 0.00000
-8.460102246 19.803505000
-10.641402683 19.803505000
0.00000 0.00000
15.131941366 20.003505000
14.853535537 20.003505000
0.00000 0.00000
10.522006411 20.003505000
7.455326138 20.003505000
0.00000 0.00000
4.643610800 20.003505000
0.243177604 20.003505000
0.00000 0.00000
-8.909098718 20.003505000
-10.199518022 20.003505000
0.00000 0.00000
15.189486453 20.203505000
15.093431619 20.203505000
0.00000 0.00000
10.398995732 20.203505000
7.542850975 20.203505000
0.00000 0.00000
4.585173850 20.203505000
0.311150518 20.203505000
0.00000 0.00000
10.273055997 20.403505000
7.635954274 20.403505000
0.00000 0.00000
4.524644111 20.403505000
0.380359325 20.403505000
0.00000 0.00000
10.141836492 20.603505000
7.735541611 20.603505000
0.00000 0.00000
4.463490527 20.603505000
0.450948586 20.603505000
0.00000 0.00000
10.004200760 20.803505000
7.843274524 20.803505000
0.00000 0.00000
4.399626943 20.803505000
0.523460351 20.803505000
0.00000 0.00000
9.857057476 21.003505000
7.963931961 21.003505000
0.00000 0.00000
4.334277797 21.003505000
0.597732120 21.003505000
0.00000 0.00000
9.695129230 21.203505000
8.099749075 21.203505000
0.00000 0.00000
4.266710633 21.203505000
0.673987818 21.203505000
0.00000 0.00000
9.510543726 21.403505000
8.259840651 21.403505000
0.00000 0.00000
4.196133074 21.403505000
0.752495012 21.403505000
0.00000 0.00000
9.270922787 21.603505000
8.481896394 21.603505000
0.00000 0.00000
4.123659696 21.603505000
0.833576185 21.603505000
0.00000 0.00000
4.047310665 21.803505000
0.917623152 21.803505000
0.00000 0.00000
3.967212713 22.003505000
1.005117245 22.003505000
0.00000 0.00000
3.883402388 22.203505000
1.096657374 22.203505000
0.00000 0.00000
3.794919126 22.403505000
1.192985974 22.403505000
0.00000 0.00000
3.700439723 22.603505000
1.296794185 22.603505000
0.00000 0.00000
3.598016843 22.803505000
1.404443798 22.803505000
0.00000 0.00000
3.486179945 23.003505000
1.522815430 23.003505000
0.00000 0.00000
3.360619474 23.203505000
1.654682319 23.203505000
0.00000 0.00000
3.216608314 23.403505000
1.805348564 23.403505000
0.00000 0.00000
3.041071226 23.603505000
1.993741908 23.603505000
0.00000 0.00000
2.782360770 23.803505000
2.261810732 23.803505000
0.00000 0.00000
