7482
2305
143
9102
7688
6361
7900
3635
255
2564
5741
6402
3283
3836
4671
6010
5608
2601
2060
3359
9112
6771
5364
8625
7570
1368
3205
7625
6275
4668
9724
7622
5738
7210
3405
721
9622
7976
2984
6715
4403
3635
2610
1877
6395
9486
2932
3277
4199
1520
6178
4105
6080
6392
2159
2115
8281
2167
9886
3737
8604
6716
2761
6000
5564
5779
4329
8449
6975
3813
1153
8560
9712
7310
4012
6369
2755
1542
7725
2590
4769
5885
8895
6285
3728
1943
3314
8347
5671
4559
3268
7778
7729
9598
9505
7686
2405
2348
6148
7872
9967
3488
2909
906
5248
1940
6298
3189
7082
6599
6629
2597
6202
5576
2652
7924
1244
8638
2033
9935
2884
9814
4278
5670
4942
7045
7140
4141
6467
7879
5021
4072
3481
8543
7260
8822
9389
5323
210
1052
8156
8651
3372
655
3688
5068
8777
2895
4589
5318
5788
8029
638
2987
3491
9071
3132
6497
7966
7313
2719
5655
1664
1113
6587
5683
3250
995
8108
7270
4068
6796
4540
1077
371
8064
7034
4969
9622
1890
3001
9293
1481
7813
8056
3729
3170
650
253
4320
3648
1603
3640
8367
8346
1438
6522
7254
2717
6256
6103
9349
5446
7827
2039
2832
2861
1918
2353
6652
2129
6806
8951
8777
1963
1598
1455
7186
8113
7207
3492
4065
6456
7623
6407
6562
453
2388
9370
3294
9881
4750
7587
4281
8141
6971
7943
4311
7741
2631
9997
6834
7020
4548
6628
1356
2481
8344
9592
4974
727
4348
5167
3040
2292
1489
2604
277
1851
7435
1934
8105
5675
1453
8706
8784
811
8707
5159
6324
8002
4659
6470
1064
6510
5546
1748
7717
4458
666
3914
5942
6372
5363
6871
2420
1952
5061
2757
1082
8732
2892
3075
4756
7536
559
1294
6943
3940
9235
2139
2793
500
8286
2064
7126
793
6011
1741
90
5361
9806
3010
7514
880
9189
7127
2512
6093
1937
6719
5176
7630
2974
8111
9576
7722
5565
6991
9437
2190
396
1731
2904
568
1432
1716
2013
6671
4837
6994
5144
551
4028
8668
9572
8164
5119
5173
9490
7805
2877
6707
1070
8405
2093
1265
2221
3496
7257
3740
5353
8485
6288
7698
4793
4954
8866
9516
1054
6348
585
3670
8595
2226
3337
967
7853
376
1146
1988
2031
5639
9245
8800
3468
8944
6816
7351
7845
2692
9081
1007
5741
9000
6925
8956
8105
4196
532
7492
2737
1246
6507
6680
2063
6058
89
4917
1301
4491
6615
2393
5883
3525
535
2243
2512
7681
1143
158
757
1795
2491
7774
7252
6997
5495
1047
5392
9817
7699
1684
5652
9363
7607
6355
2352
4467
8661
1423
8420
8796
3299
157
3345
483
1804
3809
6454
1401
953
8159
8607
526
9642
1111
5274
6339
8519
8202
6618
5582
47
131
3890
431
816
2189
1807
8236
8755
38
1276
5305
7727
7898
6495
5456
1354
989
1658
1254
4034
9177
4061
8703
4446
4023
9540
6822
2748
5470
4672
9313
3463
5812
8109
2682
7886
5740
5607
1880
3023
5160
7985
9237
5278
6252
6739
7005
2947
5891
7
1303
7508
893
7511
4426
7894
2811
3398
6198
7213
7599
9567
3190
3239
4542
2191
7402
756
7896
6426
9134
2970
7932
993
9256
2183
3286
3456
7986
7340
7303
8467
4751
5960
3729
7101
4447
9985
453
146
9831
3820
624
7674
1269
3050
5752
9630
6900
1269
4662
4920
6447
6725
7033
9954
4683
7285
9396
9565
2969
1989
9899
3162
1532
1154
6115
8608
9857
6660
8440
4859
5797
6267
3708
8886
2322
3099
6062
9491
1738
5830
4827
8603
1598
2595
1137
6707
1260
5818
6775
5456
3158
2340
9862
4995
2196
9865
6915
9544
5978
4715
7335
1446
4769
2647
2233
6408
4254
6633
3616
2502
315
4671
1113
7961
101
7238
4264
1849
9038
9371
7984
2123
2138
1293
3935
7975
5437
4020
4432
9297
2452
452
5995
8330
8674
9609
5325
9829
8574
7526
2292
845
3059
4724
5157
5575
9037
7156
8956
2033
1085
6732
7917
4017
1696
1269
5183
4512
8743
2455
7463
1578
4822
8017
7803
189
4930
1648
9105
468
4988
4221
122
1214
1614
6941
9008
2181
3290
1975
2267
5856
7805
8465
2150
7781
2888
6474
8046
2044
8537
8076
6325
5580
5655
9162
2976
1783
307
9404
783
1731
6749
3736
286
126
6789
4264
4248
1726
3742
8215
8676
3506
1086
5776
9399
2877
4804
2220
7351
6401
6691
9145
9253
5889
3866
9046
2858
9729
295
5004
6423
1974
8936
8646
6727
4910
3764
9632
9614
7269
3916
4494
1452
4225
3650
7479
3751
380
5354
4273
8776
2605
1080
4781
5587
6449
2770
7509
6796
2157
5725
3378
7627
5414
9387
6641
764
874
5545
292
8162
9081
465
6000
9132
5313
7362
4152
7830
9583
4033
7085
3427
3401
1924
8114
4662
6826
1941
5425
6886
9151
1894
587
5153
4987
2656
6527
8700
5448
3718
4105
4969
7846
167
3081
8300
33
7605
5266
3132
6562
630
3804
5397
9408
404
8040
6298
6702
629
1360
2203
8250
6970
1597
5424
4128
8571
1192
2261
2038
6876
5606
973
5531
6049
4411
1832
7911
2846
2220
5421
4257
5847
6716
3971
8583
3557
6017
377
3026
4924
2267
4537
6150
6771
9421
4093
1852
8454
2828
9553
5864
7281
4235
5131
5586
615
7610
4981
345
2024
2919
3164
160
8428
9563
1325
1985
4858
2505
4528
5173
5316
5566
3256
2255
3459
5611
6213
7573
3859
6094
9098
9710
8032
9262
385
9551
1588
1345
7538
8191
9028
4122
9082
2777
9137
2376
9836
7330
5630
8053
3338
2745
7582
6563
5146
14
5842
4656
599
838
6033
6962
9328
6266
8308
3221
6133
6007
7757
4640
3378
1528
7023
1310
4388
1833
1578
5725
5217
2728
8827
9203
2183
8395
2548
6304
3464
8074
5448
1371
8576
7163
569
1684
644
9703
9226
8883
1759
2383
9542
116
2576
665
5419
4452
5867
7959
330
4706
7878
112
9315
6648
564
2363
4853
1829
3087
8049
6696
8142
8603
2834
2052
745
5063
6911
5736
2267
6387
7058
1573
4152
5230
9674
795
7866
6941
788
3903
4622
8362
5552
3468
6753
5828
260
4938
8503
3891
8883
1640
1067
2380
660
9586
9175
7072
5684
9975
1390
172
6919
7988
2254
1184
1247
7559
1342
5213
7749
2540
6377
6672
1507
7755
9691
5663
535
2700
5454
9868
1256
767
3173
9118
4116
2683
3548
1092
8695
3701
6468
3871
1487
8050
9035
823
134
792
6791
9
7005
4208
954
529
4622
4229
7535
2623
5554
887
8985
4698
8076
700
3246
5300
5071
7660
5571
6433
3384
911
8738
680
8332
7237
9234
9447
8810
6174
7082
7716
1329
6854
96
9080
5308
8527
1313
8895
4758
594
7886
6277
1352
9086
1454
8974
5611
907
1602
5519
3270
5867
6258
1098
8456
5361
487
5212
5114
2322
3947
3895
8663
2098
3764
5095
6642
9655
2644
4659
7376
5840
5807
9582
5540
3082
5426
881
4937
5670
4896
4686
1928
2245
9407
856
7947
5745
4188
1104
7198
3913
5799
9184
9281
3828
1285
1233
204
2270
5236
7095
283
6747
8044
4130
6368
806
9907
760
7200
1831
9483
7923
3777
5943
3277
2288
7780
1809
2058
4052
4263
524
1171
1245
4156
1117
5143
7160
1541
4505
8003
3558
9625
1165
4012
1258
1558
2646
7272
2164
673
5636
7309
2944
4764
9564
1382
4448
6288
1147
2860
4637
4693
1037
9409
2100
7682
7998
1597
6869
3710
3283
4037
9123
9660
8612
1949
9811
2062
8286
8244
9011
4034
5129
2654
2286
184
5083
6888
6648
822
9103
349
5062
3862
8957
4193
5631
9516
5699
3312
7421
6266
6562
1656
9632
1611
6895
7876
5008
4982
5807
4613
464
1708
837
3330
8792
7860
6737
5455
85
9036
6085
8468
2291
6997
1272
2246
6679
5186
8230
4552
4563
3106
2181
2938
9708
3342
8264
7809
684
2826
2720
8142
3665
4280
3311
7229
9447
463
8934
5312
1930
6399
8715
9927
4648
7796
5922
5789
6909
9740
7332
1697
9848
1408
9904
4750
9610
8984
1809
6640
2046
6207
9462
9950
3963
9784
1631
4025
7815
6286
8566
8483
9506
2660
8777
6281
1323
8777
7623
4452
6508
5671
4662
1417
2216
6243
5291
2982
2785
9174
6175
1334
5494
9727
2644
2852
5683
6483
4150
3183
2326
9564
5327
7485
4321
6645
7313
7677
99
951
8475
5033
6722
8737
8746
172
1455
317
5652
8780
7550
26
7869
5010
3605
6720
6877
6579
168
8795
2913
7251
4405
5001
3401
6307
6672
2508
9937
1012
3861
4019
1330
4639
2914
3703
8492
7240
1436
4174
9818
6865
1508
8581
4083
371
8171
5701
7212
953
1091
3919
1475
9167
5299
9823
7895
9435
7003
4726
4600
1442
7124
9851
9552
2672
2671
2015
3952
9043
3966
5565
4515
4420
9443
5133
118
4621
3708
6953
5552
6106
9812
4141
2272
2194
3456
4557
6532
8748
6744
5695
1810
5733
5905
1404
8618
4309
9021
2139
909
7943
2326
7424
381
4612
5420
4725
6731
3158
1508
2796
8049
7244
1184
7435
9981
4604
7393
4890
3036
496
2193
8216
5722
3045
9539
4070
7863
3241
1628
2504
1547
7936
6159
7805
5522
6325
7543
6999
8502
139
1418
729
7483
1857
1865
7617
3651
5676
6152
2693
8291
6008
601
9115
4268
1486
222
7586
4748
515
2394
5985
9447
7872
7233
3811
6179
9289
5434
8997
6950
3884
9769
1438
8924
1879
8041
7345
9859
4416
6853
2796
2022
2097
5465
733
1255
680
4657
2299
1262
5198
2701
371
4556
2770
7411
5432
1490
3867
657
7933
5412
1569
1815
8
7829
2335
5682
8812
6069
5937
5189
3559
1324
1702
5855
5803
4912
595
942
6104
1252
4125
4236
4615
1793
7736
7790
4043
2846
9653
1081
654
3923
6478
2786
7200
1446
6714
1574
9530
4030
2421
4641
6364
1285
6820
7301
9851
4086
3335
9405
6353
5818
6503
141
9960
5603
7061
1709
2654
9596
4642
5519
2744
1476
3710
5827
2890
2346
3095
979
477
2588
1442
46
738
3730
5698
6939
1358
7777
5055
8582
5468
9927
7029
8488
86
239
2273
2177
6765
6654
2345
9264
9552
3108
2962
2700
783
8601
4922
3836
5702
1773
1011
2026
551
8516
8994
6451
6573
4481
4997
8948
8640
7702
2257
3824
1359
3011
1389
7176
3517
7860
4255
3112
4438
4916
5186
3120
6074
737
2187
2430
9037
7147
5559
1171
5722
6683
4046
9031
1001
7505
3566
9341
5622
4581
9388
3306
3263
5651
2612
8827
7010
6992
2332
8035
177
6024
7696
367
9774
5574
6093
8223
6068
1714
9426
5411
2336
3584
9458
7669
5392
4056
9805
8009
4951
7695
6655
846
7571
2575
5381
9223
4533
5173
8569
6818
6325
8923
1575
2207
7107
4404
856
9097
6741
6314
7316
8647
7688
9356
6082
9403
4958
7636
5714
7068
7
7224
8460
1541
2918
5826
8907
8758
2577
8724
3850
7403
613
1813
9954
2853
9905
5750
4695
7820
5697
7092
4261
7300
8672
6460
5189
1424
4671
8214
3192
8970
1909
1247
6676
6605
7097
789
3244
2318
5638
2234
6202
3423
40
1603
9650
4448
2169
8410
3308
1893
7894
670
3053
6374
7721
9423
3486
5641
6148
8353
8581
2911
8581
5919
5334
914
3546
5662
2913
2927
1328
4100
1633
2869
1207
1273
2222
3307
6644
2376
9340
1644
3159
7867
3262
3650
1608
7526
8662
1497
6666
7986
4735
6149
9152
8730
6986
9581
6816
5186
5564
7266
5218
3220
6456
1751
6908
5482
2996
6198
8608
3443
6735
3520
6921
132
1368
3719
8258
6198
7404
3506
7302
1851
1774
4606
6638
3880
3761
6055
9919
6195
3512
7521
3277
1687
4157
5676
1175
8824
800
7695
9619
5365
8937
4087
9620
6938
5343
2715
8937
3052
1415
1777
7409
430
8312
1302
9803
7758
7347
6769
1470
2589
5881
2151
6216
7069
4494
7845
6129
6936
934
7116
1068
2048
7418
10001
883
7059
436
3292
5187
5523
4149
5013
7972
1293
6686
4003
3543
5642
1618
9712
7119
2104
1751
9521
3488
8709
6341
2060
2045
4279
2170
9624
4748
6015
8395
8430
9446
9629
7466
5419
4680
4244
2197
1409
181
3335
2514
8177
411
2717
5304
2624
6475
4786
8078
206
3158
1709
7046
9481
3972
3785
1832
6460
3444
884
6671
4109
7362
5347
9723
4582
8872
785
3823
3073
9172
8634
9806
1366
5613
4312
5786
5234
1470
4941
4676
9652
2159
3565
1022
5664
6507
3273
7697
4153
2789
7610
9171
2248
241
1280
5527
7268
5734
6259
9952
9455
2017
4554
7954
3715
357
2817
1948
4328
5335
6541
8469
4958
2757
4881
7637
7244
2761
608
1197
2945
3101
9919
1881
3917
2226
5267
5729
9055
181
514
2428
5254
9249
4660
381
1163
4664
2935
9640
6123
2706
4929
256
8086
6232
763
8348
9627
570
3197
2330
9184
2166
4554
2867
2769
120
5903
7527
2591
8629
4876
6938
8725
6520
6713
1719
8989
5178
1608
9899
3711
7950
8576
5066
61
7243
3705
5350
9075
5058
7288
2514
4993
9282
2581
4885
1067
6750
6943
6372
4646
9624
1428
3033
6863
2307
4541
3850
4123
7781
6618
3388
2225
932
5116
929
7394
4109
9088
8981
7302
6741
9935
9034
4693
186
8202
7159
8917
9035
2038
5992
865
535
1264
2783
7047
1947
6360
317
1746
8623
8555
7752
6994
1876
3139
6169
1162
3708
9179
7309
9490
9907
9517
2648
3826
988
7765
2989
7094
449
6819
1483
442
3487
4273
2466
1365
5763
2614
5305
8251
3957
3729
6091
3488
2478
6465
630
226
3789
1424
1447
4247
5377
351
8886
5500
4871
9646
7361
865
2038
5317
1080
5722
494
5006
544
1884
892
6006
8787
7114
393
340
6716
7705
667
4756
6654
3434
7101
7811
5030
4709
4934
7954
8833
3467
8287
3607
2010
2012
8124
8317
8928
3634
7123
6751
2320
3735
6585
9135
3862
1779
8744
8472
1809
6388
9403
8265
2501
609
5733
7372
472
8757
2573
1754
9155
3812
690
3835
6388
4652
1304
411
8639
7919
7146
6545
7040
1522
7005
666
291
2518
3129
6730
1859
614
626
4817
5623
41
1794
4453
6291
1150
2787
2274
8091
4632
7342
266
8992
2908
7280
631
5592
6766
9921
5089
5601
916
7639
5605
7046
8529
7962
5382
3649
8082
7357
5967
6287
6037
7502
737
3169
1101
5704
9419
3334
482
6596
9574
3419
5518
9401
4489
5090
5030
6271
7802
3171
5708
4145
8961
4026
2632
4379
2876
9457
1722
4603
5483
6949
1271
1860
7482
3738
3702
9078
1142
1735
6129
5224
6335
7559
9555
5598
9724
6083
2447
3111
2731
539
6098
6026
9078
2391
8802
6258
3332
1565
2662
8600
7959
689
1495
7156
6700
335
2575
9323
2593
9684
3325
9258
3419
1580
2156
3401
4290
1274
4055
9384
6634
524
7895
2536
4583
7676
62
9640
6257
1711
5294
9249
6109
1370
3176
5414
8095
731
1650
4308
992
9591
5097
9924
4154
6672
2783
2812
554
8813
2757
9578
6450
2814
4008
4755
6930
9449
4805
2232
9462
943
1065
3368
5143
6658
1126
7462
3876
4150
9100
5203
7362
1471
3341
9107
507
9097
7308
8506
2775
51
9017
6288
634
8463
6303
2743
1773
6121
6891
6525
6704
1614
1913
6202
2813
919
5236
1677
5336
820
649
3254
5076
7055
2875
8214
1935
3505
9287
2229
1704
7894
9259
3517
5608
9077
5393
5882
483
9212
9947
3666
7387
1742
7517
3594
6656
4424
3328
9012
7590
2329
9881
5045
325
6984
3603
4731
821
3954
5359
3741
3463
5241
2541
6188
2105
7161
9053
8455
1669
4470
5117
7185
7282
6732
3722
3104
4562
9415
6227
4574
7475
4707
8521
6426
368
5768
5800
7863
5660
8317
3697
8483
9674
8216
6383
6090
4516
4726
4998
2403
7085
2979
1667
404
2451
1008
8300
9800
108
5367
7938
2576
3424
7767
3780
2728
7370
5897
7740
198
2238
1955
6349
196
7382
9350
184
9188
4936
8421
2060
1463
8506
3007
7487
9111
7506
7257
6227
1693
9254
5368
9542
6481
5336
4885
8424
7202
9294
972
6435
654
4499
9629
9044
6254
3076
2795
9977
1647
5856
3059
6082
3546
1940
8938
8172
424
4976
3739
6729
9214
1541
6290
8622
4819
2594
3642
1154
107
3766
2969
1182
9471
525
4699
6988
7725
4584
1330
450
7620
5392
146
5797
2250
2557
1557
6536
497
4957
4480
7526
3938
545
6672
9212
60
6072
6903
5945
7466
5374
1732
7776
3640
591
5153
3800
9106
7162
3787
3119
2596
1295
2702
1162
6852
8137
5003
5546
4723
1294
451
9319
2634
1031
9208
5549
1793
8320
5274
9577
5409
385
9895
623
7955
5590
4859
5456
7334
8476
4231
523
9749
153
3959
4269
4038
6726
4207
8042
6608
1594
1149
2016
2961
1077
9641
7009
4614
3641
3353
1738
4266
5318
5287
9877
3471
6858
7435
5349
466
226
701
9788
290
1381
7397
1677
6955
375
714
3131
9943
3184
5876
4548
8753
3234
6921
7177
9066
1495
1978
5972
605
4880
9432
5869
9305
7475
5822
9477
9940
2191
7633
6475
3287
6962
9976
6075
8074
3863
2433
2656
6422
1085
3143
8789
3545
9968
7318
3598
6658
5750
4273
4873
5795
6279
1464
9965
397
566
5879
9522
7220
8113
6581
760
1284
711
3541
9559
1202
4993
5416
7989
790
7460
5751
5687
1449
7382
8369
7170
6193
4006
1200
379
4884
5996
9069
1798
3141
2218
6282
195
306
4915
1170
2885
9652
4634
9869
1589
2889
7790
6156
6350
9239
9464
2269
2135
2801
2088
6267
4816
2785
2511
8944
6310
753
7834
2619
3647
8444
2699
8101
445
6193
197
8705
3006
2061
9365
3052
3722
5945
9347
7111
9464
9183
481
94
942
9923
6489
6560
7778
9539
961
4041
1831
4039
8147
5969
1633
340
7547
2652
8175
2373
5076
4596
6815
3361
2963
546
4391
8978
9309
8439
4036
5030
6051
6518
2194
7975
7767
8513
3289
7302
3115
2038
4548
4584
7091
7948
98
1169
8493
8235
3279
1159
2223
1724
2771
1031
2344
1928
1009
9312
9441
5915
6550
4939
8806
308
8228
5836
1613
6777
4218
732
4921
7095
4427
4931
2354
7204
2108
8395
385
2316
6355
3162
9262
9381
8332
4061
753
8705
481
5619
9706
4530
5119
8950
8362
6632
9092
4767
7195
5811
7154
4652
4127
2269
9188
9072
2668
3177
2444
9728
7800
4942
696
9899
3216
684
6853
1379
1554
8641
217
7106
7843
7098
1591
8136
365
7579
1445
2132
5256
618
5696
7003
6269
431
9831
4543
1970
8764
4011
4951
8002
2292
1415
2700
1799
6848
8289
9883
5654
3174
4270
5536
8871
2457
8278
1315
1948
4988
5790
5937
943
5986
4142
5741
6385
7364
9443
7344
144
759
2713
2071
3980
1852
4848
2253
210
4687
5705
9267
4937
5215
3768
4922
8319
2692
2197
7150
3386
6586
3404
8019
6727
1905
1936
7969
763
8061
6831
9731
3786
5092
8583
5211
7010
4370
6041
6293
4782
4502
4986
1556
7616
2017
8315
8678
5980
3344
9398
8822
2920
3530
9819
3003
8902
2974
4686
8062
2814
600
9540
5793
6116
1683
5975
5690
6856
1403
1219
7321
8489
5373
4822
8185
6012
3394
6862
725
4424
2886
1384
9354
9478
142
5811
3913
2763
6447
5262
895
6418
3379
408
1258
1297
4757
2686
4180
2803
7607
7923
141
4349
7421
6284
2083
6986
1985
7381
9576
2212
7750
9295
2162
7110
9324
959
9746
6367
2207
7424
4666
6386
5536
6557
2087
5386
8032
1870
9174
8679
744
6574
1724
9041
1643
9748
815
5389
4711
7163
1815
7642
9555
3309
986
2556
9388
3050
9662
3973
810
3192
8433
7066
5730
5075
2179
1802
5793
6547
7345
3426
2299
4056
642
1758
9662
6255
8471
7709
747
7679
5945
6272
3003
348
4482
1075
7467
241
9712
293
5165
6610
5103
320
9469
9679
945
774
6745
1341
8557
663
5151
3237
4899
4067
4651
2428
5077
7559
4793
4972
1269
7696
5985
7831
1599
576
9394
4260
3154
5395
1455
8713
3100
6492
1503
4161
3108
2537
7994
718
337
9996
8265
4533
1123
2573
1942
2404
987
4225
259
4807
3162
150
5336
3969
5191
8504
9971
8357
2924
7860
9381
1476
9826
6316
1909
9734
6387
1118
5860
9700
5131
5189
2071
3394
4165
8243
2978
6062
9138
3186
744
95
7963
1644
5163
1366
7649
7405
2887
4599
9555
5263
2118
1251
4311
6156
7747
1581
5069
5778
7747
5619
5663
544
5091
2117
9764
5480
8887
7138
6516
6786
3861
2384
2264
43
7995
1320
6328
2359
346
1858
1394
6984
2419
4150
9114
988
8012
7557
862
5572
5155
9508
5347
5823
6696
4063
7193
3336
4476
3195
8712
6764
5107
3987
6496
700
8716
7314
2096
1012
3855
6595
1744
8117
9487
2780
419
946
5497
4503
621
97
2657
2251
3222
5176
4021
9899
9075
781
3103
6628
3084
8967
8246
9195
3679
8177
1406
8366
8537
2536
981
7139
5712
4505
4369
3507
1952
2944
874
823
6913
9359
771
725
7464
7820
876
4893
915
4065
2734
1811
2392
9959
505
1706
471
2311
650
3564
9499
4175
6961
6256
2848
4571
3805
3004
3920
142
6705
1869
4512
6622
8642
7689
3050
6110
4316
6850
2181
9017
7427
1070
1541
4034
1679
6052
3151
7737
7305
2602
9769
2325
4864
1029
7907
2645
5812
6702
1728
2516
2440
8881
6084
2143
89
4131
6347
3771
9856
2689
8472
4079
7812
2945
1304
5937
3849
5735
6372
7950
3146
5906
431
3534
7866
7503
9912
1814
1056
2773
7486
7974
7356
8472
331
9327
107
2326
454
6487
9057
3734
3579
9857
8289
241
940
1321
6101
4697
4834
5647
9809
360
8796
4361
743
9610
1750
5899
4433
2115
2713
2151
3919
3393
375
437
809
2311
307
5945
858
5721
4306
8732
7448
8597
2414
1965
624
8978
9140
1124
9856
3336
7214
8010
27
2502
1130
647
2007
3332
7875
6235
9624
5540
1795
5628
6964
2886
6042
1910
6284
8315
5721
3487
6661
8502
7079
4646
6022
5573
7995
6277
3378
7608
4543
7481
6101
1463
5467
7015
5981
537
9153
8193
8526
7181
9190
2985
7179
5309
2872
5655
6265
5727
7581
1984
4050
9117
2495
4193
9020
1982
6002
5086
1935
872
3675
4375
8924
3812
9004
6604
6545
8988
5395
8766
8613
8490
6367
3003
9265
1950
1154
9743
3227
8976
2194
293
2622
9604
1082
2568
9398
3697
7175
2451
6975
596
6099
4093
7878
5504
6067
6384
1588
5388
7525
7686
1570
3284
1304
3335
6338
8883
8016
372
2772
1846
988
7056
1638
3781
9846
1327
3501
3807
3509
9017
8412
2582
5486
5676
28
8244
5539
1648
4635
7815
2892
5343
3541
1579
1929
5604
5010
2129
4808
5089
5292
1929
7270
5094
4377
9272
2076
3409
1800
7953
2571
6140
2178
106
7921
1765
3714
2142
4318
5200
8936
6507
105
4722
1520
7143
8359
1199
7757
4451
6274
3624
9741
2817
8972
3944
4699
3536
6381
1444
6546
3172
3780
3277
545
1708
464
2196
4546
3170
1640
2465
8835
7071
3756
5285
9324
8622
2219
1778
4036
586
8085
9224
3333
5118
6081
7359
2553
8119
9506
5811
6804
4732
9441
2174
2551
8557
1559
3423
8865
1828
1914
9273
4511
2352
3532
6286
3653
9710
4445
2118
3021
5714
3811
4275
8601
4184
4163
5627
1257
4733
2140
5397
500
150
5130
495
6331
5122
3148
5093
5095
2440
644
4630
1767
9325
638
3990
1404
5102
9244
4459
3161
4509
2489
3727
1496
8375
5014
5800
4640
6218
923
749
4812
5617
2794
4658
1085
4948
6451
5006
233
9495
4297
214
2988
923
414
10000
4189
7267
7666
1490
9617
1131
4068
7615
9591
6370
3537
1118
976
2648
1493
1669
1803
6582
5255
8075
8205
7281
5991
9882
948
6693
52
8913
7478
3505
5133
8488
9964
6776
8690
1809
9529
6000
9055
6956
3004
5885
3763
6822
2998
8334
8834
6964
8355
480
8219
4352
2182
3248
8610
1842
7784
8208
5813
9321
3024
3277
5813
9779
9295
2899
466
2143
4861
8161
3976
7160
6949
1866
9500
6480
9839
1335
816
6596
4540
9997
1547
1955
3875
9917
2225
5384
8954
5120
7390
74
8318
1989
3971
1355
5823
8535
8442
6719
7923
640
866
554
1927
3118
4945
741
6368
6668
77
2496
283
9758
1811
9073
7009
4612
7114
2270
5619
6987
4899
9295
7899
4420
7411
7429
2910
1711
1164
3919
6002
1464
755
7885
5613
8005
5397
2031
1155
4444
4175
9884
5023
4105
9246
1976
4628
7775
2072
9388
1068
2963
5075
9769
3097
2068
9574
6021
8510
5435
8372
2154
7316
2946
4386
5424
898
8599
4320
9429
3556
9343
4786
7462
847
9784
1027
9607
2263
1278
3369
6267
2308
5351
8556
1360
8632
1615
9391
3158
5452
4992
2784
3102
4957
4400
8184
1206
279
4626
5309
2974
6976
3939
7844
609
3671
3875
2204
9890
2364
5521
5005
242
6357
3655
5421
6982
9706
5365
2664
4938
7257
4460
476
7537
3208
6391
998
2531
6837
4482
9912
3136
890
7322
6647
9850
636
2920
9855
9052
9707
1858
5423
7047
4851
1121
9414
2485
8971
7173
668
2206
1877
1548
8077
4795
1677
427
9777
2913
5529
28
379
8535
9900
6111
7149
7732
247
7692
2939
8705
3620
9490
543
5590
1535
6429
9089
973
328
6940
7459
3404
4763
4220
1788
9552
6839
5317
9521
8602
2647
942
8623
4396
4664
5195
4697
8319
8205
7519
4171
8163
1571
9704
2650
9667
5266
3569
5892
9815
3475
2736
2020
2859
229
6359
1508
630
1033
7494
5815
7988
4769
8515
9260
6179
464
5013
2920
9135
4166
7041
9019
7865
9552
9374
6632
9429
709
5381
3342
7961
3862
2146
253
9795
4491
8548
1453
3171
1907
5845
6954
5097
347
9767
5086
6315
8424
8619
9920
4108
3352
7559
4672
7313
1112
2016
7247
1299
3670
7980
9157
8965
7747
7237
8192
9950
1813
6558
1258
2149
9071
9365
6046
3017
5668
8719
1661
2582
8777
445
4087
6266
878
1665
166
7960
576
7623
7226
8505
9534
2690
2203
8469
1177
102
5271
2010
5518
9917
1411
8772
7717
3965
7904
1273
8284
2747
5911
24
6992
4359
1340
5937
3740
7578
7307
9770
3329
7087
6366
2052
3467
4650
9987
4717
7028
2260
6043
1027
6610
5267
9808
4042
4018
3623
1178
1562
2428
4579
517
4630
9508
7307
609
7253
3587
2332
3668
5194
8490
4715
6904
6480
9749
9094
7313
6733
3828
1721
9518
3897
5517
1733
7463
1065
8968
6959
8613
7701
3299
6581
7368
5439
9184
3355
9425
4903
249
5796
4975
9462
6030
5661
1528
4739
1299
6090
243
2467
1024
5971
9410
6111
5848
6383
1144
4952
7053
7287
5671
3628
8763
7991
2269
583
728
8023
8659
9778
1942
5638
8882
774
8227
1131
5649
3091
1429
1636
6118
9856
2500
8606
3393
6008
8606
8621
4525
6796
5368
9821
9536
5912
5663
6418
5825
3248
699
5508
4271
7621
1591
3596
2740
8064
2707
9996
2660
3379
1910
4378
6031
5856
4288
9502
9704
789
7898
8189
8251
5374
9802
9579
3462
168
9030
7617
6653
455
6943
4953
7420
4665
2769
541
8549
4850
1769
2830
5728
2001
6867
6182
2478
8931
2592
6648
3220
5736
3287
5017
2994
2590
9702
7680
8198
6058
3812
8109
8821
9418
2461
6796
898
4016
6927
1208
5180
8504
3362
71
9894
6614
1685
9249
7121
8721
3738
7463
4415
7072
5237
7514
1429
8893
1438
7524
7530
5141
2844
1266
405
8356
3051
8524
8780
2681
6942
5080
279
2923
2384
4290
7052
8505
4998
5745
9925
6688
5927
8022
6031
9270
1999
404
5005
7215
2189
3811
7309
1839
6867
616
2372
1889
8800
8647
1605
9696
570
3983
4549
5855
6742
9332
8398
7106
7893
8934
1161
8425
1272
9090
9124
5671
9612
1602
2287
6629
2091
5360
7930
4486
5659
873
2067
1498
9806
504
9262
5145
1860
56
4203
2831
660
4271
3301
8006
4900
3166
2775
7130
4641
1163
8322
4200
9576
3010
1677
3883
8603
3094
8526
5362
3017
3521
4201
9533
3305
36
8292
3870
5667
6081
4926
9912
9448
2670
8801
5329
3923
6144
2824
3627
938
1255
5762
9909
1256
3938
8605
3043
1828
2665
71
8909
4758
3395
6881
2215
761
7067
3778
3784
3147
789
1200
6330
2316
7937
8353
8220
2260
1099
1051
2006
2394
5725
690
9278
4707
2171
4147
56
4324
2655
8462
6106
3725
6878
5094
3565
9931
9234
2707
9812
8846
1129
3157
9066
3971
125
8340
9610
3625
898
244
7101
337
6889
9533
8090
5721
6005
7846
8569
9753
5458
5390
7102
1602
2542
7318
9513
4207
1859
4693
1204
6140
3959
4254
7461
2442
798
9317
2497
4183
316
7904
9854
4781
7337
8344
1527
866
9195
8787
7879
6826
6576
7220
3517
8494
2458
7306
5937
2691
6498
3937
3928
9497
4173
3918
254
1123
6075
2035
5950
5439
1678
2614
8762
3693
513
417
3389
1831
3431
9031
8760
6383
1589
1933
342
8748
7105
4654
5987
561
9307
6610
8506
5082
2661
1494
5948
5771
2889
3541
4582
2727
4399
7487
5068
163
1103
6316
8795
9611
35
5126
310
6390
3271
6667
1064
6399
0
5971
9108
6059
6978
4110
3194
1065
7655
9204
3225
2176
497
4795
8506
535
1466
4790
909
4043
4616
5781
8054
7458
6411
2614
7570
2811
8740
8042
6928
8443
584
7586
9646
4133
5847
8260
6735
2106
8465
9488
4127
5355
7211
822
6931
1574
4410
5498
6296
5938
5349
7947
8380
2710
7445
5996
1162
1510
3380
285
2946
8098
8719
4620
7097
6336
7481
103
9939
2452
9788
6458
3632
1062
8368
9736
2299
1043
5537
7670
7118
7502
2033
9492
6681
5088
5926
862
102
9923
1418
9647
2416
3243
6869
5380
3860
3623
8911
6971
2511
8339
2508
3866
5527
5913
4296
2279
7784
2848
3442
2684
6098
6764
8323
8376
8194
8083
4859
9939
7393
5148
9214
35
8951
5880
3547
9293
4299
9242
7603
4591
5045
1729
5827
2741
936
2792
8199
1460
1529
9746
6414
9073
3541
1084
8527
1543
1137
7899
8118
4289
4106
4705
8402
1956
8423
7625
7786
2892
6503
1630
5324
8654
7548
5867
7940
208
4674
3357
9773
7329
9637
5359
5778
1440
4468
210
2786
6874
2419
7549
3173
234
2022
2217
4193
5439
6062
3402
2335
4402
541
3512
2084
5055
3087
5261
318
6575
6629
6155
4985
4704
542
6046
6412
1105
2716
2665
5666
8785
3864
4706
1089
571
42
2343
2509
1716
7789
8301
612
7860
1746
5795
8310
8774
4885
240
9986
2157
181
5052
9279
9132
5282
68
7
2332
3449
7039
8593
9191
7144
9480
9175
9589
1662
1497
886
6944
6191
8869
8515
1960
7448
4383
4195
5274
4075
8822
1705
6592
8890
5540
61
4139
7615
6773
9896
5432
1279
5514
8214
9153
3941
9813
9724
7892
803
2662
2944
2417
8499
9945
2728
415
2707
9378
6813
6658
88
5734
5776
6630
744
1420
4324
7738
3708
5516
5916
4594
935
1690
3558
6905
7096
4768
6213
4906
4224
9993
5914
3139
8604
6786
945
4813
3752
8906
740
6565
9062
7062
4844
206
3380
7802
873
6141
9985
2762
2276
4811
1130
2656
5542
2083
1206
8296
822
2261
9640
9115
5155
5082
1793
5043
1849
4320
1496
3994
4813
5219
2173
83
1070
5775
2505
6738
2005
6697
1988
9675
6143
5735
9856
9591
3327
9524
6717
116
914
8132
9239
9227
279
5199
2940
738
4468
3729
7958
8807
161
1910
5246
1828
9830
9805
2022
7999
2535
886
7907
1822
3955
9620
7897
2539
1684
3049
7172
2943
7381
8392
6746
295
4147
413
5083
1781
5867
3476
8117
6278
4070
1970
2762
1380
8146
3751
6817
1586
5947
2826
7898
6234
6139
1714
9152
280
9883
7974
2039
9106
4338
8947
901
3237
4999
2140
5339
1611
2724
5201
7815
908
3740
8172
3473
537
2819
1744
94
2203
325
6251
4065
412
6204
4152
4546
5957
4300
4568
5920
8759
4874
5177
5939
6321
2016
3824
6924
5425
77
1100
4775
3033
9091
7139
50
9236
9033
5620
1583
4343
18
2277
6354
3525
6168
2048
7745
6691
1809
5608
3135
4482
1101
4590
3238
8543
2252
8178
3135
955
5799
2262
7572
5982
2749
7757
9974
3835
7090
9296
1260
4275
8683
7652
2272
6051
7071
807
288
5705
2827
5394
6725
2452
6382
376
4582
8061
2018
842
2085
2582
1038
7984
5776
4549
9334
6709
9152
3889
2844
5541
4852
192
6781
7492
8314
7918
8163
205
5782
4415
566
5488
9267
4719
8793
6672
1064
188
4074
3677
5869
920
2508
8849
1552
4574
147
1848
6112
814
6614
3550
9612
1898
9957
2144
580
9422
6304
4937
9882
289
8849
2631
4844
9383
1762
9916
1812
4102
4907
5669
4000
7147
6573
259
601
6468
894
320
4362
3465
6157
9413
1958
3330
2800
1964
403
9724
6306
7329
549
2822
9641
7136
412
9200
1619
1109
9892
8212
2844
6184
5755
8260
2208
5876
8083
3895
9634
1060
4470
3228
6433
4853
6443
1672
4576
7313
1208
4041
5589
9521
9137
9262
4923
8887
2826
4783
5029
4966
7710
2686
3035
7401
8352
9598
8449
3105
8822
5057
8985
4543
454
6081
4605
2301
592
4755
7277
9779
6948
23
3041
7215
7823
9624
950
6700
2536
7252
6894
6394
6682
311
4201
4608
1895
6582
8956
3041
4555
5541
929
9957
6213
5727
8402
2971
8190
2456
3638
3788
179
8875
7258
6896
1416
2545
4208
5533
7049
4561
4346
3013
1027
9772
5170
7846
4216
2228
5371
4220
770
5899
2893
4635
7571
5321
2562
7491
5173
4491
3699
4641
1743
4536
2111
8565
6613
2594
7498
727
3190
6241
2235
3942
8943
7698
7658
5789
8015
196
298
5310
4690
5256
8579
7924
4592
7518
8688
8327
6028
8060
7805
3107
6054
359
157
9853
6389
5557
6804
6190
3411
4792
5132
2443
7871
1665
4212
7135
3187
3704
6087
8227
3426
9496
4598
3999
8495
6684
6842
34
8491
4945
1333
2610
7831
2709
7733
7426
2450
6289
5273
9661
7968
7063
4338
7309
8225
3269
984
9550
6239
8960
9680
7692
9967
2610
1496
657
9513
9078
5301
221
9907
855
9118
1432
6234
3676
3757
1641
5812
3747
9861
9611
7605
2400
5844
8892
3727
859
5947
1403
6667
9192
2782
7130
5758
8294
7845
152
8273
3856
9845
7062
830
2753
6218
9474
9745
9531
4712
9056
6161
739
2902
9377
9086
619
580
6149
8055
9134
4377
438
5383
9667
5109
7699
2779
1215
1542
6732
9995
8238
2909
3164
1674
4842
7189
1550
506
7197
7821
630
4060
2161
1153
5737
9669
2612
8977
3039
1241
2799
9253
1084
4700
7411
1787
4129
7669
575
4713
506
5751
5288
3762
8978
2350
340
9058
2271
4983
8895
4037
4047
1165
3090
435
6249
966
3724
6712
1487
9429
1478
1869
2864
4935
5575
3004
6761
4548
9462
8121
225
453
3415
8080
6066
4116
5288
4694
4889
7364
6941
3960
878
9328
2343
7377
5513
5415
7986
1010
3378
4855
9321
3945
4460
981
2728
2687
4056
4378
5173
3692
1712
1227
6289
6914
2234
2479
7725
8717
1173
342
9047
3224
1077
7168
8999
8213
7678
6856
3939
8113
629
7573
4987
3378
3302
5695
3506
5959
520
6846
9364
8266
6236
9709
7690
5102
6188
1275
7606
5589
9662
6009
7107
7079
4665
2254
2964
6081
6826
4036
8598
7642
8671
9590
8002
7212
1796
9313
7688
3048
4974
6509
2980
2566
444
9550
4517
9847
5165
9285
8760
7810
4526
4378
9633
8100
8342
768
1617
4908
2622
6953
1870
6116
5210
4904
5214
6276
2625
3235
6705
2305
7909
5940
207
9572
4460
478
2576
1429
9824
5036
3996
6427
3619
5265
7596
6422
4755
7195
5719
9644
6507
6178
1667
4318
7600
4925
7064
4103
6146
5846
5099
4068
6710
156
3769
6247
7915
3260
4517
7778
3877
840
5524
7096
7849
2122
443
2356
9673
4671
9833
739
4480
8920
5184
838
9133
4177
2250
3761
186
1976
3531
2540
8512
3284
4517
8377
3098
9694
7232
77
4170
5438
4031
3300
8164
6883
7593
2630
2754
3395
5750
2653
7489
9803
1095
4105
7135
4373
8137
5669
7861
1028
8594
9490
3859
5301
8838
2588
4025
8771
7997
8709
5620
3790
8536
8195
8474
4300
3157
2893
2428
5367
8905
7852
9708
389
3552
8965
2144
3323
9924
1971
734
4129
6797
8939
7369
7013
4511
5660
1082
2972
8322
6576
7444
5219
7365
9921
9711
9187
248
9796
5575
8931
6815
4413
7711
5616
9119
916
2228
7493
8586
2772
7234
368
1996
4693
3328
7734
5772
7978
9846
1272
3941
8124
7037
7839
3379
685
3869
6544
7232
7934
510
5862
5734
5922
4254
7148
7559
7185
1537
9530
5493
4566
6719
6237
337
2290
5932
2122
9026
8956
1572
9015
5673
9601
6035
9065
601
7893
3446
1233
2666
7370
5579
4408
2270
8735
2893
6114
6546
6798
6333
6909
1607
7615
5737
2198
4277
1956
1802
8633
5132
6649
1976
8665
5827
1572
3848
6094
9398
4062
7025
8241
1075
3296
5821
4113
4239
7789
9746
3533
3498
3777
5291
7994
4181
4429
1945
1519
7766
6139
6417
4073
6586
8956
8384
2736
7036
471
5610
2624
4082
4716
3671
5733
1482
7699
8408
290
1885
8226
5705
9056
6512
7454
2791
1737
3049
1206
9765
4145
7658
1623
5219
651
7088
4084
3746
3325
3836
8804
7168
3689
2126
1949
3579
556
4638
1716
6767
2636
7266
7183
5117
8415
408
9398
1670
3089
2141
9054
1054
6677
3266
7395
8594
5371
8695
8270
9721
2152
1379
5466
5839
2032
9923
1504
5330
9497
316
9034
9811
7676
203
8027
6504
7705
8399
2348
6280
4110
6988
7643
5593
8166
2527
2961
1926
1461
4556
7298
6047
4014
7367
7968
6312
3937
1093
6230
2774
1927
1606
386
2559
8668
6714
7521
4248
8581
5862
747
1965
5342
8983
6404
6401
4299
6296
3340
8001
5715
3062
1976
4508
9294
351
9317
7203
3102
3604
4541
3669
3874
262
6041
6001
9475
9181
3167
7665
3412
5266
6202
4870
1404
4741
4750
9851
7942
3825
4738
7780
7115
6295
517
6282
1241
2402
4432
4300
9763
6239
8688
6406
6268
1883
6408
4825
3766
2932
6848
159
8332
9528
2689
7403
7183
6378
9332
6987
9287
9865
1658
4431
9474
4983
2779
4791
6551
3281
1509
9857
7686
8702
2931
2430
3602
7328
2835
9760
3417
1095
1699
9304
8538
7811
1563
8769
2224
3007
8135
1095
4312
9925
9524
5052
4316
6990
7450
4156
2526
2177
4617
864
3916
5653
3156
4944
7474
3648
5369
5360
2536
2498
6566
2472
5839
4646
1738
9745
4132
1102
9832
1096
4324
1302
4398
946
9079
7463
632
5054
4170
1282
8333
3783
6608
5714
9838
3110
2895
7911
9675
1012
4521
6399
8434
6649
449
5853
7677
3305
2034
9616
3239
2640
5389
3323
1858
3293
4921
1606
2416
1726
7108
4471
8228
3425
4550
4487
9472
9313
283
996
2406
7585
4450
1965
4528
64
2778
4018
495
8040
3350
1311
5394
3228
8820
8882
6652
5269
6845
8224
1705
5982
645
5806
6680
7298
5058
8607
2125
1943
5303
9479
5754
309
7493
6006
5951
4046
3553
3807
9568
9760
6911
7996
3216
2089
1517
7478
9200
5891
4543
7683
6990
8838
7727
5818
3645
355
7210
1163
8255
167
1752
6988
4304
5525
309
5945
2514
9918
1956
1990
8242
7700
7468
8827
8920
7009
415
5499
7998
8980
8086
5985
2824
612
3545
7234
4659
8535
8580
900
3683
1297
1690
8054
4171
834
5090
1952
3979
303
3579
7295
8825
392
2893
9268
7060
2770
4132
1234
8859
7465
468
9057
559
2099
2197
8804
8840
2550
9109
6623
8872
5582
3589
1426
3309
7134
7788
1417
7724
9536
3611
4351
8715
9889
303
6352
2204
193
6901
4875
5967
7798
9610
6745
1406
9403
4215
6096
4169
505
7551
912
818
5737
6006
5382
9909
9404
2046
1537
2837
2281
9869
6921
652
4666
2839
492
5873
7842
3843
5753
2739
7377
2031
5516
1973
2762
5091
9034
3785
6539
968
3172
3056
317
3789
3355
4996
8136
2731
9284
2232
5112
5975
267
2478
2278
6536
2468
1191
8990
3768
4394
536
567
1692
948
1527
5691
9907
2241
7205
1713
5989
4199
4365
1199
9794
633
6991
7354
6615
5210
9115
2337
2104
6513
1643
261
7247
5288
6197
4646
2531
4255
4897
7341
5423
57
6593
1666
6032
8091
4340
6452
8987
401
9017
8141
2722
3617
3262
1723
3047
7208
4008
1463
4647
177
8890
3640
83
4879
3060
9622
7425
9620
521
4309
6765
3356
5521
8649
4184
4417
4053
9641
213
4381
3690
8391
443
4518
9150
3663
9897
8398
6576
7803
263
5523
2177
976
7897
1978
711
5083
7224
6951
1505
210
9957
8643
8091
6035
1992
8653
3404
1082
3662
2764
5437
4186
826
1851
3138
3371
3388
2465
9736
4209
5676
3723
48
1000
8945
8754
7239
5949
9269
4498
9921
8844
2677
3886
9823
987
579
157
689
2039
2066
7818
6972
3893
143
771
5078
2
6920
3678
8826
812
9059
1707
6130
4879
5187
1292
4511
3797
712
3681
4005
7582
5078
177
2918
6783
6626
3701
4919
4809
7382
369
2933
1777
8846
598
667
2419
8448
1764
8002
9850
5125
1639
3210
9377
10002
6986
7391
4118
7961
6707
3018
3830
8966
9424
9176
1451
4934
8764
6561
1464
4481
6663
4603
1847
3919
6581
5476
8317
4840
4627
4582
9794
8485
3488
6585
6351
478
8166
2981
3089
5796
6431
249
7417
6211
6849
4012
6959
9581
9427
2141
2600
2379
6757
39
9937
6455
7115
5474
5270
2006
6120
5356
2996
7260
6834
7941
6810
9006
4877
9336
1924
8082
7450
3092
5918
7474
862
9478
3464
2124
8697
9702
8299
2641
3903
8321
5027
2718
2018
541
4055
4487
2373
9320
5728
5152
8388
3810
853
733
5013
9082
9319
6194
8206
3266
4031
9969
7891
4259
8295
4314
4203
5301
8536
4225
7256
9230
9488
1522
9912
8821
3844
1871
7724
9292
658
4329
2872
2753
8514
5396
8193
2263
4144
4213
7003
5031
8087
873
9288
959
7960
4932
4361
5641
3225
3439
645
2745
8407
6665
6150
8866
322
8958
9337
2124
7234
4344
6650
9779
3221
7399
1222
6416
6270
812
4246
359
7448
6981
4568
7746
1863
3709
535
4507
2357
4867
531
763
6152
5859
5484
2099
5110
6027
3422
1514
5671
5599
7140
7868
7359
9839
3505
1766
9815
4037
1299
5081
3082
6528
2965
6650
3307
9529
5919
2339
1277
9266
7109
6313
7880
1297
6449
587
6451
7076
5421
4502
3022
3825
939
5832
6918
1401
9571
6474
175
1810
5170
9001
6559
8801
7676
3631
4220
9502
4909
7582
9147
1014
6185
7311
2430
7872
4078
3871
5303
6075
5115
5525
7500
2077
8610
2268
5952
7105
1498
5526
842
8365
5618
2723
4552
9950
5610
6675
9077
760
1873
8077
7784
6746
7434
6074
8112
9295
7822
9257
5233
7998
9950
8870
8129
6726
5624
4798
5932
1015
2936
3584
4017
1442
5004
1837
4438
2829
6220
1432
3238
3235
4121
6300
178
8095
9744
9624
7837
4326
8438
434
8387
5781
4738
9881
9646
2746
8197
1802
9165
6324
945
1161
9201
6121
6665
715
907
7734
1468
5237
976
9915
6565
3896
350
870
1167
3356
340
4546
7011
2195
8194
7407
8442
4051
1172
3410
9845
3708
3792
8610
1611
2014
4351
266
1398
9335
2306
9600
6829
3597
435
7957
9717
9574
8450
9244
8714
1627
8004
3111
1534
6153
8854
8556
3295
2378
9091
3576
745
4832
8541
1398
1738
6241
991
4740
487
6816
4371
1226
4018
7056
8577
3795
5728
3985
3906
5152
8467
2705
9681
5153
5236
2864
1519
7350
836
173
8699
4477
4479
9074
1025
5393
442
7795
8032
8090
6377
1785
4699
3683
1604
5147
9459
9134
4929
2463
5050
8472
5215
1434
9525
6162
2782
3970
5791
3651
8796
6634
8328
7725
3440
4900
6799
2046
9351
3908
9959
999
7634
3505
926
8132
193
2113
8645
9462
3440
2757
6130
9537
5058
5442
6943
5080
5250
4896
3922
1375
9678
8888
5941
2429
6798
9206
5691
2462
7343
9896
9020
2631
5871
1323
1100
7379
3315
8106
2971
3064
8697
8160
3262
217
7974
4737
4353
2770
6618
3476
648
5038
1130
8127
6940
2382
4211
4081
5207
2884
3463
4088
2152
6578
6973
1687
6586
9904
5162
1216
5592
3771
7302
1018
219
1248
5786
2678
5629
2495
5553
2510
5434
7285
1847
2728
5046
3964
3535
6399
7620
6071
9605
9818
2353
565
5108
279
8431
8277
921
8909
8961
7818
391
392
6039
9690
3036
534
5148
9732
3443
5630
9143
8905
1306
2329
4351
6725
2520
8059
7490
7535
1614
2463
5656
5213
7999
1439
4189
6479
7482
5009
7302
6104
1971
1446
7330
9055
2998
7759
2240
5972
834
3154
5675
4686
5350
6755
5712
703
8342
6905
6260
5879
620
8987
3276
4279
7622
4762
6541
6128
9629
9256
4772
2233
909
3065
9631
9920
6964
4115
3848
8205
7554
9059
6147
4531
2683
3597
9805
6357
1269
8475
4622
7408
8821
7968
7891
9852
6013
8602
7653
7294
1191
6844
574
8158
7707
1615
2008
8407
5052
8512
9772
4506
755
4871
8789
1717
9105
1840
7818
6235
6608
8210
6658
5254
9324
6914
2240
3799
1457
7883
3736
5799
2755
2508
7623
7639
4081
2803
7948
9162
4509
9745
1951
9051
9928
3624
9508
8473
5529
2004
8385
330
1207
3542
5365
6174
3816
7060
9043
7642
2248
8899
9895
6766
3814
3838
5044
2032
3129
2337
9099
3489
7903
8563
9129
3636
3244
3851
3212
2739
7261
3594
2478
7627
114
2662
7719
3300
10005
9207
5323
3395
7631
4389
8828
6665
6940
5099
4918
4638
485
1009
9799
3508
3416
673
1300
7573
2232
1438
8191
3706
9322
9325
9440
244
9512
8970
7019
4981
6929
974
1307
3291
2746
3709
4584
8273
6592
7875
6607
3526
1854
2400
9120
3341
3914
4297
340
1423
2791
2764
8682
1873
9617
5540
1483
9341
6510
7569
3866
2665
3611
8255
5697
9482
9046
4111
9639
1224
5930
8785
4869
6641
5757
5341
2065
6173
946
3682
3729
8758
7818
1439
3689
7702
3580
2478
218
8015
4693
239
9826
4971
7265
8015
6645
8086
8351
2759
9908
8926
8374
7255
1549
1121
21
9983
8104
8250
2320
5323
3740
6764
6879
6978
6998
4375
5938
0
2089
7283
4243
356
1603
5531
296
4316
4446
553
7128
2205
1538
6216
6078
5869
2599
8724
3515
1951
6370
4132
2847
4366
3955
5406
8214
8560
5869
6203
1920
1480
5366
4924
5951
7891
4228
1335
4769
311
4220
221
8908
9605
4262
8704
4722
2413
4163
3533
9492
9655
3278
3833
6046
9984
7578
5149
4735
28
2351
2292
5668
1517
1476
4740
7355
571
2579
5194
2592
71
1873
5007
9097
6415
785
5468
610
1884
1242
67
3224
4338
9971
4692
7847
6854
621
2845
968
2908
6102
6617
1239
5686
6002
3189
977
9095
392
4645
207
6611
8190
2492
6083
3062
7262
1770
7237
5996
575
6776
2040
4949
8663
7597
1272
2299
6330
5139
9834
3673
58
1031
712
1430
8298
3833
5282
2027
2459
2852
4914
7896
9433
256
4178
4932
3025
107
5343
5706
9073
5269
1732
3341
8011
9073
9879
6155
6626
1664
617
8989
4777
4586
3133
4958
1665
1715
7080
3891
6748
9255
3233
5792
8690
9869
3588
1436
8326
6830
4416
3171
2042
1357
8440
7931
7459
3558
5183
6803
8429
6985
5929
9056
6064
605
9015
3157
8430
7116
6528
1134
4959
3526
4298
1152
1578
2697
8966
5396
4509
2306
3046
8952
45
4475
3671
2137
4152
2082
4311
7874
7239
5569
2155
9383
1847
36
7782
6175
3867
9109
4554
7899
5464
5404
9455
2868
6994
2873
9336
988
6406
7094
9039
5007
7120
2202
1355
3966
5805
9124
7728
4174
8296
4793
6540
6248
5084
44
4017
4811
2799
7693
4247
2003
2524
8376
3336
9207
2474
9765
8452
7791
8231
3813
1106
2686
101
9422
4482
7281
97
9032
2331
665
5279
8067
4319
5885
7546
8363
1858
3930
1821
2723
3438
7464
9849
2116
7253
3896
7599
6505
5698
9943
8262
1422
6403
8576
5288
6226
7672
9685
2726
6053
8416
1277
6728
561
9404
6426
5480
4874
4066
1827
3844
1592
3899
3732
151
8798
742
7607
8544
5606
4700
4765
85
8777
5792
553
6447
1391
442
4622
257
3909
5721
2439
3541
8415
9772
2260
7075
4707
3881
8997
7572
6849
1615
6183
4440
3546
6168
2972
1786
6112
9853
594
1860
3394
4974
8296
8542
837
167
32
3758
7896
4979
2359
3606
6934
6788
4434
3849
7953
2695
8834
244
1999
6582
270
8121
8495
3060
8586
1451
7385
5031
8812
9298
5675
7696
3999
8627
413
3911
3987
2731
6630
2911
4168
6116
9449
3845
4329
5975
7215
468
2424
3765
8368
4420
7902
4242
8182
1324
1400
3632
8625
157
327
4319
6955
4859
6909
238
2922
1596
941
5039
8981
386
8246
5976
1824
9683
8963
5665
1633
1689
4642
3508
7521
4496
776
6245
243
7905
3342
5300
7458
4508
2118
2948
7200
2217
2914
283
6526
8757
9761
6760
9549
8722
7189
3952
766
3907
8499
5753
3691
6237
9736
4745
6141
2087
4102
1425
484
7722
2031
6845
731
9457
9596
5349
6034
1360
6907
2528
5191
8517
466
4571
9555
220
9124
7302
2177
3833
9521
5580
4434
3712
9542
3665
2176
3583
6689
5443
2690
640
6878
7546
3589
204
3419
5325
1352
1849
3051
9955
2965
792
1754
4445
1101
7315
5290
9347
6531
2356
706
238
9551
8150
7384
4526
1923
4113
4566
5963
5806
3223
3031
3488
6124
7495
4513
9280
9981
1055
3123
2402
8344
771
7480
322
4849
8171
4549
8367
5334
4578
5240
6132
9597
7585
8740
4633
1077
4289
9548
2670
3327
9827
2085
1370
1968
6980
5544
3064
5569
7787
87
6357
4527
6300
3764
1492
6380
862
3158
383
8302
8386
7333
3906
5992
4423
333
9310
1238
8496
3184
9098
828
7462
5057
3096
1175
4861
6127
8607
5970
6678
2158
9081
7060
5576
8604
2684
6642
6258
6642
4659
2047
1336
831
6454
7295
6978
404
6098
5783
8195
5512
5806
1405
5115
8852
9800
3681
8668
681
2976
2373
3054
3326
4766
8622
921
7208
4350
641
5880
6543
6347
1669
9460
2281
4805
3313
7858
3380
7338
3032
8884
7585
2186
1243
167
9771
7846
826
9062
5777
80
7979
7736
7008
8715
4980
5463
4048
5396
1452
2394
6321
5346
5901
6142
3571
303
6297
5899
5597
3764
5733
1139
4000
5879
8655
9765
2408
5779
8657
5043
2478
828
2973
1605
5694
4481
1737
9918
4342
604
5199
2983
6912
634
363
1440
4035
5710
1227
6746
6192
6714
7758
6118
4553
1970
7950
5620
9684
6896
3133
4824
1799
3472
4804
4543
783
601
4472
2738
2558
2141
4274
4966
3222
9194
4306
7484
4596
9874
3424
3647
1078
1874
9894
6712
8670
3596
6135
5159
7204
7332
7527
4866
3484
83
1800
2975
3331
1614
6593
6106
551
9661
7179
7774
2400
5616
7841
9661
961
4630
9317
6289
4907
8041
8516
1082
4736
1501
9512
8088
4090
3856
2861
5142
2547
1693
1932
2665
4232
7637
6888
7379
5131
5896
1961
4073
2318
8554
7819
6342
2325
2586
5004
6335
4588
8268
7162
7015
2904
258
2387
6011
34
9123
8862
7276
3496
7550
833
896
3134
1882
5893
7929
8326
4862
4891
4480
9028
8514
1377
7380
5417
5236
2919
6077
4419
7744
4500
6083
8254
6173
5539
4089
9233
7921
6948
2107
2339
5073
8248
5511
4977
7697
5232
1283
3113
3512
9677
3936
5644
8995
7423
1881
7050
9310
2951
584
5041
5138
4133
7629
5464
8792
4611
7521
6973
890
9911
5299
2415
4811
4053
6757
684
1627
5093
7830
2401
2999
4264
9444
1245
3601
1068
9764
3354
9243
2450
3038
790
427
5282
1872
4484
9059
7820
5157
3470
1620
6837
409
3236
5561
954
7575
8682
7376
1705
5910
3181
5432
1291
3712
3842
5876
6380
2467
2128
1224
3368
37
1437
583
3015
5299
5896
7810
1059
7329
1544
5458
2199
2334
1851
7890
6439
8261
4435
1708
7311
840
6053
4209
5125
5876
2283
1752
6731
475
5188
3618
3977
8667
4128
3597
8698
1777
7554
3960
9788
535
8616
6122
5895
4536
435
6623
8861
8349
5012
926
9232
5830
3161
7036
6032
2677
5809
7312
1750
8972
1698
8171
5032
1388
9228
729
2061
108
8958
1419
5416
8213
2204
4970
1061
6482
7595
8538
9431
133
7483
2457
4767
6029
4000
4678
3216
9826
4560
3297
2221
4528
7397
7354
9331
4616
677
5894
3676
3026
9410
4153
9737
3426
6050
8634
3891
6655
920
9992
7627
9087
36
7009
1132
1280
6113
7458
8298
9778
2822
2771
2027
4795
5653
7821
7280
5539
5847
1883
4373
518
6140
1959
865
1193
6834
1370
665
9385
1439
2779
8430
4507
4396
6284
8391
2127
9120
1137
3557
5201
8912
3471
6663
8334
2836
8262
2088
3815
147
6826
5854
8022
7249
3619
5306
2620
6211
2450
6270
9664
5263
8521
1342
6826
7786
5789
888
9013
3889
167
3368
8196
330
3621
9947
6298
1554
3088
1009
3239
223
9766
3
7762
243
5324
6370
2057
582
4685
9273
1345
2472
3377
7471
3025
132
2897
4690
3887
1758
52
5337
6038
9150
272
5094
5701
93
1773
8681
4838
6748
8355
1246
8067
4841
2083
36
906
3466
2878
7195
8919
2635
5163
6600
9604
3707
4318
9003
446
102
9871
2308
125
603
7357
1858
3030
1717
2951
150
4226
9786
2800
3438
2936
4444
4502
1292
2997
6306
4578
644
3693
1622
9021
2786
2892
1656
844
7732
3031
2827
1972
6819
6911
1169
4345
6004
187
3561
1659
7548
7059
5174
6343
8980
3096
6476
4155
4395
5864
3739
176
2657
8674
7113
2242
2082
9277
8324
3342
3417
2874
3811
1304
1425
4103
792
7461
8733
9152
4199
5866
12
9068
7185
6464
2210
1458
4583
4848
9776
5735
3052
2495
531
1650
5885
3484
3302
8374
4314
7398
2478
8910
4337
7036
3063
6205
3504
8044
2612
3815
1965
3461
388
6760
2731
163
5162
2616
3219
4420
7672
1749
1475
1264
3982
910
9367
1958
5351
7296
8508
6350
3809
9742
9833
517
6014
6645
4780
3559
9240
5819
4588
4250
1277
6618
1181
396
6871
9190
1222
6470
7965
4704
7131
9304
1024
6919
4175
9540
7661
6127
473
5798
6524
5416
8949
4726
6319
5529
6529
6135
4311
38
9181
2193
8773
9121
5289
6580
9964
4537
1512
8799
9602
8864
5118
4647
4834
4652
1938
3014
1572
1556
9960
3118
6787
7396
830
4109
1639
2933
4666
9962
3840
2211
8441
6225
6526
7774
2090
4014
7025
7654
4696
9377
8682
3580
2315
6367
2110
8718
4679
5249
9367
9150
4292
9741
5235
4360
8831
2841
2825
4754
7596
3407
5416
3949
6724
8316
2291
5530
6730
7352
548
9791
7663
8084
1818
8804
8601
6646
7000
3549
2954
9845
3855
8788
9031
8335
5179
7590
4818
9285
5105
7874
3572
4746
6830
6783
2749
1256
5795
4610
2524
9265
401
4268
450
4943
6204
1529
3850
3430
6422
2558
6748
9470
2060
7494
1754
2737
9359
8472
4295
2964
6180
5814
5726
2879
2529
5324
9164
49
5155
4416
8403
9921
839
7348
2118
5081
7625
9667
1288
548
4698
4193
4567
8375
5083
8203
6956
9453
1393
3398
624
7472
2825
3791
9659
5125
8224
4503
8446
4615
8012
3955
2477
3953
8725
5942
4556
1409
3170
8823
2518
2897
9318
9479
3433
4344
1129
1203
5655
1986
4196
3271
6339
8462
5123
179
2584
8328
2951
4185
5828
7647
2695
1853
702
4375
9327
1838
1796
4989
1678
5364
7045
2543
7742
1675
5360
55
4990
5645
2358
6139
9511
3272
6490
4804
8473
1517
1299
3047
8549
1916
2836
2935
9297
7492
3102
1561
3330
8365
8754
7115
8049
43
1069
3695
7666
5931
1924
6309
1652
7434
3901
9059
1718
3711
8714
7657
3125
8712
8773
5514
627
6893
7590
570
6233
5845
8195
8040
6663
3517
9641
2557
31
6918
9371
4542
3549
3378
6326
4525
3736
5489
2759
376
4434
9678
3059
8635
7569
4188
2296
1615
7316
6097
213
1547
4932
6692
4627
9939
8284
8034
8764
1266
4034
9991
6222
5683
3224
6980
3127
6510
6584
8874
2371
3844
7025
9
7134
5677
1828
533
8032
2706
3012
1
1003
2648
9942
7813
7369
4181
9838
4721
1213
9775
5996
2055
3078
685
8448
8858
8800
1145
355
2550
2849
6237
5517
5276
2660
8172
2080
910
9430
1870
9781
1534
4646
2214
7572
4600
1146
8178
307
13
3084
1559
7262
6493
8825
979
694
4397
3158
3903
3614
2180
5104
2627
1485
9694
6920
5907
8787
1534
1817
1835
9137
7094
7691
9397
7059
9127
2805
4238
3055
6663
9931
9600
537
9781
269
5644
1187
9556
6644
1824
8737
1280
8958
7870
2900
8036
4788
2080
2759
2178
5932
6115
5129
6595
4908
7058
5044
8608
8857
7475
9871
3501
9685
8609
8321
384
3110
2299
9128
4594
3369
586
556
1288
709
7617
3975
5524
7081
4225
5799
1186
431
3642
1885
3552
5097
6974
8495
5689
7171
1992
2373
9928
4073
3593
9235
3470
5956
400
9683
1745
5718
1529
8427
9721
6908
3810
1367
1007
8926
5300
4891
7510
817
8636
4532
4430
9622
9175
2618
6109
2251
1695
1091
9150
9833
9940
266
8950
1007
5322
1438
5241
2524
367
9537
6459
4796
7978
9997
8704
1854
9516
6533
7000
7833
4001
1622
8661
9717
2737
607
8253
7974
5455
163
4911
2708
3274
425
5039
9673
2338
5057
2749
7957
5397
9627
2213
5587
644
7841
4049
2932
487
765
253
7400
1526
9840
463
7534
1527
9735
8650
3637
1438
2371
2418
8347
6052
4017
2161
9335
8306
8915
8909
6452
7688
6427
6139
4303
8096
4233
8151
4465
1495
9957
6645
1224
4487
8565
8790
2667
7178
1726
660
5005
4575
3770
1735
1283
9903
4390
3037
4325
6451
9595
9204
5464
2811
7908
1642
4162
3298
4480
611
3906
5865
5652
5930
699
9387
3393
5170
500
2447
6659
7294
382
5527
550
9312
6436
7649
5383
7717
7630
2997
9411
8614
6271
5111
1785
3417
1633
5306
9528
2366
8639
6664
979
4771
9728
5015
8130
1882
8691
6856
907
5684
7197
5975
7996
5899
199
2509
2721
1204
6484
5341
3648
4506
3381
3705
2766
4671
7294
7123
7676
4268
7805
4364
6529
1195
7400
3098
5816
8744
1370
2873
2985
9428
8834
4621
4742
2620
6738
3547
303
2502
7490
1663
7833
3543
3524
1277
8776
4954
7971
6282
5567
314
5710
3689
2346
920
2185
6135
6782
5713
6669
875
3059
4427
8302
756
3682
8693
2033
6883
2098
5113
1168
4080
4475
4975
1677
9410
7504
4144
983
5834
4913
1763
3313
5760
6838
4747
8446
3519
9606
977
6556
64
8114
3409
1515
4505
4937
9482
4951
8350
2313
6236
1117
3202
5102
2593
2269
4863
3098
2592
6175
9336
806
5502
6627
2130
7600
5266
7603
767
170
492
9253
817
1854
3100
3318
145
6718
6631
9587
9585
2102
8610
7921
4767
4515
115
4333
3812
870
219
2083
7031
3843
1942
6270
8821
8534
2202
6469
6315
622
4115
5666
8830
3516
222
5210
3076
2650
498
4667
363
1893
5927
494
9955
2364
1625
5760
3904
3541
1487
387
9026
4704
3128
3496
5448
6008
3783
6588
4338
482
7596
5481
3698
6388
3325
5095
9406
7036
8278
7927
4395
2454
9680
3956
4902
4009
4712
37
2239
471
2002
4486
5013
6861
5079
6914
937
1964
6290
7285
300
1186
5115
2077
4458
4290
7509
1089
8504
2531
9313
1530
2674
8650
6343
1546
6925
2649
2321
8656
3929
4019
9615
7072
5351
9812
1508
4863
4996
436
3804
3426
2450
1433
3070
3698
9641
7113
3252
6180
1423
5037
1507
3087
1777
1498
5521
4820
6904
6962
5585
3319
5465
2509
3897
8613
5904
2375
1951
5244
3178
9177
2762
2378
6391
6813
9515
8074
7022
4084
6203
7766
2739
8337
7334
5343
8101
5885
1325
2178
3351
8492
9953
4305
5453
7006
5817
260
9951
3463
8515
5563
5015
3328
4380
8868
6860
778
1506
9642
9891
2478
6702
7206
1951
1572
1330
4525
4781
8898
2611
6113
7080
4556
5023
4738
184
4943
7220
4324
5592
2258
2193
5945
5980
7727
7648
9736
7587
2003
3813
4554
1709
6268
7458
4930
3558
7829
6486
3341
3747
5051
9727
4318
7458
4866
2130
94
7710
7429
3501
1506
4519
4000
5995
6569
9784
1429
7799
7102
9890
9172
8943
4234
3737
7238
22
6456
1107
419
1312
9657
6214
905
5461
8652
5683
6915
2262
845
1505
7518
5917
3642
3086
3201
6577
126
183
9179
3130
4941
9474
4266
9346
682
7972
2522
9267
7523
3968
8279
4526
8287
4148
3552
8313
9135
9480
620
4039
7169
7825
67
7599
9332
8147
9585
4057
8968
9019
6726
5334
4325
7737
9561
6350
1348
8900
1053
1783
5676
5634
7233
6192
404
5267
7931
5151
9391
6546
6166
4238
6604
5993
5834
4725
8937
43
6993
6859
597
6536
8181
5941
8577
7462
3792
6504
6263
1244
7817
9181
6438
8475
2175
5396
4399
7909
4431
4989
70
6102
5642
8506
5810
5425
9844
5949
3812
902
8021
4140
6034
1210
4621
2570
6474
6346
325
2451
4909
8589
9960
9855
7514
9081
6756
2168
7481
2753
7970
9876
7366
8369
7550
2940
6812
1723
1020
7901
1661
6863
4701
8798
8740
7787
3524
1066
4728
3641
8939
5608
2792
4336
1860
9757
719
1791
5635
8963
9559
9981
4095
3303
2602
8505
6569
6480
2133
4187
6251
3043
3223
5920
8666
1393
6529
1819
6298
1886
9379
2701
8666
3496
6264
1986
1115
8981
4141
1387
2961
226
7577
9193
9190
3646
7830
4796
5738
8407
9312
3097
2562
9406
7420
6933
4373
4261
4389
1747
3651
8477
6962
8005
9610
2272
7126
4906
2328
383
7677
1601
5653
2363
5529
8100
1359
8763
8691
6856
2620
5278
4726
9174
5932
8715
1232
6414
3762
8196
5757
8477
4280
4230
229
5452
4249
9889
7336
3478
6130
7278
6702
4733
5233
7653
79
8866
7932
9512
274
3306
7555
2921
5216
1019
3442
3535
9729
8822
1957
456
8059
8346
1756
7808
6191
992
8195
7299
2303
2118
7848
1894
5512
4113
9885
3788
812
9310
7090
2836
2644
2923
8427
757
8799
2024
6815
6341
3791
7413
7379
2490
8287
147
4304
3645
8921
5630
9264
4884
7060
6455
6992
5414
4732
8598
7351
8661
992
6949
98
4062
5959
8976
3847
3848
9317
3145
9741
8655
7202
4366
4872
348
6811
4416
1114
1101
4930
1472
7458
4001
1107
5621
340
7744
6444
4979
6370
6215
8802
6614
5817
6503
1290
9294
6449
7783
5060
8679
6892
7338
727
5660
9076
6190
8330
4366
1527
9971
8711
586
300
23
2881
626
267
386
9080
2200
4208
6880
6032
4235
8602
4271
6536
7454
7825
1067
4981
6946
5960
2359
5200
9051
3376
119
5542
4563
7179
4209
7984
2272
8827
163
8932
2697
4660
1242
6511
1627
4807
6093
197
4976
871
6195
2450
1260
602
4063
2260
8888
9019
3669
8273
1875
3664
1210
1207
2013
1388
5338
4957
9350
6626
6545
4372
9268
2315
2429
3497
238
4446
7417
9088
8270
6697
3740
6638
7449
6377
3669
6708
941
8199
5371
2661
581
2264
830
2503
3591
5847
9819
7527
5576
6226
1340
2884
4807
7872
5920
8587
6014
1606
6243
385
7506
3553
767
3943
7124
8236
6799
5318
914
5029
7124
8955
9135
4154
3883
3120
3423
3604
9648
5952
1633
8347
7616
461
1022
1612
3463
8214
276
8545
3865
798
5622
170
698
3182
2522
7229
8863
6580
8872
53
2175
8728
3457
4100
9420
5498
4436
7902
9163
8394
6934
1109
5724
8332
4312
351
8996
4979
318
1543
7933
9141
8654
6476
3416
5095
4191
5154
3867
8488
6184
5451
2673
5937
5802
791
9126
7253
515
6671
4681
166
3608
8186
4519
9132
1664
8522
734
3975
2668
4945
1102
9175
9830
9863
6907
9094
5642
9970
5303
8686
8726
8110
7953
5174
1818
6172
7094
5433
89
7551
1488
1169
5384
3011
5169
7598
14
1156
8100
5558
2107
5380
6595
7241
8925
4669
6234
3786
3984
2806
4458
4601
8225
5987
7331
9141
435
2707
7669
9592
3971
5692
7839
9476
3869
6079
6033
8930
1912
5164
8323
8423
762
303
9728
1968
8653
1220
2540
5594
9192
8160
3459
6956
8309
7824
3879
8783
4026
1878
9255
176
3263
1339
501
5567
2223
5175
8870
6075
8167
9503
5237
1760
1429
833
8833
1513
3177
1185
3168
4092
1255
3135
1625
7824
875
223
2258
9442
3297
6610
1144
965
3379
7576
7649
6113
5813
1709
8587
8717
6396
2165
9949
2849
1648
5781
7351
2839
5389
8051
9740
9578
9273
202
6847
866
6553
8464
8701
2683
163
2671
3248
2558
5818
5193
4624
8887
3796
7998
3061
6594
6508
6525
2405
6857
7697
2856
8742
2884
2177
6562
584
5505
3410
7584
5134
9116
1463
1443
6255
8702
3333
6164
6644
8171
8349
6297
2946
434
9730
8544
6229
7570
1648
3734
4134
5070
1108
4576
8529
7480
1046
6612
2343
7300
3604
1983
8900
3082
9005
3726
6156
3038
830
183
2571
8928
687
330
1830
9732
538
9704
2818
39
6765
97
2888
4214
7697
1837
4950
1044
4571
6201
3697
1116
2265
4415
4124
2341
4700
8710
9155
9834
173
1359
8497
789
5921
4797
9074
5613
7517
3393
7644
5678
6004
8976
7801
3483
5329
8487
3624
7663
7018
8310
2084
1648
2486
6875
2666
5921
1117
4833
758
6399
6860
5342
6083
5828
1889
9919
75
2169
6246
3709
6116
147
6339
2440
7909
2230
6049
2513
5376
7710
937
3253
9813
7989
339
4138
6526
7908
5971
2113
2517
7818
9610
462
487
2794
231
3557
9010
4995
3426
6684
7531
6259
7598
5753
5680
7951
5933
6192
3520
6225
1554
2088
753
5176
4416
5214
6924
5122
7729
6136
1205
4822
3304
5266
6053
9838
3676
2086
5504
8897
6212
3548
1192
2846
4330
5872
9854
7509
6585
1388
2139
6002
2853
6423
332
1757
3271
6896
6473
3585
7975
1158
12
5803
7155
5811
2896
452
8360
6494
636
8276
3278
6243
5223
2955
6780
7939
3369
6279
5410
9332
4657
2107
9400
4860
6220
4131
3294
7077
5994
7553
5682
3186
1846
9795
6462
1063
9469
2830
7341
7735
1396
6957
7217
4980
9577
1848
1539
377
57
5540
9373
5158
4231
6539
7148
4954
6195
8915
9266
9210
2482
2958
2269
8729
7271
606
742
8753
8225
189
5016
7496
2740
6143
1817
312
6800
9933
4606
3572
1505
9254
2136
6439
8670
616
8255
5110
3620
6604
5974
9059
6988
216
3610
4475
1857
112
426
4860
1573
1158
7590
7532
4249
2291
9714
9638
9752
5827
680
1439
2284
7265
7938
3516
8951
2307
8145
6492
8855
1622
2641
5024
6455
810
2365
2968
8038
2130
8428
5053
3478
9787
9523
2045
6644
7037
5214
4935
7860
3171
6955
279
9099
3910
9609
1394
9960
606
9763
4585
263
3268
1256
945
4407
8405
1932
163
5167
3834
1608
3666
6104
6439
2961
5692
2757
5273
7261
9105
8037
9565
9613
5349
5156
1113
8337
7995
4687
7606
7986
888
2695
2740
149
2873
2076
232
9911
970
9335
683
2719
6090
4756
3017
5234
4919
5261
3252
6393
7489
6728
6073
3222
2967
5464
4020
5810
2127
1173
4022
132
4606
1702
1131
7123
8496
365
5659
3795
5125
4658
6413
9700
1486
5863
672
3152
5954
2387
3711
9598
5129
1966
9910
9791
1371
2076
1169
2947
7341
1893
6917
1706
6388
7632
4472
5806
7162
2426
693
7475
5949
9686
1571
4887
6691
3455
9850
8884
8008
5044
1211
9140
5757
4565
1265
5612
2288
4496
5804
6694
8248
5788
2788
9772
4267
1097
5955
9807
2644
7176
8881
1829
1925
947
673
4161
8497
2385
7716
8409
4247
1493
4393
8082
1885
2387
4236
5277
3275
4180
4547
8705
6672
6985
7715
1690
8608
3378
8528
4139
6829
7940
2650
3004
1726
8232
8077
7883
1870
4345
1144
3291
7937
1154
906
2840
6410
8153
638
2285
8728
3532
8418
2170
4528
6355
4133
4182
8650
900
3589
7389
8987
6320
8529
1629
4709
2971
1967
5027
5208
5156
1697
8202
1463
5304
5732
2565
121
7696
4731
4002
2670
9832
2506
9009
8606
9009
5950
5852
8517
5572
9562
7844
4427
8264
6188
9436
9947
4819
9973
2263
5491
9373
508
3065
783
1107
1083
6898
6181
8184
3871
3925
3167
9297
3062
1822
8326
7363
9637
6858
846
8763
2380
1761
5415
108
615
1316
9896
3312
5178
8468
6740
3781
4336
39
1516
6669
789
3428
3785
4290
9577
3058
8992
7689
2612
8232
5305
5545
4572
1931
2494
8842
7276
1573
1442
120
2739
2466
3204
7779
22
7745
5051
7176
503
4901
5490
4761
8521
3486
6465
2462
9055
9572
9968
5046
4739
211
9297
5836
2271
8498
7647
9501
8974
5388
4528
9878
4270
9777
8424
4987
6122
908
3613
649
5377
2757
6111
9996
7530
4111
1270
1825
1274
4665
2370
2129
2755
4864
8696
6867
1893
6125
4758
2402
3780
8052
5880
4016
8870
8296
9635
9499
9571
3512
859
8065
3127
9497
7310
1568
2315
7305
7968
8186
2492
3517
9624
7644
7517
7137
1074
7074
7193
7869
5133
9672
5357
9701
5022
3596
8360
5663
6144
8192
1538
2104
5411
3296
840
8476
3604
6015
1822
1958
143
5644
5877
4131
1841
5801
4801
3893
3148
8707
433
8794
8193
5908
7826
8541
4736
6706
3386
4117
4595
8584
7729
2054
9631
2281
3170
2953
2153
4794
3787
2647
2025
593
5728
6121
6065
3162
1765
5021
703
1070
9201
9333
2515
3240
4726
1841
9600
4787
6218
4984
6373
7569
5302
5846
9876
9575
567
6280
8547
5327
2317
3198
1568
3735
9530
4339
1985
3352
982
3309
6053
9204
4330
9135
3861
2785
9238
5032
2110
996
1556
5161
272
680
1471
2154
991
8493
4686
2337
7568
8525
7815
3827
5817
490
5680
7079
217
5633
3465
7380
791
9611
92
2316
2048
9235
2872
7898
5315
7542
2698
930
8858
6625
454
1959
3127
8069
5286
9013
1975
49
6223
4635
2619
2566
8493
3824
4391
7103
908
7334
9723
1981
2384
5715
6874
2386
6532
8292
8508
6920
1528
5461
2312
3709
7595
7672
5368
8525
9029
5125
2619
1794
6541
2849
978
223
5364
3482
2207
6427
4094
8951
9300
1529
5860
3959
8286
41
6132
9193
9261
4070
9949
5067
3992
1335
1951
1042
9295
2178
7736
6840
3181
5113
7443
9053
4551
6390
290
2138
3864
638
5150
3339
610
2812
2933
7805
5371
293
5667
2818
1931
3969
4925
6564
6206
1761
8064
9125
8023
2609
5118
6826
9006
9779
8303
5603
3667
1516
9730
5104
1995
2621
9048
5700
7697
2840
2920
3417
1560
6191
260
5000
9723
6529
420
7849
4355
183
3199
8544
5901
9306
6538
4551
6691
8119
1554
4206
7892
2714
8683
4194
5088
8989
3106
604
1155
8406
764
23
2615
6633
8036
8806
3156
940
3992
7956
3633
7883
2653
3049
3636
2342
8090
8995
8813
9721
1046
9232
2402
5325
5732
7314
274
2554
3918
166
5151
7486
6067
1568
2993
1661
3687
7373
763
241
7474
5571
39
1202
8411
1482
4367
9155
2056
8973
2318
1833
9740
1342
3654
7655
2712
1441
1176
495
1404
6053
6928
7355
3758
7974
6772
5771
5178
5546
5470
6473
364
5752
1359
7136
8408
1694
6611
5562
6161
803
8293
9846
7090
9977
1737
3596
5145
1313
55
3518
2621
3763
6007
7195
7276
6705
6580
1198
4154
2198
2829
3752
124
2200
4489
4384
9557
7957
4561
5689
37
1407
9176
1382
3604
3383
6956
9026
645
3369
1893
7684
1719
4808
9004
1530
2935
9915
1416
18
8921
735
9246
1883
6263
7158
795
344
6666
3589
3688
6432
4431
582
6269
3954
8101
9935
9854
2336
7755
7923
957
9608
2658
5574
5032
4055
1013
9603
7178
3898
9507
3869
7828
9318
9542
2798
2633
702
3439
4928
631
9091
1861
362
2084
2234
5393
9784
3689
3073
1655
7530
3219
2639
8963
3773
9670
3195
1285
5501
1059
1514
6059
3679
7702
6899
4579
4124
178
935
3349
8610
51
8735
5177
6429
9824
896
9110
398
9476
6741
1812
9464
6154
7350
6460
5487
8783
2300
1100
8909
6077
6621
1826
5017
5430
9457
9745
2905
2174
8414
4276
881
8408
1795
5717
5740
9079
9353
5889
597
3078
2787
9104
2517
3635
4898
7238
2559
3681
183
4116
6003
7164
9940
135
1946
7839
1236
6074
4089
67
8677
8750
8528
3240
7491
9772
474
993
9323
4401
6465
8874
1858
9849
2679
2909
6792
3801
5375
7826
8324
7256
6789
817
2082
9664
3164
9952
2576
3301
4534
2855
3133
9550
2901
8227
2521
7511
6314
82
4513
6951
5171
2663
4181
1419
3660
9508
3853
9861
2046
2640
5600
4360
3843
5522
8771
3267
3590
2595
8786
452
1535
1386
9368
803
1347
7046
4980
8628
5177
3281
7579
7667
7593
1169
9720
5412
646
8154
7579
6205
3965
7953
2473
1740
8551
9956
6004
7654
7706
8893
5753
3386
3643
1079
4174
1730
9094
9395
1714
3428
2580
4885
3302
249
9462
7135
1229
9632
8614
9424
4061
8557
5363
2861
6066
8484
7905
1597
1200
4077
4161
2904
3796
1271
7713
3798
6786
1720
9746
3275
3233
9623
5225
1630
3361
4805
7436
9033
1068
2616
9947
2527
9031
7379
4732
2768
9964
6393
852
2231
1524
2041
4916
1935
6336
3394
1441
7201
6988
8752
3095
2763
2117
948
9209
7815
6303
665
9914
2136
3750
8548
4000
1116
3350
417
623
8612
6479
5132
3127
7495
6531
9401
1058
5976
9728
5745
5398
3714
4177
4691
1220
2950
6211
4271
3078
9778
3860
8892
8327
3732
2626
327
7590
2186
8658
6789
9092
4750
5739
4310
7218
2362
7630
8514
139
8854
6168
2057
4778
8657
9524
6128
4293
8985
813
9487
372
1783
2226
3592
9038
466
3682
6258
9844
1082
4193
447
9134
9143
698
3281
8501
5808
8385
9495
9920
9885
3550
2587
1688
5
2847
5066
8289
1198
1676
309
4321
1920
9879
6549
3997
625
1159
3189
7507
6967
1233
7338
5083
8695
4482
4172
4498
2492
4706
3411
9076
3861
5801
8209
7788
2786
5462
6155
5193
1049
9748
7017
8114
5244
2546
7812
6954
6124
6399
9925
4885
153
4314
1771
8170
8843
208
7604
5288
1747
8264
8638
65
1268
2904
3804
670
5717
4717
9389
8623
9859
955
9726
8331
3390
4760
6671
8161
6239
3127
4331
1060
2844
8056
2655
768
500
8353
319
4623
1650
2101
5273
5337
8447
4371
3399
7947
4792
9245
7022
4070
5692
6657
7928
155
7956
2636
3097
3823
4661
2015
8820
379
5627
9046
2618
4407
5834
895
5320
5829
9603
7934
7098
9779
14
5142
467
4311
9829
5990
8544
2622
3035
5629
9963
3427
1348
6178
3367
7317
6238
1642
4822
8081
8431
568
567
7567
1603
4909
3307
9956
3741
4504
2440
3146
4662
87
6719
7925
4718
8723
7034
9281
7924
2826
4537
4368
1875
505
6332
5305
1026
1902
925
7889
8195
3839
6397
1323
5269
8049
4487
5923
9040
9610
9205
9177
3892
4620
8497
397
6508
3296
2395
2513
6732
6726
4959
386
9653
9527
6661
3419
4258
9875
8729
9839
6701
2887
6505
2310
7587
5041
2893
7490
7125
7011
5378
4532
1826
7750
669
2864
6943
4547
4548
6695
1782
1222
2168
4725
2201
3060
8346
4682
6814
8961
3150
800
7039
3769
7453
4111
1214
9254
414
5887
905
4681
1299
5560
1647
7251
9140
9310
842
362
2715
3547
9516
2494
3223
3759
4773
528
8727
8926
1622
2781
3016
9162
996
6399
4893
7354
6323
6714
2622
2738
4171
8183
1363
2279
2819
7740
990
8997
7412
2075
9256
8377
6435
5935
4606
3834
1400
4488
2170
7025
1210
9855
2119
350
9717
4265
3144
6267
9511
9916
5067
7112
861
2950
230
2641
8693
8585
2093
520
9759
5098
7670
9107
4605
6941
24
492
3587
4258
5510
8264
7277
6101
6562
6484
8271
4926
2860
6759
7655
6383
5831
8973
2875
4818
9062
3141
4971
6108
4174
3319
2037
9372
9440
532
8085
9640
1152
2285
8648
9914
9494
3015
9034
4269
3061
7048
3371
6439
4556
3622
7088
448
3646
4934
7124
5595
6260
5807
1872
4391
7247
566
7378
6403
1046
9947
6560
8647
4403
5723
3988
1960
4928
5676
2999
9628
611
243
9147
5242
6318
6845
650
2843
6553
7837
84
4394
4930
4758
2598
8594
7667
2985
2522
8672
23
1503
552
2755
1794
244
8627
107
8142
4119
1588
7735
2883
5534
7257
9618
74
8636
5436
1365
9093
5065
3239
8916
4421
1128
3750
8692
4780
5675
9477
8531
5755
2081
5495
2836
375
2723
5336
410
7960
935
3081
5354
9909
6451
2921
1883
2970
4539
1502
5112
1551
609
2503
6584
322
4718
2681
8479
7591
8113
7670
2765
8000
1405
1496
8173
4015
9811
322
212
1697
3567
6203
1065
2364
3081
4728
9288
9477
9204
6962
8872
8475
8080
7229
4883
4558
9480
6313
9410
8100
5448
263
6798
5195
2958
6520
9299
3674
3098
2517
7851
7393
3817
383
1363
4821
1979
5635
9339
1552
5565
815
5972
3322
5876
6961
569
5295
5021
7143
5801
5651
6050
8186
1097
3149
155
2146
8787
9118
4977
7806
6675
6932
1347
3230
8185
5564
2483
5574
2863
8573
4507
4880
958
4129
9477
1849
2351
2350
5466
4494
547
2886
3189
6723
5645
1862
4244
7175
4749
2665
3705
9960
171
5153
3299
7708
9364
7053
2930
1698
9953
1786
9455
1063
7878
2174
7631
9704
8184
5353
880
86
3667
119
6463
586
9650
5657
3664
5162
5760
3013
8168
6834
4947
5446
1586
7064
9239
6167
337
5005
1887
4050
4904
9856
304
7606
6738
9406
9809
952
5361
9508
2183
863
1664
8391
1253
2410
6850
6718
4068
9158
6830
6881
7868
617
490
5840
7528
730
354
993
2647
3015
8589
632
4202
2003
3856
1880
9987
5786
7191
5546
310
2840
3133
7814
3699
2746
4460
6638
6487
5800
4290
3054
6624
4169
9181
724
5016
9777
753
1651
6305
7921
9516
221
7366
2232
4354
5296
743
3882
70
4453
1313
29
2725
9650
9264
7043
1187
5679
5254
5977
3348
8672
1537
7361
2912
3398
7100
9504
2827
816
3065
2250
8108
222
183
6886
1833
124
7894
5171
8050
6568
6743
7690
1416
2156
186
733
1978
3175
8086
2526
4172
5791
1098
4976
2614
2422
6295
1069
2393
1885
519
6621
1910
3566
7823
1386
7702
5598
6592
6467
8648
7383
1466
9815
3889
1277
5514
8612
9585
6639
8972
5640
8540
5403
6879
4575
4277
7835
8577
7765
6436
2475
8926
5504
6934
260
8451
4799
6596
8197
9741
2620
6674
1488
2460
238
9264
9905
2127
9640
2707
5934
420
6542
9818
8500
3556
1
4104
5728
270
372
3216
2736
3347
4018
9235
266
2744
5920
1681
2182
3743
8441
1476
2501
4230
3088
2230
9302
787
1724
6008
9384
9636
469
6927
2890
5963
8240
3020
1898
60
6679
1608
9988
7658
1681
6614
8895
6517
8564
94
5465
4137
5135
9665
3823
5105
712
8422
9838
5735
1409
1432
5991
8734
7875
7433
5636
1960
3745
5143
2332
8978
7253
6237
7496
9887
7559
9227
7344
1763
2745
4372
5034
4969
1546
7384
1716
8770
6586
1882
2779
8947
3343
1365
2035
950
6968
5915
7770
8708
5651
5788
3811
8847
3485
3219
9894
5818
4596
1061
6606
2490
3376
7740
7412
617
5492
2986
860
132
2699
1981
480
20
1887
1817
3030
7621
5865
9335
9037
2256
6929
9102
3131
7107
5421
5459
3958
9008
8225
1900
5392
1412
7682
8726
191
7791
7335
2330
6517
3538
9556
4371
6169
845
5711
9392
5805
1630
3160
9676
7625
712
3563
6670
2034
9055
4827
622
906
6394
727
6987
8821
1552
3451
8023
3376
7143
380
5004
3270
8056
95
4179
407
898
1624
3052
3927
424
1720
6354
7869
5085
4443
437
6935
9970
1411
6145
7005
7685
9866
5335
2801
9354
8310
594
2153
3925
9523
3007
2836
3231
4500
7921
9884
8797
3412
999
528
5819
9437
9630
9737
2801
2789
2741
5623
6026
6188
2692
9945
5202
8948
2275
4355
9682
3719
3757
7520
9688
5238
2397
3081
909
5730
3454
3242
4963
2924
9116
5672
4044
3326
7095
6740
7768
5766
4471
5791
689
8525
1060
4678
2761
7145
9480
604
8043
3861
8220
8992
1622
41
894
3390
9038
4938
1854
525
9622
2910
8521
4935
290
769
8519
6832
4726
3645
8098
7888
6149
2447
8823
9562
356
8644
9459
959
2163
2115
7371
2578
3830
5724
7443
3407
5691
3095
6907
9496
6550
3275
1263
5730
4509
9671
2895
1897
4891
9459
2207
4044
8334
1502
604
4385
4772
9867
8890
3396
4697
4091
3903
783
6480
2565
3514
4134
1042
2143
2186
2274
6660
23
2322
7138
7749
5434
2525
6799
666
771
412
1733
5568
6920
103
8782
2281
9185
9993
1019
6234
1095
3024
5883
6940
7330
5220
412
4003
1028
4949
9207
3390
4025
4436
9973
8419
2826
6273
5704
8889
527
6866
8027
8446
5376
1863
5647
9846
6448
1140
2566
3976
2039
519
6336
1639
6211
876
2471
9874
3860
9279
437
8281
9406
18
7822
9492
2056
6932
5244
6201
6264
7797
1531
4900
8864
5187
4938
353
4600
6521
1717
6707
502
614
4777
3412
8634
2857
4083
2504
2907
6242
3740
6070
1665
7686
2589
5564
6668
2293
2516
6999
9120
2993
9722
9198
8927
2358
7474
372
2327
5174
7078
2973
8752
9748
4654
4427
4953
4765
1566
9901
8227
5416
6058
9312
5577
5199
99
1423
7598
7937
9956
6242
700
2798
4874
4261
1202
6043
1443
3909
1669
7625
2130
3966
6573
3393
6889
5328
6518
4111
8267
5317
8745
3000
3670
8927
958
3027
2985
2615
5841
7753
8450
2450
2904
300
7741
5386
9567
7165
7150
4877
2878
4124
3327
7592
4468
3866
7533
9487
2114
5711
123
1824
7304
4574
8227
9192
3932
4409
5619
3489
6749
901
6308
3773
3126
2807
1036
4492
6437
639
191
2321
7108
4346
3356
6665
2984
8006
4842
4278
1047
597
8902
4095
652
3126
3990
7441
3934
8758
1659
658
4703
6488
1827
6009
3286
9345
4859
2630
4279
3669
5989
5820
121
9867
3544
7198
5683
2666
4081
5798
7325
5191
674
7784
608
2820
1121
2136
7800
8154
8207
9057
1023
8442
2950
6327
8033
5481
8360
681
5199
8418
5024
6703
6601
2269
2009
3739
7409
5723
673
1298
511
9676
2863
6711
5483
1089
1437
1472
7199
5292
2716
6258
3435
3712
5989
7277
1313
2551
4164
6402
6273
4323
2261
2849
8439
4494
1797
6966
9648
3654
6639
1603
5209
2827
3547
3943
8819
6591
1631
9167
8294
4564
1971
7723
4773
9705
3324
6800
1257
1079
2713
6659
9997
6457
8298
5486
4583
5304
761
7117
7779
6958
6580
6692
6273
9225
217
1240
4691
445
6004
6894
8469
9299
9765
3075
4879
5856
1223
4396
3282
5319
1959
4274
8602
4251
7988
5959
116
2033
6595
1501
2122
3150
2647
8532
1053
5435
5687
3605
297
945
6297
5160
3501
8367
9976
2905
4691
4658
8355
861
8292
169
2962
1702
8233
9647
8474
3230
9624
7133
2241
127
4602
6795
6315
1278
9365
1893
609
5934
2508
1419
6333
4129
5852
7549
9832
1576
9198
6664
8231
5481
2327
1790
6472
4740
8586
493
5388
9930
166
290
6514
9716
5509
3311
7826
9655
1769
455
3436
211
2024
7654
9280
5816
5350
7582
1286
893
3648
10005
4151
973
6714
9225
5111
6118
6611
6284
6121
3591
1891
910
1998
4500
5639
4634
5137
2105
3532
9950
3861
1234
6468
4694
7552
1653
3604
4731
7746
3552
5980
2149
5145
883
4214
9770
190
8727
3160
6331
5393
6388
6847
3011
8677
6224
7857
7479
6140
8884
70
810
590
7380
8929
2631
1624
5653
6779
3655
1283
4935
2922
4343
2709
7365
4422
4391
3923
5278
8833
5706
1093
41
6306
1085
1440
6905
7914
2282
4056
3226
1575
7871
1814
4253
7968
8486
2419
7355
9033
8909
8605
8529
6442
5001
964
795
4784
981
3403
9703
5416
9915
3967
5331
5604
1813
2384
5627
3049
1822
3224
7766
9600
7432
2146
8718
6129
4166
6842
8226
4904
8218
5145
8757
223
7856
8503
6268
7242
7407
2298
8906
548
5683
1023
4308
970
6555
9008
2058
9394
3018
8735
8219
2540
1033
396
1248
4089
5921
4817
8517
7668
9315
8903
6569
186
5615
4687
357
9474
4674
6269
9949
2538
6726
9796
8430
3828
3789
2503
3135
2956
3194
3230
7080
3860
9752
7267
4715
5667
7938
3454
3757
1248
8111
2179
7921
3615
8132
5881
921
1566
5829
3710
1494
230
2443
1668
6302
4256
1100
3571
8207
747
5258
4327
1293
7156
7629
3802
5254
2003
4627
9702
264
8464
3566
1203
6650
4763
1581
5304
8858
3345
4023
2350
1876
6450
4389
9043
660
7222
8468
9092
3052
2737
2254
5341
8190
5145
9651
6539
8081
6200
6409
706
1457
3348
719
6986
6204
5797
5238
4432
8584
3597
7739
3581
6871
419
4309
163
930
8255
5745
9513
5791
4077
2751
9280
1348
5184
4765
8568
8693
2280
4201
1055
5522
5191
7007
8253
3466
629
1943
7098
7339
3300
7510
6267
7162
3733
1175
2758
3841
6081
2923
3411
4899
2966
6258
6338
3755
4987
4366
7826
7608
7182
4744
8593
2350
1066
2735
7827
34
202
7463
971
4032
553
9760
9231
5553
3696
6592
9527
3965
3788
4959
8494
9815
8717
9976
9263
1919
6940
307
3537
8389
5447
7957
9065
8495
1481
1183
5226
1880
5751
2903
7269
645
5033
5546
5774
5668
2416
8027
3987
3578
3177
8658
3132
6821
6634
7025
4852
3821
8223
2968
8432
293
3552
1567
3077
3357
1972
6439
9265
5302
8339
9374
3996
26
5791
6703
6654
9088
5848
4931
2443
1741
3507
5930
7535
3569
4002
9686
4840
8257
3167
3520
4884
5780
3041
4062
1265
6739
8154
4160
2768
6686
3903
5967
1546
9284
5911
9936
3591
2756
1767
3752
3485
7818
8821
4070
2805
5851
5266
2337
8580
3460
5135
7092
5366
628
444
3828
7692
2227
9602
9464
4200
9076
583
1913
7973
6587
4879
8302
8735
6383
7835
4263
1725
3207
9049
7851
3083
4710
6504
7196
7912
2218
534
2747
9975
6170
4482
4364
9999
4037
9871
2531
3400
8322
3166
2034
4160
6522
8850
8465
9416
2722
8789
3293
4322
3915
4014
5234
2212
2520
1710
5437
4891
6661
236
9861
4840
7704
947
5729
6050
6800
7056
3720
3025
4918
7034
6956
6730
2855
8895
2757
5473
4875
6427
3622
6724
3283
1221
3311
6214
8986
7108
4472
9525
5026
583
1053
4422
9773
3374
9478
2645
3868
1606
4424
210
5768
7413
8609
7568
5251
462
3646
2671
2845
2593
8440
6870
5514
5412
3015
4101
9833
4797
3415
6566
7995
7103
2347
1857
8321
1196
9570
4805
4112
4127
3909
2040
1210
1310
9596
5433
1238
9591
8210
7921
5031
7414
7989
3151
644
8428
5139
637
9811
523
5442
1094
1191
6877
4089
5450
7504
7431
274
6862
5190
6837
5109
766
6111
6554
1537
1184
9179
7599
8414
1407
9980
5274
8819
9779
7701
607
8713
2984
9216
4279
8886
9156
5402
1891
981
9476
8243
3794
111
3265
9416
6430
4023
4505
9876
4224
2159
3025
109
3531
765
3870
6318
2341
343
7008
6301
5585
2674
5966
5512
1479
2441
2674
5420
10001
233
7628
3881
406
8878
5658
4882
2794
5653
8181
1930
3691
7587
6618
9678
3095
4418
63
1006
3310
9030
687
460
2206
6234
8459
1265
5975
3835
3677
8552
7141
7517
8829
5757
4503
17
6735
8496
8009
8097
5169
4567
8647
5440
5999
6908
6608
3471
1010
6488
5354
1137
5094
9504
7789
9981
80
5944
7192
3507
9655
9994
7270
8592
9202
5800
7370
3070
7865
8914
463
7084
3233
6740
2291
9698
8465
1154
3500
7505
9453
6328
6738
1816
7126
7766
6045
7413
9496
8512
5539
9421
1905
8628
8360
5312
2681
3687
8052
6997
5407
5692
2259
1903
8022
1591
3656
7628
5091
2505
8844
3491
4305
9083
6483
4998
8487
7233
9596
6862
9191
246
503
7443
9233
8874
4105
1809
5046
6470
5040
6730
8351
5500
6343
468
483
3206
8907
5993
7991
6206
9725
1347
8024
4973
7060
7174
1383
5082
6886
6832
7140
6858
3527
5800
7889
4798
6305
8195
1260
3842
9625
2007
9229
7684
2284
7707
7224
6599
7813
7631
5084
8721
8319
9691
7996
4608
5609
428
1444
8928
5731
5853
1127
1819
8419
2949
6969
2343
4557
1712
6323
2447
9207
1674
6342
8793
6871
4729
2696
6475
2940
3644
88
1986
2581
3151
4808
8253
5542
6534
8559
2996
2111
8083
