4515
1558
5171
581
890
5548
5660
7170
3149
8143
3870
2315
9121
1567
5481
7236
9486
344
4379
112
3976
2115
6669
8324
2160
1476
4726
4148
208
682
8333
732
8589
7779
1242
6193
9715
1195
1601
3068
7819
489
7287
5691
7971
1350
4791
470
9239
9130
365
5630
4880
2949
3690
7039
9040
44
4842
1523
8179
5382
2072
2731
1896
8797
1928
2062
126
9839
9632
4766
9005
9255
9317
1484
8361
6182
6367
2552
650
4756
1902
3635
3840
6904
724
4336
5171
6168
5108
6946
2088
2768
6224
7629
1215
8306
3949
5048
1640
5331
8244
7649
6164
9105
3577
9336
8941
2212
132
4300
2633
1051
9551
9741
8437
385
8789
2666
3434
1565
3999
518
3769
8989
2271
6626
3503
7400
6910
4928
4943
844
3147
8397
7135
7759
8986
6546
5837
7983
2259
6546
830
778
733
3022
2477
6999
9719
8414
1848
5562
692
6229
4813
1182
7305
581
1446
698
3971
8597
9253
3282
3277
8983
5645
7325
4088
1106
800
7890
9951
8601
306
3937
6209
4830
6360
1353
4863
7954
9431
2771
159
2527
8901
4420
6578
9915
7969
4095
5232
8923
260
7290
5296
945
3560
3656
2672
6473
7193
7015
9504
9363
2421
6505
4223
913
5260
2461
3545
1461
9672
8648
6064
6077
4010
9601
2333
1689
3379
1917
3261
3522
1238
6790
3718
6627
1337
1672
8196
2402
7452
8300
5850
6817
6924
7612
7187
9771
2162
4734
4515
328
1626
5086
1288
633
847
6044
3889
1138
9722
9293
9322
5277
9184
3287
2815
3991
366
6813
8935
7010
5174
5656
3666
5854
4932
6896
8564
6956
7219
8634
9509
6049
2298
3645
4765
2682
6593
4946
4453
3744
4532
1975
9615
4414
6026
5961
8174
2026
4594
2759
1866
1501
5957
285
2091
4040
627
7994
505
7588
5845
17
8874
7234
79
6687
9497
5132
5219
9719
8975
876
9152
8817
4628
80
6850
7372
544
9144
2329
9664
411
8545
4111
6508
5634
4695
1067
3791
708
7409
9259
8034
468
7777
6043
7751
1732
462
811
3618
403
3298
3516
797
975
7025
7969
112
1110
7731
3392
9420
9457
9787
185
1956
8706
639
7571
7773
7892
8149
1923
6273
5362
2081
487
4759
1142
4708
42
9144
2931
1093
8175
8112
3236
9928
1133
9685
1393
5581
2399
3573
2811
2633
1455
8286
1138
6071
6853
381
3833
3048
354
6748
8738
2472
289
6671
8159
7745
5179
3522
9436
11
9027
4416
8071
1621
6571
4502
4944
371
4556
6254
5507
8268
2554
3931
5595
701
8782
5579
4764
277
2143
58
564
4875
7330
2585
9294
6166
4920
2808
9012
9617
7193
9814
4505
1895
5242
8559
9741
2153
3467
880
6530
4793
303
3679
5092
3995
9395
4542
7049
8387
7299
6514
8737
7883
8054
3134
3773
8170
263
8440
6321
6682
670
9869
9815
3164
830
7535
9681
8389
2705
1869
9300
3535
1962
6203
2277
5054
6660
3199
7184
1046
6023
1308
8356
1025
7346
1241
3039
3775
5826
4427
280
9071
6376
3786
7246
3012
4973
4411
6974
2239
7919
5362
9764
784
7131
2548
3309
409
5275
1606
2313
468
7313
1153
5765
83
4481
8557
7630
3338
9424
536
5224
8456
8230
8748
52
3145
5964
1809
4479
3878
8659
3244
921
4187
2393
8769
3689
8407
5756
236
5877
8652
6558
6496
3978
1189
2615
699
9160
2797
5449
2018
9349
1736
4774
4409
337
7466
4637
7300
4999
8974
5980
3021
1059
8767
7044
4071
2337
2278
9189
8569
3761
3660
3472
957
3836
7973
2679
8037
35
9508
4168
869
4888
961
8244
1953
8139
7458
9951
6384
3174
4251
6001
4805
5430
4143
9175
3161
8626
6903
7668
3465
6843
4990
5297
1019
5535
9737
1802
167
1580
8726
1511
4049
7918
3882
7256
1515
7210
5488
2794
8364
6979
6023
1742
7468
1708
9221
5061
4419
7866
6840
2665
1849
7275
8650
7033
2534
1510
4914
5029
9350
3986
4167
7236
6553
9147
183
5069
5416
4137
4860
3389
7826
4480
8493
4517
4601
8152
8885
7402
7125
3006
5087
9592
4492
8305
1987
10004
6139
1267
8263
4954
3303
4218
3395
9096
5355
2854
6906
6618
7876
630
7227
2700
9345
5239
8906
8887
1292
7310
4573
4624
8609
5186
9519
9344
6506
9119
4809
6614
2942
6517
2081
1381
5607
9084
7198
6604
6726
8123
6675
7534
4435
3003
1320
4286
3715
2857
9773
3741
1152
5682
4508
9861
9461
9794
706
890
1422
1639
3533
9966
9726
8129
1033
3172
760
5892
6729
2000
959
5258
4678
7446
2371
1155
2845
8936
8304
1412
3196
3248
5961
8525
5121
8141
158
6238
349
4288
800
7025
5999
302
2602
4759
7907
2013
1720
4922
9644
2762
6844
2023
3701
5790
3647
9140
1001
5875
2570
1706
5890
1376
3666
8935
7556
8077
8529
7401
6534
8623
4443
606
6406
6032
2068
957
9414
7035
6694
5710
6591
2512
2264
643
9709
2695
1419
2252
2811
5949
5712
9518
2797
3039
3490
7481
4775
7540
276
7760
1986
7130
6811
3824
3015
7464
5620
4705
8948
5619
6127
5109
2399
2810
7454
166
8024
9143
9412
9024
3616
7095
3850
3849
6687
3008
356
4960
2621
393
5982
229
1754
6286
5862
8967
4673
4289
6317
2587
5996
2370
5820
1065
4543
874
1630
9810
7357
2147
8748
7850
6883
9241
6626
2450
908
6462
1274
3161
815
1011
6962
7375
1811
7488
5177
3525
6995
9870
7067
4915
4693
3141
8442
837
905
9619
474
5998
2909
1254
6625
6946
7118
8122
898
4433
7502
444
7678
8230
2472
8331
5588
3550
3542
2722
2427
2571
2992
6403
2169
8929
8493
5596
453
1310
5615
4738
5587
6842
7064
944
4088
7052
1215
952
865
1039
3289
3275
1177
6393
4606
2450
7567
5232
2748
5806
2446
5991
2275
9066
6136
7889
4398
2265
1369
8727
604
8440
1880
5311
9844
7810
8419
7207
8455
5217
9295
7033
6074
3333
595
8680
7088
9409
1182
6529
384
4305
9692
391
5264
400
7475
71
845
5810
5625
7397
4099
9823
1141
6733
6702
4291
251
3928
6467
7099
8452
7929
3929
2302
7982
1961
6868
8352
8355
7656
2946
4760
1075
1754
6863
3048
7885
6581
8483
4074
8797
3817
2090
3553
4984
2684
1848
9906
7261
654
4122
5639
8924
9354
6306
6456
1033
2428
330
1680
4653
7036
787
9270
7430
1214
9325
1634
6680
6512
9436
4943
6851
3153
6827
294
4780
197
2438
6851
74
3478
9387
5273
1898
4581
3618
9986
6713
2230
4399
808
2918
7353
4042
6641
5552
501
8662
9999
8270
7441
8501
6448
278
1736
102
1348
6256
835
8121
1786
2739
3405
3590
9512
1045
5625
6986
5544
5900
7217
6977
5536
8971
8519
7143
3565
4796
6342
9614
296
6623
8049
8408
27
4360
8645
7270
5803
8443
9087
2472
5824
6042
5855
7868
9237
959
3807
7078
1682
8373
4598
8914
7557
5486
7824
8811
1320
9879
2377
4473
9042
4892
9457
6437
6235
5889
9521
4001
9488
7781
8714
6236
3607
7997
9005
5495
457
2293
302
8793
1295
3718
1691
9648
2305
4052
1533
4180
7538
7251
962
9898
8233
1379
9068
1859
9916
3813
8974
1767
652
5914
6692
839
4710
4167
6112
607
2776
2045
4278
8121
9289
6071
1116
3059
2819
6394
6963
358
1837
2023
6057
5786
1999
4180
497
4324
9035
1025
9517
6383
6223
1086
1734
4039
5889
2423
1580
6170
5592
2003
4896
9793
7787
2021
7928
9831
7240
6101
9643
3864
1551
7251
2731
4173
8239
8833
1633
5007
4475
1759
9344
1334
5507
3216
7398
4386
9257
8099
9080
6798
7013
4888
6561
1353
4735
8385
8012
2270
2110
206
9173
8204
2885
4852
148
2547
5940
8284
5377
3703
7409
6820
7832
854
2413
8036
7908
2070
3313
2573
9092
2219
9428
530
436
1713
5322
7779
4546
7727
7439
7144
1652
9352
1881
1613
8372
3905
226
1199
8193
74
5126
5297
6639
4147
3973
226
8378
3977
669
83
4872
7870
687
8532
1004
3560
2108
2060
207
7016
2660
3849
3599
2427
216
8205
772
8680
1565
6917
9253
2627
5903
58
5460
5383
5691
3166
1191
7558
6515
2186
7832
2477
2823
8983
2472
9875
6485
4123
9114
7105
5506
3862
35
1969
5970
8238
1746
7552
7269
1307
7994
2675
4228
2881
5497
4536
1815
4666
4395
8622
5476
6299
1967
5141
7357
787
6505
9039
4617
4258
2725
9210
825
8248
6695
150
2016
7651
5119
4875
8091
4763
5129
2573
491
8728
6997
1210
9037
1961
8217
824
7365
3636
533
80
7469
2710
4514
3382
9492
9613
4407
1359
2643
8709
6026
2934
7324
7464
4467
2469
7335
3656
2903
4501
9447
490
8570
4473
6371
3888
6238
6266
4177
9030
495
3055
8073
863
1026
4257
342
133
8410
2524
7909
1019
8435
5321
8007
347
8203
4861
9662
2463
4723
6632
2854
4712
9626
416
8594
8470
6198
7616
1976
9052
6184
4089
5584
1289
2882
1496
270
2895
2781
4633
9809
4174
2946
8924
4014
9376
7125
4635
5718
4881
605
3207
1247
3188
7867
2563
4628
9011
4246
6342
8164
299
4689
917
5713
1975
1445
9245
2946
402
6786
4009
8418
8259
5153
4723
735
9140
568
5787
1035
5485
2600
998
1087
2194
7131
127
1686
6217
9007
2483
9982
9811
6064
2019
4131
6712
402
8755
5399
9154
4390
20
7772
88
1549
7966
5532
8344
7017
5333
4382
1890
2948
2257
7800
3315
8483
5442
2470
1167
30
321
4392
8088
4845
2436
7944
1428
9841
3750
4803
3685
1149
5149
6608
3522
5199
8522
9484
4785
8642
2685
1654
3077
7015
3361
3456
5018
6210
7169
7781
4781
5547
9976
5538
1360
8730
7265
1068
8500
6229
8245
9235
7079
1109
4106
7068
4182
4049
10006
5064
4595
19
5458
429
8678
6802
2623
4581
1192
6791
4721
9187
5918
4092
9466
1656
429
2727
5542
8410
6950
8263
5789
9883
6335
6623
6226
7233
3152
1569
3015
4138
3853
6285
2693
5813
674
1322
9229
7034
5671
3260
7412
1764
7003
135
5984
1148
2862
1114
7091
9825
5210
5946
4610
1380
3101
73
9007
6536
9502
7898
2936
4955
7545
8505
2653
1110
3260
3194
3446
9071
9803
4668
8446
9158
4437
7466
8096
1335
3151
3859
6074
9694
2886
3253
2086
3999
3616
4857
6031
4565
7740
8661
6977
8260
7767
419
7259
6444
9347
3867
4312
8014
6109
4415
2288
7823
3807
8479
2681
3132
5738
905
2388
706
5173
2769
7758
8657
453
5108
9086
579
8538
929
538
3102
4696
9308
414
9202
3715
526
7530
158
1853
1825
1006
7017
4291
2004
6373
3979
4248
7653
291
2210
2868
9018
1631
5681
4496
9905
2624
5436
9409
1487
1983
7035
3685
5077
5519
6197
1611
3802
6865
7325
8538
1662
4302
2459
9393
3624
4184
7602
6443
6428
4435
3433
4473
9957
4311
7901
5278
5808
4051
9623
9080
6648
8234
9208
9222
7422
1409
2996
277
5946
869
4009
6317
4375
7772
3685
6714
3571
9128
7167
8411
1973
3791
8104
3931
7328
4994
1361
2690
906
8360
9003
1336
8785
9409
401
3589
3479
1800
5775
5029
9669
7890
2001
2155
2334
2017
7886
3804
613
3710
6139
3566
404
7066
3599
5063
6332
6407
5310
4481
2265
9058
6463
7442
1372
4274
9172
2990
5391
9813
2831
459
3865
1640
4726
4034
8691
6857
9126
1478
9402
7432
5573
5492
4700
9115
77
4484
4265
4449
7331
1948
8009
8863
9358
2977
8554
5705
3224
9781
4294
5145
8978
3062
3720
208
5482
2138
3481
3612
333
2626
44
1732
4169
5175
9220
5334
763
6696
6913
8680
3857
4276
4853
2213
4503
9281
3711
6918
1530
6160
3083
2079
897
9913
5823
8848
7095
5749
8408
7233
2020
1505
6819
8564
56
7198
4245
5193
9159
3820
698
8231
9118
4730
8673
1233
5444
3379
5778
5610
5903
8701
8260
9090
4456
3868
2539
6982
5088
7055
5376
2057
1328
2476
8281
6757
7954
3943
3510
7844
9742
1198
9851
3803
5482
235
6676
1985
6925
955
9546
3018
8928
3857
4470
9048
9701
8667
9875
1261
1317
2942
2745
9343
7468
642
8995
2016
3464
7417
4922
9132
786
404
8065
8863
1577
8553
7608
9321
4252
6657
9838
6768
7410
4723
9040
3282
4502
5783
5033
2911
663
2796
1772
7477
70
5044
9417
4087
4145
591
1354
3084
538
6289
5833
5182
6151
9460
790
2815
1138
504
263
9773
7108
4840
4305
9924
5357
7359
4081
3173
6209
7111
9103
2719
6171
2297
4897
2053
7211
5031
9747
477
7874
4172
156
6621
3901
5200
1638
9269
2721
5265
8170
967
8325
6199
7646
859
7577
8670
432
1972
4279
3736
2443
8908
3008
5633
3771
1580
805
476
7899
5224
7206
789
3356
1284
1506
7592
586
2036
1239
3845
2001
7030
1424
1580
7578
2881
1532
9720
5698
1231
4986
4823
10006
7819
21
4045
4411
3666
8864
9689
5145
1055
8553
4902
2224
2916
5879
5648
1818
7188
8502
2074
5207
3680
1604
9660
1854
2500
6873
5557
3800
869
5875
8830
3603
2928
851
8032
9569
1408
2517
3542
3952
1999
1190
4410
5904
3355
9260
5351
8513
5414
7654
6303
2446
380
692
5635
5981
7834
1482
7706
3339
5937
6533
9987
8951
4360
9562
6939
9527
2125
7468
2776
1724
4667
5675
102
4104
4318
2055
1686
1465
3295
957
6018
8307
6803
6912
3817
3336
9539
1731
796
339
6663
4034
2141
4259
2961
4523
3692
7181
6366
3802
1861
2826
9052
2597
919
2502
6986
2607
305
5440
3564
3130
6236
722
4475
7249
2384
5095
2599
8096
5265
5346
6378
1473
4733
1404
8581
1097
6067
9859
6069
8409
1809
2929
3033
8799
3238
7948
2216
8021
4620
952
2585
4032
8327
7010
321
6451
2800
8583
4744
2721
5940
7491
7233
6879
342
4807
4745
379
1875
3233
5743
2072
2741
7290
2582
6056
303
7408
9254
4192
9102
7070
4835
4296
6005
5816
3360
7286
7571
8157
7925
6610
8097
6607
55
918
7918
4636
254
4152
7873
8888
3612
8946
234
3752
5101
2370
9325
1878
214
9564
3570
8050
2347
9750
54
5205
6218
8817
3299
7775
3604
728
8608
2934
7768
9444
1425
5562
6488
7404
64
4924
5583
6908
4430
1652
7470
8120
7722
3492
2295
9540
4252
1977
4910
8381
5138
2338
183
3493
5558
1263
981
9530
207
9599
2718
1582
4475
1651
1366
7185
10002
1263
7407
6215
8847
4565
2390
6428
6596
5573
6974
9673
9345
7947
8829
5648
4999
7888
6624
9273
6805
3040
8464
3855
3671
3549
7774
4941
1851
8410
3406
9156
3237
7623
4855
3528
197
9501
3016
6128
586
3127
1314
8989
1479
2367
4686
73
3342
9681
1962
2013
4019
7270
3307
244
9174
6607
3999
6027
4239
8971
7424
9899
5916
268
8714
5462
3184
1614
9377
6524
1915
9005
5442
9929
9687
9512
4089
5374
1140
4603
3475
1185
8675
5101
6645
7358
9254
8020
9771
602
1929
2815
2454
3877
9580
7356
8011
6882
2737
1266
3728
2735
5235
4305
2253
3728
9945
4133
751
5119
6223
5675
2475
3914
2279
4581
688
6621
4633
1039
342
7539
1142
4116
4123
7120
2718
9925
8912
8675
4912
4393
7114
874
6502
6953
6441
1723
2275
5746
6528
1925
9267
7793
5443
5002
1837
5320
4150
8381
4708
7672
9193
835
5737
3827
8414
9359
8226
3689
1438
982
238
7212
8604
5954
1960
118
355
6660
4642
7800
7499
3095
6683
9180
8296
3560
1843
6977
6698
5800
1024
2181
8579
3934
4671
8826
6631
7531
989
4691
7092
2437
9224
3376
7789
1496
4525
8734
2419
1144
3529
2693
3477
260
9608
8263
1825
4067
7412
475
2612
1121
3174
456
8902
8828
471
6040
4630
4720
273
5405
5377
5602
4418
287
3630
6316
1491
9850
6398
7152
931
4773
8772
5259
1854
6473
8577
5903
2735
2589
7831
6777
5169
7639
4235
2113
4155
7328
2285
3642
7681
4247
6058
8094
5488
4126
10002
9515
895
8700
4280
1933
1044
4197
7504
9482
5867
4675
3417
2951
1514
5608
1480
6040
625
1138
9132
6699
6923
999
4644
1294
1360
7005
1704
3755
6313
9512
6332
4346
784
3551
6732
1147
2048
5219
5171
8244
117
1857
2613
3527
8709
9165
6482
882
443
1094
463
1076
7613
4761
8775
6640
5039
2376
1675
4939
3388
4559
8677
3808
1295
5767
7331
857
1448
370
8543
8646
5559
8841
9187
6345
1783
7361
2441
5568
1152
1276
6026
9413
7145
4208
31
2779
938
3426
4228
106
5546
309
7662
5592
4391
4146
6912
9734
6463
4214
3221
8746
4791
1866
2088
7317
3879
4686
4985
834
6340
3080
6886
5400
5491
5716
3344
3138
1075
1197
7253
3479
5546
1967
5811
2552
5489
1050
1785
2361
334
7666
5879
7987
5714
5883
9933
9431
7571
3635
850
9421
9574
2854
1175
4846
5719
5900
521
2467
298
8731
8371
2325
4855
5038
2977
5239
5362
8679
46
2506
2593
2405
6869
2288
4136
6523
7427
764
5129
8162
4824
2823
8193
1794
4449
6702
3210
6645
7408
2719
3754
5394
8933
9708
2941
62
6085
9967
1148
5090
6832
1499
6718
9701
7781
3198
9078
5400
7795
7195
8659
5151
8922
1862
5818
8097
2759
4400
3974
9073
3049
4478
5873
1954
9535
7459
2609
710
8928
691
5919
4601
1114
1440
4746
3969
6235
7151
254
9177
4
5003
1667
8858
3666
5585
4204
5212
534
9373
8884
9451
2911
2272
5750
7127
3379
4083
751
5575
8843
572
6155
5049
6917
2886
1941
3715
3563
2173
6692
5490
9332
2958
6042
1585
82
5240
7184
4478
6946
6326
1993
1260
375
1104
9115
7778
1611
9612
8470
7428
515
840
844
394
826
1998
5972
9200
6732
5173
9397
3233
4506
6816
6450
3679
392
2616
5024
2315
7656
1158
2542
2625
8095
1985
3668
5036
6417
7016
6727
5283
8587
9772
1212
2135
413
5426
8590
7466
2212
4549
6766
4995
8613
181
7987
5635
2380
2700
952
283
6096
5169
9466
8700
8815
6733
8624
2435
4752
1718
8948
4015
6064
2256
2713
5838
4562
2765
8751
2844
8239
1327
8903
9400
4096
7843
2867
7065
5180
5714
5584
1004
3179
9886
5689
6997
7183
4981
6155
3295
8133
8913
5871
8162
1615
7988
6728
5648
5248
7689
9606
3545
137
7294
2109
1055
1689
7074
3301
7353
7660
7805
7307
3130
1700
1975
6283
7749
3836
1537
3950
7095
5954
9627
9248
3185
4770
3109
6724
5694
4759
7295
7321
6698
4970
7761
4716
9987
648
6771
3434
3719
2812
9778
989
6190
3828
7963
7517
7658
7317
2924
769
3412
1446
7393
6908
3483
1044
1686
3510
6800
6140
3101
4613
2648
9295
2873
5636
4575
8906
4213
4886
6361
3752
3441
7837
5036
7941
1409
8987
6953
1857
3681
4787
4007
6681
478
1380
3289
2089
1169
2292
5879
3931
1583
4366
7280
1007
3419
9108
2652
9837
8545
7868
4622
6398
1441
4522
9029
2983
2404
719
3351
1589
4046
5316
7419
767
7687
139
9070
5098
356
4823
2456
2897
864
6146
9638
3080
8649
696
4603
5897
4356
6184
3376
599
2496
2353
4659
9526
5379
2692
5961
3457
6737
1442
7747
6075
1420
2645
10003
2132
8303
3002
1426
9572
7163
2141
1114
3481
8151
8292
428
3715
9947
1012
3085
7008
4210
2992
8485
2003
3992
2569
8897
1856
5715
3735
3753
3877
8125
2968
8985
6987
743
6826
1027
7898
296
9982
1610
728
1408
3533
8260
9941
4349
160
1176
957
7684
6497
9178
197
6867
2823
1711
4458
5897
5206
6263
5562
5504
2060
3474
3779
6474
120
6187
5576
9272
6156
4616
1058
4867
8338
740
9679
5835
4530
6220
5386
5128
2376
7088
7496
3392
9801
5081
3980
7384
1685
5469
5442
5115
2973
573
6062
4614
5697
2156
4901
5860
3746
9782
6236
3599
4381
5579
128
2989
9592
8605
981
2039
2143
7597
9687
2503
200
4938
329
3623
951
3760
4807
7114
1385
6085
8475
8871
6777
8142
6993
7737
5170
2828
7903
8709
9204
8920
6491
2988
240
1210
7654
8700
7227
1958
9544
383
3139
1664
280
8663
5811
3262
5443
4725
8694
2276
4114
760
2372
3264
9004
6679
7804
7134
9921
5498
7155
7805
4614
5804
3184
3523
810
240
6577
3660
331
3089
9615
3682
3883
4834
301
4639
71
203
8282
2250
7476
1823
6248
4666
5913
3442
2030
976
9457
1748
2728
6121
3454
7108
6303
6488
7431
8341
7678
2875
4492
8746
8616
6323
2133
8518
44
6505
6033
60
5275
371
5004
8327
7222
875
2443
6809
9273
6122
3267
4194
7709
5419
5835
1138
2979
5373
4603
4459
8877
9415
7472
6948
3718
7834
9716
7843
7004
2551
553
2994
4536
2071
2048
6367
49
1306
5274
9042
4205
4905
1477
1652
3686
2049
3232
4796
2260
1766
4837
2290
961
6318
7978
272
108
6501
9316
614
4762
2089
8080
4441
3031
9463
8262
4950
8262
3955
6753
834
7403
9076
2060
4551
6787
3254
6640
1581
5503
421
7588
539
8452
6690
4085
3827
6162
8012
6756
3783
3180
5547
9692
1159
5130
6033
1463
122
6474
8410
5387
5332
1366
5041
4102
6893
2053
7457
3575
1028
4873
3799
5803
712
2020
9683
7655
9076
5199
7743
7867
8008
6001
2677
144
2406
7624
6586
6123
3383
890
7884
7657
491
2226
4140
3416
8927
5494
4799
1441
8981
6218
8668
719
4627
5176
5239
4369
3403
7116
3997
823
8239
8389
1039
6338
2799
4820
9235
3466
6249
912
4725
7961
772
3199
9150
2930
3607
4509
528
142
6352
8495
1522
3962
611
6858
836
2769
762
4341
5720
6755
4077
582
3073
6175
5015
7947
4274
4668
2345
1332
6541
7005
369
947
6775
709
7748
6359
3716
6039
5442
5271
2888
7978
8322
5300
13
3772
4256
5690
2518
1297
3740
18
2542
3964
1716
839
9913
3789
6849
5454
9994
1856
3657
7142
7359
2849
169
9364
7831
6350
1874
3185
2536
2590
8817
7820
6981
1094
8111
5241
1426
5497
8433
6696
2231
5966
8148
668
5571
5632
4120
7365
4653
4537
8034
1326
4343
122
9736
4871
5192
4266
4321
3762
2924
8613
2923
4184
724
6965
8280
8828
4642
9463
4881
3889
8595
4565
8289
6434
3226
6502
8632
458
2104
8353
9741
1557
1776
5428
9616
3170
564
1237
2421
9614
803
4851
9341
456
102
5127
5984
1606
5822
9816
6467
2368
817
8466
5913
8753
714
1170
6814
3173
8797
1865
7625
6197
7974
9417
2976
4539
1236
8158
4570
5796
3152
3979
3369
6321
4678
8682
8270
8667
4054
2895
6726
6724
6992
6327
5252
2235
9729
6961
9264
5999
3449
8896
7720
6091
988
1926
9587
2108
8409
3105
491
3497
9329
4872
7149
5033
8819
2674
9360
5017
4572
2172
4624
9265
2510
2124
5546
4922
4428
6369
1615
4246
6567
8113
6087
5237
9269
8467
1992
9145
4199
3818
207
7724
612
5394
1305
2330
1017
6928
7514
8947
5496
7374
7332
1300
7241
4010
6221
8033
6539
9539
3532
7844
2851
3614
72
7464
4573
2461
6258
1959
1632
9339
5376
8872
3345
601
3826
3104
9437
3776
1989
8980
5163
1640
1250
2751
6706
6542
5135
4346
7965
8067
50
2871
9130
6511
8006
5550
3947
4238
4213
4430
5095
2491
4393
7835
8609
2324
701
6238
8616
2717
5683
2041
6773
2342
4837
3300
7469
5222
2242
6713
6155
9615
8634
804
0
9020
6424
5280
5573
9265
1871
2555
8084
1400
2621
4828
2746
5587
5091
6426
4306
3282
9158
4706
7122
1296
5195
2942
8968
7148
7256
5659
6088
6329
8513
5081
2047
8566
9802
27
9414
1046
9359
2428
231
9110
5193
5959
2831
7535
9589
6564
8757
4611
9152
3225
5748
8503
2521
7004
4376
3030
7697
3913
954
5990
7934
1308
8553
2692
2326
4825
1309
644
4875
8153
4565
9598
6292
4253
1207
9367
546
4252
9329
5532
4562
6408
3523
7229
1084
7255
8029
7811
325
6116
1377
6170
3240
2720
8309
4442
8119
7870
5770
9207
3932
4509
6601
5492
7632
2339
8260
4770
7945
6250
6619
3496
578
1097
296
3439
7429
5861
8443
9738
7365
5395
741
802
1593
2203
3871
7060
3394
6044
625
1345
2685
475
4850
8168
395
4223
5297
5617
2406
9150
7320
4659
1624
3285
2361
787
9298
9946
2445
4061
553
4161
682
7272
8483
2859
41
638
270
50
3162
3143
840
4134
518
9407
7054
5136
9492
5536
1123
467
4676
1292
2510
598
6455
8053
6709
7743
874
3844
6727
4433
1327
4857
1124
3703
554
2594
6382
3783
6388
6424
9387
4697
3633
6809
9174
1678
6057
685
5678
5131
8092
5371
3095
5015
2185
824
8515
4257
1174
5913
394
3399
5397
6602
4946
7710
9958
3346
4156
437
6208
8395
9346
9487
3607
1391
3672
6983
2326
71
7366
3558
7734
3989
4370
4536
671
9959
5005
4900
3990
5912
9399
572
9911
4567
9607
7871
2560
3586
3397
3286
3796
8100
3527
6740
217
2282
674
8938
8624
1257
8760
4402
2080
1078
1344
6192
1582
6525
9040
520
9300
4103
298
7762
2821
9583
4399
969
227
3934
1928
6537
5017
7664
8018
4299
5414
8293
1645
5574
4982
5540
2490
323
8780
5916
4873
1225
8253
5904
405
486
7744
7291
74
3042
799
7339
3752
3786
463
6055
1928
2049
2640
4552
4097
9635
3538
5838
769
4820
4016
5626
4170
9647
5996
2956
2812
9755
7056
8972
1102
6516
609
2359
540
6162
8490
7960
1579
2883
1246
7866
9852
2251
9183
9154
3532
2740
8301
5585
5846
4180
5025
4386
3723
697
6228
1381
7512
9136
6193
6660
3047
2314
8538
3915
2365
69
9510
7520
1301
5607
1969
2398
8757
437
9967
4470
8786
8360
2550
8357
2134
2912
3159
1644
8418
7380
1936
663
8051
5515
4847
6806
7932
1010
2074
5628
7318
2716
9416
1393
5202
3163
4847
3177
8082
9820
6784
1411
2171
1813
8267
9229
2462
2061
1476
2227
6725
6874
1537
5697
2692
858
9040
7058
4794
6568
1401
5539
3122
8083
4096
2335
3973
4968
100
4206
376
7615
5010
3260
1528
813
9763
5614
8912
3688
572
8965
4952
5498
8185
7982
5043
3941
6808
2406
4672
2020
7999
6714
5829
53
4119
2179
5277
6673
4353
2780
4930
2225
5802
3878
9290
1699
8871
731
5507
4258
7197
1900
9101
5175
4504
1465
6617
9335
8121
3751
2652
645
8814
6582
4039
197
3026
7273
5010
489
7429
7183
1773
2084
8181
6122
6649
8200
7678
648
5850
5612
2984
3164
1483
6774
6177
1482
8684
8061
1334
8513
6271
8234
2837
5599
3698
2974
3997
2552
1870
1806
626
9619
7497
3184
5016
4426
7022
548
200
4215
7067
7024
6260
5295
8164
5647
3345
2338
6780
8681
903
7766
4580
3885
9843
2634
3504
7817
3651
6150
3563
2616
6500
8864
2379
6832
9429
6337
4345
1400
414
415
9022
4536
7778
7115
639
1170
11
92
1437
1402
1321
6190
7220
6019
1232
1237
7537
1908
5467
387
1624
6059
2233
5157
5668
2672
8492
8263
4917
1866
4613
4188
709
5990
5111
8617
6192
1588
7988
6722
9804
6844
114
8243
609
3376
9183
1077
8606
4229
3864
5608
8157
8895
2552
3287
6081
827
2788
5956
4471
4520
7978
2401
7971
515
2385
4720
2624
3290
3038
633
263
1060
3019
7648
7101
4009
8786
9110
9749
3942
2804
9408
1802
5732
3147
9819
7157
3307
8815
8027
6801
5313
3141
826
4793
315
3309
1428
6264
4872
4407
1547
4449
3862
1125
8423
9166
4000
8703
9761
9683
9213
793
7
6582
6557
4573
5566
4859
3490
8316
6155
903
351
5756
2218
3891
4273
4619
9269
3796
8766
6535
6561
4444
244
6396
609
6038
3336
8654
5001
8342
6820
6138
1692
4472
9185
430
4939
7667
8418
7217
1252
4705
3164
7865
4320
6475
3111
2262
1859
9086
6593
4380
3560
1125
8174
1969
4882
6120
6006
4372
8333
4835
1955
4058
9986
9520
4338
5109
1834
38
3864
7595
3980
2825
3241
5384
2593
1317
5195
7685
5467
8494
9822
2306
1979
662
5088
5966
9657
2385
1956
8556
8621
7700
1041
2057
406
3125
7727
6639
6393
8294
7912
1501
8617
5315
8300
3660
7992
1029
3009
7964
1486
1829
7474
1443
7763
9871
3041
7419
4276
9572
5690
7186
7611
2264
6893
7709
3494
6396
166
643
512
8428
2830
886
990
8349
5935
19
7491
9565
5002
37
8562
6112
7587
800
4703
4213
6318
3401
8146
7530
2346
8526
8380
4405
9626
8333
4476
3196
9911
8713
7617
1536
6728
7036
6296
4480
5302
3583
4738
5231
7589
6058
1956
4615
6305
1932
4806
4353
640
4325
8190
6032
636
4722
6143
9154
7597
6929
9104
2159
1391
2305
2496
5329
9410
8356
165
4625
2618
1209
9562
8526
1595
7517
8741
1659
3109
7234
8538
2322
5277
6786
458
8776
408
8263
9237
362
4850
2633
5179
3852
6208
818
1552
8161
5796
5523
8380
7437
2191
5361
550
698
1113
3977
144
1073
5734
5049
8364
5158
8471
9771
6109
4893
7524
5486
5903
2307
8459
6326
9147
242
1846
9013
3771
9832
5312
6131
6500
5561
3418
4370
5449
6559
9540
2191
4703
3611
4506
4791
3377
9646
7082
231
4637
1880
1348
6732
8775
8809
9908
1732
4369
6840
1420
7802
3758
4043
3351
935
549
756
1329
5243
7986
8836
8533
8463
986
4602
1984
7486
4960
3436
7818
2551
2679
2440
421
184
6960
1196
77
1134
746
5172
4164
7490
3767
2474
1121
3265
2743
4393
9781
3517
8811
1465
3623
3872
8924
7577
4851
2775
7005
3574
7930
595
756
1596
9935
1124
3477
7832
9449
8988
6557
266
7015
126
414
1660
9427
254
8044
5794
879
8873
1438
4304
4401
7856
5546
2134
9491
5
1780
819
6269
3572
3020
7582
6830
7133
1241
9636
8899
3295
7534
9453
3845
7076
9899
8603
6187
8875
6710
1670
9522
9084
4973
9253
2681
8408
2530
5635
1655
2898
202
2754
4486
6082
2609
5748
2851
5074
3319
9201
2102
9189
2847
747
7710
4707
2976
5697
707
5080
8020
8775
2372
819
2070
8280
4391
5921
9132
2603
917
4402
3145
3458
1479
8113
5280
3641
141
8893
1767
9787
8804
5685
4444
4179
2484
5816
3939
9549
8796
399
9442
6150
5552
1703
3906
6167
4132
9030
6530
6669
8641
5611
7660
664
9496
8184
4912
6344
6793
2191
2922
382
5488
3936
7129
2428
4567
8937
475
7055
2253
2531
1431
9932
713
3413
5722
8006
1483
5065
4487
2826
8353
5844
6544
8742
1334
9503
96
416
6105
1122
8484
375
8887
5725
1620
6769
5130
677
8043
6549
7267
213
4343
5205
7082
4029
4940
1633
7496
9984
8687
8887
7603
5500
8618
8349
3061
6371
6464
4333
1122
6147
2179
8617
8232
5472
879
4054
4627
4158
9059
5662
7546
934
2330
5070
3946
2268
5230
5958
8012
3848
7762
5748
7950
5537
7944
5790
4772
1863
2818
6673
3099
2843
9625
279
7204
3674
624
9031
8377
4105
294
4220
6877
9886
5002
4592
152
5448
368
9095
3047
2667
6735
3741
1277
4070
439
9490
1427
9940
9012
3982
7150
2619
8003
4803
1757
5087
872
9441
3430
3424
2299
274
5258
433
5442
9277
4620
5806
270
8292
26
4747
2369
9393
8343
6616
8628
4255
5065
2168
6255
709
5905
7840
7128
8721
5532
2957
6663
367
9165
1525
4760
1826
5326
6256
9053
2704
8685
3679
2520
3429
2660
480
6083
5353
4509
1370
9996
1631
1698
4471
486
6600
1283
2191
5282
6414
4278
5539
3055
1074
5318
9639
4169
4779
9999
8371
9177
7385
1283
8470
6082
1445
3434
6014
7585
2626
8902
8353
8410
7727
8864
9925
2582
6872
8717
6769
6729
3420
8323
5683
9925
9146
7353
78
7512
468
5709
2501
5399
1413
3293
353
8115
3778
1302
6866
6102
2559
9110
9721
3593
382
2799
7519
952
6588
9909
6727
1532
1354
6525
747
4086
6259
2270
6574
7784
7109
2346
1093
4873
8388
3601
5807
4041
6144
8889
3338
3413
2342
2449
2668
9690
2980
6988
3243
8856
5347
4579
5463
6409
418
8698
2268
3986
8072
1110
6794
1148
5243
6328
6293
7743
1911
2387
4535
5112
5765
9939
4056
974
3613
644
3319
1959
2220
7033
1281
6322
1439
3835
4042
7508
6171
3321
302
4898
8474
9345
8673
3225
8397
7823
5510
8844
1000
7695
4915
3094
6640
5929
2423
6273
1043
7163
3441
5950
4159
5844
1200
7681
2037
6392
8272
3731
8685
8337
6005
1725
2093
9155
654
1628
6370
7556
2211
8961
2008
2902
7470
4297
5444
2847
3692
9056
6856
1437
4475
8523
7764
1224
742
4301
1128
3737
210
3727
1077
5896
878
5541
6998
8291
1572
7501
1141
4382
7610
8577
574
262
3855
9495
5661
4681
6840
489
6069
6328
7435
69
4156
3747
8889
4355
7374
3409
1271
4135
4136
9607
1698
1770
376
1574
7807
4920
5776
174
7316
1868
4717
543
6964
6031
8781
4262
8241
5965
9539
7500
7467
6142
3323
9378
6169
9350
2052
6548
4779
2399
5978
1617
4724
7724
5268
593
5510
6708
7658
8328
6613
4361
4531
4628
3191
3739
5524
74
2547
5475
5872
783
8025
6387
6087
3301
1713
3205
4850
5794
4092
9281
4644
826
4528
6830
7562
21
2752
9893
2123
189
9881
6455
5514
2797
5640
7431
4943
8199
1765
5865
4933
5377
5750
2271
7042
7937
5027
301
255
8339
1949
6297
4450
3024
2550
5961
5823
4979
7360
3253
9241
3704
1323
1482
556
6024
8687
3108
5277
8602
9806
5787
4292
7959
7
3483
1353
4161
703
3524
6282
9004
8147
1481
9058
5877
3317
6707
1028
955
6047
3867
5060
7634
8897
7158
5974
3213
8192
8786
2950
808
221
5282
9529
5730
1747
9052
3579
9565
6502
3938
1128
8551
1126
9054
8994
3824
7687
9903
7096
9042
5547
1611
4544
412
5932
8917
7815
6280
3350
4947
7474
2150
9301
882
6972
5280
9543
4271
6603
690
5100
7952
5192
3091
8749
6687
7114
5805
4398
3057
6148
7907
1687
1568
4814
9136
3330
4340
3674
7775
3144
3785
4293
4820
1977
4551
1292
2057
9452
6782
3508
863
2758
3231
3074
6985
7334
702
5121
5310
9300
2512
6779
5989
3134
1011
1632
5301
5819
8455
5179
8881
4304
1495
4097
6389
6951
4104
3675
3415
9989
4894
1725
3094
313
5535
2236
3824
7732
288
7168
2835
9978
4957
8001
1982
7624
2435
1427
7683
4475
5194
5709
3961
1698
7865
1622
3668
4353
2071
4852
2702
2094
332
3957
4734
7668
6504
2395
3417
2184
5786
9619
2163
4608
4136
3578
6575
9900
4934
4991
1923
409
6592
7800
437
4171
1661
5300
3969
6218
8088
7466
4001
1255
4397
8283
4874
2289
4333
9030
8726
4072
9884
4017
9883
9285
1291
2492
6599
8838
7169
4835
8356
2436
5651
1947
7112
3249
4050
713
9908
3432
7251
7704
3767
8501
5936
1767
8634
4675
7512
987
1828
1804
4579
4003
5585
5015
1377
3130
8839
3876
5308
3647
518
9474
5457
3259
483
7817
3341
1986
8736
5227
2185
5396
3477
3684
6682
5228
9508
7299
1273
1386
1499
3685
1737
6700
2222
533
3106
7247
8971
5690
4665
2727
6402
7396
2593
9667
2051
3258
8590
264
3411
7274
4589
3202
5764
5250
6757
6445
8151
3951
395
6959
5527
6731
4888
5710
7652
8446
5742
6376
242
184
7547
3156
5051
6080
6664
5982
1280
6266
3464
6020
519
2007
6478
6831
3118
848
4466
2754
8158
4634
7522
5376
3197
1737
2350
414
7736
2734
9165
162
9475
7018
4581
3200
219
6175
9721
4214
1017
2792
2450
6645
4345
5970
1496
6430
4734
2554
7269
2494
7692
5863
2335
4073
6346
5497
304
5428
2321
3575
5006
8697
4255
3368
6641
6893
525
6075
414
1499
5116
762
1031
7334
5599
7459
5439
6008
3583
3872
3071
1563
4029
192
9124
6307
5824
3008
4899
2538
546
5398
425
8807
8902
7154
5971
7676
432
7620
6744
266
3514
6073
222
7628
202
8495
4539
5334
4094
6847
2987
6597
4223
2092
6852
2164
7388
4893
1778
5099
1107
1669
885
959
7256
9335
774
1739
4547
5751
3811
6791
5041
4163
9921
9383
3703
6023
4309
5647
1132
5189
9617
8698
4608
2367
2422
4481
6928
8578
9669
4120
1591
6804
1861
5125
9366
2017
545
3569
8230
9314
2034
3589
3582
1328
7003
2368
3835
4662
8651
6912
8894
5502
4989
419
7720
3611
9290
5940
1641
6659
8636
5736
3955
5970
1624
1017
7513
585
5455
8307
4513
381
3991
5905
5115
3097
4517
5605
2915
9264
7471
5135
7012
1140
9888
9664
3331
5315
4338
9122
1953
4235
1524
7068
6471
9273
2555
2034
135
2064
9515
6953
5721
1206
3466
8806
2096
6384
85
7657
8014
424
6245
4884
2409
642
8061
5581
2948
8908
5228
1921
7054
8152
9226
7255
5039
6471
9031
5602
8744
8841
3888
4365
9123
7102
3356
8709
9470
8465
6434
1279
8809
592
1970
4779
3558
4287
2153
5579
9070
4443
7646
8615
7562
4609
1841
4433
9421
5270
2968
7370
7155
8899
2868
9475
4519
840
9307
6916
3588
6680
4434
3828
759
992
6842
6168
7351
7344
2870
2514
8722
5370
649
1357
7246
6252
613
8155
7191
4489
113
9781
7151
1338
5008
2420
1114
4895
8599
9390
273
2106
4281
297
9694
8856
3177
8657
5305
9854
5514
1481
5525
6249
8359
5570
5887
807
243
2030
2435
3511
35
3225
7158
1444
8180
6642
4726
385
9926
5530
512
8752
1619
9098
3620
5566
4570
475
5586
8832
8406
9777
8094
946
403
2071
7173
3942
4271
8418
5965
3053
7490
8308
600
5834
9719
6271
8564
2206
3513
2368
7527
6637
6127
5490
2885
3102
4963
2185
5663
4446
1014
433
1845
3648
2831
6388
4719
3288
7648
4114
4613
7723
7385
6280
3970
6847
5583
481
9649
6011
4405
6243
6860
146
3284
3070
8098
3493
1666
438
5187
7618
4066
2242
8834
8105
6334
7595
9750
1095
3856
5603
7658
2749
4455
1764
9905
632
581
7871
211
2771
9379
7579
5852
2181
9450
9757
4535
1672
9458
8460
5886
7323
8918
5948
4232
4803
3771
3819
841
8499
982
527
3716
5687
5115
9960
5036
6129
723
1199
5164
875
9369
9729
4468
5967
3942
1034
997
2906
544
2250
7268
6891
9657
2626
8128
9718
8655
2802
1739
4441
8501
3371
9806
8584
5359
8361
8442
3458
9698
1848
5507
2290
1003
6811
9229
1398
6867
4073
8229
2503
4293
5919
1906
3448
1247
3452
2059
7671
5620
9909
1208
4338
2358
3209
9238
8619
4270
600
8808
9252
9374
7860
3352
8426
6991
8464
5685
2195
4065
4244
3676
3375
7144
8239
500
9029
1489
3667
6098
4596
9552
4292
7181
6015
4572
2142
9687
4657
9425
7542
6019
596
3681
4015
1336
934
2633
9733
2786
467
5
7126
8328
5788
8836
3024
1973
1316
6666
804
3509
6810
3840
7961
2227
5280
2681
9926
4522
9778
2554
8105
3555
2471
1014
5247
3828
8614
8467
7868
4214
3524
2999
2993
8549
2298
993
6220
1962
5898
2377
9084
9518
6841
879
6824
1955
4288
1281
4429
5640
2496
4684
3536
745
6446
2346
8116
4719
7528
7777
9147
418
1117
6673
404
750
9865
4707
6652
2978
7981
5387
6834
7823
368
5192
9788
6690
5450
978
4518
3711
389
9971
42
2438
2313
706
2493
4467
6626
7675
8705
5392
6236
2557
820
4841
9653
9918
1148
8614
9094
3679
4932
889
4174
7682
6387
9679
666
3188
5716
4884
4722
5891
411
7436
8229
7997
6116
8168
7808
4792
9921
102
1768
2349
7705
9503
343
2940
10000
3055
9195
4948
6323
3365
7446
6830
5089
7599
5658
6163
7173
2427
2892
6558
3879
413
2573
9599
2934
869
949
7723
4072
7807
6341
4783
7003
8690
2201
4972
7642
6763
3494
1643
4154
1888
3323
8045
8751
7156
3652
8237
3581
9510
7988
9612
4121
921
7159
7810
5653
2320
4002
1753
7107
4639
4580
75
6562
7120
197
7208
4494
2895
1106
5717
5380
7027
3940
3980
4754
9162
1895
7416
1413
5554
7542
3201
1895
7805
3880
9856
9208
2689
8768
5227
2246
3774
672
8023
1581
2082
3958
2996
1355
7914
385
6467
6138
212
4952
1182
2265
6571
5505
6822
655
3288
6108
8312
7651
6393
5018
6780
4315
7988
6540
974
1031
9137
6556
8007
2314
7047
3187
7203
9669
7775
605
1302
4350
5977
4462
6335
2311
2777
7626
8874
4197
9458
7448
4984
8725
571
9744
996
2738
240
2217
9415
7568
3446
7107
1183
4986
3751
9071
3935
9283
9416
6452
6245
9662
4606
5513
5121
8419
8853
1120
8255
433
5895
2880
4591
7274
1154
5806
1620
5705
7571
2782
5891
9438
4305
7353
9096
4251
9091
2622
9594
6749
6580
8008
714
5739
4051
5961
9731
4885
9639
8915
4927
1587
9557
2460
8513
5859
3149
1157
7732
9091
6479
7799
4314
2293
4337
7548
395
966
4717
9538
695
539
7835
9321
2096
7892
1438
7663
3424
3511
5960
3428
731
1243
8178
5844
6397
7868
8109
8501
2705
6150
5549
9701
9172
7239
3316
9611
183
2223
9742
9301
3640
9075
1189
9851
9702
9923
9828
4778
4431
1483
3518
3526
4224
6268
5647
1293
3406
5709
3073
6160
9703
4318
8043
9241
2285
2255
4922
2476
1561
9916
2068
393
2703
4178
8859
3103
3220
4616
3740
6533
482
7045
1820
3253
3460
7439
2722
6105
1775
7572
8730
3413
6502
9964
118
9924
4110
5274
8366
4723
6366
1870
6406
8447
9581
8523
1880
5710
3233
9360
6374
5330
9238
9899
7180
7225
7731
2817
5307
3153
8641
5239
1181
5210
752
1038
5207
567
383
2023
5685
4082
2853
2996
3281
1651
6040
870
4588
7667
5760
6773
6617
184
4324
1865
149
3927
5575
1782
1274
3958
5036
9666
3718
6519
4149
941
5881
6342
1216
469
4317
5862
8188
1403
1247
4887
6090
5750
7417
6127
7490
5699
8374
6678
2462
9805
4706
9410
7847
6423
4144
6270
1152
6792
9782
5105
4903
2949
6280
2121
5355
6727
1594
832
1063
1909
9049
321
4386
5563
4871
6546
3070
3479
4447
657
779
2845
8020
9477
6662
5016
137
2881
570
4735
6896
1212
326
8514
9130
1935
580
2083
5602
8171
5183
5868
1454
6652
5452
9880
8422
7099
7452
4832
487
9054
6282
6993
8818
895
6659
9992
5104
6171
3468
616
7297
3294
7788
938
904
2321
5375
7376
3039
4572
7893
9534
9681
7260
3618
9767
5830
7086
8622
5525
6619
6156
2317
3634
1046
4378
9120
32
5431
4819
5998
787
5214
6447
6096
3410
2450
657
8105
1647
4406
5143
2887
7661
5824
5275
643
5811
1828
5526
4323
1395
3894
3152
1755
1420
896
3830
9070
9015
1093
4777
3507
6130
6511
5077
471
8598
9380
9431
9786
4608
1906
2405
5242
2239
4991
621
7326
2513
7503
3136
6567
6378
5991
9307
3758
6497
3384
9666
8162
4470
9298
5876
3805
5010
7954
8462
4856
5321
4987
4745
3506
7219
6182
838
2178
7334
4029
9193
932
2487
6200
3666
3191
7149
1136
6974
4794
3614
1828
4171
7781
9929
5369
6504
480
7878
300
5262
7256
5238
1880
8690
1857
7586
1610
8779
964
7368
8023
799
7795
3262
8487
3069
685
7852
7971
2546
3186
4804
8871
5187
888
5620
4716
5732
4457
7210
2346
2837
4938
5963
8924
4294
2460
9678
6588
5053
1985
4130
5580
7553
4666
2087
2989
1255
2434
7304
4394
7140
1155
7898
8217
98
1672
906
4294
8934
7622
4732
6434
4556
538
5827
7221
9720
5463
2459
8782
6015
7701
3176
9438
6180
2821
4005
4203
6401
9729
1037
1699
2189
9780
3831
5476
7245
1346
3225
2617
3172
6976
7765
7595
2373
4887
2511
4468
8686
1958
3619
2918
6130
373
1860
8647
9957
2224
927
9870
2681
8032
4836
3557
3146
880
5607
6265
5230
5289
5978
8465
2971
3649
3528
1952
3142
2253
6215
6507
3726
2424
3464
7840
7668
9708
7935
4300
9168
5222
3888
466
9613
3640
3275
3764
4498
6293
2886
550
1815
2487
9129
9701
8987
6056
2708
1431
7877
5460
1351
3330
1016
5269
1002
4484
9567
7649
5458
4916
2917
4994
7284
9048
2280
4156
3848
384
4257
6100
1047
2102
1293
1738
2250
1675
2783
9463
3260
3023
6022
204
2142
7717
8665
3989
2228
1952
8291
946
9095
8889
321
7679
5220
3732
6373
8392
7107
8904
7027
4822
9853
8829
9568
8862
190
1085
3163
7336
9016
6457
8492
2443
7119
9942
4516
7465
6564
2917
8105
8956
8827
7112
2587
3688
1230
2335
2342
9846
5185
3179
6563
5892
1024
7006
1777
1965
4898
7834
5967
6510
9988
9736
9683
1317
8822
7503
6839
6707
9055
6021
8057
9778
6090
9278
9534
6775
2669
8116
7508
4458
6922
1400
5658
7499
3412
6256
2040
1926
3809
8148
2481
9825
4352
8879
3960
3401
7953
9379
548
3662
6875
6741
9239
4381
4434
3337
5749
6967
1098
4476
6283
2337
5406
6292
5500
8937
2830
6204
4401
7975
9751
5133
3284
9637
3563
8203
7307
5681
4723
4057
9624
4211
4408
2737
8063
2505
4484
4238
1221
9306
7899
7016
8986
4486
1969
3094
2420
1778
6087
983
3448
6485
4982
575
2227
8829
4171
1929
3882
299
5740
9559
7752
6610
5145
5015
5102
3725
4911
5849
9091
2426
6235
8785
4900
2555
8642
7366
6186
6607
2460
6657
3068
4723
9650
5908
3500
3264
6426
9162
6290
5696
1802
7212
3762
509
4609
9243
2374
5633
7754
5392
4797
3566
6732
8726
6355
1323
6629
7670
9652
9120
4786
2323
1669
3903
5936
7368
9047
3099
765
3282
8250
4165
6934
4703
423
9950
6986
936
8389
167
4877
1341
8128
9275
5406
2107
2961
1793
7419
7708
7042
3511
8319
6184
684
6328
649
2880
7947
3212
2960
4178
2668
7720
1246
9200
7847
4201
3265
889
2658
6474
8966
8097
2742
9125
5909
4191
2279
4737
7983
7554
3387
8752
3326
7661
3238
7686
6148
7825
1067
9572
1777
3584
8346
993
1840
9946
7909
6093
4683
9846
6500
9537
9847
7018
1731
8235
7507
2240
8235
3904
1880
8338
192
891
4035
9448
4323
4110
3420
7158
5216
8892
2073
9717
8481
5184
3468
4698
305
2373
8803
4585
6020
2222
9284
8208
408
9986
614
2949
2775
2161
2693
2882
1529
1059
5773
6073
1769
6047
1579
5745
5889
7241
785
7677
6767
6439
3275
9563
9054
6257
2397
6181
813
6114
9401
1898
9297
2144
2873
9494
2550
8548
7178
4949
4795
921
3644
5478
6954
289
3024
7838
7170
1095
2459
6766
6333
1425
4569
2806
2184
3124
9206
1275
5260
1764
3473
7880
7939
464
118
6856
4794
396
1051
5868
7922
6067
8522
6893
1168
7366
3834
3882
1238
8754
6207
7610
3487
5365
8551
1099
2264
890
3518
7066
7159
2767
1443
2451
4157
9539
6940
4170
6951
5452
8497
461
3630
1937
4976
5710
4084
1176
1994
22
4100
8154
9738
423
740
8285
1295
6795
8359
3253
1979
2598
661
4894
2400
8213
432
4118
763
1267
824
6627
3607
3146
1767
4050
6885
5853
7566
4107
1335
8220
2550
1477
2075
7361
9101
4641
904
8250
518
6266
8347
6653
4810
5639
2430
2629
6108
1926
8211
1941
1221
5660
3666
4319
1889
4119
7211
4857
6807
8884
8637
3414
6524
667
1888
2035
773
34
9237
9096
8721
5543
2813
7380
5208
7506
7832
5539
3062
2813
6671
3060
6758
5847
5726
1288
9529
2228
9988
7416
9089
1853
5010
4297
7702
4382
6850
3652
3472
4763
4043
2372
8779
8229
629
206
4956
4982
9597
3197
3888
4447
9241
1614
9863
1919
7569
2654
2333
4892
7092
6252
4604
4709
7477
5961
5737
4913
115
5035
4295
8574
674
4726
5945
3851
1801
2344
3027
8242
129
8085
198
3481
974
9464
524
5474
6767
1444
318
7272
730
7151
260
7005
945
4792
9127
5462
600
2937
7428
3245
7658
4273
5338
339
3906
2289
6870
6523
6828
8916
2251
189
4069
5429
796
3535
9534
3747
7543
2667
5731
7834
206
6744
3011
9348
1085
413
8518
8966
7578
9372
4173
4398
9475
625
6368
5593
933
5459
6453
5426
7892
6669
2774
9051
4761
6930
765
3563
5773
8348
4065
9676
8860
7627
6426
5353
2565
9044
5117
3023
7306
4577
2853
5719
2213
1841
9063
4240
6480
9217
1852
5097
7315
137
4274
1189
3649
1097
4811
6702
7515
555
2641
2613
8421
4212
9793
1781
1184
7313
2843
7122
6554
4654
4665
285
2753
5755
9170
4211
780
3307
6837
4662
5865
5509
7999
8768
165
113
7321
2472
6906
9321
2513
3222
841
7639
8809
9293
9560
4361
8141
4166
2498
502
6017
5634
1355
5703
4872
9062
7723
8602
558
1294
8815
8335
1806
7879
7867
6188
599
1024
4571
1822
1297
6163
9667
2391
4180
4730
2335
304
6344
3051
8509
1528
9235
8719
3254
5324
2298
2504
7261
2498
7724
3062
3286
5386
2660
3479
7414
9644
3461
2912
7475
5294
3965
1519
5678
8762
4122
7976
8482
2143
409
1620
4323
2073
1832
5927
8093
1550
7689
6878
661
600
7398
1193
6112
1396
6100
8799
3795
703
8144
8403
7714
4331
4183
5569
2011
2293
3148
6185
1642
7849
2272
2059
992
7191
5048
849
9883
6941
6376
8678
3718
635
8149
3190
9581
9023
8135
3086
3087
5032
1865
2783
8496
6482
8497
3526
7402
4548
2452
9064
5335
4432
1927
729
2667
606
2304
4857
5267
2812
9427
7354
500
9806
5258
7443
5771
3455
2108
2604
7212
9691
7419
9020
6926
646
3652
8440
8991
2651
3094
4512
10002
3842
7909
7183
3226
1305
684
7751
9592
253
2346
9957
3348
6729
8323
5546
738
119
4865
2045
5911
9710
4040
3931
1776
5247
5383
5356
6323
2549
202
6579
8944
9161
9751
2968
9749
7804
8066
6872
3104
283
5768
7263
8037
8370
8667
2327
2264
6171
3735
5288
3735
5384
6819
8522
2403
3831
324
403
7829
276
8487
3201
665
3723
8492
4906
5628
5392
6821
4215
238
1197
7069
1082
4010
7111
4320
6958
3211
7634
1784
3598
5834
2267
5072
5888
6871
3422
8297
5431
6881
8137
6441
339
4181
4161
4151
2612
5547
3696
4832
7150
714
919
7261
1545
1854
3725
2897
6823
391
3800
395
1612
1164
9315
4611
6489
8986
6382
7322
5389
3829
5758
9796
1963
9721
4617
4734
8236
1401
7124
7426
990
4448
4851
7122
1648
9910
439
5167
97
7833
2970
5406
4857
2474
4066
2296
9033
9140
6884
502
7451
3452
4458
5832
9372
567
6792
7034
5336
8128
7444
8720
502
6315
8680
1978
3977
482
217
3479
6552
9960
2215
1997
3345
896
9683
8693
4210
224
2106
8521
6433
4278
404
753
6385
1908
5178
1307
2921
7784
3529
8766
6750
2985
4334
3454
5011
61
4250
2395
7430
8637
4328
5859
314
3716
2133
1642
7484
1797
469
3041
3633
1492
7319
1267
4118
2455
9405
5230
1402
7761
6237
865
7486
7164
17
8638
1104
1190
3988
4609
9053
1479
1859
166
1388
2404
2401
6081
3304
8863
1760
8201
5813
8785
6564
7379
1507
70
2354
5021
4772
1152
9211
3395
3429
1187
4824
9484
8922
2355
8754
7794
5476
2373
8964
2319
6114
2976
7993
927
9561
5917
7582
1618
8802
9286
4379
635
8358
8067
9377
2041
300
654
5386
4759
6340
4726
8660
1937
8714
5330
2706
7419
1386
6169
4112
4947
3617
7857
5952
6237
1156
8617
2515
3798
9038
1204
2873
6765
9344
5967
151
6707
49
6193
608
9163
704
4261
4381
2076
3985
1850
8789
8994
8005
9620
4036
6550
7845
4071
8418
5645
1962
7920
1724
3453
8674
9061
9362
9795
9536
2672
3288
9808
9206
4074
7786
6507
4497
7102
9521
570
8747
7151
881
7451
9857
5049
5910
6916
9889
25
9489
2787
1250
9153
5993
5074
3467
2235
5343
1898
7442
6564
6062
5233
6250
9606
2065
444
4213
2272
4723
4135
8380
3751
7430
1108
190
6132
5338
8022
5142
3711
7026
4736
9420
9141
5677
3633
4162
9081
7887
5094
8682
5822
9054
5209
3807
258
2448
5095
3409
5137
9907
9707
3931
1737
9593
1765
7922
7905
6587
5855
4077
7069
4430
5999
180
1381
4481
3269
5784
5199
2065
874
7515
7684
6298
2865
262
4499
4006
2735
6487
4136
8020
2730
7783
1712
4737
758
1970
1500
1233
2421
2685
7431
8010
3357
4827
9887
6712
7073
1100
1468
2921
4854
1363
6919
7134
3582
7358
8105
3939
9066
951
5901
8990
8801
4056
9250
9797
343
4966
5839
9573
609
4157
9674
4750
9448
5796
5221
7181
1992
7212
5912
8288
323
438
4166
2438
2687
107
5599
1129
1207
5188
6249
3868
5748
6333
3811
5890
430
8930
5577
6304
5532
8084
6043
805
9315
7976
6961
1532
9346
1977
3289
5631
5752
256
7944
2068
3399
1335
2466
5074
2305
9243
5925
2594
9578
943
3716
7493
7443
6481
416
7990
3345
261
6793
3655
9160
7895
3937
4731
3236
4929
1589
6733
7423
8992
7836
4319
7708
2578
140
8143
2145
5711
2509
294
1568
2593
574
1109
6106
9388
5793
4509
6666
9935
9561
4306
853
8134
1
2156
435
4071
7449
4274
2947
9904
8077
6403
9715
6478
1585
1583
7898
3152
1172
178
197
6584
8488
9981
1048
1495
9600
242
5979
4599
7637
6979
6119
2937
4428
8784
8436
3977
159
173
8156
3933
2499
7501
362
6021
830
2380
8094
9818
7809
6513
2422
1523
5551
24
4203
3447
9441
6745
3058
2599
7460
8488
7381
1147
7841
1576
7204
9479
7771
8056
1091
728
8487
9144
3876
9868
7993
6297
1429
6638
8251
7294
6558
2006
8398
6540
2596
6125
889
1268
2073
1048
8420
9382
6651
4417
3722
6376
9666
21
3849
9232
1892
6076
5493
1827
6491
8515
6670
4874
2296
8048
3606
192
847
182
4348
9049
1548
8730
8495
6895
9999
5764
8695
5572
109
1045
6433
7269
5774
4669
3873
6753
5174
1182
4047
3040
8682
6007
1500
2099
4094
171
9689
9074
3296
1215
2791
9351
7080
3701
4581
9536
1114
8404
2227
4203
6603
2425
8980
1770
4008
7994
2563
5578
55
8155
6775
3010
2569
988
6046
4809
3131
1324
474
1736
9134
5396
8126
8201
3165
1594
6723
7048
4207
8720
9060
2243
8579
4482
8480
1058
6035
3481
1876
5686
4070
9118
7234
4274
9409
1825
758
9266
1965
3730
2612
770
1481
2620
9987
3203
8609
528
6585
3813
4557
3612
5306
9682
7253
9999
1348
1928
2007
823
4235
8270
4263
4432
4132
2002
8210
1238
4670
9288
5422
4579
1993
440
3998
8850
4173
6941
8514
4125
1922
6501
1888
7974
6218
3036
7534
8081
9338
7830
1245
8994
4770
8331
8194
7410
6175
8846
2962
3470
3567
7757
97
4465
4291
654
7771
4040
1894
2496
9386
9493
1225
9773
6227
1076
8576
9082
1049
9358
9465
6807
7903
3407
9410
6709
2260
5250
8358
4904
6593
2819
7509
7504
7170
75
9014
4976
5016
6845
3924
8700
3645
5575
5427
2907
3040
4414
6109
6669
6327
2113
8662
7374
6260
1561
3082
2656
8925
6822
27
9382
917
6539
5586
6543
7931
4662
6627
1844
1313
1656
265
8929
1419
2558
8367
4577
4088
5198
7464
3301
765
1126
4753
6325
5049
7052
6869
1998
6430
124
7814
3489
2924
3737
7768
3821
9234
9245
1525
3215
6836
4831
94
8309
7455
6193
8481
5787
8304
2032
6626
8843
9032
3271
5756
4060
5913
9162
1946
3306
7033
6525
2161
4485
1991
2983
6664
1059
2059
7334
841
5593
1551
3051
5773
6770
7735
7716
1403
1421
4038
3570
3844
6832
1240
4964
4616
704
2682
6515
1339
9730
9330
1537
2501
1926
9158
7708
3137
1818
491
6238
6438
4053
7281
3526
9261
5630
7734
6579
10002
7246
4816
4952
7751
1657
7457
1936
6827
1443
1880
876
3581
2617
7664
4162
2828
1861
1047
5992
1138
1658
4682
8827
7061
4318
4862
3342
6431
3283
2726
4512
4627
7964
6226
3766
9309
441
9951
9229
4693
8908
5597
1062
8526
7518
8809
8797
1040
6608
5164
5617
9356
3215
1855
3061
188
2538
1429
4017
1061
6109
5030
3078
2018
9041
8355
4783
5546
5721
2351
9328
7062
4641
5108
1013
4170
2105
1715
5580
7371
1167
1988
8348
2421
6828
3230
4258
4456
5235
7060
8066
8929
5988
8336
6424
8605
4983
9538
3282
9926
6888
2282
8811
6524
1829
6121
1521
5937
3992
2834
895
8667
7064
276
991
2946
3296
306
7305
5356
4917
6394
4212
5926
3692
647
3538
3854
9918
5246
7530
5608
4869
7803
5731
1976
2751
8581
8941
4051
6987
191
36
3717
1665
6162
8424
3252
727
2061
7940
7614
3878
6014
3713
1476
6358
4702
6257
9489
8913
318
2404
2902
2860
1003
9181
6827
1000
5857
3316
3474
1239
7450
7896
3533
5489
4829
2883
7174
9853
7234
9104
3551
8336
8671
3351
530
9959
2943
3478
7940
2001
8618
1843
9485
8469
8910
7388
2145
3419
9163
6654
5585
613
6399
5310
2197
6943
2945
1360
2956
478
8670
4282
1825
7034
154
7348
6345
1719
4492
7972
4800
9240
5246
5911
2491
5390
874
1037
7921
9480
7211
4260
622
9767
6982
6071
8418
7899
1028
8431
4505
9232
9016
5618
6819
8834
1640
8366
236
6344
4572
6148
3930
2363
2121
5353
8198
6635
7811
5588
4630
9858
7783
1607
1871
5990
6901
7904
1074
6372
349
5902
2866
529
4101
9315
6833
7446
364
1735
5800
9361
2401
3715
1831
7199
877
9046
6711
9917
7073
1301
2082
9151
1222
359
6595
5603
7793
9642
2812
1804
1619
7437
5665
2896
5645
2626
9519
2478
7374
8514
7934
2633
4655
6426
1963
2349
8850
7472
2539
8286
5471
9559
3431
7382
4051
9566
2578
5627
4787
5009
5768
8619
1746
219
3445
4425
832
4142
8699
3440
6432
8084
521
2928
4633
6989
2583
6453
5998
8890
9750
6850
6625
6382
8421
2602
5212
3996
713
1832
7161
7817
2206
5654
2847
7027
9445
6765
5889
9859
5126
7815
6944
6720
4581
5046
6898
3370
3864
1124
6718
7923
9640
3503
7950
4504
6047
1045
3811
7026
9857
1521
3028
1259
5831
9102
1885
4525
1178
5491
637
295
5345
2311
3331
1919
5340
945
5455
5858
3009
6752
7712
6528
3224
5560
2923
1169
9060
3705
3578
8573
8146
4141
1239
6073
4658
4027
7923
7110
3606
7443
4984
2839
5752
9769
7996
466
4290
1064
7887
1728
2585
9789
9284
4221
5891
626
1228
7786
9801
8372
8292
8569
6655
3492
8986
5563
7442
8506
5652
5152
5634
300
5423
7713
4158
2254
8222
381
1240
1636
5921
5977
3773
5736
975
7443
534
1941
9166
2904
896
8127
3828
3556
2605
1978
9686
8989
8077
8542
196
3604
1353
1255
2012
7987
7536
7112
3303
5886
2760
6622
5562
8065
4259
7805
8106
6641
5231
9345
6992
4733
3716
7715
8987
7272
9241
36
8097
5492
2880
2287
2246
1072
1905
3469
6244
1342
8745
8959
4939
3201
1537
3553
1735
9497
487
5229
9140
3640
4807
6287
7425
2487
2349
4591
3865
3957
4214
2547
3414
4242
5413
8129
9595
6308
3182
3451
7406
9616
3376
2225
1991
1854
9071
4446
9112
4947
6671
1549
9435
3373
6382
5682
1521
6328
8892
8315
2331
9880
9386
428
3965
4910
784
557
5910
5673
1727
8637
1875
9267
4635
4458
3855
890
8102
5005
749
1540
7862
7422
3992
5664
8314
702
1622
5298
5887
7654
9976
71
6014
9150
1786
8717
8796
2269
2983
7831
6023
2084
6947
4047
1501
9185
6885
8339
5011
7430
5773
3168
5386
9462
965
5899
4707
1563
6976
3250
2405
9494
6302
6890
8973
7778
483
2968
1691
2829
670
6559
3032
3361
8833
5333
591
6982
54
357
8781
5969
1572
703
1751
825
9319
5038
1473
6203
282
4340
4875
9197
2657
6114
4259
4345
7367
7608
2524
5594
4916
2482
4627
7464
3724
674
2969
4132
3238
5808
5002
920
273
6112
6349
6175
585
6382
3626
6801
9896
4234
8658
1213
3687
3424
9078
1867
3514
4673
3904
246
9256
2889
1551
2431
9767
3238
4205
7791
6271
3886
3934
3289
7735
4194
8834
4128
6240
8012
4570
6237
5092
7784
7808
9083
5194
1505
7902
9712
7385
5788
3596
829
3483
4614
5392
4707
7489
227
4672
1034
4674
3240
1476
2583
5427
8146
925
6825
4871
2515
7728
9742
852
1306
5483
193
6273
7622
2489
7818
9585
3250
8661
456
8793
3766
4008
9045
4499
5662
9275
8327
5967
7989
2359
5464
890
8001
5002
7234
8300
9684
1122
1900
9612
8439
226
6767
7560
4336
9276
494
3529
661
7629
1564
5170
8460
2140
1904
1289
3318
5372
247
5933
6854
2136
2683
6780
5347
6695
9569
3278
5340
132
5308
2797
4302
3312
5751
4943
1444
1675
7885
6702
9809
8977
5936
9099
1342
5328
7424
3920
7408
2175
9747
8068
1685
9014
6363
8436
5963
7615
5177
265
7327
2597
3344
5344
3927
1021
6433
6871
579
9796
2941
1046
3409
8143
2414
924
2364
3183
2674
4578
3806
2721
3550
4638
8996
8367
5533
9266
4952
3484
9499
1621
180
3075
7294
5124
5315
4684
8664
6585
8231
6792
8987
6530
3383
8399
4815
3918
4313
8811
3689
2239
9346
5254
1834
4669
137
3401
8786
1597
9981
2269
990
2132
9179
2123
349
2042
4299
8570
4872
9761
4986
7616
7293
5065
5216
7473
4133
6971
2290
1001
8267
9698
6016
5277
4858
3914
3635
2753
7073
8736
2230
8265
6802
3351
5682
3290
3168
3079
1490
3991
7172
745
6561
7121
1461
5489
8774
6050
6676
7584
9794
4098
1740
9793
2844
1312
5077
635
8174
931
471
7579
2234
677
5504
8300
1769
8409
8583
7841
4630
8260
4681
8118
6357
6653
2851
4931
8548
1454
7922
5299
9813
1721
4628
395
8422
3596
9516
2045
272
2091
5488
6629
4109
3605
3076
2823
7791
7268
4511
1943
1345
2826
6836
9970
2017
6686
5933
7461
8311
794
8889
5356
7611
9092
8357
4037
3840
1782
5548
7923
6177
8478
7725
6085
8673
7346
6635
2886
2144
3130
8339
6629
8579
8135
3994
9526
1997
9641
9208
9020
3770
5160
5257
1244
8653
8968
2071
8786
327
6356
2078
9330
839
5895
1339
9341
7475
6108
1176
8834
3962
8333
113
318
8025
5047
2996
5384
1137
4052
8822
8846
8875
7249
128
2892
3466
7462
230
2615
2275
154
5749
4188
4569
8815
813
2652
6723
2181
1144
8383
6904
741
1467
4471
4740
2897
9102
9126
5284
3975
6570
7641
1224
2182
1997
419
3881
1162
6977
7600
9585
5315
8546
5538
8928
5819
5200
3655
3786
4844
6014
604
3960
6133
5389
1724
7394
1989
9605
8749
5060
9244
6773
230
1706
2654
3796
8577
2539
1735
4329
6214
3256
6750
7050
6724
279
1187
3712
9722
699
3779
4960
4491
2624
2669
834
1360
4406
8183
4516
6653
1460
1401
6489
3045
6971
4666
3642
2244
7144
1421
2869
3283
3378
3831
9679
8478
7797
2155
7124
7789
7083
6936
746
8741
5599
7455
4723
5882
7705
7498
8396
3388
9165
5056
2372
4283
3642
7231
1868
4182
5450
9841
4659
1547
7314
2459
5228
2983
3731
1888
7571
5060
1924
4651
3833
5208
9113
6754
3773
56
5750
4268
2923
6885
7004
5756
3757
5835
1521
7402
6000
2195
1056
5675
1363
2368
4426
1946
7485
9902
6782
5316
7431
7076
6687
6279
2363
1406
7827
9306
8985
9359
3544
1319
7675
2413
1900
7482
7083
9347
9245
5220
3333
9266
5788
327
577
4562
1249
8651
5513
6561
2868
1501
1867
6359
2028
1295
7434
2116
2509
7450
3280
5583
8894
109
7263
8041
3048
6002
2964
6108
5664
7901
3756
3212
7520
8952
179
683
8432
4786
9260
8193
5362
9110
3174
6147
4751
2785
52
8823
2665
6973
3766
1814
7455
2048
5461
9096
21
7610
9206
5605
3060
6207
318
6510
2402
1002
3168
8177
8360
7982
9379
6357
3722
2291
5784
4448
4628
5013
862
9190
1877
8596
1501
3763
7153
332
9779
6921
1209
1041
9129
2618
870
5233
8813
676
9543
7217
9112
1786
5571
5002
5039
3699
379
8625
7463
1334
3473
36
5261
9393
9290
5625
6753
2855
9720
8077
3548
8634
573
7640
7990
5519
2261
5607
3512
7853
2749
1713
1534
2324
5056
8240
208
3915
8462
272
386
2438
4695
3443
8796
5758
435
7543
255
4066
9833
3010
8438
4520
192
5058
2557
8961
9015
2623
4377
9476
1175
9923
600
4129
5095
5126
9459
9070
5178
9336
7475
9389
2975
2105
3785
953
5241
1581
7684
250
1531
3451
2066
1603
8050
3402
1666
9887
2816
2839
3766
1838
9114
7880
1813
7741
359
9956
8443
4476
4935
2693
511
6646
6625
5561
5806
6367
4336
6316
378
9291
2830
972
7144
4228
873
5110
5180
2798
7346
2040
6713
1846
9718
8236
7672
3670
5336
1530
2346
5237
4118
9963
1789
7202
3416
6095
9988
2613
7246
8901
7083
6166
8704
4864
3544
514
9266
2719
924
7104
7812
2840
5896
3413
6964
6115
1438
3723
6811
800
7027
6465
3439
286
2647
5563
8912
5245
6127
6892
1187
1586
3655
6753
7811
7894
737
353
1060
2986
6082
3526
476
535
4470
7541
9799
6742
5930
6591
995
6715
6084
5719
5364
3196
1989
525
5381
4014
1699
2551
9411
7591
2103
6939
4687
1756
4272
3520
7994
3441
7863
2914
3460
2149
2718
115
182
767
3784
1621
6632
9978
315
114
9524
8764
5182
7338
8790
9703
3062
4915
8062
5544
3842
8961
2258
2079
9193
2498
6187
960
4555
6829
3785
1516
7483
8875
7228
1528
4075
1608
96
415
52
7944
25
9894
5952
1364
8375
3504
5611
3577
2302
5889
676
3156
1556
7383
4025
4899
1112
1142
1657
129
7819
1437
5748
5014
3171
9578
8395
6675
4019
4585
6092
1254
8286
9043
5950
70
169
2278
5561
2508
5875
8980
9515
2156
4055
3561
7266
1873
1948
9140
8575
2555
7098
1228
2377
9226
5077
5797
2582
3512
3643
2597
91
8328
3747
7515
8870
5789
4418
4729
5891
1273
4585
9998
424
4942
9062
3518
3493
9402
8808
1650
2281
7259
8761
8449
6260
9243
9683
2840
2003
6471
9043
5713
7484
6620
2301
15
1654
5206
2935
7674
6018
9674
8560
4923
2329
9438
3074
2078
3995
8896
1177
7229
7673
9449
1354
9630
5277
3638
8328
8037
5706
3510
2509
7174
5834
5636
8383
6479
1442
3637
9822
440
3085
6444
9474
2761
8105
7058
7981
3791
3643
2428
2763
5025
7430
9308
9434
1213
4729
5075
1385
8970
2184
1197
7293
6193
1104
4710
1721
4812
7386
92
3799
6680
9312
6996
1402
808
6626
5928
2866
5622
910
5959
9307
868
9580
4170
3304
3937
8787
4092
7117
8777
9804
6581
1781
1996
540
5370
7362
6652
5815
7138
5689
7058
50
2956
5994
4999
7682
8656
1242
764
5563
6893
7003
2794
1592
2479
8447
5807
7543
1946
9567
6299
7731
1859
3808
3491
8774
3778
3748
8979
6743
2425
5386
8688
5961
8496
5005
2325
222
5682
4127
4341
9452
8074
4859
7526
1555
6106
6363
1858
2484
9353
5610
3239
9659
3627
4176
2667
1748
1304
6738
5484
9877
6093
520
5235
5975
58
7324
7561
1205
3483
3150
7678
5129
8044
1273
9032
9939
6148
781
1258
1733
2210
1579
2142
8393
2828
139
818
2019
5391
1213
3174
7146
5873
8159
7207
7014
2165
7859
3445
6424
7514
2007
1524
8635
395
2371
2167
5025
7669
8594
6125
6331
7731
6770
4183
6318
4433
2421
2488
345
207
8971
2929
8377
2525
7221
7932
6127
643
3053
5126
8318
1666
4145
7700
5640
879
8406
5646
1755
3318
7871
6379
5241
1207
9513
996
1569
1598
9668
9771
8408
9623
214
1297
3431
3534
6585
3477
8387
2357
1556
9380
2194
9211
5798
4915
7133
3771
42
2576
6880
4355
8887
7849
7790
5576
9550
2406
7192
8725
6191
6258
5666
4482
8578
6784
226
6647
3520
5684
4309
6558
4275
870
1984
9991
1855
7342
6356
9001
2443
9912
5517
2712
9153
4889
8030
1184
150
4856
357
7407
6828
3858
5437
3469
10001
8122
9369
6847
1194
2802
5798
3509
4341
6045
2795
9684
5288
4666
7919
1483
884
2749
2147
3563
8026
8477
958
938
6656
384
1462
9379
2002
9647
2608
4890
4922
7779
5106
9689
7710
2250
3683
3334
6168
8248
851
7523
9667
5751
8151
9204
5096
2751
5710
8461
3601
655
7872
5489
6571
5798
8215
2311
5755
7009
9686
5871
7601
7842
5773
1435
5541
4531
9813
9389
3319
8012
8242
8602
9994
1148
667
5492
270
8302
2948
7577
9343
8552
2507
2301
7445
3906
9922
6255
5937
628
3165
2369
9567
4488
1954
1201
8927
2696
8699
5671
7506
250
6808
7435
2155
3547
6378
443
4692
5983
6400
6776
4106
6664
2028
6274
7371
3203
7031
3861
1866
9020
8209
1479
9174
4371
4318
5070
8489
9456
5493
9135
485
7644
2302
4991
1750
772
5276
3479
5541
4963
7897
6121
9102
4729
4699
1107
9041
7348
6990
2459
9296
6120
472
3435
9247
3190
9107
5888
6383
5892
9196
9423
6829
6659
595
1930
1427
9364
3638
7786
4242
5554
2961
7095
660
7911
2454
4769
3092
8020
1332
2031
7985
172
4192
2744
9918
4158
9109
7997
2067
223
9636
7088
237
4928
3329
7577
5662
9605
1741
3902
4143
6149
352
503
1162
228
224
9963
1446
3089
7452
9709
6999
85
4159
78
6480
6308
4123
6614
3662
6573
8521
5704
5874
3691
9923
3996
4729
5973
2855
3727
2165
6869
158
9615
2303
3818
9947
6642
6765
5006
2060
533
8056
2688
4787
8900
7053
1743
4777
8272
9779
9733
6285
8286
3114
7217
3402
8798
1342
5746
6274
7880
7821
7539
8382
6329
4113
4927
9796
7052
33
7534
2149
7193
8309
3238
1142
3700
535
1669
6980
7396
2397
6774
4576
6208
7457
6982
3023
5855
7076
8554
660
4725
2274
9200
4205
2562
8964
3902
4110
5252
9012
7560
4336
4438
1615
1303
6234
9392
6758
4573
8238
2735
6747
3666
5947
9257
3822
5317
7609
4113
6580
2243
3255
6926
9384
5130
1717
7340
2945
8172
2926
1346
5836
3851
5148
1603
9745
1780
7741
2934
4905
1864
8906
2969
1605
17
2934
9343
5520
4354
8396
8524
3252
6452
5698
5278
3680
2884
4184
6476
5986
8434
3343
1508
4935
5786
8493
206
4811
9423
168
8311
2601
9257
3115
894
9153
6740
9814
7307
4818
5046
7125
36
9080
1295
2718
9205
6155
434
418
2742
23
4501
7429
8240
6304
4599
8295
1832
4757
8483
7179
7724
3587
8558
3742
8930
1274
885
6481
8469
7085
335
9319
6201
3160
7207
550
9987
2415
959
554
1211
3132
6235
9145
4746
8591
9309
2066
6414
8675
7771
9126
4920
4047
3523
7492
125
1386
2820
3229
5721
6312
9678
1696
4468
340
597
8675
9163
9840
4104
2789
9214
6362
2113
3610
1161
8736
4180
8327
954
1204
1127
9151
57
2762
9385
1421
3020
933
6838
7007
2409
9750
2663
2722
5223
2872
7232
3522
9108
8358
2884
3894
5484
4571
8698
6034
789
2489
1657
4343
8503
2782
7821
2026
2558
8280
3623
9047
9677
2829
2431
8273
6694
6
6523
7061
654
4240
8121
332
8553
5356
9129
6085
1769
5374
533
2739
3183
8161
2591
1347
4930
9928
5872
1595
1542
1162
9579
86
7835
791
5554
5288
2911
179
1956
4164
9603
3549
9707
208
6863
614
3483
1588
8818
7603
8923
8186
2152
9082
6373
8307
7824
2135
5305
6415
6194
5594
5221
3993
605
3566
559
3658
4477
5558
9795
5837
4975
8850
5336
4264
5858
7329
6209
9696
2042
2259
4279
7219
3720
4236
7546
2833
7150
941
5097
9754
9006
5240
3103
3490
142
1130
746
6586
4030
9352
2976
7448
4280
5782
5095
9357
3577
1868
8346
2985
736
5905
1179
8248
7152
8300
8246
6106
635
1905
129
1470
4927
902
1952
1756
1084
743
8471
9802
7148
3914
1975
7273
7004
2989
168
8853
1836
7642
2913
3648
3846
5019
8885
2590
9923
6250
8991
7079
7452
2184
170
5461
2663
3813
8371
1253
3722
1022
2958
6990
4349
3645
4821
1350
6765
2146
1830
4604
6216
3682
9119
6899
7020
4453
6256
192
5877
1401
7122
9858
1571
5245
7715
8536
3541
324
4345
2764
373
4599
7980
2517
1474
5286
9240
2300
4703
1058
1659
574
8840
6164
8948
79
767
9423
2123
7968
7125
6154
2287
249
4145
8097
4882
6789
9134
5707
3241
8801
1084
9946
8508
8575
4723
8158
7842
2269
4183
6663
7144
7351
9930
7793
5941
5300
9156
1075
7492
3859
8087
6923
9743
6391
3567
3181
2984
1828
1556
1550
382
6766
1900
8789
329
9065
933
4763
8913
5194
7345
893
243
7826
7083
8157
9655
7391
2410
3924
1241
2790
8559
2819
1373
6991
4468
8407
7807
9429
5896
8381
8411
3819
5779
9196
491
686
2538
2752
472
4735
487
7326
7436
469
5379
9833
6790
2978
1078
5125
5189
6926
2698
6622
288
5512
597
4189
2464
9995
6558
7182
1697
8962
1262
365
4398
2463
15
5285
6949
5066
928
9726
6160
3579
1705
4310
2946
7437
5647
1909
6694
3555
5031
8359
7246
5569
8036
6440
3869
2092
5155
4871
2048
2511
5152
4765
9569
7102
4582
5202
7740
6770
9528
8076
1585
2058
1955
800
1654
589
6297
8740
369
4059
1907
3369
7501
9736
154
8099
8070
4082
2264
9168
2212
3005
3944
8148
1553
2640
1779
3834
126
4010
1643
6032
6760
3335
5059
3759
5152
4375
5218
7904
6933
6112
9793
3589
892
8037
6325
9166
4946
2919
4742
1394
3694
9919
9278
1729
1204
8675
2462
5112
1565
177
1236
7856
8720
1068
7948
7318
4215
2542
9794
9508
838
3699
2421
9377
5149
2463
8809
9632
738
9119
1262
8427
8559
6775
1496
2158
4697
9190
7768
573
2482
6735
7719
7713
5715
7665
7550
2429
6403
3450
9381
1967
8286
1876
7356
5922
7925
5145
6013
7099
8134
6967
3351
3156
2452
8009
7998
982
9440
2434
9244
4423
8736
5977
3589
9110
5724
5922
4317
8405
4938
9529
7478
4923
2753
2780
1296
8157
8755
7797
6326
4191
7287
2031
4071
3022
38
7978
5969
9364
4413
3260
9978
9070
244
6311
5856
2647
6868
2550
4458
2199
2537
6203
7187
2736
3640
9356
1933
6100
4573
6875
3155
7068
5711
3741
8047
2513
7326
1425
221
9376
6037
1222
1347
2255
8444
1207
7856
2446
3659
8023
8995
7848
5454
336
3894
5257
2458
9729
1201
8989
1451
9193
4848
848
1723
9879
8590
2771
6444
6272
9982
2722
6047
9680
1776
5264
553
9521
5649
8144
8003
531
7486
7604
2879
9796
4227
1774
5770
5575
8656
4137
7945
6420
5000
7826
2370
5443
4606
9255
1147
9483
8138
3455
1813
8853
3894
9512
2104
5417
1505
1230
651
8182
3121
4026
6737
2670
9727
8211
6496
2332
1828
3896
4567
4014
6902
6008
6861
962
2329
190
4076
2415
5554
9875
8371
9170
5247
3951
1504
273
8199
4907
8306
6815
9023
8609
4873
7938
4255
3744
775
1306
6052
7791
9305
621
5124
5700
6812
9448
715
6672
5217
8990
3414
249
1105
1966
404
2091
5097
340
2854
7903
8439
6138
9784
9738
2258
4984
5015
8068
6456
9209
9220
6572
7896
6495
9211
4357
5938
9971
7621
651
6327
4814
4191
3968
9217
7942
9488
6262
8868
7907
564
3980
9281
9069
8969
9414
8891
7929
5889
470
2095
8782
7382
2985
9315
8973
6882
8157
1784
7078
1858
1562
6400
4571
374
6059
38
218
5593
9660
3111
5685
6938
2218
5924
6055
984
1903
4503
659
6024
3505
3068
8053
1990
9365
1938
6497
1088
4512
9502
940
5980
301
8935
2657
4147
7347
9843
6298
2298
4183
7544
408
6205
7346
585
5754
1491
6667
6314
4091
1071
8070
9340
5258
2151
5625
8080
3597
4691
3396
524
6306
2465
8927
5151
1847
3460
3550
9177
466
7694
9543
2702
1208
2915
8169
3609
607
9696
3950
396
7490
2931
8215
4286
451
4386
4356
2461
9384
8511
6326
1276
3310
4726
729
6699
1138
399
2514
6672
1657
5658
9929
712
2670
9323
8669
7651
5899
3423
4400
4763
3716
5321
499
1446
6449
6392
1448
9930
5314
5723
2122
2592
2244
5689
1742
743
2538
5554
4437
3837
7572
2553
8222
8938
4642
4323
1358
3021
6705
689
7327
4512
4691
6265
5611
2219
9408
3415
6660
930
8885
4312
3120
8241
5045
9033
4424
2662
508
7080
6343
2860
733
2129
284
1665
2888
9141
4133
5705
2864
5067
6890
5309
5747
9498
1691
2680
2807
4930
66
8080
9285
5991
5847
7976
6993
843
3829
2811
8887
2413
5007
7348
6718
6002
8461
5515
1047
8328
3417
6315
774
9050
7761
6885
1955
3478
356
7450
6157
7467
7646
3417
2658
2586
1469
4164
7036
6281
2073
6357
6409
6575
4696
9900
651
1510
697
5710
539
5488
1671
5605
4691
1398
8891
6915
9668
2822
7423
7894
1940
1299
84
4818
8817
241
7047
1960
7757
7077
535
5254
1870
1418
2881
3396
6065
2697
5515
3821
9953
5337
2464
2284
5181
7516
5927
6035
1252
5544
7394
6472
1673
4381
2190
6642
982
6898
9633
113
6446
3021
8959
3825
6222
7423
6166
3856
897
7861
9560
3855
8885
9291
7082
4736
7483
1169
9473
987
4256
3781
4668
633
9374
4661
2285
4728
3551
4983
8660
5101
8498
7424
8748
929
8225
5434
8706
5911
4004
8890
2145
1637
9201
4335
4088
5263
7348
5903
7083
9871
7414
7903
221
5954
4283
6502
6114
5937
1085
1620
248
9005
7232
8096
6412
5004
7814
8058
1540
4035
8147
8505
9071
6857
7958
1546
3832
4591
9241
3522
2722
1950
3888
8915
6759
4995
3820
5701
7499
3032
4996
4517
1199
6883
5934
8656
5503
9789
2053
164
6563
2291
549
4902
8029
1203
2028
1771
5100
8782
2493
8995
2719
105
5339
3179
876
2590
7029
2887
4899
5315
5968
9153
1605
6652
2019
1161
1991
7837
4675
6666
6841
8963
6616
1295
2587
9927
3503
4788
9818
5234
9938
4789
5240
29
7598
8422
3120
9969
3016
3408
9811
3436
1535
892
2071
8426
8222
8180
190
2214
1722
1068
7447
4142
5604
4844
8871
1192
7005
7324
4813
7768
5468
3843
1960
8530
9438
937
8249
4682
9345
7184
1574
6574
6625
6722
149
2329
7683
3674
5586
7093
294
1790
5911
1227
7671
3603
6764
9125
2302
646
1897
6559
4980
8234
431
4658
6738
4041
5710
6724
4339
2570
3374
7439
1489
3345
8376
2814
4601
4538
7186
7041
2994
4864
3959
6671
3805
2404
2180
6245
4247
5161
2064
4967
3383
5063
1579
8198
696
2616
1537
2955
6643
3789
3380
5702
1520
6574
3900
3484
2330
5704
4980
3971
5104
523
9232
9320
4745
6084
6848
1435
7709
3687
8452
9134
5209
5710
2131
1153
1646
5198
3213
1722
2626
5299
2705
2939
428
1994
7752
5740
2120
8184
4585
5677
7836
2152
138
9350
6322
4750
9332
5818
5825
299
4496
3197
5371
8408
9297
2716
7232
5069
6963
8889
5422
3460
7082
5663
6688
6858
8676
2514
6105
446
8278
7029
6735
7115
1728
1567
7120
1961
5370
3354
1946
9271
3106
9493
1598
4910
5229
3302
7378
8901
2112
5632
362
6669
1004
6993
4407
3972
4482
4215
3368
1577
5004
1293
2469
7835
5770
5141
8402
6089
9917
1412
6568
4271
3972
4286
5299
2413
5407
6193
1813
9866
320
2372
5356
1486
9966
3775
9000
8481
2657
5550
7590
4963
3845
8707
5147
2430
53
4584
4817
7492
84
5516
4608
6996
3510
602
3369
8299
8111
9517
324
5087
563
9631
8879
886
2394
3680
2215
1286
2194
9107
291
1962
9287
3528
9807
7627
5465
3261
7259
7830
6743
8209
8810
2506
2627
3778
1336
9131
9659
3269
3630
1229
5360
5420
9796
4625
1593
843
4848
4908
5694
218
3535
9298
914
7485
9437
7460
6446
2315
931
1940
7046
1078
433
3954
1236
3182
8069
4229
511
1330
1142
8954
1159
1637
8910
3237
4866
5920
9983
3645
8581
4559
4620
3226
6323
6580
2940
1930
5401
8673
197
4965
8941
8400
8747
481
2118
5618
9121
5902
5380
8999
2442
6256
6771
6386
6405
6805
6994
7474
7949
7378
9737
1109
1892
8846
6924
3507
9328
1356
8370
1265
8393
3792
1438
8803
4337
6611
8685
1706
6012
4824
8972
2292
3084
6397
7253
6603
1730
2827
4326
8319
2431
7491
1548
8779
8705
7515
1839
3701
4301
1294
9723
2822
6880
1202
3013
783
1814
8267
8432
1555
5991
9734
5018
1550
7706
6279
5989
4258
4737
7281
8787
6783
1079
1920
9050
6476
466
4114
149
9281
70
5771
6820
6376
4542
484
7999
8536
3770
730
5786
8797
5728
8855
7622
1315
170
3667
9358
9365
6772
8578
9324
3822
2774
1627
2624
7682
1865
8410
1432
9409
6821
7328
3545
7633
1869
7868
4965
1615
8264
2949
4020
7709
459
2731
6997
9611
3977
4720
5536
13
8289
4425
585
5956
6309
6579
5184
7492
4275
1861
2442
6324
2921
8110
3353
7373
4800
3131
7879
7974
4330
5354
3128
9600
5560
587
8657
1979
8455
2758
2413
2424
3436
4623
5403
8520
7096
7512
7648
6185
9948
602
5968
312
8084
8632
2658
8113
4678
5787
6116
197
8275
2496
3110
3047
236
178
8842
1423
4072
4638
1618
1994
2346
8218
517
4915
2067
8577
5958
7148
9486
5214
1446
255
1376
9266
7510
6022
8269
4024
4405
514
631
2968
3729
3660
3845
8273
6259
9445
5700
423
6521
7823
3490
9472
2602
717
2201
4903
2538
9717
7878
543
8151
9658
7968
374
406
4453
2126
6219
4796
9407
4867
6594
848
5235
2604
1627
6151
9688
2637
4711
6793
3556
6954
4895
1816
7748
1983
134
6115
758
5860
9005
1919
8336
1391
4612
9877
2875
7519
4557
8573
2550
4204
7804
8565
472
1504
4243
1929
22
5698
2849
3345
4524
1554
8825
2158
3141
8554
3989
687
6480
3113
1812
2798
7376
8017
2372
4692
1226
9266
8871
5032
8870
3770
6486
1542
7087
6037
9371
4150
8665
2355
2255
7383
3164
2160
3756
328
7562
6707
3487
727
5394
7607
9439
3063
8462
6460
4320
1967
4181
2122
4279
3385
8160
2001
330
9751
1918
9151
5553
4387
4510
2425
1592
9631
2453
7849
7439
4674
6582
6654
8837
4291
551
5896
133
232
9594
7683
4221
1584
1836
2599
8928
1921
6419
7820
8766
4795
9089
9970
3282
1219
6795
505
4578
969
9688
3743
2243
4138
6301
4632
3800
499
6717
822
9503
2155
6502
3820
9214
536
3902
7552
7939
7385
3526
464
4847
1243
4832
1302
7252
85
277
6204
7885
2126
1799
7336
2307
8928
8447
832
9264
3935
1762
4570
7473
5843
2078
2911
9706
4498
912
3317
3965
8111
4666
9726
5915
403
1694
6740
448
8579
4243
6463
3709
566
1382
4216
4953
262
7546
7434
4427
3896
4822
2994
953
7256
1122
1836
1591
7734
4262
7469
4388
6290
2913
4712
3473
2679
9152
6703
1409
3233
8310
6280
2563
6295
26
708
2100
5782
8539
5350
7534
7989
4569
10
7981
9391
8510
587
8173
3319
8535
2957
4713
7805
5995
2151
6141
5483
2638
8128
9064
1633
1757
6431
3879
4289
3243
378
5090
9351
5829
4877
6826
5355
1123
1339
108
4358
6556
8948
4830
1948
4038
9683
7844
9879
2991
7921
8918
7007
2990
3885
6924
3096
8472
5333
7493
5057
1946
6089
2524
7011
1982
5220
6947
3105
8156
5282
2791
8933
4515
9964
8592
9261
4462
7359
8829
8492
1600
5958
7547
7737
3432
7102
6190
2374
2283
5200
4444
2856
515
9973
763
6727
5002
6893
1151
8574
7583
8599
3280
9162
6665
1961
9594
5683
3217
2740
1177
3947
4073
7319
2971
5863
4694
577
3141
3583
2357
3174
8642
1144
8625
6435
3992
8936
8821
334
2122
2568
8890
7551
7395
6679
8940
6549
8717
6096
5163
2147
8325
1138
9537
6221
2019
7518
4102
5837
4937
6248
7009
5689
1219
8407
1987
4021
9704
9234
9577
2944
2060
8078
5209
6678
8311
485
879
4811
7229
2325
7020
7618
4393
96
2568
7749
3180
769
1957
7123
3769
8620
7453
5979
4858
3667
4739
7915
8584
5916
1847
3870
9671
7993
3805
5637
2589
5793
7230
947
5699
2655
6074
9855
7446
4037
9710
1414
838
3536
3689
6683
2852
7675
7757
3378
8940
6147
509
6985
8541
6055
4127
5629
1199
3686
2025
6434
2395
654
2474
1168
4345
7186
430
5935
9226
1213
157
508
3463
3750
9990
7202
45
234
6194
7612
9707
3368
7543
9162
2708
6704
1086
9821
8826
3300
1246
1948
5578
2762
4332
9529
3906
9402
5852
1134
7772
3286
8699
4749
1706
898
6162
8485
4735
28
4780
9167
2876
4259
3046
852
5878
5496
9385
8266
3753
148
8236
2492
1194
1825
6247
1870
4228
2692
4512
9909
4945
405
3677
3634
5882
636
7686
7070
4770
1569
4494
9167
108
3203
2735
6763
3347
2781
8473
7880
8158
8998
2712
8878
7111
5805
3285
488
9188
8174
9155
8636
2526
8098
8525
6748
327
6597
2157
9637
7182
6933
3967
3749
8560
4100
2921
951
2979
2061
5227
8638
657
7507
6072
5430
7275
9407
3164
6708
68
6223
2801
3728
1189
4632
2701
671
3500
7896
7030
9991
9411
5544
1874
8814
909
5817
855
1251
2146
3010
4960
4019
9909
8197
8297
7044
7235
6528
3128
8626
2078
843
4305
7785
3017
421
7586
9519
5167
5102
5138
6878
7056
96
208
9057
601
2209
9660
534
2675
9720
7180
6600
226
9902
7593
4044
9056
3598
4095
514
7613
91
1950
1231
6460
9944
9832
3050
8305
339
2759
1191
152
1836
6159
2048
5822
8245
7829
3111
188
9109
7683
1987
1781
1460
255
4939
3171
5329
2878
9078
4163
9512
1977
3224
4540
5109
9324
9451
773
6015
7698
4614
5546
2422
9534
6520
6505
4920
5795
5622
6297
3184
8951
2371
9601
6585
348
6969
8150
8535
8652
504
8457
5170
7693
321
2983
5105
8418
4320
1917
144
8958
8653
9714
9764
6844
6612
1239
5295
2870
1491
2594
673
5540
4223
9451
859
291
3187
2457
3513
5244
2036
6599
7073
2135
8242
8884
3967
3217
1384
7365
3079
8997
638
7543
9251
9922
5701
6492
6275
3072
436
1670
665
949
1929
241
5522
937
3455
304
5613
9801
615
9627
6445
2390
2070
2585
8654
6848
2128
7025
3810
7839
6912
3328
1473
4547
2773
8221
3563
8695
1289
8821
3760
1576
9286
1743
3259
9315
1240
3551
9671
1298
3604
1323
3933
2628
1321
9293
4335
3519
761
2165
1731
7040
246
1802
5779
7939
9716
6337
9063
5038
1803
9881
976
8523
9138
2648
2951
2090
8477
6917
6309
2962
5228
4412
8033
957
1416
7344
4845
4934
5455
2501
2383
2157
3770
6131
9712
8545
390
4633
6156
7275
1378
5924
7864
1613
296
6670
6223
407
8961
9838
3307
2927
3059
1447
1393
2408
7394
4385
7619
7829
3158
7373
2177
6789
4943
4888
4961
784
3576
6795
4145
2156
5073
9186
8726
596
3939
714
4417
4558
5107
632
3927
5649
9543
7926
9103
7889
5380
3202
1161
7267
8144
6855
8273
1009
2352
1081
6957
3099
3875
6863
5646
1177
6164
8603
2839
5335
8778
3607
747
2277
7302
8470
7788
662
7528
9555
5512
1237
7278
9328
8398
7462
9711
8992
8882
5152
4983
4299
5685
1246
6344
3594
6934
5731
7695
6503
4368
7198
9616
3260
3049
1752
4714
4564
4411
2697
1903
5958
6251
2516
8209
6532
5852
796
6947
201
7244
4675
1198
9550
8423
7237
2914
9559
2891
4203
5193
40
556
4777
7347
3664
1866
618
2645
9600
930
6914
2801
1390
2156
9237
6193
1943
6134
3064
7860
6794
8646
4097
6890
3637
6089
60
3418
1171
1436
5040
4789
4490
9352
3293
4843
8236
3090
3854
7772
4366
9469
8708
9930
253
3092
3549
3682
5766
9563
4172
1027
3607
4937
7872
5816
9447
1473
9084
215
6121
9247
10002
7813
6123
8072
8926
8864
5779
2418
2661
8435
7324
1362
5069
4400
1078
6868
5784
2899
364
8350
7690
4463
8578
3896
2608
5576
1287
861
9871
8876
2227
9363
3488
8271
5143
5758
5945
2881
3989
8089
2836
8404
9318
1012
745
7235
8642
2186
2434
3236
3709
6884
7986
3009
6283
3450
966
28
2954
8489
2813
6969
761
6987
1580
3685
9475
5582
2452
6034
3607
2727
7690
6303
978
3319
1328
798
2059
8430
4369
8919
4356
1650
1824
4679
4720
1083
5003
7409
7549
5615
489
9629
2675
3979
9420
1022
889
255
523
819
6836
117
4574
62
101
631
2939
9938
1719
4039
905
6635
7534
6996
3758
6935
7241
5249
8972
568
4792
1882
3012
2765
8204
7540
5573
2748
6417
5507
1885
6506
3170
348
6060
5515
2241
6318
5032
9869
3469
1257
7825
2212
2163
1656
5266
7428
4152
8656
3205
8108
1744
8152
684
4297
533
7208
6356
6165
5685
4927
6912
8298
682
4156
5008
1624
3932
1299
415
1408
3141
9386
1015
5266
781
4644
6935
3606
1923
8901
4843
2670
8420
1796
3781
6010
2549
64
6912
5149
1735
3110
8248
9537
3158
5671
6204
5957
1238
5028
9669
5144
8997
1015
8679
5727
6400
6951
2844
3161
8871
7659
3403
4603
2086
9083
5843
3076
7386
2639
5116
3523
1950
2152
1993
4214
5211
2029
5429
3044
6836
7710
7813
5914
685
8218
1864
7221
2780
1438
2777
9949
7914
671
5107
9410
6947
3417
444
4559
9512
8747
1669
5086
3371
3908
5536
7395
5498
2371
1204
5875
3586
8895
8782
3832
3689
2863
3664
1530
961
9300
3617
6335
3689
5665
2115
2292
2877
203
9575
5677
6022
1809
271
857
9459
1713
6342
5942
9580
1692
7180
5879
9346
8975
5544
1450
8727
2241
5574
4799
4998
8287
6886
9094
5591
7092
526
1055
9130
8966
6640
6889
52
8797
4224
3752
6284
4823
2087
2313
4972
1998
3737
1977
2056
8185
1278
4536
3995
8148
3617
4322
3573
2614
9274
4615
2944
3292
6961
8522
9942
6910
4510
4275
6821
9747
3386
3237
3556
4630
9782
2135
107
1517
1650
1905
9942
9742
900
8293
6882
6912
2374
8105
3290
4899
9340
9117
1812
827
557
9609
8376
689
687
3826
168
900
4493
4781
7213
8221
4811
4798
2724
1433
9224
9959
3372
6686
9391
4224
6365
5212
2194
8383
2091
1678
8007
9232
1641
8095
6803
4201
3758
6075
8612
3546
2835
614
1859
9683
1072
2729
1784
6594
579
1422
6793
2664
5630
618
6744
2596
8742
9567
7428
2357
3792
1451
487
882
3525
9758
3659
977
5200
9803
2550
7696
9272
3598
3026
2416
8786
9267
8897
2510
5975
1898
8750
6619
1202
4666
2615
7681
4190
4294
3152
7288
8147
6134
8589
8184
7725
5538
9701
7030
1097
2132
2089
9984
5706
6387
6978
6089
1278
2844
3326
5176
8339
8654
4037
3598
7586
4971
7948
152
5360
5154
3340
2697
6586
611
7585
6771
8073
1344
980
8129
516
8845
4689
1505
5556
9378
265
597
313
5572
9840
1571
3644
3305
4178
7867
2218
2275
9710
1005
3319
4129
1753
6025
7594
5688
1562
7541
7959
6591
5454
7238
7672
3204
3810
2584
9358
9616
157
9751
2730
8696
9277
5475
967
7067
6611
4616
7729
1457
9521
430
4290
7915
9783
4359
5703
6458
3070
6815
7770
3979
3427
3481
4915
747
5157
5709
676
1571
857
9175
4160
5808
3771
6390
6794
449
7234
8180
1614
6535
2759
8808
8221
5805
7957
3327
8556
1196
6483
8932
2066
2937
8834
1603
1870
200
5578
9126
4299
206
4345
7951
1929
464
506
3235
2775
4138
6658
6710
6300
5046
4909
149
8835
1796
1099
5452
5837
4694
9202
3419
2324
7236
9554
4961
4195
1103
1336
1298
9016
5071
5718
4818
9975
177
955
7356
6877
5975
543
8255
9071
20
6841
1780
9922
983
1616
1226
3882
6305
6717
2539
5201
7936
4293
3466
1518
8260
2529
1381
6408
3681
9445
5646
9906
3593
2353
7388
2622
6666
8790
2650
5836
2582
6232
9730
4872
3393
1602
6615
8029
9349
7995
1961
2953
11
1339
6570
6838
1671
8828
688
5918
9984
3150
4502
348
1128
9688
977
9277
4557
8362
6036
5473
4072
6390
5730
700
5505
8679
4069
4599
2679
8924
5393
7507
6284
2950
2143
7652
9122
3283
9447
755
2776
5965
27
4310
5607
8646
5082
8455
6707
1629
7630
3104
3597
5449
8937
7356
2686
4433
6934
8169
109
6060
3475
6138
8882
1258
4947
5480
7317
2728
6075
342
197
8413
3560
9913
9935
5838
7234
2253
6034
2709
3137
9278
6342
4140
6752
6814
94
8447
9171
2431
4274
6176
6066
2653
2911
1824
2232
379
5371
1229
4068
8275
3635
926
7384
2982
5126
9988
3161
9235
9709
1618
7477
9278
4308
2487
7154
7754
9415
7315
6106
8475
2882
5440
6693
845
8694
1136
4393
8682
479
1687
7852
3964
1210
9991
7690
212
8216
3681
5823
300
339
226
900
4312
9627
7308
1160
8666
2491
6585
2089
3954
8501
9520
7523
5663
4606
8495
2497
4444
8245
1145
1041
4645
8330
1197
9233
6973
9310
6426
4263
1561
4737
4967
2165
3312
4642
1782
2413
9980
4045
2358
8207
710
9572
8758
9603
4150
7205
7158
9496
1135
8374
4737
4438
6393
1176
8075
7122
1011
1442
290
3774
4102
8221
9996
4250
4305
1660
2004
3198
7556
9683
9144
7082
6179
8015
1762
8084
2032
5260
150
7447
1138
9945
5062
570
4671
4500
6359
105
9150
898
9972
3779
1224
8984
8034
4663
7332
9512
3276
4683
9627
4064
7601
8886
1411
9060
2998
1532
7563
673
1199
1340
8796
6290
6820
2288
5534
341
5507
3484
6909
2235
3394
5424
2836
4877
2970
6580
2996
800
9638
4789
8664
1516
6336
3765
329
8245
1363
445
8200
2530
9259
2691
260
6377
1630
4057
5786
9527
6466
9427
8521
3727
3056
6572
1979
6953
9972
2397
5862
6733
655
7306
5535
1084
7874
9766
1305
9011
8173
4086
5179
4941
5870
3251
9802
5728
4822
2165
876
2585
8804
2714
1001
5877
2744
9532
8033
8021
3894
4860
3927
8815
303
9102
4635
5630
4764
2094
9712
1660
8581
2198
4382
9842
7718
1079
9556
9243
7209
5527
7880
7553
4943
8217
3955
4825
610
1106
9329
3338
3965
3709
1144
3579
2805
4706
3694
4261
7698
6415
4314
327
332
4953
6227
7754
3677
431
508
9536
454
1726
4647
4913
349
9727
2644
3046
7129
547
5775
1557
2572
9646
5723
6450
1164
3073
3403
7310
9917
2970
9695
7391
5032
5225
6062
2303
1061
5091
1193
5311
1876
1168
1513
73
1519
6097
7894
683
2306
4189
8719
1960
3841
5161
7693
8946
7670
2721
5593
1967
6265
8160
4425
1908
9849
7529
2291
42
9902
6405
3317
5056
8668
8891
1972
2432
6852
4648
3449
7888
8892
1703
9058
2269
8837
6914
109
214
4329
7857
1650
2200
1796
6575
9490
5577
944
5317
1170
490
7575
8669
6191
1953
5674
4314
8992
655
318
8554
9146
8304
4598
7818
9225
4671
6582
3263
600
3202
8390
5971
5552
8085
6095
1785
5802
9625
9865
2536
6558
5657
3573
1130
5279
1310
9296
3714
3042
8885
1121
6007
671
4272
946
884
1711
5815
5009
6030
7588
8043
9688
3190
652
2968
9872
8342
9565
3198
1873
6355
5177
8577
7275
2663
1887
5410
1975
8109
5657
7824
8650
927
5453
9740
1793
3302
9391
7864
6673
6764
2522
2813
143
1458
7570
9024
5016
6582
5346
6170
5942
3081
1956
2360
6528
8852
6571
9215
2091
460
8808
3313
9465
8272
9689
6517
7576
6177
1190
7335
5306
2978
5462
5577
9940
626
9130
5901
2358
2520
9866
7226
4582
6032
4845
9955
4352
44
3772
7067
9141
8353
3576
6271
2953
3468
2264
2024
8424
9118
1978
1370
2026
2230
8241
3233
1834
7978
2482
5882
5814
6192
233
8401
9081
5437
9641
9300
2175
7974
8999
5484
4841
8568
6351
2132
3172
3563
4493
8483
33
7465
3231
9161
2677
9227
9477
7182
9040
8210
9225
316
5576
2637
6279
2830
189
4590
8346
7688
9740
8772
2107
1237
2851
7142
9469
6932
6029
1206
4415
8472
6019
8701
2523
153
8088
5845
7786
8689
1703
1399
5524
8804
5987
6194
7060
9033
6316
750
498
821
4087
598
462
4660
5784
9483
3301
9708
9262
5980
6018
5614
7573
5996
141
7883
3838
2658
2464
5473
45
9635
4714
4866
2617
2968
8136
3300
675
4543
5937
5821
224
2269
1675
2799
2446
842
5782
952
5392
7475
1838
6730
6564
212
4965
7929
2310
683
3110
3308
4795
287
1855
395
857
2707
1367
8805
9588
2182
8277
2225
7733
1315
4066
7218
4739
693
1410
9316
7425
3475
6849
4993
7276
9937
5741
9262
5426
6240
7302
6344
8458
6301
6008
2068
6742
490
5516
5839
9100
4003
7734
6671
2630
2660
156
5599
9497
9998
5310
441
7322
7301
3557
8534
3394
6166
4460
447
4204
1082
9774
2590
8961
6789
5982
4474
8523
5100
293
5937
1630
5962
4705
7643
4960
3193
2845
9636
4335
842
2482
7165
6018
4583
1311
202
8505
1726
2772
4943
9014
7950
5030
2010
1401
5744
3878
6681
2409
4158
6160
4765
3126
4005
5122
8833
711
2641
1256
9811
1374
4782
4725
4570
8721
5330
4177
9293
5201
7781
532
2040
5804
8059
7554
7286
1029
8399
4040
311
5086
9430
9020
5784
5792
3343
2042
5522
8338
77
1080
205
5485
6650
2204
5724
1875
6633
8750
7095
1441
6606
9012
4111
6203
7961
9584
2977
3454
7965
1536
9707
8027
7615
2935
9642
1746
5818
1534
9523
5437
9552
8257
116
9124
5855
1284
1316
9840
6195
9198
383
8123
5732
5060
1040
4641
664
3319
6627
2806
6069
8376
7687
721
3495
3221
2401
3028
2035
3359
360
1983
4784
6134
7061
4583
9131
5983
4334
5697
9726
2439
7532
3766
3058
2017
8448
6494
4203
4232
784
7048
1149
4624
3135
8764
2805
4962
2506
3513
7478
9987
1831
565
5842
4210
9473
9516
8681
5827
4856
7389
5183
8015
3761
9517
5838
1212
8093
2958
7178
6823
9130
8956
6242
7120
1017
1213
4105
1995
7630
699
1767
3281
3516
2416
6189
3336
4498
8359
9449
7826
5348
11
2590
3364
1278
8106
6820
870
466
4489
3746
8168
9520
7288
6789
9626
4295
4860
2391
273
9347
7460
3848
1138
8938
7705
8452
4292
9325
7240
1564
4471
9957
7134
2232
6578
3555
9573
517
5
3507
3750
9382
1373
9578
8188
1382
5408
49
8460
1626
5124
3762
3654
7251
3997
6778
8419
199
6009
6520
9594
4175
9717
7033
2679
6306
1027
5575
7556
9433
4892
9645
5291
9855
9899
3710
7108
3974
5381
1072
6830
5230
9097
6574
7189
7072
8062
1668
3126
2626
3370
5291
9314
6498
8012
262
4748
8336
986
1216
6345
7507
411
631
3671
1576
590
5663
1390
7399
5848
8503
8826
6894
6999
2590
9129
4455
4250
9576
2538
1062
9616
1351
4441
8377
9040
401
9613
7653
1082
8532
8588
8378
5609
6510
1306
4969
3420
7823
7123
4867
1407
9174
6313
2762
4320
5805
4239
5980
3918
4818
1358
4027
1812
108
5731
9008
2304
6678
2261
779
5870
1593
8912
3673
1174
374
5283
7639
1452
5288
8362
189
1810
1281
2572
9408
8737
1477
8372
4384
5204
8146
4064
399
273
8426
9324
5287
5408
2316
9577
6525
3985
6615
8383
8547
7930
1147
6502
7177
6332
685
5485
9741
8033
4480
4629
7713
7202
9008
4975
6352
2893
9266
4923
103
6573
4312
2132
2020
5239
2292
1587
938
7322
9629
1676
9698
6103
4029
6115
3704
8969
796
8558
9983
2319
1530
8472
9303
7176
7455
9247
9651
1642
8926
2759
7650
7362
2403
6572
2019
7790
7780
6466
9969
5615
9207
9314
7160
6706
593
1953
9527
5538
8977
1661
9661
3664
2846
3386
6921
8866
1287
2716
7104
6157
5730
3253
9795
7368
1315
2410
5131
1248
8139
6418
143
4641
9201
5568
5666
4737
6747
4011
1358
9762
8183
673
6501
4165
2723
60
8246
37
1720
2979
805
5919
3345
1609
3453
2470
7047
6186
2105
2065
3678
73
9109
9284
5306
3091
4821
9665
364
3547
2946
7409
8134
6563
8446
7791
8194
1944
1220
304
380
3013
5785
718
3463
3531
2097
787
430
6926
3112
3903
2574
4676
3347
2696
1501
3728
9237
2277
1868
419
5559
3417
2393
9843
5961
5004
5824
1891
5694
7201
8092
9013
4952
6231
2206
3746
5597
7968
5517
163
6395
26
8396
8501
3207
2088
4179
7318
4253
73
1114
8965
5505
6094
8721
1095
8299
9480
1092
3393
7034
8517
3973
5818
4440
7872
7261
5273
5329
7403
9357
5245
3266
3852
7524
8442
3284
6019
3377
9774
3521
805
4314
7105
3357
9211
9377
331
8497
2417
8627
6983
7797
9775
9405
7048
4450
7154
1977
3640
8879
8463
5931
1808
2259
8846
8086
6335
8667
9204
6860
6512
8839
7111
1431
500
7932
9240
327
2688
6782
1742
6142
3657
8248
5947
6373
9154
6450
3685
192
9968
1343
6937
4875
3745
5840
9906
7725
2442
9946
5579
9628
5000
4497
5715
8128
6984
5884
7053
3855
3190
593
7059
5395
2208
7064
8941
6209
4227
8426
6683
6799
6686
3832
485
2506
3959
8290
2227
9975
1359
9321
2953
453
3870
2629
1729
5528
8561
8251
3529
8432
5048
4441
4363
8277
3509
1436
1589
2892
1776
7444
1299
7352
4876
1706
6073
216
5003
4354
3692
2900
6896
9206
1319
6283
8649
4041
152
8357
7381
555
8306
2644
9604
4069
2201
9620
4588
6491
826
4694
1858
6168
2902
8717
8988
8082
1663
7167
2159
939
2205
3816
4281
9387
1552
1652
1466
1343
3106
6840
7070
3630
1690
1220
2090
6183
4927
9313
9487
8193
4924
8489
6012
3742
3623
2134
9160
4642
3476
9473
7159
582
8602
2866
222
2419
5883
3602
1074
6703
8460
6142
4828
8462
2371
4109
9263
5362
6573
2084
5777
5083
6776
1364
7790
732
5073
3572
1240
4087
3692
5812
1089
518
5129
228
5700
1250
3835
9018
8591
1418
3285
3000
1303
9165
8530
9921
4215
1594
2806
3204
9953
512
3825
6140
318
7015
5540
8017
8858
453
2711
6940
7800
8643
3514
6778
9583
4868
856
2932
8342
5496
5219
7382
3978
7608
2360
2175
6519
734
6644
9597
2115
2405
1459
9431
5233
7193
5519
8496
3849
5348
734
5449
2915
3989
9252
5578
7447
9414
8452
6072
9814
2483
6597
9545
5306
597
9303
1133
2301
4801
2703
3145
4127
7892
5428
5303
4855
6889
6144
7425
4844
8447
5462
1097
3762
6203
191
3002
8652
9481
2688
7834
264
5298
6787
93
6900
1057
7641
7704
5912
5911
4712
506
7733
6191
2176
5355
6066
2778
2954
1201
7196
7640
5556
3888
4665
6922
6278
3006
8522
4109
47
9704
6799
2076
3433
9782
3627
2943
1807
9882
5460
960
605
1146
879
9513
7392
6544
7291
5153
6770
4415
3979
9845
8580
479
5954
8205
3864
2984
5130
7791
1431
2505
206
5792
3949
3777
6067
4644
4085
6541
8146
9578
5743
25
2437
4515
8883
2420
6427
7968
8612
7587
79
2463
9432
6313
9978
3969
5973
5678
4653
7443
8363
3197
5952
9799
6929
8710
504
7155
5468
5417
5362
4016
1649
8881
8934
7410
8985
6410
4890
5787
6734
6192
1445
375
5170
3406
8872
4733
4898
7739
2019
6136
3254
1799
5822
4160
7288
5155
635
6776
3580
7576
2640
3735
9811
2822
1337
9106
647
969
8353
4161
7810
3263
6199
9163
1075
7280
1453
9810
5490
6002
49
1273
6528
5214
3600
4799
9925
329
8868
4966
9675
2436
4686
767
329
7716
9298
8862
8851
2597
7582
8499
1619
6270
8124
5991
5569
4472
4273
5665
6160
4380
6092
8028
9804
8364
2453
2081
2518
3565
6318
626
8144
8597
717
3353
252
2885
9377
8173
8562
8794
5138
4789
8545
27
3848
253
4718
8641
8209
1889
6260
1071
8063
3845
9026
50
9460
3535
8604
4439
3138
6751
5563
8037
9238
5486
3683
5296
4515
9388
4662
2526
5260
2778
1844
7911
5231
5373
2473
3236
2791
6484
9660
1594
9428
9822
1933
8031
7950
7732
8447
6944
1979
9657
8138
3675
3154
2597
4813
2026
6426
4529
9455
3483
182
224
334
5433
1598
9012
8335
9808
3253
6011
9107
6087
6637
