6968
1064
8742
7345
3913
9881
7794
5564
8489
4407
6168
2118
7618
2526
1601
4029
907
7991
1282
6478
4157
9893
7779
4375
9730
268
4118
5979
1409
5404
9449
7396
2029
1991
1240
9771
6443
2267
4887
6515
9375
3888
4069
5699
6623
2096
7380
548
3828
1408
947
7064
1045
3563
9337
10000
214
8245
5435
1756
1505
9147
1617
2863
6284
1230
6782
2432
8877
2455
1486
9447
2531
5833
3600
3731
4398
1102
8579
292
2271
1080
8794
1128
2980
361
8268
1738
8874
4250
7207
2571
3337
5444
3651
5165
7734
3544
2877
4598
7700
7309
2457
1039
4581
6189
6957
153
4579
7305
9188
9591
8519
9708
3396
4737
3380
4243
941
2634
7785
5831
540
8922
7781
6743
5194
3807
4567
1327
9920
7878
4560
41
4408
1491
7871
370
5552
3251
7928
8661
4518
8001
3410
884
6979
5203
6126
4155
6194
45
2416
5571
3750
6051
9914
4126
6691
6130
7838
7841
832
4886
5181
3230
5069
749
5798
6608
4108
7042
2213
3867
7509
6181
3402
9472
3757
9763
1541
8390
6051
6867
3191
8963
8989
6496
6970
2386
1988
5628
1698
5133
7249
5143
3798
2679
336
655
7315
435
9831
7156
2788
6962
7557
9171
1516
7809
4622
9219
8592
4619
7172
5146
223
6478
1893
8810
8846
1623
1746
7745
4457
3005
1356
4567
1847
7426
7720
5590
3995
5014
101
8532
1330
7559
4082
618
3401
6984
7193
1332
2391
9874
9235
4847
1716
4048
8116
1125
4654
1054
8971
4852
3719
6650
8831
9537
8465
9888
4868
8707
1653
3286
8396
8012
9581
2166
3600
1920
5033
4542
3225
1935
4447
7985
597
1445
9166
6217
5346
316
4340
7309
3048
7266
1424
3983
4226
6649
5617
8558
5861
5329
9835
8574
7850
7620
9593
9286
1018
6886
8888
561
29
6669
7121
2809
3947
4452
8114
9343
1214
5203
6127
6591
1003
4645
1569
9419
7807
9493
7543
318
7942
5656
4474
919
4113
236
3471
7367
2986
2690
6277
7536
7834
8997
2497
6940
9532
8690
6117
2174
2738
8342
4971
4015
2572
6228
8764
5637
612
5165
6786
6672
2928
5574
9052
6691
7576
3274
7144
4693
9248
9404
4861
9380
5740
3966
7245
984
3652
385
6374
5545
9874
8740
2275
4461
6498
2833
6561
7815
284
939
4792
4072
9994
7543
4459
192
4488
1550
7384
2387
6223
1393
2390
9493
897
1437
6478
4393
5734
6946
668
5939
8809
8913
5466
6003
8789
8706
2805
9657
4294
68
1211
2772
7998
3149
1395
9725
4262
4841
3328
8447
807
9425
7628
17
7372
6819
8300
9669
1174
9885
2508
7855
9007
1537
349
3351
9637
4866
1662
1868
9853
3207
1266
1497
9842
8566
446
884
4050
4901
8590
5686
1646
5132
9332
8078
831
6743
4543
530
6793
454
1624
939
2554
9084
2373
6015
6236
3296
5009
4248
510
7851
5472
9073
3542
3910
7389
7817
7434
2431
7601
5962
5950
6681
9867
9621
3917
4952
1832
1970
8622
5961
2723
7248
4238
3882
1592
6554
3373
3866
3735
9876
5771
9147
7512
4753
755
6782
4016
4326
5917
3039
3750
5698
4600
9285
8266
5549
5336
8564
9750
4421
5206
3202
1167
8826
6426
8953
8075
4595
4822
2428
7950
7697
6760
7383
3920
576
4730
1859
1043
805
3852
7293
2558
1475
634
7387
8208
6182
2916
4186
4380
9216
6228
7630
7541
672
5949
7952
7640
147
1815
3791
7632
2761
3271
6094
4527
3788
6827
2281
1208
2777
6355
7245
9901
554
8688
7009
9469
2789
9509
6701
3184
7676
7932
504
1557
7245
9807
5251
9886
2821
5713
380
8204
7380
5113
2985
3163
5026
6586
5998
7922
1785
9253
8606
2944
9076
8951
3342
8991
481
1562
4331
8891
284
9976
4440
7819
4227
8091
2433
4706
6793
9210
2297
348
2274
8103
9034
6856
2993
7014
4466
9207
2742
8279
1743
7528
6794
8626
1604
2494
3720
7574
6185
607
2638
9967
2381
7262
5310
3515
4451
3619
9475
5783
8337
9006
9968
7973
7741
640
1264
4439
3150
3558
4268
9888
3234
5897
2395
5791
3436
1574
8550
5643
3251
2486
8389
8473
204
4394
2851
7272
3540
2830
8021
6357
7278
1646
4646
9229
6797
6351
5159
3358
5993
9289
5854
2176
9330
1644
2710
3531
5250
9009
7840
4770
9420
8644
7149
8210
6572
8729
7193
9708
3149
9983
6442
9200
3235
8457
6877
2154
3244
3256
1879
9429
1073
2672
3087
2015
4122
7920
9062
9046
2899
3433
974
388
3151
4556
5961
712
6099
8282
4672
3279
2830
9360
1175
5840
1567
731
6639
4098
2590
7138
6233
8246
2295
1641
1487
8049
7124
7617
6873
3498
7821
938
9052
3515
7156
4315
6503
385
2860
6259
4622
4957
4812
1107
7581
164
1758
7775
6497
8801
4055
7285
2757
6004
9477
3338
6814
9646
2794
9931
6804
4230
9909
6412
5941
4808
2563
5444
4317
3400
642
9763
7449
9483
5433
477
9470
8747
3068
9378
9483
7881
205
4478
9640
9523
15
3121
9848
8021
2806
2606
8384
2004
3096
4098
4367
4383
2605
4012
3821
2183
8650
5478
237
5612
5184
7617
9992
9482
4595
1543
4820
1696
5584
1963
1613
7123
7564
3916
1577
9912
6601
2555
6983
7249
5057
1381
5857
8683
6810
5180
7127
7971
4794
3089
3145
6952
6830
3299
88
3914
498
6122
542
5826
564
7701
5674
2234
5329
9320
4722
7679
822
2519
6207
5115
1668
7584
1457
7402
574
9938
665
4722
6528
6850
3536
4376
9713
8086
8600
2893
1476
2903
7883
9917
4760
9586
6183
401
1411
1827
6562
1469
599
411
5087
2738
9365
6557
9949
3526
8935
4194
3045
3689
2277
770
9867
7517
7142
5633
1091
636
4980
3951
4180
3916
2063
5602
2922
2144
7762
1497
7048
1363
8897
6216
1747
1686
2059
579
4439
168
3650
4601
4102
9578
3511
8981
3580
3734
6505
957
1729
2021
3049
3233
7912
2832
8445
6659
4115
6435
172
5189
3745
7240
4277
517
6296
2193
4096
7418
8317
294
600
8745
4629
8736
1580
4305
4842
4577
2193
6587
3250
7725
7449
1503
4158
3568
5499
9122
4527
6254
9776
5818
9326
120
5113
7403
8371
2426
4504
1242
9422
4071
1373
4488
866
300
3806
2035
6329
21
2407
5393
8638
1396
3441
9309
4364
3524
1734
9445
3702
8345
9867
1327
6558
9197
1891
6993
2441
4370
2336
9402
7093
5502
8175
3995
8985
2498
9705
1800
6122
775
8971
5358
402
4371
3036
8239
990
7332
9864
4001
4493
2051
6214
1936
86
9543
4066
2964
8382
4348
3832
367
7917
5788
5983
1193
4825
421
6215
8707
3294
7700
6993
1245
9279
5282
7811
4014
928
5086
9701
4088
5135
186
1581
9648
7982
2296
1378
9875
2024
1908
125
4245
6044
7585
7494
3034
187
2012
242
3091
1818
6174
4817
9702
9683
4480
9137
9547
8232
1352
9012
2862
1195
7069
131
2171
8570
770
8117
9834
9158
4129
2175
8341
2034
2245
4827
3805
1452
4857
949
4982
6135
8989
4604
8851
197
7912
5811
2421
6864
2354
3050
9493
8149
8444
6741
9485
2776
6303
6950
3549
6002
6414
4855
876
8703
1783
5052
4494
1539
6405
6380
939
6209
8065
7841
1661
2701
261
4041
8988
5258
6759
6848
9162
8275
3825
4199
4824
8355
1313
2377
1704
998
318
8898
2305
7562
5184
7081
7493
29
1613
3084
9940
1929
4371
1222
2408
8250
7527
3208
5729
8157
2985
9051
8100
536
6174
1728
7422
8813
4805
6081
5562
3272
215
1473
1275
5108
6501
1704
8391
1175
5806
5847
9260
2770
1964
9275
5455
7456
3916
7522
7579
1516
7229
925
3673
5953
9264
8958
6081
3671
3236
2147
5979
8702
4604
8581
8983
5700
7006
8625
3829
8625
7960
6198
428
1912
2257
7722
240
8164
1947
8708
7821
1986
992
9983
2448
1404
9581
7355
8816
1622
8856
6226
7611
4109
7193
845
1481
1368
5946
7149
8990
6587
1741
432
6385
5720
6971
6632
7369
3955
1905
6700
1610
5115
8681
9007
9801
2959
2681
740
8806
5849
9833
3689
3621
5010
3745
1059
9047
3487
8587
9462
2951
266
3896
6022
1060
9279
4435
1508
3968
1009
5407
5512
9796
9742
3798
9083
8752
1887
3147
273
9757
770
2877
2664
4228
5441
7557
3943
774
5923
7348
2072
2127
7470
1847
2763
3952
6007
5311
4610
9362
2106
1459
8197
7016
4360
956
7607
2740
7108
8144
3745
87
4515
6136
1645
726
8345
5042
3223
3082
7582
3404
9663
6342
2942
5809
798
3855
9152
5427
4012
7085
488
9939
6445
6190
9805
1330
2074
9952
531
9088
6890
7575
4761
3803
7342
7527
7848
1488
2940
5336
3591
7147
3955
6308
3847
2556
2118
4553
4456
2322
3073
5168
7881
4115
9657
5085
1619
1883
1706
2672
3425
1370
1995
1772
6869
2314
3053
9418
8685
7056
5147
7097
2857
8869
2645
2770
1031
1692
2915
7245
1949
5554
6503
4352
8922
3696
670
3285
9059
1779
2292
2356
6207
2448
9316
8583
172
6402
785
8330
5876
8939
7390
2491
1962
43
7838
3656
4480
3313
5007
3361
3354
5526
2950
7727
2395
3363
4560
6123
6863
2507
6219
3781
7408
4576
9841
9006
7903
8947
1790
9183
7735
8169
9640
2024
1747
4557
8256
4625
9276
1304
2553
3970
2287
6421
368
9206
6524
7174
7012
7718
7826
1202
9793
5230
4762
3762
5991
5856
9944
5838
6107
9424
7458
3972
4928
8265
100
5608
4446
6849
8098
3391
2226
7534
8112
2135
5094
142
9243
5723
597
6334
5165
3026
6621
2913
2623
6418
1048
5766
6825
1472
8155
4123
9359
6998
3571
3429
888
3842
1472
2070
4039
4449
9514
6540
9035
3982
9277
2402
5462
7122
606
1618
2485
8864
5712
6800
8516
2511
215
786
2527
177
3057
5677
505
8984
5311
6912
1144
9209
9806
5099
9688
5683
1494
6761
663
7188
4109
5573
9214
9471
375
1064
7121
1873
9658
3201
7765
9439
3823
9117
6968
9267
9726
8448
475
4219
3880
7152
4004
5097
216
1120
4917
1394
3701
9556
7001
8242
689
2962
2831
5878
4770
7394
4641
7166
7793
7277
6480
6412
3336
5005
3254
8171
8535
6229
6431
4936
1342
3103
8022
7549
3926
6459
8655
4854
9212
1484
9847
209
214
2234
3288
9191
7076
7231
1815
5325
8250
3812
5427
4117
7693
2110
9774
9302
1731
3563
1343
2148
2635
9672
9026
9667
3314
9080
6825
8259
9438
3206
6553
7418
5151
3707
4317
9767
343
876
3627
4721
5663
5059
3418
7498
9397
3342
4677
9724
4804
3540
3091
4999
5979
6667
6553
5316
2908
2425
8175
1167
7695
3317
6683
3608
4090
6510
3436
9827
7592
1551
8420
3771
1545
1743
2885
9679
2263
3315
8049
1799
6684
3016
2015
9749
7480
8579
9305
6265
3566
3082
9544
5419
6628
3515
3768
2314
6076
8358
2154
8309
1802
3794
9249
2941
5835
9230
6148
5373
8005
2577
7841
6979
8136
7672
3808
5367
9172
7104
257
5645
4969
695
4913
7123
1526
5047
808
3568
1612
6152
3223
2683
5942
9822
9177
2386
280
5368
6305
9769
2615
4111
2432
7890
6722
8206
6965
8450
7788
2982
4289
6751
7408
3098
7834
5364
3698
6462
2220
4757
2246
3481
9024
4682
4334
6678
3826
4019
2062
5616
2510
5287
9035
9269
1586
9922
2605
4591
4812
9570
2392
6181
809
1112
5720
8758
7258
7023
4551
844
9237
9314
9047
8410
4390
156
4610
7618
1257
4797
4361
2901
4298
2150
8756
2807
1939
3794
6872
2614
9036
6475
6057
1268
3911
3096
1871
9393
7902
4055
1357
3426
5806
4406
3351
2062
2563
3118
2867
7749
2545
9211
2380
8552
5520
9406
402
7172
4569
7820
442
6646
7618
7439
17
4023
6089
6742
2919
8111
3308
7717
7689
3916
3433
1597
9484
1977
4673
9463
736
5197
2581
1359
8143
1770
1051
6209
7677
5308
9340
3838
292
9002
114
6210
2810
6191
1482
7732
3977
8012
6473
2709
9514
3835
7051
3719
6659
8324
606
261
44
4614
9681
6557
7667
3235
8031
6243
9014
7839
7963
877
5407
5653
4532
4357
1991
7558
1814
258
9589
770
5745
8482
6900
5327
8492
9369
1560
1683
7521
7272
5888
7805
3791
2986
952
8345
5021
6715
5011
9849
6779
4909
2529
9339
349
8125
34
4359
7274
6366
8387
670
6644
7029
46
4900
2410
4556
3839
8721
8406
1808
5975
4519
8888
2913
6064
8738
6943
3584
6864
8032
5568
7813
7879
1936
397
4950
5555
277
5404
5378
8540
9372
8410
6856
7793
2184
7553
5891
788
3044
93
91
8470
1869
5644
9513
7584
3597
8065
9053
8988
1098
5815
5374
2114
7516
4213
43
7557
6674
9589
3242
6125
3995
5539
6652
3443
3013
4096
5114
2103
5793
9221
3448
9206
6433
5325
10
3426
2212
5154
874
5741
1794
4136
2181
723
716
6120
5079
2138
2022
9518
2594
6465
9461
762
7943
7855
2344
6253
5531
1116
6980
5606
7312
1302
961
3696
2107
5895
8956
8648
4434
9336
2010
4880
62
1979
5888
7458
3943
6816
6245
7113
6073
7253
6630
6461
453
5141
6913
3030
6058
5022
1047
5786
402
7397
7502
9208
5646
4937
122
6421
2040
3932
257
2196
4165
6682
227
5226
7442
8504
4762
788
1089
6567
9792
8861
7263
8011
3783
87
5512
8690
3166
3692
1851
5772
1860
6501
7091
9920
7576
5363
2874
8742
8810
3296
4403
6920
6345
28
5505
3518
5994
2817
7375
8608
6315
5434
5146
2148
6352
9719
7403
65
1970
8537
7237
7454
158
7348
4907
5939
1088
7212
7232
6721
7346
9260
9847
523
3145
9137
4772
2837
9174
5292
4008
7800
7677
4718
3987
7419
4094
2747
9256
1655
4028
6255
917
9497
3211
2138
9926
8024
5814
5657
3045
7114
4163
2178
4481
5106
1440
7853
5565
3076
8124
1362
482
2990
9930
430
7022
5289
9897
3213
1169
9207
5414
9744
2601
65
1791
6386
3575
4584
7810
7126
2142
9959
9442
2074
6999
2455
9883
3538
8799
4230
4447
6375
2798
7932
9893
8512
4010
9732
8239
9372
5732
1481
9836
4511
9181
5710
8316
4174
2833
6138
4583
9644
6900
4464
6954
6489
3985
2987
1515
887
6180
1899
9271
2053
2589
4907
5094
1112
7490
4651
2681
8984
4834
9473
4953
9679
5474
1355
2320
4389
4721
2470
9738
2221
3167
2889
6609
1733
8447
6018
6639
9526
1753
1753
1966
4701
6269
8819
2980
4054
7067
346
4270
5756
8737
5676
5150
7270
5601
2794
8691
3752
2765
5770
8185
1967
3584
6236
4568
8845
3316
3262
9783
3662
4831
5848
4215
648
5466
7572
7691
2621
4395
1844
8197
6106
2961
812
496
904
8828
5900
7453
5640
9093
4248
3574
8865
8419
9394
5485
5723
5874
4378
651
672
3206
7496
4517
4124
9642
705
6947
3322
3850
5131
1866
9380
8436
8402
4145
4063
9320
3992
6736
1828
149
6491
6227
6629
9707
7832
8670
9852
7642
8977
5874
5304
6771
56
5401
9141
8054
2004
5384
6692
5166
7264
2885
7911
205
3529
8693
3158
7184
5901
1850
2615
2215
7990
8811
6073
1625
5950
6135
6346
6639
4815
5198
4952
9535
412
2115
1277
1507
1089
843
7405
5238
7375
7557
2741
4578
1112
6653
3623
9067
5658
3543
1095
9817
3226
8531
9655
9933
8572
2758
9601
4218
3311
2665
3099
723
9488
2190
7448
4122
4612
4518
214
9299
110
1727
5144
988
4130
2302
2899
4202
9218
4605
3053
5955
8960
7850
4294
1344
1233
6720
6852
4023
8937
7574
58
8569
3765
5727
7675
8868
7939
1867
1821
5776
8282
957
5171
9174
1641
3617
951
6629
8429
1995
7995
4022
508
493
5955
1432
5708
8858
1456
6067
5797
2277
3574
1685
6872
156
3555
6540
289
4469
9324
3251
1823
2576
4745
9257
8918
8290
2815
5677
5982
924
5019
5444
8021
396
5622
2099
6806
5228
7960
5484
1806
9441
2995
851
7632
8787
7667
4471
545
5116
3784
5461
2815
6448
2139
4721
5155
7877
1380
7066
7451
5966
3159
9905
6781
3578
58
3700
3906
9820
1675
8787
9755
2798
8901
4338
5166
2925
7821
193
533
7487
3729
6483
387
4125
8667
8631
3017
7049
3599
6685
4614
1440
677
3821
1692
8680
5399
3968
3510
8814
4093
1320
9632
5603
5006
4715
2694
4565
2051
4512
4788
5749
4365
6089
7442
5480
8497
7173
2604
365
3735
1708
2601
2968
320
7129
2494
7317
4473
6635
4488
3256
5553
776
7760
3598
8861
8768
9637
4501
5457
9195
3670
1509
8329
3669
2274
2918
8620
7094
9984
6899
16
7825
9493
3150
3572
9391
2352
8749
3746
718
4441
3685
715
7494
3333
6845
4977
5623
1223
2485
6435
8368
8275
8127
1722
4000
8153
8503
7154
4359
9221
5204
5970
2040
771
2801
6157
1445
4357
5984
5579
5395
5710
6446
8996
2984
8104
975
1581
7545
7538
9301
199
5528
4332
7075
2349
5788
3910
754
7981
2752
626
9635
4583
9729
433
1671
8377
2080
9559
6587
7739
455
6000
6276
1308
5121
5366
5074
4948
8784
1234
2992
7581
5726
6149
2968
3272
7379
4300
3489
7050
6780
4231
7849
9176
3093
2424
5267
1141
5723
9492
148
890
5050
674
7630
3855
8599
8596
4789
3629
9713
9280
6516
8821
2070
5428
8352
1502
5551
9624
1023
7767
9261
3384
5421
6204
9127
2836
3563
1591
663
3533
8155
8605
8111
9215
1537
892
2764
962
7482
566
2261
5109
9387
7166
5963
4375
4194
5972
3313
1857
2964
3398
1032
2168
2040
4764
6026
4348
5048
3972
9289
326
7252
7060
6768
9129
9319
8627
7717
2048
1281
4624
7207
4563
8067
2462
4162
8537
380
2413
6844
4613
3148
2865
8180
3727
8220
5620
7049
508
9243
184
3103
917
3169
9020
4909
3383
4948
4273
1295
4287
1255
7261
4751
627
7416
7678
2138
2593
3436
8431
1081
9293
5604
2307
274
5552
3037
9891
3035
1770
7842
4590
2679
2086
3460
1582
8084
8388
3203
3865
2985
2187
2475
2927
1815
292
3663
6793
2046
9310
8774
7512
6914
6622
7233
2082
5193
5172
8701
2283
4144
2754
787
181
1792
6669
4156
9966
5565
8231
2182
179
7679
5773
3011
7774
4586
8132
6068
6694
3264
6760
129
4260
6282
4391
2425
3093
3297
766
3727
7898
8131
3837
373
1374
6708
6025
8420
6630
7477
6942
5203
1539
1646
5961
9291
2350
4443
6730
1752
1430
4446
1957
5021
3191
4427
6372
7642
9523
8572
3354
6238
4908
2800
5960
3707
510
4347
6005
9533
2366
1454
1471
5521
9614
5383
363
5833
224
8938
418
6228
5142
4917
6183
6994
9436
1911
2372
7549
630
535
5563
8178
9436
9552
7847
3151
5393
2047
1783
8765
8756
2664
5559
5927
3795
5343
8990
5695
8633
2644
5262
6979
1091
4875
7704
9797
144
6357
7091
5261
5040
6320
2622
1275
6408
1403
2637
106
8692
5038
5086
4718
1684
7422
6104
6172
2230
420
1586
1119
3378
913
6729
9310
5848
1286
9301
5291
8827
2081
9870
4576
5620
1084
1652
391
1809
7502
8870
5828
7167
1180
3795
9699
2219
2829
8119
6746
4610
4227
4839
837
6667
9118
9144
1691
650
1709
589
3398
9109
8619
6645
9540
1780
5028
2780
1859
1440
2198
3387
32
6720
4761
4281
7669
3361
5915
1316
7216
374
7061
4799
2503
8058
5002
268
6560
3832
5733
3203
9333
8533
9695
4650
5846
7820
1602
4906
1094
942
6122
8258
2464
1282
7525
1415
1995
3513
989
9212
3597
9116
4995
6379
7995
5488
3659
4976
54
9311
1217
7856
9858
1546
6355
4275
7671
7303
359
9221
5333
299
4296
9997
4149
1544
6953
6358
9271
1982
2164
1682
561
9313
7782
7378
9100
8675
8587
2936
7662
1326
7087
4635
8450
4597
3803
5733
4671
3070
9132
3331
8114
736
9758
709
615
4750
1369
3553
9435
1290
6227
7018
3040
51
4920
7516
8425
8534
1059
5490
4742
475
2569
5064
5332
4074
1311
4741
1621
5685
1396
4637
9512
4685
7304
181
6758
1963
8924
631
7291
72
7640
6674
8305
3054
4719
4836
3735
9813
4316
9074
7454
306
4610
8034
5338
1465
262
1043
346
9105
8731
2885
7905
6617
6403
3115
650
8065
1154
8681
1633
6722
6441
6176
164
7642
1063
7207
4428
4953
4874
8411
5406
1932
188
9439
6657
5448
3785
8720
6183
8723
8095
6955
8155
9191
3677
9634
1412
2547
9034
2115
4937
1331
2659
9646
8504
7450
4314
7199
1850
9216
3328
6037
2216
4957
1835
5835
3871
7899
6244
6928
1986
6992
6943
8507
6994
5590
253
7172
4689
3190
3294
845
3684
9495
4855
286
2634
2507
7275
6029
285
9648
8269
4309
399
8883
6279
5841
5326
4619
8906
6352
2408
4358
5050
2256
9060
3679
6905
8585
2990
1796
6055
3494
8490
8411
3167
4692
2880
9473
4842
6706
3871
848
980
4167
3051
1469
7192
2468
3414
1647
9940
6280
6899
5754
8928
5339
1709
346
5961
4032
63
4371
2730
7215
5522
3416
3386
2155
8997
9466
1148
7979
803
1647
7291
6799
8032
701
583
9624
2423
9887
8103
7525
3670
3675
1137
4115
7850
9239
4478
7992
9903
2518
7705
4588
7093
9862
4978
3413
3033
3186
4671
201
859
2681
6768
851
1520
7876
8656
6021
4439
91
7690
5939
1829
4567
5009
9846
2962
8319
7661
6978
8470
9293
791
6181
5041
6235
9242
2524
4533
4778
6032
5563
4644
400
2000
4365
3292
9524
4780
514
7825
5315
3290
1759
7146
3506
8052
7632
8863
6962
5753
4012
7671
1230
6282
4842
1233
6060
4882
8226
249
6610
3588
3096
6546
2187
71
9606
9225
5119
3708
2398
6412
126
504
4925
9209
1295
7581
1563
8994
6980
4281
8886
9596
761
6029
8124
1184
2112
2201
5766
9005
809
4690
8905
2614
6762
1574
8366
1194
4340
9912
2212
3745
5903
9885
4084
2781
4218
3770
9489
1634
2003
2410
3196
8902
7679
1096
3155
6235
3222
9631
989
8985
6496
6474
684
538
4845
8639
6977
6557
2433
6942
8265
2550
2211
5341
4087
6102
5380
665
9077
9442
4530
1893
664
3189
1610
9485
4510
6950
7313
1443
1626
2015
4855
7564
4283
9942
1565
5075
8913
2003
2052
262
2014
690
6563
4454
5198
5414
8564
9137
9842
5084
6411
5358
1156
5267
3566
5072
3567
1989
7034
7827
4196
2864
4964
1588
1590
4526
2558
3030
3386
2550
1919
5232
8731
3850
9078
4432
4264
3562
6667
285
9243
5746
342
1191
5751
297
7264
1487
4991
3111
6870
9168
8472
4730
5143
1248
958
2227
1762
7627
8595
2697
4270
4600
5023
6206
4040
8686
6759
3154
9616
2232
6679
5749
8423
8748
472
5920
2220
1384
1249
8707
337
7833
355
4762
413
6131
7911
2536
7978
840
3313
9474
638
2385
6191
629
1663
5034
343
3124
964
7906
9196
2122
2308
754
3459
6432
4787
8920
476
4656
9713
7843
6948
3408
3419
6281
247
4066
1914
9188
3557
2700
7043
7446
7905
2463
1468
704
1007
4314
2022
6481
4196
235
8137
6659
1572
4539
9428
2002
8764
5066
4628
8958
4405
9325
2832
3190
1694
3836
1390
3724
5382
1281
9035
6132
158
3495
6427
5407
6253
1043
574
3015
1202
9380
1461
1312
6383
8182
300
9839
2001
3652
568
8403
718
4509
8760
6764
2251
6079
919
375
518
436
610
1873
9241
2114
7783
2221
8574
3322
5155
1045
6873
9446
900
2431
8782
4889
2525
3396
2614
318
7409
2694
6010
4861
6462
5557
3300
9061
2710
5377
8198
5478
3207
9522
5926
8200
3387
6958
293
7523
7283
5713
2940
937
4776
7760
3437
2760
7582
6540
4044
4628
6846
1828
8095
8336
1130
671
1202
4635
9945
4276
8186
773
1823
4141
9731
6503
7918
6445
327
8094
8885
1953
2060
4856
18
2209
4062
5083
9849
1788
2454
5607
7791
7427
8331
492
3062
3929
8490
6617
678
3787
7802
7615
3376
3486
6465
5525
7205
9109
6986
6883
2566
7830
7841
4371
798
4457
2567
4982
3467
4066
4968
9447
455
9961
2101
9831
3867
9005
1409
1618
5168
724
2004
9759
1099
7982
319
428
1690
7091
6208
9468
9299
6792
5485
6185
3505
8909
8675
4234
382
7066
7444
4330
9277
9322
950
2502
7564
3510
1376
2038
7422
7861
4424
5580
5552
5099
8582
7633
4093
6061
6223
4576
82
2156
14
1550
3022
3483
6416
6913
1065
2286
6494
3845
9757
5146
6388
24
7872
9189
8593
233
525
667
8459
7934
379
4839
5854
1721
5887
5776
7033
8878
9772
5749
1597
6021
9276
6720
5712
2066
2462
2167
7980
3863
425
2540
3926
2806
3665
5337
4932
2863
9758
357
1732
718
748
1833
8394
5499
4656
6824
8963
8335
7424
1555
7240
4134
4275
7945
510
8629
8929
3177
4591
2967
6777
6961
3712
5957
7127
3678
5395
686
8331
1015
1109
139
2724
5465
9349
2556
9405
2532
823
3281
536
2367
7942
8742
8303
5917
8650
5834
8104
5780
1004
7078
1863
2859
5457
2006
5673
4128
8168
5906
5033
4537
2598
4342
4900
1189
7278
7759
4428
7204
8061
7661
2431
3620
721
5582
7474
7224
9030
4758
5697
1693
4467
6078
6476
5107
5376
8271
4213
4804
6821
3674
9050
4281
3762
2221
6222
5513
3492
7385
6246
8553
6147
2970
1463
3380
5109
9586
5418
3242
9275
7384
8226
6593
3304
1079
6929
6017
1104
4967
1505
5547
2586
1174
2507
581
3643
3357
7793
4468
3034
2026
2687
7448
2460
4547
5886
8917
4933
2618
6247
610
351
68
5501
3993
9602
5028
7838
1355
762
5752
5733
6836
2957
4729
1616
9218
3889
2370
704
7223
2996
1257
4483
6106
2027
7029
100
2103
792
1730
9805
2892
4094
8143
557
8864
8400
1002
1919
3425
6770
2161
8132
4266
1440
8957
4240
8543
22
8777
4290
8916
2966
4945
2225
1594
9424
7772
7767
6103
4530
3063
5807
4046
7594
3307
2771
3660
4560
4358
5014
3259
7132
1076
1395
7512
6873
8343
997
6906
751
6761
7355
8795
4768
7724
8416
5861
3336
728
1767
8551
8335
6854
8932
2397
8405
556
8213
9609
9765
5454
7868
8618
1652
6805
2346
5101
6120
4688
2020
7072
7840
4280
8567
3841
1302
1664
3205
920
7911
3457
3375
8324
739
6702
765
5406
4964
8455
760
3364
6992
4324
7657
6565
8808
8363
4736
2794
8343
9263
722
3888
7939
8107
6073
7771
5222
6982
7698
868
3998
7864
9364
3014
5546
554
1929
6075
2355
4794
6887
3338
99
2236
362
7021
5071
2768
8059
482
6040
5990
8390
3373
4318
5347
8139
3528
6952
8918
9734
1356
2373
2775
4761
1834
17
9056
5038
3217
1423
9758
9234
3649
7615
2615
70
2624
93
6956
7908
1618
5509
5141
6547
7821
2770
5276
4111
2063
2056
9494
4384
6901
6612
538
708
4952
7278
1730
4921
1239
9588
2001
4298
5178
861
9736
1209
1989
9332
5720
369
3452
9166
5060
3594
8805
1872
1689
1306
1840
922
8484
8749
5151
1706
2530
6078
8584
2248
127
2895
1833
4209
938
5186
7423
4551
4867
5038
6458
5844
5137
8113
2755
7344
6335
2919
6639
4128
4420
7230
5146
2967
2327
4059
4148
1797
2462
9761
4625
4552
4392
7267
4169
1728
3943
1293
1961
3890
8403
5055
3996
4974
6194
9665
9916
3507
3110
3572
6761
6681
9306
3458
3915
8723
8281
9236
6645
269
5319
5258
5854
7730
1376
7092
8261
3626
2857
6424
4237
957
5354
1567
1865
4898
8995
8423
5734
3824
7431
6116
2048
8584
7239
7500
1335
6653
8083
7814
3641
6961
773
7695
6507
7355
897
8878
4097
4602
373
8993
3240
3784
5844
5288
7329
2886
7164
6289
9571
6409
8417
3670
3465
7149
3411
8998
1309
7506
8377
179
1191
2468
3677
1824
5229
6422
3403
8252
2435
3132
9215
53
9909
9540
3552
924
5631
4116
5465
9608
7654
4079
2941
4080
4975
4252
208
9295
1659
6013
7224
2813
7356
6169
2522
3902
3677
7710
1059
2915
8190
7334
9386
1630
9708
5592
7123
7229
8945
227
7374
6857
3860
4156
1448
6172
4133
4849
9961
4631
2704
4930
9639
550
2649
2406
3601
9213
5462
2889
2156
9714
534
11
2547
8109
1802
205
2618
1045
8309
4728
346
2146
6696
1965
6391
7080
9146
5548
6851
3430
4340
656
6525
6699
8460
9312
5211
4355
6486
922
6775
4395
5654
7708
8355
4943
1647
4203
5530
5292
6075
7808
4416
5770
9380
209
3627
7322
3937
5112
3023
3495
3227
9000
8242
797
5782
5289
2593
3924
9050
966
809
6285
8716
1014
3702
1557
9351
6717
4394
2594
6716
7235
4665
5027
1029
7411
380
2152
6824
7778
9397
8793
5332
7654
3096
211
2779
9641
484
949
4739
3399
6211
1577
8939
1453
9549
181
4145
9820
807
4415
194
3640
2894
7942
5367
1162
6137
477
9822
9755
2110
6661
7373
811
1070
1176
8064
8985
5801
3008
2968
3032
431
2917
8094
5899
2382
289
6662
6368
5422
918
8379
5921
1204
4751
4311
5947
8196
3464
8504
9917
7701
6394
3021
223
4219
9042
4250
4878
2401
3432
7251
1924
7612
3777
9655
394
5914
2625
8897
8496
1000
5896
865
6430
1444
2387
3837
6731
4673
7593
9100
9466
9555
9712
3685
4861
499
2248
5833
6690
3517
3955
1186
9816
3805
5050
4999
477
9379
9064
9771
3455
2889
2528
6818
343
4837
4887
3451
8231
7763
4218
1365
6493
8693
9360
1421
8073
6709
5786
5077
7533
3220
5718
9986
9710
4217
6228
5097
6044
4408
6103
3192
6375
4892
8654
8392
7846
1731
4962
3028
6790
1205
4184
9901
2452
6526
3847
6861
1283
6374
6595
6287
278
9224
3126
2068
4016
1505
9718
5323
7819
9774
4072
1788
2596
2
3079
2528
7649
9362
8529
7337
708
350
9615
1304
8546
565
355
6702
9871
989
4885
7998
8228
4774
3255
3231
989
3221
9402
8724
3232
1189
9849
1565
3110
8484
4785
6243
3029
5972
3975
6383
703
2665
4368
7113
4412
331
8840
2886
4572
5092
3865
2617
8147
5966
226
2967
5203
9407
6131
4392
6440
4286
7497
1729
8008
3927
3392
2213
3922
133
9078
2702
2751
5041
8471
8958
471
5111
7653
3241
7536
8709
437
5629
2467
1017
769
9355
8759
9800
1079
7346
513
4069
4296
2033
9012
5569
4375
4301
7047
6897
9720
8571
4510
8212
6848
3671
4516
6447
2471
2319
8388
1717
3458
8686
1582
1551
5296
3559
8589
390
4307
6609
3097
257
2885
2551
6074
8005
1020
2023
22
665
4856
1308
8580
4341
1835
1914
7385
2947
882
6733
6769
2392
4088
2342
3347
5005
3182
8257
1198
293
7438
5393
7084
6051
4808
4655
4865
7129
2491
856
3171
9718
1914
9335
1566
2893
5599
6944
6209
7110
5396
1279
4260
7280
444
2138
5937
5514
6450
4033
9478
5316
1439
7506
6377
5328
3900
9648
4401
1816
17
2508
583
4720
8109
8162
8837
7858
5607
2560
9191
8076
1173
6912
2971
7767
4412
1168
1258
9404
9088
8761
5176
2306
798
6518
4876
9921
1513
4543
9540
2387
8629
5583
6487
7647
5301
1441
7754
8214
8398
6469
406
5569
9740
78
2770
5070
4460
4716
7836
3258
715
4871
8864
9792
8414
2980
5614
9609
8100
3438
4580
4248
7124
9562
2741
7940
3342
7186
3320
1950
8350
1773
6561
545
6132
847
4190
7907
1816
4106
3892
6278
292
3812
2457
4174
7950
7268
8415
9897
557
8501
966
4571
771
9214
4819
6398
6865
4805
4041
3808
9849
8247
6216
9727
6687
8870
3218
2429
2173
699
2856
4481
7483
9160
6094
638
8634
575
3548
8361
1379
3562
5808
6283
2220
4280
167
4659
7396
5843
673
6983
5234
92
365
6761
5720
7437
7164
6563
232
8899
4025
7967
1346
5489
7714
4289
9432
6119
2035
4729
6020
6432
8949
6963
5177
1191
1478
5150
5600
2900
3914
5461
2080
4620
7602
1485
4687
2556
5437
1822
5062
5592
7685
7128
162
4417
7420
7554
7581
5862
4793
7883
1680
3351
9620
7670
3581
4521
5335
8938
1001
1874
9116
5998
8441
3456
5258
6841
9045
5783
6005
7492
719
4855
785
6531
3893
7603
1140
5854
4277
8227
4200
8892
6844
9842
4372
6144
6094
4884
1218
5423
7060
3256
3824
7691
3191
8243
178
9599
9298
4925
9653
1022
6181
1595
25
6325
5032
2226
8237
5933
4464
67
6484
4076
5626
9938
5048
4141
1315
9270
9213
7211
5080
6959
2151
5545
9804
5371
3746
4324
4518
4985
1829
8367
4752
7391
3683
4309
3656
1001
5633
1588
3703
447
3717
3391
4556
7410
9341
3560
3466
2212
1683
3389
7776
476
5925
291
2547
1929
1590
3160
5973
7172
7328
2503
221
5122
4191
8163
1230
6953
9601
2441
6006
2514
44
4253
2747
221
8948
5181
4840
2466
8862
3679
7291
3393
157
5571
7163
8085
159
6660
8046
5075
523
4122
7389
8791
1659
3354
5756
6582
1974
4610
1919
1265
6713
8290
3049
6461
5495
2331
5949
2750
9856
1948
9445
2365
9737
4617
7127
2058
3690
6810
7866
9336
897
707
7421
7490
1195
8258
6593
7902
3294
7725
2421
854
2429
6621
3537
5882
241
4024
8231
2827
8802
5462
6435
731
3060
2774
2710
7337
7031
2973
1469
4674
2053
6553
3254
3739
6509
8013
7650
3014
5159
354
6806
7966
4876
7580
6497
2318
848
7761
5112
5340
7178
8675
4778
4336
2438
4518
1225
8448
3638
2543
3987
4872
8417
8286
1752
2988
37
8997
2937
6789
3309
4078
5693
8499
4368
60
9214
5525
3325
2583
125
1757
6445
1024
6755
9470
3788
5934
8538
3777
7545
5426
4546
5474
2580
3215
2730
9964
8906
4398
5573
4885
6867
4560
6252
4078
7461
3024
7380
8067
8374
7752
9656
3779
412
7866
1678
4943
346
4758
6501
6219
4635
5512
9509
5106
831
3951
9669
2802
119
6732
6451
4775
2903
1193
5243
5467
5804
7854
757
5761
5396
5859
7459
5663
9737
8487
6094
8566
7983
8587
2122
5657
2169
1669
8112
976
2828
5150
766
6526
8699
2293
9823
83
9404
3475
7215
3867
9515
4673
607
6565
3037
9296
7189
7603
4156
8584
9191
2788
6555
7320
2561
4166
5610
2597
3532
4115
8696
9105
4443
8883
4115
168
4379
3582
1786
6723
5424
7362
4525
8257
4252
947
2634
1874
3810
6319
8750
5378
2207
1772
5487
5797
7084
276
5303
359
8008
3167
8145
9731
6861
6247
7792
488
7291
9441
3842
4078
6007
4243
6995
6625
8650
4451
5060
6954
7744
4395
3519
7835
8614
451
2577
7524
7616
2934
612
6895
4568
7726
3982
9959
5194
1246
1033
9970
8080
1328
1178
5360
4480
7337
6992
9267
3696
4642
4250
4798
9334
7385
333
8466
8304
4545
9847
2796
1505
5805
6110
7652
7046
238
7893
5835
5034
3577
5353
4633
7774
8028
2850
5107
9950
411
4473
1612
7080
4143
1167
9959
17
5878
1944
5670
711
1150
4943
4146
143
7419
9327
9877
8967
5593
4097
3797
1523
2617
7128
136
7532
4077
6765
5696
1590
5227
3017
3095
6717
1443
9366
1843
3235
6978
5791
8129
8822
9445
2758
6386
5536
6770
3927
5024
8958
8522
129
2285
2650
1305
4645
4667
921
7796
6711
6717
564
7914
6668
3961
181
8709
9703
5506
8023
2149
3094
7418
4725
8553
9337
465
4513
5390
4882
6338
9699
8568
4694
8299
9414
4260
8031
5564
7843
1562
5573
8041
5113
2510
4859
1818
4620
7161
3696
5079
5284
9859
4171
4160
8188
8643
4413
1627
9073
5463
4901
9125
177
8949
351
5483
3180
223
4828
1492
8215
9529
4681
2986
3565
974
4849
9212
1948
6857
1515
1960
1797
3825
5442
6088
2590
3563
9934
1443
9727
9324
1468
1313
9205
523
618
2305
6533
6917
2042
1906
3320
8151
4567
2948
658
4863
9749
8165
6476
8021
7077
1380
2714
8233
4207
8834
7201
2419
8676
112
3747
940
6324
4732
6321
6247
5805
3504
3314
9326
2459
685
7729
5635
8845
4826
5068
7942
8199
34
8118
1565
3886
5435
6474
6109
96
1312
1426
1973
203
3000
5976
2779
5217
9582
6606
3109
178
1598
9681
1214
5626
6038
8213
2362
7650
8070
2953
8084
9880
7180
4015
9599
1631
6336
7776
8740
5816
1788
8602
9738
30
9147
4316
6000
6947
3785
5628
8184
393
5438
722
985
929
4422
939
8993
2655
4731
6089
269
2421
4685
9415
3842
8195
1915
6953
4608
4418
5290
7498
9105
4428
1198
3921
7574
6380
3835
7424
7705
8826
2454
8532
2242
3561
786
5869
3746
6629
5904
734
9824
9582
3856
2926
3044
1871
3729
3769
6982
1528
6286
3784
7221
4352
8452
3208
4867
1824
1732
9729
5422
9567
871
4534
9530
3523
2825
9680
5422
6865
9150
4201
7998
1670
8309
2914
204
2079
9247
204
394
6094
6567
4526
4453
5183
6183
5234
6202
2600
3455
2910
1202
5977
6158
9832
9216
6422
2907
1662
6150
3465
8479
6857
1380
1318
9967
118
741
1280
3941
5818
6080
5872
3559
3824
2410
4565
1602
5838
6726
2189
3073
9473
3931
2069
6375
7434
3353
1055
4851
9512
8294
4857
7347
5182
9726
1189
3917
3336
95
1692
4660
4261
3428
4108
1380
9879
3908
9156
8860
9365
987
1681
5976
7530
3400
4659
9058
8323
6732
4472
9985
2970
2004
6380
2423
8961
3452
562
739
749
1034
7979
3287
4104
6507
8143
1072
6663
6345
8716
9176
5774
9828
5811
2315
4081
4626
9189
1185
4449
7434
4476
4081
3161
9390
4124
5932
6157
2963
6789
4964
3459
374
5940
7720
434
6762
6452
8163
7267
6073
1793
5341
3717
1170
5379
1010
521
1156
8816
7757
6105
9201
8317
1281
9206
4348
610
9662
3732
747
6043
3932
2218
3396
4872
8497
5790
159
3880
9374
1982
2414
6141
694
7779
8394
6120
6964
8270
157
911
623
4150
1452
8231
1566
8198
5788
5129
4665
669
963
6150
7918
7879
6659
2003
8970
6069
3966
8057
9855
851
585
9103
7998
2734
7446
6580
3782
4846
2990
4137
9660
8648
1125
3951
3144
9948
5968
2531
717
4017
2648
1148
8337
6337
8413
6416
3475
8589
2161
1781
4702
447
7628
2858
8346
5367
7437
1655
7160
9056
8660
8551
9307
3196
5562
757
6143
108
9116
7678
858
8713
1214
9204
3055
4446
9907
3512
1355
779
4120
8090
3134
4104
1764
2014
4817
4309
8501
741
6215
5094
4161
3892
4945
4885
6224
3714
3740
6025
1393
1179
5668
4863
9740
4389
9226
5231
9804
1557
7914
7464
3022
7411
162
915
7879
7765
2927
5304
6627
2960
8379
2541
9324
3100
7498
1329
2280
5503
9486
4732
6078
4674
768
7527
2533
4505
286
2684
3465
1059
5364
1967
3521
8484
9379
5421
7117
5537
6387
3823
907
5360
5377
657
4887
5504
6717
4354
4389
6219
6309
159
7130
4045
6806
4269
4438
3613
5371
1762
3519
6735
8288
827
5854
5707
9330
9989
9216
939
8621
3970
476
312
2766
128
1521
1193
1776
5055
6413
9116
205
4601
3041
1399
6507
5355
6927
2404
4692
7355
6526
3711
6050
3645
8523
1829
3236
4780
3580
5476
7656
7315
2992
7876
9764
8615
3929
9273
243
2459
2999
3732
4150
7706
5715
7323
8147
4757
1590
1328
4693
8638
6444
19
7785
9777
951
534
1927
6815
5238
8840
4857
9609
4885
9201
3179
140
9981
7571
7778
8368
8014
589
2797
9084
207
2631
3994
8851
2348
3173
8022
1717
6377
4010
5021
4900
9644
4431
2319
5543
4141
3525
6294
6794
4391
8500
212
8093
9720
7630
6719
234
1355
3703
466
5683
4876
3364
7714
8412
3196
5786
7878
4452
9144
7331
3248
198
4466
6943
6439
7104
5653
4979
6364
5572
3458
4655
4116
4260
9619
6149
9841
4590
6357
4594
4822
1949
6675
4027
5890
9045
1271
7272
4858
7214
9774
8730
8343
7473
4166
4206
2959
7518
5693
6096
5598
9448
7543
82
8453
4477
7695
4763
3319
1372
4807
4142
3452
5563
8921
2729
8422
3181
7752
2955
7042
4752
340
2318
1668
8161
8705
7648
2547
193
93
5697
4741
9691
3530
1200
6018
1430
9828
3595
3033
2463
3079
6592
2830
6174
6279
9722
9883
8836
1748
4658
4115
2646
1562
9916
6402
4071
9616
9327
3324
3696
6773
7238
1332
1623
4163
7560
6148
9414
1995
6924
2159
2980
2797
2659
9745
780
2377
480
3457
944
3464
7384
7696
4263
8292
5462
5548
3333
9558
8714
375
5761
5792
5196
1059
6444
4401
5986
8663
9046
8945
5739
7674
6627
9176
1955
3962
1720
5563
6176
9559
7711
3788
3556
5473
9544
5780
9901
1462
1284
9852
6424
8274
5112
8876
732
445
5351
9433
9105
6672
2644
4173
89
450
4099
2484
6538
7222
437
3913
8285
6814
2329
9764
3859
8263
3360
6557
7981
7742
4232
1414
2311
6725
8667
2730
350
3062
6672
4726
4568
6517
2845
5900
3862
3723
5982
1855
9526
3212
1483
6911
9101
7796
6364
3619
3372
883
7748
9898
9008
2945
9456
5175
1041
6891
2245
9555
4646
160
1879
7857
5039
291
3200
4581
9884
8898
6048
5981
7338
7535
4618
7336
8853
5633
7767
194
5790
6279
2200
5932
2209
8723
4162
6361
7818
9451
6603
8584
1623
4857
1059
5842
1037
7104
7802
4815
1201
9469
499
4429
2117
1695
4104
3995
4902
6274
4555
7534
2260
4007
2861
5806
4259
2162
3252
6660
3172
3654
3231
1376
7399
8882
403
8253
6228
3230
5559
9707
3324
4674
8985
5506
7982
2048
1045
1921
2009
7335
7397
5507
6941
6143
8312
6696
8147
8962
9240
4730
9187
915
1711
2563
3991
362
4144
8082
1363
8504
1856
1806
3447
8700
6959
9134
6314
1596
4312
4278
8381
5520
3446
854
7590
909
4551
5845
1693
801
4705
4613
5435
2626
9392
2802
4369
2634
1620
9646
4457
8343
4285
8300
2875
2291
684
9874
794
7616
822
1956
4231
4759
4150
4171
1408
8958
8496
6255
7679
8801
8215
4435
6213
4748
5121
3753
8057
4654
3913
8083
6189
8636
6183
1704
5820
6722
8366
6179
3578
2341
2471
9498
7464
4070
7990
5986
2903
3352
3527
256
6764
4080
5762
3057
3848
8821
3675
3609
7200
2682
6087
4580
414
9882
9331
7534
9172
2564
3966
1943
8193
1718
3678
1550
6998
3488
2600
7003
5648
7477
4763
5733
1374
8794
5617
3170
4740
1618
4107
3243
4897
1486
9953
5538
8865
5961
9685
4098
4982
6008
9286
1817
3867
9
1083
8063
2873
6185
5849
14
8887
7851
6268
5510
88
6987
3438
6477
74
4752
3646
3038
8199
8219
7078
1589
6181
7567
5169
7083
4393
6234
5997
8561
3909
4183
8501
519
7965
1112
5600
6889
7384
7022
6255
1769
7548
6542
7109
3742
9973
4245
5160
3929
4143
3368
5674
6642
2378
4947
9848
9959
5261
3562
1133
2961
7711
7719
5417
3537
8418
936
8179
6887
3626
1530
7253
2952
3783
7518
6266
6045
9235
6967
4551
4473
6084
3819
3612
7212
4856
5456
618
4638
7668
6500
6889
9490
168
2694
9331
4412
8061
1433
833
78
9190
9428
4696
7126
4648
4616
2618
3305
8104
8062
5735
6753
6032
1302
6408
470
6296
4342
7799
348
163
4736
4086
6859
7132
1426
9433
9013
6080
3894
2862
6552
4482
2292
4116
5906
7216
2066
5560
1185
9980
3333
5767
8382
5842
4579
9847
1629
359
7705
2009
1428
6811
4659
1739
7119
7017
9630
1728
694
242
4016
4945
2696
1190
7349
8941
9781
2936
3679
5612
7445
7974
7906
5890
1264
4279
282
1991
3627
6157
2118
9848
5840
1019
7369
7453
1878
1622
3222
5058
9511
6861
1993
7895
1125
9623
8051
2574
5082
5791
734
2290
3457
1688
4500
7281
8899
1692
7769
900
564
8682
6810
8448
3678
4374
9071
37
5414
6527
2752
8564
73
5535
3773
9851
7941
2437
2708
9070
6216
5513
8309
5838
1307
8390
2679
6695
6250
1508
6854
2483
2079
5356
6673
4041
1358
5897
7259
7458
9202
5609
1279
3269
5646
2444
5355
9699
1703
8985
5008
4404
8111
5079
3513
594
3707
6293
2482
9807
711
2742
2444
1759
8561
4356
2688
9426
8003
4119
5612
363
7394
3546
5107
2134
3060
4823
8413
19
8055
5461
736
825
2030
23
8255
2975
8330
7480
6405
1298
1090
9746
2406
9715
9458
977
8005
474
8542
1029
3373
612
8247
4844
3769
556
2944
9337
1425
7278
2869
2980
2940
2705
9865
9437
291
419
1671
4183
5334
1125
9740
3367
1573
6556
3369
2527
8553
5881
9348
2463
5200
4856
8180
2408
6778
8387
4384
3320
5694
2235
6808
9875
8427
4013
8207
5658
5142
4635
4664
7883
8637
9985
7677
4848
4503
5889
673
3683
5360
627
9229
2427
2876
893
3262
2947
4406
5206
7138
3487
4919
5488
125
1343
7803
4287
1056
8738
2621
4224
3372
4605
956
5376
9171
8758
458
1852
9578
2687
7518
2937
3964
3520
3282
5806
2811
38
2031
5335
3546
1195
7787
7074
7170
8189
9616
8728
3318
4584
5433
9361
8245
2549
4843
384
1700
6028
883
672
5062
1687
427
466
7864
5445
6689
6649
9115
735
2869
8251
1417
6375
2273
3025
4381
1532
6261
7523
2310
8486
6272
1941
8916
7651
1196
3336
9178
6269
1355
9975
4746
419
850
7261
5779
9341
8776
2811
7114
2893
7537
2339
6649
9756
6030
2055
5804
4892
3623
1370
910
144
748
3443
9560
5529
7943
6162
8907
3728
3072
5903
63
4652
4078
6587
8297
2208
4568
3126
5547
3824
6527
7961
3833
5094
4728
772
9534
5650
5567
6070
8427
4583
4620
658
5010
3031
3939
7649
8858
3513
811
8333
2199
618
6957
4988
9956
6025
170
2981
6132
4925
1972
26
4454
5642
2472
925
1835
8381
3613
223
2169
6018
8838
2847
1283
669
9541
4986
383
453
5129
9644
4945
7884
4866
6807
1246
3836
4130
8375
7133
4495
7483
3516
923
5482
3250
1220
2303
6858
8626
4634
6568
2166
9920
7719
8326
9377
7645
1068
7449
8093
9122
655
1030
8347
9073
2046
3110
698
4770
7980
2004
9092
6947
6391
614
23
5342
8500
8126
5283
3991
9284
2152
8574
3606
9371
9516
656
2657
6990
6831
5146
4477
167
9142
7737
8327
6199
5647
5562
5395
1871
675
7034
6536
6394
4904
2427
2338
4521
5561
7010
277
6380
1917
9132
1575
7016
9735
7413
6628
4647
8285
8083
1409
9092
1156
1908
6858
2297
1732
1717
1013
6572
889
8877
8831
8698
6198
4432
382
6682
8792
5971
9812
8398
3723
2271
1539
9251
3688
273
3189
1752
4615
3560
628
127
6553
9038
7789
136
2893
6813
2106
848
3141
2402
4679
9397
2910
2169
4187
7672
2395
8974
1695
3282
9342
6846
6159
7832
5713
1505
3771
4093
2716
9550
6988
5453
6167
8252
6032
3322
8163
7934
6336
2517
5239
2557
2809
5376
3663
191
4354
7975
210
8855
8175
5187
8473
7704
396
2969
4773
838
1970
3063
8285
9131
8666
2375
640
6294
8823
3798
4552
2838
6988
3342
8662
4776
3259
2830
1906
6390
6475
7064
9351
9701
6789
387
7127
5510
6601
699
732
4558
1472
7008
7359
6753
6584
9464
1304
97
5353
1561
2676
2304
9947
6116
8481
8373
602
9160
6826
8921
5729
7855
3808
2384
5532
8583
9861
6875
9112
5971
1313
7640
861
6949
1837
6604
9707
3339
6581
3631
6036
6083
4612
5302
3838
1494
8559
7860
6579
2043
4377
7940
8989
9719
938
1409
597
5732
7005
8286
1666
2066
6628
1445
9380
6323
2168
409
8818
1171
6491
9753
5374
837
943
5200
1078
1701
7710
8738
9702
5433
4545
2121
8048
2748
8005
5675
2915
9030
1241
8524
4555
5987
8285
4603
275
688
3427
4777
548
7743
7921
6680
9117
3187
1305
7537
8029
3049
430
8874
7791
7845
6035
4405
5917
7889
7878
4962
2725
3156
572
6296
1286
2575
2937
5212
7670
4625
780
2530
5670
418
4233
2860
4978
9995
994
1184
4999
8833
7857
5962
4928
7738
8358
4614
5665
7071
6724
3269
9346
3696
57
8081
3725
2949
45
7220
609
3063
1346
8261
5319
7912
7148
1529
1978
4878
5748
354
6054
1854
7859
8779
2522
2914
4474
741
1971
6175
9164
5320
8321
5371
8563
2056
9587
9099
8546
5862
3595
1439
4569
6168
5493
2990
9096
3295
6467
9098
9852
730
5077
6556
6049
2234
6527
4022
4470
606
998
8611
5171
3063
522
5153
3139
3956
2336
1636
8540
841
5920
3613
2625
9857
4372
1884
1441
2450
473
2772
8660
1274
9646
6574
5554
7927
4749
7399
8605
3573
1001
9949
3322
4528
2946
2637
949
5768
7286
6815
1748
5774
6205
8170
9736
6002
9599
3961
6928
7227
2766
6488
9981
8857
1454
7503
5140
7816
8192
7893
5040
3259
5849
4758
8906
3185
3473
5875
9768
428
9744
2416
5381
3724
6173
2104
9819
8881
8399
9908
866
3739
8473
1461
4822
6488
7316
41
6922
9109
2929
2973
7517
2651
1449
2378
1247
5724
7858
2531
5693
8239
4286
3961
3273
3525
1777
5508
1443
9963
6471
7721
6820
6222
148
735
7435
5085
7902
4984
9662
3505
7391
4019
3971
3571
3592
4839
4129
9621
419
8206
5401
5373
381
7074
5160
840
2421
7327
3775
2815
894
1465
4221
1881
8165
4581
9898
6739
1574
7401
6276
5814
8966
333
761
1814
4269
4908
648
5656
845
6449
3181
8534
6038
2229
5203
4862
4860
8718
4335
8147
4651
2113
6091
5377
4004
8172
8369
6220
9618
5481
5510
6323
4499
8388
3714
6190
3483
3662
3213
921
1082
3011
5735
6824
2911
3986
6372
1459
6299
747
7333
8672
2644
4698
2788
5316
5635
1916
7830
4437
9946
7714
3843
9501
6830
8161
7801
7672
4623
673
6156
8518
7437
9070
1081
9498
9057
6139
4817
3262
3526
9278
2623
6944
6741
2745
7012
3610
2749
1219
4825
5069
5703
9754
7311
9697
673
4898
163
5472
8865
778
4922
6872
2521
6314
4640
6974
5333
1219
231
8553
9575
8935
1773
5054
9754
1153
2639
113
9393
1068
3609
8600
5911
7694
8406
9748
6884
4588
9696
2900
2250
4365
9603
4777
5638
3155
3098
5999
746
8503
7411
4625
4845
5889
3071
9023
6098
8593
6223
3550
179
7362
7369
7016
3710
1524
5298
8848
4382
4602
339
960
2586
8421
9228
8718
3637
3920
619
9688
1499
2338
3950
2464
3174
6632
7630
1229
3704
110
8779
3748
1343
9723
4635
945
4615
7158
9257
7976
8378
3726
2319
2834
2766
8203
9213
2943
5429
7486
1761
6135
2646
6206
2654
9965
9924
4906
7167
9599
191
2715
4276
9433
2852
8070
1971
7894
7017
9182
1069
8595
5310
202
2039
6954
9107
8310
3330
8645
3339
7154
7675
1706
7021
7279
8409
4991
4885
1600
2862
7353
7128
1493
3938
1333
9203
4204
1727
9104
9314
7268
4842
2148
846
8628
2002
3506
5602
4652
6836
9274
2728
7083
9349
9116
2159
7841
4283
7673
4469
3276
2438
2947
9489
3979
4219
7320
1914
9774
4441
2372
9940
9895
6210
1498
3399
4028
2823
9658
4267
1460
1319
4404
2245
4613
3326
8910
5995
1222
6629
5723
4696
5886
4346
293
4038
6787
884
6576
4758
4207
4722
2920
4048
9285
1921
6192
9746
2145
110
4030
4635
4794
8390
5680
188
3653
7943
8478
4127
3091
7430
1068
8868
4405
1762
4254
6462
5809
2557
848
5642
8699
6261
4302
6432
3013
1416
3096
7594
8354
4977
7045
3891
3356
5750
2840
5111
9937
316
9735
3055
404
5796
4778
9842
3579
1939
5994
6957
7814
4290
2431
5921
6376
4684
3916
1160
3247
5752
7508
7981
8151
4047
6322
498
5669
4982
5915
1045
838
3672
7756
112
6974
7451
6953
8086
4994
3310
8321
1129
2979
1355
8636
4646
6247
187
5863
5149
7924
7979
571
8769
8273
7997
4418
606
589
7715
7266
6855
9988
3611
4971
5264
5781
4664
802
4094
7439
8641
7391
3352
7352
7977
9346
1967
5694
253
1981
8449
8314
6328
5398
2483
4174
2853
902
8596
5890
7400
7854
3928
558
9923
3560
1933
5437
749
9008
7814
4602
2469
2595
2178
5838
6712
6753
5383
7071
8146
1121
8851
2270
6075
1809
8906
4365
1367
2025
887
6840
7279
1925
5515
7494
8257
5636
6534
4122
8144
4167
2146
844
6985
4504
2469
4979
214
8101
4970
2650
4825
3699
8215
218
225
9812
9322
4077
5835
5445
7185
8896
7543
8025
548
8173
4056
4041
7416
9135
1802
8809
2647
2581
4232
7756
5887
2146
7844
6765
1961
1628
9691
3853
2542
272
9899
135
7816
9935
812
5057
938
1830
3037
7026
9583
5625
7822
3457
4140
5103
568
9549
5352
2304
4481
8729
1883
7686
3050
7939
8744
1816
9277
9028
1680
1429
3561
3523
8548
7734
6094
7802
9323
4033
1715
8458
3627
2068
1759
3665
958
1038
7276
8457
2558
9217
5601
701
3072
773
4411
8203
3973
4265
9608
5616
2131
7071
2337
9948
7502
287
7774
2331
2673
6891
8119
5390
9374
9772
5505
2621
8099
87
2674
2117
4132
5811
4229
8352
3589
1427
5511
4445
8353
8369
6120
3097
7888
7155
8714
9753
843
7807
8771
488
3102
3031
5523
4267
8790
2275
6346
6854
5148
3170
1274
5060
2878
4261
9514
5990
2223
9554
4160
5508
9723
4464
1161
3456
5830
2381
3644
4468
2268
6181
1294
4129
2844
8892
8885
9271
8267
9168
7271
3244
177
4599
2812
3101
8240
7835
1669
8835
2319
8368
513
7091
889
1874
4330
2758
1101
3653
7925
8252
4651
5091
942
2386
315
5912
6470
2452
717
5680
2605
4229
695
617
6932
9124
9296
8400
1469
1782
522
6165
6091
7008
9410
7134
1832
1685
6374
3025
6843
6254
164
5237
2831
501
8239
2444
8034
2873
581
1991
8552
9954
4557
3178
2877
5011
9576
7834
6742
6045
8078
8820
2852
8288
8743
4141
5316
2223
3911
5671
3634
4516
3910
5214
8934
218
7022
3212
5978
9424
4967
6146
362
4606
1712
1699
996
8982
6488
3441
6746
9937
4172
5347
9688
4713
2543
8741
998
6318
8218
5618
8328
161
1202
1184
1674
479
8965
9840
6753
7679
5542
291
1346
6172
8510
35
4391
8704
9834
159
8726
2951
2580
1552
3602
1423
8309
9820
4979
8985
4141
2394
3030
122
9417
1648
6213
1662
5872
7573
6524
8332
9533
880
6371
4625
6313
5512
6673
2935
2928
9082
4762
8008
3773
5254
6324
3990
8620
5461
1331
4973
9010
1369
4541
4879
4515
7161
3979
7491
2195
304
2144
1823
7763
1247
2375
975
6590
6864
4364
2522
3441
7855
1251
8692
4445
9545
386
3570
822
3075
5226
1650
7949
376
3209
3118
9340
517
8509
5332
2464
4405
2996
6511
9794
2209
6028
1853
8565
4150
9935
9305
2823
6157
7022
746
941
5607
9751
7009
1815
7796
2758
1193
9197
2838
8550
2347
7802
8326
8162
3613
3246
8409
773
8596
7917
7678
1555
2522
2335
4986
4403
922
7362
305
6228
3372
4095
5154
8376
3802
4177
8027
3745
6368
4495
9368
2352
9767
6560
8907
1172
9011
4544
6923
9877
7868
8499
1383
2614
5359
3540
9665
3610
2004
8620
5234
6385
6673
9423
9483
2944
2324
9444
1270
727
4518
1859
2710
9751
6130
8002
3290
5803
1718
202
7522
8988
7840
5772
6654
8590
2054
4894
2243
9657
4553
3835
7533
3280
6325
6151
2912
4270
3342
7167
4054
682
1490
6311
280
227
3641
8292
6885
3372
837
249
9650
3850
1202
9039
3320
4609
2674
3993
3086
381
3251
9309
3933
4333
2634
5704
3772
7337
7286
1492
3591
3038
6951
6319
9664
9615
2302
5658
8830
1373
7693
4160
6747
1853
6832
6029
2585
1884
5525
6546
2615
9107
3833
6301
9008
7874
2561
8949
3085
9612
6827
80
5074
4163
3144
2063
8978
5304
2035
9497
1238
1688
8176
209
7083
2881
4133
5951
923
3437
1468
6991
6615
5837
5988
5809
6817
7714
1725
3033
7396
1088
2863
3005
4433
7083
1835
4770
2418
4553
7902
6772
4323
2488
5609
5257
7642
8019
5411
1858
3054
1183
2363
9135
4521
7633
4309
9691
3877
8874
4594
1642
7959
5480
6733
6708
2926
388
2864
5503
1573
4659
6711
1003
5009
9179
9664
8573
6188
2624
9495
5706
6148
6534
8541
95
4473
9610
4791
1828
8345
7837
3461
6564
6414
4956
1207
6582
8957
2234
7097
5520
181
5076
7536
680
969
6119
17
7103
4452
1383
4299
3247
2289
8862
9267
508
8098
3806
8470
260
793
9958
6682
7330
308
3201
5869
636
2789
280
227
4275
5673
1753
6072
9409
507
9514
376
8121
4606
5081
4687
7054
4716
2191
9460
181
7574
4542
8841
3067
4887
6140
357
1630
9587
5950
5983
9830
231
2632
3091
3888
6935
212
3180
6571
861
8218
3530
3232
2606
9134
8353
7661
7723
2496
6341
9522
2958
1144
8207
5933
1873
7268
966
5266
185
9116
3929
2918
3436
8451
931
5219
5250
7250
7452
7053
4811
8086
6536
6791
5532
3158
1362
3592
9320
9644
4075
2744
1999
1233
5060
6183
7455
14
9640
613
4274
866
4732
7505
9646
2093
8187
3876
3187
1251
9635
9191
9412
4861
5436
6915
10004
4827
8664
2893
2649
8270
6437
4801
705
3895
1912
8246
2367
1742
2336
5342
5909
7345
3181
2759
9987
4420
641
3968
7017
3496
1169
6190
6715
4238
3652
2971
5593
5045
8768
7500
7173
1415
3514
2344
8922
3212
3319
1647
1719
841
825
3793
5694
2224
3586
9953
6491
4153
3388
1866
7286
8489
2075
9116
8937
5285
4806
5252
8540
5738
1708
677
1349
5636
1147
4539
6746
9136
8096
3994
5942
2115
5515
6926
3990
8115
7646
78
869
5820
9701
5311
4897
1485
2203
6228
7080
8108
989
538
1208
4837
9015
5699
5684
8851
4868
8118
1240
4649
2339
4146
1862
5873
8362
8200
9742
9425
7366
9912
3797
8639
661
2598
4799
2754
7549
7368
549
7360
1693
1188
5370
1046
6022
4572
9998
4989
9884
4188
5668
2363
1606
8174
9689
4666
4554
5609
2734
529
4097
6193
6500
5431
7149
5649
353
2356
7803
4713
4989
7246
5259
7570
5315
5087
8291
5227
9745
7797
6235
5692
3677
7419
6674
480
3269
7353
572
7610
7289
4613
5942
110
3127
5406
7551
7909
7691
4610
8158
9720
5976
7728
4454
8210
5393
4913
9318
566
1525
6579
4746
6009
7654
1982
6352
2259
6565
4264
5239
4086
9238
7527
3020
7362
4895
1208
3944
5997
4367
8571
4227
5163
8751
6441
74
1664
2396
349
7514
7561
1609
5320
7147
3367
2795
346
5477
4945
7922
4851
2242
6226
983
8470
1403
9168
6680
8912
9590
1023
2799
1357
6645
7278
4384
2497
7484
7620
1238
4609
7944
3324
6148
5491
6002
60
7216
6912
1159
5381
3867
1627
7540
2626
6368
8866
9948
3569
5557
1943
9831
4775
5028
589
293
3614
861
7999
6968
4409
8218
211
9341
7631
941
5073
8081
8809
3962
2516
8737
8786
7800
1599
6778
9715
7379
415
2947
5876
9410
851
4253
9100
6507
7511
2689
9255
1915
3444
8616
7479
4675
3394
2829
9286
8993
8292
9975
6798
6596
898
9124
7371
6522
501
9757
8182
4017
2617
6836
6635
2004
6551
9436
95
5963
6795
6025
8661
6588
3272
4200
4015
455
6989
6331
1567
8842
4149
1673
6948
8856
2327
6124
6071
2087
5762
9854
193
5612
4538
9239
1059
2000
4816
2058
2826
4630
7496
1082
2947
7630
3522
563
6657
652
6469
8768
8772
8310
48
5820
8523
6726
4453
213
6850
8495
5549
682
53
3853
6149
8707
71
801
4210
2762
9604
9932
5625
587
9845
3308
5085
9032
9709
8831
1651
4292
8395
5145
7536
3747
4050
3704
3157
8276
2933
7020
3518
5184
2302
6694
2313
8681
8790
6067
2352
9040
9400
2523
2046
5052
786
2331
8828
8970
7776
5260
6268
3619
5063
6476
9365
8042
9851
9609
1072
5664
7587
9196
3238
2701
5189
1638
9208
4015
2842
9185
9521
7517
4836
2453
5790
6805
4174
937
2710
5861
8670
951
6582
9536
9559
4251
6811
176
9277
5592
7604
8020
7634
5109
4385
3036
6649
9173
1874
3701
3168
7886
6482
7534
4406
9333
9275
9787
2237
2882
6170
5679
4868
8704
3220
2546
1671
9948
6427
3627
4317
2538
5726
857
7804
4585
8990
4701
3719
4596
9042
3272
6151
786
2580
5935
2869
3137
2314
6351
8081
7389
8999
1891
179
8831
728
4949
3912
2061
8508
1233
5897
4336
2359
8257
4996
3512
3734
6663
8065
9419
1861
8587
8614
643
8831
2077
8513
6249
5288
2164
1936
9353
8094
73
3225
3867
9451
8202
3897
7313
7602
7531
4273
3852
3682
7024
2149
4477
4163
7026
7831
6880
6555
358
776
1139
5168
5426
4776
9271
6076
4046
8886
6652
4391
4483
429
2289
2549
7974
2206
9873
9288
2047
4264
9631
4352
6224
4032
4851
5903
5470
6965
5761
4049
6169
2066
4911
6220
8635
9607
6601
5269
9732
3714
6557
8691
6474
4143
3536
2319
5915
9716
6627
9564
8560
8388
2664
3148
2855
9187
911
4621
4620
5096
3452
2267
3463
8123
1959
1492
9644
1765
4471
8093
8847
4705
2712
9037
154
4376
6401
2748
1315
3626
6532
2081
417
6573
9105
6620
9584
2166
2152
9161
3472
639
7871
8036
9056
9094
3439
1924
5410
6900
538
5838
5709
9396
4857
873
7291
9133
5164
5828
2440
5564
1716
2772
406
1106
3782
1227
1773
4795
659
1822
8198
540
6406
9501
2072
9821
1938
3854
545
7490
8147
3594
5111
7364
6188
4766
2898
5794
2833
9339
8067
2085
2894
2081
4190
7644
6954
6161
46
3151
1032
3142
9827
4670
6962
4715
8322
5954
1317
7262
4044
4160
343
6266
5724
3155
5973
276
7635
8436
7277
7941
6328
4430
3942
9831
2293
7257
6007
6787
5277
6343
2872
6829
232
5932
128
2948
9544
9390
6779
2856
8092
8873
943
9816
7590
4351
7007
3727
6390
8479
8489
8014
8149
5502
5494
6238
2176
1978
9032
7756
1969
4226
986
1501
2909
4096
2624
6235
3691
6754
203
254
4804
6767
3446
3662
7146
5872
7862
3728
9903
8911
2929
2127
2450
1234
1409
6826
5609
8182
2822
1844
8398
8744
7791
726
7542
4848
2032
2805
2139
7758
7261
1530
8104
853
2106
4651
7145
4410
4
8912
4552
631
7699
6729
9751
3108
9508
5095
8756
5773
4862
4730
6512
5342
556
3298
3715
3587
5134
1482
3490
8630
6077
4945
2989
35
6715
7596
6370
9317
8157
1911
4792
4438
430
981
3405
1569
4937
4107
5308
7186
4228
6630
9243
8575
4939
679
1545
4346
6769
9921
2765
1123
5529
3882
2391
4611
1502
808
1192
7304
9461
8282
1086
2142
8140
377
5663
9789
4886
9094
8911
4417
8255
5995
2517
126
7093
3286
8382
4522
3362
3480
52
7853
1483
2555
9218
371
4330
4626
4640
4169
3524
464
2329
5213
1956
3667
87
8773
3439
4040
6623
9147
5270
4876
1569
8919
2884
7674
4122
6989
8140
9031
4256
2957
8818
9700
9729
9364
3851
9556
7803
5080
2425
20
4182
9536
3232
2469
4149
6962
4876
8399
4268
9300
4637
309
9958
7450
5883
9558
6225
3740
6332
2030
9983
49
6124
687
5827
530
3432
6022
6138
1208
5826
308
9347
8299
5442
962
4290
6508
5210
212
9142
804
5507
5037
6612
480
4768
5877
8027
158
1917
3501
7942
4931
755
9819
6081
554
9912
2241
2624
7691
8159
8415
5154
7445
6077
2357
5587
3195
7590
7280
2930
187
8168
8926
2208
3645
524
6970
8050
1407
6929
3474
3193
7191
698
3402
6736
8155
1813
9900
5270
3254
6089
4538
4871
4365
5615
3776
4117
1883
8699
1646
3037
2879
4718
3521
5577
8189
6361
3442
8672
8307
3086
3647
5693
5194
9172
3652
4136
393
4852
5863
8472
1352
1320
9424
369
9864
9088
2693
1491
3985
297
6951
3946
8005
2470
9
2230
8524
1043
7942
5205
5506
1690
7558
960
269
5234
639
3348
8684
4434
835
628
7612
6857
5092
741
486
2924
4143
5553
2950
6424
9248
6959
2862
1299
5837
7694
8137
8288
3864
2786
7817
6178
4554
5830
9774
6461
325
927
1829
9296
5925
8765
9583
657
6942
9244
5790
1888
5741
7888
1060
7168
1629
3105
1324
3340
5145
872
5775
7939
4305
10
9203
9908
1854
70
592
5554
2278
4046
8052
795
5779
7790
4341
4297
2951
2590
1416
7844
4832
9551
7266
7352
947
585
7788
5043
380
9783
3796
5129
4220
915
2714
8108
8134
1481
7646
2674
9008
5375
738
5360
105
6441
9065
7766
8938
5872
9899
6419
6038
7378
6849
4231
3643
3256
6627
4596
1232
8612
7147
5462
5306
1043
3078
8144
8901
6641
8105
2890
6534
9107
3454
2832
4084
3781
5400
840
2058
4247
9652
6271
7802
8130
5419
4461
7474
6920
5982
4485
1580
9122
8283
4507
4930
122
8963
3069
5177
76
5298
6806
169
6317
9478
7646
5901
866
5545
2363
5094
8253
857
1218
5148
7718
1926
7834
5964
3078
6713
2366
7787
2382
136
7722
3409
700
2181
1332
4508
7551
5837
339
8243
1638
9759
9653
5664
6120
45
6943
5018
2051
5943
4026
9009
7734
2297
1263
9777
9303
2877
7645
4382
8137
8625
4342
5405
1402
6261
4214
2165
3576
7394
7779
6229
6249
2786
6092
2993
6647
36
745
8671
2591
189
80
915
7613
8342
1014
7365
1198
1062
3403
4236
3933
574
8932
679
8332
8607
953
3786
377
7168
3280
6198
3036
7849
1201
2565
3867
8320
9234
5325
2390
2615
5193
2897
5803
3405
1775
5983
7263
3998
1026
2903
3343
99
9705
141
4307
2430
1615
7094
9140
1641
876
2992
5818
1440
3592
2104
5801
4967
3481
8245
6177
1773
5058
1380
2513
6742
7836
9375
861
9346
8844
9889
2649
546
8332
6214
7579
3648
3024
2508
1004
5529
3536
7510
5736
4605
857
938
9347
722
2471
8037
8934
980
61
1902
1720
2553
8867
1837
5651
3388
7788
1372
9790
8633
2197
6766
4295
8806
657
6924
5034
7798
4142
4033
7217
4756
5317
5132
7572
8339
7057
7905
9482
6289
10006
3353
4683
6068
2935
332
4734
102
4046
2439
5714
4431
6259
6564
586
6533
1978
9991
9764
3481
3385
7194
8512
4799
870
373
8363
5360
1683
4983
5292
6855
2563
6363
742
3979
2756
1040
9730
7861
6864
8060
8090
9849
8957
9160
3442
672
202
9493
6561
6790
3292
2375
787
6982
2976
9260
9162
497
6694
9369
7929
1715
9835
5934
313
2946
237
8935
1279
4751
7182
6594
9916
6595
1851
1818
2240
7515
9880
3344
9885
3298
5843
9782
3674
2726
2866
8054
4373
5220
508
3717
1744
1283
3625
290
8797
7008
4916
4249
5647
5178
8184
4001
5322
2897
8304
8609
3007
8062
9086
7477
9371
9009
335
1585
7752
8420
4272
4818
3705
7042
4249
7365
7231
9112
671
6307
6990
6685
6192
6835
5658
96
6197
739
7573
6238
9463
7973
8780
5449
2649
9936
2665
1912
4747
7450
7205
6965
6345
9899
1664
1038
3162
2276
1541
8073
5519
3659
8605
3959
3281
4956
6956
5006
243
1055
4818
3930
9478
8195
5107
2822
3776
3470
340
6707
810
6836
7753
4229
7454
3416
5572
8872
6594
4312
8812
7501
6273
9664
2818
9188
798
9389
3314
2837
1552
6089
5687
6127
1305
2812
6647
8461
9785
3445
428
7166
406
5196
6852
2807
6877
5172
6840
5840
8763
148
8947
10001
2475
7069
6486
5306
6359
8452
3452
3453
742
7919
6023
5972
1285
7952
9253
603
6418
2441
5486
810
2384
8173
5663
7238
6540
8189
669
7028
9945
1179
4924
1127
772
4201
6916
60
5762
6988
6702
2513
6260
3830
8913
4096
7268
7142
587
2324
5947
7099
3456
3301
8100
9555
1298
7598
6531
2491
4820
4448
3236
3937
3436
9280
4613
8928
713
6477
5597
8233
1184
7336
7011
3077
483
2511
7093
4073
638
4095
48
5420
8754
3768
7085
9839
6610
7612
8223
8096
737
6973
8866
2656
5074
1581
8907
4182
9903
6373
8193
6767
753
3099
523
2517
8767
7056
9970
6900
5686
8460
9466
5516
4075
8755
2584
9743
4502
7160
2888
4348
5587
625
4150
2006
3278
7353
1918
7463
7438
9274
3214
7708
7098
3420
918
711
9242
6104
7264
5824
694
4301
7115
9332
2293
8196
1652
7143
1533
7137
6492
4073
860
6024
390
6801
1106
659
5482
7927
4430
4971
1959
1831
1720
3465
7237
9396
9400
1397
7725
5750
592
9940
1022
3272
8737
4873
3502
9579
6848
2426
4031
7491
4671
6970
2246
5302
6951
1641
5640
7504
5006
331
3385
9532
201
3663
9939
8211
5770
1526
7578
7314
1073
1465
2249
7824
762
7055
4713
8873
6694
9545
4776
3962
5752
2522
5328
823
6730
3790
4465
9625
6431
545
9202
3177
7749
5082
9156
3946
7557
406
5094
9493
9775
8024
4949
8894
2269
7875
7561
5661
6560
9432
2176
8638
8851
1519
1115
2009
1134
3716
1905
4952
3857
4295
4897
6141
7373
25
9955
8148
3111
2003
1975
6493
8131
3582
8577
5461
2660
1407
3641
6864
8093
813
3024
8486
8973
7919
4162
2995
2488
5409
490
2152
7374
3174
8641
9267
8231
2072
9629
41
668
151
5308
2586
9936
7809
1237
6067
1959
8186
2633
8898
231
5820
6773
5469
9755
7360
6993
9995
1911
323
4782
331
2214
3519
9894
8959
8913
3769
7786
2563
5549
802
7892
6346
9849
2724
30
9941
7708
8947
6158
524
7523
8360
335
4896
9028
6859
4687
4486
5414
9182
1737
4924
9800
7111
5047
8536
8035
6769
7446
9283
160
4119
4003
9531
2547
5489
4578
834
8668
9556
9269
5004
4302
3741
9478
8746
6829
239
442
2070
720
8928
6304
4859
2599
2011
1300
7648
716
7529
6449
2524
8928
131
4105
8342
5600
666
8881
9914
6643
5307
94
5405
4971
5664
8696
3159
7921
5241
81
8659
9180
4938
813
4964
8418
3399
8133
9304
912
4039
6531
2348
8725
972
5294
223
3776
1537
9653
6767
4056
1922
9288
548
6454
2716
5436
2974
8815
5327
9822
4901
8440
8635
5389
3070
3267
5503
890
7399
7990
9156
1564
1945
7498
5057
9843
8721
559
7184
7659
9398
3242
8938
9228
5727
1473
7524
7623
3035
2594
1811
411
4934
2342
4311
7975
678
1000
9484
5931
470
1766
7235
997
4563
1901
735
5401
308
9769
7579
2669
4660
128
9784
572
1530
3822
9774
2987
6762
5991
279
3289
9690
2755
1231
6646
977
5648
8010
5417
9389
6843
7196
8827
7794
8278
4824
2262
1858
4131
5974
6787
8755
392
9691
8855
3920
1675
1257
3261
8764
2087
6504
9708
3102
781
1503
4140
7046
3406
715
9525
4975
1272
9381
4696
6662
9922
6208
3419
4145
2233
6911
8525
9685
319
9398
2247
5239
5130
1019
6135
0
4270
9754
7888
5320
4088
7922
9795
1686
6660
8576
5072
7429
5319
723
7203
7371
4318
3752
3481
4322
2647
6941
8599
6764
351
396
2044
9163
4669
6498
2347
2614
9752
4726
8120
9540
8526
729
9243
9318
4937
9453
2295
8558
4745
4204
1135
9754
1639
591
7387
1912
7674
5626
6849
5930
5777
644
1819
2573
2704
3036
4415
4476
2828
3713
4219
4265
9902
7050
892
7695
3910
333
6936
1742
7619
3022
1459
1018
4598
6673
9354
1584
1738
2518
8329
7937
7581
9150
274
2873
90
7023
8248
994
1337
8448
7637
186
1163
1834
2668
7787
7228
7222
8103
8026
7486
92
2441
2506
2053
2221
7439
435
6065
8707
964
2693
1301
8732
5696
4613
8465
9382
3091
8818
7770
8470
1706
7538
6562
568
67
2070
5463
266
1841
4036
8476
5469
1841
9351
404
6514
2425
809
3843
1563
5693
6681
7873
8387
6667
5552
3245
7846
2956
3073
1613
7961
4389
8147
634
8888
8041
9807
3955
7181
7772
4123
3765
469
6629
7722
3697
3537
1662
1394
2251
7440
7469
400
8215
855
2312
9409
3149
8724
2026
3569
6241
1995
6419
5214
1372
3339
6548
708
955
9399
8952
7101
4873
3290
6227
6121
887
4312
4870
6246
6035
2350
5970
4710
1293
9658
8737
1743
4644
4992
402
4156
9259
3784
5547
7055
1243
1406
7451
6843
1362
8396
4867
742
5905
2557
7932
3082
3364
9885
7115
6916
6256
1517
2833
1874
7140
8566
9934
6771
9904
9097
3788
6536
8620
629
1466
3117
5580
5642
9296
8455
4283
6421
4004
3387
3365
418
8505
1020
3171
8932
9890
122
6296
372
964
6911
4624
4246
4320
6871
8389
2380
6343
6464
5301
5678
8577
6865
1894
6275
1777
9103
9713
7344
9584
9462
3741
6472
9817
4852
3712
7381
9202
9547
2187
5527
7988
1520
7356
2851
2614
5093
4731
4660
2226
8284
4707
1136
6967
9742
9721
6951
5598
6218
6194
4563
2034
3707
8171
6928
1685
6132
2648
2379
8195
1492
6308
7724
4408
8212
2637
687
2431
6722
6691
2830
6962
3031
3202
6795
5086
1541
896
8249
4053
4973
3871
5305
4795
602
5096
2377
4332
8032
5539
8643
5069
1077
3864
1116
2496
9573
3853
7383
2176
8865
8620
880
759
1601
1150
1879
3321
8263
3855
5269
6610
6040
2874
3171
1890
1437
8411
7661
4710
5501
9930
7033
5260
6893
1786
3554
9237
6707
5926
6145
2374
4347
4315
4359
6423
1672
2927
7806
9366
8746
563
891
2040
970
7020
6603
5513
3255
3316
6103
6281
241
162
359
6900
9914
7711
2593
8618
8371
8207
2792
6801
4610
9111
6050
4305
7968
766
4983
588
7829
9178
4507
2071
1398
9070
7528
7574
8407
205
8121
8352
5058
1126
496
2632
8711
8581
4008
