6735
5390
7149
8956
8619
7301
8365
3343
2202
7697
2086
8071
7358
1128
8453
4246
3322
6696
4275
1931
6550
9012
4229
1285
4485
6298
4092
7831
2971
2349
1409
2706
3203
7535
6909
5338
3852
2323
9030
5329
1918
8357
2183
2396
847
9424
4870
6435
727
7942
6995
4287
7391
4266
4607
6329
2555
721
581
1631
5743
9416
1544
2575
771
2467
3065
1985
4303
7547
4305
8102
4057
4196
9600
1371
9938
9044
5746
1891
6330
7259
776
792
1234
8189
7573
3291
6390
3523
4667
9644
5259
5839
3796
1768
981
4813
1191
1285
9428
2730
8554
6193
175
1798
6910
8398
876
4584
8549
5184
5348
8464
5812
2360
6149
8767
2612
2617
7219
7400
2919
825
4084
8236
6887
5637
9500
2995
9237
9206
4542
3485
7298
8562
6913
1202
3110
8871
786
6634
2743
6372
4407
2716
4943
8811
9314
6381
9022
8574
9029
1609
6769
6469
4586
453
5576
3892
9755
2923
7908
8560
2982
5868
6365
3333
2292
8642
3763
380
749
6184
7246
9722
4789
4953
3887
8811
3520
1813
9706
1983
6850
2409
8787
4022
1320
5871
9802
6609
5543
3858
5264
7514
144
3211
6758
8479
6519
4081
7335
439
4952
3047
7639
7708
1703
7215
5282
5905
2736
7315
10001
6871
9882
7579
6588
3853
5241
4723
2549
4407
5360
5000
1925
9658
4803
8607
243
6130
6392
1345
1529
159
5726
7198
1729
5445
9588
5760
9685
9324
4934
3085
4622
5101
9570
9853
5254
1049
2267
7597
2672
4126
4724
641
2600
1558
9206
8934
6704
5226
8641
1202
9121
5297
8217
1434
7862
9713
807
8686
8460
1906
4061
3533
2115
2646
3327
1693
7826
996
5765
2038
573
8639
4725
3230
5264
7571
2649
7124
6990
1210
7709
8788
6904
9052
5517
8260
5460
3515
6748
4501
7022
8948
8550
5946
4272
2707
6626
6025
589
5471
1753
7106
1765
3576
6234
3300
235
7912
7659
8570
9370
9111
5438
5932
4857
5698
1094
2738
204
7086
7203
3564
5262
4933
4345
4805
2481
6721
1869
9008
5457
664
1993
1845
3370
346
4299
5555
3105
2562
6247
3881
4163
7793
868
2266
9873
3938
4032
5198
4861
6473
1045
3626
1550
1241
9117
418
8017
5500
5228
7759
3783
3722
5069
9916
5338
1505
2330
1954
3394
6164
1177
1833
8834
7785
559
3114
3476
5338
720
7565
588
813
1671
9425
3522
8507
5220
2735
3525
7161
6087
2433
5803
6549
8842
3962
7363
2349
2841
4154
8384
1197
2077
3664
3246
8281
2499
3306
3013
5575
8370
5192
17
7220
6201
2084
5977
6539
4033
9796
7718
1692
5511
6093
598
4288
4971
118
6161
1836
6502
3192
7044
762
3988
5940
3144
2772
6568
4534
1511
967
2679
3054
5557
2431
2741
1319
1105
8743
5413
1628
4899
9575
8874
9129
2253
846
3983
3131
4074
6687
4958
7971
5172
9325
2125
7000
5284
1274
532
5912
6212
2051
3671
7220
1346
711
917
9483
1314
5145
4047
9127
7404
9077
5044
2340
8048
9516
9785
517
4762
4724
7599
1732
7528
8751
212
9277
3119
197
2757
6550
2416
2766
1321
7866
859
171
7158
7365
3837
7163
4511
1631
4603
8924
7161
3865
2675
9258
8018
2593
280
8532
1152
1000
6594
1813
9717
6830
9563
2494
8843
9862
5763
5249
6005
3381
3893
1503
521
4162
1003
5300
6398
8336
298
7978
2837
6073
6260
4563
4021
8153
2972
8792
5612
6060
2653
1601
9137
8515
4476
2631
3507
9635
7918
7799
6110
8361
8161
5591
2554
8018
4013
7273
5325
663
7434
418
2001
8219
4053
6963
1297
1965
2593
6189
9125
5597
6278
6361
7559
5812
6228
390
4880
320
8736
3824
2082
5865
9106
1957
4564
2345
173
1523
319
2942
5942
6895
854
8185
9741
8555
7065
5832
262
1853
8312
6819
5828
9771
6565
8414
6278
8489
265
3164
3395
316
3016
9107
5054
4221
3150
7415
103
7404
486
6815
3983
4370
5964
50
1682
6880
5325
4774
9922
5206
7692
4453
2063
1675
5398
5383
7821
82
863
5242
4191
1905
1482
5681
4274
1684
6367
3816
740
6219
7628
2896
5246
5871
1654
3732
5542
6578
1022
6486
2122
2651
8682
4
596
6074
831
9878
9673
4849
850
7431
7656
6813
7503
5256
9829
1622
5705
5583
3125
6241
2672
8523
5797
5378
9334
9172
9254
9858
9570
6171
4526
4174
1420
6721
5474
6531
3883
1809
9678
183
7321
7139
8925
5257
8412
6555
6723
4677
8222
7452
2631
4920
3977
2828
9666
3006
5152
798
6725
2195
7914
405
2070
359
2299
5114
9766
3895
4558
3648
5322
4672
6151
3853
2509
2110
7158
7682
3984
2205
9153
2273
4570
378
2216
2155
5178
655
9603
9557
8606
6774
2768
5274
8501
5820
2211
1578
5645
7478
9169
8493
2690
8065
11
100
2646
9816
10003
5683
7193
3556
5542
8651
1187
8049
8202
9713
7465
2192
7607
3239
2228
4444
1502
5061
7925
6609
8554
2512
2732
9598
3599
5794
5937
7366
5449
1745
1686
4440
2208
3299
9839
6971
5311
7596
6417
1551
8732
9432
6486
568
7695
4761
9927
6715
8095
3407
8782
3367
4710
7403
5603
5937
6141
9223
637
7914
7414
6458
4441
5825
7721
2906
3585
8034
4664
1906
3268
3850
6977
4070
5150
3520
581
625
929
3822
9045
6326
7293
9970
744
9128
7578
9430
1138
4883
8795
8045
1146
1310
7444
8393
7769
5479
9342
5699
5891
3231
9989
6581
9283
4640
4555
5679
2798
1817
355
7984
4444
9498
5566
5055
9668
5433
7023
4877
9541
4379
1881
9791
4840
8913
1282
1012
9872
3523
6606
3076
1608
4912
627
1613
4935
8018
2523
3239
6287
9948
213
822
1405
751
3377
1755
9834
4196
4843
3125
2326
601
9967
5441
6414
6411
3749
3890
3894
1793
2274
9823
2887
1636
1473
9431
8520
6791
6209
3872
7121
2813
7636
102
7578
7508
2358
3173
2334
5647
1064
1791
3888
6318
7540
2030
8933
7816
5190
5781
3209
9008
4227
2344
7782
2345
8310
3742
3879
391
674
9528
7088
5606
6705
3820
9577
9259
9939
6144
1910
9517
3363
5474
4477
6851
2475
2008
2144
6264
7593
542
7081
3536
9622
9461
4396
7328
6019
8732
2394
4960
1597
612
9971
6201
3139
8648
3442
2163
4792
1633
8007
321
3609
2281
4470
3543
1176
6502
2167
5403
9637
2105
9990
7091
1268
1448
1885
3444
3398
9874
3914
5044
5687
2597
7183
9350
2946
6928
6945
2786
3851
3038
9202
2498
4292
8864
2627
7654
3046
2171
6381
6823
5357
7413
4454
6968
5281
826
8740
536
5960
9826
7168
8000
9675
6306
4783
441
6297
7766
5058
6099
9284
8819
2605
7265
9111
8813
9934
9147
4669
769
7470
4944
7609
3519
3518
3189
2644
752
6447
970
7232
3071
1270
8050
3858
2160
6036
8355
6815
8662
4869
6359
4919
8184
4371
214
952
1327
1290
4486
1022
9523
8820
1232
5220
3005
8057
6179
438
8262
7691
9563
6481
6387
5002
6924
4920
1445
4423
9343
1962
3859
2324
955
9790
8171
4423
411
2479
7147
1860
4361
7745
2036
8208
2875
7088
9947
5714
3196
2042
6423
5355
8966
4913
9543
9131
5397
7911
1438
9898
104
1630
1394
1946
6060
589
9193
4279
8660
3509
4040
7209
6814
4169
201
5414
1351
1138
7750
2584
4621
3920
6612
1187
7721
5207
9642
5704
4884
4435
3101
161
9067
6277
3435
1271
6328
1440
8230
2805
1352
4625
8290
8570
8343
4738
9210
6949
5862
9314
4693
893
5374
4130
2582
3368
2041
5634
9532
5573
6750
7959
6719
1600
2418
9300
5625
7236
673
2547
6672
6397
7641
3768
5976
5402
3414
6166
912
739
2021
7146
8530
9020
8474
3543
3393
6624
2590
3954
7252
7034
6162
8674
6807
88
4715
7529
2789
1802
1582
8907
303
1058
8366
2720
5436
1081
3335
9468
1719
9714
6377
2789
9732
2106
4505
3880
2993
2210
4210
3029
4746
1229
9202
9316
8783
1450
7724
1412
9603
9709
1691
9247
3630
9702
6483
6923
3644
80
6781
6625
4477
9380
5835
634
5854
8322
8918
9322
5051
9111
3530
4303
6927
1156
7362
5459
7138
6094
9833
2415
5107
2130
5293
3874
6338
409
8594
1264
7171
4861
9168
2036
6562
1355
5766
1958
906
1795
4382
9440
3416
4320
5326
9737
2507
6375
122
2486
9333
6373
6598
7092
5148
8807
419
3593
4940
3419
3970
361
8642
4058
6234
3854
3250
4768
151
2998
4928
5148
6094
7594
9645
2779
4620
1066
6247
9849
1245
1676
7714
6868
4810
4709
972
8423
7031
7859
4854
7463
8783
9199
447
9640
2401
2896
200
7990
4179
607
4272
6186
4013
3738
5319
7262
9899
9881
5590
7686
7174
1272
5341
7382
3779
7601
9403
7993
1765
2964
7004
2012
6272
5427
4456
4347
6417
2709
2864
2496
3284
1197
2056
7158
7856
5424
6342
3101
595
8199
6471
4259
9955
3087
9204
1912
8039
8968
6755
3653
5658
3871
4142
8890
7736
4902
9145
8341
1776
5885
4314
7613
3248
1204
4688
6209
2464
7665
3891
5059
7804
988
1920
3891
942
2957
3886
4362
3544
3975
5076
9312
783
7614
5151
7158
6397
1368
8051
4460
6900
346
4539
2666
2836
8419
7231
3890
5811
1491
9561
3066
9223
6428
6602
9243
5730
6647
9910
8817
8407
7557
1647
1706
2571
7279
8703
5096
9991
8318
7228
8992
8114
8165
2067
2599
5433
8910
7515
2373
321
9499
5836
3385
3046
8731
2220
4854
3368
5857
8340
385
7449
8112
6026
9722
6408
704
7871
1062
9248
9912
1038
9646
1498
1738
8955
9808
3374
15
214
3881
3839
7167
7089
3155
4614
2295
4612
5981
3998
2778
1112
2657
1092
8842
2879
6122
5747
2522
4276
5935
3541
9856
4289
755
8737
5125
9114
9174
8034
2529
5310
4655
3946
5729
6045
2435
1205
8471
4198
4897
6165
3266
281
5224
7455
7435
8134
9933
6284
8282
4325
8271
5392
1448
8547
1770
4361
9997
9535
654
982
9804
8563
8396
837
7856
3564
3762
9539
4671
7692
6034
9884
9025
1528
5520
6818
8263
8798
3529
1480
7074
6251
4085
373
7584
5664
5578
7036
2016
5463
7550
3634
5731
2382
9964
3797
716
9047
9844
634
5854
4255
4450
8867
5279
7388
4248
3586
3548
3879
4970
5199
3227
1278
9298
293
7302
583
3324
3723
1685
572
4070
7047
2527
2955
1328
1237
8584
3064
2379
3631
8819
9418
4803
6199
4870
4926
6079
8700
824
5315
5369
194
4454
8159
9982
8723
7080
8424
7181
8187
1126
4117
7738
6932
4591
2084
620
4384
671
9461
8971
1298
3504
8493
3348
3474
4606
7445
5406
3302
1527
2942
2887
2850
8711
9669
4206
376
9232
8645
1811
9851
6473
4151
2901
8340
7773
8415
3235
4711
1305
1718
3783
6171
2407
6934
3226
3908
2788
7725
7469
498
8058
9447
969
8150
1671
7848
7525
1281
7665
7268
1295
7773
6299
3513
9839
4469
3807
9000
2713
5327
5510
9132
7973
5849
123
8110
4056
5088
5301
167
7455
7573
5064
5412
8524
2581
1103
8255
7151
7716
6652
7076
8005
3961
5766
3451
5915
4977
9522
986
6907
5920
9362
4291
1969
8153
1942
1625
7783
9010
7527
8714
3764
2278
2871
5673
1546
1421
609
6640
7720
3381
715
5336
2340
9140
2605
2543
3960
3706
5997
2312
2190
6926
3594
9590
9049
333
6000
3366
1892
5278
9695
9767
7503
8693
26
5929
1569
2449
5607
9948
7345
1637
9478
7060
1690
6056
4175
7471
3928
1641
5921
9386
143
439
9534
4544
6873
7738
1872
1031
6380
2665
1555
6272
1586
3725
538
3726
9769
916
4231
4367
490
8319
7736
8964
5779
3406
8111
8961
3541
2132
7993
9674
3687
6773
9325
9649
3366
1595
9753
6966
1594
3478
6833
6714
4344
350
1291
8175
7358
7047
4489
4540
7785
698
8943
9881
580
6987
5439
9568
6105
4911
3069
4119
2514
1011
357
1011
6269
1487
9752
9627
147
3850
344
8826
6606
5317
568
3050
8887
6418
5943
5080
749
5336
3172
5147
7010
365
1860
1935
4790
1219
3459
1770
3993
7898
7155
2582
6345
3082
5884
8902
5480
9832
1495
7818
8929
3103
9810
4527
8134
1192
8418
4586
647
5977
9206
5007
4367
3601
466
2989
6206
4920
4566
6256
3180
2755
914
8983
7262
2452
8805
7094
2609
9659
7855
1553
6089
379
2889
6393
162
6749
7052
6559
189
1960
5155
4972
6054
579
7079
839
9103
2070
7062
2431
8497
9203
7178
6552
7673
8853
7626
401
8392
762
4250
5446
8147
4001
353
5117
5872
3589
8492
1681
2252
7554
5919
8354
3814
2232
4788
6744
1612
612
9935
4152
262
1065
5438
1848
1967
9224
9770
3679
8542
3351
6248
6769
1373
3178
6183
1318
2437
9963
9276
5412
1585
9233
858
9256
8335
2255
4480
8563
3209
2749
5481
7617
9911
184
8967
7222
1361
5741
4980
2263
3159
8335
579
2703
4093
2612
3419
897
7663
7729
9237
8888
285
4614
4138
7619
5266
7770
3925
5431
2859
7824
8849
2631
3655
4501
4512
4028
414
3093
509
8988
4099
9666
7013
5823
683
845
8183
9246
9921
7273
2449
3358
4957
4666
2707
1479
3412
3258
1810
9238
1869
1357
1000
1694
1953
7366
617
4141
8952
2679
5365
8999
3490
921
4961
6467
3713
4476
4658
102
8871
2510
5257
9940
5627
4335
5502
9644
8173
1290
7755
7963
204
6157
3659
9730
8204
6383
8811
4695
336
4454
4650
3428
3995
9025
364
1131
9597
4941
6151
9184
1086
8570
5209
8181
6896
7897
7713
7280
6567
9435
7462
8774
9784
2210
2707
7516
6651
9158
2346
9382
5540
4253
8928
4889
67
7140
5212
5323
2917
8583
3900
6542
5545
2424
2357
4086
6858
1452
146
218
7603
3660
3901
1989
9020
9419
6271
9468
3223
279
4343
3724
2929
7846
4698
3962
771
252
9685
4212
6466
2642
8816
577
8369
1568
3379
6875
8196
8148
2743
2493
3016
3666
9504
541
2272
2826
2379
4066
150
5245
1603
9796
4121
9196
5299
1299
6944
4133
4842
5985
5331
8361
6003
2299
732
5098
7762
816
2267
1167
6185
2690
5616
6245
558
6205
4980
9151
5476
7633
9478
9399
5689
4081
74
7192
2581
6601
4970
8670
2149
8149
4237
2151
8188
2790
7454
20
1960
7123
6589
6292
5134
213
4886
1095
6947
2270
479
6892
6529
1432
440
5718
3489
863
4739
9038
2744
4491
1322
9538
7785
9714
3407
5615
8809
8615
1847
361
436
1446
8094
9916
4837
7357
7983
1058
7000
9454
8350
1889
65
5801
1853
4981
9486
84
6121
849
7797
4338
4669
4465
4863
4914
18
4181
7377
4637
6217
6217
9000
3654
212
1401
6494
9432
8468
9106
3624
7937
3052
1360
8653
5091
2134
9093
4812
2287
7481
7168
8070
5825
9281
3523
6406
3551
7459
9530
6348
3589
1851
7808
5974
7578
4266
7765
467
6332
2205
1188
8086
2395
6050
3318
8945
7303
4984
2601
76
8569
9777
2478
2854
1565
5137
4671
5547
7371
1486
1069
1569
3273
7328
566
6258
395
2631
8101
6223
5632
2782
2270
234
8007
4569
160
7138
5472
3933
2687
3126
2311
2019
2619
7717
4116
6515
890
4157
7487
5135
5612
9564
1991
7268
800
9650
6327
4268
8098
4813
6959
4388
5617
5465
866
3209
8366
6442
1997
2525
7496
8564
4812
3567
8130
6857
9243
2689
4086
3607
6342
9814
2503
4731
4775
229
4783
431
4502
5066
4557
5011
6252
9371
5960
1498
9986
7764
3283
480
711
493
279
9159
232
2988
2935
5305
3074
9527
5879
9614
3573
7637
787
6380
7725
6958
3530
5396
1727
3794
6475
9157
4785
1808
544
7242
5126
3838
2799
5743
2502
1954
9701
6018
4197
3970
5690
2892
1264
2317
5808
5377
9680
4043
2362
6827
5633
6649
3402
6446
9907
1462
5967
6410
5587
8589
9627
2846
150
1583
9855
3395
8585
2319
6197
7471
2000
2382
2127
2660
8088
8879
4780
5789
6626
2673
5502
7242
2873
5069
5725
3866
6776
7051
302
7588
7171
5099
1445
5386
2271
8918
3647
9081
3756
9346
1030
6154
5121
9585
1912
6370
7222
7147
3550
7047
1082
5697
6886
1580
3491
805
7679
6146
1615
2997
8746
8550
1842
9627
3540
8718
3410
9712
5011
9038
8274
129
6325
2649
3627
9175
2833
5708
2589
215
1147
3678
7379
1694
2522
7137
5383
2038
7708
9374
377
3487
9902
6170
3338
7098
6669
6159
629
6258
8550
7361
3247
2442
7421
5331
1435
7472
6557
6155
1309
6655
8772
6747
2066
2219
429
3521
3271
9757
5338
2685
702
5695
4024
6150
8147
1275
66
7127
5840
8218
8987
9116
5500
2242
953
2171
8415
548
8948
8232
7868
2419
3392
5688
9025
2218
2506
6103
5037
3801
8427
3075
7679
6265
3616
1698
6483
9061
6114
8876
1252
5744
4195
6562
8950
2956
6019
8980
5019
7055
3307
6866
7170
2648
2596
7551
5093
1354
6617
2506
8314
717
3876
5784
4144
8503
7890
1662
9943
10004
8964
8879
664
2637
5507
8064
1575
8679
1487
8172
9268
1004
19
4988
609
6281
5761
9470
6312
4402
1696
7950
8584
7186
6924
3734
6290
232
9221
7366
6885
5089
7814
8633
3365
3141
8003
2415
9532
9852
7452
384
2669
4477
4020
1532
3775
7657
497
7562
5577
7147
8511
4221
1649
8895
1115
6016
9429
8752
9513
7211
4021
6857
9755
6042
4172
5177
6195
6978
3367
2505
1184
5546
7322
7179
6849
8530
8925
7429
2143
7404
7826
4485
7879
2559
5918
3810
4445
9103
3574
4089
3781
6172
1151
9534
8186
8283
8565
1289
3553
8264
4216
5218
9965
7903
3103
8821
8827
5320
4033
8167
7425
8052
4560
258
9733
3537
68
4693
1804
3646
8221
9677
2933
5917
4126
310
3037
5150
4278
6843
3389
869
1794
7860
8311
3093
867
1808
7872
866
9745
9053
3691
4291
3192
7187
6209
7217
5914
401
9530
9601
8052
7556
8387
4696
4362
3165
9013
3471
5706
4522
8795
9117
7578
5708
8148
2098
4359
1715
3478
312
3657
8513
9280
6241
686
617
5467
6713
9817
9588
3360
8371
6711
1474
2221
3544
5077
5628
3145
5026
1273
8912
9339
734
1800
7957
9232
4441
120
7594
8563
2122
8038
825
9396
3320
8010
1720
9701
3129
5896
6412
6134
7135
7787
6471
7866
9035
971
8176
7325
5095
3759
4395
2547
7676
4077
4276
6797
5048
1633
6046
8689
8062
219
6538
1686
2220
6524
2857
9370
291
7140
8540
1128
6293
9613
4184
9
651
150
7283
5584
2322
2255
6386
5721
3705
2986
9346
6238
2561
6414
1102
2178
4203
3990
4499
50
3148
9087
2361
8685
3384
1256
7582
5406
8118
7404
6481
5791
366
3519
8272
7665
6112
6390
1596
7498
4295
259
218
3742
764
8319
3282
125
515
3183
5377
9387
8028
5168
5046
536
449
9436
4981
9124
8847
1975
2329
1636
1022
2552
6416
56
3138
3805
2782
9211
8039
7487
2896
255
757
8319
8863
7467
5954
4181
4988
1757
6511
8774
2245
304
388
4620
7625
9538
4524
1504
759
1903
1004
1731
9879
1651
9997
2609
7064
6106
532
6176
3397
726
8423
1882
9898
4461
749
8971
6608
313
8371
3866
6420
2022
1561
7712
4636
1893
6936
5193
1478
2354
3618
9984
310
1123
2345
5092
3264
1947
2097
909
3417
8766
475
946
3462
831
7155
1793
3135
5285
838
8434
9377
901
2526
7567
2735
5884
2508
750
4839
5984
8333
8756
9611
2994
3040
3831
4289
3976
2497
3413
9191
6305
4813
8572
6825
676
6944
6999
3039
4736
5277
1181
848
7888
6215
5477
2618
193
3332
7424
38
7074
6803
8190
7540
318
6246
9994
8546
1029
6310
3558
8209
2642
3563
7298
7627
2511
876
9065
1612
9739
9992
5412
1402
4870
9066
7676
2939
371
3789
5685
3594
7356
2475
4011
6292
6561
4277
9777
8660
7912
1116
388
7649
5913
7941
6995
5967
2763
7604
860
4797
4458
1938
3569
7939
9816
594
3415
8735
2914
5497
6084
8694
7120
1631
8822
2008
6587
8773
3258
9184
8100
8876
5894
3710
7784
4422
1038
4615
6359
538
9676
2635
4087
1317
6916
2266
6460
191
7193
5369
3962
1419
6294
8706
5082
5568
3694
8743
3993
6064
9257
7053
2541
8920
3471
2774
2156
6511
9877
4691
7748
4137
6045
6149
7643
9579
2046
7275
8729
5465
83
7945
2053
2851
2949
6295
9858
7652
6981
9331
3666
5004
9614
6922
9798
5632
2461
4367
4890
7497
849
7890
1139
5011
6624
4396
2793
5023
526
7053
2506
407
9555
8209
7636
9831
2028
1632
3846
3382
7498
9518
2235
2912
6201
4178
9094
5605
2469
774
3616
7844
6162
5526
8999
9431
6089
9063
2024
5992
3586
9832
6019
7229
3263
6671
571
5806
5945
9773
3951
6085
3175
6370
3371
9621
2408
4651
7162
3490
3540
4168
5654
539
4269
5460
2649
9577
8775
6414
7884
4367
1605
9684
67
979
1808
1540
5803
3507
2221
8892
3438
680
487
4072
1001
264
2553
6723
1983
5878
4711
9474
9771
1059
8000
8076
2541
572
2350
6711
6799
7933
3334
9136
839
498
5788
1221
6792
1219
9777
7963
7304
9846
7870
6885
7547
448
5476
7350
5824
966
4000
5587
7082
8102
4022
659
1866
1059
3353
9028
2876
9604
5788
8961
8938
2143
2660
7334
4435
3103
8704
7075
4241
5027
5780
9389
8994
7791
8083
2851
707
5177
5433
7565
9249
5177
7142
6852
4152
6069
6935
5200
5919
5550
6529
5826
3471
4598
3962
1070
2420
9455
551
1223
3830
2545
2412
9443
2839
329
6713
4623
7991
8505
6294
3599
6969
6153
9037
5715
6895
284
3806
1896
5309
7089
6174
9850
5875
5650
5840
3702
2383
1945
6718
6890
6318
26
3456
8898
2847
1257
4514
3169
5098
8574
3758
3567
7862
4975
1028
4139
7704
9104
1773
395
7633
8084
8860
645
7161
6169
9109
3608
448
2512
5307
2360
2123
769
576
7283
2785
3151
4977
1651
7096
5254
789
8429
8989
3460
6511
8118
4045
5266
1383
669
8184
2717
9088
7630
6448
3118
8398
1044
9722
9471
6456
2371
9810
9347
841
3186
3293
6437
1676
9541
6657
8759
56
4445
6966
1625
557
9454
7341
8376
8280
5868
9280
4019
7662
8927
5248
680
5841
8778
5233
6134
5606
9969
7478
6559
7070
9368
9101
5298
1847
8189
8782
900
8483
8722
1405
9350
1520
4067
3570
6190
6315
4686
293
9924
6563
9455
7356
2156
1328
778
6478
7732
5824
9982
8779
1569
7427
3143
7314
584
6455
1721
9260
2187
8249
5874
8584
2863
8578
7071
7493
8996
8716
38
765
1670
1005
7316
762
1297
1709
6014
6568
7081
7149
5008
4682
1449
3343
3477
5448
2649
2297
5493
5655
8267
3689
7390
5391
1395
6391
3349
1209
5729
1277
1427
599
4407
4863
3497
3268
6027
6292
9487
3488
76
3303
1222
2678
9162
5441
5106
4610
5406
5347
7658
4222
9651
3932
1796
3310
9626
208
7919
3776
7948
3490
2961
9868
136
4305
2050
7550
926
4467
5473
2648
5883
8461
7947
1052
5530
8014
8112
9619
1638
2691
5742
1809
8342
1309
951
4980
5833
9032
2669
3609
8603
3929
7074
6377
1889
1465
6580
937
5687
7779
7398
6426
7332
5064
9289
9213
8245
8612
1532
9688
6516
8487
3432
2543
151
2798
4925
2013
5796
7529
197
8188
9800
374
4844
7009
7628
2041
4845
2102
2625
5932
8089
1622
8148
5798
8754
4496
6899
6893
2676
1666
2726
7716
3080
5302
1944
5609
4602
7409
2077
8132
7662
7409
3419
9342
7843
8517
1398
2520
3882
6358
6058
9255
9479
5620
1335
1353
6345
8511
2023
1388
4286
4562
1493
6235
321
9174
406
1060
1717
8477
4882
6759
6833
8163
9316
904
8126
8998
8812
6750
3974
4268
7123
2940
1163
5567
9749
9695
4644
3358
2941
3726
1937
5564
8380
195
358
6883
8820
307
3241
444
7388
4170
7720
6338
4273
2155
3001
8472
10004
2368
259
2305
1972
1166
1352
8380
6217
9824
5495
4940
1780
5092
36
5157
4634
169
4257
3061
3268
8745
1038
691
4273
1992
7652
8270
5018
3132
7337
2015
5273
2462
7748
3042
5896
9694
3217
4783
6364
8629
236
333
9603
7729
9750
4820
9528
2487
2835
8916
8782
5210
3743
8018
5862
1359
1055
6175
4074
5021
8271
7150
1018
8055
4239
6382
2449
9692
8800
6331
8354
3474
4033
9181
9765
7513
2874
3912
2397
2661
585
84
3747
9080
2639
2396
5743
139
65
2540
7320
1201
6140
7029
2330
8935
3847
295
8444
3201
2571
4803
1784
7255
7096
7218
4469
5347
9783
3224
6051
8347
8901
3385
5749
4036
2432
9119
9157
3171
688
8069
1879
3567
8386
1289
6951
9145
3656
9080
3557
3156
9038
392
7453
9788
7083
6762
9494
7937
1645
2844
4190
2964
524
8796
2468
2488
5721
3066
6984
2260
8725
41
9994
5568
7650
3361
8236
1290
9960
7648
1541
9975
8657
5874
2595
3891
9595
4426
7212
8989
7973
634
6738
9248
5850
9660
4673
7818
5200
7724
3738
5578
2230
165
6353
2228
536
6927
3340
2893
152
376
8975
9003
3308
2061
8898
9326
973
489
9245
1255
6911
8122
4132
8724
4575
7936
6646
2422
5594
6441
2210
9349
4468
5021
2528
5403
2402
5413
8639
1445
4299
1471
8653
4559
9371
1273
2257
300
5990
4946
7156
6332
3127
5386
2974
9278
446
2712
7245
7364
8024
4117
3293
494
219
5266
7654
5505
3636
8189
7314
7825
3154
3197
7937
5906
7942
2839
2063
8653
5727
1005
8170
7438
9695
9942
9480
2288
382
5948
3714
4658
3323
1074
2521
3509
3743
2530
5053
8770
5500
5789
2350
3226
6836
2440
5043
7872
484
1585
8821
804
6553
7252
1906
2300
917
7915
1449
86
3641
4458
8063
1998
3628
1850
7374
9763
7567
4861
3147
9191
805
1932
6262
1427
8820
5961
9754
6875
8641
3770
3088
5489
6790
1221
4880
1324
3044
3215
6767
3505
5464
4268
814
4916
5836
9757
9339
5820
7294
7537
8247
3852
4286
7453
4943
4216
4662
374
8593
5314
373
6289
7803
7963
1167
9175
4561
986
2072
3011
8336
9774
6808
2531
1513
3450
6979
2228
819
8508
4619
1640
1249
561
8432
7800
5273
6252
7017
5250
75
6690
3371
2370
2320
6006
1342
3594
6468
3211
3211
6779
3667
7774
2848
7524
5516
3139
2875
9503
5475
6510
1676
9791
474
6425
3309
3075
5274
4890
4269
3755
741
9392
1109
2478
787
8628
9508
3641
8591
3791
8400
8944
2130
246
917
2051
2211
2169
701
4550
8198
3755
7017
4576
3742
5349
6682
1752
5492
9683
5717
6672
8112
4501
2861
9411
9480
3039
8725
5800
5768
2458
9589
7405
306
9767
3630
4507
188
8174
1937
3261
1768
345
1129
3392
4480
8213
943
171
6298
1735
1312
2605
6276
313
5445
6405
4290
1588
4470
617
6648
6399
3970
5624
8426
2262
1989
3868
1799
5742
2546
7494
6678
4285
9292
308
1126
3881
496
7486
1169
3844
5160
2368
9635
513
7822
3980
6957
5806
8129
2078
9833
8600
4966
7046
5605
2973
546
3997
8933
5809
1872
2958
5242
8453
4291
3685
9677
6230
5109
1808
5012
4276
1810
7235
8229
5407
2280
2071
7400
6890
4570
5383
99
852
1873
639
657
419
5234
2400
180
6814
7654
5207
9701
8621
900
1253
648
2654
7542
6873
4300
5536
5834
7724
9851
4387
6564
7452
6766
7526
2613
4042
1491
7608
9780
7901
2251
7115
2274
7892
7026
4430
4006
5478
9214
2705
7306
6810
2692
3649
5811
4150
9706
8947
6143
6341
4746
1111
5512
8255
9813
6246
9206
4236
5427
9152
3294
304
2167
4606
9377
6451
9725
1814
1347
5155
8964
7647
4214
4550
9327
5226
2946
2716
3879
5553
1563
375
5880
407
8544
9547
1196
6315
7738
2712
7293
8011
4761
1758
6334
2110
4218
7461
6410
7794
7797
9186
8100
2957
1311
5935
4820
1888
3781
8250
2603
6344
341
4245
7605
7774
7636
2500
2833
2195
1994
5158
5988
9608
8804
9
1663
9944
5105
2855
1451
1117
6117
7582
1311
5063
3800
7410
7062
9239
627
569
5021
127
931
7970
1379
8261
1173
731
6581
1452
3774
3723
1633
5867
4059
2007
7638
4636
1663
155
8584
9280
9749
4952
5357
4387
9418
9324
8125
2608
3895
7191
2621
7406
2940
4780
9604
4936
8849
2763
8742
122
8252
1237
4685
9656
2185
1937
4670
8337
1555
1289
1751
32
9939
2108
7150
6867
73
6981
6411
1758
6493
1484
3783
1043
1125
1813
8188
6956
9734
1068
5222
2817
120
1378
3550
9509
9370
3045
7258
722
8156
3237
5218
637
8740
8755
9737
6998
3969
2369
7917
1119
8287
9466
3595
5396
2563
4696
4895
556
4104
5895
1450
672
2370
1267
2942
4740
7788
8915
3635
3955
4383
6219
7183
2778
6501
2620
8352
2783
71
6588
573
7660
9881
5674
6811
6733
5180
6657
158
951
7651
7936
3051
4721
3676
2581
3844
3886
3014
7134
2719
6764
2425
4430
4939
8281
5094
7827
7453
6691
7686
6588
5601
8117
5014
3958
6524
4575
7336
8612
764
4058
456
9826
3705
531
3452
9748
941
905
5913
6928
7253
5676
9884
913
9913
7105
5028
9347
6713
4061
2855
3150
6292
436
7458
2810
3290
2342
8615
9581
654
3923
2065
6168
6154
3992
2540
4671
6224
7796
5105
8692
1123
2463
8270
7531
7042
4451
8187
4209
7308
7878
9045
7808
2324
9863
281
9456
8129
7786
9562
9026
520
8936
9684
4691
943
8855
2991
1157
6891
6111
2042
6309
4069
3528
8546
2093
9842
7116
5159
813
9451
918
4315
188
7795
274
8965
2224
1483
1954
2902
8820
4081
6524
391
222
2022
4622
9539
2471
6982
8864
7581
3055
4827
4912
7304
1652
7479
8729
3636
4736
810
1548
795
3041
1578
6203
9198
8345
9566
7103
2437
9362
1387
9026
5137
5396
7441
3767
2834
971
3051
7243
2130
6970
7946
2321
3426
9420
7464
785
3741
8162
6013
8926
5577
4816
2553
5575
7788
281
9638
8989
1566
4864
6106
1367
481
5904
7406
4317
7616
8691
7236
6603
9624
9423
4446
985
9857
9361
5983
8782
8147
5549
2844
6169
643
6912
3210
9060
5046
3818
7292
927
1874
5817
1425
1684
7193
7540
8598
9944
4096
8293
273
9991
9300
5678
4756
3543
362
1376
5263
4661
460
699
4236
5575
9591
8325
607
198
1487
6553
4381
6720
8692
1368
387
2278
7275
7732
2080
8539
6313
2805
1170
9423
3927
9915
2130
6393
6716
7714
1901
9193
9625
9315
9537
5353
3839
2101
9031
6692
3489
9744
5656
2881
4179
8636
8129
1523
9173
9415
1989
2184
559
5326
8190
1030
3480
5903
7227
5135
9848
592
1707
6131
7351
1363
5736
7880
6679
6429
3674
6389
4418
6380
327
3813
5316
5722
7880
5806
4115
2773
6093
6340
5515
9263
6756
837
3609
7566
1518
7306
1653
9553
495
1032
5803
8842
8013
4691
2230
4704
8916
9056
9953
9499
350
8397
6984
7177
1220
2329
454
2253
33
5396
2481
6022
3901
6741
5168
304
7090
9406
8816
3731
6662
7184
461
4396
6586
7410
3643
8799
9869
4449
7158
4791
9944
4595
6018
2474
6986
2451
7848
238
7755
247
2044
3771
8368
9603
7655
1605
6586
3742
1009
2836
3134
3510
2789
1505
8289
9681
8408
7338
3614
1000
157
8087
9559
9939
2961
5962
9902
7216
380
538
5701
1601
5592
7242
4084
596
458
462
7089
9971
7941
8000
1499
4268
5061
5383
1252
5367
9005
8081
1445
8321
431
4901
6418
6717
1217
9735
4707
1568
2539
7743
3488
1657
2500
7273
5783
9821
215
5692
557
2023
6272
1
5801
3561
208
8095
6230
972
8978
7585
3381
5687
67
4615
2158
5479
7223
8801
184
329
8425
6948
3472
1370
287
4855
3253
1061
4149
7301
879
1624
2379
2983
1778
4460
798
4644
8128
7871
8497
2929
7464
4197
9659
2221
5336
7228
656
1765
8408
8300
6113
5328
2479
6449
6687
9314
2356
8419
9635
5650
6263
8903
565
6901
2307
1418
4878
9492
7362
7951
1135
6972
8310
6004
8524
3000
281
3285
1222
9928
2305
5939
2104
2082
2188
6433
8612
6462
2845
8486
1295
4797
7529
7506
327
57
8897
1015
6504
9985
271
127
4775
5671
2710
3379
8117
7253
554
7905
719
2219
74
9659
7384
8829
3425
211
7798
756
2046
5924
8528
2491
802
6867
1035
337
2791
6517
5321
512
828
4851
9775
6684
318
3205
9262
7792
6886
4390
1169
8518
7766
5930
5010
6558
4948
3895
5464
146
6923
8747
7066
8969
3806
6046
2509
895
2709
4038
8509
4941
2310
1686
7374
1233
3821
2369
5940
5506
9251
1660
9512
8742
2352
5406
77
5770
5241
6170
9377
5616
8843
1067
8003
3717
1326
7740
9205
9131
4338
7416
2882
9371
2519
9419
7522
9184
1755
1106
5039
9718
2988
3801
1048
9639
4867
4671
1515
8753
3694
1210
323
1933
6652
3675
4498
5814
4221
9561
3345
3577
5914
7609
5385
8542
8139
9582
8234
5557
5247
1623
7667
9727
7771
6052
3471
7536
4750
2620
5153
7027
7747
3338
5210
4209
8617
4393
6970
2991
3744
8082
8465
2642
4121
1825
702
5124
6142
2526
1759
4227
4607
5832
2696
69
6799
6634
8767
3213
8934
7657
2262
8881
9522
2151
336
2869
2278
1700
8221
6417
4400
8409
1182
769
7257
693
2137
3254
5171
8430
3830
3477
1731
8528
7568
3007
1646
1945
1746
8023
9684
7980
5515
9717
1315
8992
6582
9296
5330
5640
3445
8049
3786
7238
4900
8319
1002
285
4127
4279
9915
4488
1088
9392
7512
6415
5152
292
3012
9984
1180
5846
9643
6240
940
4973
5933
8136
9058
1010
584
4942
9351
5573
4401
1708
2123
3028
9419
3188
1362
8995
443
1196
2431
1396
4381
8028
3908
2437
7945
3412
886
3808
9298
5888
6503
5776
2004
516
4673
6232
6679
2522
679
1925
7457
4948
800
7163
1809
5498
1672
4352
9881
766
7791
5996
6039
7905
24
80
1887
6264
1740
3758
9172
6036
3342
1006
8016
278
775
6485
7957
85
5461
8417
9902
4302
3766
9131
3670
7680
2937
7465
8683
7568
8618
4548
8778
3418
4544
2721
4705
892
2214
6105
3820
486
3794
1140
3134
4591
9479
5828
5409
9882
9130
96
1966
1599
3926
8480
9245
8365
353
2357
7822
7270
1821
7932
3399
3801
9510
495
3259
1730
2648
4950
1788
2946
9933
9647
2133
947
3164
5813
6131
5009
6361
9924
51
8733
4572
1429
1534
5452
5431
1916
8822
6257
8110
5367
788
2588
2726
7675
8771
7837
4246
4108
7109
6058
2861
5181
6555
8097
7542
1409
9364
4522
733
7292
8972
4028
5114
8980
3250
3919
1748
8105
7211
2402
5312
2776
7507
7908
3353
9242
8638
6655
1412
5691
9916
815
393
5538
524
2012
4886
720
6990
106
5610
6109
6184
3137
1305
627
1411
9831
7291
8162
6713
2254
812
1311
4805
5527
2620
4878
6394
4720
3817
9804
3478
9314
7052
4125
4569
940
988
983
8598
6582
43
8107
5546
8904
2271
4002
7601
731
1815
8077
9107
4916
7880
1931
8939
8557
5370
4141
4587
6139
1817
7147
2111
2532
8610
6777
6869
6639
938
9229
6884
7190
5931
9468
1431
8637
3604
1253
361
3183
5841
821
1309
1700
3762
6122
2658
2971
6572
5735
1753
7446
8818
2769
2550
923
166
3252
5764
8361
1132
5066
1320
9407
1292
9938
2071
7304
9452
6866
4321
704
6179
4691
340
1793
7649
6703
931
9494
6085
8685
7506
4724
8151
5787
8593
8096
5450
5752
10006
2979
5396
6066
7381
4903
4404
3838
8658
6775
4739
5795
7431
6613
4302
6768
4706
8987
7189
6772
3716
7787
714
1148
8982
3274
6411
1639
3785
5534
8235
4583
5378
8556
8718
5015
5890
3431
4029
2635
2516
9241
9391
3246
3756
1886
1549
2419
989
8424
6361
10006
6853
3096
42
9688
2211
3122
7910
6860
9513
540
6046
2918
3373
6229
5427
9915
8685
4941
4600
4343
4577
9839
5173
6607
9175
2082
2563
6119
9029
6440
218
1921
2075
2773
5930
9936
2193
8391
1837
3397
1800
4231
9690
1577
3667
7656
3505
4626
2208
471
3298
9984
6599
5944
7386
5054
8248
7499
9884
8957
476
224
7271
9076
6953
9648
2955
4995
2060
8906
9708
4179
8614
1841
7632
281
2410
8591
8119
2732
5604
8424
2275
2490
782
5429
4816
7714
4975
62
7773
7272
4346
7316
3805
963
61
7735
1121
5608
5166
9741
3877
1138
4303
3148
899
2248
727
8071
1665
8697
1407
1906
8418
5246
5055
4485
2812
541
7832
4037
9441
5977
8809
2928
8778
1803
2231
8160
1992
5349
4298
9826
7069
7332
3903
1948
8429
3686
9812
3434
3224
819
8668
1356
4363
979
8643
7782
6402
6307
4474
1767
7942
2517
9986
7057
2688
3957
6531
2045
1923
5859
2177
8759
5342
5752
3133
6702
3167
4697
299
7424
9865
1322
9269
7221
2157
4981
7109
8969
14
9507
115
8220
8246
2073
7580
6607
182
518
8933
3450
8034
1588
9163
7494
1870
7522
3438
4854
1231
5812
2828
8599
2943
7887
9244
2913
1323
5806
9515
1857
9769
4153
9845
7295
5194
6869
5111
9239
9498
1913
2950
235
7196
1592
6636
653
3139
5882
1901
4508
4853
7160
6542
5461
6715
5836
562
5131
1411
7846
4444
4049
4334
9408
8691
692
5818
2402
4111
624
1148
1368
4522
1892
5739
774
4676
4825
9018
907
2306
5784
3725
5576
5130
3038
2816
9892
8644
2594
8822
6320
5849
5563
1531
5102
5191
1964
7907
9956
1595
3139
9832
606
2932
1100
5456
193
8206
673
7686
8266
8200
1010
2197
7209
87
5229
8626
791
9178
9268
1314
3764
2970
7664
7937
6630
6949
7419
9767
7314
2373
1471
2731
133
9191
3259
9282
310
8658
7660
2180
6924
1381
8760
6267
1518
7531
2246
5688
3941
6979
4390
6655
8443
9939
9143
7972
4329
6627
8673
6498
7329
2923
4958
4738
6343
4972
6385
9959
5533
1916
2386
7033
8623
3384
9235
2986
3411
596
210
7999
6173
4658
120
6116
2391
3452
3681
1960
6468
8670
6973
1367
7526
2582
8670
233
7300
7723
4051
7441
2930
2375
2705
8237
2149
821
8764
3173
4955
34
9111
378
1760
5219
4560
1108
3156
4595
8089
7406
8726
3580
5244
3838
2268
9904
6261
9490
2882
8451
2396
1397
7119
9193
4747
829
1123
9299
8025
5494
9619
6159
1867
2927
4322
4211
9044
5384
3066
7962
2108
6322
205
2277
527
3900
3810
7493
1408
9636
4993
9165
7467
5369
3723
2736
9192
5274
4228
726
8151
8151
8741
5489
6346
8438
5281
8416
5713
1877
9202
7353
9274
4171
8231
7421
7510
9026
4799
6408
576
4996
2350
3659
6754
7310
6932
2686
1240
415
7427
7112
9058
130
3629
3298
9098
6137
1548
1339
3793
3554
2817
8212
9021
8323
1422
1540
5997
1339
3291
8716
4620
2748
9961
6444
4960
5627
5880
238
9554
3586
623
9231
5047
3932
9396
3389
5153
1444
4997
2046
6026
9981
803
9875
5840
7771
1888
9092
4291
6684
9696
6213
4892
6733
237
8621
6997
1686
390
3020
9232
7644
1751
3876
977
2096
3381
4282
3514
9226
3440
54
2505
5213
4450
4418
9976
7329
2535
1413
5687
747
6846
8289
3539
2776
8468
2137
1583
756
6080
1549
6665
9096
460
4845
4159
2425
3081
9203
4309
8512
5780
8137
175
473
6248
4864
2406
7278
9125
148
4377
390
1663
1949
6341
2868
2417
7702
4880
1109
6297
6004
7621
9041
6308
4951
9955
5722
7648
7269
3044
9219
8110
7508
3081
3697
5296
5836
6848
8195
3464
5500
7175
3971
2507
6787
715
452
2117
25
8562
9142
9257
3007
5209
2892
4657
7443
851
9976
3436
4547
1873
2008
3733
3572
1537
8055
2876
5737
1536
6487
785
5559
9774
1165
9844
8439
3208
4816
8258
2007
3097
6785
2414
1648
5223
2863
3893
5200
8585
3743
3709
4832
4779
5505
8919
6069
4016
9902
3539
719
6535
9035
7915
3111
9018
7292
7234
5984
1412
6243
3485
9044
1396
9228
2488
8760
3705
2383
2269
1645
3382
6394
7553
9826
5523
305
6506
7373
7693
3682
1527
7151
824
1090
6395
7776
176
6019
5741
2507
6086
3785
4152
345
7579
3144
2663
6654
5643
8503
3588
3768
8977
5754
5981
6641
3921
46
3782
3121
6085
9417
7622
9507
1812
9649
8974
4924
7830
5928
9049
5774
2575
8497
8543
522
7813
7700
3544
7759
839
1870
164
9353
4117
6514
22
7187
6201
4651
7428
4226
5558
9183
3036
1752
897
5626
9097
9098
6315
2410
2431
4861
9651
4894
1346
6947
3358
6029
1058
4236
6866
6665
7492
9317
1160
6778
8885
1467
525
9046
8019
5288
1449
2908
4111
8389
4292
2678
6239
9790
8959
9664
724
2316
9285
2108
3488
7420
1212
7478
3356
5204
8365
6811
8689
9521
1465
4570
5021
2065
2333
3249
5829
3314
2005
7860
4
7673
6892
3851
6314
2799
2511
1180
8810
8676
7639
5516
8098
1631
7774
5238
8531
2815
5187
3797
9257
7710
3163
8764
9777
9079
3794
4887
74
1612
2916
270
3294
1071
2645
2722
8268
8485
2931
8110
6762
3883
6550
1729
4599
9164
82
4154
7562
2240
2087
6381
3500
9095
1777
1106
6448
4749
1209
5374
6173
9293
1248
8223
6813
8060
3080
4779
5048
8694
6213
2248
8231
2578
3722
1737
2800
490
3773
904
2472
6486
7181
3553
7995
584
3360
7849
4784
3692
9531
7519
6013
7712
7973
3980
7091
3031
6141
9147
416
9017
8020
1223
5254
6423
4728
8122
2991
3896
458
6102
5079
2668
3381
9769
1808
451
8063
5509
5851
4235
9119
5797
6564
8155
6129
5259
6612
3634
2485
7356
8561
7100
9195
8561
5761
9508
6689
6115
6316
5369
2223
9105
3684
2587
2825
4745
8197
9492
1083
9297
5001
6595
6355
214
1375
9985
2755
8513
501
729
8786
5919
7421
2467
6714
2039
5362
253
8517
4484
3336
4409
7996
4302
1186
8903
4502
6487
2581
7927
7168
8237
5110
5648
8650
1841
3172
4479
8793
4202
4108
1173
5287
8522
3298
8027
1293
1069
6452
7541
8578
7618
4905
5900
7345
2383
5068
847
7473
1472
1406
3332
5258
3448
1864
3664
3158
8112
3779
8296
4744
2093
707
7151
7396
2330
9743
9544
417
5979
1609
9251
8759
3477
6018
657
8712
6458
6793
5954
2302
7581
327
3126
623
3185
5309
3809
2892
5332
3086
7048
4851
173
6216
8967
6220
201
7437
2774
7521
6498
8713
6264
5189
1743
1095
4818
571
8082
7496
3927
4218
1499
4187
7448
983
3699
1016
5972
4578
2089
6616
1827
9015
8947
4283
2507
3570
2204
9150
4205
3171
3244
829
5157
8190
2743
8804
9208
1944
7832
4306
2378
525
3901
2371
4094
2798
606
9052
1631
1378
9031
1821
4442
9187
1688
3063
8731
1963
7763
9727
6341
7170
6602
4870
4377
1472
8662
9411
3920
53
13
2355
9186
6900
8238
1600
7239
5763
9741
6993
5022
7576
6804
6610
6977
8036
2668
9267
8828
3979
5819
3927
9484
6808
6063
5117
4703
4313
3682
4421
1152
4430
2356
331
2557
8045
1861
2065
7564
3952
5997
4089
7986
2992
8305
999
7429
4934
8831
6199
5569
5790
2634
1408
6327
7785
1096
2294
3177
6190
1627
8764
2966
3649
6375
1554
6201
5341
7495
6426
4671
4976
1087
2737
7398
2723
3159
5247
7849
8547
8264
9461
3249
4582
1095
9844
829
5695
2973
373
5894
7535
4147
5799
9807
3707
1335
8478
2069
9945
4480
576
6560
5400
8600
3943
7948
814
9587
1941
1838
1658
8414
3269
8193
6529
5255
1474
8757
2688
1171
2893
3703
3884
2683
745
5089
6512
5324
9914
3757
2938
1090
5536
1539
7039
373
5321
9705
9632
1765
3951
803
9123
6779
7915
1045
8998
6421
5717
569
6641
4943
4146
5490
8373
2202
3416
2233
1957
3290
1633
2524
1074
6253
1647
2962
4341
9691
7350
164
3927
8199
8449
988
8907
1062
5652
4013
1575
2415
3514
7033
2591
4628
4316
3462
817
7358
7796
7498
5470
8009
3042
3900
5766
2572
165
7756
4839
4875
33
8605
2905
6723
2362
8656
9529
5382
3544
2655
6968
6226
56
6756
8119
7026
453
8366
9937
4412
8834
6869
1200
8313
5783
3586
496
1893
9850
7491
8885
1651
3592
2442
5083
7377
7649
545
8476
9643
2001
7311
3111
5238
9911
6954
7631
1231
4915
390
4317
6423
5549
2077
6853
4720
8773
8697
2072
8499
1385
4346
6596
8506
9597
8812
3977
8025
1392
756
2928
8525
2485
9569
6220
939
17
5689
8390
3550
6007
2040
3894
8406
1297
6425
3007
8322
1075
9803
9825
207
386
2799
8760
7825
9805
4700
2142
2551
5505
6521
6987
5566
20
7642
2306
4960
9809
5006
4118
9287
2635
1222
42
4458
5378
9367
6236
1095
5298
1392
5362
7398
6142
2441
1483
299
2112
3473
5093
355
8301
7497
6982
6325
4020
1872
1557
6751
4828
7201
6448
8397
7462
7030
7029
5038
3726
4044
594
4744
8355
4348
2454
8237
5928
5475
9443
6239
9470
4019
7583
8298
2385
4534
4672
7747
8564
9368
1143
6123
6896
3672
8736
4765
736
4041
5109
9106
9385
190
515
3860
9804
883
7911
8483
5415
664
4489
6467
3689
9412
3942
8603
4796
4428
2212
1305
6749
985
8452
8190
4972
1186
5384
583
6766
383
733
9315
1887
6879
9351
2585
6735
9610
4794
5335
1164
4123
4721
1482
794
3552
8043
9393
9447
2969
4319
2705
2134
9035
9968
1496
724
1003
1776
6720
2074
743
9739
9153
4300
1409
5140
9700
1279
384
5416
1329
3543
8566
3722
9570
2871
6652
1826
2934
1618
9387
7872
5428
4305
683
6913
458
8226
4744
2974
2303
4403
26
43
9892
2870
2394
6432
8499
5670
4633
3546
2160
5430
5239
3735
5742
2156
4483
5195
4798
2972
3712
6229
8847
1603
7923
523
7981
9155
7678
627
232
7296
5001
7798
5066
82
3281
6025
527
32
6428
8741
7346
9093
549
4607
7737
7530
620
5502
6475
6979
874
8502
6994
7938
269
6851
7892
9544
8395
2133
4775
1372
1890
5233
7175
4573
2815
2246
1514
845
302
9257
8269
5917
21
7124
6464
975
9079
7381
8329
2195
2769
1783
195
595
506
8367
7964
8906
169
9455
5829
2061
5426
3389
6899
7692
5983
4547
8483
368
4446
2743
4224
7750
6030
7273
9953
4921
6292
8131
7116
9279
6335
5330
7503
600
1888
2499
8990
3978
3855
7123
4512
7725
9708
1993
4420
4668
3932
698
6224
6735
6210
9744
4008
963
4205
3945
9903
3289
3069
4469
9337
3907
769
6490
703
1367
5635
2471
1744
1053
3954
7829
8577
1909
6397
6858
3770
9128
4525
5572
518
8814
671
5158
8497
3167
8657
2794
5147
6828
2522
6393
4277
1751
2588
429
1845
6475
1953
8759
638
9908
9534
8303
6973
6335
5281
2009
6753
3049
226
6352
4819
449
6684
7839
9379
2765
5765
5429
3665
2821
9431
9776
4653
8889
3387
9680
9380
1484
8511
4235
3867
290
1274
4359
4856
9776
3811
9562
4387
4375
1248
7291
6172
3586
2338
2531
278
6594
3283
2846
9575
4472
7686
5428
3018
9748
6532
3664
8323
474
4772
1609
4742
8160
1209
7025
8344
1828
149
3184
936
1599
4097
6890
7158
5183
8361
6671
1644
6826
6371
8318
4640
2839
130
8913
8828
7216
5892
6438
2740
2517
1622
2651
1310
8620
9402
8254
7013
5642
4273
4535
997
8867
9919
2719
4526
3285
9685
7543
4232
6450
8117
7402
5306
5361
864
9302
8447
7070
2496
5856
781
2365
6685
3659
1524
6362
8201
487
36
5583
2820
1985
2715
3531
8681
565
8751
6566
8041
8483
844
1556
4884
3333
3702
9721
2434
8796
195
9236
3945
7301
1241
8600
7340
662
7367
9996
1193
4101
9226
8630
3476
192
2815
642
5664
9031
4618
9466
3874
3571
2822
6929
5736
3523
4810
4348
3200
1917
2445
4725
5660
1032
6479
6387
1362
9558
7429
2121
3662
3754
7549
8448
6037
3110
7235
5259
5336
8277
6884
8566
9997
1282
9130
2248
3081
6715
5455
1475
7261
1812
2093
7413
8486
9853
8127
6472
9035
830
8665
2824
1544
2748
7341
3991
5968
8583
1960
8007
229
4220
9055
9320
4247
1380
6076
679
1755
7955
8296
9298
8072
3307
5838
7672
5088
1878
5140
3817
9310
3109
9336
6660
2738
3932
9733
5819
6295
28
6835
5561
588
5086
2517
3653
2302
2397
8280
3086
1387
4787
3923
3455
2875
5727
3355
1849
5423
7593
3826
4042
7998
488
6757
113
8251
8473
6638
2959
3126
2744
285
610
2196
859
6669
3746
6484
7413
3270
9524
1763
8688
124
220
3092
7934
6642
8248
6109
9831
5833
5322
6491
4305
9095
9391
1787
4680
6192
563
8755
5014
5461
4331
987
289
6214
2337
2751
1253
4812
5514
5060
5419
7848
4231
2375
4624
4530
9113
9411
5809
7623
6141
2146
6200
966
427
2995
1783
5633
3183
4266
2092
7359
8643
4673
8643
7883
4350
4539
4825
6475
6482
2192
4917
6883
3844
3480
1173
6108
941
2919
1810
546
1142
8420
9257
4762
6910
5656
4182
8240
117
6966
6876
4568
4509
4476
205
3298
9305
1092
9667
6984
8233
7595
1598
2773
5962
4811
6561
9087
6873
4664
7786
2054
9878
6500
6405
8637
1321
4644
2754
5826
2420
2254
8877
9228
921
8532
67
6835
7554
5258
863
3325
7705
632
364
3729
3548
7122
6123
868
5915
6788
1465
6429
8343
5082
1265
8075
6188
6403
6069
8905
5921
2391
98
4322
7427
4903
8662
596
3852
2842
2555
9869
2786
9959
2833
8605
2135
410
7574
2628
2026
6401
9746
5805
2738
860
9627
8119
2286
2496
5641
7816
7190
7250
3204
1987
5931
3872
5754
190
5693
2693
2873
4680
5926
7
4114
8120
2851
5870
27
4361
3855
4114
4734
2741
8630
4294
7521
6274
551
9693
3128
5157
1535
4033
7151
2317
7700
8502
452
485
1275
3784
1380
8711
5785
504
1261
7335
4252
495
2666
6264
1285
9551
2930
2334
8051
6577
257
657
5564
3637
6500
6834
1416
1743
1543
6106
3723
2142
479
1889
6266
257
6729
5285
4985
926
1177
5865
4794
9569
2483
1088
6051
1689
4251
5323
5222
4506
9018
4611
8656
8964
2773
9880
3184
7429
3861
2408
5042
3183
9045
395
1838
9961
5863
5497
286
4945
9363
9801
6650
5447
1905
7854
1262
9776
1401
8993
9945
2984
437
7656
8322
970
921
2624
5832
6774
6959
4148
4876
7481
8905
6851
5550
4030
384
3171
9798
2997
6355
8604
5193
3485
5712
9821
8956
843
7935
2966
8355
2839
8093
8995
5609
2434
4338
8860
1427
3131
7848
1342
4197
4900
4883
4057
4750
2688
2261
4986
4677
1455
5693
1700
5260
5869
5862
5059
9286
2644
8125
7183
2549
7322
6517
6578
7940
75
969
9607
232
4445
6474
3494
4602
3355
9613
3720
6714
1565
816
4087
5261
6620
1153
8292
3371
9402
5534
1672
9511
3664
3003
689
5500
1336
3751
5336
5667
5370
1186
3951
5646
4763
8707
4088
9353
4041
9533
265
595
5166
5940
6538
9386
8657
6738
8871
6362
9066
2354
4049
9733
7561
8536
9010
4964
9872
1340
4816
7128
8638
7266
4190
941
9670
449
9804
8049
3587
5359
9525
5365
4974
1331
3070
8685
731
4086
7809
6256
1740
1283
423
4610
5355
1978
5153
1407
5473
3049
7160
6812
4354
282
6593
7204
8812
465
8227
9049
3037
9963
826
4718
4638
3028
9806
5312
9374
2782
7535
6182
8736
5555
2382
4766
9661
6453
9096
6375
4434
3440
894
5434
8152
9681
8119
1729
3439
5231
9898
496
3414
7301
1292
9274
3076
9866
4831
813
9591
2785
8713
5196
8773
4985
2200
6240
6596
2598
6458
5295
3115
9281
8403
1180
4680
8109
5169
656
8877
5105
2164
9682
4676
7865
9455
8800
8877
5741
9025
54
7776
6771
3430
710
4891
5900
1646
3099
7664
6093
3562
10004
1011
6896
5077
9839
2929
8668
620
1605
7221
5588
9875
4292
4154
5798
4019
9163
7444
5207
9454
6785
1796
2229
9879
1884
2911
900
2411
149
2084
2233
5454
8232
9803
9598
9300
6410
9290
3558
5485
8854
5194
5277
5004
1647
6538
4955
3859
8757
8738
2769
1419
2396
7508
2895
8622
1710
6030
3580
1654
3039
159
4787
534
2843
1320
9291
4064
3363
6942
5394
6303
2116
9126
2132
41
8376
4724
5885
747
6782
9567
424
6741
9423
1562
8093
9684
5532
2721
352
1059
8259
7653
7847
6275
4112
9687
8704
6651
185
8650
62
5707
4607
2851
4009
9615
3913
4870
1234
6317
9953
6129
525
1226
597
1813
6109
8274
8924
5747
1737
6743
2464
6184
9693
3253
1160
9332
718
1371
71
6007
2818
5728
3908
6276
9764
4428
7854
8634
9994
973
9264
3245
8385
4093
1302
8016
7423
4488
3970
8082
3620
4146
7617
9495
1627
9886
6917
5892
6270
7214
880
5662
4009
6458
584
1107
9900
2944
9556
7337
1066
8183
1000
6872
4080
803
2037
3563
1126
6839
9437
1214
7587
5644
4680
925
2688
5408
1211
7773
641
3474
9789
4837
1130
6918
1150
4794
1899
4344
392
4820
3
9549
9948
4429
2268
7709
7676
2247
6759
571
2218
1859
2549
2148
4688
9952
5584
3065
3774
9252
7667
2010
5327
6167
4733
2652
1058
5964
2624
4073
6598
8009
2916
6817
3146
9142
4312
3400
573
9138
7430
1698
5241
4988
9256
9998
4157
8334
6730
2354
1869
7229
2476
9865
5557
987
4476
8623
8477
1283
5809
1625
2499
3676
4606
7372
7146
8814
9338
8382
4232
5235
9208
5566
1568
4250
698
5637
8767
4209
6908
6445
7828
6491
5101
3774
3161
8179
1975
2843
1984
5207
5819
288
3184
3472
1374
4144
3930
824
7755
2753
8958
3796
8533
4675
756
6887
8924
6290
8832
3377
8391
2734
1816
1221
5433
7851
8073
7402
399
1660
6822
9443
153
3190
7762
3225
2776
7507
2699
2817
696
6292
5379
9897
3656
5244
7795
598
8230
4253
4371
5097
200
4671
7382
255
2944
797
5456
1126
1742
914
3283
3231
6682
8677
9793
3551
4309
1745
6022
2530
8146
6455
3869
5469
9846
4067
5066
976
7230
4355
2110
8557
4887
8202
4541
592
8265
2288
7682
894
1849
6068
4594
4121
9808
1640
8123
9557
3706
2905
2434
2099
7423
7378
7854
3416
4381
1944
2997
1762
3260
4798
7324
917
7241
9980
7080
6351
7604
119
4214
5695
1556
4926
6738
5049
2704
2735
6914
2235
9160
8489
4488
5124
7885
1530
6371
6059
8061
3311
1153
9323
8843
1365
4962
7745
7247
1807
9606
879
2379
7161
8862
8000
6208
6536
1951
6125
5108
1641
3078
4881
4596
10006
7926
9192
8208
2727
986
3230
9037
3681
2499
4947
6928
4196
8860
3787
980
2995
3003
2430
8610
9620
4468
4665
2849
1987
4609
7050
3001
7594
2713
7795
8463
3617
1954
2372
6747
2449
2533
2809
4624
1022
6102
4367
5084
9641
1182
4365
2656
4051
3727
8789
7402
163
9942
5420
2084
7676
6838
602
7706
1599
4588
787
1036
5959
5287
8050
5439
4587
9342
7592
2471
4366
412
8141
6635
1968
5359
2966
134
336
1227
9041
8785
2317
3159
360
7835
4850
329
3291
7006
9261
9197
7518
9383
7646
2818
6363
8689
925
4915
9019
4217
5301
5808
9860
6809
1984
4930
5090
5074
8029
4692
1393
1738
5449
2675
3204
6976
1252
3897
6700
6013
4568
7610
9777
261
7257
4191
6788
5957
7877
8184
4309
1830
9635
5590
1010
697
8436
5454
9953
1914
1874
8547
5940
6343
9088
1612
6624
238
5489
1035
6187
6602
5300
4226
4702
2966
5783
4817
8871
1732
8768
4740
9340
6430
8213
620
815
8624
6692
6982
3962
4859
2229
7526
2525
1698
2332
3526
5796
5531
13
6071
6544
8011
883
6472
2963
4809
3952
2099
1408
8191
6932
3262
3612
1937
8487
1700
9966
9930
8124
7060
547
1520
6554
696
4826
731
9301
2967
5254
2719
5232
5521
6825
8016
6264
9793
5545
3283
7413
2039
796
8913
6043
2061
4178
4840
5413
6272
8185
5059
9985
5771
5097
150
3386
5689
9139
1460
3257
8751
1603
3622
2813
2381
9682
8687
1887
4551
2329
2159
9741
2394
8416
9228
4812
1992
2831
3834
6967
4594
2483
9535
7692
4864
1780
3027
3718
1164
8274
5845
9655
2940
3122
2820
2131
1268
123
461
8550
1294
5300
2876
5959
8297
1820
2280
2421
8887
807
3139
5367
9580
3552
7511
3660
7247
2368
2505
9601
4262
4886
4442
1327
7169
9371
9637
2717
4226
7685
1986
9730
4223
5094
2540
8955
3723
9021
7894
5227
6404
4084
2709
63
3582
2703
8408
2054
9074
1808
4432
5773
1200
1495
3279
97
1249
9804
6274
8460
8756
4163
7080
7695
5953
724
7703
7650
4747
3296
3114
7421
7362
4241
603
636
5349
449
3130
968
743
3905
6185
3303
8084
2663
3113
6708
9229
298
9066
878
2686
2778
4805
8787
1683
5105
6959
6745
1266
5242
6182
3250
3884
2973
7566
2852
2069
2871
9088
2991
9535
369
1174
2691
308
2020
4982
8460
7081
4705
3597
1350
3377
5508
2656
9272
7230
3934
9737
1905
5885
888
4003
4742
1010
3029
6678
4262
9087
9043
4811
6178
6891
5476
11
3507
6670
4263
1927
6639
6203
8038
4612
128
169
5027
7230
3677
8138
3603
1495
9302
7957
3916
8474
3620
3924
926
5056
6260
3819
9292
5609
7234
1933
481
1983
7643
9508
6036
5821
1731
2972
2936
7017
4832
5535
10004
7167
5663
5240
3270
612
9931
3031
4510
5703
573
7172
2423
7042
9106
2431
2094
4156
7878
6230
8253
4061
1470
8961
5729
5803
5297
6133
148
8685
3295
8016
3435
9506
1843
635
3345
46
5599
3504
4705
8968
8840
7097
8099
781
9958
786
9793
1717
229
8091
1963
5246
7987
5602
6504
664
2626
2786
9537
933
6190
1904
5462
8125
6418
4788
1532
7350
6815
9731
7228
5392
2089
1386
911
8020
9099
7775
3277
5962
146
413
3934
3125
615
4046
9547
7895
7575
5372
2218
5745
1412
17
623
4554
7057
705
3299
5827
9921
5081
4077
5132
5425
3962
1377
8683
8309
8503
611
9342
6409
8018
9865
2127
1714
6312
972
7174
4758
9420
843
8392
9117
2640
4185
9973
6377
9383
7367
4561
8784
4925
3149
1537
3791
933
54
504
6128
7831
864
121
7386
7004
4548
1152
3231
5144
562
9171
513
3287
9067
1864
3061
1789
3625
6953
6649
9649
6660
8244
5144
9136
8291
6037
9488
842
3536
7211
8097
7012
6626
7211
721
7152
2250
6309
8908
2268
9699
7460
2297
7881
855
5559
7315
6594
3986
4770
9730
594
4867
7486
5970
1029
8971
8429
1734
4021
9348
154
2653
4250
1869
5026
9338
4178
1257
7253
4362
2821
7554
3033
9470
3172
927
8576
6914
9436
6839
883
3893
3254
4415
9747
8079
4630
5630
7331
3703
4589
6426
17
4341
7738
774
8138
2878
4238
5841
4886
7633
8377
2936
7289
8492
7839
341
2808
4236
1636
5727
4903
6502
4295
7680
508
9322
919
4187
262
4088
5455
4816
2626
4141
3181
8097
4093
2315
1636
3429
6387
7634
7195
5696
4
4073
2800
662
3197
6276
4926
149
3567
4594
9910
2210
7074
8269
8046
1780
2435
843
173
1992
8057
4613
6831
5218
554
6265
321
3529
3073
7441
2448
9953
2662
5776
2024
1534
3837
1609
8854
6160
6506
9258
4311
6857
4551
5171
484
8634
7650
6703
6109
3685
2476
8124
7801
9193
2508
4459
6503
4885
9802
2980
9920
9711
445
4015
7141
4867
4996
2347
4092
7780
9007
9476
8182
7107
1002
4497
2638
7733
7600
4417
321
835
8536
4917
7952
7173
9999
3994
2311
9797
998
9627
512
5999
768
6166
8381
4340
7617
9071
1973
1147
1970
5161
9988
5865
1614
6323
2186
909
4002
6551
5738
1978
1234
2055
283
631
9005
580
6499
8578
1904
1491
3301
1838
6716
4810
9723
1422
13
7014
3579
7431
7598
35
9470
6035
470
8046
6842
1876
2520
8945
3913
1462
9811
7166
4371
8604
7553
9442
9475
2302
9140
2149
3296
3414
5717
1748
2700
3116
554
3944
4886
9210
6681
873
4974
4411
9351
8565
4424
8067
8883
9755
5595
7985
4257
2435
4863
1613
5402
8723
9247
400
423
1611
2688
4346
3194
9150
2559
5961
4988
607
2676
7732
2350
8084
6477
1888
2515
8180
3088
7333
9950
2730
7267
1023
9289
8408
3006
2012
5731
9478
1399
4337
7975
6395
1355
387
3226
6488
2038
4293
6992
9676
2716
7421
2806
78
4114
706
3119
1008
4624
7131
3403
3194
7029
3930
2082
8216
8091
9622
7973
4960
4976
9359
1210
7863
251
9139
5654
6298
3367
883
3962
9312
2703
2526
2087
3715
7643
27
3541
2237
4800
2713
7837
8287
2484
6510
1054
5533
6644
476
7389
701
9974
8714
7967
9636
5819
4806
1023
5348
8005
8490
8173
1599
9225
2578
2505
138
6985
9928
41
8134
6365
4325
7025
4424
4573
1173
8121
5671
6764
504
6299
6909
3050
8114
8058
9159
7290
1142
6027
3277
7375
2610
8553
9604
9308
272
3321
9421
6544
4189
6767
852
4215
888
8071
6241
8623
9259
1791
5087
1137
6029
5652
9455
643
1821
8514
8268
6476
4450
4383
1470
3235
2464
4110
8760
1554
2771
2477
3960
9432
7545
9543
5320
2787
8948
2516
7572
3503
1781
3607
6410
5591
4963
8663
3808
1433
5649
5403
9794
9782
8972
4312
7828
5088
2278
8500
9111
685
5103
2987
5986
6424
9242
8884
8638
925
4124
195
3720
1429
2733
1479
6999
9427
315
3513
899
1584
942
507
844
5579
3069
3971
9933
7718
7294
3529
970
447
7937
3191
8667
2961
938
3073
2038
8700
8847
4495
3119
1744
8168
4468
7137
8785
373
3520
7633
6798
6116
2835
7955
135
6789
1986
6926
5619
3493
8421
679
5199
3334
807
7457
2694
7433
6959
2650
3878
9170
7164
7386
8709
9987
4850
2268
6567
3764
7066
9519
7161
7732
2343
3623
8113
1836
4448
7543
5129
569
6593
4811
1113
137
8853
2437
129
8896
2802
3382
1488
5770
6747
2123
9346
3802
2474
8941
4812
8602
1483
6307
6092
1492
9460
7405
6747
2846
2695
6471
1974
8719
4605
8792
8560
8221
1503
998
3982
1565
2991
8914
9702
2497
2831
1040
1890
9627
23
2390
1516
5937
7467
6984
9227
6945
8090
4209
1528
2672
733
4867
2657
7652
5468
9103
8649
2761
5043
9946
7953
7732
7973
2627
9842
4990
2208
1722
7797
6654
7690
7348
3155
1431
8095
8648
2248
1005
338
4901
7568
5235
9067
4157
7136
3535
9665
1201
6269
9797
1974
3016
8864
4089
6339
9964
9741
109
7184
2697
2420
5333
1202
9354
8435
3490
7063
4046
9387
7681
9488
6058
2458
1891
5411
5851
5848
3300
6563
886
8493
2545
9762
2727
2573
1734
788
7662
9896
7796
5179
1759
9499
7109
2111
3178
9778
1047
905
3860
854
7391
3353
7447
3730
8626
3296
4284
7129
3305
149
8123
2075
1648
5339
5354
3685
9246
6912
1011
9519
9120
7128
1560
433
822
7716
2205
8306
9204
6527
3063
8463
1947
5476
6822
2287
5885
9595
43
4217
5245
6607
1658
1895
8824
2812
4256
3309
5015
8863
8638
5421
6397
9381
4408
5576
3102
4718
1356
157
5202
4529
73
6399
1059
644
7322
3045
2422
8429
1407
3673
7735
4279
8546
8781
3056
2484
3605
3671
1480
1799
3317
3247
1762
119
4600
9860
8808
1623
8413
2461
7241
7608
9279
1597
4887
4034
6447
8230
810
9879
4475
3523
3557
3030
8935
2037
1526
2596
248
5927
5800
481
7658
4941
4796
8401
4402
7174
660
7245
2305
1333
7468
3411
9932
3329
9717
6555
6582
6500
7059
8643
3461
6599
3624
3396
2644
6028
9721
4213
226
5366
9518
6368
8577
257
4145
8930
2860
4720
9755
261
1396
1587
9018
1885
2248
1566
9377
8321
5700
4638
8880
3932
477
3012
3373
6831
6397
6671
3149
1872
3697
8807
5241
6325
1625
8980
7795
6801
4806
2712
2420
5795
5719
2912
7409
9050
9583
8044
4428
6190
6603
1482
5824
9637
9544
5474
7464
1098
7559
5645
22
6411
7482
2146
8428
729
57
2887
5477
4086
8707
8411
5248
5513
5052
8075
1160
5730
8703
1073
9690
1659
4943
9353
1655
3508
7772
482
7044
5148
1456
4967
6062
6535
1573
6211
310
5447
8807
3278
3385
9613
3760
7323
5258
26
7186
5138
3519
1584
9095
8546
3067
8012
1653
4298
9625
1174
8909
9554
2656
8480
6122
1027
2303
9190
3958
5932
6445
3213
6321
8028
8672
9970
5690
8534
2507
5244
1746
2487
4391
5234
4543
4399
2485
1659
861
3984
4648
349
961
3169
5966
4056
1582
6255
4309
485
1329
8630
9807
8786
2538
4204
839
6910
2066
571
1199
5711
2741
9605
167
8627
1174
206
4561
4366
8835
6019
9875
7954
3186
7049
7235
719
1060
4615
7890
4467
5137
510
4830
5791
6517
2996
1498
9867
6749
8739
3332
5019
3842
3913
3437
9456
5120
2280
1926
1110
7399
5429
3550
8024
3382
7611
8175
2875
9485
8454
1005
1774
6655
9254
9652
7684
6453
6538
8596
5335
4769
1999
513
6140
6407
388
6153
511
4761
8213
4091
8767
1969
5269
1291
7565
2186
1964
3920
133
1115
181
5860
654
4888
5715
6597
3563
9244
7573
8283
9248
9960
4288
1548
3162
9933
7708
2920
8494
5336
6580
6130
9088
3756
8979
2765
3686
3603
2320
5594
4819
8203
931
8315
1744
7143
1495
2190
6008
3426
5319
5708
9689
2618
7593
8296
1654
6039
5975
9963
5183
2659
3336
4948
8089
2828
6304
932
824
7397
5649
1186
301
7114
973
9466
3454
5316
2951
2336
2112
9944
9256
4619
7007
2465
2612
4426
5622
634
9049
9006
2022
1923
4307
2931
9305
8173
9187
3919
2932
4649
3121
3614
2421
2531
1984
9176
3847
1274
6266
6380
7738
3348
8346
9433
1905
8511
6302
882
3648
8443
6878
7836
7772
6354
4954
8969
8978
4457
4235
6806
1851
9152
6000
4564
9550
9412
4024
5350
6392
137
9449
4570
5633
3517
307
9765
5648
7374
8035
3603
6211
7444
5536
1553
1040
3818
6611
9930
2826
6349
9515
7883
6658
7949
3646
5516
3278
9594
6329
2093
7107
8983
6324
1082
7835
5806
5030
610
2721
3572
6371
8962
1065
5344
2976
8131
9262
4649
4508
8116
94
2134
5930
8841
702
7226
1616
1210
746
4062
843
2110
7210
994
475
2731
1417
7361
3013
1296
8386
460
9645
8336
4866
9928
3285
566
3578
2204
8917
1776
1545
2311
3742
6382
8018
8669
3806
4235
4257
1106
3697
3950
5671
3399
2648
752
8376
9163
1022
9131
892
3087
6674
9445
790
3391
7357
780
193
916
7265
1471
9373
2391
5686
8931
6418
1711
1181
4500
6573
1244
2995
8657
3406
1365
263
7306
7464
3600
1094
9784
4895
6316
6373
5279
4214
1743
7669
9567
2475
5652
4637
9490
9435
1233
4489
9673
3151
1381
2643
8322
6229
1639
1059
8313
8826
3881
5274
6202
4272
9627
98
8580
8367
3640
6818
6162
9780
9920
9872
8992
3083
5700
9134
7400
4877
1790
8207
3548
246
3385
5767
2505
8917
8948
8486
4679
6727
5781
6268
5669
9195
200
3024
2825
8437
233
9589
4807
1314
9146
8143
8308
1364
5906
7535
8605
1317
9594
1712
824
2395
9305
6360
6008
5009
3608
9172
5933
9865
9780
3390
2504
859
1613
9021
4754
8509
9114
3102
7499
2764
707
7892
170
5798
2741
6605
6909
7931
1059
1447
5602
37
773
1706
8393
8462
9154
1405
1591
6950
4666
9058
2068
3366
7083
9256
3574
1535
6832
1548
7710
2254
7179
7060
5801
8139
3222
9682
259
7550
163
9908
7321
123
6529
909
9392
1656
8000
1249
6220
4327
922
4469
5379
218
5629
6424
241
1595
6960
8388
907
4893
8750
388
1386
6094
7265
5384
5663
9204
955
4694
127
1045
1880
112
6633
4507
4252
892
5915
2940
9060
8590
1108
2193
2569
1648
7862
7316
3993
2964
7370
4348
6801
7982
5770
5127
836
9283
4120
356
2527
5610
4181
959
1510
2258
35
3801
4850
8764
8001
4436
9981
5482
2501
6948
1350
3318
6300
239
2106
9187
3316
693
2773
8415
8773
9356
4249
3012
8843
3107
5818
2521
600
5073
5394
9302
7157
8027
1943
4030
6168
2880
5541
434
5674
9335
2999
8384
1812
3106
2609
4153
5415
2100
3025
1047
522
2217
8316
4412
706
1807
4214
7601
6538
2474
6725
7124
9655
1082
1944
3421
2816
9324
7082
5618
2387
3479
3440
8437
4241
7843
7937
9713
8764
2978
6608
6894
6347
4731
9467
3679
9206
4891
5032
7507
4537
7401
6315
9519
2115
956
5879
2132
9558
2528
2306
1030
8786
9696
1241
1456
6901
7675
5661
6208
3662
5091
4538
7917
6826
5799
1907
8087
1174
676
7525
5746
4002
7937
4348
9353
3086
291
5766
3499
1156
9037
5306
5912
2997
5395
5146
2841
3191
1477
2654
2197
8795
1734
8423
6954
847
3079
9525
4692
5957
3102
5354
3450
7063
5393
5919
2121
9200
6356
7295
158
4425
1314
6888
2054
2274
5988
1275
5445
5633
6833
6194
727
2987
6065
3498
1258
7682
9040
2428
7158
7650
3649
5615
8558
8752
5685
6888
6012
4119
7057
2327
4087
4471
1913
6206
8923
3264
4938
121
3166
5695
8385
3899
7926
650
8725
3384
9413
4338
3834
5977
3336
9628
1410
9331
5343
2961
1751
9685
9151
9563
4455
9398
5627
1751
8073
7005
4023
8849
1629
1201
312
5089
602
6432
8688
1180
8839
4611
611
8100
6232
9189
5840
4033
3756
8539
4630
6379
7961
1991
1444
1904
5960
243
3785
202
2025
4754
3802
4100
9389
3185
3503
7174
1244
2575
9772
2570
2538
4554
5912
2284
7149
7604
2244
1013
3681
8736
231
9071
6201
8648
8240
3288
2628
8720
8660
8713
7170
3181
4201
9176
81
4543
4846
1726
3924
9982
468
3843
3905
5417
5754
7370
6735
6671
7274
1430
3853
427
4262
7550
7557
8788
5734
9351
5937
6189
5783
1884
9211
888
7734
7887
4720
9913
6164
9208
7017
755
25
296
4971
3440
4615
7886
31
5771
2435
4518
8588
3400
5214
3004
7063
2498
5843
2876
5795
6999
3952
7464
5822
1302
7617
4401
6418
3911
7569
7003
6253
4317
2339
4679
288
3318
8064
1968
6185
3787
4862
7802
3
1100
2841
4160
3577
2002
9993
2005
8198
3361
5738
2681
7207
8862
2887
3314
8097
9266
241
7191
8506
5486
2847
8621
4511
3130
2142
3264
7560
8232
3100
1264
3746
4066
2944
9815
8903
1071
2483
9826
3953
9792
5337
50
5563
1958
7499
7439
5411
8807
6609
4025
285
1877
3330
3674
4415
9163
4639
2522
6398
676
7181
7611
5724
2318
7278
1280
1335
8847
4696
9185
2026
5107
327
7648
9660
9728
6275
5425
9456
4776
2858
4992
4073
6870
2938
8902
8563
1815
2200
204
7263
4835
5195
4385
460
3032
5296
8007
6495
3093
7106
8679
7360
6321
7725
4357
714
8683
2891
4026
3032
2028
3990
5541
5638
3269
9239
3891
5061
2041
1300
3622
9178
9507
6785
3512
1807
7933
3076
6819
3590
8036
2144
4586
1793
4849
2034
1973
8020
1312
735
686
6090
4730
478
3682
8601
7790
6912
5858
8870
376
8329
6937
94
1811
2152
8611
1226
6143
8899
8025
2769
3512
5607
9849
271
5571
1507
9407
6304
4609
5966
8831
6424
6054
3576
8054
9991
296
8824
4819
1002
1293
6871
8545
1139
7324
9672
7039
9326
4025
4881
162
4628
4123
3905
9809
2531
8799
9446
4156
976
5956
3138
375
2234
5652
3464
4794
3620
6580
265
7603
8289
5061
5609
9492
5669
9941
4269
9882
1006
3280
2911
380
5496
5009
6760
7426
918
7210
2090
8472
1516
2623
6474
6991
4438
9098
7149
9507
1981
1806
4709
7494
4902
1110
8336
1552
7465
501
8045
4209
267
7181
9696
3448
4880
7299
7806
9853
6549
942
1792
8819
5137
1896
3870
9994
2107
3983
6261
820
201
4156
2453
5688
9612
5807
1763
2476
8546
4378
7715
6127
6591
9311
9185
3404
2112
3603
6159
3056
2287
2228
7451
7363
9396
5633
1367
7321
1651
6576
2516
5212
9582
5220
6053
5390
6731
1773
4856
7549
6517
6243
4877
1701
8538
7132
4876
8300
2269
9877
5096
1240
1547
1696
496
2315
7521
3396
176
5402
1388
7741
9630
6300
6276
3455
7534
1199
7065
5263
7059
8900
9916
9299
4892
5227
8260
4535
8097
6844
166
8368
8657
1155
4671
9707
1632
4845
1281
3677
9110
256
2165
7013
2464
6519
343
1959
2262
5769
8727
7145
8899
9021
7771
6835
3883
4702
8291
5097
3923
7772
3990
9075
1793
4742
2460
2777
7484
2658
2876
6102
9738
8510
1003
9354
2653
8545
2675
2943
8093
9258
798
3682
8866
9902
1933
8233
1953
9734
2448
6691
6421
6537
1633
3241
362
2789
9061
7640
9182
4015
872
8065
2999
7683
6650
5750
9028
3539
3570
1158
5983
9800
8375
7118
4510
3399
303
4787
9568
1276
5395
1817
1610
5440
1776
3194
6412
7424
2839
8836
8760
7305
664
9221
9001
5280
6035
4123
4437
300
8857
5266
4678
2558
4256
5649
8148
7470
3504
7872
9957
9003
9145
581
8251
338
2090
8492
7001
6539
948
3501
4082
3752
8835
9103
9795
138
3255
3937
6571
8648
5741
5370
4218
9687
5588
8687
4723
8972
9447
2658
5297
1600
5730
1414
8072
6998
5588
8219
711
2944
2941
1976
8685
6532
5345
5452
4322
6282
9714
74
1869
3607
949
9878
8291
8947
7747
1947
8944
2366
1125
1864
7056
4293
9275
7578
6749
8438
1352
8213
4252
3941
2702
9473
63
5129
7231
9397
4437
3729
9686
5417
2692
6121
3796
6214
860
8386
6166
4740
9203
7469
196
3059
7382
5244
7814
5142
4813
7227
3819
8814
2116
7902
9582
2444
2840
9972
1687
5902
786
2273
1069
3274
8423
7359
284
490
2354
9515
7229
2695
5899
9232
5463
3704
2268
4330
9586
8105
9357
85
8841
9322
232
7065
78
9060
5378
2423
6192
4197
5083
4000
7909
7501
3593
4323
5257
886
7147
9909
279
1621
7043
8642
3700
5677
3367
7024
5428
6462
5996
8684
4248
5762
1827
8946
7
2569
4146
2925
1088
4112
3748
3102
38
2036
7785
6636
7006
7217
734
4623
4005
8162
4131
5969
918
6953
6415
9597
3201
6199
7282
3620
7206
2146
5574
3953
7722
8918
8341
5820
8651
3456
8721
2121
8992
5738
3993
2174
7978
4856
1742
7191
8200
9056
5904
6222
5934
5660
2641
6577
3908
6305
4494
4580
4997
2051
6877
8728
3902
1131
9696
9473
817
3110
1483
9706
1717
635
2503
7754
5616
1748
205
8041
1813
762
6808
4238
6355
503
5932
7492
5960
9193
8048
4362
2707
4567
5080
5283
6752
8917
4795
9840
1325
923
5210
8705
2848
1072
6033
2286
4710
6523
3744
9229
4304
3750
2536
952
9754
7204
2283
10006
8793
2078
2383
6937
5011
1541
844
1323
1414
9942
3404
4132
3279
4998
7993
6683
7867
6459
5831
7919
1734
6497
9535
284
5851
4644
8962
8419
5209
4924
891
2623
2467
8299
683
5183
2444
9615
4296
8157
3088
2325
4394
8832
1781
4376
6867
4458
787
6628
3709
7166
6171
178
601
9384
3463
8997
4790
1416
2615
1513
3347
1017
5261
7365
9076
9467
1198
3925
7108
8728
4438
6230
9502
9469
2048
3829
729
6088
4293
6267
4898
1491
8929
6618
6027
1727
8950
8763
5914
4508
9781
9706
7679
1587
4608
3458
3327
5999
7470
7648
3970
1011
3845
3207
990
4160
2573
5506
561
8530
906
9528
7465
3190
888
4601
3643
4901
371
5627
7378
7395
7713
7469
4306
1058
9488
2838
542
6404
1791
3623
4501
3290
3476
8020
4035
1476
7156
1082
1935
9347
2317
2297
7112
8854
8017
3836
4821
4042
9613
818
9656
3150
7487
4616
6861
5424
5076
5365
7702
3824
1326
8493
7829
8727
7662
8879
6192
5476
627
6059
1184
6869
3563
1807
7075
1376
2758
1340
7474
2365
7374
4394
427
3874
2592
5842
8748
1381
7197
2220
494
47
6694
3782
1092
3081
8537
4930
2214
4291
4982
8470
1240
1516
5746
1467
7842
3493
2360
8731
1051
1033
7606
7572
4224
2614
5719
2300
7862
7354
4403
628
2799
9048
3096
3906
4858
7049
1759
5800
6279
6749
8015
9047
9189
8576
4835
1868
7997
1758
3535
2039
6555
4746
9341
5033
5518
437
1686
7034
3076
1591
8505
8594
5935
4443
6463
1405
2297
4685
6230
1678
804
1274
6312
8501
8346
5293
7005
4961
3226
3276
5615
1147
8147
8776
4079
4698
7532
4062
652
8844
7439
4301
6990
8725
5321
9404
8099
5577
1199
8701
3546
4721
1957
3618
1624
2133
154
4826
1366
5117
1897
8005
5387
4366
8393
9338
5834
2859
1953
6028
4281
4128
2160
3673
9955
8899
8829
9886
10006
9193
3147
9397
3470
3813
7611
7353
8777
3743
2590
4949
5655
7941
9930
8510
1687
9318
701
293
2593
3334
7524
1648
7889
5848
8771
8119
3364
3161
1978
657
217
665
8232
1076
142
6651
9908
9378
1541
3239
6857
6645
9673
9974
3321
6390
7489
1092
5628
315
3291
2981
5495
2193
678
1151
5722
7406
4130
8538
8473
635
1823
264
8269
2641
9891
4159
4258
5166
7249
2009
133
8529
468
590
7221
2023
8385
1012
2238
5857
5562
7307
2195
5475
9170
3862
4914
1654
8108
6560
4462
4208
8993
5873
5707
4027
4356
6934
2635
5347
2542
2356
52
2149
604
5446
8459
8586
586
7083
2142
4730
7710
4071
9347
664
7534
939
47
8885
7518
556
9544
9573
4876
5426
5494
465
3384
1689
5014
1581
7532
8179
1802
8111
5561
5731
3371
9096
2420
5500
190
7283
7239
5027
2306
5955
5402
6399
7667
6009
5476
2184
703
8006
9697
1259
6410
2060
327
4649
5276
5462
1014
8556
6867
5750
5860
2319
332
4910
9
3197
9520
9903
170
2090
4794
414
9405
6675
3697
3406
251
4748
3604
6154
408
4929
5812
2145
9272
8634
6380
6341
1540
4119
3403
7638
1842
9185
7890
9820
7821
6634
1895
7137
8662
6840
9696
6968
5040
6158
5295
8351
6389
9818
2706
816
4304
9451
8415
6271
7103
7304
4278
2531
7259
1516
1384
4544
5594
3625
7462
9098
1390
7372
3723
7617
1515
1774
219
1249
3342
2987
8820
8836
448
8516
7271
8443
4401
5963
7467
6735
5679
6297
2392
2803
9945
1035
2835
2099
6885
3950
1073
6566
3984
316
5005
7778
4168
6496
4767
8863
8870
5487
5056
1680
2151
7784
9
7026
1324
7688
4591
2088
2278
3754
4513
1050
5591
245
4181
595
8642
8157
5783
5442
7601
6164
3075
9806
8677
3004
6625
6201
3960
2960
7661
1028
2207
6426
1362
3592
2622
8310
5524
9576
5245
6402
516
3262
8598
540
1470
8908
4188
2721
2110
2719
5211
7001
8147
7926
3232
6909
3513
7071
7583
4006
3156
4355
4737
8526
4072
6179
3649
5485
5911
310
6899
7718
4434
6997
22
8744
2111
5802
7884
6297
6536
8330
1635
7567
5166
9818
739
5324
9024
6923
8082
9817
1462
1481
4728
7203
6500
9552
6487
4687
7615
791
1878
9205
7936
7850
4634
467
5608
2983
5006
4689
2705
4380
9907
7431
704
2648
2258
1597
134
1997
6855
8230
3571
9157
5115
2976
5587
7502
7925
6246
4367
7378
2682
4810
100
10
320
530
5295
7914
823
8424
6229
1639
854
6956
3038
681
9922
3453
426
6728
3460
9884
2460
7589
7900
3443
346
360
7875
7849
1825
2745
2553
5574
2105
2548
7385
4307
5286
2807
4103
9900
9171
4298
4053
8946
9989
4830
5274
510
2458
7
9773
8823
8926
340
1642
948
2607
4210
9115
423
8279
5088
6659
7763
1584
4786
4184
8524
9309
2269
9557
6177
5364
4518
3943
5378
7561
7327
1357
4928
5473
621
2010
344
6141
3425
4659
3038
3410
8047
5167
4401
3643
991
4175
454
4518
70
7306
35
8541
96
6652
6110
9382
2676
7158
8367
5884
5644
7152
3854
3685
1694
764
6241
8873
1733
7948
4483
9485
9276
6373
5065
9195
5524
3771
6713
2279
812
4787
8143
2236
3000
4051
8617
5416
7835
2095
5505
6291
1768
7372
5921
7561
2985
4998
7880
2482
9621
9105
7773
3498
8835
340
9660
5270
6810
6441
7300
1755
7468
5050
6768
3193
3303
9266
8482
2259
8660
1921
3294
6504
8143
7703
5988
7785
3910
341
3175
5842
7730
3176
5719
5381
9199
6090
9858
5643
823
2429
2000
7564
2052
7088
3037
3912
551
1457
3122
930
6393
1465
2046
5413
1236
4476
8137
3237
4643
7425
7866
6372
9755
4127
1442
4121
3622
5427
3021
4256
5857
5974
5283
3103
2109
2210
4487
6772
852
635
6382
3081
9975
780
5685
9429
1050
211
7105
9184
7455
7820
7962
5018
396
1814
2442
9485
8198
9044
4247
8138
4401
4219
686
3123
7665
2113
3863
4240
337
533
597
350
5467
8143
6671
5591
3636
590
3383
1861
9892
4125
1349
4698
9190
709
7850
51
7694
7850
2786
9179
2297
6968
9299
2301
3034
8192
4630
50
3633
3683
6909
6187
5454
6547
6892
7705
5066
70
7587
3320
4348
1597
3224
79
1067
7781
3551
7982
9606
9295
1588
8139
310
4481
6708
7845
9951
8538
4333
9855
4070
5337
9096
1030
5667
1698
5090
3139
5653
4967
2165
5646
6820
6500
5338
3592
1834
584
3739
6768
1292
2627
7602
6368
1273
783
1231
2079
441
244
2560
2534
6542
5635
6059
171
3157
296
9537
6142
232
4919
3361
265
4478
6314
268
8146
9712
8826
2058
3941
2202
8968
6953
2267
8302
2855
4304
2936
6279
4338
7311
9010
5025
253
5650
3326
7887
8302
7168
2832
7654
4809
1766
252
6814
3773
7405
7066
6370
8655
4819
9151
240
3855
9766
2025
4301
1171
6116
919
7861
8383
9006
9986
6316
3294
5613
722
5064
7382
2631
9311
3853
2503
2961
518
9543
4436
658
253
286
5941
3967
6097
8273
4759
3364
2800
424
5397
586
3852
1379
9219
1154
9359
3703
3889
8855
2543
101
1619
4299
568
5440
9481
4925
6200
8727
8161
5325
1723
2040
5741
721
1216
3209
3645
183
9221
4177
8718
9836
2538
5637
9462
8703
5875
8933
9121
3983
9833
2865
9500
3148
9558
8093
971
6199
6681
7204
7948
9796
8323
9614
4456
3736
1012
4928
1311
5166
8615
4769
4849
1399
3130
4134
6520
4285
9593
6182
8417
1165
5542
1053
8467
8914
6496
4299
7727
5083
6258
3697
2779
7605
9306
5885
495
7397
3831
8251
1429
3474
7401
5257
5380
8593
4619
4112
5774
6896
2492
9853
7274
1489
7476
615
8900
6373
5452
4934
9534
7978
2902
5624
8795
6360
9024
3986
5092
7324
4156
2191
3203
4233
2906
6993
116
9110
8517
5155
1426
6717
8846
7974
6499
6825
6216
4927
8088
7375
9046
6688
2114
1800
4308
2304
5109
2889
2399
6319
587
9053
1578
5864
2349
6360
1402
2510
3360
6164
4693
3877
184
5659
7800
7000
9695
1811
4176
1066
8315
6923
9624
3283
2124
3220
245
200
6615
9463
6571
644
6763
2098
6700
1701
9401
7571
1773
6323
5757
3423
6806
7196
3370
7724
4043
1538
9097
4920
3657
2466
3858
141
1749
4887
2851
1531
4917
2537
7863
4763
3824
8843
5661
2402
939
6632
4839
1798
720
7266
7745
3277
1373
713
962
2293
2117
4982
3477
1337
8603
9270
9913
3455
3818
8135
3669
8740
9390
658
4481
8540
5616
6079
1340
2168
8177
2296
2943
3112
7553
5623
1766
3886
8940
7040
5892
2822
7813
9796
349
5086
2873
638
5435
4590
93
5282
5069
8262
7315
7836
1537
9212
6777
6813
5838
1372
1609
6074
6120
186
283
7591
1565
9478
8232
1608
7289
1953
3249
1273
5585
2700
3102
7505
9160
5663
3956
106
5239
6318
2078
8076
9896
6109
7863
2085
6118
1597
4950
3069
733
6034
2364
261
9529
9222
2705
5511
1557
958
4769
7254
5333
7100
7581
8027
248
5155
1579
1994
210
3322
8129
7486
6619
6186
2194
9799
2719
4177
7732
8230
5335
8128
3730
2589
8110
6295
9456
3383
5414
3835
1079
5261
5542
7076
7194
9741
6503
7685
6978
2610
5488
7234
5373
2071
6954
9219
8873
7320
3391
2070
7340
4945
5287
7034
5240
4326
216
958
3768
2264
5402
9088
4652
5516
2882
3238
8497
3994
233
2704
3455
5263
114
8301
7522
792
5722
675
608
1479
208
9540
6703
6757
5717
7855
2420
8620
1398
8935
9338
163
4062
8860
5615
5762
8489
9591
4764
9218
5304
5000
9713
8325
4993
8897
150
2390
8262
3091
2934
4288
8328
9483
3678
9265
6893
3382
9625
9634
1605
7058
4120
3225
3965
7615
6816
2286
2827
5358
5416
6540
2496
7446
2412
1871
1930
6080
1196
9934
157
6750
4188
5198
7256
8198
6122
6483
2924
8050
2909
6664
3503
2502
3459
325
5404
7978
7952
7071
2726
8701
1275
4894
1669
1476
1704
3129
614
5644
1318
5745
4153
5321
8504
4554
3488
2002
1192
2484
9063
7287
7592
3643
9168
2829
186
9740
2594
6352
2976
2014
965
3432
4935
6041
4415
5529
9991
9190
5057
454
7906
2336
2389
9498
5926
7628
3801
3192
7822
1888
3526
5104
1559
6768
4286
3452
8370
1104
659
909
8898
275
5405
2546
18
3551
8156
7193
7540
1594
9143
1498
8188
5848
2186
148
7336
8594
5695
639
2171
7398
1324
7797
4693
7536
7478
7495
9726
4501
9831
1230
7152
8819
8926
8720
1578
6274
9464
6346
602
1179
9314
8162
4382
5998
2759
9311
1430
9878
170
6978
1554
5861
5015
6270
1201
7882
1407
6972
3221
1157
6593
9497
9450
2519
8791
1876
1757
7646
2330
7773
2231
4887
9579
7023
9730
1797
8090
3000
2185
1056
3403
148
6401
6086
8593
5317
9792
4431
5744
8438
8817
5891
3693
3214
3684
3558
225
10004
4724
1065
7414
1246
3378
6576
6144
6204
6048
5686
925
5296
9938
769
8764
4827
8805
767
9352
6564
9719
2666
9489
2383
3921
2932
1146
8991
7066
6384
2004
2344
7275
444
2824
7425
547
9254
8993
3209
3938
4969
8903
5270
2425
1490
8530
3017
9016
7254
4916
3556
205
9330
5661
8237
2768
6899
2232
2728
2736
7449
9775
9738
7563
5841
5985
8428
928
3650
520
5540
7320
355
5175
7474
6449
958
448
2822
10000
4103
466
9558
4486
2364
9205
1340
8955
1064
3925
2568
5907
5833
4346
7253
5487
5214
2536
3553
8341
8477
9213
6827
169
7625
5192
3255
6165
7056
4458
6384
1367
9415
5388
1106
5484
6296
6644
7192
6229
1751
300
6714
9010
8104
6679
4911
9091
8444
4401
7089
7120
4095
8005
4262
5717
2814
4609
8399
9521
4877
2304
6855
4875
6435
5792
9806
2645
2796
1469
9495
4133
6520
4977
2062
8436
6994
917
9305
9113
1383
8945
8471
6873
4428
2023
3361
2853
7281
5547
4568
5014
610
4536
6654
5080
3359
1714
3448
5301
6076
4651
9331
7633
3215
5218
2529
3454
563
4339
144
7493
3510
5967
6633
4496
7287
4266
5816
2818
9158
881
5605
2990
3426
3643
5692
6203
631
4137
798
8268
1991
9548
6045
6256
9701
8947
1657
4732
7148
1512
9207
5763
9081
8983
1467
2349
2619
5590
156
2548
4988
5484
7853
6158
1005
5521
3581
1598
1365
819
524
3799
7711
7942
2117
6164
8150
206
2806
7688
3228
3143
601
8177
1024
2650
7918
6354
470
5272
8627
6305
6935
2056
2330
643
5201
9154
8663
5095
5297
5641
7910
1455
1903
5635
4440
1988
406
9779
7968
2118
7377
9488
1920
8249
4926
1662
5596
8953
1721
126
2469
8320
6024
7914
2607
9696
9567
3447
6502
2874
7840
1311
5638
3809
9499
764
3569
6331
4694
2
7954
9474
9472
4487
6882
8990
600
2736
412
9996
3333
1441
8917
9013
5457
7913
1351
1136
2683
4791
3351
3828
4460
9734
7579
6801
9844
7307
5404
4696
8350
9642
3284
4448
9858
9426
1057
5051
626
2609
1355
9164
3177
1432
3398
1547
8924
1942
8023
4155
2508
3857
9073
5743
5481
5641
8695
5817
9013
6089
9307
9207
1727
8495
9842
4902
6751
9221
849
8822
1351
9350
4982
8939
5022
94
4532
6509
8891
2411
2532
7289
9185
7566
4148
4097
1130
2518
5332
995
8045
7488
7417
4020
8879
6569
7072
3614
828
9367
9684
8142
1264
5390
9298
9413
6381
1159
6202
6130
7045
8787
3280
1844
5639
6131
1886
4350
8395
9350
3599
8343
1611
4272
7026
2275
5680
9249
1594
2366
5356
5860
4764
5259
2398
6906
2280
1091
6721
1903
3750
6655
1465
7995
8884
5782
346
3530
6193
6205
4747
6644
3019
9255
9821
8462
6471
9072
8702
5473
2856
1621
4493
8557
2509
707
1562
8494
2983
6501
6921
6676
5519
2359
907
9966
3462
6661
2974
7719
402
8011
3513
8464
401
8579
541
616
4363
1924
1600
7786
148
3709
9811
5756
2544
2206
7569
3283
8684
9115
1077
743
6683
8565
8701
9547
4753
6229
3946
6325
5311
2813
6366
3068
2805
7634
8030
134
2409
921
1135
8688
199
8798
7536
2573
6613
7757
8966
6502
6351
6764
7518
7562
3782
201
1086
9431
1446
2362
1574
9503
685
1269
9991
3366
9711
700
7424
820
1785
9269
3015
7849
4500
1091
4317
397
3983
8483
854
4460
6258
4443
3893
9878
6254
6722
7904
6806
6265
6922
9112
8151
9647
5049
8845
701
5749
9692
759
1553
1403
975
3393
7999
9878
4974
6702
8575
706
3333
3060
6098
7933
5611
2431
2760
9498
962
2227
7226
7106
4715
8259
2303
9940
274
1623
8132
7153
315
8152
1967
4252
1746
2152
613
4536
9354
390
2226
6303
7735
1032
3940
8376
4951
7124
6065
2309
8545
8526
8191
4652
848
9296
8035
4605
941
2544
4206
8945
9863
8227
3142
2671
7896
1899
4027
8445
3876
8523
2078
3501
9149
2959
8898
9938
7216
3549
2747
4266
135
2208
9862
6521
3748
245
6579
7765
5712
2194
3348
3992
5725
7859
1676
6245
7020
9993
2319
3231
8953
7389
2479
6929
3275
9055
8226
5087
9034
5965
476
3659
192
1645
6854
7803
4331
7256
8285
8132
1420
5499
6212
1824
6741
4701
1293
809
3210
823
552
9487
2052
3052
6188
5238
9713
8319
9914
9690
8186
4481
3179
9414
9801
188
9309
648
1944
3466
598
7251
8855
7473
9918
8173
3215
8858
4886
6287
9365
4384
7716
7728
2795
1093
8177
2344
9894
2211
5125
4365
3377
9174
2797
769
9781
3805
7770
1829
9142
8987
9618
4322
3753
1490
3246
6423
4271
4571
9940
185
7870
6592
9087
9936
7946
489
8962
6906
3651
9292
4853
2962
6394
6848
8519
1287
1368
8623
3563
6404
2189
2599
1894
3616
6901
5413
2836
3787
1423
2835
2115
7667
8987
3867
2446
8323
3052
6657
7741
6422
3662
379
5416
4381
1177
3320
3223
3498
4312
4373
9538
6833
902
4421
9964
2179
3712
5449
6051
3978
1608
7490
5418
8489
9137
3739
6224
6036
1899
7364
3949
9050
6538
2116
4788
7473
5199
7937
4911
7180
7909
2216
5848
5525
2551
7397
9104
5404
9036
6937
2696
4072
732
1292
6500
2645
3748
2607
9702
192
3990
4587
8246
8555
3646
1955
5422
6109
5696
7121
6556
8287
166
1269
1953
6207
6612
4723
4464
7243
7363
157
8363
551
5046
2159
4175
7443
7024
873
2031
6183
9182
4051
2016
9385
864
8066
7764
6972
9893
3944
4370
1677
8513
9532
5656
5728
8417
2879
3946
6840
2906
7560
7714
369
4762
6431
2652
798
3165
4684
8050
6359
7712
1847
2084
8600
5087
7119
9233
6111
7703
6874
7961
364
5612
6263
5470
590
6640
275
4173
5796
1887
6140
1663
9247
8671
174
5969
4547
6855
1576
394
8581
4352
7725
1936
5243
4697
2675
8120
7153
286
8438
9399
1658
6827
7423
8033
2599
7524
5690
4121
1173
9354
9336
9411
4192
8250
8780
365
7414
8337
1273
4762
367
6668
997
8288
6426
2804
1377
5371
1793
1820
9939
1156
9006
5040
478
9335
2903
2540
5852
8750
7556
4557
5132
2872
3531
1238
7549
9307
8077
2108
2259
4830
3601
3412
8845
6060
7836
7216
3350
3561
8839
9271
1924
9376
3596
3017
2091
4393
7895
4192
5330
3590
2071
5447
3852
5317
6084
5037
7312
8724
2416
4328
9807
7149
7791
2501
2724
2058
1513
3449
4946
6721
6222
4532
1196
8830
3333
2188
1174
2609
8329
3468
368
4008
6172
3345
6171
3223
1226
6418
2371
6153
1905
4182
6463
36
6754
3669
5770
1355
7106
4940
5976
6058
7843
8320
4224
9218
6691
7011
5351
718
685
7367
3660
8453
1338
9158
2609
5287
7227
4724
6220
8878
2961
3052
1247
9447
1138
4439
1912
2524
6840
6718
4653
5256
6909
6325
100
460
1908
7871
4241
8905
2916
3881
6441
5062
8588
9071
5331
4782
8409
993
6009
3513
393
1705
368
4903
6280
604
1044
4216
9096
6608
3294
9102
713
7052
2121
5252
6998
6956
6123
8628
7498
6703
5835
855
2737
9188
3943
7517
2277
7903
6883
2038
2539
167
3144
2208
2922
3985
765
6341
195
438
5467
9433
1159
6309
727
9666
2776
1316
2341
159
2516
5676
3001
8497
42
1477
5404
1296
4338
1571
751
5001
9136
4104
7218
6909
1585
8356
4211
6947
6660
2998
835
5017
7485
1771
532
3655
4299
3147
4520
2428
5171
1497
2525
2420
1576
1779
6481
801
615
9131
7720
4421
1969
9545
9853
7199
9073
9865
4222
9854
1969
2351
8087
9156
6417
6372
169
1723
56
3530
5633
2091
3251
4232
6757
5076
6158
2066
8649
1373
2158
7606
7697
7347
2090
746
6306
7041
5559
2915
5044
3941
2686
8388
4207
1312
3762
8183
5045
310
326
9936
4809
1251
9821
7408
8456
6753
4972
2485
1885
317
510
8852
7260
509
9708
6811
4226
4570
8031
8947
9299
5618
2764
5328
5974
6252
7131
4743
9348
3477
9399
4182
2295
2325
9569
7786
5632
6771
6650
7678
7977
1273
6412
3471
345
2230
5555
5731
2666
2313
5987
8193
8365
4944
782
7905
3581
7337
4814
3475
6874
3906
4011
2011
640
8886
3436
1444
3308
3529
8116
8019
2933
5557
7590
247
9963
2325
8177
3745
5565
9968
9446
4649
7756
7954
3594
7295
1309
7670
6365
9624
627
523
1169
76
4773
2863
155
5614
919
3584
2408
3969
5294
649
1059
3915
6313
4942
760
5860
9721
2915
1871
3888
1320
6678
6036
4010
4570
3497
1257
4277
6352
4279
9578
5893
7443
182
249
3943
9206
6654
8243
8348
1182
9325
1469
6536
7424
1209
826
9558
8419
2964
1586
7465
4898
6339
2461
4313
4602
3145
3282
9104
3179
1817
486
6630
5686
7044
7510
4039
6463
1109
3569
1162
1001
3758
4952
4631
6697
3502
193
3886
2780
7229
5541
5395
7982
7995
1217
1959
8944
2124
3692
6795
9886
835
5091
7374
3858
6099
7232
8640
6227
7859
2423
3255
5876
2281
955
8592
2685
4686
4694
1310
1035
293
6372
9681
3823
9500
2726
3596
6789
3014
9613
2869
9852
649
269
2546
955
6004
7040
9572
3736
7398
6500
8215
4959
6521
9289
9804
5467
4101
9899
3503
4655
9332
9373
9697
2772
2491
4587
1004
4735
7273
7494
3491
7527
1816
6970
4125
8394
9531
6747
5967
7289
4214
2613
8116
6699
5736
296
9330
1133
5653
418
9512
4544
8347
2729
6705
3465
6942
7717
4500
773
2598
142
4457
5860
5468
1423
9841
3869
3420
6031
6299
7691
7284
2859
9221
7024
8186
9717
5195
8591
6063
228
1758
3394
200
8780
3806
3677
2396
7526
7950
1649
3937
5133
975
6547
5030
845
3878
6829
1012
7097
6443
5033
7261
7904
5473
7448
429
3384
2076
1248
9208
5640
2912
7139
8244
5203
6568
1880
8946
3620
983
5569
6203
4819
2779
755
2082
5995
507
1889
6974
5566
2595
7001
7749
7391
33
3350
1172
6625
1510
1061
7840
218
6713
7667
8631
3974
5468
5117
1184
7342
6606
9619
22
8699
9100
1336
9353
9233
5454
7952
7504
3090
3905
6876
582
2911
1253
7634
5722
2904
6329
846
8043
5685
799
6930
2662
6112
9133
985
2514
1754
81
6192
7003
4233
4167
3714
6370
1985
3662
6217
9346
2417
3668
6491
1139
9803
3655
9011
8771
9959
6012
3464
4644
9686
9180
3079
9315
241
4286
9917
6375
4946
2788
8336
9529
8039
7410
4580
7452
9390
1851
5465
6202
3545
3664
4121
1582
6960
6994
1514
2400
2999
1907
5161
9258
7083
774
7567
9745
7960
4372
4300
8845
9702
971
9145
9293
935
6202
5059
9875
9139
8245
5161
2686
1037
8072
709
1502
8159
5959
8574
9899
574
1186
5033
5948
5383
9301
6961
8341
2569
1886
1983
9155
4695
5723
5327
1158
3522
4987
6779
8940
9956
8606
6761
2462
4050
3128
9633
8724
7944
1002
5618
8700
6688
6944
5605
5886
2651
1291
1671
8806
3754
1540
8988
9074
7790
3397
1316
361
1676
8459
545
8325
399
5853
721
3987
5652
5516
5287
7500
948
392
836
6182
5535
5779
2587
543
7427
1340
7509
935
9892
1966
2853
6221
8301
2107
1433
955
5004
8759
9970
9504
8763
5073
8972
6706
9731
4313
1642
7220
3632
9417
9501
8403
8136
6924
7560
1765
4525
6332
4883
6287
7592
451
470
6048
442
3288
5849
6433
1508
7990
1694
9212
9529
9539
6397
4251
815
2780
5712
5692
3895
8040
4304
4896
3423
9709
5117
3897
7597
6567
60
4277
1902
664
529
1005
2463
2581
7857
6602
3794
8166
2029
7775
817
4888
5187
6197
7199
2769
2306
8347
4192
6400
981
6644
9167
9260
2391
7741
7830
3783
8420
7833
2432
1829
2354
5408
4988
3443
8698
1206
8318
9837
6309
2091
5878
1090
4055
9772
7747
4732
6203
7142
1590
3258
5006
6131
4860
7906
8964
6535
3610
1433
7430
1476
5196
9586
8166
2835
9164
5542
622
3297
2504
3358
8941
9600
8113
3227
5174
1518
6832
8151
5876
9084
8579
767
8539
4949
7582
9464
6942
1935
657
3530
8795
7418
2261
6326
4485
5383
8275
6772
9103
8513
5
6604
5494
5622
5734
8898
8542
3033
8361
6969
1739
638
8614
3343
2230
3714
5215
5156
5850
8947
9398
3941
169
4858
9481
6418
8503
5086
6709
1277
2709
4585
1538
6844
9764
8450
819
2999
1452
35
8903
2922
923
7212
6555
7859
5809
9780
6995
2902
7962
7091
1745
4911
8072
8183
1545
6266
5483
2129
4247
4081
5087
9138
165
6356
1199
9037
1185
383
92
3888
9520
8482
4768
4517
9767
5324
8911
3693
1477
1473
4196
626
955
6849
5032
9394
1066
8486
4770
7915
3167
3407
6847
6008
4148
4262
8429
7801
5064
8755
1698
3611
9499
6825
1348
9803
2558
372
850
1607
881
8180
215
7371
9352
8455
3331
7107
9565
7389
5127
6497
8481
215
6348
1059
4880
1090
8145
8532
2075
8753
9447
5286
7914
9181
1712
1568
5092
1206
1392
3350
8402
6762
4194
5602
7125
6549
2053
3133
3202
68
144
4885
718
6896
9740
2469
8381
4966
8224
3044
5243
9420
3916
9185
1390
4901
7149
5893
2061
2364
5524
3968
4000
9660
9321
7142
2361
9586
8103
9538
1512
6477
4947
2556
4881
2857
7273
7226
7460
3773
8635
6750
332
5919
843
3558
1588
3407
9529
9398
7915
8626
6055
1971
6596
2348
4192
5590
5444
9559
7045
4608
8425
5686
884
9033
9419
2596
5783
6528
1238
2367
9231
4124
1414
816
9499
1751
713
7274
5829
9933
9938
1021
915
5891
9087
8165
8728
9290
3659
2584
6288
2859
6217
9791
2599
6559
898
8764
6238
8986
7094
1817
7353
7446
6333
820
5526
6879
2893
6700
8941
6086
5952
8476
2083
9705
2180
7601
8769
5757
9721
5631
1282
493
8774
5117
3104
1488
9007
6941
8573
8537
8958
2997
5054
9341
9929
3782
9450
8462
4207
928
5583
6589
3236
5732
3413
1426
6178
7918
6010
5966
3115
4714
2690
3340
4609
6027
5206
2944
4030
4205
3987
9330
9601
4201
7359
8539
3907
7358
8498
7319
9564
8262
8667
6730
8236
766
8077
8647
710
8893
7935
347
8340
6032
3125
9501
7420
5279
9632
8699
7627
994
9204
5612
9723
6667
3352
1884
8505
5999
1174
6983
2010
5554
6620
2939
2128
5722
8742
1994
3785
681
3736
7020
8682
982
268
7471
3673
3297
5634
4318
1866
3827
4030
6400
5072
6237
4736
569
5410
841
3411
3176
2619
1626
1792
3162
7947
2471
6803
2803
1073
7175
3745
7522
8425
8597
8970
9242
2226
9357
3638
838
19
3167
7305
609
9568
3449
6128
2570
5545
6515
2785
7479
1125
488
72
1230
6768
9916
1120
4261
236
8084
9551
9390
5145
9461
9295
549
2657
5868
2510
5756
5010
6612
6583
6097
5605
9114
1213
4229
9033
3056
5426
5532
9006
6805
9472
6563
9701
7113
1009
6745
7207
8380
7905
5788
4668
6034
5935
5263
1261
903
2339
4832
1144
5573
9259
5069
4448
6262
5146
1839
1329
379
5706
1262
2648
3889
6855
4199
6243
6164
5126
66
9537
1039
3875
7492
4225
5542
8523
145
2278
789
423
1360
9831
7254
9279
5605
8053
5235
3169
5654
4584
914
9430
7133
1958
7954
1683
3053
9062
7818
2703
8173
3229
6930
2168
8351
4796
8390
1175
6386
8398
7340
4879
839
4871
679
5611
6893
3859
8298
7207
5329
1170
8425
6355
5227
4919
5815
4744
2073
6272
8693
4739
9702
8559
4429
5279
6177
801
6842
1218
610
4032
5698
2446
3192
2084
8853
416
7538
1946
3228
8148
8960
3032
1492
7874
6830
1773
6655
9306
5918
2982
445
3265
899
3820
1306
2282
4040
4088
5803
808
4429
8436
4337
7435
8204
6272
3991
2790
8640
6373
5086
9772
5084
6826
1095
9814
9875
841
1020
7258
7678
4479
1269
6017
6415
3243
5868
4711
1183
67
165
541
5964
9063
289
6880
7891
1080
1233
8236
7098
2111
9577
4230
1766
7178
1518
5237
3638
8257
3722
4419
5014
6270
4356
1016
6418
3482
9945
157
3195
9607
7432
3399
5866
9901
8216
6153
6853
3649
2288
6294
733
1890
7308
7101
4498
7751
7924
8213
9360
9566
1537
8486
6876
7280
3777
851
6577
1064
7826
7302
8554
6142
1776
7257
4824
7245
3589
2650
887
700
9568
9703
5970
3664
6813
1361
3828
5549
3394
2775
3394
4846
7110
6787
3042
7839
5905
7794
3920
130
9674
1002
2413
6660
2854
5156
2023
9686
523
2663
1847
5602
6943
360
454
5661
639
2110
7632
9166
2450
7149
5713
9004
3381
8050
5614
3067
924
9464
1282
7970
3951
1872
141
7309
8671
935
4955
6538
9092
8887
5319
4006
6130
7066
3791
3854
2704
2463
1489
1395
5333
6337
5703
2660
5472
6184
39
2335
7029
295
5319
3621
5834
8036
8281
5702
3157
7036
6870
1495
6787
3963
7321
3400
190
7818
7598
2879
1919
3718
7219
7836
7368
9997
1852
4517
2233
6063
1102
7857
9452
8263
8211
4098
6501
983
6496
7542
7307
1693
9574
4823
2336
3024
8393
3987
48
6801
9590
2194
652
7700
4316
8478
8653
8439
3414
4901
6389
4505
8366
1667
8096
5695
601
6965
1413
2577
6401
59
2654
5934
5456
3215
8915
8921
8362
9562
9726
3906
1012
3894
7530
1018
6322
8311
2317
8879
2238
6500
6934
227
6126
5928
5285
9358
3651
9848
8378
4626
1593
8855
4146
5626
1988
250
3208
6353
5837
7064
6685
1327
1127
5662
2483
4408
466
6341
325
3290
8513
5962
4938
6214
8135
6911
9415
8223
3901
511
519
5868
78
1972
283
8398
9621
6355
7366
1033
7711
8180
2720
8415
6523
7197
9845
4136
9744
6030
2861
3955
2857
4888
5185
1330
5942
7345
8985
7899
2879
435
3932
4242
9741
3581
6241
4397
8422
2746
6062
7544
783
2268
2986
5429
4301
7521
9457
2149
9064
6876
5961
2307
3724
5730
6808
6784
7840
5253
825
2344
9854
5233
7837
8613
6831
2963
6684
5093
5755
7145
9273
9369
4292
3757
3426
6171
7707
5144
7259
2326
617
1701
9220
1675
1508
7800
906
8366
2818
634
3919
9221
8337
3654
7606
6685
4841
1964
6484
1397
9594
1200
9872
5364
8577
7023
4287
345
2331
8261
7954
6983
7864
2597
5457
1787
2792
2463
1266
775
9072
7782
8842
8859
9115
5010
2630
8421
7521
7318
4385
4985
5449
5688
872
9825
8475
991
5559
1524
4342
1834
4184
5321
3124
5313
4414
7950
5970
7646
5854
3609
762
1609
9146
2588
6267
2947
2334
8753
5388
5876
954
4512
1378
9564
3725
4171
7884
5491
7765
2016
158
4144
7952
6435
4296
7356
1362
8769
8839
1106
1725
6918
7459
3664
4283
7022
3085
3584
3534
1425
4004
9685
7186
456
3564
6365
608
985
3562
1226
4349
4150
9527
352
2515
5641
4445
167
5715
2816
187
8377
9765
8599
1983
336
3625
4594
1995
2586
5966
56
8093
3654
6867
6110
8826
2940
1867
3203
755
1074
6870
9591
1641
8195
2777
990
2919
7532
6401
6480
9973
7113
3249
6127
7518
2977
352
9838
2026
2429
5502
5616
9042
3611
2342
5930
8447
5559
9897
4016
9613
845
8741
3504
4621
7013
8051
2479
8093
5544
6897
1362
1509
1721
4238
3144
9500
6565
6696
6767
1945
723
1209
8582
5234
2468
936
5412
7187
5277
2917
378
7384
1215
6654
8115
9312
3942
5964
9875
4895
5025
92
6746
1125
8056
7548
9046
6142
6925
6561
1551
3362
6897
7535
9810
2789
2006
2362
4689
5699
5694
7353
8902
8575
18
9414
4488
4043
8043
6712
5897
367
210
9254
4127
2842
8645
3800
3037
2151
1356
2743
7131
8447
9830
6211
9813
1276
7752
9185
2233
6417
6215
325
893
3888
5861
4257
6137
9304
4029
2604
4998
4327
9309
4043
9996
2270
2260
2211
526
5504
2078
2298
9352
3667
8250
5746
6080
4133
7168
3967
2724
6518
7929
2855
3241
8544
6642
2530
8032
1298
5275
272
5364
120
9879
3957
8630
1747
1443
6905
2903
798
6859
7562
9910
6100
640
5873
5266
1348
1519
4700
1345
2933
2298
9127
1811
247
4876
5598
6917
5781
7016
7133
4781
206
9717
3283
5296
6107
8926
46
4095
2388
5295
1892
4361
6747
4208
4769
265
956
9998
4902
2336
8224
1386
934
3225
7810
5115
2376
3143
6492
2275
6174
7466
2234
3657
3316
9751
242
5061
2534
4607
8462
7067
7829
6393
6109
6115
936
3527
8790
3960
9385
1973
7834
7650
5839
9367
900
3404
1627
4998
4216
4860
6554
3111
1563
1180
4506
3922
2933
7540
6282
6994
1785
7732
7892
8351
2103
8641
160
8940
9585
2970
48
7034
5749
9849
4976
8436
2125
3855
3768
450
3408
6299
7527
8873
9828
2819
3418
8287
2649
8248
4774
2911
1584
7181
3902
6109
1054
7425
4889
6202
4711
4674
259
4699
361
7139
9796
6549
1523
3811
2308
2847
9836
6753
1805
4783
1059
5337
9083
6782
6522
4974
6759
6566
3942
5402
7650
7696
7940
2852
3325
6930
346
8335
3018
8902
2955
5625
1657
3550
7152
5855
2990
6762
5933
2387
7668
4073
1435
6417
1407
4664
8796
9746
8603
1595
3759
3104
964
5964
5032
8273
3873
3079
2519
5091
3392
6515
2720
221
7846
4296
5156
1337
136
4790
5718
8359
7902
2211
5472
5187
632
2853
2016
5317
6052
3182
4699
5888
8164
7809
1249
7352
7162
5668
1524
1401
3057
3749
736
5966
904
1358
7981
1122
9313
7942
5459
5883
8911
7436
1656
299
3673
463
2011
9161
9563
8312
1833
5413
60
636
6403
2827
1769
8263
6939
9961
6080
8894
3157
3518
4923
7604
7594
7098
6323
1634
9476
5675
2380
4887
9924
6593
7594
9432
7594
7149
4152
9546
9678
8143
9527
7597
8616
5191
2905
7292
194
4022
2800
9722
5702
787
2735
5955
7960
8256
7598
3299
4319
2816
1649
7085
920
3130
2877
3491
9903
8288
5564
6278
1570
7352
9031
3791
247
8247
7265
5199
7693
4937
2809
1597
3100
5869
1757
6319
107
8780
4542
1658
2281
4093
2065
7440
3681
4460
1220
4472
5251
8989
6360
3172
5487
9652
8803
3025
3806
8726
3174
3942
5122
9457
1972
4546
460
9649
5342
9690
5410
772
1718
8824
539
5204
4354
5424
7950
7245
8479
1588
3237
1117
6067
9533
8055
3953
5250
7585
3947
5400
1172
7210
5180
6512
9051
4373
4424
2385
609
8246
4360
8146
5830
9480
4035
6653
9441
4636
2490
8152
8691
9663
762
7077
7589
42
8995
7049
3309
9180
4235
5487
2683
1425
6287
5493
6469
1039
6400
9326
1757
6310
5255
8309
7689
3591
1198
8995
4040
8960
8045
7899
4243
5194
1185
2314
4255
4493
1846
8670
3947
8748
6142
7848
9262
1809
1644
973
9884
9003
2863
1505
753
633
1451
6319
4456
5967
4608
6658
4831
2788
1480
6577
9759
5373
5488
5136
9304
2296
4864
1052
6398
3672
933
540
6995
5731
8016
7428
4159
5173
8775
211
296
6979
53
7410
2063
5010
9907
1344
176
2119
5541
3713
6035
1863
6163
8314
3405
9879
9620
2568
3422
7945
6734
728
7193
8097
1193
8167
9090
9596
3676
1997
324
8644
6960
2858
7077
1154
2778
936
8563
2550
9209
7068
9884
3101
4969
8253
6382
5000
3979
6209
7734
1625
2143
1677
5772
2523
7365
851
1159
5492
3143
5027
4807
3828
5531
7335
5481
9003
551
9432
4332
4270
7005
3547
6358
8029
4299
2333
7835
8991
546
604
1822
6009
6690
7842
8765
6911
8631
6717
4163
6682
9363
7947
647
5441
2095
621
3451
3190
6291
7539
7847
5724
5115
8597
9793
2820
7335
406
842
9037
7744
8206
6279
2379
8692
3269
8746
2448
8688
737
80
1104
4998
2495
161
704
442
9363
7367
4334
7816
987
8039
6684
1091
6763
3933
3153
4761
1824
8143
2283
5369
773
7798
1780
1278
5954
2546
4107
1329
1075
947
8529
9795
5695
2931
4232
2535
986
4767
7599
1656
3828
4310
7274
855
3949
179
4567
4767
6896
315
5590
1004
2987
8093
6765
1840
4250
7067
5989
9720
5845
4279
4261
5822
7925
1227
4825
5410
561
7329
109
4715
6050
8349
1435
6476
2024
2470
715
4783
2846
4694
6394
8352
5116
6796
2830
4646
4381
1165
2068
3532
7084
3795
8872
5683
2281
245
2969
4187
8976
870
8286
9982
3867
4447
3585
3895
2831
1336
5241
9219
7045
9738
7410
8282
1254
4376
4093
2682
1984
3701
7115
5938
7107
998
7947
7230
5654
8367
5551
1460
6200
6418
7535
4398
2162
6489
6265
3485
9374
4711
677
9948
1557
5425
8758
4194
1731
1030
4461
1468
7016
7040
2084
3851
255
819
8930
7703
6470
3098
1999
7578
5941
1140
741
9521
8190
7987
3122
6900
8421
5654
5838
7515
1280
2501
3936
4833
3385
1728
1619
2557
8561
8952
3683
754
8217
3827
4129
981
3517
967
6723
4540
2091
8503
5245
3763
9278
88
4795
7161
6865
6310
3277
2128
5666
4772
6352
3318
6836
1009
6636
4304
7499
1581
3423
6459
5799
7811
8652
4891
3926
7315
9861
2860
4506
2966
5321
5274
9375
3990
4576
4424
2991
8570
7435
563
7886
514
6700
1766
3528
4168
5232
4889
6861
9189
456
8674
293
2751
3989
9098
3198
3954
6823
2569
7051
9179
5708
8282
9860
9502
2611
4988
8816
5395
348
6949
3900
451
7177
1096
1832
4888
694
7222
4823
1778
8031
7891
6789
5762
2868
3186
5543
29
3628
5225
3753
6876
3531
473
1355
1540
8400
40
3521
7447
202
752
2252
4383
5191
3309
7933
6744
0
3279
2172
6761
8135
9768
2154
6031
7250
6065
9771
2485
9209
2916
7323
5317
917
7007
6976
6068
7485
6029
3002
9645
3015
1518
6000
8870
3680
4014
5506
3199
5797
3611
7414
3909
6962
3776
9253
5744
6308
9039
3116
1124
7684
4177
4225
7249
7426
4541
490
1508
350
885
8786
8984
1219
9059
407
6469
898
6153
1697
1887
3239
9436
1998
1574
3115
9678
6423
4615
8442
6083
941
917
8740
3858
8119
4883
5649
321
1203
8171
3815
7901
9129
3611
6816
1076
521
313
7704
3857
6224
9059
5948
8173
6014
9461
5465
5687
8759
6318
4977
9531
1103
8378
407
2824
6221
4701
5313
4642
5477
4346
4931
1069
6222
998
5052
9561
3232
1068
3716
6616
4210
643
937
2037
5963
7379
2443
133
5389
9561
2311
6006
2002
6929
6238
6352
4100
5219
9847
6022
9655
2208
6223
2870
4515
4341
8359
9759
7387
7773
3956
7859
1682
7395
7062
1713
7369
9137
7963
475
8424
1968
5632
6592
9845
4385
3248
8740
7852
3792
9476
3282
8960
8793
2133
7718
227
2231
7588
105
1991
4565
779
4409
3491
8238
8827
1164
499
8072
1134
7190
3778
5083
470
7234
6745
2122
1589
4632
9332
8523
6366
3301
4479
7122
8415
4163
1561
8007
5346
7671
535
3609
4071
9784
9398
6019
4901
8355
9004
7028
5422
6993
8284
5913
3766
2748
9565
9289
5928
9411
8905
1459
4955
7139
2340
5046
3115
2711
7727
5249
4619
9044
4950
7610
8309
1973
3336
2348
5102
9992
2979
8754
5587
376
4645
5049
553
8275
6976
5262
5251
6053
6549
3816
3501
7113
72
6520
8459
8946
801
4209
3563
930
1887
1190
3955
853
3389
2167
9420
9571
6426
5587
9312
2251
4244
5965
2919
6825
5150
1483
1003
792
6650
1637
8894
625
1211
6278
1274
7526
9412
8222
273
3051
9914
1300
9761
149
3071
79
1024
1032
8588
3787
9769
1698
1356
4799
5608
2630
6254
1416
2694
7934
1126
2891
7649
5976
7426
9578
401
2406
4733
9712
3088
3571
7461
3102
4305
880
1771
5901
2083
2838
7431
3256
5919
2527
3413
9008
321
5563
4520
2158
630
8801
6339
6008
1366
2136
2570
6083
1353
9301
559
2225
8408
8063
4912
3214
2861
6614
2020
5398
1787
4326
4574
2674
2208
7329
5869
3425
5627
8088
4725
7237
74
7824
4986
7924
4571
5450
7867
8714
6098
1294
9893
1011
7640
2223
7999
215
3090
2314
6099
7603
6571
4024
2655
5368
995
9779
5992
2300
5965
5983
7892
5729
3111
2505
966
576
571
8587
2370
3584
3843
4755
2003
6851
2482
9538
7310
3895
5993
4892
2107
1607
8142
959
4823
8348
824
2841
2352
1845
1476
5580
4490
1659
3648
4615
976
8959
7431
6315
5473
4965
8942
7576
8661
5680
1838
896
5366
9392
7186
1884
4658
3527
2536
1145
7595
8059
7317
9246
5901
3120
3163
4149
981
6283
1889
1496
2058
5099
132
9083
1638
5806
1982
5076
2294
1953
8284
3879
6733
2153
1349
3692
5319
1626
2398
5719
3203
2258
9248
911
4134
5076
4983
8976
137
5344
7582
3213
8130
2063
1405
745
3258
3570
2709
3467
7684
1718
432
2707
7770
4188
9890
6441
5286
682
2289
2297
116
7502
8107
9790
2352
9070
2969
939
5437
1925
3238
4399
2274
2257
7625
6933
1103
3133
3078
9421
9450
587
9511
1926
5205
9643
628
121
4788
4248
9481
7674
4934
9247
5815
2482
8455
7198
8673
343
99
4668
5412
8295
1769
6092
4761
1978
4640
1837
309
6834
4962
7729
9997
8110
3083
9327
7415
8768
6216
2365
599
6368
3951
4816
8110
9941
9547
5029
6140
857
4131
16
5237
6407
2866
9063
4350
1024
9207
3304
9134
7101
3639
1747
9790
1218
3065
5274
5068
3778
5070
3968
1368
2254
3701
9998
3435
6091
6523
6421
6763
8703
7648
3094
2006
2295
2774
4371
7329
7231
3122
8390
8674
9189
3692
7605
2330
3837
1587
3928
9181
1083
1402
6716
7289
266
8176
5593
9632
4169
4703
2269
7186
5379
1629
5222
1582
3641
2733
4849
5919
1212
2799
9626
4061
3613
3487
9689
6817
1362
1523
7862
208
975
9219
3141
3715
8312
3375
8975
7352
7164
8053
9232
4577
5796
3893
2440
4369
3915
4560
6582
5388
7408
3809
8616
1392
2985
1863
4224
5878
784
2576
691
3642
9956
2029
9637
6565
8888
5042
2393
6876
1745
5467
5830
5026
7993
5045
3458
4008
8974
4568
6850
2662
2363
1807
9472
1954
3229
6039
8298
4552
4426
9281
6777
6125
587
4356
9054
630
5824
8481
7089
8604
2055
2198
644
3368
4803
8629
7972
1139
9011
8185
6613
1862
7049
6591
4300
1588
5271
244
4914
1328
985
7193
5663
8600
1076
606
298
8022
2272
104
8091
397
599
7430
7447
6423
3873
3441
4479
8806
2644
9682
3821
9816
2324
6659
481
5486
956
3271
4734
3662
1915
1594
1267
6216
8218
4384
3163
1693
9596
7958
9660
4326
7964
8919
7342
2353
494
9080
7582
2570
1377
6874
8195
3182
9390
2115
6735
2474
1389
1882
3405
6382
5628
8770
2502
5100
1573
660
7891
6720
1110
7732
1684
2016
6198
9696
7220
4254
3928
6351
1054
7561
2687
4560
3296
2524
1731
5462
6169
7067
4824
1259
7397
7532
6907
5306
3223
3485
555
4515
994
8398
9043
9884
9944
934
1061
8489
4275
3192
1730
3155
9357
9420
945
7872
1335
7415
4307
2726
9237
2771
1747
372
7360
3666
6683
4391
5448
6724
4928
4935
1710
4701
2883
9338
3458
7913
5587
3402
5564
6905
4433
596
4825
4913
9664
150
1876
5127
5258
7918
1489
6264
4181
8697
1863
3027
1392
2165
3384
2067
5088
2483
3543
9779
6381
4788
4705
138
2949
8966
2674
4537
7260
1097
9773
5366
9196
7626
3563
5559
6679
4936
2507
2282
2205
9569
8277
2240
3983
7004
9364
7833
716
567
3424
4117
5159
8537
9032
9192
5180
626
5592
7942
2263
4565
8975
2878
8394
807
7779
704
9028
1416
6628
539
1522
4106
970
3004
2940
2587
6745
1415
3891
5892
774
4407
7502
9562
7889
6435
6674
1173
9390
4549
2341
2999
302
5653
4106
9722
37
334
7654
2681
7568
8632
2214
6364
9842
1096
4835
4695
9569
2577
7464
8328
8259
4971
7613
1742
4016
2947
316
9018
7361
7443
433
9816
4157
3607
5505
3683
9696
7626
3446
4758
3115
2262
8454
9428
2052
5264
618
6807
5282
4238
6505
1280
9375
1214
182
1205
3332
5107
1679
2711
8286
1696
3356
8890
4462
2948
2472
6972
6862
3192
3741
6486
6917
4337
5119
6204
4456
6656
5167
3656
6256
7817
6713
5149
4392
6991
603
5950
7247
6008
2658
1768
5975
3111
400
3746
4045
5314
1987
762
3404
9211
278
4347
3394
4623
5737
7582
923
436
5383
3838
1659
7297
4535
1087
5562
1469
9858
1292
3987
9600
9560
2091
8676
2513
6520
6521
6504
5172
6942
5659
8163
2459
6117
2365
1864
875
2934
3916
8823
5780
5088
1773
3235
3510
6791
4502
2166
7602
8194
829
6280
2568
5863
8574
8726
3455
714
3102
7731
9347
6287
632
9448
9536
5164
6023
5842
517
4176
8955
3516
4978
5230
7110
6325
5900
3126
5571
8938
9737
2774
1169
1685
3237
1368
2516
5998
8941
9952
939
852
1229
6778
4565
8683
7804
9610
4335
5453
2184
196
7845
2487
9731
7151
1900
1990
182
9085
7943
9338
6566
565
5109
4339
8630
7373
5923
8997
307
2016
7093
698
5760
6376
4915
5151
2565
5876
5484
5305
9974
3198
7901
6616
4989
4865
8128
601
9999
4033
9727
9310
1274
6432
3564
4415
5670
582
7536
7265
5937
7289
6713
6407
7011
8060
9086
4270
5730
7161
5447
8810
6498
483
337
5207
5529
2132
7350
6975
5634
9156
3476
4312
6936
1098
6232
9759
2761
9877
471
6326
28
7597
1655
9190
1401
3921
7307
5523
8867
2474
3669
495
852
8906
2054
2718
7184
1833
8106
4455
6756
6232
6986
6668
4477
22
2627
5174
1866
6557
9134
691
9466
3900
1291
1173
7069
458
4939
7921
3236
5596
7385
64
3746
5991
5238
6511
7892
7184
