10083840
7587840
25966080
6345216
16351632
89586000
54993600
24538140
64599040
10902240
2937600
10866240
9391888
39536640
11923200
9416880
25513488
69984000
30476160
9702000
3386880
15555000
20367360
81675000
37897200
17383680
25429824
9720000
23500800
1233792
81768960
22302720
55255200
83022000
68544000
52540200
19436544
29937600
18718440
16899344
18257400
9724000
8051400
8936480
11438280
11675400
63630000
6438000
71135064
40737600
89859456
27090000
44150400
14376960
704256
1324050
6213888
39191040
21083760
9676800
73680516
12279168
48235680
15033600
10296000
85190400
10532112
21829500
64665216
33642000
19732680
37944000
3457440
14740320
40014000
13486176
32959056
33485760
31729320
11639430
32432400
24082272
36288000
35562240
30412800
37497600
7433370
38102400
53286912
15567552
56800800
18754740
2059200
6967296
19728576
41691624
12940380
5854140
18720000
84962460
8691200
13996800
9095436
11880000
10021968
11481600
5909760
25734600
122522400
48584000
3714984
15966720
36518040
15275520
1098090
32906016
58312800
11309760
25193700
48918940
14364000
4897872
10967040
11305280
59459400
33032448
2178540
58786560
3628800
21423672
78035412
26703360
7478856
18630400
19237500
37264536
163193184
5604480
34732152
24624000
15276800
28746900
3026700
28788480
1622016
4594590
105849072
22153824
32962560
76839840
2642640
23712000
8048160
80372736
20029800
2211840
13886208
24449040
23575860
38830080
14217840
40927744
13815360
38006496
24212100
13834800
9079020
62400000
17992800
8464500
6320160
12237720
2318400
10150560
17472000
12013920
12696000
23151744
48660480
12247200
106983072
41850432
33145200
19501056
26542080
128142000
43702560
13317120
106444800
31363200
188179200
42361704
6151950
23240448
14826240
5038600
20540520
3345408
4690224
3744972
22041600
52920000
44175456
22861440
4132800
22380840
9172800
18900000
46340400
2101302
4829760
60559488
70004000
105815808
46085760
29442504
7520256
68544000
13834800
55641600
25779600
2293920
20995200
34858800
17388000
46549524
56064960
150958080
112140000
26797392
30466800
11302200
46922400
79488000
33211620
6386688
24883200
27820800
28508064
76321440
30772224
17539812
11952360
76677120
34768440
17022720
48807360
110705760
28512000
1915200
2469600
38841600
33696000
18289152
11450418
133188300
2672880
2476656
48432930
3128125
27918000
51342984
12528000
81492480
3837120
16358760
12999168
16410240
135305856
14407470
107385600
3898560
37872000
21669120
19901700
11187072
15120000
77775360
32864832
8282736
106389504
18817920
34944000
35714952
56092554
27286875
18236664
11939400
3335904
4636800
11254320
18869760
27659520
8935254
15805440
15523200
2862540
12337920
5559840
8286720
69457500
10084944
14430960
4873200
32805000
31132800
6038760
24249456
59296860
21897216
30326400
85962240
7318080
76010400
88387200
43610112
10404000
22273440
70534800
61689600
25804800
32941440
74539872
52093440
1821600
12402720
69076800
24884160
66846780
9699200
31443200
11197440
21006000
15178800
16790400
17740800
29393280
32537700
17287200
19517445
1116000
87111360
56527900
3320100
56467600
23176800
70246400
59349312
8376300
23808000
7920000
43896384
7293888
36034560
29937600
874944
134479872
2388960
7056000
33516000
7983360
6362020
31752000
37537920
7797816
13644288
35078400
22921920
27433728
5403860
62256600
5143680
1159380
110283264
84240000
11228448
3421440
40575920
11662000
46455552
59413500
44100000
30233088
50976000
23742720
17338880
10075296
16606620
20956320
2399040
25185600
35769600
73483200
35758800
549780
53968200
23562000
54054000
64573344
23680800
9884160
2587728
32897664
2734200
13827600
16124160
13305600
65465400
32886000
38016000
1746360
19389552
1231200
11618880
27828864
18040000
2755620
24968736
2131272
35735040
51782400
13186800
11570130
232368
43366400
6770400
10497600
18792000
22084920
76658400
12258135
59019840
7247100
50803200
91260800
90201600
11442816
10547700
53424000
26342400
66759000
8022720
19958400
8691200
71954064
6879600
14835150
25506816
108239040
42768000
4427500
35754048
16567200
10414800
66511500
17917200
39398400
8831568
35704800
18289600
30306780
48646656
8320320
16934400
15593760
49056480
19783680
6065280
31492800
40959000
19467000
13085240
41504400
14212800
16020990
22302720
4612608
61046784
8718840
15773184
4105224
24252800
37824000
888192
43362816
48220920
5397568
13512960
45904320
6713280
14553000
24984960
20180160
15808512
99792000
41067000
91445760
103032000
10934400
2212056
12870144
5263872
36479520
50353920
8038800
24248640
28591380
16038000
10270400
22650624
19753920
87823890
82727190
44928000
61657200
19347120
22072824
34368000
30481920
40182912
141048864
16216200
1767150
37044000
38503740
21450240
59192640
107015040
17563392
80041984
11642400
15080400
10035200
25779600
22651200
24393600
59719680
41472000
14462976
43459584
75568896
35223552
17331840
25290645
15327200
17590960
59515560
365040
50388480
23474880
25154640
31434480
92461824
29434496
7996800
55127240
18063360
31332672
4276800
30779520
41583360
37012140
73294200
32514048
79704000
32126400
22138880
9081072
11642400
49645440
5178816
20991600
91722240
10692000
14895720
2464920
9931740
17248140
71124480
86553600
4740120
67965660
3386880
50112000
4408560
88684875
49950000
43545600
86486400
33384960
11854080
42376500
40740
21804288
26208000
70143744
5445000
14784000
39312000
53071200
41333760
27540000
53557686
3378804
18711000
48771072
4259040
23063040
50658300
24798960
4139226
50834628
6414840
16193520
87920640
42569268
19595520
36088416
5905872
1030400
570456
21157500
25110540
19388160
17556000
29702400
24480000
41124600
44906400
6528480
16656192
71309700
9013200
35435232
6872250
10321920
40320000
49294980
14256000
14921280
92880000
9771840
46964736
95644800
16473600
29229984
28135800
21318660
81157626
4885920
55036800
29001600
26036640
20934600
25230933
17940288
42380100
121056768
9746100
15552108
62370000
44694720
14017536
46539360
26775000
3902400
13094400
53222832
44698500
20386080
25602750
10251360
62748000
25603578
29352960
4755168
34670592
6598350
17503200
63638784
22666644
20031984
14032128
10451430
27243216
3908736
48822048
34634304
16679520
8754480
19874400
82487808
83246400
23794560
8467200
42728400
873264
27068160
2695680
66495000
10080000
13284648
7956000
56609280
4951800
137700000
30844800
20049408
12052800
19845000
5831100
129752064
24212736
17112000
48712860
48808632
8316000
6634800
35109360
7325500
1578798
8658000
15120000
27923616
36892800
1837836
95040000
87526656
28360800
39502080
4641280
27060000
44659776
51302160
73168740
84672000
13426560
77680512
118195200
5617920
17136000
67239936
23715840
89229600
8828100
24105600
3096576
13200000
17700480
54911520
17213112
62648320
36328500
18597600
18540900
5217660
23250240
22411620
20670000
20120400
6453216
8160000
12588480
49803600
13229568
43174560
5643456
31898880
11499840
44323200
19756656
67896000
4179868
105670656
43234560
34594560
5868720
3051552
92137500
4048380
24948000
71850240
11074140
1995084
20321280
8436960
20666880
11684736
10533600
5745600
2960496
8001280
10027008
10920000
3564000
4233600
5304520
644112
17285400
9878400
28824250
98687160
19405200
31648512
104049792
17743104
57752100
13933080
45619200
3427200
13338000
73156608
221389056
35360000
40415760
12499200
8678880
54812160
19051200
12988800
45751680
2140320
8430240
59875200
6872250
4868640
2971600
3011250
9061632
39380418
79794000
22680000
44375040
81496800
46683000
69050880
14556672
17910200
24251400
52617600
13622400
15372000
68268600
28512000
25401600
41126400
103119120
21849240
91563264
12054528
28224000
29328480
17342640
92327040
16383168
32140800
15137280
18066240
6075000
14938560
9491300
12633600
37705500
12883968
26460000
6959520
7392000
111481920
6249600
23408190
10406880
21254400
3206588
49420800
2359800
42674688
42504000
15276600
10476270
44452800
10434600
21954240
27869184
25467750
65894400
51822848
7413210
660968
18275040
60760800
41545728
53343360
6027738
38808000
119433600
51840000
24312960
20908800
11525760
64152000
30493050
1100925
7059360
58960000
22840272
34765200
105960600
15939504
28329912
4455360
7015680
38054016
44341440
25954560
51876000
25280640
5460845
29963520
10482048
17222400
10713600
48470400
2271744
37195200
15079680
11712000
28575360
57694032
32078592
8950536
16469856
51425280
23740416
13970880
48787200
53978400
70656000
19459440
60711000
9484800
4354560
5318784
9694080
11317680
30481920
4544100
55711800
11318400
25676352
11957760
36450000
138240000
34848000
59633280
48598272
2642640
11939400
23063040
55657728
21514248
13302432
6303360
18437760
15290496
1732104
45118080
1926144
86080320
4174800
65707200
5426190
9097920
19565640
71073450
25225200
6165120
10565100
78472800
52415964
4979520
30551040
30226560
13139280
10619280
32637330
81793152
52876800
208915200
10083150
48513920
61102080
16293024
45826560
12247200
2579200
17259264
15557568
24597540
25989120
42432000
12211776
85377600
42000000
26500608
44717400
17125248
8920800
25574400
80196480
1848000
28089600
1558500
8570880
34298880
15104880
72852480
10321920
7328832
19459440
15681600
32151420
15033600
8743680
28377216
32503680
36642375
62630820
17781120
52416000
16964640
28035840
24361722
37149840
9125000
25159680
55314000
11088576
57736800
9230760
9730224
5086800
117125120
30499200
3489432
28528640
25885440
11783952
28068768
30067200
37237536
23284800
50389632
12294144
41344000
653818
28615950
22195200
41860800
26594568
28540512
6721875
45530992
34398000
23967360
47823240
65226240
7698240
29344896
31842720
86220288
10656360
6429192
46070640
15170400
4389000
57849600
7100100
17692444
12046320
4140000
22604400
8678250
12502350
99792000
12640320
24269760
5594880
31016160
6608784
8154432
30336768
32168304
43450368
22075200
25765080
9580032
47864520
85765392
79073280
13473792
42094080
15400960
17729280
1440720
13984000
13543200
20289024
28892160
39690000
42425856
92664000
11682720
5335200
58725324
14723280
46080000
5080320
22834656
33454080
21850950
11736900
6165900
6463800
50526720
21788928
77366016
9661200
60421140
73238256
11673600
9421568
69750000
35779968
82062750
14137200
4690224
4635360
90588960
36566640
31752000
28938000
28052640
53475072
45105120
30023136
2829024
20659200
31026240
18733680
15275520
41932800
79626240
32967000
16794624
54571968
26148864
12260160
26115264
33868800
25536000
45843200
98560800
17197110
9533160
49896000
19420128
48263040
18439680
46008648
9234000
23155200
10450944
77093280
60498900
24312960
14883264
124497240
36107424
93385600
6014400
24136080
4110600
25608960
35922432
29203200
28512000
60147360
10742760
45619200
41057280
6800640
97598592
8476650
20275200
15523200
72576000
38841120
33543720
36126720
11952000
45404775
31230360
25710300
18353790
51819264
24645600
5405790
68459040
4896000
67603536
119232000
8709120
53673984
3510000
20002752
50015232
79606800
8309952
42525000
39503376
20816550
16806608
29716416
83397600
3036000
12015360
4586400
16115904
13780800
21607560
18347472
21319200
37636704
55987200
12418560
24058944
41697750
81847584
23452416
24105600
10518144
6149968
29538432
44768256
5922477
18711000
24486000
8219475
3725568
26775000
18391296
129276000
38170440
2579616
58782360
11671452
7254016
18683136
21228480
4082400
64088640
33111720
36244320
67737600
5602500
205752960
23025870
16821000
41703552
24165120
4725000
32918400
507600
40336128
6777540
25072320
55968000
34232832
38404800
16698150
15107664
9863700
25431840
79380000
64581000
4415400
52659360
48090672
80179200
5505552
3703694
6468000
39337920
14300160
4540536
43790000
59241600
18370800
62445600
7126230
16727040
30996000
17463600
32781840
15301440
13927680
38356416
16484580
9186912
37013760
12504960
27815400
5024550
18537300
14938560
20930400
24440400
25096500
10410120
4948096
16813368
58968000
34344000
44089920
24333494
10570500
57153600
1219176
33667200
16351335
15289560
18101664
21472128
12916800
39232050
21772800
51425280
22105440
53522794
8481600
24343200
33497568
11151360
1516320
12785850
9984000
99225600
62319840
44059680
25061400
8937600
39764088
65271360
9450000
18866880
18572400
18290610
29949920
19094400
6014358
100900800
9703680
12633984
12723480
47790080
28089600
45666720
56678400
5450625
18960480
26479440
9257040
30665376
72840600
46212444
34012224
109663554
55151460
16858128
46510200
64164672
8709120
101477376
3534720
870400
47848320
19743750
15624000
11113200
52800210
11961999
10022880
50688000
5608344
8654400
14943500
65610000
25259520
32054064
29029644
34896400
18330000
24024000
3187296
20245680
40919040
55967100
79218720
96049408
37752480
29494080
46656000
3380832
6209280
9950490
37255680
11197440
76911900
28279368
4064256
33264000
104065500
18720000
4125000
30191616
64896000
16758588
5039580
25914900
30728880
86167800
38459610
13413600
48353760
22453200
23514624
2604672
5662800
29811600
11748814
34467840
17973760
104729856
10140768
8494200
12206880
49168224
108945408
14700000
26749440
141107200
16090074
40723200
48771072
42212016
14372864
11523600
50803200
14540400
61560000
21479040
9821460
29067012
52141320
10188720
1353726
15824200
12220800
18928000
8395200
16257024
83026944
36691200
1514700
50551200
18075240
60652800
12247200
79902720
27076680
21873600
18648000
17724720
53721360
5616000
8112000
26702676
16699392
38320128
28224000
26782140
23498046
9828000
27897408
33957000
31752000
107740800
107917992
28440720
114836400
9655360
48384000
10992000
19093536
33073920
42958080
5631600
9652608
25228000
66528000
8311968
15165696
13418496
28161804
21168000
19683000
22377600
2642976
20273490
17284608
17625600
30073680
5911920
7144200
64648584
14929920
19219200
74574720
24948000
29682900
3550464
32626944
16704630
16676352
11664000
11330748
11266500
12376320
16524000
847912
21582045
18322920
86083200
39372480
7008768
5843250
9919728
105657984
25976160
56687904
65577600
12364800
33561000
30996000
14676480
8254750
25488000
6492096
54378480
31006800
3660800
18091360
27720000
6411000
3877632
35798016
8967600
141648000
31185000
50488350
16331112
17090766
14781690
100388400
24602808
8398080
23284800
34921740
6188832
42824320
3841344
36953280
22464000
4171464
38631840
39480480
30139200
186278400
48384000
29117440
6350400
22016000
19219200
29764800
33060000
13469280
16011450
95212800
4688928
35542080
20493000
39967200
14152320
30227904
26644950
25142400
43842060
112442400
17391000
13219200
25116480
43237800
33874200
70917120
12718728
25326756
72836500
58564800
30848400
3604500
17169408
49812000
59838912
7560000
24552000
17418240
8360688
16765056
6568848
13621608
51744000
31515120
5246208
96018048
45198000
9606168
64396800
10152000
42749952
11128320
43891200
57726900
23960844
99789744
12629232
11320400
24517080
22524480
10353000
2873850
18670080
10084725
51279480
6266880
7096320
61047000
41454000
9526500
23444784
3084225
32508000
68550300
12529440
17481744
19113920
9193800
46874880
22600512
16329600
49945896
19699200
38880000
30781296
7761600
42661080
6635520
54190080
7733880
30270240
39029760
16982784
72235800
44789760
22377600
57800952
24830302
64524288
12960000
8128512
27820800
36832320
6048000
9715200
61776000
55710720
34560000
19670364
21498048
19828800
8731800
39501000
29652480
11566800
2686560
19080000
52348032
3483648
16235856
32572800
13171200
39755520
33242400
17402112
26535600
2154600
3392840
19756800
3176800
10200000
42900480
19164600
124848000
18432000
21591360
60023040
15785280
3548448
9069840
67392000
19160064
7978828
12322128
10500000
71663616
15068160
914382
42577920
40891392
7714080
12779520
56899584
72618000
35163072
30387840
30576000
8985600
17463600
59963904
17332224
30775680
2050944
30139200
3033380
24675840
1490016
33384960
19585800
33239360
32731776
29302560
64518300
31188000
57002400
57576960
43804800
32214996
84146370
13087440
20289024
134334720
6107400
86873472
15668100
22498560
36221220
26658450
60211200
36392800
4436250
26040960
24343200
18579456
12960000
3628800
34637460
30798900
13845000
74973600
6150144
42477120
26453952
60885440
72938880
19764000
17692800
33242400
52254720
46344960
9459840
50457600
19512900
38975040
11667348
17688627
36080640
8374464
5239080
42184800
5709312
55928880
16473600
17423900
16547328
15724800
5642352
153381888
46569600
85824960
37674000
9111960
50191680
2679600
125582400
8985600
36288000
6575751
46396800
70997472
9427968
31574400
55123200
30870000
23721984
74631375
48891600
4377600
7923960
49795200
29925280
24775200
131400360
104417280
4510800
3303904
4849320
5874120
23718240
58106880
49500000
21358080
15422400
18424224
41520600
46872000
72423936
13635216
15697584
13870080
87156000
17206875
31933440
4529952
13686840
50319360
28800000
59844096
66101760
1980000
15652119
52419840
71020800
27540000
8186376
58464000
7797600
114566400
106920000
54432000
6320160
16164000
13530660
13231764
50678784
11369600
116960760
13471920
7288704
9938940
10310976
12916800
48973056
42855120
37281024
7768800
3396096
21652920
137712960
38102400
6518400
8928000
67392000
23721984
22052800
93519360
140899500
25719120
11875248
13305600
2116800
80207040
59719680
21621600
7066080
23520000
28187250
23760000
46539360
6216210
1843200
12856320
44094336
82252800
5048960
41128620
39813120
46127664
43124400
53724000
22751232
8211456
45303300
23440110
22353408
10896228
18727200
23849280
116987200
8960000
47001600
9287460
84680640
115706880
14934560
81458390
34210800
5967408
5328960
21625344
43835220
32175360
2859120
16805880
20049120
51731680
10446408
24476256
11335896
14797200
134640000
12888720
61065540
7678152
31619700
9528624
26244000
16934400
8320320
2469096
15745536
1827360
18228000
3917160
17363808
9504000
21381120
31670625
62208000
143320320
24537600
68632200
76464000
23328000
43806000
25726400
1075200
5861160
4190160
12481344
3016440
14859936
4735584
24724800
9884864
36771840
7040880
13759200
47822400
23844744
65664000
45048960
20240700
18547200
39916800
21644000
25608960
4156048
34300800
1291680
14259600
34905600
78174720
66134016
41532480
7824600
62506080
7969500
14405760
9894816
116788500
9580032
32516400
67314240
81881280
18768960
26365920
74163600
35076888
48988800
67485600
10800000
10233216
91072512
70053984
38273664
11985408
13779200
38035008
40745472
30324672
4032360
26127360
14204808
2371680
16271424
26384358
24502500
12983040
22972950
6289920
25276416
28154880
33516000
27238400
46124400
26440200
13478400
6771600
77616000
51295200
89978880
19262880
8678880
33446400
15434874
22218000
1365924
47394720
47500992
14061600
79803360
11002068
4914432
58879296
74116350
28123200
5210670
28779300
14304276
4457376
96114816
8259300
3676320
38905920
165888000
5679360
3926880
11136000
113850000
24837120
6032280
29238300
75116160
31753890
3280500
9172800
1670850
3264000
82125120
5495400
28274400
8532810
54078570
2510475
57805440
5341140
18848376
26768880
2788800
53676000
65116800
15752880
6785856
38092800
3276000
17442000
14515200
24595272
80110800
12597120
9609600
5239080
19262880
13464000
24508800
43545600
4161600
6800000
16919604
24925488
53222400
9123840
8096256
25612200
25270272
35642880
55194750
51546924
100590336
29129100
11097216
1829520
48854016
98537472
15603840
57341952
26880000
8940675
12729600
28835352
23498640
236526
19897920
26248320
22307400
43545600
92897280
4082400
24070000
1701000
13236615
11128320
35191800
8709120
4932928
21498750
13777920
20642688
79717120
122986080
39701504
46939200
8799840
4700025
4390848
28185300
22291200
59097600
59875200
2481024
17463600
14915664
40515552
1777776
12684672
47190528
28576800
11088000
6278272
74822400
20563200
10395000
19213740
14446080
5356800
80870400
2559060
65655360
9771840
7784280
17121888
9313920
31157280
15966720
32071680
5347944
10692000
36514800
18532800
30781296
22723050
2046681
31168800
20093184
20191680
41950800
58164480
5716776
7741440
29710660
15040512
61798400
11888640
20633920
30991695
139345920
18959360
46300800
8957952
12230400
51051000
26508636
13335840
6846000
67511808
31187520
1021110
39010400
11612160
30602880
11088000
13806720
7068600
43110144
9072000
1556928
40662864
19258416
5685888
95040000
48019200
5601960
22809600
29903580
43379712
40210152
21496020
3067920
24045120
21772800
31298400
81484200
6270000
19992000
23740200
17372160
25589760
39978400
16275168
10954440
60060000
108345600
37119600
57214080
3370880
113520000
22705200
1849536
26557440
11275200
67060224
4931584
19294240
5821200
15552000
35212032
79380000
30526848
48470400
119641536
65488500
76982400
21641100
25685100
6345216
67766400
24475500
50417640
11267424
13478400
12042240
16412550
2388672
27790128
12801915
15897600
18480960
93650688
60821280
5568696
90091008
12859560
13749120
17496675
18677232
53631600
23889600
93366000
9764352
55250370
17671500
39106800
11515392
9117360
12374120
9637056
6984495
9775920
13547814
8310600
5208000
21548160
53163000
29025920
34594560
23680800
10239372
24300000
60223104
4321800
12622500
6538752
115153920
29963520
12392688
16186500
71884800
6548040
25342200
15656976
5323968
12474000
814320
6267456
78236928
16964640
43372800
56663040
52215840
40435200
35435232
20275200
746928
72277920
27528000
74368800
10504032
92951040
94003200
147206400
19443456
48392736
54250560
10863360
12600000
27532800
27785472
111196800
18931968
101898000
41150592
129386400
8668800
19460070
22520680
20109600
27508992
14378000
20175872
5758368
3139344
36923040
13267800
3168000
6285312
14654640
67142250
113218560
12918528
86810850
23952016
109512000
2043000
2955960
25297920
15024960
33566400
65664000
32022144
15800400
4919040
37065600
50773536
11338080
73099200
73483200
8491392
13317120
15273720
6574932
15019776
20507136
40128000
3071478
19366776
15351120
25966034
30917376
42561792
26535600
5544000
33546240
17928540
8487072
81443880
34531956
29491200
7587216
40800942
4633200
19474560
34742400
94381056
2003400
34728960
36300000
22192128
8747904
26058240
14784000
19220760
3427200
26150688
80379900
88179840
7745920
33050160
106789104
19383570
50646400
21855744
43291248
18288000
23049600
58585600
7902720
33696000
31907232
4675968
40748400
55209600
30360000
28188720
20995200
25159680
100835280
13646880
54867456
3463712
40575600
6174000
2318400
82336800
104371200
5542425
35985600
3527160
25804800
11430720
5490240
94786560
24832920
110997054
13608000
21708000
19014912
5063310
35376000
21605760
12573792
25846128
32140800
8852480
30792960
22670928
11299200
14199840
20303010
54743040
1279764
51137664
9036792
30406656
99360000
51321600
105810432
57452850
5328360
3623550
42637056
21772800
24045120
12456972
17820000
9694080
16005600
145758690
13759200
29068000
17696000
12182400
7912080
29030400
16729776
9486000
2310000
36848448
12966588
42497280
89026560
138983040
17356032
8485134
68947200
53146800
41912640
7276500
53978400
11545600
31910760
58786560
38776320
1799280
10450944
6328080
89389740
9563400
11933460
16632000
23814000
24747008
18514440
25583040
27799200
762048
16170840
4080000
85478400
57250800
124740000
19413900
21638400
1062600
11502744
6388800
33014016
5639949
12171096
14275872
90499584
23664960
61363200
12655440
37559808
11206400
5142528
43341480
28038192
23530962
16765056
6187500
8347977
40845600
54213760
14394240
9491040
33696000
17690400
20535000
12941028
9261056
9897216
6130080
59566752
10952000
19623296
39513600
94348800
11712960
16558080
19420560
3225600
6292728
28993536
81543168
15513120
92635488
20856528
11573184
45106560
23704488
27941760
43659000
39517632
90288000
5588352
22117824
24752000
26956800
63349920
21533400
46536768
14400000
7907040
19305216
15580800
8067600
34369920
28036800
32659200
7146000
85456800
26827200
14636160
84076200
14303520
27740160
57024000
33324480
14112000
51120720
58890240
51114294
46715760
10378368
3301500
696192
19645483
41770890
59588352
50595840
2131200
73008000
21136500
9180000
51331104
36288000
22464000
18714240
11321856
66240000
11128320
21372000
3072800
57435840
54214272
7838208
15435000
37449216
79213680
6519744
41948928
26330040
87764040
26520000
3548160
5723136
5137920
35380800
6580000
21457800
15730176
7717842
18541440
32218560
16096320
34089600
4137630
9172800
117360
17115840
1906296
8616960
53733888
29548800
5854800
12582864
17991168
36303120
55111680
10293550
17236800
26045712
38080000
7466700
19183500
28350000
102000000
20772864
21155400
5085360
133781760
20122245
9864288
26853120
34459152
25780194
28200960
12571200
57915648
17483040
24595200
20275200
8769936
146788224
6912000
580608
8219904
13471920
3144960
22176000
31248000
44787200
4712400
1905120
12845952
6579456
15523200
54167100
22292928
5758720
8730540
46230912
1143072
8494080
14757120
63479808
12923064
97801776
6849024
3421080
295680
8805888
2027520
47900160
19104120
36391680
51823200
20238660
2903040
65085120
20343960
4737408
59626368
89199360
11249280
55931904
37387350
21772800
15863040
54246528
25621120
6773760
106905600
1529280
38115000
35493120
4628052
43780275
28772352
7687680
28926720
13809600
57397248
21105000
10650816
78962688
6199200
10711008
18826080
42417648
13870080
41803776
101379600
5326398
130394880
14155680
32693760
55156608
66884940
9072000
12495000
18966528
26271000
62092800
6095250
6435072
102574080
12607488
8870400
81865728
5060880
23543520
16219008
6532812
11902968
7197120
24012800
30028800
81849600
18567864
48024000
26377890
36951552
7776000
6269592
22256640
23629320
77978880
47698560
24988320
58890240
5081280
23802240
40102656
23347800
47202750
3358656
3196032
27072000
15422400
14769216
59056128
18982440
7254016
44374176
27125280
93508800
28576800
51587952
28080000
1870128
29030400
31946400
34759920
7207200
38127782
35549280
25698816
9315000
5659200
20156288
25704000
6985440
34675200
72471000
17582994
20684160
9080400
18194400
15538320
26880000
22093200
32901120
18781200
42865200
91445760
18280080
37013760
44167552
13305600
83476800
16229700
59492160
9258624
58747392
2963520
52876800
47215872
14385600
22243104
191923200
18424224
38522880
6376320
29053080
32598720
50577800
1240800
31722300
56598528
7649040
82137600
25280640
25375680
29937600
8123280
10847445
50126769
19767600
10665000
21205632
21676032
117675360
3659040
23514624
57164940
62653500
4675320
56672000
25660800
42094080
55738368
42379200
19340100
12348126
5207328
74088000
17260800
11727072
43891848
13056000
27631800
3010500
2836890
31150080
3188352
44375040
58053600
34377840
40988700
64512000
7434240
16824960
39366000
17515440
18547200
37413090
59412864
93219840
16038000
18063360
75479040
732480
14100480
12628000
64078560
7922880
13593600
17154720
32078592
32348160
3677184
19391400
83129088
52826400
59099040
21917610
9475200
11088000
21288960
23400000
3519936
26611200
58783872
35481600
38246400
39443040
27648000
2612736
50112000
85862400
32373000
44518320
54867150
11201000
44255232
16293888
40384656
32965380
24330240
45878400
23088240
30747600
25084080
16329600
84015360
46022256
26910000
40780800
25358400
11689920
90417600
9538560
29086720
280434
12677600
105670656
15498636
25439232
25597440
27165600
28005120
13365000
59592000
3570500
10235904
13934592
34944000
20824320
4835850
5452200
21598500
26578800
26417664
42515280
5329962
28402920
45349200
29106000
87417792
31449600
5959008
11410944
40040000
11599200
76476960
27518400
9647820
7581600
14708736
26112000
15995070
1382400
50412780
24385536
50711040
19601010
25583040
112116312
56833920
45349200
28788480
42892500
10253952
20884500
30881088
66515694
71971200
84312576
45158400
5488560
24518208
13426560
4798080
35312640
58677696
7159680
21542400
69004224
55177920
14929600
24475500
18345600
40950000
4803750
7653060
6606600
22893192
3293184
103824000
22523400
44926812
40390272
44883072
33175296
12441600
20185200
17928960
26071200
613800
98703360
34487376
61560000
5608800
8867040
24840000
17378020
14545440
12132288
12680640
62705664
11968000
18744264
17859600
5200000
14448000
17915904
26438400
23938200
12991320
8160768
38707200
62886600
44680896
30476160
19593700
22464000
46448640
14860800
24576048
112266000
11076480
44169300
27207360
38870208
130712400
16474752
58726400
13685760
23519496
10264320
18620784
23328000
21535800
19288800
91542528
9936000
31337280
13486176
131241600
44175456
57456000
42559440
26728800
40320000
25126920
66822084
21669120
16796160
8553600
11793600
37110150
14808780
8208000
32155200
5322240
25334400
90835936
14134500
26336128
10650150
2747520
74644416
42491904
39746000
11939840
86994432
11819520
30164400
19564416
54000
15433600
12901000
15356640
2273280
38154240
22042800
25401600
4700160
20528640
52183040
17690200
57867264
53765400
30585600
7840800
60442200
11664000
6061692
8598600
16755200
8232840
54190080
25855200
25243920
3680640
29859840
24528000
30735936
77875200
10869120
81607500
111974400
35069760
81648000
19765800
36035290
7050240
18228000
20217600
11404800
19958400
23936640
15717240
165726000
117964800
9836640
38880000
10213632
53281800
86452704
7207200
15106608
8019000
115568640
8255520
9945000
17464320
57103200
13923000
32917500
50803200
2464020
42932736
21482496
26863200
33976800
7350224
50864000
9279600
8641080
34151040
8164800
12656700
47472480
22579200
34200000
14676480
35151480
94556160
55345920
36840960
49304640
7496064
61716480
45372096
19166400
34749000
59916024
81192000
79866000
40024800
51979200
14612400
10160640
27720000
41072640
69378120
12545280
15628032
122019840
115015680
11430720
19008000
31996800
102141648
16662240
51926364
12749184
17997408
68096000
13961472
38547264
2527200
9500400
3580416
13436928
7076160
11021920
16102800
50688000
58320000
18782400
7884800
66025344
9115568
35374080
24081057
40249440
26542080
36970240
51051924
6773760
27799200
5450760
20792640
22291200
34987680
294000
83726040
20015424
9288000
7922304
21732480
76639680
23310000
24161760
12376800
56205864
40629600
33501600
10492416
34673184
8072130
70200000
32848200
92383200
19510400
51710400
48660480
30741984
128024064
44073792
1138320
35970480
23115552
19744800
11298560
72230400
31689216
27500760
59058720
9100350
54817776
6655500
9695700
22964304
18810240
3564000
42768000
23877504
51793560
11155320
3603432
2394000
50803200
35244720
76808088
9768200
116235000
4815360
15724800
25542000
47900160
12096000
16084992
139618080
35773920
10112256
44452800
15966720
11325600
14250600
38304000
10984736
49725000
8501760
8682960
153331200
114697440
48081600
93312000
3162510
5683392
65894400
72800640
17622528
14382144
43942500
12444432
42447054
44304624
5913600
19686240
12570624
37412928
7741440
38349360
99800064
58798080
79349760
36018675
66344832
42594552
29804544
31770144
90720000
102526560
32659200
15559776
61897500
28064400
5743584
32818500
21238200
20823040
8522752
14123025
15138816
16109280
7131840
48222720
3837600
48771072
22127616
4296600
26792856
14515200
72576000
37771200
4245600
54648000
12969264
1589220
31640400
20756736
24195024
19768320
29942784
8339800
46040400
9300096
55823040
16721250
46181520
26308800
16114230
16128000
15272460
14968800
114307200
130056192
33481800
27125280
1023036
36417192
35112000
15039251
18273600
105560880
10725120
46830960
26580960
26830440
12633600
70502400
59604992
34070400
3833856
83984000
103585680
33177600
60998400
1492608
9049320
72576000
14515200
5027400
85536000
67473408
100270080
20286000
14134120
29338848
20845440
56677320
23750496
87244560
44633160
4553064
6918912
1252800
8957952
29638224
49803600
7922880
746480
15712128
1147392
49766400
9889200
34997760
1375920
61857000
5922072
71468544
10565568
37863936
18532800
1489500
639111
34983936
12736080
28516320
2476656
14532480
37013760
17781120
23030784
7357125
18585600
46627812
30030336
22579200
12740000
25855200
23708160
4296600
19009728
19219200
5511240
32788800
1436400
132088320
4729536
35940780
36080640
30233088
28901376
53602560
4677120
18966528
31365600
51408000
22256640
89812800
41932800
127733760
14515200
38400000
15033600
8043750
24147200
68264448
2380191
35285880
87032000
3659040
29767920
5688144
72235800
10407936
4646070
28828800
24689664
3793920
2410920
14810880
12700800
8268480
29272320
3948048
4808160
66313728
15094800
5552064
90757800
16016532
4354560
21482496
12524400
11332608
102896640
81803520
36301824
11351340
28670400
30917376
73398528
31128300
14889600
5496650
30792960
44999600
26049600
20454400
50038560
37632000
27315600
56487456
41107500
34201440
21026304
24829440
68428800
5186160
35536800
14957280
29816640
2850876
40174400
10503504
104878800
13432320
58731750
11203920
19121760
17305344
50862240
19483090
449820
41925888
42163200
13905450
14385600
5324400
23225400
10955736
128595600
19474560
23546208
46663680
10046592
31781400
41152860
51367680
22524480
41990400
48483540
105798528
101606400
44906400
37324800
48552000
11648000
3494400
27342000
36871200
74880000
42311808
29816640
64386000
23846400
174636000
33806080
12249600
37584000
14636160
9144576
37800000
51226560
54621000
79380000
1781760
19106400
45360000
19192320
28841670
40634880
68108040
34836480
42336000
41587200
17136000
33948000
19459440
11940256
91392000
53352000
18844200
85095360
11258676
81043200
17336592
10378800
24494400
17336592
13915000
32844000
44539040
38881080
39976200
29184000
37900200
42497280
61895232
4410900
21835008
36748800
3932064
23063040
40108800
135606900
16925792
43276800
45144000
28131840
117573120
2343000
84369600
75816000
8276688
39639600
38885616
7646720
5121792
27319680
633960
25192860
8109000
22087728
85158000
87246720
7185024
51029550
55193600
9110640
12096000
41653920
4085592
19595520
10626000
27980160
38253600
37849680
8087040
46116000
42810768
22997520
10866240
17026128
20766240
11085375
13141440
47151720
4324320
32306688
37065600
95904000
107858240
6879600
9580032
60532920
43996608
9827136
22922208
10105920
89303040
87639552
48004488
161740800
27955200
61952000
11763180
80151120
26006400
26664960
46276920
17350200
72500800
12403200
15943200
11695320
83119680
8035200
15820200
30037392
32022144
10264320
50507776
9694080
8887500
39494400
12858912
73774800
397110
32051250
45619200
18127200
1373085
24024000
72793728
10427616
64411200
12948936
1368675
35135100
6849216
20493760
40441680
15699875
18992400
2427264
8547000
11831040
37255680
22940820
186955776
3628800
24251724
36741600
12840960
1402380
97044480
17922960
81818100
25312320
15523200
6615000
56645550
28153440
37356480
108864000
5529600
74931780
19742800
26308800
34171200
65220075
35122500
75675600
13478400
10377990
38199600
53993472
1143072
1722384
17487360
21106008
39191040
5754240
18069480
119192355
42049280
23016960
22266090
40007520
92252160
83913984
23224320
11943936
43366400
21751560
30909600
32997888
32348160
11020464
19654272
29393280
5364480
6519744
54648000
10832400
20705520
62205570
37324800
36595800
51238272
98939232
32011200
4571424
28221648
11145600
10123200
34992000
54309024
25833600
2350296
6372576
40837500
1566720
26611200
14152320
54687360
64654128
5360208
31449600
21397824
46163520
94711680
19722240
42301440
51390720
23543520
28748160
25344000
4312070
10648800
6306300
123027840
32558400
68124672
9008640
7983360
48097280
3570336
65197440
15724800
28740096
26908024
27669600
25147200
6170580
8436960
33543720
29439176
11673600
15966720
109396224
28174608
3182400
14651280
20099016
31256316
242524800
2470338
82301184
8870400
30708864
19160064
49223700
15818432
46818720
48787200
13608000
20108000
138584250
35054208
57834000
10322400
7819968
28771200
3344000
10555776
3916044
10133760
25417920
8294400
15069600
14817600
39916800
12218976
17731584
8726400
17686080
4680000
32707584
7881440
31360000
53747200
18095472
10368000
17657640
26092800
26106300
25653000
13343616
23224320
70208640
19595520
11675664
49180320
49392000
51955344
5240816
10810800
7291200
11081070
10877328
8404992
73710000
8768760
25132800
29484000
19530720
19697832
36241920
22356000
8610000
22421700
55112400
27052704
84198400
15375360
34038144
18247680
28304640
13094400
8096760
37065600
10284928
10299520
3659040
11498760
23950080
75573760
14712192
16264920
25327500
63472500
1076124
5074824
77030400
3923360
113552208
49766400
51367680
28253016
22407840
14333220
95427072
12360264
22430520
55148544
12965238
28615680
21720000
27216000
6067791
9075000
35065800
57960000
45452160
33657120
35664300
12573792
24245760
15161490
57415680
65655360
52889760
7853664
65228800
5534100
57068550
35925120
16416000
2632448
2499000
6312600
29062800
18200000
4850400
50074200
34997760
33557496
19730160
28224000
69783840
8090880
26989200
21661728
3173730
13251600
84303000
764445
67034604
8306226
11531520
2646270
6261906
9253440
46379520
37118250
22861440
12096000
5792150
3601584
21551376
2836314
61236000
37346400
42104832
42194880
8294400
19164600
7311360
1554432
42791040
8611200
14232672
68567040
11475000
2827392
79822080
129254400
96314400
18892440
90931680
22208256
38016000
94112928
32112850
25754400
16848000
19121760
25804800
62172864
87275664
89672832
16848000
63440312
24385536
9745920
8265600
10221120
42865200
88888800
25272000
6597360
36782400
62974080
21337344
14116800
13608000
48648600
50332800
29804544
24630480
29465856
60673536
25605360
3953040
12035968
37454400
55460160
21318930
3231840
37422000
16470144
83808000
30743010
7524000
15748992
16425024
33577740
8137584
27555840
50765400
4331232
70325640
28812960
19184640
46530560
55883520
24804000
74753280
6277536
28488600
7869150
16343040
7776000
50522640
52693200
82212000
24480000
41698800
53946000
22040000
37644750
17062560
17107200
37403856
14169600
33454080
4681800
85100544
95256000
29390400
20849400
25084800
65790144
26611200
18230784
8028720
16715160
63752832
10270260
5183640
56309760
16953216
22146048
3931200
39628800
13109040
14345100
66588480
9979200
3608064
36590400
1342320
40943616
48263040
1336608
68040000
25795000
43929900
4704000
11553360
34805925
18144000
6789120
20790000
1612800
21496320
29379672
13759200
44019360
68443200
20442240
13547520
14191200
12042800
17418240
46781280
33696000
3335904
62830080
31921344
69043590
37410880
48913956
1832320
87994720
124558992
63797760
2112000
28226880
20998656
8164800
12681360
5167800
11765880
43599024
26127360
14626656
5821200
12396384
33860736
27138240
17578800
32659200
39270000
51399180
68428800
45927000
13880160
26006400
63685440
11289600
17756640
4032000
9210240
6339168
54486432
51872184
52985856
22809600
8935920
17001600
39441600
6029100
16985088
55872942
19588800
16891200
20995200
53776800
17674470
23818704
92620800
36741600
2669880
25855200
76789944
180922500
5032664
36580950
26611200
40291328
3498000
74434464
16934400
27216000
12046320
36900864
42134400
104340600
9696960
24244425
41486445
70560000
2673000
258552000
26025120
40951456
16771248
8453760
14281344
22963200
31104000
50428800
12058200
17886960
4167240
32124288
8042496
51597000
13058080
2079000
39755520
54885600
28543872
1440000
10818360
18162144
2687700
142067520
23232000
23795200
105617520
54573750
129266280
39999960
59976000
30309660
23959800
39263880
25640384
29635200
33086880
23139072
541872
22453200
5160960
53084160
24584175
93199680
2467440
23571405
18288270
40778640
54698112
4935168
29257410
3628800
69144192
11022480
4462500
45999360
58925475
37275264
31026240
56718480
77767560
8805888
24704550
15912000
16447536
11321856
13190040
15484620
2418548
11059200
46606560
5043200
8096760
7076160
33307456
20782080
7015680
44201700
29551080
10750320
69888000
9117696
16547328
13193600
20260422
10902276
14285376
15823080
28467504
12600000
8078400
20691720
15765120
68366592
8043840
21874944
28981440
20155200
59045760
202798080
16034760
72683520
9828000
19952730
52690176
7464960
20922336
6224400
8890560
25377100
18708300
44272656
41796000
15453175
28608000
18984672
183697920
15071940
43352064
12656640
5999616
4049760
20908800
12731400
73710000
34032960
17278200
11665920
20321280
35675136
22800960
33158160
17035200
63866880
42206220
10313919
21565440
13296960
14336608
35078400
23790480
32598720
31543200
12268032
1761984
13914432
22118400
5909760
73051200
57507840
57657600
11165616
25782624
20709000
46024704
23513490
669600
15283296
7674480
11918016
19400472
91802880
25989120
26872560
15088000
15002624
16598400
18295200
33264000
65632248
54286848
31941000
19894680
28366848
9922176
45546624
6992832
9165312
30754360
2280960
31521600
40748400
35356200
9737280
91763280
16201760
25200000
9282000
2137200
57153600
12841920
13057632
51935400
110881800
43868160
18517590
26943840
6283200
1404000
8741520
14460000
54023760
9752460
19764360
3454272
19315584
21222000
1285200
43084800
14994000
93888704
123002880
30499560
6005552
14747040
5795328
7660800
33868800
70394688
53684400
71292312
28097280
51891840
9253440
44296560
9335040
48400000
23616768
36599808
52907904
12298000
71124480
12004200
13517280
1389960
1649375
36133734
44413920
71933400
60480000
12736080
6048000
15375316
39584160
52423392
107848000
55026720
6464640
14816256
4354560
14876400
812175
13632300
63221760
6201440
23587200
17992800
17021440
11707800
6230070
29644056
19958400
36115200
5443200
16342560
127643040
13004992
9165312
7387520
23392800
10402920
5735400
59270400
21732480
50336000
11764116
21067200
1677390
15484392
39584160
20787200
16223760
27635328
11699870
12640320
19514880
12241152
3598560
43086680
17860500
86785920
18332160
4055040
2411136
36523872
69784000
25272000
97416000
39168000
53773632
1322880
33707520
5613300
12061500
22041600
6150816
15894144
13338000
9253440
13593600
8089956
17281260
70754040
7717500
33530112
48249600
8467200
9427968
18673200
25608960
29111480
37666290
100837408
2032128
7835100
105370200
60343800
38787840
17882040
11188800
9676800
11500320
21992400
41382000
18450900
15649200
62716032
11860992
71009820
84084000
66528000
14653440
20073600
29962800
27900000
124692480
16934400
130416000
30296700
62775000
6633432
12456780
93117024
29789760
48453552
16762680
12367500
13473945
6749568
53913600
8363520
21762048
49124880
2545200
26598000
26917800
26732160
63866880
13049100
38031840
59610600
80073000
43920000
5186160
6776352
11952000
18283320
7870720
5540400
45534720
36069600
61553520
8014656
20720700
38199600
40642560
9195810
98703360
6134625
21954240
12127500
19483200
47738880
40248000
34003200
30748032
24373440
9034608
9356760
17064432
21365760
22171968
3570336
22226400
7375824
11848680
31973760
2456784
3760128
11800026
4667949
42269760
40588560
74245600
71632512
11547360
21097440
119206080
34873344
13141440
18351360
13311648
44975520
52427520
58720032
37488672
11080800
25272000
56178780
34276608
51093120
5129784
52690176
20723040
35684352
10010112
22919760
7428168
26780544
1290240
40499712
15153600
3386880
11176704
10015488
24456600
5546520
4800000
9938880
21029580
96132960
23209200
6350400
6773760
17478720
14968800
68719560
1616160
44089920
15562368
19110000
49511712
24393600
8241750
60278400
91010304
40320000
34256628
21044448
8848000
51625728
33011550
47179440
14307840
40028256
19987968
8573040
7879680
18561312
13899600
11049696
62486424
49169120
15468516
6829056
23104224
4026000
24494400
20067264
69503616
55883520
27095040
15889500
28191240
30028800
59690400
23912640
12247200
172448640
27054720
68044150
25574400
55899200
44605440
2471040
13335840
7020000
40698000
24648624
7402752
46539360
94348800
40724775
20908800
10585080
44178750
16310910
9354240
29016000
16156800
24952320
11819520
5796000
11872000
6583500
29118960
11801700
14976000
8789760
85571640
31999968
26757120
32810400
64949040
27878400
17526600
4446900
26496000
14065920
20791680
12337920
96526080
11628000
38438400
34927200
68486880
2905980
30481920
14463360
7560000
22321656
40715136
26082000
18797184
1047375
14515200
79380000
19248768
3034080
40559168
23856525
19620360
29719872
27896400
23155200
44366400
12356520
12132960
19133280
70943040
50457600
47278080
11689920
39009600
47059200
62100000
135705600
65854152
12216384
24235200
38539800
11232000
18694476
4599504
10155600
17074800
141044085
14630880
5287680
54108000
13747968
14210640
6209664
10329696
9434880
23587200
5222880
173502000
27202500
19474560
77792400
19785600
7998000
109025280
13023360
31194240
41368320
49005000
59875200
16524000
24108000
64638000
3747744
12012000
12684600
29497500
22924620
5443200
49631400
34715520
2134512
19370800
54743040
66528000
17561600
141732096
12046320
33782400
15912000
21865536
30284100
150014592
68911920
19740672
12476100
67949280
7310016
9979200
7871850
10248000
61560000
51364800
30576000
25058880
25344000
6082128
17496000
16128000
4633200
35860968
132268032
10847400
6298880
8202150
31978800
39137280
27480384
27457056
14026100
95185440
42456960
30336768
48157200
7650480
13330800
18896640
57879360
31933440
9131346
9483264
8419950
12069000
29494080
18900000
43611120
26148864
4383504
25159680
62378400
5239080
8892000
51791112
74714112
39052800
43545600
22221312
13939200
14686980
58060800
47112780
3362772
83502900
4212000
9614080
99655920
21700224
23087700
52659200
77794992
66419136
38640000
27368100
26342400
55494400
21373000
29234400
95161500
124084224
18094080
12400000
29863440
21168000
6289400
23808512
15079680
74952864
15593760
30839760
6451200
22674600
77616000
14152320
43020560
154664640
31159296
14859720
62861700
39204000
45080000
9568416
3903120
17236800
8830620
69154560
6965595
106522200
27227340
17821440
8694400
4915890
8695840
12712192
39552000
2446500
31347000
8611200
13333320
28135800
53913600
26836992
2851200
11850300
14414400
16347744
20459520
28222992
14968800
68375040
11539584
26609472
40847625
7024640
102060000
12665952
7128000
4110080
11327040
14909440
27439200
8160000
6473520
60170400
29491200
48147264
32051880
15805440
14134176
67135488
32348160
28512000
53679600
21168000
20638800
29030400
21772800
27783000
24235200
6617520
56690400
17908128
1342656
36197280
77616000
9028800
38578176
9255384
19595520
80523072
14758848
10160640
13976550
26114400
33451155
17753904
5040600
29907900
25469808
27579552
4208512
31487400
36806400
94705200
11464950
51425280
7402780
5360256
31629312
15386112
38552976
46656000
8648640
24470208
66189312
23647680
5612544
15422400
25147584
5474304
16114140
9326592
16353792
46170000
1465200
35712000
76343568
49766400
22744800
55255200
14112000
22239360
26136000
48600000
63095760
32398800
788970
26762400
22014720
25259520
77360400
20367360
13824000
30368800
3394160
4239872
42652896
74946144
49131264
53703000
40435200
15899250
3634416
14152320
7703685
76112400
12936000
67612160
16692480
22510800
5018112
23156224
14299200
42187068
11561088
9289500
31395600
89678400
33857472
8757720
35667216
17781120
32497200
49109760
33067440
24727680
98128800
15755520
11404800
54587520
29130840
11995200
56963088
25474176
19353600
47628000
45489600
12741120
34836480
55282500
41232240
27095040
62778240
12065172
22464000
3657500
4062150
13118355
6309576
8242740
94884480
23748480
43690752
27941760
18868640
68434200
12317384
13571712
104781600
22090464
6237504
8399140
9519120
81436800
33297264
12180480
14081760
55404000
30844800
38016000
24159168
28711584
32175360
40721940
36288000
13810500
52157952
32659200
9849375
6635520
50948352
70543872
9389520
55972800
14893632
71097600
16848000
23161600
89799840
11618640
14616000
9253440
37889280
28224000
45405360
82247040
3410400
78926848
45125080
32969664
24537600
19008000
160216056
41472000
5491200
35340000
36917760
43929600
39793680
14298450
92169000
15966720
6682500
5896800
41407200
17350200
14266944
108067050
15120000
31185000
8942400
41135040
21568800
62657280
40328820
70224000
72725040
5561487
18502400
38707200
41822720
1009800
19126800
19353600
25116480
32188752
34704450
89082000
45700200
45738000
15466572
47105280
35516880
21886480
17697680
19480032
4839120
30192000
9461760
26433540
13014144
34104000
20346300
68942016
35993160
43139250
40914720
5535040
8321625
38031840
44229888
13899600
15759360
10886400
35026992
1197504
24440832
72678060
65568204
27332640
60825600
22153824
7935648
15984000
33808320
6511680
51746688
26373600
9660420
8196720
6343920
19204380
2835456
14076720
38207232
61337088
22105440
34992000
85357440
7499520
12320100
29331072
30118400
33454080
14378364
3012352
46263840
5073840
49517325
36391680
25349760
8424000
83317248
19343520
6725700
32002857
114307200
5836800
25719120
21562200
7960000
22968675
10350592
57456000
28461888
43097600
71628480
27101655
48438000
31530240
15741180
21047040
3384612
42411600
48926592
13923000
58514400
111041280
58392576
2326968
2650560
66528000
14936064
53139240
41472000
1817640
22008840
21580992
39965184
9407664
39978012
34122000
20973546
35126784
8659728
27878400
27562500
8920800
18506880
59146560
25116480
55520640
27360000
32659200
62208000
3885120
22565088
6806052
32127480
1209600
47278080
18316800
25933824
10999296
18188800
32947200
14580000
7938000
58771440
36936000
6306048
5681760
47001600
431680
38335680
11850300
3343872
51840000
6124800
4092480
2043888
21734892
52826400
23520000
106323840
10298112
138600000
24349248
23351328
28595700
121927680
34992000
22755600
4478208
20321280
38915800
42344640
55835208
53343360
6981390
21804552
17035200
26880000
21215040
76063680
54923328
45440640
20357568
46530000
40569984
1793792
1464414
8477040
22114944
34881600
884250
23607936
20514060
8372160
11297286
93571200
25401600
10800000
8812800
53449200
10936800
35006400
35769600
40932864
7637760
20064000
72858240
31429944
59351040
8761536
66240000
43286400
114180000
27841968
12120192
35271936
8312832
30270240
38050320
33246720
20072448
61662720
2770560
51949800
5159700
1461888
28409600
764400
32928000
4697000
41613264
20865600
21399552
10342080
80080650
66242880
22790880
11372400
31795200
3568656
5221440
65862720
51866100
12672000
3628800
71387904
44415000
26578530
25474176
12026880
25247376
122304000
61624125
46106816
11267424
21228480
2008314
55883520
13852800
3582306
50821680
43879968
58164480
39916800
70526625
36126720
37366272
44658432
29694600
10206000
7043080
30164400
4931550
10274146
35078400
25361910
35560140
2316600
5948640
22643712
22181328
29019840
63452160
7312760
15166720
11016000
23647680
27505920
35857080
54432000
47442240
17564400
9525600
28413360
21427200
25613280
122007600
62120448
5730560
12403200
33124968
66441060
35397600
109771200
24045120
71721936
44029440
85280580
9201600
8757000
14626656
4375360
23328000
11938080
10135125
29597400
8604090
39102000
12344200
14336000
31457920
14224896
3529764
3483648
6918912
53222400
10762752
9603360
11352960
43409520
56390400
13910400
15584940
12812800
2488500
101993472
28207872
37094400
21141120
55156140
25920000
31230360
53071200
50761116
2570400
10489068
78575616
84648564
36432000
55227900
93139200
1991800
34358310
84500416
7902720
36136800
46656000
38535168
36578304
10834560
26164800
72870840
24822720
101088000
15154776
3951360
50979600
25091898
4605120
98191278
48742750
28544490
11197440
11338320
7581600
28935360
37817520
20684160
135851520
12659544
19872540
16167648
118016448
59222016
3225000
21853440
634260
80784000
67246848
26275200
8751600
24675840
54362880
24680124
20741616
9985680
42674688
14893056
21049600
32052240
23188032
22176000
8838720
9295104
10264320
26827200
4609920
13416480
13242456
12487712
23035488
4325880
190987776
5591040
84160440
19853910
32659200
11143968
39366000
9520896
27556200
5766000
62208000
29795040
21676032
30481920
48871680
29937600
22484700
6424704
30326400
9870336
8124480
8857350
8282400
29370000
31119552
24052140
20321280
33166260
18112500
4652256
27546624
31944000
20723850
2394688
3164616
35380800
39978900
86123520
19575108
12558240
62208000
37047780
6557760
40446000
29877120
15061056
15093540
18627840
6652800
13765500
21168000
62208000
35642880
4374000
91854000
62154540
60480000
6605700
14320800
30472200
14669424
10964730
77693616
19080000
12741300
3403400
49896000
12353040
25643520
37318320
49340412
11151000
31933440
7654400
101202750
29106000
60963840
104509440
81702000
59439744
7660224
49969920
45675000
13653360
32373600
58320000
51578208
8746500
6500736
14394688
36288000
15759360
11269440
15724800
7983360
10059264
1743588
22670928
34405560
17625600
12383280
2178084
46376568
18096000
7769520
10907136
68076288
25804800
8339760
25650000
8532216
22806660
10638540
19828800
28894320
29808000
1528010
13140400
4054050
32659200
20528640
33755400
17297280
62460720
13208832
10411200
9525600
41108480
3110400
60944400
13146840
11819520
15639936
46035000
20966400
12685680
8016480
15590750
24272640
49650300
5683200
7351344
13278720
9996000
44789760
9477000
7904000
47361600
77898240
24916320
37177056
23494185
17149320
82161408
17781120
70528640
5344650
2552000
48336750
34353396
27216000
13759200
35562240
8709120
25474176
3744000
53340672
53317440
27867840
24650406
46652760
15767808
20680704
70106400
7939620
88501248
4210560
22705200
9787500
34335672
29338848
31589712
3942400
42456960
43920000
73042200
21978000
34736256
69696000
126360000
55598400
30412800
12108096
33006960
6306048
16329600
38532000
6103188
12528000
7659575
8527680
2672640
5391360
2163304
10148320
17266560
59875200
12570480
39018672
57121200
39507048
12108096
29984768
12288024
24175125
18064800
39398400
8906640
43409925
61771572
10886400
18772992
19686240
50803200
15724800
31479840
49228560
29150550
13145418
11174800
3773952
21852160
19152000
43084800
5350800
23882040
26943840
65577600
13277440
85248000
111132000
4596800
5096000
19743200
14736000
9537000
28957950
10273536
3688752
84672000
17821440
29411200
28047600
24105600
29937600
50676192
24732864
35830080
23158872
27783000
24548832
12560000
15100800
13949676
49896000
20884500
9477000
32744250
2550240
12545280
6858432
24440832
24993360
6384000
43653120
90944392
22839600
40642560
5878656
55978560
69811200
52618944
25893504
12383280
10543000
39424320
12874400
13160448
12396384
21500640
48552000
24857280
81868800
39398400
24422400
38855817
39916800
16003008
3729600
1433064
5806080
132088320
37330944
6652800
27378000
59211600
23530500
15411725
67760640
27621000
23777280
6244128
107347968
114297120
4257792
14784000
8481375
19994688
41535900
30271500
30132000
24648624
76839840
20044800
5877522
25646796
13981792
21262500
31243968
11975040
62763008
6209280
33324144
8514720
47506500
76749120
35178624
153425664
11713680
27379968
1630560
3536000
1493856
8668674
9139200
7336656
73877440
38782800
11939872
33286680
10533600
91854000
54825120
28642140
11805552
21651300
11851488
83980800
27570600
17107200
12042240
58181760
64979712
47424000
27371520
7022700
4653000
13091232
33929280
22353408
16008840
71042400
18221760
22579200
23939145
14387100
21380700
34918884
18738720
20540520
12700800
3088800
112856400
18446400
10972656
14142624
6860000
41277600
63463680
34604928
7183638
25498000
52049664
27095040
24972948
38102400
35932160
24820992
67359600
23664960
9677250
6492288
22873536
17106012
36634400
5664330
5362560
4165560
6048000
22743000
10286640
7725600
139345920
45287424
17651760
12065760
18896640
28304640
32579820
34715520
110767668
12682762
48157200
10080000
46344960
149909760
29280000
9218624
15012690
81892944
83835000
10942560
6110208
24494400
29514240
3017664
39705600
56377440
14327040
85483755
43483392
19536300
16493568
19083240
6588000
5987520
3864000
15102720
21772800
45360000
26009984
28494180
26943840
53365312
5754840
23124420
13250880
49420800
22968036
4257792
89302500
17087760
21399552
11476080
27283200
41395200
23232000
97537500
13246464
14477760
80196480
62741952
83203848
19813248
27993600
7628544
6599880
75671376
6683040
2600640
13686400
1529286
8294400
44997120
62742528
779220
33784128
15814656
17656320
63374640
30902400
14981760
16910460
108664920
94517280
88482240
9446400
32524800
29721600
22793400
8911539
28676032
51559200
52628940
7600320
26478144
12038400
30820608
41050944
30723000
18933600
24373440
14497600
15444000
53239648
51516000
58406400
41575248
12773376
5978160
13662000
23807520
20643840
8467200
77274000
22777200
43566400
47957184
17114328
171072
5783625
32947200
17740800
51620580
18014976
68650400
5258880
5405400
49572000
44319744
36224496
35683200
48664800
10254720
61562592
40521600
35230720
6690240
8747200
41873328
26611200
55724760
40320000
1555200
16192000
18063360
6566508
12027840
16884000
30247884
14876400
13939200
26183520
2895620
39657600
63141120
40884480
47401200
36115200
17566170
32896800
38525760
36167040
15759360
18242224
12070184
43109955
71082144
21494160
65373000
51891840
12814200
14688000
23794560
17962560
3456000
9751104
41820240
26542080
19320000
21006180
17418240
11393460
4256000
16926720
99993600
37402560
48679680
114807000
27955200
24718176
21127920
12542040
115239600
38640000
77552640
14105728
33547500
20865600
29652480
50010090
12040704
50336640
23677920
36608000
69687504
71808000
16171650
10404856
46676448
966465
11172000
16253055
5771088
50422680
38808000
13494600
38045700
23351328
78382080
77414400
6842880
21098880
5544693
4974750
34594560
26391820
52684800
9031680
18775680
68901840
14805504
27216000
15836800
3270960
38495520
20257776
1777776
12380160
8627472
42040320
23358720
81513432
25808640
12936000
36753750
17374500
117004500
37908000
14212800
35084700
9082800
73389888
8574720
19026900
39502260
3670800
11662200
39890880
43163400
9161100
6652800
14414400
10791144
16107840
9382580
28641600
36288000
52989552
86261760
50995000
48176640
41713920
37584000
3880800
1451250
103680000
9715200
31185000
29494080
47154100
5239200
52962240
56339712
10571904
5314680
3231648
31862250
7120736
38272500
13530240
81661440
5397840
14758380
11880000
6389600
12972960
21901824
15393840
62231040
18176400
10186560
96961536
8981280
20956320
11289600
1945125
4191264
9261000
14688000
16742400
62352000
16873920
7838208
24472800
26181360
34104000
7076160
18783072
22518000
20616120
70253568
82575360
24040800
21542976
10002816
26261400
4062960
17503200
26070660
12117600
57919680
57736800
51840000
21427200
29452500
32660496
18184320
21022848
10378368
10523392
8732976
19780200
26761728
41018688
28554750
3749760
60875640
32931360
15771140
44271360
61322400
1701000
24583680
34033536
9274800
8138880
46683000
30912000
21162960
1462160
13431936
9676800
33745140
5626368
35217234
31046400
39152128
21546000
16831584
5209344
19673208
5685120
65318400
53222400
7662600
16070400
6240832
20520000
10793952
8087040
5405400
61380000
9504864
8096000
47201616
71894550
78796800
2376000
33561600
13754700
5913600
85394400
90182400
69189120
33057600
4140000
3424680
28476000
66977280
27095040
45991680
42048720
26136000
3404800
11880000
18318300
22576320
13708800
91888128
50761728
14123403
391104
53001216
7432560
84456000
60540480
21384000
16964640
5068800
16381872
22939200
45504000
44240256
8281240
20966400
53820000
29652480
3717000
10964160
42078960
40473600
14760000
63866880
28281960
28047600
3609760
7741440
42024960
35639352
94122000
7497000
55852160
9669660
15236100
109287360
7069440
29840400
12863760
27775872
27256320
6156000
3650328
20776176
647010
13723776
23133600
25850880
48656300
24264576
40748400
16416000
74220300
8414280
2626560
125260800
14733090
16926720
75866112
7850880
3865120
52617600
14508000
14562408
11542224
33868800
47342240
10614240
12183210
15214500
214032000
8607600
41816736
6633900
30970368
46654272
12393600
7231680
29601000
19603584
4865112
9287460
87962112
32442312
17107200
98122752
6383520
14277680
19730880
282240
19456000
111186432
33530112
79027200
49932288
15410304
13679820
36288000
6384000
5593302
5264424
24786000
30167424
26860680
25724160
27201824
5614400
51321600
5762880
5278500
39338970
6388200
34961112
13039488
62760192
3429504
31360000
84097440
15657408
22794912
19388160
60659712
17111088
4316184
29767500
55157760
104186880
32430720
30481920
37101792
6722040
24462750
114075000
20286000
12612600
39581784
45722880
66150000
4969440
2362536
20225376
18506880
49896000
71442000
35809200
1425816
37255680
17811360
2474010
50171940
6130080
510048
88583040
66355200
8660520
19611072
65318400
15020640
35517312
67018320
121592016
77692230
21254400
5152224
4499712
34046100
21490560
30287520
44717400
7659792
15206400
4415920
29352960
135302400
40068000
74299680
30464000
13950720
85536000
53198100
86994432
42989310
50077440
70968960
21270400
15384600
11717280
59343240
8467200
17915904
35126784
9720000
29721600
26208000
50062320
22507875
57369600
36197280
14603280
29441280
16102944
2352798
18601380
3317760
58858800
37458720
38756200
41698272
3628800
34559136
5978142
30521400
18918900
6741792
4715172
28483200
63955584
26600000
23178240
29484000
21257640
47008836
71280000
18425880
7338240
34338816
24078600
49621572
26520000
35925120
5220072
59277312
6919560
15984000
25607400
55814400
29077290
37224000
12879360
29106000
72277920
22809600
62208000
21733920
4691520
26415720
115430400
22226400
5700780
6117280
18454800
12317184
5447520
71481600
11120640
5437935
54568080
4284900
17817462
15102720
34594560
15240960
45513216
14210640
8054640
2857680
3144960
1236375
6580224
66718080
68457312
24837120
4914432
115668000
12936000
14541120
112752000
117573120
21670740
35516880
2758080
41287680
17821440
40480000
120268800
3518592
11878580
21772800
9018240
26611200
46230912
35271936
41969088
34838100
18057600
11289600
9921648
17061408
74346720
55296000
6397440
8334900
137781000
13608000
9208080
15418593
7761600
36000000
3857280
11154000
45559584
7338240
56324160
25753728
13354740
9495486
4935168
9784800
10379340
80720640
177438720
52849440
15384600
30293040
28553472
6716160
25798500
98896140
4181760
43243200
9199008
19440000
21415680
9787392
6193152
20415360
19440000
13132800
5080320
13063680
4526400
3325140
9658880
34841352
10160640
32432400
40687920
2811018
14389650
12448800
128325120
12902400
27187200
14450400
7455000
31987200
8796480
54984960
41967072
100386000
1108800
12528000
27771120
23760000
33096944
26371800
45416448
49420800
29343600
42720480
29633436
50803200
70551000
68368950
69095169
48384000
42926700
65126400
12936000
4156416
69552000
6048000
17038080
4704000
6332160
9829512
20311200
16297200
35435232
6087312
47421400
49967280
67953600
21943440
76108032
46443600
15240960
39453120
975000
7373580
32292000
112565000
7970400
35481600
33480000
4939935
5168772
15966720
6773760
29804544
63048240
15697500
13104936
22993740
40360320
21049600
54288000
39191040
22161600
4504500
13090896
53524800
32947200
20448288
55319040
7644000
81129600
49598208
16729020
25966080
13021470
41310000
55641600
59704320
44347680
25779600
61970832
57936816
36771840
36273600
12826944
47308800
18918144
61182576
9424800
20923560
40128000
17110800
62369856
34070400
14463504
42854400
39424320
4522000
57853440
70178400
64465632
28327200
21488544
53245920
27927900
13160448
33868800
22952160
24433164
41766912
20528640
23950080
73284750
53555040
89185536
27077700
1765120
15200640
2309760
97511040
21797100
12186720
53222400
10387440
67914000
11372400
114213888
17619840
38247552
5809440
25719120
3560220
40772160
11628000
34574400
30866616
16006320
12862500
40680000
13529824
10773840
148777200
76803120
42288960
18660096
28160160
17074800
2502528
42263046
51881472
3423420
8565960
6515712
30561300
60963840
34210800
9310860
45619200
90452376
24710400
11568150
14810400
105131520
27797760
16319880
10804500
20127744
24261120
76376880
17915040
1724100
30623040
27144000
25878528
29588160
5745600
5882940
35251200
10496640
106411500
4035744
13392000
18988992
23140480
14726124
1392000
31634550
45165120
19353600
5904360
19660800
22358700
5942475
20680704
12168360
71857152
20265300
74898000
8799000
40572000
16522240
84464640
46834200
57120000
51105600
9879408
26211900
10810800
1994544
12595968
20160000
25285689
30623040
20643840
5499648
4883760
46717440
40704000
105636096
85440000
18008406
114161400
5029200
11288970
50803200
57842400
42780528
43118592
29370600
6690816
21560384
10640000
15899040
14439936
73045800
9652608
58982400
14128020
8572200
8636544
20424000
16104096
20044960
11332608
41050240
2610720
14534520
21772800
25039872
32947200
42462720
11594765
93213120
16558080
15713280
47174400
23000796
37467360
38920500
18322200
1250304
57024000
38493000
6348288
63866880
28449792
15170400
44012800
28788480
15240960
13329360
9123840
3472875
38918880
28124120
16261080
35251524
39997230
33312384
29184000
21610800
74553600
30544920
17886960
21254400
4570260
15036480
17162928
30320640
10614240
13024800
50684361
10226520
4894032
7223040
61593840
9206352
27498240
20043450
21067776
61483968
31482360
78835680
29859840
3083080
35481600
4001400
26477568
11848704
38238992
20196000
11418624
4541670
19182096
69284160
23482368
3872124
41192800
25754112
16598400
23482368
11736900
13934592
13708800
21446100
9695700
130056192
11262060
17971200
45925110
36286704
15375360
45875200
3697500
68198400
4230072
27907656
24990966
41731200
9953280
26973000
13655376
51609600
16623360
130411008
48405600
103831200
58060800
25339860
23242464
1701540
85924800
15791436
37255680
7929900
55911600
3948672
4782960
7741440
16806608
30799440
10746432
3405600
119526400
27918600
20810790
26964210
60456960
5216400
13257960
82215432
41932800
35977032
62899200
51532800
11790240
21194460
19536660
17821440
24528240
25401600
22779900
3759360
12859560
40974336
6023160
3511404
38247552
7469280
18837360
27353088
5340720
10050480
149385600
23997600
4774560
17409600
11746560
6264000
46153800
84084000
50295168
37324800
22141350
19675656
10565568
9258624
29828925
27993600
2948400
71160768
7207200
29996400
5100480
38753897
5490720
60501168
23328000
15104000
28641600
16430820
6336468
47185920
10206000
26325000
32550336
8460288
40342368
5740875
44229240
76083084
40435200
5399800
21097440
72390912
4018560
45619200
10133760
17971200
79313850
5241600
143325000
2594592
16990560
12161664
78343200
7327320
19018272
16707600
76063680
4678464
4199040
17563392
33198660
1126080
44982000
5832000
36578304
20605728
12789000
22726656
3998808
52556280
20638800
15390144
7030800
10061184
32845824
5528250
30693600
30404160
29635200
42485040
1817088
5160000
10513920
5767848
38115000
29538432
64023960
14802480
39334000
29877120
18476640
12927600
20684160
6451200
39825000
14902272
2393600
31212000
2284920
28
81573888
6079320
40303872
11823840
21041640
4758912
10172736
67931136
4659200
9682400
16464000
23639040
7735662
154828800
28350000
40642560
17771936
9888480
54362880
1642680
69812064
10570560
39591552
6812100
19008000
76524
54747360
26342400
44550000
8223120
43281216
62899200
37632000
30876300
11894784
27010000
38955840
9544080
12315240
6040720
6594560
3338496
9757440
14636160
21732480
9725184
122812200
70156800
46316160
57919680
69291936
33312096
9313920
8418000
9659925
5747040
47101824
33939000
72292500
5535200
2612736
10560000
106142400
6098400
46199160
14570640
35123200
19906560
13233528
31352832
31870800
47259000
75559968
4324320
33180840
28377216
34292160
71267040
16243200
18817920
44074800
8653050
123623280
8796480
6359661
55777680
32931360
40888320
8296344
9878400
4567500
9257040
22739200
91416600
10795680
9676800
37477440
16128000
17897220
21738240
44083200
6321024
6043392
21725550
20186208
31601700
13512960
53061120
5962320
20425608
61122600
13996800
19078080
15771672
16354740
19602000
66640000
50889600
23473800
8512000
56172000
42292800
34924032
21000000
17820000
76839840
32078592
83420568
8613000
22464000
13305600
22435200
40831560
26490240
20377080
33055911
39890880
868560
6781824
8259300
11870208
27417600
7069920
2571264
16178400
23284800
5667200
30802320
9812400
62415360
59415840
26127360
110208000
8893800
21621600
10147500
531360
13175136
14783472
35590464
3311280
12413895
7015680
3018400
31456512
21811680
8704800
27624240
41832450
55883520
13731840
53835840
7547904
15673980
23385600
21158592
90429696
21343296
38529600
79192800
12636000
10147680
20482000
61236000
16651908
6289920
17959725
2980800
49896000
8900100
8259440
18060000
25132800
39207168
48688640
8386560
42301440
19595520
90230400
130636800
11566800
20308860
13488120
714240
7956000
8064000
22408960
65012580
17782272
21697200
1462536
17357760
61217100
42577920
4914432
111974400
19478880
5880000
26703360
16464000
68995584
71736192
186624000
57430296
10539214
81259200
11128320
24494400
38707200
7248384
19814400
30858240
3696840
16450560
115758720
26417456
50756160
20908800
56334720
37340352
31600800
28434432
31104000
64960000
45927000
25937280
53833248
23886720
5400000
54252000
36360000
18796800
25090560
11898600
159106896
64186560
20428800
21833280
38491200
23474880
10917504
11027016
40540500
61326720
17943120
13135500
7814880
11360736
31298400
23878800
45511200
17337600
18536700
24883200
8532216
6990984
3719520
122791680
34607040
15468640
112379904
22575150
56926800
6286896
17878320
10046400
5072400
14031360
164505600
116389440
48822912
23304960
3895164
14083200
38320128
39191040
10281600
3849048
2183000
3210240
6531840
24261120
2358720
23813400
17107200
27033600
103080384
1710720
34076160
15467760
27469260
11282040
6193440
69672960
30100410
28868400
3225600
6885648
16275168
42432000
16982784
35925120
5190480
19641600
43394400
7371000
4320162
57369600
9884160
31363200
34836480
59641920
17226000
15482880
64260000
13787136
20956320
7847840
42508800
72676800
21482496
105840000
18810000
5967360
36067680
42378240
7733880
13689216
9172800
32802000
19595520
20109600
115200
34992000
41287680
36741600
80021760
17971200
36231300
30792960
3104640
21840000
56492100
24641280
26460000
55883520
7660224
2348703
37490040
7241480
17031168
6041088
20387250
46349820
103498560
9836640
38188800
13036800
35100000
34234200
45245200
24696000
25166160
64827000
126986496
51179520
19320840
105472500
10160640
22982400
20136600
21420000
21807240
15523200
4587840
14466760
22276800
20519730
14229600
28926720
4644864
3011580
21840000
9878400
27816600
49973760
5591040
18653184
51887304
19269900
65998800
45660160
28873152
7488000
69282564
19707408
5876640
70005120
19192320
15144960
16800000
16594200
25878528
9355500
21403200
19008000
1425600
8445600
12432000
14006160
15700608
101445120
6350400
46267200
69092352
8244990
47355840
32757120
7312032
28121472
29272320
64800000
19226592
8225280
10789416
17508400
7862400
14688000
3974400
34289136
17635800
32790240
34054020
2926800
9953280
8258112
52896000
13411872
11926656
14079744
21676032
32689728
15882240
33530112
6874560
12474000
17937920
115633440
67344480
9122432
30481920
9979200
67930368
17982000
10760100
19763856
56091420
14342832
27433728
646380
9446400
7560000
25174800
35610624
17778000
31629312
53578560
19008000
12662892
2807136
34715520
65973600
11126400
39914875
7693056
16524900
26611200
145985166
12902400
56199000
5932080
39398400
95696640
47900160
10472000
8482320
13453440
38102400
82236000
22982400
44167680
14976576
12337920
68908320
72072000
16808400
34697664
12903660
52363584
24541440
36264960
22968000
11340000
15799212
35568000
12741300
9144576
19388160
11771760
51425856
2207088
4455000
34320384
9072000
10901520
94536000
25668000
4001400
20756736
43130880
8547840
44362080
9244800
6621048
32387040
5152896
8659728
41029632
46448640
7216128
89385120
13027200
15275520
5184000
62772675
12475008
74317824
32472000
12362112
65577600
121492224
20121360
6829920
18768750
16548480
43653120
46267200
3740256
1386900
30240000
26570544
9758232
11692800
75032100
28124800
13880160
35721000
41411040
18166680
17136000
85770000
47401200
20448450
39207168
32659200
24324300
2257920
43783740
32327064
9676800
36391680
21282912
30715200
24766560
15206400
7776000
59439744
14208000
18849600
9576000
6814080
112071168
18730800
7197120
12247200
31299840
22680000
12771360
25421760
43147104
17297280
7418880
64603980
32921100
95178240
28417920
20703384
43243200
83013200
16058880
36341760
81430272
1540770
9408000
25257960
24460800
20687616
6961920
50893920
74131200
25546752
34020000
51836400
32447250
6752000
15336300
20963228
19906560
7596960
4082400
2874816
10385550
44029440
97689600
22982400
42508800
45864000
76608000
11975040
43092000
15225840
26101440
9608900
21829500
7596666
24698520
10264320
10469376
54512640
5726880
17800965
1060864
5821200
60463764
6328080
96243840
11197440
25519536
7099200
156854880
19440000
161948160
3548480
8726130
12909375
15301440
7633440
18203328
186157440
5073840
31046400
27958320
37833750
78998976
15476670
2116800
47144448
63648000
19004832
97493760
106444800
21018528
3950640
32205600
6561000
57456000
39108096
21411000
14557312
57250800
47896758
71058624
8267508
10495800
39465360
32572800
87091200
3519126
3564000
10454400
55987200
17971200
11191680
111602400
30110400
30171000
42752892
25855200
22464000
11346048
26880000
5715360
34884000
70543872
36254400
14716800
7508970
12979200
120960000
58705920
36354864
21964800
11174280
135746604
17305600
4868640
17905536
7179480
20311200
11854080
28592928
11383680
2974320
127008000
23333520
7084800
28250532
26593050
14968800
17884800
12208320
9914400
44706816
25446400
17859600
51279480
21461760
11531520
51738960
88782750
20463300
11575872
18627840
9453888
2140320
1503360
28366848
8173440
9172800
80640000
24354000
47063520
84585600
23496480
21212928
23662368
17587350
22407840
34062336
41820000
43352064
14281344
34262514
47900160
32313600
44520840
225792
16174080
73094400
16186176
22680000
17117500
9730800
38918880
5728800
91238400
26345088
17456250
35852544
30481920
28413000
17934048
10004280
5248800
2743400
16493400
82579200
36578304
19001304
46599168
3028740
20599920
56067330
13426560
32718000
1562400
10614240
21596160
29881600
27417600
9119088
2488500
16511040
7324992
30270240
17677440
33162750
9777600
14428800
1291680
2188800
14258160
36340920
7727400
17554320
94802400
6589440
24494400
64545120
27840000
4013632
11476080
50163300
65236080
60480000
7490560
50621760
84672000
37004040
2234400
36495360
16774720
437184
1424640
118236240
17652960
17193600
26505000
49496832
26522496
17040240
3876000
27072144
18164736
9219840
12573792
7551648
27283200
43197000
28855812
51878400
3878550
2585520
11591100
26020800
58291200
6364440
11854080
72299304
16613148
40330752
130975220
79200000
11650560
8482320
7468032
6104700
23314200
16800000
53071200
22708224
9979200
10807104
1732320
4230144
23133600
44049600
54867456
8249760
18969600
11101440
4089600
16679520
6823440
1684800
126044100
22952160
93350880
24941520
7910784
3769920
11428128
18532800
55641600
26244000
40706820
798336
98252000
32071680
13112064
19126800
7361280
14137200
10689120
63570150
18892800
38221875
5727000
140400
7392000
34406400
14488320
33359040
23395840
6961920
43908480
6331392
10328472
29028384
18869760
42565824
4101300
28546560
7338240
11462472
63604480
70200000
9325200
78160680
5261760
36265680
4561920
27111480
7056000
68266848
333000
10649730
73670112
27618360
23708160
24740100
120960000
23901696
25474176
5998212
56019600
42577920
43182720
10457160
5103000
10631628
3175200
6228576
7032960
21718368
46267200
34689060
103356000
61122600
46170000
29506048
12972960
13196250
77267520
7579440
51287040
2656800
27858600
11275200
7294040
11881728
3414960
14303520
26262600
29872800
18189360
10462608
5138870
10478160
17858880
17497998
114390144
44370612
3522750
13110000
44098560
57324000
51298650
34632000
62312976
23063040
31512600
12845250
23562000
39803400
10535784
14311296
16113000
6822270
20300544
10570752
52216320
44478720
33828130
37013760
20957832
63037440
21306240
487968
26329440
23856525
63669760
1536000
10424700
135489024
10023750
6912000
26037120
37425024
7185360
65940480
16795800
1064448
12828672
40219200
30769200
5400000
54282240
92252160
69619200
31492800
38041920
20545920
12372750
25985440
6192000
34655544
62985600
60037200
17463600
27941760
20901888
24940080
3895760
24084864
13708800
24635520
10850760
3780000
37739520
63685440
34434400
23106720
33888960
17612640
19262880
21368610
6583680
6257250
15681600
26936910
76507200
23328900
81332160
11007360
127801800
47606400
79480800
66355200
9588480
54885600
33895680
12312000
15693300
8322048
37402560
152386080
16262400
47567520
21542400
31449600
29923740
5034960
21248640
41748700
7922880
2273280
1942380
34992000
11624940
11048400
58724352
29106000
29859840
23048064
27636960
79511040
32863320
30912000
59489640
35761824
52835328
12383280
37803240
4555200
28272321
11884320
34700400
41368320
55777680
1524600
87650640
8215480
61689600
4279124
58302640
48600000
41066400
85647360
5896800
27585360
19740000
30792960
58368000
9896040
12398848
11616000
22800960
17515440
10391040
17214120
17005248
60501168
2594592
18361728
9647232
399168
55724760
24255000
105235200
112728000
4119984
7789824
41990400
10617222
67017780
3175200
39984000
42535224
28163850
4498200
6096384
19415088
2095632
168960000
10988460
22087240
12740490
27641250
16896000
32217600
46267200
24488100
32389632
23760000
23794560
15091020
101606400
7920000
2797200
39672000
96205824
34199550
80508600
94528980
14769216
43849728
37674720
34488000
30625056
49297248
83692224
14699520
121305600
19230720
45157376
9547776
7078500
15033600
12558240
18792000
10383120
37774296
32256000
22032000
31629312
23783760
13904352
16812250
17639370
69854400
20913984
10063872
20401920
13996800
30096000
21337344
66816000
20177664
43338240
91914240
1802736
4848660
23040000
15396480
29130192
62954496
10166520
93779712
31933440
100362240
12954816
10303200
8223120
45187500
11797632
11606400
108972864
8553600
26594856
17273088
26625024
36634752
3945600
33454080
42372000
26517600
23802240
9328896
8580600
27097200
5273100
23030784
17998344
13450050
55157760
18144000
3096900
39716352
522000
6210000
20891640
5359648
10221120
59431680
6048000
52254720
17307283
85730400
20462400
24261120
7188480
48975696
78210000
18878400
4058856
13280400
3640800
38070000
32691120
3001050
54566400
15434760
92566782
2232450
112358400
43443400
18816000
846720
47968200
22732416
1642880
93600000
16084992
7838208
16936920
9404010
3916528
19468800
19656000
34214400
79800000
10206000
9580788
31933440
23485440
54511380
146967040
8890752
20790000
45581760
27675000
21991200
15966720
8180640
1290240
12349260
42903000
23187456
93562560
18213888
6789120
28753920
97344000
54774720
24536064
39654720
25008750
20311200
54432000
7644780
42890400
53665920
30326400
19047280
27906120
51114240
12572560
7296000
92077440
9684360
23224320
18173952
100590336
128490624
20019384
14764680
18479136
8211000
19008000
36780480
122653440
108573696
26542080
10932768
14541120
8660480
24805440
2300400
18181800
22276800
60404400
51150528
8926848
6082560
15134868
36391680
12404160
40896576
24066900
30105600
47029248
17321040
6565428
25396800
19994040
49056000
36011520
18246384
17878320
82667520
21626880
28200000
19183500
13810511
3047220
136334016
8524800
5009760
57417984
51114240
16510392
12512640
72606240
34190604
15592500
29494080
92080800
11569536
31213200
18957120
12507264
160849920
56977200
68726784
2998800
50446800
22744800
24393600
6018624
74551680
34636800
31707720
17248896
33679800
62186085
25159680
66658878
2845440
104509440
27830000
25360632
35476000
12012000
11925540
14112000
27350400
42681600
65413656
1795500
88833024
64120320
19656000
54311600
28684800
12052800
580608
31795200
19440000
11845920
10685268
102663000
32199552
50519040
26337024
11158290
11612160
33804288
19925280
21286800
32440320
69741000
4515840
12655440
15417640
29760000
21060000
26742879
84633600
11586960
26055918
9284198
50077440
5194530
20260800
32155200
5776056
74027520
31104000
15120000
730296
14696640
6145920
10160640
45601920
12825540
55812240
16910784
42115392
51915600
4650048
20528640
23569920
30336768
13741650
26583552
2496960
5248800
26080704
41094144
13425750
33176520
7291200
5045040
14465096
40022400
6209280
2916000
53071200
22555152
77850500
2540160
98036224
16947630
9012384
15204800
67626624
20790000
76422528
3992520
40005504
43770240
34538240
39916800
26611200
47087040
26830440
48787596
995400
91026432
5767488
11576320
10692864
24084480
9513984
40917184
81865728
18735120
4053140
22194432
8486400
17948160
19096000
7490080
107864064
43627800
6473520
7961912
4942080
14773500
62052480
30958200
38952429
35858592
16254000
64881432
52715520
23651760
7547904
17452032
18238500
12364800
37065600
56349216
72072000
65212416
12757500
10084200
90048000
34636800
72228096
4721787
4959360
22696960
20754630
5304600
28512000
34879572
5322240
15769600
10789200
18895680
29062800
4402944
74952864
27761920
108108000
30311820
19629792
21073920
33918750
39204000
4433040
43081740
28779300
3796375
36060750
8057340
15641955
42880200
17278976
15410000
11419200
6936384
50344000
21123648
75188736
109837728
31240832
11642400
1290240
35265888
50821200
69217200
26013120
12165120
23811840
7344000
9744000
18403200
66089520
7296000
73133280
1019655
22266090
38384640
33696000
14351040
36691200
50197056
10216800
43733250
11354400
2640000
15912000
7068600
22149504
16257024
15934464
22397760
69720000
41698800
22437888
22320000
4727520
36960000
15288000
69189120
13961472
40005504
20730816
12905670
17463600
154074960
4973724
93415680
5224464
35830080
29220480
32387355
6021540
165801600
33281280
66478500
33436800
34679232
40932864
77312880
1600040
11097612
43718400
21732480
82353600
33696000
5662800
4458240
9196416
12030480
16894152
69273600
9185400
6040320
16743375
5581026
45166572
48013560
41779200
65458800
16329600
11975040
2409750
22256640
46638480
31933440
3991680
7983360
10611216
74995200
12780180
12877056
8981280
73008000
21375900
14203904
28814400
55883520
12700800
18697392
21875175
124323840
11991375
7521696
33415200
32076000
42681600
21733800
42360300
88833024
61408000
13251840
20901720
25452000
49674240
10795680
23846400
6259428
11823840
63037440
10615752
12830400
44634240
15099264
49121280
57674880
17600000
21923200
79672320
27181440
113044680
5400000
39774240
97886880
43272684
48806400
48729600
21849696
7550400
49431360
67612320
12188160
29937600
25821600
47563200
54648594
10080000
8346240
98313600
81064500
22429440
35443980
26762400
26476560
17595900
7186200
4057560
14968800
49728000
19465600
9727200
25436160
15434016
57308160
63397026
13104000
91611000
25264800
19504800
15441300
76308480
14165760
9172440
60963840
44724960
30699648
31185000
18021120
83026944
3162240
6070896
92461824
34298880
20448000
6776000
41705664
6386688
11232000
23990400
16565472
26497692
59512320
35868096
31752000
51845040
80289792
11155584
39769380
5028600
15876000
57996000
12504375
36347904
16363620
54282240
10513152
60383232
21432600
21461760
105945840
14376960
29839920
17138304
22078980
20412000
28686528
67989600
7399392
12936000
4033680
12065760
14507640
79833600
3203200
2872800
12705792
16816800
14679000
28576800
133424496
26889408
16921632
53669952
38776320
1512000
31752000
35648100
50598000
37094400
50709120
25660800
34146684
62899200
12916800
17962560
23652720
14097600
29661184
96768000
29469440
63974400
7422030
23514624
5237760
18144000
17862768
12230400
51932160
17475840
2425488
61865856
6433020
143428320
9900000
59194080
8426880
11886480
7579440
63848736
33914880
79626240
22302720
57876000
24002160
29877120
94003200
21091200
20638800
33633600
4433940
19469268
17582400
7495488
21035520
13936000
37920960
14425600
104924160
3458304
19699200
58622256
35680176
63275520
35360000
8595600
59270400
35804160
1195560
47520000
95275440
29919300
15024960
11831296
6043950
3928320
67525920
25772000
9669660
8937600
48648600
78214500
15113952
47174400
21748608
51749280
1584576
9856000
13110000
38315970
19160064
30105600
57576960
29611008
39513600
20528640
9547200
9299136
8526600
13932000
3572800
38568960
63856800
159344640
151643808
55692000
26998272
10281600
34944000
20412000
10741248
20528640
41877528
58073088
3310560
43291248
40729920
10523520
38326680
18345600
15340800
14375880
29808000
20064000
101280960
14256000
43680000
3801600
19820160
29445000
11666304
19968480
77328540
14364000
20498688
36533952
106470000
8203776
42653520
6756480
37158912
4620240
4625208
63999936
14747040
102435840
36017280
27578880
29137920
5350400
6985440
11080800
28716480
12830400
13982976
10469888
9547200
56982528
19187520
43782480
25609650
25833780
49041600
15769728
2984520
31172040
23543520
7469820
22809500
10866240
25613280
90239100
12504960
6314112
1074600
19888440
49658400
26784000
7705152
25256448
10483200
66977280
116953200
19938600
47900160
6203496
7756749
176541840
47040000
23482368
18897030
12700800
8211840
31104000
2962080
11642400
8218368
35964000
55692000
21202944
8578080
13899600
27216000
8457372
32232816
26989200
7530600
5397504
27454050
15019200
19863360
19491840
98853750
62985600
43220736
14004900
43556778
12279300
14706000
1905750
2949075
29854720
20557440
84163968
18662400
10368000
94080000
6834240
30672432
67032000
30051840
8394960
46336200
74088000
24685440
23194080
69474240
3769920
16308864
16783200
40219200
95827200
47093760
107059200
14227200
43464960
50872500
54835200
22770000
48678480
3735936
49356216
19870620
63810180
27060480
10432800
29779200
19232304
20106240
20386080
20049120
29652480
3967488
24373580
23716224
10834560
353808
20547072
29331072
56453760
9051900
19787376
131943168
10936800
5626880
5547600
19592160
9543600
16049880
66156750
8029440
9405000
41888000
15655500
48686400
111769200
24810240
12432384
25727520
29400000
1184592
26418000
42906240
19312272
84464640
27854400
6417320
5056128
40771200
94982976
7570944
8400000
22389120
37688112
18662400
37558080
24343200
32208000
41057280
14653440
14140224
14454000
4536000
21873600
7660800
72765000
24276000
5983488
32760000
63080640
70024500
5626368
11682000
5354400
40525056
9660840
15960672
10200000
3937500
4907424
35084868
8943480
18082116
13461552
18869760
35562240
22517352
13398000
32572800
4184460
7027776
19872160
23788800
20166300
54885600
54355860
54432000
39739392
387450
47659104
10927875
54611200
65862720
36868608
64022400
36132480
112950000
25513020
125239296
9784320
20363400
44601600
26136000
7299072
5007520
30844800
20727000
20328000
19756800
13406400
36324288
2463600
20860800
13147596
4363632
69854400
116640000
17010000
14100480
40315704
72456384
9828000
41803776
9014670
46811520
125379072
35675136
24591600
686280
72153312
25961600
36396864
9289728
42297808
13938210
12279168
16257024
87816960
13128624
12224520
20579328
15695680
17206875
16083900
27569920
47355840
72623628
90888480
16669800
14715720
10047744
16355328
88657920
68947200
15054336
21390264
2268000
51963120
33868800
20956320
14958720
43973280
50160000
132246400
15600900
97196400
82736640
9999360
6315408
53358144
17681664
50536224
14765520
21805056
20253240
64832400
2296530
6747300
18084080
54867456
48854016
14796450
2464500
10194660
3991680
49420800
5598720
67665780
27803160
53360000
19008000
51642360
23750496
2966400
13313040
5410152
12441600
10144764
10686816
12096000
120833280
21797100
42134400
117694080
27696816
20155392
18427392
48139920
10622700
10561824
118195200
42398928
33760800
26996112
9811125
34427520
22944000
25749360
6924288
33100864
13078260
10425600
22789998
6966540
20348874
14017536
52488000
31945500
16060200
48705000
17884800
1612800
12658464
52101504
38670912
7322880
125685000
18202560
12597120
43257600
89994240
1440000
13063680
20896785
4864860
38491200
41762952
36267264
11062415
64976000
8316000
66848166
3608220
2607150
110816640
18308160
40698000
5277888
40962816
6220800
85916160
20824128
33133568
37784880
33094656
11740032
29748096
14152320
4884000
34698300
36049860
8648640
38086848
11811744
86929920
15321024
16912800
2025856
21829500
11188710
41395200
9000320
72633600
24710400
64923264
10286190
18998784
26796000
22024704
11518584
58578520
11849760
21052800
22198176
76454400
27518400
17244000
23166000
99532800
29438640
2900016
23647248
27214440
26438400
24402784
8294400
22680000
87912000
138356100
75820374
1710720
14482720
6282496
72576000
1075200
89964000
50544000
48496896
4132800
23990400
32532864
63866880
11531520
106142400
44532864
40665240
7372800
65318400
58060800
86929920
40772160
6327720
12093120
20592000
9097920
27648000
28400400
24261120
35265888
86211840
42542500
31328640
2283228
24624000
8017920
37936350
45619200
991872
51760800
15396480
11726208
87736320
1442616
19568640
9971010
39346560
64602720
36728432
51618600
11176704
8265600
49674240
61279740
41997312
4515840
10730664
1088640
3126816
8568000
49061376
5472000
36456000
15298560
2741376
3304800
5012280
39283200
33359040
38102400
28350000
7380000
8515584
60739200
18144000
56834400
103138920
31695300
17690400
7569408
19880640
14741454
39368000
6350400
79691040
35354016
19764000
31764096
34020000
24984288
2375716
62370000
12640320
4540800
8890560
5733000
52853850
110935440
4669560
45725400
11827200
5739030
55021120
40219200
35217000
31726080
45796800
6622560
110662200
23708160
7441920
19519500
9398592
25006080
50383872
13939200
13953600
95017860
91139580
49543200
172800000
12908160
24724700
4127328
3830400
30433536
13548600
12799776
3902400
7281252
58423680
42134742
51438240
15410304
62536320
15574356
4273920
7085880
81561600
27901440
21464352
42984000
12374208
80040960
29272320
12145140
19548144
12411648
24154416
32438016
4680960
18079200
15498000
100675008
25312320
114255360
31622400
34279200
34992000
38568960
11642400
6942320
34706112
59486400
8398080
69768000
9253440
69498000
28203000
31477248
34214400
32210640
70694400
2782560
25116480
13794480
7096320
18480000
53007360
7372800
41932800
28224000
53796600
16447500
45427200
17910000
10602900
3295600
44352000
6226200
96876000
3003840
70087680
118444032
81370380
87523740
51995520
28672056
29936700
10166520
151057920
36518040
62705664
22583616
42674688
15876000
68753664
31987200
17056200
82797792
7430840
18950400
20445390
67261320
2322432
20691720
