7941360
6081120
4239360
16825536
21218760
30965760
9525600
11555544
7538400
18845568
9377280
35996400
5790720
53581824
12367530
18960480
3745560
96741216
6002640
102485250
45405360
14869008
21047040
18257400
42301440
36288000
10033485
11789568
52141320
13977600
12300288
47554560
8517600
36771840
7118496
43302672
8491648
25075440
30676800
26732160
48837600
8618400
21665280
26677200
30005640
38620800
18411000
31933440
8557290
990360
27276480
9961380
35544960
3716020
48762000
34292160
17725050
112152600
7652400
6110208
20734560
11606400
13880250
30737700
1351350
25331712
95745888
11995200
27371520
90285300
13487360
33009600
30412800
52127712
33868800
25090560
9602560
19614400
68060316
12882240
15642990
118503000
30149280
25844832
40170816
29715840
35196120
23804592
22905792
114108750
7586460
47405952
5789520
18550080
6000000
48919500
20794740
37018800
30746716
16380000
16936128
23623488
2425500
21908880
46835712
39118464
2939376
31860560
52800300
10424700
12014080
28168560
40986000
24088320
22861440
106076544
102029760
41110216
35481600
30412800
6952176
17971200
41171328
13160448
20412000
77414400
38610000
28530216
6332928
2397720
34292160
12462000
23562000
60770304
18376800
8001000
3928320
8421600
28863744
11290752
29246800
2775140
39969540
9477888
14805504
5751900
99532800
102060000
12337920
43258860
44616000
31434480
4872192
38484600
3516480
59044544
18198000
25592112
6390144
8548416
1399440
52113600
58046976
17176050
83119608
57002400
19673280
28868400
31173120
18675072
55883520
12398400
20823040
13704960
88996320
16206750
5457375
75168000
13004550
4973724
69995520
39907296
20139840
9097920
27268000
16533720
64569600
54008640
17264520
45534720
22740480
40898000
21013632
19764864
43653600
40780800
68399100
7879550
39288960
11642400
16170000
13434624
40634100
36451296
144668160
18360000
64005120
21976920
2801664
28185696
42094080
4414992
29484000
31056480
10450944
47064000
25272000
6785856
35942400
55112400
19800774
132509520
85363200
4961280
29458800
19523808
17304840
54172800
78550560
20249250
8182944
8910000
3660800
18620000
15681600
33048000
12504375
88343136
72285696
29030400
10848915
21908880
39312000
30710160
22394880
54867456
16750800
20984832
10374000
19380816
56862000
63648000
27588000
49641984
44352000
19245600
49140000
9147600
8336520
1769040
52842240
31795200
34496000
59624928
30654720
18151560
63330432
14098350
75479040
111288320
10705280
107308800
48988800
36735336
19500000
7501032
65691648
16162944
8043840
79567488
21147228
9979200
5591040
26453952
27089100
9257640
43335600
14883264
143109120
54774720
3132000
25804800
4702050
25116480
64627200
5577600
3410792
5337360
22564080
27430200
19595520
17599140
45198000
27216000
27256320
34056000
36848520
7761600
24649405
55404000
3705156
1864512
6098400
4361280
7275840
6177600
17784000
27027000
6428160
18807360
7623720
9331200
16773120
34214400
19507488
37147488
18247680
7348320
16689600
23500800
25632288
8749056
51246000
13789776
34126848
20799264
41286240
728000
27220050
39674880
20714400
11823840
25027926
60817500
57430800
56914000
3657731
95800320
101943360
9191680
39595920
23677515
5896800
29050164
29491200
59623200
67858560
13132800
15092784
11031552
27934720
7216704
32130000
35443980
8180480
11461824
23007600
8709120
105575400
4298525
50544000
63866880
11610368
68608050
23751936
22757280
4633200
4193280
55210815
42585480
56201040
23473800
4451720
137639040
2909088
33734880
9458176
12127500
35866800
9417408
1380288
33615120
86777600
80310150
9929790
18779040
21047040
58935600
24212160
74649600
9953280
55738368
23284800
6852160
13271040
9370350
86016000
6751800
46286856
23587200
48263040
26136000
37668600
46357920
12474000
57218616
19071360
39803400
15710170
11975040
38682800
34122816
33011550
51801600
30695112
26211150
4520880
46609560
19656000
20800800
8216280
16381440
46058328
13790400
14396400
25893504
40700800
17720256
7447440
50544000
91872000
8536320
26127360
12467520
10338048
47209800
12994080
56784000
35493120
41057280
88361280
21319200
188956800
65707200
11525760
2873442
7144200
17382078
21644672
6058752
4586400
15566400
25660800
21542400
18553392
192709440
5991336
100488960
14810880
38016000
11547360
21168000
12899250
11613888
80179200
22070400
20207880
34359780
12252240
10741500
20460000
25213760
35481600
8895744
48308400
13953600
653184
60540480
12339360
37908000
8618400
6480000
20901888
3888000
24883200
11456640
65640960
56763000
12191040
38280060
27371520
13844160
17001600
43545600
16254420
60860800
3084480
8299200
24886422
16813000
10396800
8731800
15552000
74511360
15717240
11119680
25451520
29376000
11477700
7412400
10160640
34642080
13392000
10458630
22226400
71628480
71251488
13996800
6032880
17479800
31071600
23736240
68198760
29475900
151839360
52799040
25513488
41267232
18244944
55571670
61746300
16128000
10325504
10710000
26403720
6804000
19183500
7660800
4987008
7150080
44029440
2070000
21168000
35283600
54263520
18116280
52700160
117600000
16848000
14908320
29766000
18727800
8246700
34352136
2344524
17510400
5516412
3110400
10321920
13872000
13012560
41149440
46675440
23670528
21546000
21531744
15190500
7401100
33471900
33193548
166344000
3225600
1381545
16560000
11748240
93405312
100352000
67830000
5606400
41429544
10294200
36458496
33073920
37800000
33359040
10303488
30038400
71101800
595728
54197424
11167200
12130560
8535294
21170160
20756736
23284800
74027520
8224216
7032564
15654912
4546560
56976192
59693760
29030400
18317376
110555424
8344960
38862656
165110400
4502160
15584400
33868800
20658870
37058112
34708608
33611760
50295168
41126400
33858000
52607232
50097600
55180125
28751760
10644480
30909600
12027456
4070000
37324800
45302400
6985440
13015200
6988800
42681600
8912592
78059520
21340800
7552440
9450000
20802600
22982400
34128864
9475200
1235520
34338816
11360160
7778880
23514400
90720000
55984500
9269568
29053080
19879848
25069824
2527200
22103802
27820800
70761600
9547650
20217600
15153120
36590400
33320000
3457440
32102400
11457600
19008000
39890880
30750720
42476880
10520640
27095040
9845280
55954080
12362112
498960
36823248
11911680
83939328
6880104
5628700
23063040
21141120
9353130
13639680
51367680
31389120
2816856
4819500
16329600
15571920
11726208
1720320
13910400
8294400
26730000
30105600
14515200
31171200
35642880
5714280
30912000
45864000
54021240
22851072
12404340
10077696
4374720
16465680
71485440
55931400
64456560
55240704
11840700
20368800
89672400
32598720
46747008
20734560
33195888
28226880
15833664
16547328
6797700
121904640
38598120
23827200
31352832
21475328
27202560
6005692
104146560
33729696
39398400
39866400
61508160
38170440
20412000
26092500
27578880
29030400
22972950
25648128
30888000
23500800
24192000
10789200
19461600
31268160
102251520
4926600
13184640
17657640
68400000
22498560
33149088
44803800
24820992
6557760
59097600
10692864
16808400
25401600
77967360
9922560
103943840
12469248
15615180
68383224
48220920
69888000
33696000
34452000
7362576
105952000
9356256
46700136
19051200
47124480
3827880
7108992
32474160
27440640
42322500
65435040
26611200
11515392
8323200
6418656
46099200
12418560
46872000
86261760
52756110
30240000
60361200
12735000
8608320
68148864
2069172
20787200
41360000
41803776
6621120
19448880
1738800
18670080
12007680
31715712
7535880
46267200
33858000
2416176
2897664
41939448
6456450
4483584
2160000
51480000
20956320
7182720
24261120
36807210
20363616
16587750
44276544
6937920
23109120
31399200
11664000
23451120
6231000
23530176
1441440
16833150
37627200
26460000
46156032
4687200
9175680
12230400
18910848
92995840
12801250
35954688
83553120
50695680
19079712
44355500
9838656
77683200
25660800
7983360
12072240
17760600
32845824
116756640
71358300
68006400
36876060
33037200
2806272
50982750
65752110
75028800
7439040
4432320
14981760
26389440
10183680
25804800
23912640
24300000
40404000
13332000
3939840
23587200
1161216
28690200
14222208
45601920
9400320
28385280
9585576
16884000
9797760
26132480
40950000
34214400
11699730
19756800
39426048
9434880
11491200
70963200
18833664
18730440
27763200
30323016
15429120
66251520
22515570
46267200
12927600
54331200
1008000
5386500
5370000
83011500
45124443
46340096
43908753
11999232
11627616
24591600
62705664
6709248
19894784
11771760
71842176
6238080
36855000
32997510
59495040
21384000
21908880
60455808
3019968
3175200
14112000
98461440
59667300
19209960
18900000
15058260
14328000
26208000
9906624
61855200
938400
28782600
15629760
27814500
14249088
52809840
55330938
7041408
40377960
62013600
31581000
7624680
4163940
10596096
34117200
14945875
22982400
3210240
138013200
7464960
3639168
25961600
30663360
3250944
93993984
23269680
38627050
7771680
29010960
14769216
53395848
9382912
10069920
42120000
3483900
31878000
78236928
17640000
10483200
63030240
53071200
55380402
45650304
25775400
15513120
11658240
29962240
24008400
67233600
37721376
51246000
9676800
17393760
222656000
10810800
15752880
93542400
20389698
8992512
142560000
36741600
9225216
14450832
43532580
17556000
67962240
11530080
61056000
7915200
43559600
100154880
27924480
17082900
3159520
45333756
62899200
8397000
8678880
8328096
6918912
10483200
5417280
12474000
68972904
89376000
50077440
16888095
11007360
7620480
30533760
63920640
139345920
12117600
20375680
17388000
4696350
31963680
110073600
22226400
20467200
21418320
16228800
23357922
12096000
8953152
27555840
50692400
12773376
52783500
30792960
31637760
53289600
34610400
8986880
48762000
9554112
2278080
12147840
17703168
8186640
8708175
11947770
15444000
8515584
53504000
15966720
12219900
33750000
13968000
41057280
42844032
75875712
25272000
25801308
85155840
4989600
21098880
8582400
28852200
4961088
76950000
16407360
7983360
8694738
5548608
6940032
35280000
26123328
102643200
34573968
4333680
102643200
4810680
25687200
32531040
15197112
31051104
18837000
27333072
16215552
42301440
23063040
5493080
114307200
24154416
34776000
77777856
118817280
9661680
8085420
70662144
4065600
17657640
4838064
35162400
50893920
5702400
27216000
10122624
21003840
72399600
33633600
40410720
55351296
10902528
31928832
33037200
32815692
28627200
7979400
47124000
28788480
63866880
19468800
9792000
7893600
10621530
143783640
11434500
13879320
15679440
18849600
7405632
36013824
75995136
33782400
81181440
16425000
12628224
24806400
18330624
65318400
31752000
18816000
37477440
22176000
9960300
46832310
10164000
6259968
21228480
221616
14968800
11520080
9362304
30932928
26244000
60935472
29786400
24201000
35754048
46854192
6801408
46455552
21726110
70943040
34292160
11480700
1257984
70270200
2625000
44982000
26440344
32281200
1010880
53460000
120960000
86832900
48160896
24868620
19921440
41342400
51321600
21010080
14760000
71485440
60252192
53578800
16719696
38021256
35429400
35680176
16193520
3284568
33530112
72960000
14435550
43008000
13934592
7096320
26275200
33196800
63685440
21602700
67968000
25240410
17423232
12810000
98918400
7265700
15934464
36864000
19752768
6126120
60963840
77414400
35292672
12402000
4808100
26906880
44213688
12653760
2812000
2229120
15940800
9469152
30028800
16447200
38786688
24820992
927360
33592320
5896800
52742976
16464000
9446112
4043520
19859200
20082816
11330760
31899000
13644288
3686144
4226040
29030400
16299360
69192000
26889408
88957440
23284800
34820160
24192000
17845380
50803200
135936000
8477952
70087680
5564440
43200000
59351040
4447872
11642400
94594500
26601900
25887420
54236160
5544000
30868992
23173920
39965640
35831808
102060
12317000
66948480
49896000
32749920
16343040
69896250
88452000
3615744
24704160
46448640
27224820
31933440
3026212
21973248
21120768
7909146
21840000
82228608
5245080
38419920
11142684
725760
36154944
84415980
10450440
53352000
48292992
26208000
32205600
8692344
36096000
4488960
45846528
16848000
35094528
129470400
12700800
29030400
16156800
2594880
28265160
17992800
20390400
99912960
11885244
12046160
16875000
43445160
9694080
13132800
71136000
8524800
11793600
33868800
18532800
7410000
42732360
3565440
83059200
38955840
53118720
18252000
50040072
3706560
89456640
22972950
11031552
30067200
25315840
21248640
103963200
15736050
21304080
3859680
91653120
21954240
35481600
36796032
42783120
17729280
6048000
7584192
66679200
13288968
32634000
1460160
35335440
40590720
37100160
51625728
94385088
8725920
43420320
3931488
34214400
78938496
27143424
14145040
1836000
20402928
21415104
3132899
13590720
16128000
87318000
16416000
3929400
38413440
12229800
46738944
14097600
14214720
25613280
16479120
12837024
4533628
5749261
64696320
35554464
33475680
15499008
7746900
98017920
2305152
6912675
22991976
4651200
39481344
80870400
19353600
89803350
25111296
34292160
44323200
13592448
105609600
52925400
43189952
27202560
3952044
4082400
903168
50175360
9013200
7728000
11240208
124692480
53754624
15679872
83704320
103251456
46376064
131193216
36241920
5837832
17670048
9759360
8295210
24066240
23654400
14037504
10160640
21610800
2663424
5765760
3703680
17766480
32016000
8043840
56383488
10402920
7722000
5746000
33177600
11724480
25963168
4188800
1271600
10222848
14570640
18501120
66594528
50694336
51819264
9840000
4620000
762552
14629680
28815360
133585920
22814784
63086688
6072000
24045120
40320000
30048975
16937550
35043840
2280960
8963136
40452048
19000800
36288000
39336192
11372400
34113222
79602432
68566680
13915800
28878432
22270950
13689600
4527600
3389904
14784000
13328640
22136400
42221520
22368944
15301440
10218780
16124160
23133600
39481344
44651520
55177920
140616000
39092928
59664384
26183520
8136480
32428032
8079750
63383040
6751290
39803400
2936832
15240960
1264450
15135120
53061120
6985440
44416512
7792560
23427360
7295040
46448640
6337440
19595520
10886400
88209324
95800320
7800000
25295760
22987800
66792600
56133000
14976000
22955520
23708160
38016000
31201632
53298000
33177600
5447250
10066176
6697080
4045500
133056000
44875584
16645824
57600000
27464220
95528160
5034240
45738000
5435892
19090890
72599040
3354624
38188800
2122560
21280896
20315664
11148480
78926400
22800960
5969496
17160192
52668000
21584304
10888020
20541280
128887200
25456032
3182400
18261936
6065280
21875364
80179200
11113200
16159500
53180712
44352000
19014320
13127400
36180270
22730400
1902096
45287424
17729280
2536128
28689408
74478960
29668275
44419872
37892160
3223710
13367200
5920320
39009600
17962560
67844700
12068145
50709120
10782720
43243200
24882000
16896000
22656816
18768960
81157120
20940800
47308800
38280000
12485792
56137536
3523520
135342350
55193600
6271200
27643840
1333800
6082560
70695504
8164800
9609600
14457744
11995200
26676000
17472000
31492800
39004416
17455680
27648000
3393880
63391680
74805120
32898400
14284800
26412750
16516800
20579328
21300300
14912304
24570000
33887700
39352500
11653200
33113808
48254400
28908880
22118400
7313328
5080320
27197940
22870848
52955136
27216000
62370000
11784960
11988000
21772800
110702592
64751400
5734800
36723456
56920320
8019000
4226880
24979680
6551424
32997888
12312000
33560280
11294208
52043310
36435420
15048000
12038400
21379680
69484800
12288672
34007040
16669800
40449024
9326229
29568000
29343600
32949420
28868400
62209800
7971480
51836400
5461580
24256260
8163500
17248140
33929280
1213056
21979440
38568960
3466980
23983452
9508800
42768000
62954496
2230272
48320064
4243200
23331840
28641600
4032000
4878630
16524000
71979600
45476640
18098640
36801600
28501200
49545216
12230400
8413944
19008000
2131920
24192000
45868680
43162875
14013440
20943252
19870200
9072000
5164398
17418240
7399392
7080372
19077120
72576000
9734400
50380800
48898080
67142250
9085440
17199000
5566000
57335040
19353600
112693680
31852800
18779040
64480416
10044000
29711880
8025600
8386560
23328000
64120320
109368000
63783720
31321728
41040000
13771296
40419840
49313816
35089200
17160192
10212804
72576000
3193596
18212040
117958720
32037120
124185600
17415552
30020400
19474560
15467760
13880160
11321856
39799200
54684000
14229600
1736640
39161880
21420000
11684100
53798472
17122560
6075680
3057600
45738000
13587840
12468456
29462400
38346000
43948032
67223520
20451552
20246688
27293760
3612672
2539800
25270000
76854960
39399360
2664000
45821160
627264
15396480
33501600
105141600
18933600
2749248
19751688
13171200
53514240
3953664
14094000
92256000
1439600
27744768
132783750
50274000
9785880
33384960
56283660
38106288
9456240
1839200
312000
36480000
126176400
9272912
28116480
31163040
14526050
8128512
52462080
18748800
8114400
17035200
17062152
51710400
6773760
160650000
10535040
40454400
20528640
55373472
10426416
1207440
63866880
3790800
14479560
3822780
103420800
17622360
14515200
72420480
76870080
41668224
18258240
31084560
11450880
27432960
97320960
19202640
101727360
22000000
4597560
3358080
32387040
9142848
30750720
11466000
91203840
30523500
1317120
31449600
17918496
51225600
4318272
35925120
46922400
3870900
37568700
93634380
8357832
56324160
5003856
12538800
12196800
9594624
6230016
6435072
22643712
11219040
50361600
29272320
14774400
23360652
38808000
8247096
6785856
47328000
5702400
3698730
13802880
12688416
11232000
3858456
11076000
6451200
66908160
3463200
29808000
26056800
3569184
15785280
6825000
19933440
12545280
26995200
26557440
28019520
109933200
49674240
14619528
37684224
42094080
15523200
15029280
8064000
25289880
10929600
34012160
25401600
23677920
155743560
20869200
14192640
27702000
43201536
88236000
31842720
33481800
27941760
9253440
34272360
28062720
32901120
65318400
49268736
36363600
8361360
30960000
24230400
21561344
22228992
7974360
19046610
3780000
16982784
13059072
53025588
30888000
8755200
12343296
22433400
64209600
18900000
2744280
19747200
231840
23410688
12139632
6492096
31726080
26354160
7892640
37449216
1996800
16329600
3742200
32269440
63141120
125798400
7970688
75264000
58098600
89026560
49677600
1766600
39916800
56826000
24796800
80196480
23971584
51351300
49920000
49744800
20202048
9401232
2239488
16511040
34344960
36158400
91678608
13503600
66543600
21392896
70761600
25920000
110797632
8386560
88957440
38170440
47618280
2718144
4748800
15964416
74511360
16957440
50176000
8339760
15979950
2027520
5544448
33696000
19482400
65988000
42162120
70884288
16912896
30536352
29818152
26195400
18342720
6853924
9979605
61737552
22675968
27866160
12585600
4838400
9950850
15523200
2808000
1336500
15240960
51577344
4254768
121751280
61337088
39574080
98385840
15668730
9273600
124416000
83592000
9302400
56918400
41616000
58490880
57600000
6303744
36828000
27567540
29889090
16215552
23522560
70963200
3369600
19958400
5303232
10189368
18945990
67568256
11725560
61857120
12768000
74511360
76863360
5875200
32130000
5225800
42134400
37477440
9797760
8211840
3166800
66272256
5760000
60134400
88761600
11120640
26812800
111196800
10200960
19958400
8868288
5913600
55242000
237456
16783200
20083140
87835722
11721600
76447800
11922120
41976000
51166800
43195680
5898240
6911520
13635360
8602000
8294400
26208000
17635968
19333080
32944320
5806080
71850240
46771200
7727616
28368000
67223520
64680000
29896776
20235600
26687232
92104320
45424368
12871040
31449600
23814000
6080256
31389120
40831560
14696640
30792960
3084480
24837120
9937200
58262400
52245000
7314080
18823896
17135424
45541980
43264320
21635460
66708000
49666400
87588864
13267800
25090560
48140736
9676800
10193040
27667824
5856000
25937920
30705552
44452800
22590000
11049696
20110464
18326000
17170650
25777440
15079680
101826720
25989120
35804160
21020160
34196904
20196000
5880576
21297600
18273600
39398400
35550900
19344600
36899520
38525760
78586200
47564496
20189400
43366960
54925776
24086160
50358672
21772800
5198400
6237000
59393880
36288000
8360000
4193680
2721600
6822144
2574240
3652110
49863600
30067200
32760000
103773600
4372760
15422400
54789120
68040000
21288960
50916096
39237696
23688288
13219200
9475200
10444000
25058880
3411450
62092800
39087360
56365200
9966000
3020976
29568000
69854400
39529728
6544720
10911789
76681080
3176880
6879600
23500400
5179680
20729856
101876292
1259064
52346976
15843600
46649750
21651300
37739520
95800320
15228000
27086400
19105632
4188800
24564384
114307200
22678656
98841600
8401536
30108672
10066320
6454224
22473360
44991408
46244352
9770625
101951850
11975040
25909632
25310880
18662400
20465850
13267800
64502568
57153600
17908128
30623040
106629120
19788030
4451328
30712320
30944160
12496680
22468656
13453440
401328
5660928
3745560
18945850
121651200
29494080
13632660
43411200
41983200
39016600
14091840
28641600
53726400
51891840
31793688
3206742
16920576
2749200
79253559
24948000
24779832
35397000
17994240
33626880
5644800
14531400
72230400
22713600
14421000
2872800
35824896
33682950
20690640
931392
51166720
28150980
13977600
5928960
45696960
12650400
42923520
101477376
28638280
18804240
3487040
21504000
19845000
81648000
23284800
23745600
45864000
5619120
18050760
32557140
28325920
22259328
4127760
7658976
62403264
59304960
38674944
33984000
41803776
28449792
9401184
17330565
11603520
54295920
44906400
5997600
11995200
6873750
21967200
5813600
21340800
35992944
156280320
8922960
22820616
66123540
17527104
32161536
51004800
8681580
35380800
11424000
11711000
26243280
2365440
45158400
9737280
23587200
36173952
73873800
23950080
107911440
69135360
54237600
14167296
18144000
17599680
47647600
59270400
18792000
8382528
21772800
15874560
106404480
71285760
8491896
25185600
32598720
34117200
41513472
25272000
31194000
29788200
50949184
70053984
51816000
39054960
11346048
39290400
30068820
16221744
11941020
28030464
16087680
677376
36920520
28799496
3164616
51240960
10952500
16478700
94500000
22192128
5844960
64296960
40597011
18432000
8727840
16534560
4586400
3897360
51698088
45360000
32296320
5132160
2761395
16660800
28488600
9673560
13693680
672000
25224192
39788000
49061592
43740928
12991440
106920000
7909440
22861440
5356800
4815720
2856000
30481920
9874368
19393920
24675000
41143200
2625168
18988992
8864640
57716736
2690688
38656800
24222240
50621760
38102400
109549440
6602310
3619386
25038720
9287460
9978320
32076000
14515200
29244180
10866240
27556200
131351220
80308800
71760000
60176952
60795900
38533968
42674688
9446220
46388160
67824000
22952160
45158400
25515000
67732896
65615076
114480000
16380000
26063136
87713280
12669760
62498304
96768000
70171920
10878912
5676480
4838400
4073760
48020688
8408400
9142420
8679000
50276160
11515770
22204512
5535200
1481760
21873600
24385536
6747300
28454400
23149152
37266480
9550464
22377600
17463600
15888384
45239040
1350720
9936000
17740800
17388000
57480192
48522240
14256000
15339168
43806000
20744640
27718704
12900960
30793392
7908192
29248128
34714680
36753600
34666206
63504000
5664750
27980316
67866624
6543936
34056000
11035200
27588960
22836000
117411840
62563200
27567540
58212000
48254976
31215450
16511040
6531840
20599040
16720704
21150720
9219840
6148800
44064000
22375008
80617680
5540832
29106000
19391400
16410240
4472832
36352000
42547680
19740672
2293984
10103940
42301440
60587520
17128800
46238400
14929920
36771840
32752512
27958500
61084800
90685440
28350000
24306480
34776000
15100800
33094656
30093720
96940800
16218648
95800320
9047808
52704000
719400
27118800
5829120
80502240
25159680
36878400
151632000
31135104
20139840
64915200
146361600
33276050
840000
24018960
7068600
20248704
40824000
50544000
36307656
2828448
24840000
2366400
79035264
9240000
11664000
8434800
3942432
1698840
3538458
14177520
4394160
18627840
37739520
24727680
1880000
48042720
59754240
48921600
3808800
39453804
20332000
3556536
8944320
87218208
19595520
10645740
31518720
75271680
8522982
7685496
7948800
32503680
6689122
49109760
14276736
36634752
36664320
19393920
7127175
11381760
2731860
7378800
10886400
31505760
14461200
74980080
58266208
46844928
107308800
76032000
13871520
105336000
31804416
44861040
21086208
23402400
70329600
3420736
45630000
7617600
23331840
53343360
16281000
9434880
23360640
55005696
26484480
13057200
65620800
72161280
27112800
23051952
34328448
25628400
3144960
7641216
18945360
13920000
28917000
45412416
32330592
8616960
13132800
44688960
32319000
28767312
23189760
37705728
15218280
5529040
22900020
19611648
75500100
835920
23187600
40144896
4304160
37255680
39724992
19415796
7281600
53248104
14135220
44906400
27797760
12264000
29133000
24541920
32169984
57974400
47916000
12093000
16329600
44884980
25804800
71608320
21150720
70257600
5197920
18162900
78427440
14367600
26270160
143428320
98010000
2724120
39066624
66389760
34546176
16421184
9724050
85050000
14879700
20321280
65593344
30325824
106546752
33966000
17472000
17547264
37428480
23522400
9953280
68606720
31197600
9828000
32134320
13172544
19051200
31352832
9461760
23212862
99957780
22688640
34492989
18144000
138468960
15506400
30107520
36352800
49081032
7257600
25948800
2713200
30345600
14817600
66594528
30293760
3800160
60576984
33419100
11325600
2677200
119016000
69984000
29064420
152366200
22122720
84575232
19918080
65772000
11897280
16644320
6768256
36917760
24162138
4441556
48048000
78321600
109105920
26880000
7054560
14859416
31112900
19140000
44241120
19676160
23224320
56899584
9761094
23466510
15090075
23718240
13957440
23461200
29926400
14852376
35089200
34944000
33868800
7956000
16601200
21981960
16883440
25318656
128666880
62270208
49327200
25989120
42024960
22982400
3672000
87127040
36495360
12241152
3385476
18047744
6401360
50379840
58705920
11024640
15928992
34905600
30349080
44085888
8575424
16312320
56623104
3956736
13195520
38493000
12103020
14044800
9536670
6639360
20956320
20655000
21442089
1794960
27768312
44678400
60582816
11007360
7983360
9862720
51246000
15186528
8684064
22613040
17496000
28576800
10556406
7076160
27050400
19768320
45796800
20034840
1109520
8139852
32643072
4494336
37584000
3326400
15717240
44815680
23117832
74415000
25406010
17667072
35857920
30032640
16803072
31101840
22793400
57415680
6519744
78926400
48923952
49420800
29393280
82134000
12761064
61110784
15752880
27594000
19968000
61740000
14394240
56609280
30164400
27537840
25824096
74465280
4194000
24192000
20160000
28476360
26461890
28771200
19232304
57733200
10890000
2494800
21383208
77792400
64350720
100523808
26438400
22014720
23719500
10160640
15163200
4002144
91795536
2585088
5631600
9951120
3188160
23981952
26208000
48604725
15846516
41436360
13267800
49083840
93308544
41669824
9123840
4697028
36666000
83164320
33359040
17297280
30449664
139493376
27288576
12597120
27384168
11854080
109094580
6390000
82791126
84672000
6188544
33454080
7182720
21669120
98081280
25245000
1512000
29283840
24820992
61992000
64281600
206530560
43289220
1092936
188697600
13543200
27013500
3932544
8390304
55365120
10735000
24660480
31443840
17204400
1871424
65359560
22014720
1275264
7377480
34241298
116160000
38564946
53207280
38688000
21486080
61641216
71124480
17004240
12206880
42638400
49539600
66993696
7001280
56448000
40669200
2954880
20160000
3541440
27165600
10995894
41912640
37075200
13634250
23265792
16589440
30796920
11148192
19071360
22576320
7776000
7912080
29211840
26956800
81561600
17863560
74844000
56105280
8890560
53851392
7880490
16470000
45239040
11261952
2808000
88440000
5565120
4158000
30968784
53913600
6480000
31622400
52852800
8727840
21720960
8748000
64033200
9479250
19289340
30792960
66655680
42456960
67233600
11860992
25502400
9464780
30277632
14565600
42330960
22464000
8252100
4212000
30083536
31084560
30958200
37784880
40021740
42325920
14805504
21430656
864864
58687200
43891848
37423188
97785870
16282350
7793280
23269680
734400
158400000
17942400
7022400
10302240
18063360
58406400
1920672
21031920
16312320
4021920
11321856
7503600
44118000
61629984
47764080
45121536
31577040
10715328
6249600
8722098
997084
43670016
56008680
14405040
114745344
128563200
7862400
65802240
39744000
70963200
14500800
25725000
24331032
27462400
153316800
17463600
75140000
27578880
96170400
42508800
45435840
78162840
15824160
12573600
70156800
20204856
64110816
9266400
14358960
10321920
28956060
18257400
22505472
35212320
16176048
16049664
18057600
15309000
7022400
28435680
3983904
5198400
27799200
11405700
24576000
50216544
21934080
30132000
100105776
8805888
24481800
59270400
28917000
20608000
21868308
13645800
17186400
64022400
9900000
51692256
45368064
54529200
38592000
12299007
102009600
22344000
13995000
10350450
199584000
53071200
8560640
50974112
12793221
54258633
8801520
12028500
1544400
31933440
47355840
20651904
6334848
8166144
17612640
25038720
16648632
35280000
29611008
25660800
23864544
42546240
3549000
24261120
13167360
48481416
7830108
117180000
10217340
6810615
69914880
36263700
9853200
22861440
41446080
9672000
64618048
62370000
27498240
24100200
17256960
36156120
26275392
60999120
34537608
24494400
15422400
59097600
36085280
31907840
2227200
49791456
44961600
16208640
4313592
3294432
6246912
2329600
91929600
45360000
3024000
9313920
74644416
66339000
19756800
21759192
50023770
25267200
48342420
30559680
7430496
39346560
30831360
24530688
17326080
84672000
23500800
52316160
893025
6967296
56394624
157068288
14611500
29514240
31451904
13041600
40176000
3247860
17625600
65894400
29514240
42265400
2706480
6583500
11178000
35351184
15412800
10429440
72316800
69214320
96768000
1485000
7434240
67066560
13108480
60652800
27682200
68428800
30255120
5827584
19261440
13608000
22572000
62059520
62208000
60876000
70112952
42301440
41126400
13088768
21306240
61989066
35762100
1572480
9234500
103420800
16088400
36578304
13238820
14757984
46267200
27941760
16080768
26127360
13685760
147087360
96018048
13923000
18509472
88179840
96616800
30888000
35163072
8072400
123177600
77995008
33882624
31752000
11682468
69660640
56800800
21542400
34560000
37160125
48384000
13237560
21065184
43740000
86643648
39042432
10874880
30730752
55738368
102960000
8696160
2073600
49330176
22332240
7872512
29016960
36560160
132088320
5870592
74934720
36197280
1609920
42548800
52236800
43940520
6323548
11916800
15814656
4319840
23965920
49758624
8537760
5372928
37670400
40612320
10187100
14376960
23063040
41592096
9582300
19998720
5990400
7705152
19656000
15404532
1524096
9081072
8505000
11481600
13600224
23351328
14447160
19404000
37122624
33782400
3324160
6336960
32438000
65862720
44100000
56125440
42398720
79291800
36343160
3921696
13040640
12784128
38160000
3288600
64229760
27799200
37988352
43817760
45745920
3160920
3564000
26568000
17796480
30330720
28982100
27578880
19783104
8446464
52509600
9177784
3943632
10063872
20044288
11793600
58060800
9489480
61916400
19970544
14515200
22891960
33566400
19567170
45270900
97401024
3900960
56201040
54432000
7213536
23486400
27730560
12052800
47628000
22003200
29937600
38259540
16251840
4392960
4250880
38097000
3404235
1270080
21384000
24116400
10848640
46771200
5227200
25740000
28000000
18266752
7469280
19814340
52171776
9879408
7882056
95256000
22041558
11708928
12474000
24192000
51264000
24000000
24675840
55883520
20225088
66744000
11761200
36916992
13222440
43794432
18191250
60480000
94924800
5550120
76204800
3686400
13208832
17493696
26611200
13829760
9228960
6511104
25038720
2402400
16982784
42184800
7327800
66189312
25816320
29256000
12773376
36543780
2235600
15724800
22651200
20908800
23917428
34614720
25361280
35532000
11340000
20420400
78382080
2471040
50918400
6540240
3646500
6940080
17050176
81430272
14081280
61147548
46448640
11701800
44388864
12866040
10757106
5038800
7043355
43701120
34777600
127180800
37839960
82575360
33462000
45964800
55480320
18585600
18240000
45581760
19894896
122282496
1072512
15228000
42254784
6005760
4829760
56282688
31293600
33964560
39541320
4399920
13312000
28435680
13996800
15600000
8053776
16049664
38218400
28032480
85412880
35481600
8390304
11340000
92534400
46725120
21047040
165392640
34594560
11926908
4365900
18627840
8827920
60211200
67616640
52597350
118385280
81390400
42378336
64144080
13063680
10489284
21288960
33868800
1940598
11459880
1620000
47393280
38782800
13471920
96372800
59256288
39577700
25770150
3465180
21297600
3373650
34292160
51644736
85730400
11956392
8817255
1789200
26460000
74973600
31933440
4586400
47395656
22111152
15851520
10929492
31944000
22422096
16117920
19595520
64774080
25344000
69785600
62574120
33323400
30807000
31467744
2347840
22394880
18083520
9872800
15422400
3159000
31667328
23814000
18315360
481572
14934744
43470000
26732160
13996800
14222208
14027904
17681400
53282016
18961800
52509600
24397200
30222720
10718400
34673184
6064800
74226240
8740380
5445000
73446912
14636160
23607220
80424960
61008228
7820400
15030600
28690200
71287650
62094336
47775744
15966720
119508480
16426368
62001450
13970880
61585920
19688448
33022080
26282880
76334400
15752880
70533120
9014016
81285120
36049860
118952496
25276416
28817880
54648000
13016850
9553320
27060480
9368496
18600000
27527040
83980800
2534400
16065000
30005640
13837824
12418560
13513104
1449360
45143460
11913600
8750370
21000000
25595136
15376500
4723920
91868040
41932080
3405908
205286400
4450545
2195550
24336384
10264320
21910200
18381600
18117120
1360800
17087840
3538080
6183936
21349888
42872256
30067200
56232792
25858116
10767168
32093280
31337280
30888000
18314100
49658400
109132800
9794400
12012000
176904
110223360
38929500
55296000
115245312
27993600
69268480
27433728
39416832
55749600
33436800
11381760
36836800
41489280
5750784
6700122
6716736
17038080
6152400
53738496
45441000
6974520
125314560
71514495
67854600
28005120
60374160
18561312
27542720
29728512
17907120
11089920
4704000
401760
17606160
46417536
14826240
3538080
12077520
16157232
12315072
56206080
62270208
16371180
17884800
41912640
9984384
129190464
15254325
117355392
33700290
13824000
40924800
26796000
35054208
2756992
35116560
27682800
16543440
87864056
13419000
8156160
17019520
94760512
20849400
14788800
45645600
36741600
76003200
85524480
34473600
95489280
5346432
70560000
12432000
19008000
14047020
5715200
5844960
3607032
7769442
26453952
14288400
1881000
84689280
6229440
27714960
14567040
4176225
23166000
28576800
11818359
8643600
20879040
21206016
22228908
4962720
11577384
90035712
31752000
3260544
21385728
10545876
16796160
11934000
31600800
11920000
80356320
9345024
18645120
8678400
33784128
30412800
56983920
37440000
3774372
58423680
99800064
28064520
29716000
1795200
8762112
5832000
34677888
8073450
25680000
81021600
39916800
20160000
63162000
11979900
6091200
10200960
22052250
59616000
46137600
65856000
16271280
6945120
35248500
22126412
11176704
37013760
17083440
38102400
32307660
22800000
4461480
22576680
52734240
12176400
31824000
30273750
28902720
72483840
2097144
157743936
16627842
14860800
4200336
73495800
4989600
112896000
11747136
15525000
68234400
14256000
20677776
37145152
13604760
6683040
110167200
68436144
31328352
6001128
42336000
3302208
15426180
7789824
15642624
13872870
43761960
25261632
32015360
25488000
53032320
50181120
79289280
11290608
50037120
23874480
18600192
80999424
124009200
95068890
22898400
38741976
37089900
60462080
56491680
10609920
17549100
7805700
5272776
8202600
4828824
27442800
13671424
36158400
14256000
8602000
13943280
33954795
25137000
51004800
22353408
10312740
15513120
17344800
96337920
142260300
17283672
32659200
16329600
562716
100318176
34117200
7845120
2154438
22228668
42223104
31929768
109992960
32169984
41184000
34670223
41817600
4166400
22848000
20321280
15805440
19561500
115984080
31323600
27878400
12837888
55084536
42020160
6720000
3628800
107827200
15079680
32367600
28582400
11997720
206035200
5550000
1620000
18110400
80302860
7818720
13880160
12448800
36879360
5206740
20759040
17539200
81285120
126126000
48771072
7695072
8346240
25981560
18881100
762960
19967328
30340800
27738000
21405384
21422880
24261120
51397632
60397632
6211296
16982784
51746688
17546880
6598592
15240960
13394160
12080880
3371544
7298820
14742000
17944740
37474080
15309000
27143424
8667000
10731784
5443200
2980800
63037440
2797006
2143680
8468064
35963200
8356656
66361680
44029440
118609920
53578800
9147600
36374184
21459072
14817600
31795200
6128640
26074125
14695712
7228872
52206000
28825440
15226260
16532262
30270240
21772800
79626240
20775510
6309120
37497600
19308960
99316800
64638000
72483840
11979738
188863488
54295920
8957520
11649600
15664320
25387200
24315984
10195200
96347628
40796160
9895200
5003856
20995200
48211200
3107874
20076525
743490
61236000
14016240
46560000
77291520
16279200
34382400
6126120
16200000
75297600
13439232
17287200
39645900
34953120
26611200
22291200
18774000
42844032
5644800
123799500
22999680
1124640
19662720
22049280
31280688
11750400
90288000
2852850
12648960
8588580
77875200
30502080
24534000
20003760
7405440
6416256
32749920
20049120
31449600
45619200
1746360
7425264
37739520
56609280
25024272
12326400
19477920
18903456
152841600
47855808
9590724
4966500
5602800
35040960
4914000
15878610
4737600
9024696
14826240
63651840
26389440
121730400
45964800
1212120
43794432
3953664
10186176
145152000
51166080
13547520
36480000
4924800
47733840
26544672
30105600
6773760
7836984
97763328
7425090
52641792
11838528
6980600
39047184
122220000
33653200
21785400
58080456
12972960
62355456
20500480
36088416
25370400
78522752
36867600
22275792
22035024
71042400
9083340
12782175
7035336
28569024
80829696
8225280
89572392
64696320
72576000
15422400
41354496
41816736
18532800
17164224
62083840
22327296
65387520
32921100
42930000
8994216
10031040
32717520
10281600
19115712
38272500
72644000
29337000
41530320
27498240
15790500
14826240
16822890
5953500
58320000
3338496
26493600
624000
24950016
7776000
39916800
26161920
23905728
60244800
119024640
7161840
36770760
62052480
23587200
125573760
7455240
24427008
9424296
98138040
12456000
19404000
5692960
6296640
68530000
90201600
78382080
40384656
6209280
20882624
53647488
43400448
6180750
43659000
22226400
33067440
972160
56954880
16473600
68584320
17633280
2482272
48452040
25855200
30935520
14152320
4868640
17505600
10010112
51648597
23284800
32707584
4162752
12071280
5792000
19066320
23764104
1535274
3098880
2336256
8781696
19231680
78624000
108662400
49249200
41731200
9041760
65155200
18234720
38923200
49806144
84326400
42314112
45875970
44755200
81459840
10368000
22946112
13934592
28332720
13522950
4468800
6411312
5197500
1817640
13795584
48254976
73382400
17023776
39690000
51453900
15523200
14609250
47628000
42840000
51217920
15489360
41408640
14414400
10533600
17707200
23849280
12474000
11307450
42720480
5007744
6680232
39458328
10587408
85619520
50813568
9336600
74649600
44634240
6667920
66612000
12332320
8853600
20124000
57919680
6082560
27683775
6866640
1354320
38845170
51436800
17463600
33323400
6879600
38255360
63685440
13770000
26558928
57200640
77051520
13096512
32219136
6336000
30267900
17948160
29052864
115960572
72334080
52018200
6230700
686400
11681280
14076720
49920000
18900000
15321600
81035640
15321600
6146928
11468520
27518400
29859840
24165120
16885440
38556000
23474880
17416704
42745500
9566424
5694219
33048000
43232640
25857000
24423243
19502208
44263296
24837120
3880800
6761664
3903200
3381000
15333120
29918720
5541120
14256000
27140400
35665920
7441980
95846400
44323200
33868800
18181800
6259968
18398016
45239040
22471680
26460000
93312000
15158880
9704448
22956696
39424320
19813248
28811520
16871316
13824000
74390400
17187900
63191856
7124040
7547904
26853120
36481536
29030400
25400648
20196000
55598400
21436800
18574920
12150000
21603114
20139030
5031936
8865360
30472200
7882560
12240000
1735650
45833040
898128
8870400
55769280
12317760
82329600
14256000
17657640
30578688
12659328
14090400
25704000
26283600
10820304
839160
20697600
42610688
25700352
36316350
124991424
8136000
42060384
14686650
40310784
86153760
40769820
73008000
16365888
13680000
21772800
64831104
56642040
13590720
30623040
12729600
42014700
15422400
1209600
18934272
116430048
35212320
3869775
58301500
29302560
10281600
45841950
24373440
9707040
17062320
103109760
17297280
32720688
52835328
5987520
169540800
51891840
11776750
9144576
26750520
16117920
84704400
9409500
16579584
15744960
9303840
13271040
87639552
14774400
60211200
34959600
135570240
78923520
53217000
53524800
6514560
52825500
47320260
10324160
6082560
56682000
16148340
5863104
42246360
11325600
116424000
17199000
104356512
37732500
4560624
27105480
5718240
30065600
6998400
76087296
17222400
47678400
107041536
51148800
23224320
128368152
81444150
22651200
27455328
14851200
49499100
2583360
9072000
10827432
10777536
99542520
37739520
69741000
23030280
18895680
30408000
28123200
14361600
62191800
33592320
19047600
42650496
22691328
4577760
21288960
21272400
2115600
1927800
39599280
33177600
20675088
10260000
2177280
16678620
24071740
24121344
10839906
2430000
16560000
11520000
17498880
11485740
6967296
42172416
35645400
46619712
35412000
40201920
2744280
25945920
21436128
6278310
22952160
33154368
12991104
29963520
34231680
16648320
13641600
26769600
84600000
29794050
67511808
36504000
24288810
2298240
57024000
40936896
92378880
29843604
5629176
12821550
6885000
17435880
36799488
19670400
19891872
13235464
31231200
16380000
3949440
18869760
75719700
45360000
4762800
78382080
9968640
39480000
34800480
20836980
38918880
95035500
14701500
35040600
21168000
12314610
36007776
6101568
15483600
5691600
24264576
20024340
46569600
75600000
63504000
6949800
79776900
41475000
17568000
62370000
14919408
40734720
16275600
2414080
76422528
44323200
38556000
32497920
13685760
19514880
11888640
27246240
65488500
13063680
46947600
52790400
22426768
7676928
22188000
7210000
52241760
9396000
5277888
21086208
29571696
26558784
82083456
31683960
34003200
8704080
17136000
23181444
26777520
35569920
46137000
47500992
17226000
16302000
40255488
70867764
39326976
23328000
42282240
86400000
23654400
5170176
20321280
18432000
8330000
42588000
20643840
25811520
70761600
87246720
5359200
24769920
17599680
8746920
19474560
29370600
19252480
15206400
42934500
17050320
14987232
14662296
14256000
3969000
55641600
17060232
11492442
42900480
35703360
45559584
20766240
57736896
34473600
66933216
22680000
19900608
28641600
21504000
14861700
51891840
14842800
30022176
10267712
32465664
83397600
22044960
41664000
1599360
13761990
47750400
53280000
33782400
5634720
4259840
96857856
29635200
3888000
37908000
5834400
55572480
12260808
36781920
28672000
36341760
56271600
21760000
4838400
2031057
18446736
22941360
30275640
30533976
21145600
7458750
66033000
123002880
13484016
17635968
10197684
19768320
4817400
51435648
8683200
13798400
30326400
19652430
15822000
1488240
45813600
33426432
70126350
18361728
4176084
53833248
14700000
20582400
11619720
47552400
25132800
20626650
10773000
80640000
95256000
35437500
19924992
96768000
17561600
35592210
26191872
44782848
65560320
71124480
15275520
22377600
25041744
64569600
9594060
41558400
152586000
94159296
28394550
6441120
16511040
39501000
33267780
13716864
33908160
37057416
48483200
2469600
10160640
12965400
19984384
21762000
51710400
19979400
38016000
59909220
23741991
11274417
63092736
24494400
16503102
95760000
25371024
36108800
23866920
14414400
4421760
6306300
4718592
7749000
25355520
7056000
9620000
20995200
81894240
10886400
35513166
70421400
25256448
9669600
4804800
11642400
4193280
30589650
71547840
28894320
44513280
29057280
1871100
82551960
34151040
16736544
29030400
938880
2628360
73980000
21600000
55910400
14796540
15138816
30672432
35640000
75613824
47177856
39444480
7144200
24343200
22173060
31393440
24966912
43035300
26218080
25212600
2184000
21022470
18511416
6906900
150630480
11495808
1437040
22148784
81074400
28854144
24463296
1545992
9797760
239112
74349660
40705280
41186496
10687083
13001472
5494500
38880000
5913600
27941760
12873744
53813760
7726236
25596000
7516800
9504000
30343950
9922968
112308768
8440740
22220352
66974688
42720480
27371520
91445760
26127360
25116000
83891808
7533000
24766560
51163200
8709120
12207360
8673732
13334112
66476592
21250944
24796800
14112000
27363744
20314800
60673536
108003840
49109760
162570240
52715520
29209536
4085760
4792320
41368320
110388096
20482000
10465200
7165600
25150500
34872600
51567936
38912000
6747300
28224000
12839232
9480240
35054208
14414400
6609600
23557248
12492480
40233024
15769728
37065600
56881440
8755200
18258240
60588000
43571200
8996400
54512640
79781760
79441920
38469600
53118720
60928000
17400240
84913920
29688120
35289600
561000
25428480
8282400
26142480
48199536
6023160
12996000
68221440
5414640
7430400
42336000
39375504
1612800
44744448
11088000
4847040
53847900
37329600
28200960
43717632
228660
9072000
58506624
62016000
3999744
55424250
604098
29587005
78532300
19051200
24281100
45144000
41685930
31298400
10963680
39744000
66010560
27257622
9905280
1761984
6150573
2062368
33120000
12355200
57127680
14606592
50265600
28516320
20487168
103783680
61689600
25053600
47759360
20372352
5480640
46126080
25872000
44647200
2193282
2424240
85536000
3693000
2704800
20782080
47663616
4901904
66447360
9249240
32970240
5728320
42171696
30927420
13754496
12111120
76220352
26127360
64817280
29952000
20736000
14929920
7694190
19568640
132352704
20092800
10032750
6443850
21556080
34178112
17971200
39009600
82252800
45110520
2851200
65818368
88905600
30989952
19219200
6406400
44276544
32256000
22950000
15264000
16558080
101102400
50829120
27095040
31116960
68947200
148470000
14155776
12312000
3419710
36013824
18708300
5575680
7521150
10264320
23305590
37241568
18084060
34201440
64944000
5046400
23049600
20462400
27072738
85016575
3234000
16396380
14417200
16737840
26978832
74621568
25245000
47130552
7470540
19869696
56466396
83959200
20367360
9828000
3308175
61156800
26611200
17200320
15611400
33247872
8675100
4317660
60588000
30844800
17325900
60652800
65145600
17781120
98058240
34751808
10797072
67415040
11736000
1761792
84397500
37064592
31658192
28740096
21530600
21141120
77682240
9707340
5647320
5887000
11626875
19265312
2651670
41596632
13720000
42252840
28122480
62763456
6364800
10229112
5448870
25474176
17297280
75443280
14805504
20979000
8013600
3339000
66009600
20337240
31449600
8463690
44323200
4466232
12852000
23035904
16275168
34119680
16672320
17503200
28449792
17889984
43464960
3759360
20582100
68904000
23385600
14487750
24385536
33251634
17365920
20796336
18095616
72367020
11757312
5211648
45280800
57867264
90720000
29865600
29257200
3997400
12669048
11340000
9849600
50358672
5638776
22176000
92198400
13860000
70557480
13178880
8874866
66450340
5680080
101993472
18744336
17867520
16339050
63224700
71850240
13762560
2856000
7853328
10128888
16892928
19440000
56770560
35925120
51861600
17463600
5202000
13068000
39600000
16433550
37210320
45881640
80220000
35380800
21311472
2391120
38406150
40824000
39074400
58307040
83349000
41361408
21312900
33115500
12649365
2912000
46835712
41446944
10483200
9622200
37122624
19958400
27172800
54684000
26376192
55692000
4133376
9210240
16324848
15902208
30058560
25268100
10047510
19236096
51552000
2056320
32592780
18742500
75675600
72853200
24504480
44593920
20275200
3278880
17102340
20004480
10886400
86768000
1629684
8393600
21184380
50676192
66563200
76965768
23104608
7274568
38527440
55756800
24494400
18051264
7736256
41997312
16562880
19580400
42224000
25660800
68695200
23060800
4276800
67389504
73920000
11980800
81829440
1857492
38329200
34506420
3359160
54540864
4838400
18202320
17640000
8895744
28224000
51955200
63715680
31145400
34358688
40435200
27217620
21420288
3840000
84672000
18986240
51588000
20449704
32102400
11325600
2088240
35882748
27686880
38918880
71071560
20405000
17667936
76836600
52416000
100018800
13369860
5568750
148849008
19307808
38572800
1206940
27086400
4358448
34603200
29635200
19051200
38176776
12332040
121658880
49351680
39029760
24749280
34820352
99878400
34737120
92476800
79027200
66132066
45360000
21928644
54501984
61361280
19961424
18178848
13562640
27442800
1916925
3222180
11847612
81312000
26786214
16990560
7260120
20540520
107321760
22407840
18969552
16449048
57912390
11094720
98661888
44339400
40569750
4492800
53654400
9592128
55080000
9525600
7854336
38603136
18689616
30373056
80901504
57177120
6706800
23209524
32928000
13630752
42873600
28508160
78999480
51921408
24091584
2721600
49397040
6068160
42411600
19379712
58605120
9418680
41587200
47313396
43670016
12425920
18930240
71820000
17136000
22456224
36246000
1162560
8382528
66825000
23523840
15670200
67584000
20105820
5829120
12927600
18961371
8225280
7200000
134323200
106142400
16248720
56902230
8058204
60275880
48280680
10314810
13618440
14136768
1892160
158958450
3763200
94174080
6835290
14929200
43804800
1583010
40389888
11082240
13343680
4458960
28563840
2850000
9657792
64666800
102211200
38652390
86002560
9687600
13458900
20064000
130468800
17357760
10514448
56582064
9105408
4778676
19903744
11594016
2332800
15216474
10189200
65202192
4199850
31135104
70836480
57330000
4915200
18579456
58687200
26796000
19094400
25290240
43680000
17695035
28542600
10232640
22680000
46656000
74027520
17218656
5034240
38807328
53123840
17154720
72316800
4531275
30282912
34250580
23538816
36013824
49392000
77112000
40629600
44370612
19079424
5948640
2115072
100183200
9289728
22522500
67858560
7913880
63452160
55488000
56407104
29393280
48898080
13484016
30996000
10321920
91653120
18988200
28339200
6503112
11642400
22873500
120960000
41225184
12488256
79176960
33121440
59392900
17485650
11531520
3100032
441792
45964800
4838400
19077120
13758108
18636800
3619728
17740800
94212096
4471740
2578560
19296000
18037146
27181440
6267360
15913170
26535600
20616960
129218400
23486112
26558928
5140800
11478544
25454352
5676000
12925440
2268000
21170520
24938496
2534400
11760000
27964352
57542400
6128640
27760320
27941760
15492708
33177600
22473504
27498240
48660480
6665472
15922880
18555480
81246400
4158000
30100000
7338240
2126592
46923624
31173120
29852550
24645632
29484000
13446720
41400576
10395960
52617600
71646120
10908360
11547360
44126208
41446080
60009600
1507968
129364560
33149088
29952000
25804800
11286000
39293100
14076000
18659200
33177600
69582240
22049280
10483200
23692032
33916428
17872920
27000000
31593888
16110900
10097460
58706208
23284800
1927800
17955000
1228752
15915200
3312540
11374272
29237760
29988000
201062400
6320160
78211980
7938048
32175360
10604880
13624520
36590400
36112230
47900160
6932736
4318272
66093300
60963840
16228800
29859840
27518400
18893952
14405040
6767460
35389440
44444160
38980400
15930432
56674800
68058144
52179120
35707392
149561856
40360320
26862528
16723200
67050720
2993760
7290000
35925120
7355880
43315200
23198400
27588000
9661440
27095040
31006800
3358368
20736000
5006400
72353400
10895376
24460920
7828002
12700800
5007744
19111680
11989600
8239056
19289088
115869600
31703040
3427200
22790880
3481600
16770600
25878528
23587200
25509120
72783360
29899584
33868800
1686960
16996770
12767040
47383680
13132800
26124120
46403280
58752000
24482304
1790208
57697200
28224000
15146880
28980000
124185600
34151040
17166816
8536320
2605824
2645664
6491520
113341200
5625900
50451648
1379268
16926000
28171962
16558080
2858814
13547520
12240000
813096
76734000
18942336
8694000
4199040
4930464
29635200
8681904
24255000
27410400
6169310
61865856
67988160
11151360
20875008
60291000
17280000
13837824
13881600
1344000
7280760
5832000
30573312
119963250
10601472
687024
44064000
7257600
5101056
45849888
29858400
49617360
47900160
2439360
34712064
19725930
11019162
127401984
32076000
69569280
10886400
18874944
74787900
13919400
23049600
11202048
33220530
33169500
14690970
6573600
42987672
42987000
53457768
20052000
35814240
61286400
25200000
47692800
76032000
43130880
80870400
44008272
1392300
17065620
30248064
61770000
24471720
2016000
8427240
15876000
57480192
3250800
16130400
13454144
3345408
12512640
128520000
30994110
17409600
14256000
8660520
86682960
17666100
7770000
94248000
10174500
53893120
91238400
76734900
3861000
11587860
21420000
7683975
68947200
2540160
57127680
23831808
7108608
23587200
3833760
41731200
16312320
14703000
26873856
23519232
111780000
17393805
28814400
10281600
38805480
63107550
34749000
18531000
38321100
36126720
28268352
66560000
11370240
56862000
46656000
2634240
73382400
21337344
11070720
35468160
15225600
40748400
26355780
33323400
22122100
23625000
12773376
114094720
25490304
71331840
9576568
107002896
12695040
32772600
13196480
7967232
17010000
30963600
2479680
6330240
28812392
6237000
24078600
75022848
16153830
25475340
18604800
32874660
55417824
12188880
12287520
57645000
45528750
2729376
15759360
19543680
14887719
27588960
1949280
60172112
14288400
28304640
42230160
29688120
26183520
21331968
123950400
17338860
5142060
199440000
5908056
12286080
14152320
23237760
64186560
12276000
50688000
19699200
1326456
32069310
26460000
7618128
3319140
28304640
26490240
23677920
36691200
35280000
5556600
22462440
46656000
14753160
122533236
15626520
85349376
15240960
10523520
23599026
17729280
18860400
4492800
21209472
2965248
31116960
68140800
15096375
17498880
10235904
37546740
6528000
5927424
38016000
88444224
12073455
48114000
17297280
26544672
51226560
56160000
41188224
35432880
13267800
29728944
3803904
15502032
72783360
13986000
33758088
9466800
44177400
6709248
12015900
35784000
6372000
48148992
8354304
47839680
17696448
26671680
43407936
41610240
35017000
27864000
43338240
28613088
23435280
3528000
45619200
95697000
75271680
18063360
9356256
11289600
11016000
18855936
11880000
4104000
115084800
112803840
66036789
22176000
48988800
25831260
12856320
10545984
16524000
26694360
48913920
6940080
17385300
58144000
47534850
41803776
36115940
67032000
3003000
13689000
76658400
34473600
7368480
33136740
44982000
70069104
68706792
22766400
29702400
2118760
39916800
108864000
47872440
11531520
2929344
55836000
28123200
2998800
60619860
44876160
8467200
94058496
199837440
59040000
18315000
94326336
6446400
8147520
36218880
21427200
50594544
13886208
7569408
52896000
42637266
4212000
14287104
20144640
17332224
43451100
20401920
3141600
1147608
42946560
10120000
17640000
72996480
10468155
84000000
3491397
8020215
42134400
15513120
16494400
34168992
89107200
25643520
25511040
25536000
11642400
19319040
6736125
61965000
16632000
82944000
39308544
78400000
54432000
19652760
8593200
11119680
46226232
6879600
40245040
31506090
135342900
10824192
45649296
3045840
5861160
11113200
15240960
11238750
3758832
73576740
33541200
30875904
21244356
24009216
15079680
24923160
94273200
14796288
5110560
17448256
7178220
18360000
20891136
21288960
28512000
34145280
15029280
22044960
31824000
16361280
9828000
26649000
24840000
12265344
30442230
13759800
12414144
7096320
3387384
23814000
45287424
19479264
74844000
19602000
6703200
7408800
25831680
2268035
96768000
11418750
13431600
58225272
39829680
36036000
69874920
52928512
6643350
3298680
41128640
11525760
4158000
49351680
56813400
42330600
46388160
15719424
38102400
5086800
11793600
13130040
21065184
34383096
28182200
56324160
20083140
121118976
38601360
63300000
20217600
51455250
129932100
46386816
11424000
13824000
12938400
7202880
29322000
6117540
124992000
28231500
8526465
47496960
14108640
21165000
3058776
33339600
53978400
8264144
21784320
1104000
23760000
60178944
26127360
21732480
11547360
121405440
10178784
29177280
8730624
34113600
29445768
17231040
25063500
22651200
19559232
131670000
41126400
96904080
53464320
6894720
24147200
17619420
83406960
54903744
20412000
72648576
17138304
21546000
22152000
27350400
7107760
2487240
43545600
12927600
57834000
75479040
3803436
6287760
98532000
37914240
25489728
50458464
9922500
16394400
44236800
53163264
64680000
1875984
7272504
2176200
14128128
6909588
16383120
22448320
5684250
14974960
10744800
12512640
18113536
24264000
58544640
3079296
6556788
13189120
14185500
23522400
55339200
61519500
50909040
98280000
23442048
8990520
24127488
2851200
55041120
70648200
13462848
8880444
18143216
81567360
4790016
6842880
12644352
6191640
30355200
5077800
30164400
9795456
19192320
11950932
19192320
91728000
33374592
120430800
21928320
23016960
78117760
48043800
9619155
21600000
2177280
28224000
29646848
35521200
61236000
28992600
62705664
73547100
144460800
9483840
25067520
34128864
15240960
32514048
64696320
79704000
12418560
11612160
2016000
30873600
4436880
12960000
6390000
44628192
20712960
17146080
68736000
8584800
15002820
8836416
3308032
46315008
9405760
27720000
9240720
12899250
132969600
7096320
60134400
183518720
40124160
21908880
10360700
24672384
59928960
20865600
29655808
1500525
97702080
24883200
16934400
60404400
17146080
20321280
79035264
18653184
65116800
122688000
4043520
73872000
13512960
18468000
67534848
56260575
60648000
23531760
8930250
57066240
5451784
47017152
17625600
30670848
21745152
13190400
42688800
2336544
14553000
11854080
4641000
70842240
22042062
846720
20321280
36878400
12075000
73858176
45856650
32569344
21281200
88179840
77521920
26326080
14251950
8083152
35163072
85229568
16242264
36046800
34214400
73153080
46040400
14061600
66889152
39004416
89956944
21697200
21226800
5261760
37009920
2291328
81285120
2322432
66977280
117327600
116640000
60389952
46632960
23958000
13063680
9173280
20608560
67695264
22705920
20318144
6386688
1701000
4174848
25920000
12714975
4077696
55579392
37255680
111384000
43390080
68844600
35640000
19498752
2694384
28868400
8709120
19668600
21384000
60825600
29808000
51554880
47520000
10712520
62726400
50616468
2867480
13071240
4008960
11194560
12925440
7825500
16796160
15814656
10631520
6048000
79833600
19084800
753300
5335716
31918860
25454520
21833280
19116000
66407040
5627952
8015040
45158400
11498760
13349952
16519140
13322400
56453760
15794688
1690752
70108416
82427904
27993600
31819392
38320128
24111360
17828100
2317250
25038720
37488528
90698400
6318000
27076896
111904416
9176544
9031680
25724160
88914672
79247700
4464000
10063872
31605000
57904000
10311840
21870000
28454400
27822080
104011776
133056000
9216000
71438400
14196000
11316000
16426800
19971360
29108880
1734656
17537520
866320
2611392
46308000
15764232
33747840
37527840
36578304
6212500
5872552
7425000
72446400
51840000
42844032
28374528
19673280
3913728
34546176
17503200
17389512
22799040
37356228
6134700
16111872
38475000
51470640
17035392
20820240
14004900
21565440
9222360
22651200
23063040
20085408
30270240
80467992
52734240
15745536
3643200
19051200
71850240
121305600
15966720
19622400
46194624
25132800
31215744
74605440
11059200
3340575
8810208
10795680
33517440
60749460
3677440
78503040
48360000
17010000
16450200
19555328
41412000
51251616
8675100
14685440
2945472
45360000
6972504
16669800
8130780
13332480
38525760
7616000
62261820
28885248
35814240
26657280
7348320
75479040
6988800
5196312
24669360
35997696
34927200
60933600
37044000
13231296
37065600
9141120
12240000
14257152
18109575
2280960
5445440
13137696
12902400
9979200
27768000
63504000
37966320
47520000
47752320
22913280
9269036
22226400
7043652
13192524
14636160
18603000
53071200
12418560
57294720
8153472
43659000
64297800
56010240
11843232
15206400
33530112
62407800
7579008
6023160
78624000
57855000
10631040
20281536
7209360
21880320
25292736
30525300
18057024
18251604
47980800
43624000
50166864
7725020
19792080
120285000
22500408
27099360
58060800
10088496
8625528
3591000
7459560
35833050
14496768
27955200
10388736
18216000
12632100
36556800
12171600
5445000
76032000
5503680
5892480
67495680
65197440
26694720
23969792
5119488
28680288
12768336
44513280
18106704
44371800
21974004
5441370
16920840
55194048
9717730
37065600
8353800
11566800
34177080
18442620
18298800
12425400
24180000
62954496
59724000
3936240
48373200
14742000
20901888
41789440
9009000
19388160
79002000
9318600
5021325
28318500
14929920
5189184
19080600
31874304
16756740
5703264
12142080
17246736
52920000
36481536
6511680
17179470
51480000
17290260
25352514
1764000
6443712
11486016
180452448
2789325
61575360
33678288
9694080
14045400
69431040
17690400
36119200
39130000
43733250
96623280
2545200
17721990
65126880
44088534
11427840
52623648
33562048
10164000
130429440
6347264
3810240
26745768
19731600
28308480
9979200
3196800
44863200
35417700
66624768
3588312
11989296
22161600
8865792
835200
4722300
12773376
23397120
19278000
46208448
15288000
13837824
51609600
35677600
65894400
19615680
22620000
31101840
8324100
6842880
17243616
9715200
10506240
26779896
28365480
17010000
71887500
25147584
25581600
22861440
10066176
56767500
12436200
30623040
20058192
14750208
36858240
24570000
17310720
3402000
74802000
12925440
32029200
35030880
31570560
20901888
64787688
4519872
41057280
17061408
77249088
82555200
24570000
67312440
10612800
55135080
137985120
90316800
9972720
8791395
9953280
54020736
481140
23030784
31615920
85932000
27993600
18970350
15586560
13391560
152845056
46246200
51291900
31147200
11523600
82656000
50457600
58677696
18221280
52708320
146779776
89409320
21930510
7469280
60787584
40176000
22945032
7894656
17375120
64470000
28086912
23435280
17496000
23224320
29647296
36919584
164808000
43714944
3365856
57153600
84620160
49787136
21022848
29882412
14883264
37739520
39495600
28063476
10154160
13860000
58406400
12849408
19872000
14377440
29421360
7469280
16410240
49156800
44906400
89020800
3136320
62969400
5531904
62244000
33153120
1863000
10967040
3827880
4434144
98311680
31352832
6857136
10164528
74649600
9422028
71646120
80179200
20871296
17153136
10536960
15396480
61236000
8467200
44513280
23143120
22525776
32348160
35855040
4733280
10886400
10668672
28208880
19152000
20093184
8797152
368480
13305600
10305600
20633600
7289568
37645650
35329770
35251200
23023440
11425050
20697600
70041600
47712000
24883200
20111000
17640000
8709120
11329632
67442400
17393376
3712800
8635968
7919730
8640000
24883200
6961920
116411904
54461440
14364000
10157400
26127360
58125600
9758000
23604840
40473600
2622600
25204608
82368000
97377280
21756000
30385152
21450000
78048360
4630500
21825000
39124800
6462720
16560000
46893000
101122560
16588800
3372120
23079168
25665024
29859840
18356184
51619656
8045568
8755200
40143600
105753600
2272320
5201280
7853760
74054400
15951744
2439840
70630560
57002400
23654400
60899328
6140080
1672704
16467360
26046720
40788384
49766400
47635560
207023040
40716000
22055880
45420480
5148000
13741056
36578304
5840640
73094400
10342080
27518400
9945936
18009600
27388272
11261376
16353792
93570048
89722080
42071040
76478325
75866112
15165000
9628800
9447840
14089600
12305280
46305000
7223580
5940480
4018560
20538000
7416576
98918400
14850000
18535440
66660570
16473600
28304640
33080880
17884800
40525056
11664000
37345056
1385748
37837800
17561124
33586560
4746720
86829600
25482600
7076160
114960384
39070080
49350000
15927680
55539000
39802224
47093760
40049856
169989120
6476800
62613360
5155488
43563744
12153240
20014176
9331200
29859200
6277600
38525760
35031744
35380800
34776000
70709760
5796000
13068000
14167296
33180840
25618320
59719680
30555420
12499200
18488925
18420480
59243520
18345600
21702336
33746944
2109450
32996520
49392000
10951200
14813409
36590400
27555840
15624000
50904000
106722000
10172448
10080000
24300000
34848000
15746400
7032480
1580544
3817152
11512800
36531000
7884720
18052470
83381760
20638800
11481600
29730240
39398400
19998720
41631744
11575872
2056320
7420896
57267000
15361920
8163540
38707200
4296240
5734080
33774336
26064000
50024448
39299904
28857600
59719680
2787750
80190000
14520000
41799240
39588780
32672640
72349200
69300000
28226880
38087680
17293824
34164900
21657600
103420800
5666560
26606080
22669920
45722880
9757440
61031880
40576140
19442528
24692850
29415100
14902272
21431424
2976480
4334148
96671232
6693720
21252000
32256000
14090240
39261495
42865200
34339536
36230400
34406400
40734720
4472190
56728320
22044960
29568000
199260000
34629120
8985600
66134880
3816720
55673280
7472010
338118300
32313600
19844000
25593840
4304664
21918600
9069840
26006400
3342240
12972960
33161040
65046240
86751000
12752740
5682600
21229824
3633696
23063040
17450160
38572800
20030976
9728400
14192640
27941760
26320320
43095000
31995810
5936800
98248920
5893888
16536960
10001600
7378560
11119680
18167760
10757376
14145516
28242756
4961088
53774560
6595524
30958200
60234240
13289274
72832320
29937600
18077904
15467760
3640000
22860864
11001600
57853440
55792800
42255360
57970080
26073600
31879680
15202080
31352832
75014100
62052480
20462400
50738400
37720800
8588160
37255680
28024920
30074880
26586000
31434480
23796360
12441600
14551200
55987200
31101840
57280608
800052
44553600
8534610
29635200
35721000
26503680
38062080
52055136
7299072
6336000
53411400
82026000
7207200
25313400
14076720
2363904
40303872
5049000
22279824
9331200
54334800
15375360
7431424
35150640
4561920
10432800
26051072
18006912
28338588
7629440
34408800
58924800
30450168
47088000
68995584
18607750
9792000
68428800
4368000
89483616
17791488
45312036
16372125
19571760
20324864
85201200
9723560
35546112
30253500
8192128
42286650
24414720
88387200
34292160
63821520
23280400
24192000
17374500
22982400
10387104
13970880
29343600
121347072
33948000
61689600
40619811
28416960
6109488
8379000
48322560
160239744
29550528
60236163
6586272
16856424
49686000
21340800
30888000
21898800
55080000
18902520
25761120
6894400
92897280
26777520
27993600
36210240
56307096
27095040
22005480
28957500
31948800
18837000
13478400
14981400
2436000
11700288
2130219
7230440
17163648
17169408
30892400
12668400
8781696
2820096
17818560
34848000
32130000
35163072
729000
249147360
7934080
8015040
10137600
39293100
69735120
36620640
13224960
24820992
29628144
34627500
20643840
13927680
1408000
7983360
51145560
22809600
2229920
26460000
7689600
38596800
31921344
41250816
19051200
40240800
9469296
4338432
13542768
40777344
31116960
17091540
19010376
53760000
6140400
63037440
19300680
10920000
70560000
9123840
35773920
12181140
42048000
37885968
34062336
41126400
11664000
24948000
11819520
25651080
32328576
62705664
38984400
53601408
40465440
2184534
16934400
49233744
3264768
56908800
33868800
41057280
5728800
45927000
44100000
35380800
29548800
5236686
106142400
8273664
6166200
77616000
15707520
15611616
37454400
63660800
24806400
13749600
46230912
47817000
39619008
38476620
46002816
28644660
6617376
15400000
2462400
3969024
4082000
38878560
34670592
76839840
98760480
48771072
42577920
16248960
2419200
17955756
12096000
30357600
36241920
40629600
19051200
44265600
1710720
21344400
15960000
10260000
22865920
60455808
14959728
13433472
11395260
82581444
37059120
34671240
7076160
23270760
27184896
16328781
62857080
17027500
2786400
6132000
63647808
10962000
44266950
8273664
16108200
28024920
55738368
49728000
3068928
13737150
38782800
27216000
33454080
10886400
20805120
22226400
105696360
135168000
9454185
43464960
24513840
68963400
106489152
97377280
33156864
17418240
10142496
15040000
4790016
8981280
70963200
53244000
33868800
7634088
1762656
36864000
35640000
554040
39996000
6848000
23224320
33530112
70761600
20109600
1168512
31850496
3622080
23686300
8886240
3160080
12592944
21880320
21047040
34226010
55497600
92994048
179712000
48185280
21772800
31166208
17781120
32845824
21803040
31885056
27216000
13411008
8365500
32400000
26429760
75349440
25660800
31826520
18211800
69290802
26135820
10827432
10021500
1350936
51026976
33145200
41731200
29013050
26012448
34593750
59076864
11372400
89303040
26728704
7011000
39592800
51163200
15353856
60691680
7012280
11176704
47729088
21369600
6782976
1115520
11501568
35942400
20642336
5880960
67150080
119750400
10820160
7882560
11208960
63745920
24460800
62144820
18972800
38170440
35380800
14026320
18837360
5068224
38526642
3027780
8578575
41391000
125126400
77256000
78414336
25069824
5987520
125712384
30240000
77917950
41277600
7389900
17740800
5588352
20431950
2193730
70686720
10771200
33707520
38372400
82391040
40869360
33279232
102625600
38475000
5061960
38012000
17529600
82498500
40857600
45379600
11498760
11363520
23284800
2190240
5727150
30052700
25527000
41368320
28980000
8870400
35085960
20736000
49996800
78382080
78246000
8467200
23877504
44478720
7897500
4620240
17699760
82695936
30429000
53978400
29729920
3212352
16786224
11906700
39121920
19236096
29224800
19154850
16511040
46138400
67158000
50108976
12426624
18289152
6842880
33605000
6733584
145080960
37851520
20756736
13132800
1615152
4959360
58423680
61689600
3999600
3110250
57202200
88171776
18454176
8193150
11491200
78744960
45714000
45289530
19411920
114476544
23474880
136705536
40435200
21726720
15224130
8522880
40612500
53484300
50916096
7352640
21772800
12648636
49426300
14243040
17707200
51302160
16707600
2679040
7862400
7115472
29961360
39517632
17297280
24567840
22522500
209768832
8743680
18511416
339250
13486336
113762880
18869760
86576256
86662800
62874000
14322000
20101770
46040400
10571904
32707584
41932800
13280544
8250840
71850240
25920000
41489280
47702160
36947456
52778880
17821440
940800
26462880
31648320
39375000
26244000
65318400
15919659
8250840
25821180
21621600
92506050
18957120
28400400
5607936
4977280
10530000
841566
2098080
15052800
20471808
66071808
84913920
7368480
57283200
13598208
55641600
9060480
12723480
42075000
41183640
10711008
24227840
91756800
13892400
55246464
48039600
26611200
38461500
73594040
3553200
176870400
6363840
46519200
5992448
10886400
4013100
50450400
15781920
3998592
10894464
31116393
22910580
17740800
10681200
4184208
34884000
10126368
56918400
181254528
10161216
39739392
29859840
7064064
208099584
38755080
7511920
20217600
29548800
14049504
15422400
11205600
33779200
18627840
163470216
32663400
26070660
57576960
15482880
14022000
59222016
64281600
26459136
25574400
176658720
62053992
13317480
6446880
15259200
44218320
53103456
56700000
124138560
60011280
22833360
116852736
6270858
20563200
41698800
3720000
8246700
13844160
47507600
29429400
31808700
31497984
18498816
44478720
33633600
78236928
107900100
25804980
87091200
8985600
6666240
7047000
32752512
45619200
17953110
38707200
8383830
5325320
15863040
34057800
71019520
78764400
20073120
36036000
3107808
5075200
312120
25428480
6697728
44521920
25564500
13842048
7402752
7106400
35178624
45936000
18404100
58383360
22596000
35397000
3259872
34856640
69423750
22990800
104025600
8085000
18543168
12141360
12420000
7076160
80460000
15940800
25920000
8499456
48257856
2330208
1963500
7644000
5292000
78723840
41259456
45714240
27014400
8895744
7985952
34473600
35925120
5443200
6572280
71066160
9622272
1728000
5974020
9716112
30844800
36796032
16132140
22862736
105019200
17432064
1895400
31606200
21047040
6362180
9309696
60480000
14724864
62052480
50585600
53222400
62995968
149760000
15275520
11259200
92707200
21735000
69608160
4112640
34927200
12355200
36555750
9144576
24593856
18648000
7830108
33930000
71033760
57765960
5049000
69984000
8225280
23333520
135233280
51678000
1740736
81965169
78624000
29491200
35582976
35468160
37195200
9719640
30102840
40748400
13685760
8709120
78732000
35380800
45964800
1633320
142059960
52876800
15797376
12113920
18720000
83980800
20824290
36578304
34376040
9199125
31933440
15636600
7022288
62599680
45586800
40965120
10800090
7587840
95256000
57127680
1355200
16558080
9936000
53460000
8320480
15321600
53706240
47755890
73584000
96299280
20463300
68160960
26626320
7028736
26863200
7070400
13296960
25017300
5101056
4672080
73320000
8837568
77834640
18078450
8064000
9397080
67415040
15079680
43263360
38342304
10221120
74954880
27501240
49914144
20692224
11860992
42357744
3202704
11395350
41324544
24200400
63796950
21976920
13716000
21979440
71402760
61132500
41383440
25651080
49811328
39795840
36270000
10413480
8566800
11197440
16669800
30412800
11365200
20734560
36851760
144446976
31434480
37065600
2919240
10342800
4503555
22942784
76204800
47416320
53978400
53555040
60374160
3487050
19263420
24576000
12657792
137280000
32162130
45664560
6985440
13944420
13458312
16318400
6435072
57600000
68140800
49980000
39649500
183783600
17928000
3187888
52254720
24901800
51321600
9192960
6261888
134924400
5239080
55282500
6128850
53200000
18975825
84369600
26290656
57230208
39645936
24373440
7048800
57132000
14515200
61585920
1413720
11936988
21216000
33408000
29708928
33825600
28425600
35271936
32101440
6846840
19845000
31933440
28066500
64980000
10939500
7623072
25401600
38374560
24675840
9599220
40771584
13581477
12495000
24509070
46675440
34021260
29556800
5964400
61992000
9314676
24482304
61992000
28854144
15855840
49392000
27371400
71499384
16336320
26438400
33802272
11442816
19828800
9676800
5160960
44755200
21772800
40766544
21329280
77952000
48781170
14076720
32006016
35362800
6628800
12883104
65028096
44323200
88364640
5241600
55005696
12918528
14057472
55987200
26617500
63404800
25764200
51659532
24424960
3760848
928200
91318220
4187134
27648000
14817600
66370304
66477888
39816000
39060000
6291264
49420800
30071250
14229600
4790016
33264000
61471872
51179520
115630592
10243584
1657152
103790160
8304660
59511672
33178500
9370944
20272350
44416512
51156000
61585920
20930910
3725568
58521600
26998272
8015040
9289728
31726080
10666740
48263040
12874680
48153600
60060672
11603200
61072704
48502080
38610000
38776320
26302320
21700140
11908960
19152000
37739520
2773386
31309824
14354496
59304960
31701600
19819800
28854144
81047844
74995200
20862912
11430720
19841472
2877120
13670400
3265920
28302000
22473990
52254720
40622715
26355200
3070704
7185024
17172000
40538880
45150000
20064000
91991250
29498112
22120560
28588032
47592720
45864000
10581840
114103080
39551400
16947216
19375200
2935296
34307280
46428096
26542080
39366000
93963240
17160192
27243216
51840000
47758320
165904200
27371520
5775000
28200960
18701280
73029600
19828800
18581400
10713600
25067520
38610000
36368640
24332616
95495400
24659712
16615800
30105600
5031936
26438400
32194368
18506880
9808660
15816060
91119168
6554520
13812120
15120000
5738040
96163200
15321600
8064000
2099500
2993760
21405384
11314688
32659200
26315520
49766400
22394880
27648000
9028800
6345216
2782080
32744250
169827840
33265728
38535168
18579456
81285120
31933440
24153600
15798240
27907200
23579136
31784400
7149688
16516800
11538240
9175680
40415760
49164480
51891840
19561500
3908520
9405000
26334000
44815680
40388040
65889600
51574320
28601300
20088000
11529000
34188000
11882700
113011200
31285440
15084720
31152128
38949120
104544000
54419040
17054400
32514048
43280640
14229600
15023232
104146560
23822848
7096320
3796800
51081408
83417600
49674240
32080320
15918336
20837544
73198944
92093760
11472000
15645168
23511040
7783776
74038536
15759360
13970880
186048000
10296000
18273600
87447360
5294016
18466398
17821440
5257692
7623000
63831600
21028592
16178400
91302876
8947400
40824000
24948000
47757600
3314520
48648960
35282000
37632000
32825100
26533310
8513505
7058880
30051000
30661752
7908192
9813120
23063040
6531840
3402000
27518400
37179000
46490625
56142720
32368896
31962500
16939776
36542016
2721600
27932850
8652600
10909800
30123100
21576672
22831200
10720512
514800
43130880
4868640
33384000
28416960
3919770
11995200
1956864
37584000
44789760
11080320
7707960
18416160
6350400
12870144
15373149
25575264
3690984
14944020
11975040
22353408
7603200
31320000
44233728
24883200
37100160
960095
8255520
15274116
46448640
17952000
16329600
40875840
2526480
25225200
30844800
2408616
112896000
47949300
65376
53865000
45527350
28068768
18083520
45895680
82114560
37130940
2099520
7539840
11860992
50637312
4717440
12731400
16668000
39266640
19699200
24837120
68720256
77662800
59169600
8074080
16236288
44550000
8738730
10771328
14284800
22763520
18754560
47096880
24944640
19611600
19764864
11605680
68584320
107075520
103505920
29635200
13328000
33094656
4449280
18385920
15850800
56700000
41313888
31253040
14344704
36840960
17418240
76148100
53621568
22855680
2082780
30186688
79002000
3987456
10444800
10342840
15615180
4741632
8755200
94049280
12398400
13304676
20030976
63802368
60480000
10427625
13789440
84672000
16665984
7439040
28651392
8078400
44542080
84851712
12791680
27086400
36417024
2851200
21563100
8281440
29160000
13127400
63360000
9585000
13242240
17293102
6480000
13996800
22767360
63277200
49717800
28818840
51979200
12150000
10247328
8328096
38538500
39124800
32816400
5702400
22861440
29106000
10782720
113286600
5431296
17204880
38505600
43711488
54432000
21143808
68781960
414720
9737280
49781952
5676480
9884160
5265000
19359000
25401600
27391896
8355840
14653440
6184800
75786425
7767045
3061800
11368350
5842368
23030280
63180000
8149680
67816980
38491200
42252840
22858176
8859825
24948000
17892000
25758000
64591800
12223680
28071360
28188000
31775000
54327000
22453200
8291970
58591456
23950080
3852576
29956212
53026740
96768000
45813600
22654080
67187232
6531840
36972000
9705960
7405200
35458560
71305920
45738000
10059264
59628576
8774480
25668000
29022480
10614528
16324000
12773376
14580000
22545600
20137824
49896000
51667200
11867856
23677500
44943360
18734760
44906400
12859392
52972920
66339000
15176700
48470400
81768960
62233920
28563840
82592640
16756236
15867648
26834976
19126800
5692722
11612160
55948800
57390300
65068920
24106500
36504000
26449920
5744640
9664704
17971200
5045040
37422000
20655000
20655000
1514700
49603680
1421280
1441440
4894032
35267496
11040000
11289600
22026384
39916800
12337920
23990400
7372800
8509536
69120000
18488320
61036800
62599680
23224320
42134400
77421960
13871520
18105850
59016384
18144000
88704000
25401600
29222336
11271680
21954240
3725568
21918600
26303200
9041760
14417920
10500000
10745280
30159360
7398378
16159500
6051720
35575260
41672928
97397300
39442788
27404520
21221200
43932672
7469280
13063680
22797600
74032560
12501216
29877120
16707384
35910000
22422400
146016000
9547776
12449952
62052480
36864000
47508120
39836160
70383600
52822000
12114432
27417600
8293824
11470410
19874400
10962000
16141032
38092800
17521920
13759200
24530688
25887600
34836480
13540800
26784000
26036640
22360800
128217600
26705070
76185600
76397904
88696800
2249100
98862624
31449600
21697200
7556517
33495000
53898240
58968000
8050350
43794432
38664000
41198080
6285312
11929920
20866560
32114016
77635584
40919040
10878000
36806400
24373440
31948800
10417320
65176650
14536704
21111552
32490000
28224000
80784000
6652800
73482240
9497250
81395712
32093280
19562400
38031840
20864736
8013915
16116750
57657600
56030832
23417856
90410880
86153760
58269120
19602000
47934720
32637440
64033200
11197440
126517248
14620000
132678000
67931136
21921840
106697500
28922400
35562240
4613700
24716720
9784320
59304960
37592100
21954240
22487040
23846400
10724280
3518592
53902800
29030400
22593120
32460480
124362000
31695300
37497600
14703936
23111028
29937600
4066020
9416946
16022160
41867280
45868680
18708480
28667520
47831040
37243800
138607200
38789640
80898048
6894720
14254296
113541120
2751840
89434800
19545240
32855040
20545536
42981840
46702656
14414400
1552320
36748800
100038400
4324320
81648000
6831000
9154080
43220736
1740800
47713050
25503156
40824000
6585408
54190080
43747200
30256128
73218600
16962192
35877600
7497000
4143150
35458560
37171200
5967360
36288000
16131912
69638400
6566400
21880320
51648192
9517824
93336300
12447600
11128320
24435936
39626496
38916000
58786560
18276480
8769920
132580800
45432900
13595904
70286976
11271680
9655800
30196800
2027520
55093500
19353600
6788304
45519408
10443168
3702400
13276440
33196800
6537564
4104000
24317568
80015040
22360800
5334336
39584160
16953624
4477200
13986816
6123600
41277600
65201760
5433120
46213440
70648200
26593920
4417875
9099220
33321600
14394240
35743680
13462848
1180800
9097920
139708800
9070600
15966720
19268928
48061440
25401600
22301136
13130550
112297500
8078336
1462032
71608680
16593984
43948800
15267840
12393000
25292800
31464000
31114080
96180480
33860736
97200000
27216000
74027520
31487400
13449618
7230564
29191680
39639600
1847560
74027520
2995200
19305000
18760896
15238080
7776000
18559044
93350880
32044320
25860096
5722024
35748270
17006080
10655064
21092400
38455200
62079750
25018560
2939904
16058880
9066330
11761200
8786232
23040000
7451136
16361280
74351200
6945400
28124800
21412890
7116336
13741056
66637620
2583000
5005800
18947214
10905840
129024000
2579850
17943750
5654880
42642936
174787200
38776320
61740000
14346000
38755584
34092900
5983200
2895424
3472080
21954240
112467420
14313915
5336100
34983000
37209600
41139072
29937600
17111178
28641600
32901120
10976000
11396224
45308160
11342240
6718464
50633856
6111936
4365000
17692920
6115200
26091520
39817575
15744000
16260864
56453760
46353600
58474640
18156096
30702240
59187200
9136800
3327480
51425010
6191640
7344000
40190880
3384576
2511000
35417088
16448000
20182400
44919000
59472000
34749000
63201600
44280000
32598720
37519200
65894400
32016000
19232568
46569600
24048640
676500
122522400
29804544
74220300
14968800
19085220
8087040
35245440
14490000
34516800
24494400
39190200
8287488
20816640
52894296
15523200
62171200
7800312
15449280
58060800
6681600
15702336
16156800
82678960
888420
55332000
13516800
30604896
26922240
1347192
92664000
2100840
10831968
5188480
15854832
48384000
6635520
64350720
37939200
13319600
10557540
46872000
16972032
27677870
68942016
85218144
6209280
98841600
3242304
39501000
49824768
6918240
82342656
117855936
12337920
25855200
59234112
46321632
57722112
6652800
10622664
4008960
147250950
15681600
7137936
23950080
19912932
17823520
6480000
6000000
22041600
53222400
6776640
50450400
17852562
12806640
91028080
26583088
47482632
93120000
7619400
16963200
24131520
46284000
23668200
16136064
46992960
14657760
83164320
14303808
15482880
21222432
9560064
49737888
12955644
37779984
1074720
66117150
5167800
40840800
36288000
1900800
65705472
32296320
25909632
14167296
47520000
65435040
66484800
59899500
2458512
28191744
18620000
21772800
23652864
16707600
105446250
1548288
13891500
42340320
65998800
41333760
4387152
1937520
69696000
171325440
8370908
46909800
1313280
47797970
59875200
40020618
18627840
8926200
3706560
19071000
31552416
6683040
31259520
33530112
3555552
106686720
30499200
35829248
816480
30666240
1250000
74700000
63436800
11424000
20638800
21324800
28939680
32558400
61380000
963072
12997665
934800
18052608
11337984
81881280
39626496
5569200
8080560
34727616
20180160
17305200
21312000
30108672
25681320
20252232
62414632
17765280
16692000
11616000
33193152
27095040
30226560
31320000
29260800
20493000
9185400
24342912
59719680
83166720
62899200
61152000
12244050
9932160
32997888
63107856
55017000
48648600
25288704
24538800
23522400
53281800
9170496
13829640
45579300
39901680
30187080
36808200
65318400
23599026
128620800
5136768
15206400
48211200
25119072
31449600
17556000
14742000
36167040
23216220
62251200
43740000
45158400
5594400
38549520
61223640
24780384
18977760
74880000
13685760
36713600
18662400
1881600
7257600
17585568
8364000
16428132
7408800
38937600
37332240
220473344
17214120
8493660
7303800
52254720
21591360
48657600
36556800
18399744
34108800
95256000
55296000
33163200
44328960
400200
45785088
6530720
25137000
11654721
77157360
22035840
51907392
47944512
27941760
81356400
10405248
7349760
9646560
19209600
14560535
79779600
4466880
49717800
40884480
9812880
31028400
23814000
54536976
34813152
54100800
37889280
119226800
22809600
6943104
64774080
16731000
4297104
56856000
12789000
90428520
8211456
45619200
25062912
10951680
67189500
27318060
11206188
64937250
91368000
7144200
42736896
39626496
7342104
68108040
35100000
50982624
24099600
31363200
15740928
29270241
14152320
11309760
63628416
6436800
3502080
59097600
19992000
45186336
12592800
16132116
33965568
45945900
24385284
46545408
8910000
26035200
15823080
7164960
15840000
4120320
59410260
37748700
11868120
39688704
58181760
20891520
27027000
41996430
8202600
98124000
23095800
43364160
33571260
22063104
35903736
17130960
32598720
59122224
156017664
22692384
9801000
54651051
29638656
6459804
24300000
27099360
17463600
3748160
61888320
41862096
32332608
40799700
7938000
1692900
37527840
4636800
19388160
10886400
24837120
6434400
6145440
36174600
11383680
19098240
6616350
101158200
16511040
10188678
99470592
45756000
92289600
53635104
18748800
14883264
5225472
32213376
70087680
80405325
16571520
43352064
113930880
17617500
29353152
7856576
31667328
44906400
10838880
9947040
11134944
5808900
2677500
7257600
6282045
99348480
15279360
20956320
16882560
31726080
17740800
43200000
20364048
24058944
21683376
55770624
13478400
29859840
4885650
43662528
57693798
85328100
45738000
17160192
4635696
18860688
5940000
3516240
5546880
37456650
44651520
22579200
62226528
52617600
9331200
28274400
25917248
20256600
9648000
5598720
5299968
59486400
63180000
23247840
51200100
251596800
37013760
12160512
82101600
26244000
16588800
11367510
4959360
139371840
25140960
22809600
14305050
6773760
21738240
31914000
18659520
22146048
28488600
889155
8784864
7764120
35380800
66973200
24324300
31680000
19167840
37507050
23692500
15561000
37251522
68769792
1313280
9824220
45619200
11558052
2997216
2436720
59754240
61840908
88452000
32292000
91888128
36590400
49660128
73064310
26768880
24552000
16524000
63947880
31667328
11907000
89812800
18896640
18334080
24142500
20342304
10629360
26181792
8467200
10886400
8926632
62375040
29620800
20015100
23846400
28651392
20072448
45384000
15240960
23061024
15268032
20908800
30690000
10374912
33710040
56848000
8420760
8157240
6955200
100245600
17724720
7970400
117305364
19177308
26893944
12088440
3346110
1335840
69866496
15208200
28740096
60118800
89754480
64689408
90502272
2280096
21204000
34871760
24461190
23882040
2254000
23881728
6048000
33023700
8316000
99434880
8996400
15482880
88252416
32490720
27664000
39680928
23814000
107328000
14195160
6660000
4230960
6108480
3855600
91010304
29242080
25660800
16628976
93671424
38013300
23224320
10596696
44688000
71549328
4268160
17796324
19245600
96465600
31104000
44402688
42831360
63591840
36435168
33120000
36176000
41002500
10401930
11913600
15600000
58997760
10272000
6182400
50450400
38236500
26893440
6652800
10232640
64350720
13503600
13689000
8421408
10720512
11718000
13305600
73923840
39189150
20641005
19377960
17444544
104146560
4976640
28776384
103673856
16554564
13483008
42865200
24545360
9248820
19673280
18046314
23522400
23328000
61326720
10133760
32886000
49896000
35094528
60963840
68428800
14097888
9408000
35220906
26276544
34369920
2481030
17547264
18051264
66339000
31888080
10769694
5176080
108847200
41580000
11551680
19353600
46170000
39513600
55351296
16077096
3192840
12733175
2998800
34621440
45976140
34685820
13512960
1435680
2065448
44837280
8424000
15480234
36236160
24054912
48328704
9759360
2702592
11354640
22394880
15876000
30474576
15138816
73483200
34898688
5151000
37179450
42383250
11672100
57097152
4527600
5234760
5598720
70862400
18270252
11604384
14520000
39216000
6844320
9891840
1492992
23587200
12022560
46228320
27651456
53084160
8760960
14556672
56512080
31207680
7334640
1330000
14307840
5443200
20160504
11625120
37128168
76793600
12673024
6282792
32508000
96399072
27187200
4901696
20956320
57960000
28576800
30412800
45360000
1809000
24675840
39123000
7948800
7946400
33785856
10486980
19779228
47952000
11439792
36815625
12038400
17764656
103514112
5450580
12687840
52254720
1167264
107452800
39059820
30294000
13899600
50638500
32412744
9576000
89740800
44283096
21704760
13132800
17107200
2679075
31553424
43027200
20832768
23941008
57946752
23956530
31783200
30067200
19114200
1749300
27941760
101682000
39536640
4736160
37592100
15314000
30492000
41395200
5146050
30788550
5864040
3864600
27497600
2408448
26956800
93477888
12672000
11160000
5929560
31933440
14565600
37464504
12402000
47867400
22941360
28736400
35721000
13747968
17176320
5680080
43110144
9646560
16074000
47876400
5299200
22579200
22534848
57471561
20466432
14025000
21395520
52116480
9505272
8273664
65318400
23933952
13953125
71744400
51254400
3487536
10281600
52179120
16223328
47520000
48222720
42014700
40291020
618120
53557200
12735000
17463600
10384875
5320000
12902400
12983040
19585800
46992960
111767040
103493376
31752000
17671500
7816608
20905408
36514800
67495680
24840060
20647680
9097088
10414170
4800432
22713600
13874112
14728500
7611240
27162540
17632000
30958200
4014144
8085825
3675672
22063104
55641600
32415552
14385600
14065920
116513280
43302600
8481600
61410960
24834348
12219900
44553600
1499904
38102400
69835392
2965248
44770320
27933822
73063296
67433520
66769920
10320800
46956000
16713312
8644500
4278560
14482800
26339040
24192000
29211840
15095808
19331136
87091200
22080000
9200250
53374464
19467000
19051200
5675670
5017950
101479392
24429832
32078592
38491200
13778100
7756800
71663616
89250
3748160
30067200
26611200
15677280
27754496
14892000
68856480
39035520
45023040
16024320
87360000
9210240
8758464
64768000
27535200
45176832
43164576
11827200
14529900
89886720
44724960
38063520
13296960
13842816
50265280
25795560
12700800
27269088
28307232
50500800
26357760
8709120
