8454264
113659200
16848000
9400320
34525440
66690000
36578304
22080000
24167808
5806944
22579200
28016640
5318784
8225280
83669760
16423680
1035180
7535640
9158400
36469440
35251200
54996480
22256640
2401200
35251200
29062800
19887120
33546240
10056852
59408384
11113200
4839156
37984800
16399152
10506240
99750560
10178784
63037440
57153600
61621560
12623520
42577920
47087040
27004320
32771200
4139520
116424000
50341824
24192000
50274000
14520000
17645600
21120000
1987200
36973696
65435040
19440000
79965468
37352448
42253200
6190470
8347248
15841280
23639040
30846000
11340000
9225216
22538880
13231350
22978560
5597280
9253440
1552320
74995200
17875200
2933280
22070400
27760320
13285272
57620160
10497600
132168960
4292352
37195200
22179840
52024896
26433540
21358080
78533280
14478912
27138020
14666400
14976000
9884160
17081400
19846944
127872000
21500640
37914624
23772672
29167776
26082000
10625472
4814964
66528000
58544640
29440800
47952000
7074816
18884980
80233200
38808000
28641600
67193280
22710240
17325000
5678400
72864000
37131264
5564700
15966720
14926464
27941760
57480192
9929920
13471920
48588400
2737152
77449890
6351048
42061896
18094080
16978500
15951600
168030720
66044160
12612096
94243968
43089000
14851008
201973824
32457600
14904000
3389940
77976000
24586240
9554400
83865600
27211392
9553320
20810790
27993600
22579200
14187264
65318400
35766000
19918080
7969500
13412672
19958400
13125000
20120400
32788800
24131520
18975744
27262144
34013952
21228480
83825280
5969920
7583730
25401600
17036800
22632000
9120000
50803200
86698500
38548224
7104672
8881740
41184000
7056000
4586400
59875200
99120000
5847552
12096000
37353744
38750400
19289340
45867360
15095808
28705725
22106880
89241600
30882384
12531750
80015040
105425376
3847168
15482880
12337920
37296000
33853440
4873440
13294680
81496800
3054645
40384680
19160064
10178784
34080480
53071200
8208000
76170240
11612160
97796160
61479000
19559232
24596880
74299680
17802400
23286240
6177600
487200
41351904
111196800
31268160
36673560
13381200
14284998
17010240
15575040
20120100
30756000
6797280
5995836
5292864
29196288
22044960
38556000
202798080
12070080
7639680
26417664
7800000
50077440
28473120
33106080
115830000
19465272
15782400
7630920
46545408
18480000
9396000
73426080
6220800
48478500
83232768
31122000
2280096
49945896
23548536
53544960
22164480
19075700
24875640
17315100
59904000
5443200
22848000
25212096
10325952
8748000
27540000
75075840
15422400
12936000
51932160
27060480
8120000
51891840
13591512
9518768
26827200
7862400
19482624
7689600
84395520
40212480
7541856
3386880
114685740
14215500
65048400
20180160
18454800
13638240
19800000
14385672
7957872
12289536
5293800
31076892
1651300
40255488
1738880
24490620
14307840
17769472
7768320
14361600
73273728
16291440
53222400
30159360
37209375
102144000
45995040
4720560
29568000
32256000
73710000
3729600
14676480
1817640
29196288
3870720
60984000
46158336
37800000
43135470
7144200
7381500
7175168
5261760
2880160
41572440
54867456
36288000
31248000
12312000
11548845
50694660
47523840
6049960
38543400
33073920
4250880
66798270
6540534
10740600
1814400
38543400
154224000
15769728
37897200
55724760
71075400
32506110
11773440
11040000
9190800
8546200
10805760
120960000
51874020
38833200
25768600
6751800
9203040
3342820
35164800
78375168
35043840
12816000
12326160
18627840
119854080
28788480
56448000
77549040
20905920
2245320
69465060
134664192
113954400
2436672
1687392
9996480
84913920
30324672
33973830
39018672
13032936
102714480
15996960
25777440
26046720
32259150
12348000
23224320
5632200
21732480
12423600
27216000
8239104
9622800
36566640
22102920
23444736
65223900
35078400
17346560
39004416
9069840
48263040
26528040
25025280
88120032
12359424
15138648
56609280
41035072
25872000
17871840
3834075
40622400
17031600
56899584
79902720
7271775
18321660
8588160
47331648
30644880
64696320
15966720
56107800
479200
56715120
57309120
4561920
38482560
15321600
37521792
29548800
45360000
4435060
86031000
58544640
7746480
64120896
23063040
38188800
7039872
29030400
8421336
10173600
35354880
21683200
39473280
15859200
34836480
16930368
26880000
2591550
7022400
48988800
30602880
4499712
26707968
36887400
23301696
24470208
71165952
8293824
9900000
175024080
22783145
59222016
57736800
77760000
19656000
60561600
73923840
15621120
3605472
62496000
24463296
33475680
6820464
15975630
15482880
13970880
34992000
9314676
3429216
24883200
6202656
19440000
19520280
43948800
7096896
39560400
8255520
18446400
79971840
12517120
13948200
10182348
5965848
21555072
48107520
2148120
8248320
60147360
20109600
13870080
63617400
32016600
23063040
46080000
24174612
12447600
55883520
4336335
21095424
35078400
3525120
12901680
20001340
69248520
5723136
6837740
12967500
11950848
4401600
66355200
9349500
50324736
13662000
4258800
37208160
78936000
25219500
24451200
18915120
39741240
18345600
11232000
97070400
2899404
2342010
15100800
16381440
50544000
17472000
4522950
29264040
10812732
69937560
10838016
39366000
37422000
9108000
40120000
8356608
18849600
17834432
9393300
8509536
10683684
8405856
1884960
1028160
62299776
5712000
10229760
23621136
59616000
101209500
10958976
23777280
14421120
5773680
35046000
19906560
18722880
8660520
8107776
129351600
13229568
5640192
7028736
40415760
30190860
13311000
82252800
2499840
15138816
59875200
27515436
36700160
59167500
19085814
27585096
46080000
6635520
30732750
10886400
65792250
96526080
5035950
22813056
26462700
26227152
9483264
15238080
81077760
27989280
7575480
7111104
64350720
36113220
11132100
6775860
13056120
25334400
84522060
51682176
98280000
20300896
48558510
20945088
15974400
14080000
3079296
28962648
9371248
2325600
30044000
65910240
78975000
18859392
10134720
4145920
25147584
8139285
19071000
47151104
52553088
13508352
13063680
25150500
43848000
41513472
29767500
31159296
24330240
13788224
97528320
27289080
13184640
34020000
18137088
31847040
32387040
9428400
47246976
33546240
31492800
7058940
23085000
19051200
146880000
44630352
22767360
30763980
31352832
119367690
16088160
29272320
2881008
152371200
64512000
20430900
14316120
39626496
20030976
22220800
25578000
40885760
65691360
5385600
13688640
41664000
30006180
29226560
45330480
2457000
13824000
61691520
21168000
7769520
36576000
12587400
37249920
6735960
26577600
41214528
28123200
27167400
47810560
36363600
64070688
30919680
3802176
7495488
68047056
16766640
42875712
46548480
20088000
50731200
45556992
9795240
7729344
41859180
27216000
4856400
12925440
14463360
48128904
31912704
44210880
64864800
24012450
49920000
2134440
32256000
24720696
9796864
20379600
6301540
20433600
13515840
6741792
26671680
12387200
16446240
3166650
12909120
23250240
83970432
27396096
5612544
6658560
53550420
17581536
8539440
23265792
32678400
22586200
22314600
113454432
22488960
20484960
20482000
42052608
4560192
23748480
20901888
13483584
44752365
19077120
21679488
29199744
65772000
35280000
22244040
27585360
23535616
20907840
13910400
45617000
19160064
10886400
16039296
8208000
35683200
4898880
33011712
75866112
26231040
45056256
61949580
55135080
21307968
37969920
8308000
72485280
79678080
23647680
111041280
2918916
12277440
30481920
39070080
35773920
11941380
29772050
2937760
18900480
9797760
8739360
16389450
59404800
97843200
79971840
21682080
37376640
51051000
15146880
32366592
34162128
104033664
26397280
12426960
9757440
8515584
4803414
23304672
6829920
51904512
36003200
32457600
25204032
38949120
103252800
35831808
6441120
46902240
6237000
26355120
17686188
45619200
9963360
18345600
13230000
9318400
22892544
26456794
1403136
17418240
20498940
25038720
4354560
3457440
22967280
51737400
15523200
21047040
30456384
1268460
8363520
12332736
13392000
25293800
1555840
8515584
30572612
8835750
10121760
112322700
7348320
112497840
19008000
36091440
40680640
2894940
38335680
41472000
18850104
33094656
25804800
39517632
70270200
8524425
22172640
14722560
4555278
8106000
41094144
8164800
43182720
56558250
3680000
6151680
1624500
32048136
22766400
18711000
17548080
76204800
11692800
111597408
28009800
27635520
8008956
59616000
34792272
13053600
145411200
30407832
29913600
98280000
21504000
43748640
42840000
8648640
4160000
56337120
28047600
72072000
1360800
7069824
1250304
40642560
17740800
13384000
62791200
59540800
5225220
12008304
41658624
22717440
12026880
35985600
18615744
65505024
22407840
7338240
44167680
3220308
49245000
18662400
37158912
24696000
14280000
10472748
30792960
107352000
28603512
4812990
38071296
3457440
25920000
5041764
94556160
88905600
24001824
12117600
20519568
11999988
50769180
4609920
6531840
17951040
58705920
2906112
125706000
20790000
31755240
14218800
30309408
42888960
14496768
17418240
22206250
40428000
54001350
56558250
27706536
102410000
25344000
35380800
37425024
44064000
4283136
17374500
7248528
26086500
75479040
17992800
23224320
26769600
9849600
50644440
11321200
26726400
2409264
28109345
14605500
44712000
2239640
132088320
55641600
31119552
148351500
30769200
25491312
14598144
27941760
33457347
9058896
4501200
13904352
4784832
45527040
79437600
7400160
28546560
11521440
21288960
23795200
41510400
7793280
11046816
9963000
17577000
19227780
311766
19535040
41621580
50803200
20448000
87946560
25338096
7584192
7539840
23115750
14108640
111974400
5120010
10955616
6716160
6575310
44811360
10377288
23664960
13063680
23837400
25617312
47698560
23761920
42981120
41025600
28684800
15884000
32659200
46267200
13622400
32221800
4112640
42806400
50803200
29047200
3495492
28567000
7362360
48660480
30602880
25920000
174182400
10424128
22902264
10464300
9234000
2354400
5987520
70092000
10392624
37635840
37512540
5940480
50544000
20431080
16728000
10377684
58677696
72140544
59969970
4477968
11823840
28024320
31051440
107661636
5385600
50918400
23938200
25336800
43736000
9028800
44064000
3522855
60996000
14337400
15163200
1974000
10512000
27181770
9273600
22761648
13564800
8294400
66096000
4664320
78216192
21924000
35392000
32845824
9585664
2620800
62758800
20913984
21012480
23464080
4791600
80805600
36771840
33668544
8268480
24114672
35434240
21049600
63033600
44579808
26470800
23575860
30780000
5697720
3864780
26339040
37297260
91520000
119037600
11880756
23765400
14897010
7711200
8479800
73297440
48254976
30896280
32659200
26718720
67584000
14244300
26244000
12192768
10838016
14463360
79922700
110314750
1404480
45914112
16588800
45399744
15943200
4471200
1488960
18997264
4838400
51425280
4905900
23868000
15915200
74409984
15408792
36771840
29681652
36699264
24958720
55738368
3035760
18918144
47338200
43545600
15523200
2620020
52509870
54331200
19206720
5953500
12247040
23520000
15113952
12441600
26695200
10546200
20217600
24410640
13020672
12165120
32820480
26815536
11169792
28753920
31933440
22581504
29227500
14478912
35471520
53267200
53498880
60555600
931840
27202560
25694592
18012456
22643712
48024900
11642400
27923350
15593760
60944400
17989128
5510700
120147300
62705664
118752480
14528640
41224680
73872000
12065760
39793680
1913568
32760000
82494720
43794432
24766560
38586240
26006400
12974740
20846280
14807520
16588800
37812775
22377600
9210240
4278744
5381332
23760000
111477600
18040320
49227360
49677264
53202240
9253440
71126400
2182950
42481530
6943860
23016448
54512640
19602000
65049600
24830064
5896800
4365900
23604672
62899200
7408800
34859160
20321280
6277824
22937985
44467500
32154192
646470
27068580
64491840
5935104
34862400
48988800
19310720
52699500
31222800
20470320
10533600
36333990
17061408
32459100
16470000
7729344
5505024
8755500
2492160
44462208
36225000
75486240
27485136
105026064
18748800
38223360
4084080
43130880
18289152
52852800
9143280
42476400
23046660
13628160
4505850
20020000
16869083
63597000
8550000
5524848
21800448
20183040
33196800
11501568
14071750
9438000
42474432
14170464
14556672
10053120
21044672
14486850
39519900
10483200
12678400
42631680
2903040
24766560
12884508
50348100
3181360
44499840
3891000
8246700
4945920
5130000
4451760
19595520
8640000
23413600
4693950
7250040
2201472
1524096
83941920
133778304
13440000
3729600
19611072
10303200
31953285
45803520
13108480
13201920
32788800
18532800
115568640
14112000
12096000
28894320
23623488
5233200
18144000
44098560
17781120
57784320
17454080
2177280
30792960
57102624
6566400
52920000
84132000
36023000
46702656
48273408
55987200
12677280
39817008
29597400
7986888
5647320
17971200
29061120
29929095
48372480
9260160
36214200
4056000
14280000
26754300
72576000
3296160
54722304
56284800
19020960
49969800
27086400
23864544
22631400
13056000
5869305
14784000
7241850
6800640
10368000
62131536
42237720
1038096
80102400
11980800
10708096
23614745
14393376
3616704
22288140
49052640
29313900
42827400
53523450
15104256
7992270
32685120
16588800
42582078
60963840
19305000
28385280
10664640
58464000
20697600
9179280
68256000
1785600
54540000
22102080
13095936
9386160
126126000
80304000
16848000
15466464
12152160
10454400
9253440
28892160
5066208
17820000
64887264
574560
13667840
15328440
14100480
26231040
40748400
18944640
10769320
30844800
12451548
26234208
9820800
18248328
17940000
16459200
6216688
108475200
4105728
5122656
8375910
38427480
53084160
57865104
59976000
14551200
12718134
35562240
241200
7413120
49266048
24354432
63379260
36867600
12612096
55862352
46694592
26260080
18328320
30820608
36578304
32411340
8532786
2676240
14031360
26054784
13226976
38984400
30391200
93312000
13684320
75333888
14284512
90221040
30965760
9752400
41801760
62539776
12165120
36529920
28976640
72696960
17103744
43095360
8481600
59500980
110419200
53621568
55440000
8618400
13547520
23023098
29551500
16623360
35176960
26188800
7299072
21972060
288900
36636600
30975360
20148480
18692960
16473600
11101440
10018432
43623360
19464300
17962560
26542080
42697200
31223808
63986325
426300
7776000
20000115
13977600
35721000
54684000
5391360
29568000
40019904
11412576
2101120
14244912
30449664
21143808
20115480
52134192
71710272
47401200
41472000
12529440
77048496
19048260
62640000
5999616
46434960
35784000
16358400
9774080
10151694
67818240
6693960
77976000
1166880
11543400
65664000
6307200
36514800
9277416
18345600
30857112
19739520
8663040
3440125
18480960
33196800
17463600
17035095
17734080
13512744
6435450
108822528
49227360
37758084
49766400
14570010
46884096
10975680
8087040
48470400
18817920
2718900
6735960
3039645
26810784
58060800
8241912
8709120
98703360
53831232
74088000
64627200
13124160
54810000
15624000
20415072
20736000
26136000
8201424
5544000
14941080
6403200
8534400
10137600
28531360
60496128
16695000
18617856
29859840
27992250
41839336
5832000
12230400
2402400
24725250
4856400
13899600
4147200
18420480
17568000
86819040
32545800
2829888
18816000
64800000
5644800
64022400
51508224
37156320
15575040
15135120
15895440
23284800
11508480
63080640
28053000
38102400
3861000
129024000
46104960
3801600
4752000
52246656
6967296
30924880
40320000
61596000
37021536
19315800
5762880
25639740
9588000
6860700
18361728
50038560
9486720
27593100
27648000
15259200
19949160
6034176
38474240
5203440
53602560
2096640
27688320
17064432
9672600
32659200
16952040
45790272
49094100
23996280
28924896
37324800
734400
34660800
8112832
5248800
152064000
17877024
9208080
6629040
5311575
19443600
88058880
42430080
14183424
28152000
82188288
149768640
38016000
99792000
75571200
45585288
51932160
26486460
31981320
800352
43948008
3744000
22480416
22256800
71909376
5082000
119119000
51114240
8951040
36869175
8925696
28908576
35913600
15752528
43263360
31104000
56460096
28828800
59719680
56733696
2482578
2327600
39967200
72420480
23876160
4026282
25194240
22861440
17680320
57456000
16896000
22320000
4173120
15522240
16074000
16692480
4942080
23232000
65007360
54991872
6783744
23297040
81430272
17808000
8316000
58222080
17059416
15822720
85542912
11202048
59374458
21162960
93830400
6064800
50284080
52848180
98064000
61387200
10717650
45608832
42549408
16367616
24596880
18066240
37422000
25648920
45045504
4954404
1152000
26676000
111365632
18561312
35640000
16588152
110315520
39249000
13329792
9703680
39728388
18506880
17010000
8024832
27477780
59097776
36741600
26225566
34467840
86151800
14463360
43754256
25788672
10954440
17690400
13305600
70488000
10510080
29973888
37822464
3808350
42638400
8731800
13809600
35164044
4775760
52039680
33683040
64696320
11465064
33868800
51744000
5436288
7027200
43672608
83011500
33376032
19094400
21908880
38484600
1587783
22328055
5443200
18081792
21111552
87885000
19046664
2576640
34128864
50948352
55157760
56770560
25502400
117810000
17567550
53902800
3250368
26469261
5346000
5928000
12117600
7790328
7862400
49364640
7185024
30679680
27349056
36432000
23081760
32348160
32788800
80638800
90731520
9547920
2879280
54600192
40981248
27764928
4166400
26836992
11022480
89886720
44271360
7326144
29937600
7931520
13288220
24804156
29528064
33242400
4212000
5617920
30888000
19308960
18775800
19815840
18824454
76377600
22072500
41510448
13213200
2525446
16301250
72938880
33652800
4168164
8805888
61867008
24551424
21434280
1954368
9343620
33635250
59283840
56095200
9797760
99435600
32640000
40089600
54190080
16826400
17902080
9860544
29469825
24330240
4590432
34802460
28892160
40458600
2937060
2459808
13046400
38012832
11446400
32011200
2195424
20638800
45622500
35683200
1065600
59097600
84680640
20966400
54432000
43195680
9824976
8143380
25855200
7862400
8962272
29406600
31701600
17860608
3387370
11084850
61871040
21733920
6899200
15158016
9447840
29509920
27708912
18923360
12723480
71235360
16132368
158505984
19568640
8760960
62689536
56782080
10701900
2656290
10035900
48482300
39886000
3414600
26830720
9535680
163215360
100712400
51949800
10234224
38167200
33214464
6785856
15785280
13498056
2125440
24385536
23053360
43769520
25966080
5495040
9997020
28079520
19651456
91445760
33454080
57853440
67748400
11275200
1383480
52215840
23869440
19958400
31610880
22740750
5120640
5173740
25320960
29652000
17796240
82114560
39536640
4376680
17673876
97618752
26156520
65726640
49094100
16511040
15206400
45964800
19209960
65954700
6823700
35389640
12344832
113356800
60147360
9093120
35496000
42912000
18627840
35896320
128450560
30676800
18079488
24517080
43309728
36432000
24624000
31679232
10003500
21266388
25647300
16926720
4644864
21669120
24304800
159989760
1185000
36800000
14832720
25489800
8128512
7775712
17061408
11246466
26907876
1870200
32291784
21772800
24806250
13880160
56167587
31691088
75264000
14112000
54846720
7858620
38012100
55935360
43069824
41508288
6756480
25210080
18095616
9227520
4390848
20666880
55520640
40194000
10478160
30727200
59724000
3464208
14049280
30165696
12495000
6363630
28828800
19550160
11491200
12337920
83966400
50813280
39160800
10172988
86430240
5867190
8824893
20096448
22572000
52483200
649440
30834720
63466200
8013600
31635000
33592320
65372160
23226588
784080
33323400
31100160
100761408
33847632
22900320
15843360
65862720
14028840
44928000
15590400
11272800
30998016
153897600
31672186
21732480
15333120
30047160
72576000
37518000
24160500
77798880
6363630
47980800
19154520
53676000
53555775
33230736
9987840
26535600
16964640
70761600
39626496
79320060
14370048
87594840
42577920
14323680
37422000
7626960
32278848
21610800
56095200
83980800
3090000
62210400
30652188
8537760
30232440
23023440
81285120
29338848
47393280
2762496
17887392
17962560
43056000
14322000
50112000
36391680
47449800
16239744
24948000
66044160
6534144
30391200
47441100
21703500
46569600
10089000
45288000
37914624
47049600
1584960
2086656
12701472
3334500
79632000
21772800
9525600
25366176
45267750
4242240
11778760
55598400
7484400
23587200
2773584
59993640
40360320
29487024
66240000
16524000
54331200
10372320
26006400
3262500
39168000
29092800
27388800
95438952
6250860
22624000
27760320
5575680
3244800
21528000
51717120
1351698
3175200
66895272
37933056
4665600
15422400
33652800
16416000
28993536
18360000
14122350
67392000
17055360
3188160
11007360
17669520
11809800
10365120
12057876
19259856
19921440
65802240
25855200
4515840
17926272
71442000
66150000
30709800
48921600
74594304
38211264
78382080
5610384
33538050
40986000
26963280
212760240
5140800
14270256
34818560
32744448
43182720
5456880
2257920
2889216
24572160
25090560
15206400
18506880
2956824
16063200
13024000
29238300
5443200
15939000
52050600
9455160
2155200
18232704
17428320
11052288
51369120
4937760
24188220
50349600
71221248
12423600
53374464
125215200
14327280
62653500
18114180
48199536
84000000
88749000
24726600
28560840
35834400
30222720
11700000
29559120
115568640
30164400
37727208
33736500
1935360
39916800
30656880
10206000
25090560
81021600
12927600
9198684
10834560
20993280
53361000
20866560
20200320
45534720
16329600
11979000
11907000
13013400
33817392
5733000
60963840
5483520
121296000
9945600
12295800
7954848
31049040
11119680
1379840
47980800
9335088
24615360
20315640
47416320
52832472
41289600
15621606
49480200
25801380
14466816
13335840
2327424
38253600
734400
69768000
10134720
7787340
22619520
26942760
23398760
17010000
57503520
20048448
48384000
11388600
68276250
9896040
48423564
1895400
55427328
19172538
15534720
24624000
35026992
36132480
64193472
23702976
30825984
9482760
81400680
2550240
39171280
28709100
59169600
47029248
44092560
97574400
82414080
5624640
23201640
57153600
20953296
166050000
76619088
49076280
578640
14004900
50159616
12480000
5132160
86999040
40979520
14929920
20280000
4782240
19095552
1905120
16934400
11700000
10672128
21621600
45287424
96307200
4761288
1221660
18016992
70560000
21007350
2903040
23478840
1576800
20820240
9879408
7392000
36741600
35212320
16353792
33169500
11088576
9689680
13028400
52390800
15874056
4656960
39841200
78910200
6633360
11573280
3991680
9408000
98507520
48356000
11955600
42214500
16306080
9828864
29141280
16385040
13464000
46061568
26127360
113836800
13543200
25565760
6994944
11456640
21503232
4224000
61621560
24914304
24261120
41912640
4443075
30852360
24012000
12512880
15033984
55630080
23449500
14495760
23490000
49140000
91808640
3833088
38546820
57934800
9269568
43433280
33073920
4848000
8012970
15084160
24822000
84268800
27151488
16460640
39997440
27628128
22424850
14820000
92584800
16964640
14515200
41783364
67914000
9028200
6792192
38525760
11346048
37939200
14515200
25444800
4265880
8854272
58282000
11950848
58060800
61205760
1665216
51746688
10015488
24418800
12643680
75119616
38001600
8424000
77932800
45619200
21954240
26529120
19676800
50568000
52161120
13471920
19245600
39626496
103393584
18612258
7838400
11718000
7975968
4453056
41057280
1572480
36855000
20106240
55540800
47443968
15422400
9457560
9823000
24216192
2049300
112202160
4179924
15863040
63010080
16733880
31987200
9172800
13926400
19520325
4918320
65992320
7078050
16683726
10755360
76335336
10820160
40248000
32470620
121347072
29256675
27869184
9070880
6838920
95293440
63550080
14031360
36418200
34534500
10997560
51010560
3037320
8306688
9797760
6462720
34285680
18749232
10687500
33030144
945945
15484560
51277824
16574544
32514048
42120000
3104640
37946880
15879360
38419200
5025888
80808192
6716736
45045504
17901312
31104000
39690000
15926400
26416368
5366400
5227200
7255872
46781280
1795500
5207328
73827600
7166985
8398080
71879080
76230000
93150000
8801520
109056000
10223520
20321280
36325800
803790
20034000
1677312
23846400
3927825
22256388
53222400
2863455
81948672
17031168
22778976
43114500
9385200
48598200
16182585
9830400
42997500
6216760
35649504
40924800
115021620
16038000
26535600
5117580
11450160
22968000
15911280
10160640
70860960
34856640
11424840
45864000
7711200
32182920
13300560
168867840
19630512
3868128
47604480
36345456
97837740
75139680
26019840
6955200
54587520
12929280
15396480
41932800
32457600
15579648
10967040
32659200
13104000
34277760
6697600
15105000
21373352
24317440
5330664
11038356
3204864
10229760
62324028
32532192
18900000
5400000
49533120
91819008
3166776
3332340
6499584
31302720
50893920
59573664
11846142
97713000
20182400
27000000
26859510
13952640
6780672
9538560
63011520
61689600
46371360
2450016
9983250
13543200
117780480
86589360
80831520
13625920
28828800
79377060
20349000
33384960
69341184
10850112
17050176
30808800
20718720
37739520
55977600
2613600
78764400
38576736
12640320
38997504
30579120
46599168
16012800
6547968
17248000
3652000
58794624
37933056
23339448
10342800
5425110
45314640
13367508
16982784
65318400
36391680
19455810
15851520
68140800
24765312
36049860
111628800
25256448
8140800
25401600
91929600
63431424
9996000
1792000
4988928
3855600
20365380
13089024
33445440
54276768
20102250
23887872
7882560
14824215
24235200
14308000
11814660
16863252
41532480
37970240
10128888
41580000
15800400
13436928
12718080
12230400
16410240
23224320
45360000
9081072
27824160
20894720
17915040
38501850
6501600
13012560
23079168
17917200
10713600
9515520
20013840
113724000
35494470
18695430
44111760
17915040
18093168
25667928
26329680
113922900
5757696
62596800
26258544
5795328
22717440
7456512
21986712
9800000
23361600
12914440
45021600
8414340
19404000
35033600
97461000
17107200
1819584
21506400
13537920
24069150
3115200
75675600
21569328
53913600
5616000
95993856
13775000
14882400
70912800
21745152
937750
56197120
59149440
18683136
41658624
19953648
35942400
18584280
7601040
20837250
19932048
21417984
38083584
6720000
32617728
57571800
9172800
69837768
27896400
80044200
35610624
53154816
3447360
22892544
22080600
24591600
45303300
49199360
16054272
54788400
6697600
33747840
17973504
48384000
41368320
13335840
10333440
80831520
3381980
24442560
25284096
9440550
77112000
34372800
7267392
24192000
4808160
29620800
20003760
31298400
14478912
4524520
30240000
22830080
15028000
46305280
78575616
24418800
19150560
3114111
4322640
41079150
15769728
79453440
21235500
13349700
35645400
16334280
41361408
97905024
8845200
12052800
27349056
13176240
38567880
27951000
4292352
29370600
34214400
27538000
121305600
53865000
6558720
14212800
23284800
34705440
56637000
10219440
19197000
31468500
20145510
7027020
23284800
29850080
39916800
11874240
4283604
46781280
38682000
94382820
15276800
14408856
11817900
48944000
9108000
16840005
21097440
100414080
13970880
87091200
20217600
14127680
2830464
25613280
9031680
54096000
9483264
49674240
26127360
4425200
24732000
5698740
5322660
16605000
31606080
4081428
34807050
11430720
11108160
3850340
29484000
32433600
139708800
13400640
107775360
66297840
29416725
44100000
4160000
25401600
22356000
19219200
10181589
9344160
18971136
3284400
42065760
62899200
17596656
20638800
42298880
47455200
14931600
16114450
84015360
2956800
16988400
15579648
37346400
23284800
29638224
43585008
68752080
25194000
8092170
51321600
33558000
15076500
9906624
31416000
7392000
7063056
65145600
28191744
17946720
38223900
79360512
18681408
24320000
44352000
37815120
2010624
114048000
44282700
3390660
39897000
24127950
20100528
2858493
3960000
32076000
5524848
50371200
24514560
7654080
16743168
13413600
12022020
27878400
84520800
3820275
50796720
28089600
9525600
6912675
125971200
116183208
45077760
116424000
22663200
94428576
8536320
16524000
13348060
33048000
7153728
30420000
71351280
24913900
41210400
12550272
11067840
26479440
2072000
4515840
80694900
9233280
45045504
23823800
19438800
10530000
68846976
37601280
15531264
2880000
65640960
46472832
23951970
11025000
10255896
42215904
1161216
85695120
12723480
5765760
10285704
23351328
26226200
21089088
39312000
54863424
1539648
4687200
17979192
9426780
1473780
21674709
55503360
14958720
47309184
19341696
22506784
90478080
12587400
33696000
122563584
24893568
12525920
3643200
14517225
112492800
32805000
33145200
10524800
33718272
5054700
23514624
84268800
34145280
41040000
17902500
12836040
12431232
10069696
36741600
1429834
18123264
4312440
36720000
10075104
12441600
11193000
51105600
2172625
12672000
17040240
45246600
15904350
55146000
102384000
8235360
15668640
24254208
21288960
6209280
18533655
33685632
66889152
15874500
9082368
44672640
26199936
5515776
39470976
16968000
11563398
56540736
27770400
36292128
20416320
47803392
11543400
24948000
19368720
70479360
5896800
19976320
16842816
13939200
93716480
21438252
8087040
44004870
11294304
50976000
32773200
11911860
6128640
16279200
18243768
28562688
46000710
4680000
5664000
38261440
31058240
29037960
52254720
21924000
49766400
2888340
12026880
6156486
22746240
35223552
27841968
58262400
4558050
4895616
58609000
53706240
18821880
396000
46510200
89136684
10243584
11866176
6492528
54950400
8452080
14387100
12534912
4049280
5463612
18295200
15958800
12129600
18336780
6420960
8960000
27244800
117514800
45360000
12519360
27713664
13131720
15104544
21677040
39908160
13208832
59222016
8626800
11664000
53887680
37340160
44513280
29988000
40783680
24641820
31351320
33445440
22770000
41641600
14515200
96808320
26732160
16228800
86400000
34867584
27627600
22181040
2021184
13340700
6371400
13565760
4750200
58449600
23373504
16863500
22829040
23573550
57816000
8760960
45957120
3169530
12180672
35469720
13154400
75569760
19265040
51072000
16934400
1530144
816480
2145644
28788480
30391200
6095232
94089600
7734144
23030784
14073280
11124864
1656000
22894920
3916080
5569200
92192256
14152320
16074240
1256112
41907840
83478780
16262400
20196000
19367040
20790000
4138200
23976000
29719872
45951300
29804544
4548250
9965880
40326720
86590350
40721940
5537280
22869000
5963776
24181794
25225200
51870000
48576000
9535680
10483200
20656944
6634620
9028800
13246800
23337600
3211488
7936992
2358720
27760320
18144000
9592128
37306368
9077184
2566200
19810000
32332608
10584000
34214400
20267520
36115200
53089344
127129860
19038520
14137200
33633600
45427200
18579456
45835776
26658720
16495752
32259150
103713792
21101850
45438960
154791000
31483080
31671000
29656704
3382560
25697880
12418560
63825216
4822740
13824000
68428800
33088230
22269520
3460600
32397300
6168960
2213232
25855200
17088192
17962560
37217664
5439216
39311796
12055680
87946560
31542280
8971200
24675840
32767200
30663360
13789440
183153600
18727200
32078592
10841688
13278720
22952160
1125432
66355200
28600320
9281160
20917350
38247552
81285120
62415360
27043632
3916080
5977800
9933840
73710000
3336000
34467840
78394140
45208800
7063254
38737440
32997888
52852800
25127424
16552800
37906880
24710400
40144752
16084656
7581600
43451100
56341824
12486960
3528360
11404800
75264000
6751800
11012040
31752000
48783708
22253280
54867456
13365000
198871200
8707500
18673200
35997696
11642400
12700800
40525056
4590432
921600
6237000
54743040
148711680
2246400
18779904
23311860
4602944
15498000
24675840
11681280
51321600
26127360
1405050
2799360
64964592
56160000
31433600
22279374
23794650
7491120
15777216
16329600
29376000
31449600
99099000
7776000
23383824
3110400
95511780
7412775
14414400
5285280
12960000
37592100
15681600
68705280
55216280
25361280
31951920
36324288
14541120
3960000
12315072
16563690
40324032
6480000
23051952
24397590
33264000
7505190
10130400
38016000
6379740
10847520
4338000
18869760
45803520
24883200
73368576
4644864
14370048
32762880
9783585
22096800
162703800
49944960
2216160
48771072
36472590
72811200
44327808
9186912
18009600
4987968
18466560
12300750
18044208
44730840
46750900
22913280
12663000
20297728
25436160
19243008
10718064
50220000
52690176
18063360
72316800
16426800
31101840
25592112
9207744
101710080
4200768
17322864
5854464
17521920
5810112
79742880
2673580
23822400
96358500
30799872
15833664
18251520
5778432
7979400
17002720
34429824
82824192
14904000
29652480
80073000
2729376
16052400
34780032
14008320
81648000
75524400
61028352
21669120
5880000
3159000
16485120
8847360
25385724
8382528
26127360
2280960
69400800
21924560
34557600
36495360
4590432
19049100
26091520
21875832
5157360
13932000
2772000
17941392
27449856
22324500
68040000
118752480
5572035
36009792
52918272
14407200
5239080
5150145
58148064
42159150
39567360
11309760
1004400
5775840
51891840
37800000
18522112
9259432
36548820
17062500
23535200
33516000
26991360
11075568
31016160
18345600
12055680
61469280
44321040
90671616
30233088
41277600
8208000
14256000
42393168
116964000
6048000
18727920
13063680
15811488
43156800
10709160
90810720
3585792
99090432
9147600
32348160
6402240
6466910
12579840
24123000
16191600
33965568
81103680
17884800
68584320
7188480
29647296
43890000
5617500
60501168
62599680
31334400
2142000
97297200
16562880
17357824
7017840
54639360
16231320
26991360
30844800
17435520
26105625
31579200
5702400
46513152
4365900
39191040
42384060
34924032
37973000
25482240
3602550
50832600
46777500
81139968
75169920
50893920
33981120
87816960
129392640
86224320
1482570
103680000
20516688
25660800
15893640
12554136
41067000
19051200
15979392
11793600
10537280
21542976
41545728
16493400
21187440
42057792
35838720
29352960
27675648
22027950
10776150
36696600
9106020
113400000
24315780
10264320
22919400
14137200
68001600
65542400
10475400
79672320
44756712
8275008
18800640
47174400
20563200
15459444
25612800
21405384
1535040
27095040
53149824
5616000
47552400
24931800
25660800
2673000
46154880
2177280
30689280
31977000
4788000
47953620
3701376
8043840
60857433
6854250
74314240
15724800
113691600
20248704
23390240
1801800
7022400
28690200
27722352
4191840
39916800
17879400
132969600
48313200
8317440
21657720
88252416
36004608
106920000
10596960
33930000
14968800
23385600
12927600
37061700
45994296
29566080
63224400
48929400
10155600
9763200
22510440
53654400
104011776
36855000
23166000
54093312
3917160
34504704
13573980
69302880
10331136
35054208
26730000
37026000
43428000
36978624
224595
18148914
19897920
19094400
35380800
83431920
27498240
17052120
17539200
17463600
12600000
19224000
30347856
31298400
40729920
47413800
57907200
11197440
3369600
28526256
13184100
21962160
62370000
16621200
59786160
41817600
29559600
33464448
67353000
34145280
32447142
32727240
21373440
5286120
20779920
13113800
14556672
125271300
3430890
17418240
1531530
97763328
7114800
39790080
3870720
12274416
30523392
10672128
9950850
4596480
1162304
26493600
1814400
23247000
30413880
31920000
27433728
19192320
18427992
18895680
8404800
111974400
72576000
4082400
33228800
7637760
18903456
8040960
49865760
130014720
10158720
14941080
57139200
19200000
3417600
12383280
22511808
4656960
117936000
25530120
56457216
40435200
8532810
6365376
16395840
20260800
3411072
23390640
55413120
105840000
24938550
6652800
34579629
4523904
35550900
22476528
31072896
3764475
42205184
26824446
6842394
15240960
5412825
7389144
73180800
119508480
58004160
13547520
13770000
51321600
23616000
25704000
19111680
164551296
53155200
38235600
4131432
9402624
41839434
16842168
4022784
134784000
83398000
23587200
8820000
72000000
11438000
22896000
13477464
27081600
95835392
57139200
34450920
22317120
8637552
42900480
25395552
21254400
7142400
6929604
31434480
26054400
17100720
8112000
36115200
9172800
13582800
17107200
10233600
20157984
53827200
82736640
38031840
9257472
29529360
49640000
8274240
80942400
133031808
25981560
70763220
61576704
28939680
17203200
31931504
28414820
21674520
19051200
77922000
27662310
58500000
55296000
14159040
57542400
69180480
42646500
21586176
44553600
55520640
13948200
49610880
19206720
29989440
60514560
15240960
9996756
20677000
21566336
38410416
24494400
66189312
126360000
21271488
8611200
75370176
15120000
23721984
36324288
27902232
23891112
27785835
30360000
18164736
20277180
39412800
16683520
17915520
34564320
24624000
23436000
53251200
60808320
21366450
62355744
10022400
36220800
29514240
31026240
8294400
16821840
11531520
17943552
92016000
11418624
2904660
60328800
85876200
30164400
21415680
16814070
14035200
23652864
79422336
18954000
12983040
1421010
20966400
79704000
12499200
24748416
7414176
37017600
16964640
40656384
18152904
10130400
107136000
3106950
34167420
79653024
25589760
18712512
8328096
32501088
39595392
8631600
17542980
23224320
6604416
98841600
21732480
7197960
24984288
42565824
17039360
25974000
31153248
7063056
13720320
29398875
10585080
36480000
25552800
756000
3081420
1519479
40245660
47174400
32432400
38864448
17350200
19616800
53913600
18444000
21610800
136461312
6451596
50349600
51321600
44823240
18040320
24272820
11404800
11491200
48276000
28641600
7295508
1599696
42336000
46811520
61519872
31135104
2361645
74511360
6879600
60585408
22311936
61992000
30216480
139534200
19646550
12540000
41285790
26790912
8100000
21911472
18295200
56424960
97542144
56960640
23595264
43200000
47589120
40818764
54120960
7257600
10075968
18162144
7783776
55282500
50867950
11236320
29005152
63406800
37497600
3701376
39879138
58858800
1196160
15404520
132982080
139345920
85176000
5356800
20286000
21886956
10741248
100024320
11404800
32791500
27371520
16329600
13999104
26195400
2326968
57718080
5110560
7832880
49040640
56459520
22599000
26812800
49234944
71808000
38676096
13453440
1094400
17997720
18247680
9848400
3784704
6415896
39208800
88058880
8702400
21075600
36166500
41640480
36450000
64097280
48988800
51955200
47040000
80041500
39813120
12633600
20329056
25668000
3818880
10254720
5877144
10180800
25475760
35300772
12374208
19658016
6515328
28615680
5728800
36150000
1707264
48024000
42979200
31792320
40869360
60889920
68544000
25515000
52581312
38092800
5352480
34214400
40583760
2539880
318780
12737088
31795200
86104944
41990400
10270260
39782400
1381248
11664000
20971008
21131136
9480240
24347400
550800
63977472
25591500
35913600
12874400
118609920
16794624
13499136
19595520
79803360
48988800
60065280
43747200
49766400
104401440
21751200
3674160
19160064
29030400
26213376
44239104
67417920
7266672
9804900
7517160
22746240
14463360
121544800
708750
34504704
58181760
36748800
69305600
14555520
23126385
12862080
32175360
13646880
6685056
31408128
18331200
34715520
72444480
4382208
180810000
13844480
11702880
2687328
35468160
31069440
59778432
22745232
29808000
40302240
5413800
21627000
15667200
17001600
43965504
11592504
58582440
40653900
56526336
996600
35354880
19668496
19543680
29465352
12877200
46800000
32602500
24468480
75600000
7128000
13802400
36167040
44352000
100320000
67925760
13171032
23368176
97379712
93899520
57250800
53319168
71671320
8452080
14861952
39184192
12492144
16996320
11321856
14556672
30944592
11909352
30417408
17542656
37814400
80720640
44478720
72704016
55064880
25858560
27285984
36288000
70200000
54952560
17061030
35925120
9331200
13759200
18539199
15722640
52164000
34076160
36495360
5529600
6695000
2866752
35647164
13996800
2423520
56899584
77944680
6603520
6264000
50724000
44906400
18280080
17461080
4682340
54878040
17130400
50181120
21888900
10148864
65875680
21141120
8946000
11279520
82736640
8760000
21111552
6514200
30726080
39361140
43825536
43343370
14152320
60652800
120960000
13357120
33569424
12584376
12533760
5455296
2140992
116640000
42962400
2995200
25961600
19502208
38222928
8096000
16038000
14051910
30600000
77070400
52488000
34128864
28304640
37752000
82252800
18437328
6237000
65286144
27907200
84823200
8710800
10074240
37359360
71755200
18768960
17131500
34636140
49896000
56298240
46725120
9522660
37558080
16329600
26417664
26516700
171171000
3483810
15539040
29424384
33995808
62339760
100663680
6773760
11173140
52531200
8895600
52747200
45489600
75398400
24897040
13714272
24893232
50512896
19662720
14212800
52254720
39916800
23841792
10385280
18328464
6652800
37800000
67931136
49392000
3936576
16138980
1824768
91851328
11887200
9135360
11261376
4725000
44343040
24692500
25494000
55054080
53202240
22698144
25804800
12911364
62410030
3370815
31028400
26544672
14292000
5559840
37169496
24768000
14193060
5120640
31950000
7485240
6988800
6297480
21466800
2552355
41469120
21092400
6386688
52338000
18539820
3531000
25396800
30436560
25216800
35942400
27869184
22174560
27941760
40824000
13305600
157248000
94058496
1542240
24200960
64012032
75898944
5795712
11136000
26378352
11975040
124697664
8395200
39352320
80571024
52444260
35164800
11191440
61261200
21196800
8930304
47190000
3281040
33671274
41130180
86486400
3256500
9371250
8752800
3225600
44906400
98167680
53317440
22770000
8758400
21248640
25139520
1397088
16689600
16708992
26777520
25200000
17599680
28200960
16619904
40925430
24442560
9091500
31878000
24441912
48363480
3339600
37422000
6486480
11992200
85260000
15813120
1448640
11404800
3225600
27820800
28062720
20966400
16632000
37296000
87892992
24710400
19105416
7877100
14588200
66044160
8166144
48708000
136525662
6415200
17353056
18345600
2973320
8002386
20037600
53680320
91998720
41313888
12475008
49533120
69510144
8294400
108750600
41670720
31065216
41225184
49871808
32006016
4878900
608160
115394400
8739900
11225088
28304640
68584320
11795280
3358656
7563776
16230240
21197862
52859520
4365009
43708800
17262720
9182208
18052470
21974400
16329600
29880900
10460736
67716000
33436800
27799200
79194024
16342560
6008310
34927200
44553600
10235904
1383312
148561920
7632240
6854400
55987200
27086400
17936640
52254720
56609280
52690176
16473600
6048000
6686820
56980000
21929600
12710016
71362620
9676800
23761920
17236800
2333772
18821376
28710000
9702000
27102600
20049120
2757888
42052608
34374480
61740000
26956800
74989824
33710040
13935360
20367360
16471000
2140320
9624384
23237760
17690400
25894400
12752640
19607328
3837876
20445696
29728160
19051200
25920000
35653200
4792830
23144616
69070320
34776000
39066300
22566600
3220560
40636288
62339200
2704800
59925600
66037104
16502400
4916250
142581168
30011520
63747450
121347072
20249856
37692630
16486400
17236800
19109376
100972080
2766960
35123200
69882750
83865600
20412000
30067200
18354000
11642400
58726400
42865200
97161120
60885000
24729600
52832736
69984000
44226000
17233920
7630848
1118442
20264868
26472096
77932800
128808720
17184960
30975210
24820992
186289200
33203520
10525788
30801600
14757120
28753920
9855450
29471540
14370048
24323328
11430720
20244042
10404000
11799760
6357780
14577408
11275200
31643136
82453800
33304320
15644160
14472000
34452000
2841696
5458752
26417664
6489000
60508800
16394400
7425600
1924560
7358208
10388280
9192960
98233344
57024000
5748960
4928040
149709600
29736960
36861440
45360000
81607500
28601888
5951700
9374400
11088000
30190464
27239520
59270400
39744000
6233760
14959080
8063220
12072960
37248768
72324000
107059200
9049950
21120000
32043600
9690912
5761224
55641600
46388160
21735000
9108792
22372800
44352000
6229080
4898880
1555200
19051200
73461120
13401168
15523200
2204496
11352880
37208160
48277152
17632740
18574920
9946020
8961480
29006235
86553600
43030260
18564000
97392456
61746300
5546556
25755000
30618000
59705100
18144000
48409200
12398400
73494432
15785280
41350176
20212000
11435904
31449600
2428800
16516800
14520000
24491376
2761840
15422400
22752576
8400000
3704400
69888000
40210152
33965568
36435420
7348320
30305880
1844856
11022480
24373440
22547712
21420000
56918400
64310400
2540160
94608000
36288000
35550900
36664320
31187520
26183520
23025600
128391480
3628800
10962000
23871488
38823840
56689920
60295872
34425000
60963840
31449600
16610048
13122000
58544640
47986400
108380160
1244160
84672000
54566400
30870000
11639628
55552392
26012480
59628800
18525780
16485120
49124880
38937600
81607680
2516850
7961940
16220160
46173600
59754240
26082000
31752000
25792200
43182720
15042000
3318624
17903160
47040000
10752000
4636800
88426800
18144000
4864860
47392800
9165312
21795840
29013120
13741560
56180250
15147000
10456992
10056000
5363248
5940800
11580816
11366400
4465125
9031680
27658260
20901888
46707840
43561728
47393280
7027020
7344000
66232320
44252160
1701280
861120
50388480
15995232
86016000
8262000
32606280
10257408
64518300
13246464
25754400
24318360
2620800
33786720
19098240
19432224
10800000
17052000
58924800
225280
13510800
34836480
95760000
7987200
6583500
16035840
54153792
8465184
38102400
20638800
7153920
43591184
89681760
41931648
9139200
74261880
45416448
38093328
16632000
9819600
11412576
100761408
20865600
9720000
15111360
41958840
2910864
55987200
28728000
12466872
10157868
6359808
22276092
35642880
44015400
83260800
9477000
25793856
9565920
5116800
69217200
42075000
2196480
15717240
48432384
16129260
27125280
43200000
41932800
34629120
19869696
45896400
15200640
31281600
15850800
20908800
18169200
58423680
24220800
23145750
28385280
2363904
29952000
45439056
15622200
16848000
51686100
19775448
83655000
4310280
11897280
29175552
33782400
5832000
71381376
4900896
47916000
7074816
40642560
33466608
4320000
1506240
12148884
13557024
25370400
19595520
10979280
21257640
18593280
17791488
21326976
17248140
72727200
2674944
6198336
32805000
48940416
55906200
14791680
36874656
54743040
121888800
8470984
51493455
3511872
13271040
136080000
9613296
107243136
124260480
58820580
19409544
23179320
72410520
21620736
32457600
34642080
50780160
52715520
10142496
12636000
11606112
38556000
20506500
48648600
32250960
28050000
27682560
14919680
63011520
37094400
85190400
40803840
13910400
10739712
5885472
59304960
76204800
65637000
5274396
7862400
39951360
10308060
20738880
81312000
33932320
18385920
38170440
18869760
6238635
61575360
15048000
16216200
28641600
1386810
29927502
21653940
11606400
79334640
5736960
31752000
63810560
117411840
8104320
42768000
22417560
41126400
68040000
173426400
14376960
50637312
7316400
23262400
26671680
16830000
26044200
28440720
15928992
57879360
23390208
48093000
14208480
3421440
8977920
24700896
13343616
21199360
69498000
71280000
2794176
44108064
27793920
75063296
27095040
6963840
61712000
42928704
16852050
22208256
10850112
54568800
42977088
10296000
50585472
93895200
300300
8372160
19032384
7752510
20267520
11354112
17019072
17325900
57242592
40642560
52962336
53689440
26601120
72453120
13050072
92547000
6518556
53703408
51245040
23080680
23437050
59799168
18079200
4135560
95800320
69189120
38623200
1539000
1190400
15040512
20664000
37485000
12499200
37290240
51891840
26107920
27862380
44049600
15095808
23365650
39650310
87340032
3576960
22365000
54463500
24345360
45522432
45995040
36305325
10068480
2695680
28800000
9860697
21234312
6402438
51076656
462672
20780760
15124032
28515200
43295175
39536640
58060800
22353408
35278740
59904000
8997450
66382848
11939760
16116408
4614720
9864792
67584384
94873680
5663520
39553920
34927200
17992800
1550016
39213720
55203120
27955872
69854400
53936064
47644200
62954220
35336448
44724960
4199580
24966396
7824960
11440000
25158870
8364000
18115200
83144880
66134880
2910600
6009984
7789824
6849024
8920800
52488000
18849600
51324000
17248000
23328000
12038400
2495610
19408896
238464576
9877714
6486480
29577600
46807488
31401552
37331712
38896704
5911360
122661000
3706560
51710400
27855360
13697024
12441600
3439800
24721200
112950288
27564480
35610624
20462400
43063488
6144600
18040320
14254272
11018700
29635200
22625064
15552000
4414080
43887744
50077440
26127360
7052000
19604200
55054080
36181728
51714000
42693120
2088576
67062870
15820992
112211568
9972720
2303910
4702488
6026400
2453136
87635520
12354432
30495960
38782800
21772800
17295600
19559232
20204800
18805248
5337816
16297008
71583750
57371328
5261760
13928064
6645968
22014720
4800600
40386780
45605868
62451774
45608640
18579456
77875200
2503200
57187200
29042496
18083520
21629916
46569600
49729680
9331200
10137600
17006080
2585520
10376100
16156800
68817600
2548800
65577600
36771840
32643072
23708160
64374240
32557140
34678800
33957000
31925880
7550112
22208256
7119480
19568640
14933490
15175680
28869750
2503872
31352832
38814720
15163200
63685440
33592320
77349888
891810
27083160
97606080
5697408
62370000
19901700
27426816
7359040
1782000
28566720
20784384
31570560
16373448
44352000
1899750
76680000
47174400
47662560
43545600
22216320
56179200
50803200
58838400
15768000
22314240
2808000
6342300
18851040
19051200
17405388
9936864
49598208
93187584
30146688
20321280
8037120
46904000
5443200
41395200
13766880
15954048
10303020
3100680
15876000
20498940
23392512
23761920
58558500
14040000
8467200
14300160
12383280
18120024
11293920
20321280
15444000
25798656
2685840
8294400
11591892
11606400
32405184
39735360
24192000
74131200
45722880
7392000
67038840
5721408
124740000
23186800
13406400
24561600
12190464
35274575
5529600
2439360
9211860
22572000
2439840
33067440
17811360
57441120
28518240
57024000
68992000
10359936
40428960
10183680
8900928
31298400
1523952
44667840
93555000
36590400
17542980
19681200
28737072
30030336
12063744
3782856
55059840
16422840
42591285
17404800
17014140
98325570
39060000
4283136
39227328
12165120
23025600
73382400
4767840
38568960
56609280
55482840
4568256
64555920
64044288
12612096
27540000
31715712
20190768
16964640
24131520
59690400
49351680
56501280
17641206
11358144
66712248
38102400
73133280
16937100
31135104
81900000
12320640
2656800
95256000
35777280
15214500
13337280
36298368
1113840
55862352
3250800
15417360
7687680
68659920
51748200
24084480
29719872
30650400
29702400
22800960
33454080
19309360
81285120
119812608
39627000
24323328
88044000
21676032
22644000
11594880
27799200
6758400
49189140
48775650
17894800
5474304
30168600
54009600
6921600
42233400
9525600
9471168
38357550
29652480
29030400
5886720
25546752
73085166
20956320
31311280
28839888
48147120
30363165
52084736
20368584
17384220
17625600
14490000
14433552
12965400
56126070
46886400
21528000
24449040
106877232
4044240
21634200
48369920
4257792
11438280
5406912
2665600
6764576
36288000
51840000
39191040
10108800
97796160
32647680
12006250
10922688
60313824
13127400
21168000
90221040
84195720
20349000
43891848
30424050
32443488
11708928
2032128
10545304
21316050
39614400
102242250
31933440
2716560
603432
3423200
52254720
37784880
15321600
17100160
8491392
13641600
35271936
12055680
57953280
29220480
7775040
64627200
28798000
47419200
30878496
18584064
16380000
27643680
8693475
27720000
40345335
10869327
36923040
12737088
3258288
1871424
13807500
5274360
41287680
20155392
113513400
41008200
16405200
36560160
35141040
23237760
71184960
9378600
3919104
5829120
9953280
4717440
67455360
3793920
30896640
14929920
18024930
81648000
16338600
11943936
19215168
8220975
47692800
11233152
16763700
49377600
972000
15014400
48232800
23814000
40808448
106437888
54670980
2812320
44963640
20039040
10686720
48489090
1450080
13335840
29774976
22377600
14415300
67922400
46238528
7197120
3440976
6669000
112907520
2166528
2625480
16740000
29090880
6241536
31104000
7296300
13996800
7779240
47401200
33675642
16773120
19483200
12096000
4536000
6749568
9197496
11372400
45800640
48412000
17035200
53530416
10810800
60155280
89945640
7156350
46992960
95606784
5171040
38847600
9123840
2154600
25704000
24300864
34984320
28600320
20476800
12804480
29338848
80986752
12744900
7140000
32263440
14610900
49172160
5645376
14158800
15246000
49766400
14340480
8985600
17791488
41065920
9694650
2940000
37474488
15135120
49766400
18918900
19775340
22674816
5203530
88166400
23162880
24131520
5616000
31501134
28648944
94752000
35468160
28319616
22628160
9172800
48639360
33874200
6327360
34974720
9187200
35868000
122574452
21614208
29762208
25984000
4180572
23084640
28723968
33841152
9177300
13139280
11007360
26046720
17064432
16498944
27324000
56246400
6739200
20924568
5920640
18850104
53802000
59097600
8048250
66426480
35246400
8467200
24830064
14525952
14300160
12761280
68191200
3041280
19958400
6113880
14183424
21970944
5133375
33868800
5667844
9879975
25578000
10535616
42483840
26593920
22809600
35735040
13457664
11730600
22744800
61689600
102857040
89600000
28191744
58212000
31529680
17527104
64465632
29347080
31005150
9036777
3382560
165301500
38576736
1387200
26374140
32405760
24186240
12037248
9329760
14361984
55071744
16800000
6890400
3608550
21398832
38497536
40069568
4120272
90246000
15545250
24953760
117482400
49370880
105062400
4123575
12296286
14373450
8796480
22215600
5248800
54528768
7733232
19111950
11602500
152586720
3908300
90512640
17600000
6961920
22678425
130291200
28576800
36671040
21436128
17606160
19079424
7591968
16314480
18247600
17409600
40622400
48380640
32016600
24883200
5344560
10027008
4953312
30618000
29203200
12700800
21928320
47911500
76032000
15759360
9563400
51298176
34028544
52073280
16854480
25233120
16777530
44553600
37963200
221771520
28763800
9266400
101394720
16250400
15819552
33073920
19206720
22471680
46569600
21670560
21756000
71971200
81681600
22809600
16086700
38367000
10967040
20568600
45100800
39813120
20977320
12106800
16848000
80438400
9887790
42456960
82134000
11793600
33243210
35164800
16228800
139166100
18144000
21406464
35515200
40509300
20219760
4756752
19353600
54600000
18357192
84546000
127204000
9358560
2109744
30644460
21555072
22932000
25259520
48048000
1447875
16804480
12038400
10103808
16800000
39618000
36293400
44932800
35510800
3117120
29894400
33372000
31752000
14310000
14515200
12065760
22968000
37158912
12509640
50644440
13016640
10920000
73294848
26030592
11414400
16221744
10421424
8527680
108623268
28304640
16329600
14964000
10454400
39916800
119750400
28304640
17166240
89761500
15629760
100124640
30690000
54096000
60693360
27310500
46693152
49960416
61439040
27646080
44712000
20077680
13794480
82736640
26611200
12884256
6322176
13970880
12594960
9912000
29238300
13063680
3939840
41897520
3783210
16531200
752247
33881760
18561312
25417728
14938560
67200000
5749380
26393094
48648600
20466432
199368000
66528000
42620256
164505600
14389650
37200384
22569840
28520000
177870000
26503680
212241600
25547400
13658480
6537720
8164800
24837120
48300000
38704512
29472768
46189440
19060800
11750400
11094384
17262720
18627840
39475350
25957800
23823360
30326400
9504000
33359040
47021184
44100000
10305144
60963840
136537800
8164800
9702000
31187520
7365600
16052400
12847800
60463260
24876800
11484816
1906380
36953280
43460550
142272000
68160960
70888320
31395600
19543680
9986400
13203840
47952000
61446000
14747040
26320896
38448432
6971328
88099200
10800000
12944400
5626320
11755296
35553280
10553600
46584720
22998528
33169500
56448000
31933440
21360360
13494600
31069440
3122112
21517650
88182000
2459160
35588520
24817920
45773910
7367760
26593920
21067200
14204160
40825512
16029576
13685760
37324800
39956490
36288000
21908880
130580100
48945600
13246464
12959100
4324320
46103904
47416320
13186800
16839900
172160640
38787840
27144000
9836640
94248000
18833472
7038360
21116160
38234112
186048000
90698400
48522240
1393920
3990000
9013200
99187200
67223520
9616320
2031480
31539456
15523200
18942336
3853080
24136704
10692000
3193344
60535080
14676480
39626496
11728800
16035840
26082000
8890560
4127760
13867620
17487904
99800064
48799296
39657600
28600320
6215616
32133024
19502208
72744960
14706000
4815720
7579008
78074880
2043640
34992000
16988400
15386080
12540000
17533800
39763200
35062840
72230400
31752000
22336160
33093060
29804544
2044224
21902400
26041560
65526720
13480500
31487400
38545920
19029780
19980000
38880000
19656000
4101840
32640000
16052400
33521280
59770368
10332000
11206656
3677184
19918080
27283968
62596800
11194560
14934912
6210000
13724100
21608640
43477560
17690400
23425920
1066464
40055400
42426720
7948800
63888000
3878400
41537496
7893600
11069136
60875640
2904785
44755200
68436900
44301312
32598720
18864000
9031680
88155540
144050400
42216960
28494228
11542272
10486840
29569320
7497000
24092640
24115520
96163200
10644480
5638680
12804480
8795520
22091680
71351280
16923060
17781120
38707200
8984196
95851350
25474176
31248000
140894208
55851120
82101600
31461696
22113000
12559104
8625960
2825550
4939200
38021760
3603456
48263040
20966400
92568000
11232000
49416000
4496960
12137580
26342400
65208000
4888800
7239960
66718080
14385600
11905920
81765000
10421952
4222944
27068160
3043287
44273600
29675520
14224896
21226240
51466800
14817600
7955280
42293280
34128864
24267936
45152640
34070400
48691368
12700800
142470900
8797800
23196192
40073280
26036640
18547704
19472400
71124480
16174080
34338816
5982760
50803200
10886400
61123920
16945560
29835000
12852000
52915200
50016512
21215040
30537360
16338168
43341480
25724160
55952208
5217300
6486480
28693440
39807720
25212096
4889052
10713600
24364800
42028308
12291552
28795392
34580000
40435200
44755200
14446080
36484560
8617300
17242308
4712400
4263840
15301440
3318048
107251200
20580912
55520640
58496256
7544160
2677500
57863520
52918272
45135792
10529280
20127744
14999040
55860000
74649600
10653440
8809920
21340800
2838000
28638000
110224800
1722000
23595264
26363610
23166000
30491200
62332200
21418488
34473600
5940000
42336000
68014080
2990736
9313920
22032000
31799790
4597824
18748800
7603200
2928640
19340640
31660200
39657600
11132100
127370880
60876800
2122848
47764080
9335088
40487040
3080700
56125440
2670336
60440688
38340000
205902000
2869020
16899168
33106752
18240768
7328880
23803200
698880
56791152
10211968
74511360
18308160
5346432
8316000
4230720
77532000
43929600
25364544
14902272
15311520
88200576
23112000
23265792
19584180
3183040
29883168
14217216
71049216
24344320
31497984
8870400
6282360
101593440
19906560
37013760
62451200
28444416
30481920
25033728
24876800
29376000
21591360
3870720
42131376
6711180
43053792
38374560
4740450
54432000
14389992
64702638
33572448
24275160
61888320
26928000
13127400
14288400
26231040
58855720
45158400
31515120
28894320
9559440
45239040
17428320
21288960
42120000
24035200
18356250
37087232
12737088
2581632
7989975
19855584
36747648
11325600
16302528
5117580
27713880
10069920
10670400
5535750
41902080
38227840
17856000
20224512
32205600
20038053
58282560
173232150
58301100
20236800
45360000
33868800
33200048
22982400
24032880
12397000
25719120
32514048
75816000
12335400
5998080
27527040
36114960
26954928
21870000
27187500
16466625
17006976
45964800
5466384
57092256
22470000
4148928
22767360
56609280
7080060
13291200
68584320
14428800
37187670
53913600
95528160
40294800
20241900
65853648
25613280
20659485
18957120
4626720
22536388
58188942
27498240
11975040
7468032
24302520
11844144
936936
27737656
6078240
8500800
51072768
78444288
1677312
21772800
11992500
8339760
41184000
3639168
63849744
45212160
86834592
54234000
24752304
12439784
11566800
2689120
26892096
23349600
3534300
53581500
50245632
24407040
8019648
76608000
3344760
173628000
12364800
40957056
62146560
56784000
29012256
50893920
100224000
8078400
15921360
7402752
1996400
60963840
23984640
33032160
521280
32749920
17740800
39360000
17542656
14774400
16279200
25572960
10915632
28617120
21319200
5174400
38154240
32056800
74299680
20643840
43692264
1455300
21266000
8944992
6177600
18604800
34018110
73393920
103783680
3921408
27941760
55404000
86220288
11186136
98304000
51165800
293040
43298640
19016880
38912076
16853760
43688960
23328000
9723600
24192000
44789760
14163120
1296000
42145200
62370000
7484400
5760000
11753280
65917152
22466808
22380600
7983360
14064960
20180160
24406920
92340
38983680
29485344
5174988
17908128
151139520
31493280
28283904
30831840
27095040
20450304
16692480
34145280
58091040
29752800
31847200
27113856
60464880
15713280
12616912
15336216
30958200
16159500
58895928
14515200
818720
27955200
2918160
28200960
17625600
1850688
32256000
72586800
18170880
16623936
13934592
37857456
6676992
13527675
2511000
39726720
14580000
29882160
92606976
48660480
27335000
13432320
17635968
64584000
21772800
41150592
4572288
24449040
74690000
5493696
8100000
22730400
13759200
35652474
1481760
3551742
53145600
6566400
2835000
2128896
19945440
56894880
4740000
15763896
22089760
8424000
8106540
43929600
16679520
29998080
1956240
46620000
11031552
48372480
18923520
1355940
4320000
13147680
24282720
83031480
93141360
3107520
8302500
25390080
26417664
19869696
33434856
37166850
10333440
70560000
1496880
4233600
693000
21141000
44034144
31153122
30124710
25410000
27700974
28814592
43987200
73180800
14909440
16193520
133467264
12165120
2942640
32947200
28244480
17388000
9899820
72437760
47409560
11875815
2732400
19595520
9286200
44469488
6333768
162712800
5818176
47174400
189573120
6350400
31635120
54473472
30181704
31449600
39191040
15264000
28009800
8652224
47820240
37592100
8715960
81709056
32783616
6381000
5220000
11437200
672282
8064000
89208000
26700300
5070000
30618000
6200064
10428840
9940320
3132675
4697875
9878400
13808718
33592320
26295360
5898240
8087040
15559040
9828000
97858800
30153750
51865920
30270240
18151452
55404000
17907120
19994176
11718000
52920000
14422464
24418800
39798000
19498752
13829760
31184640
22821084
12171600
19958400
5077296
43758000
18745020
60840000
7761600
33030900
32805000
29859840
12317760
16661700
20304900
22357944
38561184
39806910
9123840
5391360
30935520
30228480
11625120
548800
52066560
4608000
58496256
7377426
20525120
57600000
33363000
7618560
18175920
27175680
53374464
21591360
45239040
43041600
13478400
42387408
2902368
15187392
925680
69672960
35909440
4561920
32192160
27433728
17405280
19673280
7392000
11649744
92952360
8636544
25204608
12235080
15819300
11476080
21300480
13104000
14894100
12026880
23889600
5544000
32288256
77792400
62730360
675444
6956880
7644672
8561280
5834496
28304640
40913730
37094400
97776000
2760000
23954700
9483000
17640000
2948400
4447200
47779200
21273840
10702692
32267169
38707200
6233760
61538400
32756304
6216912
39835800
34749000
21705408
9326592
15400800
38678640
15396480
28224000
102658752
36288000
22344000
21294000
30217050
11504220
91872000
5376000
17561700
10199000
9622800
2157840
13175040
149990400
22872960
10834560
11612160
28385280
36407025
22093344
43141248
39592800
13388760
4717440
9451728
14784000
38001600
10774080
14142600
797040
38854656
19051200
79437600
39198720
20940465
27741888
23811840
91938816
9072000
14565837
21546000
7564032
56908800
41029632
65520000
120615264
26671680
3864000
12664260
29998080
53626320
34836480
39733120
48988800
63320940
41932800
29937600
118983000
5667840
9600864
23901696
19656000
2352240
19921440
26167680
49392000
29531040
108697680
5731560
62467200
3687750
39735360
18443700
94820544
62042112
30413880
11612160
44660700
20900880
18506752
2489760
51321600
23535360
15681600
33016500
2330706
63866880
52738560
4052700
7257600
8648640
54885600
87335820
53796600
35642880
41403000
14011200
30037392
14415984
62717952
3538080
74131200
32879000
30274560
13608000
3936534
24105600
20995632
2175784
15759360
31337280
6168960
5103900
27941760
15624000
25956000
96096000
1152000
17945064
31693200
31285760
3852576
5287680
68584320
142840800
18691200
205208640
5093550
40172160
49351680
27086400
43112160
10348800
24429600
119750400
8981280
9033120
7567560
55732320
26741000
16794960
24555520
13530240
105494400
7127040
127088640
34473600
13219200
15637050
33334740
83349000
30792960
10108800
46126080
11778048
7140000
49400000
6240000
11900160
4172064
2812320
26091520
58988160
18762750
2721600
53059125
23100000
29966976
11682000
39744000
27968640
20391750
18648000
5292000
24364800
13003200
40484736
410670
3870720
6272000
14696640
33075000
20666880
27168960
10350912
27417600
22289904
11659008
27852800
16581600
54093312
50051232
16594200
21902400
19126800
54033408
10379520
30110400
6461184
19512192
2751084
23779008
17259660
13219200
3791424
8652600
3090960
9201920
49572000
11415360
9858996
37519200
52876800
16875040
32914350
83397600
2816208
14490000
9815400
13310640
39417560
42610200
7888608
9351108
12312960
16934400
26883000
23224320
6520800
10739520
30203360
33613920
13708800
9529520
84747600
35223552
5359200
56453760
10925135
55619460
17262336
1315440
6433020
6765120
93312000
104011776
28421568
22093000
13041600
42215040
40524750
9715104
30912000
34378344
46771200
41778000
9875520
31183200
5760720
15768108
44352000
52899840
32659200
59875200
49803264
9704448
9744000
4646400
26619840
17289000
12744576
21294000
18000000
48498912
87617205
117373440
39789750
29984640
53932032
71372340
21168000
49319424
24989184
21520640
61717500
1916928
9533440
28215000
10644480
24897600
36167040
34633200
132280128
12608388
18662400
64972800
22800960
10812672
77760000
57461760
17031168
59058720
24921600
20151936
14929920
13852080
23970816
22044672
29212800
7402752
70372800
45957120
15888600
18360000
46656000
23224320
57024000
111654400
4292840
105489216
46953760
36836800
18748800
26827200
24752640
8553600
4955124
2339415
25665024
30065112
14183640
17012800
62052480
40360320
11447040
21676032
15175680
11928960
55591200
60238080
8404992
15531750
8986560
18661104
8103424
24381000
41333600
4013100
4976640
17166050
54302976
46742400
16767800
26493792
9149400
5423040
60963840
2073600
69709680
15616800
32744448
12177440
72522240
21924000
13837824
18957120
30844800
70737408
884520
2106000
39813120
30326400
201398400
39393900
89940480
13257216
58329600
1464000
16297008
101088000
122860800
18040320
56000000
23294250
59293080
24719904
3102300
9856000
59512320
1290240
56423250
12900960
70560000
83265000
25975584
83980800
2998800
14288400
25297920
15794900
8440740
12612600
18900000
10080000
50362560
19982592
89107200
58060800
12418560
58060800
89385120
4324320
25945920
3780000
18110304
43898400
106375680
12628224
33606144
22216896
68598740
49248000
15225840
22118400
42793920
5060880
62112960
16722432
28016640
14543550
91724544
12972960
71556000
12063744
35626656
6313500
30643200
3281850
15289344
13454910
32659200
72277920
10967040
1313280
12921216
30030336
4811400
14643585
55617408
37149840
13680576
11664000
28183680
67568256
9260160
104529920
12481128
13860000
41564160
16193520
22446963
55883520
50494752
10795680
7084800
27176688
12247200
26869248
25740288
5740800
24514560
71208720
23400000
18274256
84101760
22914150
27170208
7484400
24252030
15984000
56246400
76384000
45239040
22522500
5813808
95684160
6058800
7282800
11986947
62763120
32791500
24619140
13880160
36943200
10762290
59719680
12579840
13333410
24076800
22934340
16977600
20782080
13814374
14383008
12903660
116867520
3328800
26244000
32947200
31933440
21275136
1914528
47678400
80301780
42561792
69066240
8553600
80308800
13953600
72963072
7392000
53222400
20671200
2555280
78624000
36566640
4181760
29717100
61585920
46873728
38530800
8963136
22755600
31726080
9884160
35271180
33300960
30039360
18377856
49005000
83492864
7041600
36399132
25754400
16558080
34320000
97511400
10765440
63109800
24006780
2555168
557250
64318080
45669888
11203920
110224800
54432000
50118750
43125600
37118400
7290000
31312008
76403250
41009280
5837832
7989120
31308480
15165360
33242400
19945440
27578880
5490240
50450400
11188800
38808720
9000960
18711000
11975040
50599080
5349456
4910280
32739280
21504000
12892880
2724480
12983040
44355584
77414400
23520000
16243200
81648000
34473600
44029440
44928000
6495840
5140800
35873880
15990000
16601760
163088640
8153600
28984320
46086656
54835200
50166864
3376800
10902474
18627840
27202560
62340720
16416000
37324800
26438400
24060960
20252375
29497500
15386976
22809600
58394700
11286912
61350912
2343600
25081875
13526352
88197120
59761800
5765760
25660800
10213560
42550272
6446700
6438912
39515472
44791488
26097792
15375360
18063360
15986880
11236680
2041200
24211200
130908960
17472000
39481344
24748416
13590720
59451840
14127048
34732152
21578400
34038144
16668288
16128000
7976448
17042400
70087680
29595456
6771600
14833800
92192256
8346240
1326780
13139280
39605760
4837248
17684352
27417600
12912480
92625120
70761600
15692292
38361600
35857920
82252800
4200768
8655920
28800000
1144800
23635638
26466741
76839840
24998400
34990080
24978240
24377760
114638400
15523200
9000000
17934048
34856640
17107200
29268000
84324240
11969088
15082200
2237760
28481544
22044960
12398400
72681840
6306300
51613200
50755680
54254592
83966400
9642906
9676800
24710400
103712400
27848448
90081888
68140800
1901718
92557080
34070400
20246400
20518080
12344832
76507200
15956352
19778310
4276800
45826560
10506240
1
29077776
48693645
15039000
23552000
60023040
18114096
10824000
4288284
65149920
76529376
12441600
18252000
16800000
21511800
3966060
3495744
11309760
6704640
12093120
22798464
26856640
21265920
46267200
3149280
24406920
2468892
30643200
16031232
19934720
47401200
65072000
22550400
38500000
26265600
67060224
33475680
29977992
39362560
20742720
85709988
46230912
13807500
127733760
43031700
20704068
13104000
21565440
26329600
21271488
5378240
9129120
36352800
14100480
1020600
1944000
8885520
27291600
15702120
29470560
11404800
61819200
14152320
47139840
70656000
18994800
5655936
51355136
20969856
27325188
31946400
45202752
4455360
37761360
18208080
23500800
27247104
32987136
15724800
77366016
7203240
25727520
23375000
33707520
161611200
61483968
69018400
13759200
13172544
23063040
9303552
19461456
32020520
33985980
34214400
89754480
31777200
12952800
27378000
4189680
19459440
9149400
19020960
93744000
1158080
19057408
9406848
66355200
5083344
62270208
10160640
4490640
52390800
577920
118195200
4821120
7925400
12384000
42619500
4562280
61678260
6993000
16146000
27760320
9477000
22652700
39168000
15609600
4193280
24514560
95760000
32440320
105840000
14209020
6570720
9008640
9446976
5685120
44366400
4858056
24076800
50274000
7378560
9492000
11628000
11369600
56609280
48158550
31135104
47017152
113218560
37094400
10137336
10718400
20120400
23736960
22146048
29538432
42035679
56700000
38253600
8467200
11119680
3636864
30561300
8386560
3368448
15335424
28294920
11642400
2502500
4063932
22973328
12478972
76608
8654688
33384384
1629936
8489208
7353528
26754728
37488528
20885760
2732400
21224840
41674500
1515888
60944400
8981280
10661280
3581424
5657344
14256000
7469280
14714784
94617600
16488192
8796480
235243008
52320000
21848400
103650624
6867840
60858378
18392400
67737600
20736000
27648000
18662400
50577408
16134040
24906240
10560732
78829632
47002680
2208492
15823080
42303440
32408640
10557000
5616000
125737920
36288000
12954816
16188480
12317184
13917120
12441600
31190400
12960000
12280320
38170440
19440000
13910400
29877120
3333960
35430912
14084928
23405760
100091376
21609000
9456588
26790912
26678160
66322800
62974800
23794560
21715200
53093040
6011904
18498480
134005860
16643340
48620544
9797760
17850880
45964800
23133600
10272768
21998592
5294700
10719800
52416000
1697850
32980680
4822160
14008320
24883200
29136576
18998784
39594744
2140320
65591040
502320
28073520
26208000
4340000
10886400
19448100
31217472
18869760
16819200
17093160
1596672
35500500
65318400
35054208
53291520
8640000
7459200
7676928
16232832
65028096
22692992
13156992
77734272
29877120
21908880
3067878
9660000
1059840
64157184
23882040
13684320
997776
312480
16759710
2479680
907902
94556160
79138800
35481600
12836096
2830464
2870910
13224960
31421250
4695600
32514048
24872400
47646720
35185920
58278528
1710720
15876000
160086960
1605240
46289880
19768320
16211744
52536600
9427110
47718720
12700800
93693600
5091840
35491392
36326400
34992000
9674496
73641150
105753600
17373600
29348928
28385280
7189600
24511032
146135808
10466150
6251000
33359040
45224256
45792000
9939888
39744000
11128320
1744320
20846592
27688320
24883200
56049408
3685620
6098085
7413120
74520000
31848960
19008000
28813824
4543488
5106816
36628200
33802272
85731000
10654560
9384480
26231040
48787200
15593760
15936480
41126400
78234624
2980800
13039488
13555200
4645080
41289600
31104900
26334000
22465080
29521800
54432000
19630512
28670880
13977600
12283656
8826048
73495296
42094080
4980360
37527840
16620800
2190240
81001998
79626240
3049728
25908552
3160080
18271008
1387008
23950080
19491840
12191040
85536000
4023216
3196800
83160000
31744440
32760000
4473000
19752096
41690880
22809600
12220200
49812075
3605976
11769408
31337280
26016000
65076000
8890560
52659200
8090160
11402496
27595260
59299200
7484400
88241670
36923040
12096000
36720000
479808
24948000
80481600
119180160
19633536
29931264
16051200
4838400
41057280
18604800
61562592
81995760
9765000
5179545
32503680
19262320
167021400
31960320
36402912
32555520
34900320
42307650
57009744
20529600
25250940
70963200
28360800
21275136
28005120
64915200
61186104
14448000
74299680
66355200
10442880
38750400
7096320
12096000
35343360
1496880
26042640
24948000
36115200
139708800
41583360
41952708
34836480
60652800
104509440
5797440
48666240
5921856
103131630
15876000
114065280
44028504
25935000
18869760
49669200
38154240
1927800
10644480
8727264
45550080
36036000
11187770
340200
28226880
2747520
11942640
2313630
4924416
62092800
27361152
44906400
3326400
68108040
10384605
10990800
13516800
33979392
110973240
550620
30161664
9475920
9988000
15668352
31646160
11669994
20217600
96383034
11888100
11289600
160911036
37778400
19352256
8697780
14723100
32976657
21847644
3786720
20447648
5760000
34492150
57807750
16454646
134551872
55421496
6935760
85142400
17521920
5527500
31871070
15085440
4654500
12402720
8688020
8570880
18557100
5702400
9027200
50325300
28827648
29620800
2870947
30304800
2404512
38182760
63452160
18860688
63035280
16588800
18615744
21228480
46464000
136805760
10465920
18176400
19104804
8504760
60480000
28462104
21504000
43288560
28569600
45536256
84672000
56347200
49017960
6265728
50162112
9853704
32387040
17808336
5436480
41368320
23587200
13700232
47174400
24192000
18912600
15667200
25150500
28593600
33849024
9565920
9896040
24504480
23988224
49895748
15605760
9784320
10053120
29596320
61684740
38016000
51321600
13132800
10300290
55497312
10771200
58428000
37920960
12142592
23598000
23787540
37584000
30690000
7331940
18665472
22814880
39191040
59719680
31395600
42504000
14098752
17461248
43490304
17252352
33331200
49896000
69350400
30814784
67586400
84272400
38511936
21841920
29804544
11975040
18289152
66125700
5896800
17694720
29937600
16749990
43084800
45714240
12661272
3064320
43666560
37650240
46702656
69060600
55883520
11888640
19192320
26880000
84658770
15168384
6054048
4745520
14288400
11997720
70795200
16847232
10983000
11757312
24516270
8821725
33868800
70948800
48444480
21237216
18859392
13498368
23040000
36126720
22752576
2661120
43234464
14876848
29721600
17018190
40466160
17316000
22194744
419430
138240000
61965000
9306825
15724800
16787520
53524800
5053860
24448080
92145600
65404100
3809280
15863040
9552000
15814080
1595440
3437280
16765056
36202752
137491200
9453834
40642560
26768880
16128000
37660140
61337088
89426568
28074480
4299588
34997760
8989056
102789000
9963000
11475540
1619712
29675520
38666880
31999968
14515200
15611400
8542170
8867880
9507960
12383280
14945472
8232840
754400
71891550
7603200
14625792
32478080
6706336
1926288
15969024
71245440
42768000
20807280
22659840
30523392
5781600
2043600
65847600
53222400
14276736
9784080
13297536
23846400
38623200
10234224
29469440
5193216
16982784
5241600
35198464
7119000
11245500
56563920
9282000
81648000
5624640
1755180
21678300
38352720
6706800
9528750
2640000
37946880
23258664
21422016
69694560
24710400
4498200
21772800
47251680
26516160
102910500
40696656
107956800
17920000
10644480
59808000
62212500
35642880
13473792
36067680
42560000
27442800
65086875
13910400
2327760
53464320
26887770
65664000
25111680
14226212
17729280
15697920
4636800
13226976
12960000
57153600
58705920
106987500
5846400
31080960
6388200
4200000
60720192
6576960
42241500
11454828
66744000
6753600
3278880
7238592
12790008
3578400
38884352
5334336
22733568
47403888
11778048
99680000
38211264
3836560
48037500
85567680
84716100
25095840
48979200
31600800
7682400
19656000
157172400
15238608
23048064
40592640
3888000
51226560
10704960
138568320
60048000
24952320
936804
130636800
8608050
28271430
23749782
32452112
17122560
9400320
95497920
72570960
20352000
17166240
51577344
22410000
44718696
11430720
5140800
30550485
34516800
62828136
61111584
8085000
27456000
42840000
62270208
11232000
86526720
77837760
52254720
31680000
85205120
40415760
10378368
59439744
10650150
26516160
17418240
40429312
8225280
101303136
12166560
13335840
21621600
43794432
11137500
47698560
2431000
20224512
59978880
165028864
65197440
49008960
4991832
1451520
32032000
5100480
20902860
40824000
52531200
20865600
6761664
24036480
23250240
649600
13870080
3897000
61545726
50490000
9828000
31302180
15966720
9209376
9979200
8114400
2438460
12121920
83366640
71850240
26701344
21696000
4354020
9979200
13503600
31149384
41513472
20670552
39536640
8373288
64582056
51414912
20317440
23379840
11860992
51117024
29877120
24779520
34997760
44933000
20956320
14078040
10178784
38950912
47764080
16369920
38491200
29652000
39644640
73256400
46267200
10478160
37287936
13716864
7642944
46814328
66134016
44553600
21247488
12023424
19906560
68113920
9878400
11592000
8299200
25092540
3950100
24551424
25361280
7451136
52693200
16805880
36052800
11300400
41078400
12213504
6706800
5310360
6027840
32457600
6531840
1211760
73440000
33009120
89413632
27238400
22513920
41310000
6842880
22764224
24647040
15248475
12198384
1150875
19601920
7603200
18855936
12700800
50535288
12322080
27517560
8456448
26943840
33782400
35358400
118540800
46051200
53990400
21127680
59512320
10699776
21395520
34283520
171816960
1329696
11542500
55906200
6725540
50649300
9455616
33124000
9846144
3974400
6920424
5540400
6780984
83787264
46860282
15452640
9499392
7868280
19543680
5745600
4472496
30735360
4697000
7873200
23771880
7625772
8379000
29376000
9025632
46997280
26559960
15103200
15657408
71413056
32739840
4021920
9439500
33371520
63078912
54825120
12787200
13178880
5660928
97493760
8055936
19477920
10761120
2175756
37806912
6000660
41778180
53805312
29331456
19602000
15268176
45624600
46061568
26966590
9253440
76608000
10235520
65078640
2855424
4648752
13497120
25238304
25245000
85050000
13561920
29754000
20428800
8517600
18184320
26352480
44000000
21168000
4976640
10543104
51765000
34020000
36540000
29160000
65622960
23088800
12870000
12640320
62239104
33434856
11466840
32643000
31207680
1366400
46191600
51030000
35280000
55373760
14976000
45722880
41640885
42661080
28894320
38556000
39744000
32689440
5783400
48837600
5474304
65607570
6820800
86561280
67158000
9822384
36968400
110003670
61928064
49938840
34749000
23569920
33721056
19752810
4331880
35957376
12301200
60984000
1028016
18322080
45700200
30470400
52416000
32993532
19641600
9808800
19746720
25025760
95749920
3367980
47481000
101523456
81573558
52917375
28677900
27534276
50738688
6172650
20281860
49652400
93388680
19353600
42307650
5040000
9695840
20291040
9687600
25369200
21409920
75600000
19217520
20224512
4851000
25269300
26046108
54432000
8096760
8205120
60808320
17875200
34700400
8164800
7748352
45891840
52987410
11547360
14225104
23952000
43564500
14414400
119992320
39787200
17625600
27371520
52020540
8013600
2198952
16230240
13413600
9664200
28090800
6669000
12353040
12471480
38707200
27320832
72519552
24414720
78586200
76903344
39567360
10054800
19568640
4722900
105530040
16933410
46592000
161308784
37900800
107233280
10901520
19008000
16046640
23531760
29403000
42336000
2585856
53851392
1297296
65577600
23984400
20321280
17457216
36146880
13824000
69771100
17740800
7056000
50716400
4779000
9979200
28195200
43696800
44724960
41023840
23068584
4189500
56795904
17646720
22382880
9166608
9959040
22904595
48263040
21772800
19716300
14162040
27767124
33203520
2964000
1507968
12600000
5691840
5909760
32801382
31185000
32659200
15058944
18139464
32081280
36012600
18396560
22638000
1723680
3725568
12960000
31872960
8643404
31046400
19473696
15822648
42007680
14499072
2953440
1045440
44229888
18869760
30336768
8368920
85458240
37521792
102379200
25038720
21831264
11114784
170537400
11459700
18385920
16893240
8213400
37639680
6773760
66402000
6304200
45191136
25874640
121858560
69312000
90616320
182020608
4717440
125664000
59019840
3538080
10937160
8985600
12788460
3835200
7306056
3091620
15728640
19206720
84564000
18098640
6621615
14000000
24088320
76639920
41501200
23904000
28993536
22362480
36553440
41057280
10640448
30811200
82192320
12337500
27553680
64512000
15482880
24190320
30695808
127509120
40182480
7300800
15120000
48988800
19094400
11333700
36620610
65145600
1969470
36792000
46835712
5257080
30602880
14669424
64209600
13854720
12054900
27367296
83994624
114685200
61469280
53253200
16443000
56056000
11827200
32579820
30730752
27518400
6566400
19028520
27445880
15724800
37324800
44815680
45756000
30683640
21833280
13944420
27216000
24766560
35714952
605484
17504487
22198176
11418880
138240000
11604060
58644000
27198990
36556800
13063050
9114000
68414976
17431920
33073920
68684000
8046780
767232
35724888
4661088
37044000
98098000
14961408
77366016
29723760
7502070
2830464
23822940
96228000
5759100
1559424
11049696
4719600
21288960
47511360
41359896
45216000
19104000
45360000
19798350
5517792
10038600
14295960
3919104
22422400
2434320
5529600
24087744
58060800
1663200
67651584
18988992
23715792
67197600
66798270
72606456
53887680
10280886
2401980
23405760
13386240
4064256
64350000
22195264
4490640
13063680
47416320
15367968
31404240
16990560
7185024
5721840
7173360
30912000
20531070
8928000
11088000
16151520
55520640
35880000
7434504
91699776
7030800
6785856
1572480
32189040
69555200
30114000
146016000
12592800
58741200
7005600
2503872
60045300
11334400
18000144
21344400
6568848
13673088
18432000
21555072
38525760
45995040
70560000
4291056
40649448
12916800
60431400
9764300
30831360
19051200
9434880
20124720
22738320
45208800
12012000
67318650
24440400
30585600
10398600
18420000
12321792
19199664
18547200
7603200
17179344
70106400
48191220
8930250
60480000
9336600
50490000
21928320
216320000
7784140
30690000
21441420
53494272
35804160
86261760
5216640
27163836
99773856
18945360
31424886
11736900
3115008
6475950
6703200
15120000
42293664
12852000
24377760
122563584
48522240
13628160
22080960
135475200
14755860
21703680
45112320
5699925
6264000
12457872
10483440
7620480
25732080
39495456
35275136
51940440
2332800
43672608
6777540
16590420
129330432
33359040
42619800
14640640
35505792
28512000
115906560
14805504
20697600
1693440
28333800
100433088
17731584
14414400
14410968
15335136
4352000
22698368
8149680
4815720
26218080
16929000
43481592
40568832
22680000
21520800
30818304
122976000
39354336
64848168
5630400
38918880
29702400
9751104
14820480
4709760
3129840
16251840
17159296
35328000
14971392
28393200
7486000
26063856
19874400
11556864
12446784
12579840
71673120
47331900
37346400
178605000
7162848
46918760
48648600
13426560
4840000
59182200
29700000
16422912
43439760
6456240
22723200
107251200
35582976
18076032
17342208
28005264
103061700
10898400
16562880
23783760
8662095
17472000
34678800
39838392
35046144
8033256
43400448
17635968
10335600
8139600
21252000
8755200
61740000
48412000
56582064
3119220
5559840
16476768
10593450
18869760
28005264
22058400
24494400
17203200
107433600
15169140
6982240
30216960
39417840
43184064
4880304
31933440
5174400
6258720
2540160
36613512
24333120
3937200
43635600
16796000
8905680
50980800
7311360
54125280
35185920
30643200
47692800
37255680
17888000
53932032
154791000
2808960
29937600
37862400
48686400
84418200
36893472
4019400
21954240
44756894
37945600
15697920
33758208
19245600
101080224
30162720
61044340
3201120
941490
43770240
30681504
88089750
18040320
46718100
57369600
5051970
2937816
10533600
82494720
44487170
18316368
4179600
12383280
9999360
12629760
56918400
63504000
58902480
14236992
7021800
51865920
94099200
68282676
30352464
68402880
101631348
28331600
7327800
62985600
24675840
21873600
14878080
25554480
50544000
24356080
15069888
77932800
114561216
42695100
24192000
128024064
32607360
24615360
46368000
2448000
31866000
4074840
10886400
3951360
7527168
20339820
19051200
27129600
38577600
66619728
36061200
11799648
40584544
28523520
21853800
85130760
97372800
35458560
25683840
92102400
14446080
53443500
47900160
3319680
78812000
28740096
68160960
8478720
36275888
33106752
73835520
45026982
10434060
125949600
40310784
78489000
13365000
20060352
79699968
38284650
29106000
25702326
9539712
23700600
36372480
29030400
54051840
55036800
6900600
14798784
8729600
80123904
3018400
11119680
9123840
72783360
5940000
10160640
89413632
35271488
26034720
90574848
78624000
35431200
58475520
2535912
78129792
16837632
32788800
20736000
5794200
10848600
95040000
43226400
16465680
23745345
49762944
64706400
78393744
18480000
61636608
60963840
30664704
29400800
18018000
25546752
4558680
64974000
66926160
2815344
12768000
53664000
37255680
36691200
17010000
11978400
33359040
28616000
13319040
36832320
6120576
31075200
6998400
17216640
28416960
16174080
20563200
32514048
11075328
50592000
24935872
15462720
3849552
16257024
40185600
5382720
36144000
12927600
77156352
10857600
16030080
34836480
1597440
12476178
12063744
28253400
27237600
28236600
13208832
25329024
36974784
36132480
27839160
21870000
55632000
49190400
70630560
51030000
31367952
45619200
51744000
46512000
120621312
40824000
64644840
49147560
11404800
82688000
48253920
21312000
22861440
12852000
49128768
17552808
38102400
11985120
26771472
80967600
59719680
66120768
20952000
59771376
18221760
37380000
23044824
15537600
141523200
11793984
4998400
4994784
6648480
19630800
34237728
33782400
62985600
45926400
1566720
4233600
47900160
41874944
15690240
47278080
42653520
7278336
28967172
5923125
760706
58544640
22896000
41997312
70761600
3564000
5389200
60622050
39513600
15315300
31667328
2939424
6651064
39375000
25546752
4042500
26473536
25006080
23973300
16277760
13034000
5846400
59000832
17791488
5531900
54528768
74656890
25733568
14728230
43464960
37761360
11303712
25014528
19305216
76204800
12420000
7032000
29472000
12492480
50778000
23100000
13996800
23284800
7579500
16783200
74760840
38054016
26477640
4480000
20666880
1579500
4447872
9434880
24494400
21264768
13003200
6623232
29106000
76734000
16934400
68428800
36691848
19474560
5034240
9400320
58867200
17236800
14191200
105840000
19813248
18816000
61696800
91476000
21111552
100964304
2652120
17146080
15321600
46921600
35844928
35850240
21838464
22132656
1505280
29397300
5054400
25612200
5160960
19872000
22498560
54271296
70761600
1682100
20014848
9049320
4149600
15857856
22425984
45922800
3369600
10692000
37001664
32148900
30481920
2637180
42981120
11489100
41932800
98366400
21902400
32165100
9140040
24684000
44877240
57493800
7257600
7354200
20917512
102961152
14937120
60825600
114332400
41912640
12247200
64954548
55935360
122135040
13629840
33181824
50109840
37013760
1946880
32780700
146966400
77148000
25155900
29729700
16193520
9671760
23161140
120150324
115655592
2594400
57620160
70808400
47579040
11854080
4435200
16848000
26078976
68707800
11353500
42768000
26073600
39374720
9697296
25804800
12519360
13975920
66313728
10886400
122439240
13608000
14904000
11848320
5996640
61350240
8262000
10668672
12600000
15240960
40417380
65318400
54743040
25038720
12240000
5953500
29279250
70588800
612480
578448
33323136
12210240
65786100
31714608
3702720
23887872
29030400
29467800
24192000
27283200
32044320
39375000
32400672
43552800
83386368
69285888
12245100
153362160
5347056
14864850
21865536
40509504
14031360
12960000
23855040
39506400
88128000
24960000
26777520
113286600
3010560
24591600
14859936
41382000
48046080
15455232
38781990
4569696
13160448
51226560
24576048
35817600
27518400
44841600
59304960
2333664
17781120
82803600
7153920
8709120
96012000
89369280
31593240
48847375
20520864
14825160
3093552
40716000
37324800
15390648
17061744
45532800
14641344
37933056
11254992
21403200
14415000
9644670
71648064
1062880
16735950
32205600
66236940
11915280
3742200
27330240
2471040
55414944
17418240
36858240
12954816
123577344
31795200
54297600
21611520
10729125
19404000
26576424
96768000
28600320
42411600
20629440
31449600
12830400
87284736
53539200
34283520
2866500
17470728
4764240
36214080
10721700
11765556
10276200
35568000
10450944
16679520
27993600
13951860
22752576
11509680
19383000
13171200
107276400
97817720
55301400
26237250
34398000
39567360
9313920
64665216
6793200
7735200
4233600
17929296
35300160
68622336
42806400
2935296
20844000
35557200
5992704
58631040
6220800
39501000
6656544
23362560
2845920
18410652
11088000
62995968
126403200
43122240
16956000
2240940
23990400
15847000
10499328
14288400
9931680
87318000
29065680
1005480
100018650
28684800
19111872
63600000
32319000
22545600
33179004
38338560
6520500
62208000
51436000
3967200
27433728
20268360
25026560
226437120
18954000
57816000
49795200
4535832
57401460
14061600
29719872
16296228
9929088
5085600
11378880
12505752
20108088
21749904
14574560
15667200
4730400
51135840
26635050
30551040
18869760
72432360
29631360
54285660
17203200
42479100
12277440
48952512
5197920
42456960
27571712
3799950
5769720
58306560
8748000
19747840
72963072
33338880
10475520
148176000
12756744
51673440
87008256
39103680
72990720
16801776
35793198
17136000
16769760
1466850
18095616
36840960
4965480
26334000
1467648
62318592
66769920
28740096
108015600
16111872
8493660
14515200
354816
41627520
26265600
79511040
28174860
8618400
3017400
58505216
21039200
37231488
25014528
3128000
2377280
32130000
16735950
20571408
59520000
66354120
18967650
65445120
17339400
17812872
19792080
9957024
26127360
40864824
26930880
9144576
14110200
