7646400
18817920
94924800
78693120
53089344
708750
21772800
127346688
47278080
20776500
17690310
2505600
13057200
30654288
26326080
58060800
17777760
65577600
2797840
51609600
20094480
11890800
94517280
22453200
32202800
21818160
6432426
4396587
46510200
114912000
41368320
123635200
8491392
2822400
34992000
68808960
165888000
29366064
17942400
14978952
53514240
7060950
64297728
10584000
38320128
11571840
27561600
41368320
1829520
13171200
5318640
6696000
47965500
126909024
21565440
30870000
58060800
17787600
6226794
4794816
25557120
42079500
59164560
19841472
97977600
2712960
41109120
11750400
6304000
25563600
47925000
10120032
71899800
61337088
26136000
8322804
15105792
9537255
5397770
21415104
21422880
38201856
24081200
56735910
7747740
59153976
2785536
7320000
3303720
8424000
7278624
22997520
6469848
2099520
29920000
17625600
14010480
40258296
41610240
6966960
2851200
41452640
19071360
7174068
8991972
18600000
73507200
18280080
15384600
3100680
79330680
42651200
16156800
23008050
11915478
42456960
17248896
13390720
11024636
13946256
26542464
53660880
76982400
2807136
28080000
53222400
15552000
12235104
134184960
3912480
26028600
39158208
77673600
34836480
67228380
61425000
44811360
29383200
2268162
30023280
26239500
21162960
47713050
39952440
13891584
16929000
22568000
3742200
23239680
35413560
26407080
36408960
26208000
892320
10669320
37149840
37324800
32331200
24494400
46106060
39220224
37601280
43845312
85196800
67726260
30965760
9322885
21321216
11975040
12492144
12055680
28641600
38359552
11016096
48015000
7838208
20592000
22096800
15567552
25401600
37342800
25855200
15353650
54286848
60353280
59657472
9828000
30105600
34176120
11780208
4113900
68584320
34398000
8072064
88792704
16692480
18171972
4488000
26784000
36034560
18432000
26078976
22651200
5012370
20191248
46399392
8736000
23760000
10716300
48199200
134355000
9007200
86016000
14469840
109480800
10725120
6577200
45757440
86688000
9028800
41420160
19131464
28304640
15938208
29352960
17576064
13287456
45287424
28876800
27816000
20113920
14065920
66835440
10010520
64861440
63479808
79490160
27972864
18545760
23639040
53933040
63201600
60773328
1404000
4560600
43061760
9360540
6996000
49797990
7131600
35925120
15950000
6842880
65312640
1857024
40642560
34467840
18050400
6609456
39220200
28400400
127224000
10403640
36723456
8885730
15523200
48495360
3143232
44982000
21374900
12438720
21928320
46437300
16339200
61236000
72327168
56349540
59579520
17672976
22579200
53430840
79624512
58705920
8547000
81178944
3000564
13530240
6969898
44706816
6294672
24115520
716100
16128000
11733120
8805888
15876000
2597400
55999944
21870000
23316480
26666640
57746304
17243100
7209360
18261320
30396000
63866880
15180000
32125968
19139328
21805056
163451904
30105600
11269440
30965760
12065760
10243200
36514800
19603584
18679680
113832000
53555040
47672064
6879600
3434400
52272000
4233600
11182080
5865600
91344000
44118000
1782144
23587200
9254817
36882000
8632140
4872952
76467456
93108960
11950848
13579776
3787080
25704000
20772864
54551510
11662816
16215936
64638000
58212000
4464900
2854208
7404048
19305216
90558000
48498912
28116000
54718104
17874108
43008000
6394500
6676992
60635520
67631760
28917000
44900352
48976200
3024000
74416320
21461760
16083840
29001728
24273000
8845200
29218176
1642032
35752320
8547840
63685440
60412800
36288000
18950400
17385984
25639680
32481904
18228000
18907200
16737840
7733880
16329600
17054400
42646500
15396480
23856000
25505280
13837824
1383200
21205800
60825600
100619904
25754400
14515200
56376000
19716000
9276288
25159680
38175900
9195120
5857280
79459380
20534400
44396352
91287000
22842000
3858600
24440832
143769600
8225280
37170000
20616768
13063680
31595520
3592512
34558986
64606080
21980160
52859520
35380800
22534512
6376320
22522752
70326144
35942400
7873866
77868000
20412000
10902528
30412800
7056000
29034720
81067968
11020590
88058880
74484480
14132118
17585568
4466286
4924800
6758400
22963200
18860688
86643648
42845760
14669424
14307840
22087080
29881600
78200000
53222400
35411904
4760640
10479456
35078400
23471616
14817600
58026150
18673200
26195400
12479040
25754112
84568000
22892544
22044960
8164800
35925120
16083456
69439680
9400320
43675632
76204800
4591898
25816728
13310220
12325950
7623000
113218560
35375340
138568320
38720000
30650400
34476544
25041744
14337648
4343040
52968960
6315120
31434480
35633664
42282240
86343680
37559808
41532480
16009812
29529360
18817920
24984960
19656000
65723280
1879200
12182400
6968250
20391840
4062960
6531840
29635200
53222400
14769216
1332864
44906400
3006720
14257152
4864600
60681600
14002560
18517590
9250416
41447700
77414400
94053960
59400000
60540480
15470190
136805760
13716864
6696000
41918877
57576960
13450500
71604000
8926200
39060840
104509440
10563840
22861440
96169920
2102100
14515200
22050000
4198320
1243350
121867200
13373640
140842800
3341520
33384960
59304960
12254400
18982080
44952480
4817664
34392960
13728000
14754096
11959200
76334400
5350800
30067200
33037200
9959040
53625600
5544000
22148640
35555520
44826624
31948800
12124728
873180
110388096
4029360
10393500
58924800
4531520
24701040
19691100
58777488
6363000
36609408
42595200
122169600
11793600
51438240
77096448
36578304
53424000
18083520
16200000
47784960
29568000
11297860
6870528
27078480
9833616
7163100
10293750
13989024
8272800
19166400
31104000
1580796
64122300
30151440
15851700
33929280
31488912
23950080
208107900
59619136
14933072
30690576
23761920
32788800
36391680
65931264
52272000
50803200
46725120
86301936
336600
51093504
24897600
89579520
104247000
13370832
42571200
14068224
4783050
36854784
31477248
22284288
20148480
6084000
3991104
13308750
36352800
17933400
26956800
12954816
86453640
37209600
4625415
3086208
4752000
28252160
18278400
17655435
22226400
3671040
40176000
43375500
125434656
19958400
9596160
27187200
26053020
24837120
6842880
48090240
28120000
8467200
3466260
9123840
14057472
11951712
18513600
36875520
97044480
26726400
42301440
61661600
36197280
6189210
4713660
21399552
46539360
32486400
62373240
19364940
17442000
42508800
17297280
48384000
56123392
6895200
47623680
116862480
52895700
12320640
48668256
35557056
14718375
28868400
6667920
14657760
25200000
35022624
16933224
26114400
71009400
54772200
5382000
16934400
88718976
13858128
3525120
29860110
2744280
5350800
147026880
39325440
16608888
15940386
54232200
10501920
48119400
31606272
25945920
7929600
18948600
9941022
27371520
18589500
6381760
3830784
5840640
48981240
23791104
16796160
16815600
29053440
10670400
24343200
45785376
70533120
87816960
19958400
32977425
5521005
85349376
18627840
6470800
23256000
35358400
19561500
12057600
43571520
30523392
119246400
21511854
45302400
18472608
10178784
69250000
79349760
19272960
24979500
48470400
52254720
52060160
41489280
51148800
60735696
51282000
25290900
44943360
52627968
15786144
66158400
67333194
729120
17449344
32123520
34909056
54208440
16008300
45110520
59549760
17690400
119316960
15218910
1471680
6220800
2494800
20736000
4173120
8681256
8887816
13389481
5010528
13154400
6578496
7741440
7371000
27645696
28615680
22378356
158760000
4632390
13880160
11419200
11113200
27237600
7699860
8372160
57177120
14288400
5439000
55161600
43804800
46830000
199065600
33246720
11873412
14700000
6717600
26768880
15434496
78708960
12540528
29462400
57591000
20956320
22099392
37584000
16621605
25439232
44724960
71124480
61364160
20756736
121768416
7786240
1207260
36416952
8758750
31322720
5292000
47025000
45897696
28296000
38862096
38491200
50286600
42008436
21060000
36876800
4464720
1281280
25401600
103948110
13950144
21168000
96698448
17554320
45457200
64374240
57106400
27799200
11403264
12496680
81566352
82317312
16473600
13500480
28076928
46949760
5029440
11815680
13440000
42514560
31046400
108523800
47502000
32986800
17750880
44213400
85536000
798336
42618240
9952488
4352520
49588000
47996928
89413632
7213440
8611200
31185000
7244640
98887680
14309568
14757120
74002500
44532180
14281540
13126320
11978400
13662000
16400040
20361600
21265920
74844000
39610560
9225216
455136
43903680
25522560
24330240
5831280
9583200
121347072
9979200
13923000
75582720
53061120
6552000
22842000
15941250
14476800
10340352
14657760
37739520
36708000
49497840
72237312
16953300
33605376
49274568
32798304
14728800
58327500
53738496
3883320
9488160
4069800
9676800
39690000
12343296
7670000
46725120
13699368
9687150
21232368
37250928
6336000
63645120
11360160
40174512
134615250
107075520
4390848
19152000
23115456
19437696
13628160
40772160
16511040
72959040
9828000
8063440
2446080
160900740
10069920
15076908
43436736
3091200
137894400
33246720
1906884
26769600
6573420
16500000
18312840
19051200
30788352
37026855
5654880
20984832
6300160
57081024
35354880
81031104
14697792
32928000
54432000
12165120
6279168
60211200
24948000
99360000
20561310
10565100
34642080
31726080
9961056
9230592
34749000
17271936
92897280
9360000
28512000
35191800
14531400
26611200
2249856
19729980
7711200
10647000
24057000
19858176
15126750
37721376
61940160
12902400
40843440
110432520
39372480
17996160
24948000
47324736
15661800
62208000
88384608
1774080
4987400
6105600
40824000
42830208
4649400
3378690
11132640
21772800
13107420
6191640
8442720
53022816
8927820
2905785
4190976
110808000
2822400
4066380
26768880
12906432
26320896
20807280
10735404
25012800
11012400
11007360
12420000
10042704
2566080
37786986
16364040
58868208
27095250
13494600
56833920
27820800
34836480
9180864
5568024
4371864
58164480
7803216
33730560
28080000
30270240
11176704
9611136
19803420
4651920
9486720
24480000
50793600
32022900
60936192
13832000
70087680
94203648
7484400
40029390
16625664
55491345
16136064
13771296
17544600
89812800
77695200
45410400
99337392
17419500
29937600
4622112
106404480
45304560
27089160
58777600
9936000
47278080
6336000
39744000
13665120
15606000
79591680
35684352
20127744
34214400
31185000
36246528
82849500
83397600
96018048
88851168
130253760
1473395
2280960
27632124
144693120
9643200
20774600
16183800
23417856
8848840
2331648
16329600
3581424
27941760
40122720
22658832
29877120
14413140
22083840
12231000
15567552
17471376
36720000
22800960
8573040
4166400
8346240
3246464
11216640
107308800
6504960
24520320
6459408
6654336
12898128
886950
42559020
8854560
8963136
77088000
11400480
47282400
4159218
6504960
23400000
23769900
51600960
36771840
4140605
80028000
15680000
17496000
77395500
38102400
8553600
63292080
3281040
15490440
13789440
10024560
3596400
26127360
36127806
10647936
69361600
32460480
30481920
16016000
40252464
16707600
21762048
44658432
8208000
10693760
13134000
318000
25141248
21852600
26093760
13939200
11286000
5624640
17226000
13168064
40884480
11444400
5005800
20995200
24703380
36644400
3991680
37564560
6084000
9547200
18409300
25506250
82270125
7350784
13776000
67314240
51217056
38707200
15618750
15558480
97182720
28385280
23828000
12538800
165888000
57798000
48906000
16092180
11952864
129091200
4988000
43797600
10669296
4212000
5079536
2029888
64895040
12606720
15367968
8482320
11446272
32831568
17729712
46256640
39649500
65044980
17928000
44513280
29087100
69120000
885780
28130760
19192320
2433024
30732000
25958016
1646400
74541600
11158290
42336000
5588352
7916160
5286600
13434624
18782668
4586400
15729168
66945060
1824000
2629080
31081050
19404000
29998080
80713584
17858880
33264000
34214400
67006464
55598400
23284800
28309050
13776000
29343600
21591360
33096960
13104000
89812800
15289560
21288960
11793600
19504800
158054400
41017464
9750528
35897400
56504448
8540532
15876000
30336768
35143680
92897280
6806880
15140400
15746400
5248800
28940800
36427776
92093760
28576800
2642640
48822912
17362800
68388000
9955792
43636320
34131700
36869040
41990400
36052926
58481280
11916450
29082240
23969792
8130780
23863200
2557800
15592500
46670400
22160384
12925440
1811808
5721600
101088000
14217984
12117600
15482880
19048960
81012960
8216208
28812000
29548800
77112000
49674240
91681200
3843840
62954496
35380800
10877386
23629320
56160000
37896336
20049120
14696640
29981952
6666240
18557448
13865040
24148800
19631160
44352000
11617760
15500160
4603392
27566112
23671872
5556600
11203920
26035200
82385856
159667200
21500640
22208256
83897856
39600000
65277576
35581680
33784128
10082016
44789760
8363520
37836288
9541800
62326656
10206000
23587200
13126815
19837440
39330000
2923830
5239872
61538400
3758400
11868000
2634240
29680000
32460912
11887200
20375550
11099520
56034720
18156096
56189952
13693680
34800192
17113680
5818176
71089920
16625728
57576960
36936000
999000
36310176
20704320
8074080
5711552
7378000
21614400
31136400
9056320
11854080
4467520
2938320
648000
10533600
30910464
106588062
4377600
50709120
26040000
85536000
44876160
11897496
11535696
6792720
36691200
6682500
27941760
1388520
53766180
19247760
26389440
46425600
4665600
36970920
61992000
37984800
16793280
39168000
10695000
2765448
65400048
81453600
43625400
12176568
12954816
6998400
7325640
16692480
5080320
21252000
27027000
40435200
32598720
15774528
10144512
38304000
95725800
44401500
94198464
11896044
152697600
40936896
16632000
7650720
9088200
79470720
104834400
29859840
14057472
5405745
8338473
105435000
9261000
13040064
22729980
4977792
25953696
37920960
12859560
28933632
15966720
43330560
5512320
13824000
11648400
8640000
12037410
27848448
46590336
19284480
40909050
31155840
9757440
3094938
82473600
50561280
34927200
39859200
26357100
63256320
58272480
38283264
66048000
13744080
2569050
23023000
81607680
4762800
2699520
19472805
11150568
62610240
9706320
7594752
17156160
64735200
34969536
6578880
67359600
41013000
15510528
42831360
8347680
7977420
22913280
14370048
2983296
12208320
62515200
20321280
29880900
5343744
2160000
4104000
165102300
17410680
4308480
93330432
12579840
33312384
5322240
20744100
77414400
17860500
104198400
70959840
3289104
20381680
7282800
4533408
8662500
21565440
104698880
8279040
6736128
30355200
41817600
15048726
13970880
23063040
30643200
24131520
8164800
17418240
6955200
12052800
4082400
23512272
5559840
24749400
12088440
33488640
16574544
51810000
24192000
27820800
33638400
25710048
10767680
28947456
32760000
19595520
72172650
7361792
14592000
41640480
55689480
25257960
25546752
22619520
16184480
11566800
20717424
23631300
9422784
22331904
29400000
1685600
39688704
7549920
68745600
36661248
16367616
1422372
24835356
14158800
60484320
38776320
6332760
24528400
2280960
6562080
10886400
11518528
62177544
11766720
27713536
43953840
2149686
2419200
25038720
2456160
19227000
23208120
42223104
7603200
52219728
7365600
44849196
90604800
35327232
70761600
12279168
1211220
46448640
9792000
11718000
29937600
52751790
13370160
65318400
38384640
46569600
11302416
41287680
37200384
19595520
30730752
3967040
14273550
16270848
2496960
23311360
5334336
22581504
40332600
30618000
26949672
21601902
51093504
10089360
8408400
8687250
30365280
40525056
15622425
39890880
3062304
1889550
6969600
18018000
3572100
4717440
60439932
14732928
11249280
24740352
42688800
75457536
184680000
72624384
5314680
34772850
50803200
57571200
21631500
2550000
15851520
6181560
49146264
10707840
28512000
7704576
51395760
9844736
19874400
12192768
1347192
11814480
29400000
32931360
14208000
15863040
28690200
27712125
95094000
24261120
34153812
3228120
9180864
36799488
10838916
18132000
25879140
21158400
83950965
51504000
50112000
3143360
47108096
37920960
31667328
17235504
10085040
41580000
28333800
11491200
19596480
16354800
9408000
19204080
5096520
49282560
58060800
80507050
5342400
148122000
81619200
5287680
12822216
57172050
70543872
46638592
29973888
14192640
34170360
79478784
58555008
8273664
8356608
17778600
15343776
2358512
728640
12150000
7811856
38102400
73780000
5568000
50877600
14515200
47456640
9769152
10644480
11082240
6394360
44876160
9616320
15554560
9450000
15454800
4727000
16598358
14563800
59404800
8190720
5187600
4298040
40103520
19404000
11299500
21775572
76592880
50015232
81430272
31990140
32380920
51490080
6403320
24840000
53298000
36341760
29970000
23108400
45489600
98496000
8005120
53424000
36251712
4899000
26864640
20077200
88792200
6274800
14131200
116121600
3511680
16727040
25297920
21986640
24966144
27095040
32254848
174960000
3235950
26671680
35633520
45395904
41731200
39513600
7956480
8724375
18580800
13905000
13813800
10523646
27867840
10369065
17511360
30096000
14616000
11454464
43286400
16638000
9979200
45239040
43130880
22680000
46730880
27724800
27993600
37497600
7550400
30481920
28230000
57410208
31711680
88387200
13216000
8895744
24516360
36661248
34358016
6200064
67020800
8301408
28366848
80203200
3013920
58687200
57620160
13708800
2052000
170537400
39429936
3792600
40979520
82252800
54363960
57507840
15200640
26917800
34668540
7872340
63797760
51614640
41304900
21130200
3995136
11865600
25629696
5986100
51093504
14152320
67564800
5445630
13613600
7674180
5707240
35464000
14357700
37013760
38419920
31190400
46734732
2954880
2284800
10340352
3732480
5613300
119808000
31352832
7484100
13500864
42120000
29213184
14416896
23619600
18421200
1715175
13366710
7051968
19431216
47900160
38304000
22968036
4903416
15523200
36229830
837018
26732160
34383360
26361000
33291000
54012816
42378336
19858176
18867744
92904336
46840950
14826240
9147600
86329152
17687040
68700960
6894720
3532032
17473536
19768320
1767350
45287424
37920960
8515584
75569760
39227328
91636860
30106560
13320000
2394000
6771600
26996970
11950848
90496032
33652800
24240384
3949440
15206400
61248096
20300000
20357568
28465344
33242400
37200384
47174400
4915680
117190656
12647160
5938920
37002240
6497920
7392384
9676800
2199600
1855350
4185600
35743344
51455250
102816000
41640480
39705120
1109346
75040000
153146448
49785840
32884800
4246920
31136400
20465280
16058700
27324000
11975040
7931520
16387500
16693248
110223360
1589432
109052784
75811680
10689840
24022656
5850576
78262800
64350720
50730000
14959080
16507920
62270964
99147510
15693600
9085344
3194928
83106000
50948352
10715760
41977278
49008960
31000320
36415600
41990400
58028400
1648640
16976952
5216400
21928320
6607440
26754750
12171600
56005200
113218560
44748165
24279264
38126592
9144576
17418240
40014000
19389348
10416000
36288000
10944000
61737984
66924000
38099040
67806720
10927872
21578400
29952000
38518920
14036000
43234560
34350480
43748640
62092800
18878400
18393540
107640000
20196000
12103020
73513440
36634752
2053200
80570700
65425500
45964800
6900800
68789952
14511744
77425920
107811000
8806000
6133248
55289256
20120400
5171040
30067200
9825684
47300880
33134400
22874880
54432000
32986800
3843840
10777536
14880000
9831780
25950288
19958400
30769830
22938615
4442916
26376192
57697920
4425300
16244928
48762000
10986080
60963840
16353792
3828720
20592000
9643200
1895712
26918892
15437664
212812800
11440128
45964800
5425000
31274100
48988800
18568368
44847000
74511360
16684650
11199600
12558240
39857040
71539200
6481728
50155200
78300000
52462080
13418496
128913120
30412800
15902208
57653400
13612320
44029440
10501400
76446720
64008000
77728896
20528640
71547840
17273088
2833350
101068800
22767360
22160640
23056488
19958400
4932900
33055776
10904544
6048000
6704568
24504480
102286800
7960680
29808000
19936000
31795200
73102464
63037440
3758400
33359040
51267600
85322160
39916800
4371192
21322840
33947640
6499584
32947200
38782800
16292952
13613670
36191232
9951900
49871360
16275168
9647820
30602880
108416880
42456960
13857536
18176400
48168960
37757440
48607488
9696960
100776000
1802304
20849400
16243500
58997484
87090150
112020480
6306575
38432394
31946400
5406720
301920
45771264
40435200
16934400
16964640
2142720
49920000
9630720
30108672
10923120
66376704
10311840
19890000
18018000
50641920
13429592
88092900
44915200
5443200
48542208
7705152
92763792
20018592
4881600
12828000
36037872
6652800
31223808
1197504
6679260
16763670
3367200
52972920
18295200
18493632
26562816
12703590
140693760
20964060
14784000
68999040
36756720
49641984
5120500
37800000
52972920
40158720
69221376
44236800
2840592
8923200
67896576
8600256
38556000
44622144
61965000
3498110
22140000
58685040
52678080
16228800
73056672
44478720
43740000
15003648
29859840
15713280
1915056
64030720
8709120
39895830
32186000
28194240
23018400
1111320
16645824
5572800
8816640
2854764
15855840
52617600
17719380
22952160
113050080
27147120
34015800
46006272
23328000
86651040
65028096
2187304
28655616
63783864
83916000
2718912
26208000
6105600
41303520
12888720
12818000
45467136
41943000
13645632
12362400
6539130
34278400
64928871
34836480
38220000
24675840
38854656
1237464
2196720
175104000
18367440
56255472
20766720
117504000
42184800
44521360
8179600
46448640
32901120
19500000
13381200
19764000
24403470
18486720
42865200
5840640
80847360
23490000
122279040
4091256
1821600
65590560
85561056
29736000
19872000
12491388
9593100
6791400
13797000
33177600
14025000
36771840
5585580
67931136
4003840
4890132
4782960
26417664
66389760
6508944
31922016
11093355
15825600
115655040
63504000
14960400
55520640
4927068
24449040
18712512
13977600
19100928
38808000
28852740
25444800
23846784
21168000
14307840
33389928
51321600
34182720
7015680
50319360
82736640
37739520
35380800
123076800
39299520
8246700
55512864
101952000
12492480
19686240
5161200
27820800
45309600
70174720
43076880
26352000
9784320
63866880
58786560
5011200
6678144
28012320
104958000
23522400
7258680
21431520
31912704
1895040
5691840
53647360
6361110
8446464
146615040
23151744
18855936
95904000
26845952
12342000
66941028
49505904
53003160
52640568
20241760
43688960
14643200
35851200
88058880
4626720
54639360
66749760
41678208
10103808
5598720
75366720
14851200
95233320
88939620
21375900
78262800
56401920
34809600
60174576
42810768
14720832
10670400
27664000
48384000
121593600
20528640
4795483
53329920
10267488
12215808
19332810
14596264
13044780
48024900
29293440
7174656
51554880
7012980
18522000
25833600
10584000
24577434
105753600
23522400
45108096
67737600
18845568
2993760
37415616
32273325
32828004
12474000
53760000
6881760
20841795
3129840
11383680
17870400
27428544
58968000
13359000
23958000
42729120
5514480
30336768
12296704
8074080
45560880
95473920
14331240
11321856
18540480
64719000
39405000
19339320
12418560
6201360
19657728
42250680
1591920
16308600
9147600
24624000
52946460
31798800
4189320
10044000
24192000
33707520
37876608
42127360
19837440
62146560
13423200
3261760
73483200
96096000
12156480
63148800
17496000
25152512
56609280
16292500
5042688
74250000
9933840
31268160
9313920
38486016
34444800
12041757
63648000
12989664
25190400
41553000
50270220
74882880
18727200
11031552
35458560
25415040
25575264
14902272
22857120
14256000
10333008
12579840
39647400
6858500
34398000
20412000
6862050
65509840
46400850
6501600
36761040
12498750
65197440
123731712
38211264
39936000
4409460
101606400
31109120
24805440
21829500
21420000
22237600
20168400
8648640
17962560
17772480
2064384
45341856
3265920
4268880
4395300
1465776
93177000
48681990
104064480
30886464
34523658
3336000
28143000
20845440
64152000
15863040
62161920
47736000
9341568
24617160
23336544
28788480
865830
1413120
34437312
26511840
69039040
42456960
23473800
5875200
5490000
3201120
12579840
24449040
48600000
17736576
9110400
4742400
106242048
51175950
14154030
30113856
3873744
59098320
25446960
72072000
955136
89812800
15944040
17780224
40635000
2774772
40208400
4411920
29836800
8664040
5974650
16000740
76769280
11819520
16982784
36624640
9959040
74722500
3399816
143078400
5068800
14628600
50479200
69743025
7181244
6431040
27010368
16524288
17731584
6550460
3419136
4515264
22386000
18016614
29734848
28485600
76546944
39312000
44894080
13618800
74692800
35747712
88780800
54097875
29270016
48510000
10692864
32514048
16519888
39690000
26892866
23952915
6488064
135021600
1900080
26925696
36481536
12801600
161280
36036000
8870400
5783400
16385600
98512128
2407680
29514240
3775680
39198600
36197280
40558320
21772800
68402880
42162120
20240400
11566800
5690580
50319360
53703000
73801917
39948480
107721900
30935520
43470000
36960000
42007896
3383424
14531400
30805362
13547520
1684236
2217600
8922960
204664320
21356544
17313912
6388200
50829120
23654400
15737280
3293862
7569408
34328448
128397312
10483200
70253568
91770000
17245980
25477632
38352000
33782400
24192000
86220288
14152320
131863200
5954652
35191800
25236960
15516160
33487344
42401975
43135092
21006810
16978500
14229000
29952000
31994424
7128576
5987520
9377280
23983344
10117500
27675648
6109545
22654800
21121884
27143424
44795520
65959488
10995600
43787520
13187070
52818480
110084832
34496000
38782800
11953656
10657152
51329376
35831250
23708160
15514200
49671168
6862320
119808000
26438400
37064592
186486300
73483200
28508508
31726080
7381440
28620000
46267200
8478000
3067740
30512790
73855152
34487856
37403520
38491200
7603200
38880000
11757312
43891200
16329600
26372304
44608200
77814000
63423360
17375904
56966400
77760
9807966
36288000
33529800
1345400
24053760
95256000
40704840
55238400
26254592
37168600
59077872
7068600
8499456
35033856
18759330
3431232
11525760
35109000
16344180
5391360
30342144
96096000
12776400
21135360
2396952
13810500
34473600
38610000
5040000
5488184
13108480
1449360
86153760
34095600
75442752
26244000
37911552
68283000
7056000
26491500
49533120
12902400
9909900
24057000
96653088
17472000
45045000
13848576
82243700
9206736
1886000
6201600
15240960
59588100
17344800
48988800
56061720
7761600
5795712
6621120
3853200
33169500
19950840
2914560
7338240
31868928
48384000
22871940
46147200
10267200
2745600
34836480
39087360
10044000
47424000
20525400
65390400
40716000
12291840
20155392
54587520
72064080
2579850
11240208
5013960
45253728
39980850
124107984
21073920
75387510
70917120
108908800
38016000
5713200
5598720
15724800
37449984
31046400
22960000
42762240
24504480
76464000
146810880
24259200
11480700
18889728
6238080
26061035
1781760
24959232
95413248
2265000
31933440
24986880
23950080
23446500
11235840
35280960
32610816
51710400
40190880
6024942
23320800
3691170
12708150
9576000
40061952
57915000
16959200
7344000
9828000
16883100
8208000
48909000
34583040
30520800
25731675
7091712
27955200
24984960
4334400
36456000
23846400
49904640
7761600
2592000
37014912
96256512
24606720
62100000
46332000
14005992
16377840
16941312
29702400
26136000
22239360
44029440
9446400
11144952
2779920
7526400
42722316
39529728
63037440
105840000
10570560
126640800
9621504
11556864
2769858
17446000
27216000
32838624
16268700
10319850
57784320
9601200
24897600
11022732
41731200
4885920
10368000
20342920
10604880
11975040
17226000
15521280
30579120
50561280
13063680
66484800
46819296
14463360
21708800
35528625
73072800
92791440
91838250
30195000
3433080
22566600
21238200
8160768
15137280
46180638
6999552
18966528
41184000
40940640
36138960
28127400
32486400
8670480
24867648
17851680
1088640
33754656
37573200
22725360
17856000
29030400
18441984
9447840
44879900
3804360
29350530
22680000
35875164
49896000
11712960
5000940
69818112
13687296
34886400
28153440
13124160
52465536
40824000
15693912
16604784
11201184
78654240
37632000
12174624
50495488
32717520
15311520
35925120
11612700
41950272
6469632
14499729
16257024
36973440
19169280
2093850
7484400
58060800
12882240
228228000
73198080
87091200
19622400
44352000
81829440
2939328
78877071
19605240
28659840
22689900
20742480
1213056
39674880
32319000
53343360
63292320
25401600
11530680
9559440
49040640
19743750
37425024
9568000
61725888
12859200
18330624
34255760
8727840
44728320
26644800
35451108
9772840
11088000
23639040
23047200
35500800
133436160
18166680
15364440
20920320
42456960
7499520
7170240
11105640
42793920
48898080
44540928
5374720
47919600
40108032
74027520
34098090
64593936
46200000
15123264
83952000
1746360
11143440
9147600
10509832
11222400
9082080
5080320
5644800
13219200
30139200
2716560
2778300
50641500
3182400
4740120
14100480
107339904
69436800
7801920
76982400
30912000
18278784
9444864
32810400
8141232
9318400
62208000
15095808
75264000
7840800
31966560
6555560
19206720
46666620
142720704
60328800
15073968
21732480
80640000
176576400
27095040
16675200
5778432
46754400
16014570
9302040
44399880
56318976
78463350
34741224
35712000
32951016
7644000
66718080
34356150
12029472
16281600
70936320
7134016
39062100
10266750
53343360
47481000
158840000
9106560
12791520
26392128
11241744
24912420
11943936
8363712
22724416
12804000
28814940
32006016
52767000
31231200
30553600
8943480
10232640
13575744
17970900
75675600
85571640
17050176
8452026
33606144
17781120
18110400
11980800
44808192
7805952
41770080
14757600
75240000
1451520
102960000
5821200
55071900
11913300
15757536
97912320
159744000
9951868
21849696
45964800
22968144
11314080
25079460
66415104
1548400
29836800
54792192
16934400
6402240
32259840
22604400
47230656
53439750
27855360
23517060
10348800
44504640
73690848
36191232
29592000
3890943
27270000
3893760
11969100
36252000
61725888
32313600
4860000
13214880
20808000
38678640
27243720
19180557
42962400
65536000
13440000
4324320
52954560
3733128
37077120
16988400
16656640
15103200
13641327
31334400
31104000
2471040
82944000
46700136
98017920
31818150
37976400
9334941
19968480
15049482
17118864
18865000
17309160
2923200
6967296
10938564
5702400
52677516
3064320
17544114
104482560
36154188
94590720
60984000
4069800
15259776
63973800
26783008
45619200
39137280
10653120
30326400
12312324
29498112
28055160
28148736
83635200
12870144
6289920
20003760
95952192
29201536
14968800
35534080
16381200
45562500
19323304
64476160
13530240
9434880
16898560
74342800
7555275
47589120
15717240
1695750
4942080
37736280
68584320
25660800
3948360
4838400
5540832
11934000
33368412
2722320
2853955
7375500
49124880
3126816
6507900
1909824
118195200
354024
23025600
7371000
15552000
1336608
777600
63645120
13231350
14696640
46272600
27521024
23062914
65691648
44352000
8640000
14200200
4680585
16230240
16092000
17639424
53323200
114240000
4762800
17247384
3523968
38021760
34525440
26083200
29117880
20968956
53978400
15794064
32307660
79833600
27993600
36288000
23284800
46037700
2728000
38438400
43819776
30107000
10490760
3360000
6032880
22054656
40979520
5083680
60090240
3951360
6766704
11395440
35640000
18040320
46728000
13988700
20020000
5802720
29628720
28728000
22805190
5978610
4742400
32366880
46707840
8175195
61506522
51109344
21840000
34927200
3131310
11307168
12042240
39375000
69854400
26082000
51093504
121363200
87494400
26121312
4147200
10168620
40423680
8315190
8139600
10922688
29397590
33939360
62092800
14447160
8488368
8019000
34473600
23860656
14469840
1292000
137592000
120837024
5612040
19837440
37800000
11547360
18773244
2671020
9639000
19740672
17979192
37065600
54324270
15480000
3035136
77332320
11059200
28283904
113579550
23502960
8182944
75998160
41731200
18098640
2095416
13759200
44226000
21395556
7058688
82328400
3591000
70875840
82031040
38610432
135348192
48609600
55812240
60000480
11289600
24455520
19543680
34175680
23502528
27941760
26943840
8053760
42134400
28651896
22676160
19768320
12673584
22767360
34875360
18960480
30481920
3018112
39207168
5110560
44900352
12991230
19641600
44792175
92169000
13039488
3136000
39787200
32167608
145800000
52081920
22208256
20502315
4855200
6277068
70383600
2903040
51710400
25704000
37255680
21152208
101473680
7672320
1740000
179820000
32192160
29858400
24349572
27027000
21732480
25850880
16118550
20974464
65790000
32619600
94517280
39690000
13685760
44782080
28304640
1948800
41523840
4014176
23358720
40185600
15423000
27828864
16149375
24148800
11836440
26178240
28690200
30739500
10487232
12117600
11870280
64310400
27086400
13680000
3881696
15873000
75385800
33534000
37285920
73120320
83160000
2419200
74440366
90294750
6722100
49963392
35541072
23002056
12306840
12160512
73858176
11531520
5159700
66528000
47087040
11592000
3837240
786240
6586272
30794400
57499200
39984420
46539360
1683000
32598720
12896880
14004900
35223552
17781120
25401600
20724060
78075900
14767872
28740096
16919064
10886400
17387040
66769920
92897280
11923200
33872256
55036800
9253608
16859136
25418016
165473280
8205120
8580000
10095840
6048000
27799200
7516800
7570500
42301440
55218240
103638528
14580000
70069104
3143448
64929600
20900160
12555000
14897520
20311760
10982400
14515200
13212600
2935800
93814875
887040
18475776
8704800
6188832
44396100
48642048
20448450
30406200
131085864
33530112
8253840
77865984
91334880
4509675
7779200
52509600
27518400
30551040
740544
8938944
127290240
4158000
52416000
949015
26664960
20088000
28372320
10607520
3414840
5873280
41986560
47122236
49336320
48859200
19833660
10178784
5059200
60202032
124750080
51826320
27869184
33699600
96973200
42706440
33359040
11531520
31819392
4321512
31168800
11819520
11773696
22080000
33675264
26056800
16543440
52607520
68085360
14779800
35628255
41423424
23934528
27074880
43464960
19768320
14483456
23846400
13505184
14518000
8445600
84196035
4919040
26569728
58544640
54892080
19535040
23500800
17781120
55207008
36188000
18117000
8870400
43700608
8195616
33790680
25998336
31525200
3453516
96526080
31960800
97927200
47900160
12841200
102985344
71087436
21294000
2122680
11289780
2423520
25038720
49140000
28458945
7153920
48771072
15249780
21879000
13761000
14121864
72902592
58449600
6549120
13094400
2965248
602112
27938820
49271040
4704000
51321600
47764080
34819200
32042790
58117500
47798400
61326720
28024704
14370048
26650624
14480640
14364000
2999808
31363200
6609600
8035200
30161664
8276688
23110332
9360000
2922480
6808500
33105072
5559840
22838400
8553600
4874240
22126860
23514624
6912000
34992000
6894792
10732500
8200764
33868800
6237000
25701984
4910400
25646544
40642560
31104000
149276736
12584000
143629200
28243728
81838080
40166280
5798520
7859808
8086815
6897240
28366848
35830080
37975392
28229760
4974480
16588800
52254720
25147584
62899200
37830156
10614240
5853960
7984340
13590720
55417824
18651600
22455720
37062360
10644480
4084080
129558528
20286000
95551488
10327500
20093184
12355200
9622800
54101820
15724800
39294720
81180000
15493680
28304640
52509600
51840000
20200320
18832500
17362800
62441280
4294620
23377200
12083904
19921728
6451200
86043100
6667920
79027200
10228680
67032000
44370000
64115316
31752000
15932160
30023136
2708640
9072000
46885392
114734400
30018600
44478720
92016000
50608800
36108288
12840960
13208832
10391976
88963875
58653000
93000960
30769200
21542400
14701500
32052240
31135104
32783616
75955968
5600000
21067200
12108096
48535200
8125920
146966400
76681080
25635456
32145120
6653952
74649600
18849600
38498670
5208840
75085056
44877240
19906560
6177600
34003200
14670720
43411200
6635200
22970376
18604800
26597520
55761615
19792080
34407360
1426250
19595520
31518720
19147000
12190500
45975600
71565312
9223200
18264160
48510000
27147960
2763072
42831360
50918400
19071360
5821200
10810800
39180960
38438400
12990240
8257920
107321760
99878400
9530640
12201600
22471680
100465920
16992180
53989740
22708224
15091560
34865460
24111648
20406360
20820240
10810800
50417640
9792000
92897280
12121920
14112000
75294720
5958400
14224896
35563320
8890560
97314048
4599504
7148925
27337500
39372480
12190122
11888240
30132000
16128000
103514112
16632000
97977600
24039936
46200000
78382080
2159136
49555800
9712640
53146800
23794560
10764336
66419136
25176960
56073600
36590400
18574500
12312000
5987520
10834824
11491200
35403264
43502400
10953600
21252000
82051200
7645440
36674400
21294504
24364800
13253760
11430720
14764680
10338240
19713456
49248000
22032000
18708480
27965340
4731780
161796096
6758400
16364700
4792095
34218240
20837376
877338
20067840
4561920
19615680
3825360
5143824
77629440
137332800
22550400
24261120
25198560
46986240
3534096
18659520
1440000
5564160
51264576
113587200
8131200
19046400
19958400
18103800
26012448
1279460
66162096
36887046
7043520
31116960
48432384
36928080
39988080
21692064
15981840
45419940
12874950
35735040
10810080
87816960
8192000
21575680
31752000
3807405
13478400
29852160
12277440
13053600
19992960
7904736
9999000
28804160
9878400
62505432
48750000
28788480
1196160
56015820
21610800
26114400
27060480
7088830
44980992
52254720
14256000
8002800
7783200
2589888
16255450
34569216
6318000
35773920
16293888
15029280
33247872
6739200
27585408
15550920
21669120
24556000
12130560
39293100
41263488
16188000
7076160
5004000
3217500
27287040
45864000
49572000
12804480
10951200
13755744
27367200
17962560
121951200
54334800
17526124
23152500
58877280
7722000
37237200
5339520
10059504
9209984
72670000
13644444
16616880
3456000
2993760
10795680
29203200
23474880
38737440
37594368
28359552
7318080
37908000
12042240
22572000
17194680
3068800
30899880
40682250
60963840
17569200
26530560
9936000
40075560
6080256
49721760
20275200
49029120
5036976
29145600
13172544
41840640
12936000
67495680
7756560
40934400
95701320
14907200
34984800
42388920
26209872
19699200
66290400
33122700
29652480
88535040
48921600
22488246
27086400
107452800
48037248
8515584
10690407
36529920
71270400
73051200
842400
69661296
63693440
10949400
76204800
1447335
19958400
11020800
45534720
4723200
5085504
81081000
70425600
9676800
26373600
9565056
21804000
34272000
22395420
94431744
5386500
10806336
22291200
22619520
7631540
46039185
4028140
23156210
14716944
2293946
3348324
69443100
9733248
13202784
2649600
44974080
41368320
3317600
40517334
71400000
10164000
84672000
80512236
46470240
16842240
39667320
87115140
123114816
51083136
17472000
19241280
29157744
51413544
20995200
40061952
54968004
18110547
3325140
21636720
40120704
7580160
62000640
25225200
34650000
30209760
25552800
18432000
12994560
8267080
80574912
20974464
30178512
41164800
10771380
50863680
15221437
39225120
11760000
16410240
14428260
7630848
1191300
29106000
6576960
2998800
8626176
11880960
37324800
40562340
60652800
41435625
44383696
16394400
5356800
8338302
45007200
28632240
18974340
18992400
85899528
19577376
21051576
6747300
43391250
3676320
6336000
10497600
20820240
16170000
30873600
8874096
11816000
8771328
2668800
21432600
61519500
6384000
29238300
3785600
5882112
7783776
11348640
46257120
52920000
3283200
11708928
12093120
110446848
32174688
9072000
36910080
47839680
20849400
26749440
33657120
388080
18018000
23975028
52254720
13658736
50820000
56700000
2021600
30481920
44782080
10054800
35429400
11462472
22969600
10523520
7664280
20284400
21263256
88252416
62899200
28339200
11504052
58900608
44323200
16329600
60480000
14394240
25132800
155844000
32604000
21158400
35006400
63296640
12577500
43076880
14320800
11807640
65675610
20709000
14262768
3852000
10504032
30518400
20601000
8255520
47005920
11557728
45696000
14995800
33586560
9446220
33866880
40550400
68423424
79050816
67527270
22044960
96238800
2925000
7076160
27869184
35078400
62153952
65707200
44478720
57647520
6782400
28656180
22761648
31606848
23786784
95340000
28441935
17690400
29696544
15805440
135837000
24364800
7892640
16054460
91985740
24569856
26278560
37860300
18960480
23332320
5406720
37310000
32466720
5417280
89579520
128304000
13434624
17487360
11119680
22012830
50355360
13604760
14915340
44789760
73927560
24748416
3788928
35184618
38828160
10991232
2369598
17336592
4861150
21542400
4008960
55883520
21798720
6315988
36140544
17792082
39372480
7804944
19305000
14394240
15567552
10528320
13081068
4422600
11245500
12127320
108950400
52416000
17790528
112586760
6290944
33750000
14999040
26528040
37354380
35712000
20412000
11289600
35481600
9702000
74649600
12768000
20218380
39593505
14034384
104509440
37067520
27099360
8440740
10896480
18612552
34712064
4920750
21806070
22550400
21366180
12959520
14042160
44784000
3321120
14868000
41965560
17647200
27310080
16765056
5987520
18499104
56460000
6082128
29106000
21024000
39645312
69189120
4477616
38624850
28286016
25149124
10080000
33204600
17955756
7048944
11575872
12177216
17851680
1363250
79018720
4478976
13912800
18869760
81776640
42661080
12974500
42340320
22096800
33483912
31331520
32745720
22050000
4595160
8838720
31752000
11588265
25038720
1345500
26611200
34736625
33981120
11754600
29799000
32659200
7554080
61689600
40738464
18409200
9605120
55274240
17534880
1590435
12356280
13165200
58705920
32997888
37920960
54366000
16390080
65016000
107937792
2850512
30515940
36291080
24218880
35163072
32804352
12130560
52416000
11249280
33415200
48988800
57002400
73224480
19166400
59100030
8571420
11962080
31379400
50893920
24192000
24105600
79934850
6199200
10136880
6635520
13072752
6301152
6192000
12916800
17771520
37065600
8601600
20623680
6630000
2477376
12713688
22325184
4472496
2821500
51542400
48384000
32071680
22923572
6735960
15672960
8801408
12710880
32834340
5660928
65385600
20139840
34005270
61710336
13796640
10845660
17036112
98058240
6577200
20613120
22550400
63787500
6526800
30566250
9590400
53281800
29774880
5806080
11907000
1253088
20030976
9158400
83980800
13141440
23651760
2864160
7635264
20820240
4524660
7580160
29206320
19343520
59139072
63321720
8382528
8268800
4140720
2952000
8026200
22669720
5626368
22464000
52982748
41446080
16053264
11048400
19388160
19152000
141120000
35590752
12579840
13932800
16363620
23466240
11369600
28340928
53654400
29176840
16236288
25704000
33868800
12925440
21450000
57827520
54918000
11212992
61038432
9797760
145515888
9202536
48157200
32422000
28955160
3110400
25316352
17028000
24109488
73267200
38195472
24024000
20641600
28728000
10967040
4189250
12639360
17305600
1336608
76243200
41748000
17036800
1935360
8386560
39911040
10445760
29332800
7749000
25633920
34200000
13366080
9145224
16621200
42028000
37698048
5856480
43685460
2764944
8002800
55296000
10913175
36626688
40564800
20493000
3220528
41225184
27518400
54854280
13996800
13484900
42336288
18070640
61416576
11607772
15182208
29703744
2949750
13147680
4857600
3730536
41877000
59875200
65445120
11901600
10777536
18115200
34889400
3975450
7182000
139566240
11848200
5217476
98392320
20606400
70656000
21498750
24235200
32138496
23865660
544104
28249200
8334480
79279200
6938784
4838400
18532800
10530000
4377600
22579200
110404800
2280960
24766560
34689600
138600000
220796928
40068000
25027200
3293136
29124480
2395008
42844464
89964000
3524032
51438240
45163008
27910400
66779712
74662500
35979264
38707200
14694240
28512000
25882500
34731840
138883248
49986720
28304640
19603584
4530816
2880405
60496128
11605884
133693440
26040960
94348800
28170240
124291440
43599920
66150000
2611200
44136576
105336000
120268800
69672960
7345800
45499776
9745920
22861440
7158294
46886400
20901888
24948000
53270784
24371200
7698240
64186560
43182720
84295680
85190400
14203904
54166560
21384000
13389696
46966500
110428752
17908128
16286400
26611200
29030400
26880000
4314600
7132840
21980000
34663680
14855076
8553600
3583125
76876800
33530112
8835750
33914880
7049140
17074800
36953280
33256080
46040400
39690240
5517072
14031360
22414854
8229888
5131938
5182320
9082080
19686240
7620480
43946496
4054050
29030400
2511360
22000512
10862592
7200000
34884000
1397088
18009600
7469820
17139960
58500000
9744000
9777600
1886976
26018824
10810800
110550000
22680000
42120000
53089344
73483200
5955840
58968000
68708250
79842560
12636000
1840440
164919040
7992768
23950080
16007120
11950848
58786560
30326400
17875200
40061952
17986920
14994000
48156240
45693186
19751040
637560
11844000
16956000
43400448
14472000
24076800
16098264
11734400
25945920
103500000
27264600
16374960
44323200
39355200
31166208
24255000
27227200
17236800
36936000
72591360
11475000
82449900
18900672
123832800
9424000
36791040
14447160
15134680
73710000
7366464
41932800
18688644
43806720
34191360
92534400
76658400
833976
2376000
2395232
66049776
8786880
43872192
4360500
18856320
9208080
57780000
14364000
74848059
41550600
13536000
7081452
11288160
12908160
18559002
16848000
1730344
39528000
12602304
42747600
22560768
90921600
21384000
40642560
35625744
7236320
47559000
36403200
24261120
18627840
10296000
43021440
52211250
23718000
5641272
62544960
25887600
8446032
15206400
4189536
14100480
7428960
22850100
16329600
17418240
12440288
10244052
27600000
24364800
44609904
12435456
15155910
43975360
82114560
41368320
46309120
13237224
8106552
3373344
53139240
2448495
4403000
56584704
19412736
26179200
4848480
112803840
112052160
54489600
12964536
4402944
15267840
30732000
8451520
43296000
94348800
9384000
12780000
4691232
56632500
6730560
42405480
52565760
39032000
49944960
7941440
29552640
21333312
116103680
20367360
36792000
12378120
22007700
9884160
18957120
20013312
9783180
7512480
38282112
161989632
60540480
13053600
77597520
59122224
28512000
20298600
57216000
15088320
57976800
15360000
6171984
20120100
56836080
8521200
18061344
75059424
43146000
43983324
124830720
31997056
7365600
37975000
5877144
11827200
110972160
13004550
21340800
12629760
8299200
3563064
43973280
17992800
6486480
6520500
20930400
24514560
13406400
96121536
56064960
8128512
69455232
52157952
25589760
5261760
889200
16005600
22877316
10137600
15681600
4786320
109562432
4660880
19996200
24192000
30032730
17550000
47375328
34946016
4401540
20124000
107872128
21715200
32659200
19958400
107212896
11456640
5193216
21787200
15472800
24449040
67392640
8494080
3567200
70156800
5745280
5424768
3763200
46630584
19158048
17867520
12690000
32104800
17978112
73332000
5544000
26208000
14061600
7805952
33534000
6298560
64465632
9846144
12867300
37649664
11858400
14091840
80668224
16121160
73267200
4660344
4975872
1480710
14447160
100166976
11447100
6026000
79035264
11301120
39264680
72321600
25404192
22491520
48307200
3996720
33210000
42163632
28546560
26860680
37907100
47161296
27578880
4919040
12905424
23730300
24624000
18144000
57081024
20580000
88435200
21654864
13150620
17314479
33046776
4815360
8694000
20775216
16441920
21168000
21003840
32063904
27993600
13495680
13530240
25592112
22828800
3686400
36838200
49399296
4112512
27342000
8448000
17781120
14620608
33451080
2612736
6918912
25660800
9904950
27361224
50392368
78037344
35273040
21141120
12418560
39558456
17729280
10069920
73872000
10872576
23542272
3718278
36241920
12668400
9072000
10693760
19091540
23786784
35640000
13714272
54529200
47354112
55487025
15066216
13638240
15052800
7879680
38556000
10977120
974592
37116900
8186880
30005640
7409556
70383600
6224400
3880845
155390400
44528400
27720000
9185400
56609280
68228160
52926720
3340800
3525120
3598560
15746400
2974320
12386304
12830400
45408000
12186630
1096200
38111360
13597654
58590000
29719872
2586672
19056240
7741440
15396480
9547200
8445060
14742000
13286640
17713080
52020000
20321280
48190464
65664000
33516000
27417600
32432400
10905840
20321280
51226560
6863920
7123200
40884480
11197200
19568640
17534880
3175200
4783680
5141136
35640000
28772160
33279120
21525504
38683008
5261760
60117120
1872000
13095936
33177600
50856960
57507840
34664448
37296000
13659426
5646648
50819832
53855424
11608960
11980800
66267600
17677440
44586256
57657600
17149860
2979200
44920674
35692800
9406800
21609000
44160000
66794904
53535006
3386880
23401224
4105728
11730600
3075840
15175125
4259520
44513280
11249280
20987904
22885200
52653744
9197748
22226400
48945600
18334512
4400760
19350360
65691648
35145000
35980560
7104768
15881472
30739500
5564160
30191616
69743520
497340
18397890
26686800
13737360
193052160
6524985
56916000
23383360
23515200
96744960
16632000
12358008
2845440
31248720
12806640
85532832
16432200
10964800
4989600
10555776
14635920
48114000
27655488
1613860
28207872
69854400
13370300
9241200
32288256
8553600
7620480
102473280
47998800
18547200
9032100
41778360
32901120
15206400
38372880
44985960
5653800
59056416
33616800
25176960
7956000
5674560
47066880
5086224
10754304
36691200
30000000
22377600
23654592
27125280
57613920
68245632
5185600
7346700
8268480
15909696
63000000
17611776
11872256
1342464
4560192
19656000
10662894
6350400
5090400
6237000
43848000
66461472
28853760
8809920
5638500
7776480
115920000
36363600
4510080
3842280
63450400
36160800
6440704
115153920
6739200
24417120
16806636
17236440
99225600
9802880
18810000
13075200
27684288
8556800
5987520
50557680
6528000
5197500
1600720
3884265
7239375
4232592
20044800
19323360
92762880
5891520
20462400
5654880
34836480
6570720
39285000
60383232
19768320
9389952
16722288
42562560
9418572
6070200
24202080
31726080
27144000
21924000
12096000
61395840
16611210
3014760
13022100
89361792
10497600
45619200
87779160
34560000
13638240
34836480
4224000
12168000
4233600
6739200
82575360
20217600
71010000
6513408
31796064
27216000
16358760
10110240
33062400
18472608
5233200
13744500
7527168
3199392
47354580
143302656
14446080
4243752
28717920
63610176
38141280
13601280
6515600
5425200
41328000
15923880
16755200
18341760
13877136
15333120
5535180
11861928
21048000
26417664
8928000
14641984
33847632
100638720
8339232
13267800
7746900
39018672
3672816
5123664
5821200
29160000
65709000
58426368
19629792
34338816
52925400
41762304
53032320
29315520
23326380
10659600
6187104
12773376
7654500
14432256
46632960
16061760
20342880
43666560
40393600
53015760
14094000
1478400
53673984
2632500
36299648
104531310
115577714
12773376
26258778
2086920
34836480
12629760
1156680
32114880
3488940
56512080
27141120
12383280
7416360
2426496
23632896
17072640
136806400
60445440
70502400
40990950
6566400
32626944
6559228
10440576
6421470
3880800
18667836
10342080
30508488
15972000
14688000
73180800
8312304
10725000
9580032
22813056
13305600
19958400
81648000
5594400
22476960
11164608
60215400
60394950
22239360
17247384
11289600
26194080
58950528
27059040
11509680
15328764
59379712
12002256
45995040
25471800
46656000
13271040
100154880
4055040
35162400
22840272
9529344
22610560
40066488
9681210
38620800
27060480
10703616
33022080
10886400
10955520
35251200
46949760
11923200
25134840
71928000
46428480
33299200
16929000
1859520
91010304
50872320
60011280
17075520
11985408
54800928
2695680
8151840
25090560
10692000
3840480
30015000
90963600
14104440
5426400
39536640
11012400
7430610
26959212
42771456
10824000
60944400
18144000
10426752
15896160
30502500
29998080
14112000
14192640
6800976
54407700
74400768
38776320
45530424
22022400
70583280
58060800
18107100
13251840
30180864
8726016
16650000
77616000
8648046
12083904
4505220
36288000
25546752
56160000
8895420
191600640
76317696
18928000
57480192
25194240
24773760
48153600
75509280
87062283
15139520
57585600
29474928
7934400
42065520
33140160
32140800
85518720
51273600
32731776
36707580
17236800
9626760
17602200
10264320
11074560
80196480
6747300
23814144
32235840
45964800
60496128
13461120
16236000
3402000
7632240
58867200
8128512
25409916
6455592
58544640
41472000
19278000
106778880
12418560
33029100
68352000
28643328
28758400
10582000
19601920
92897280
29569536
26557440
38438400
8114400
123889500
2480400
2279424
5151600
26956800
92196468
44513280
32076000
61998048
18111600
5363200
4689900
24897600
27941760
31344192
29039472
5506488
11418750
27104000
29549520
8166144
19756800
41079150
24385536
21290640
10398240
32221800
7990272
21318336
28740096
32707584
4596480
17748000
4338950
20874000
28973376
52386048
36158400
14582400
18044208
17109120
38374560
47980800
15642720
25401600
3552000
12046944
37768500
64552950
11764800
3762612
8455536
62726400
8835840
169444800
11913440
96049800
58631040
16853760
4932900
30240000
48297600
11113200
35925120
36382500
23425200
11205600
57153600
41656032
340480
27941760
31579200
26432000
20015424
29524500
6209280
19208000
101787840
36805860
98813520
53526336
19937280
25456200
29796750
42454512
9216900
23814000
53602560
20384784
16214625
33398400
79833600
18960000
26611200
36923040
127391040
2831472
10751832
9820440
10281600
16222896
6761070
23258880
56871936
31715712
14354550
28740096
84466200
24500112
47498724
26400000
62386688
63372540
21924000
35642880
66825000
46448640
8709120
20528640
45686784
8968960
8334900
69227840
9103500
16144128
11603520
34421640
26744256
35625744
24354000
11430720
12084000
3541440
17153136
91848960
15785280
13991328
14994000
3539700
15674085
10836720
7208838
23143680
67737600
14256000
54020736
38102400
11739816
46388160
7257600
2600320
1408680
67452000
41039544
59438400
3477600
14217984
60113340
59657472
7793280
4219488
2608320
55174080
4838400
11445200
13996800
127650816
68947200
43464330
24115520
11919600
4787640
4164136
31477248
13329360
84672000
8363520
27542592
20728512
10771200
2031480
33596640
26342400
19749744
16839900
16465680
5352360
54295920
21999600
11119680
12700800
39836160
95973120
18924780
88470144
7683200
14464800
922590
9322038
111891780
74970000
42073200
39382200
15762600
77414400
15288000
1909440
14021280
20691000
22302720
10515960
83825280
65078640
1077120
22172800
76953600
42406848
25446960
11162448
106920000
5642240
36998100
7684425
7858400
7384608
43723680
6191640
23647680
54008640
53280630
45208800
38235648
7152750
30855168
24710400
32148900
22763520
26265600
9313920
26812800
7015680
43230000
14515200
69424128
5616
27993600
14573664
30756960
98567280
66044160
40675200
26788320
105300000
30209760
34905600
4592640
11856000
5136768
14084928
4433600
14594580
134369280
20494656
28740096
21047040
23788800
39110400
18627840
35112000
27962496
53460000
43503075
10361520
20139840
22664565
5356800
62328528
21288960
6344000
57785400
10038600
5227200
18711000
69521760
7560000
39204000
14301000
18910320
115230720
74043072
2626560
22861440
3170160
11934720
658476
11205810
11002752
22680000
12155136
11289600
20386080
12940704
11425536
26105472
20092050
17382816
26597376
756162
25256448
9441432
11998272
32123520
17463600
56327040
10409472
8553600
17708544
9120944
21835008
12192768
64074816
4945920
43013376
23048064
22276512
21922560
26956800
9289728
74793600
74370240
11249280
8863008
109327680
26691840
65707200
40042800
17021760
12465600
80289792
25527040
18195840
20880240
4968000
138159000
37996992
15752880
161280000
11649420
31733856
4387460
48966120
31570560
21969792
27112644
49280400
34214400
18057600
1429680
63821520
80668224
60117120
12179076
26928000
6120000
25090560
46049472
16017408
24820992
38027556
90720000
23390640
26127360
47882016
17072640
74844000
39312000
7246800
15335040
49356216
543576
57456000
5668200
8963136
57934800
23907120
38160000
9546768
3715200
33653880
4923828
30092580
43659000
50077440
21333312
76032000
17581536
22086864
56246400
14135616
34380885
26798112
46448640
9494940
40228800
12211290
14696640
43680000
40866000
19141920
36630000
1064340
7069824
11380446
57629880
16087680
16809282
18937776
11128320
72446400
41866240
29131200
50276160
48988800
67737600
12587400
14249088
25932960
5770240
38767248
66531456
81829440
143942400
50688000
13970880
10304448
47900160
12779520
31881600
32016600
6130215
38745000
72019200
47090160
5637600
129024000
17640000
18144000
44190720
21546000
4911192
17058600
39889500
32706432
29494080
62208000
9355500
21504000
26389440
29025216
98960400
12972960
39500384
16796160
29450520
51408000
24998400
58221345
8709120
58086720
21591360
51120720
35103225
23950080
20217600
43436250
41912640
49645440
10916640
29261232
6652800
13231440
45083808
35562240
34214400
64774080
38967264
16473600
27888000
23592960
38637000
77792400
127948800
5378240
23113728
7210368
11151360
1736280
7508928
30772224
11840000
23950080
128725200
60109830
13986280
9324000
49010000
25288704
159781248
26179200
12516480
20445696
13562640
9510336
30319520
8346240
29952000
95265720
20257776
13824000
32099328
7123680
88393305
20685312
577125
26911980
7864320
7300480
3080625
17273088
21332052
21874320
5894784
89964000
15552000
36679500
43211520
25336800
10944000
60825600
22113000
66355200
55479600
46230912
102060000
22391040
14947875
61067520
20936160
10584000
33415200
7182000
10506240
40300200
49674240
6531840
18461520
19958400
33389280
6784050
29117880
10248840
104509440
39007332
57895200
6508488
3742200
16483500
8211456
13063680
38534400
30108240
31229184
22256640
4717440
41399424
3102624
3096576
42373800
19443840
11430144
22486464
50504040
28576800
13877248
87552000
24716000
50909040
27104000
26175000
62138880
31616760
14448000
7009695
121492224
67525920
3430350
30564864
3192000
2112500
21270480
58968000
32366880
5987520
78480000
15621984
7551488
40334112
435600
64297800
1669536
52876800
26156200
21073920
15263451
45927000
37200384
4237488
25660800
60173568
50485680
59601696
23113728
60652800
11848320
15770880
207360000
16524000
408240
16036200
24418800
42024960
15365376
55520640
17915040
21454080
30164400
13478400
35345856
13933920
13134744
35417088
155623680
8415792
36671040
15772500
19597968
7911360
43142400
11089600
20211840
21827520
1995840
31909512
50788416
7692720
45287424
23856768
5287680
62370000
6481728
51350040
32640000
41904720
10686000
7358160
32952150
16096320
12687360
19232964
57657600
11314080
2445786
84851712
119149056
24507200
55566336
24087168
6048000
34110720
93078720
15185880
9580032
20401920
59243520
17569440
16653312
28226880
111857760
121504320
35006580
64209600
64152000
10801593
7766208
25712640
77760000
42896304
89578440
14688000
27820800
54774720
81191484
7547904
28546560
31293000
15040512
68584320
30636000
37094400
15604320
39001500
29376000
27492480
59860080
62337600
7840000
27009450
46602240
64358784
27624240
20049120
8474160
53504000
3669120
26644800
31036800
119750400
44098560
25267200
38014992
78349680
37453500
20908800
22892625
14344800
39065488
2362575
4130676
14580000
26772690
8781696
32226480
10184148
33249216
74358000
25542000
9446400
27429840
58181760
7402752
23901696
8781696
4354560
26967168
7876440
78853500
11977875
2173600
20815900
47811456
72675000
21443400
29700000
12312000
52789968
18368532
31535760
28108800
4704480
14181804
17305344
29863890
9737280
16267420
3050000
37785600
33747840
6286896
36093312
33606144
61395840
44253000
22184960
63122976
24054000
2079990
31469760
98240688
37296000
17917536
46726400
53643330
40378800
135613440
25056640
23574672
38707200
161049600
13970880
4587840
5616000
19855584
36067680
77704704
17153136
29010960
52845120
6800640
14972760
44431200
32512320
3179904
43385760
13830912
42806400
44452800
45904320
39667264
58706208
18987696
15805440
28372320
20321280
3924450
16193196
6491772
18748800
7278336
25732800
9489375
5346000
65318400
19467945
23641560
27790776
13821840
15239000
102025056
124416000
12277980
128217600
20388672
31277760
30369600
6928416
65148720
33277500
16329600
18289152
23454600
43080576
12289200
9624384
13104000
22641600
33230736
11289600
23807336
5372640
5265600
28641600
34694352
8588160
27456000
65869440
72576000
19051200
676200
14739200
24192000
97297200
35052000
108047520
48522240
66679200
28385280
9123840
94164000
13234500
5577000
47308800
4945920
2486904
19009536
30481920
33147972
16848000
24478080
56609280
13911040
25589760
71416800
4692525
22718592
27216000
7938000
20849400
18037800
36426600
12295080
7192800
4191264
17527104
56584920
15704064
28522368
45405360
4740120
18432000
21457800
22748000
21401600
28196000
23595264
27941760
29859840
38890368
64441512
73407488
21017040
155520
40642560
77045760
23151600
49752792
12703392
21581952
6511050
15523200
62899200
26357760
51046200
24131520
1194102
11980386
40134528
13278720
16717428
5692032
37023723
8754900
3898368
32514048
136857600
9570132
9589860
20901888
45864000
17596800
54432000
50544000
38766156
13564800
8788500
8712704
33785856
71635200
41698800
3470040
60291000
7248384
101352384
13117440
16680960
3243240
6081936
2186676
46802448
4048800
14294232
17792544
67644450
93093000
14100480
68677632
25683840
42992796
45152640
2387400
45069696
9172800
10031040
57344000
6451200
7983360
24247080
14997840
7687680
33243210
27793200
17193120
96105600
61884000
8500000
44675712
35640000
31026240
116287200
4485000
10931200
89369280
33359040
3900096
69357600
115644672
18432000
55982080
52684800
68584320
37914240
11237616
3528000
48483820
9059400
1691280
7836864
10603008
73918656
32904144
2026080
62700792
19926720
83607552
39916800
35032500
70156800
9199008
13018320
4308711
14848000
35654850
3742200
93878400
7507200
10420592
9672720
70287360
28100520
70670880
29261232
2784600
10929600
4799712
11295900
5220000
49190400
68040000
12816375
83867520
4261275
92874600
77112000
12349440
29914560
63231600
115240320
20575296
9337680
71238960
50360640
12640320
6289404
15626520
21378654
52488000
59139072
38776320
34214400
15120960
25116000
42451200
40459500
5896800
29145600
19420800
24295680
4174800
58800000
21942954
50738688
23654592
7514208
14045616
46777500
1219680
12500796
17820000
13305600
39312000
16558080
18370560
29116800
108864000
49271040
83700000
14256000
7072000
15036112
42336000
13426560
16089273
17296650
63504000
21954240
13374720
5080320
17579520
9301500
9434880
3231360
2570400
25646208
14515200
107427600
8137920
12508650
12615372
142117416
2102892
124384896
41585400
10055232
35481600
29795328
45163008
5125344
105408000
22054032
27424980
2137184
19519500
49673520
40219200
61663680
13852800
19131520
63685440
16583840
31951920
15667200
31872960
15301440
31340400
30820608
17503200
6781320
7529340
3679711
9914400
7285320
45056088
16623360
39283200
1049400
36006768
20100960
41192928
26265600
6563520
7159680
76204800
9884160
40940640
32256000
48864960
62415360
16671600
68567040
26112000
8114400
5544000
5620608
61931520
20947500
27170550
59270400
20301120
7122060
11886336
27090000
10396800
37601280
32006016
23832144
40891392
33312384
5197920
20470320
15228720
16765056
22176000
93899520
40867200
8998704
3345408
17160192
55883520
62112960
8228520
10782720
23970816
14932080
901638
35862750
11289600
19447344
21097440
81028350
64741360
33048000
6999552
33384960
3575040
46230912
124027200
6210750
19958400
39207168
10825650
9797760
13307904
9824256
14938560
31449600
22370256
18381600
10855656
42184800
22778496
26943840
40783680
60134400
30404160
661500
55351296
25872000
42194880
65995776
37013760
13424640
44966955
13680576
29012256
11340000
86748300
6469632
11959500
57097152
57461404
12814110
18225000
21490560
44382240
27981600
19845000
62283648
51978240
25762860
6435072
11404800
19618200
6566400
72000000
8595000
67184640
10526056
3952800
16511040
43877376
40940460
16530800
2369640
8545488
10860696
6671808
6416424
16932672
50668800
550620
5445440
62908560
96000000
58544640
37895040
39783744
56246400
15886080
19514880
38899440
37698048
55520640
23860485
19972800
2721600
14035560
40052600
44235720
24393600
6800640
5121792
35280000
12254130
52098228
27941760
41564160
9158400
53550000
106112160
6214320
12135552
26917800
70963200
7318500
9552060
23923200
20532960
154987560
79252992
1420848
26568000
35582976
20868120
1879200
10072320
7963956
24794880
58858800
64350000
12253920
11491200
6770400
29465856
27371520
25584640
70129800
58752000
18711000
55351296
32432400
9240075
54176850
13580952
29675520
9028800
16489980
23369472
32659200
28089828
10644480
9769480
16409250
81867240
6988020
4898880
48686400
935424
19958400
107213568
21027600
6246072
62986560
58728240
31337460
6289920
7687680
31046400
21326976
28810080
9180000
73156608
26968032
24442560
1460480
21772800
6512220
9387648
28892160
59673600
28902720
973728
15738996
21419712
13335840
6107400
53071200
677376
26373600
29733200
49533120
18837000
31508400
42905268
22506000
38156800
35381556
47628000
20756736
113218560
8916480
24494400
28543872
23029776
10264320
35043840
8439552
86365440
8149680
9865800
125634432
31600800
23152500
36399456
27986400
5662800
36388800
28425600
33994800
49705110
36387120
44204160
61669440
27060480
45776896
2580480
38154240
4762800
15043968
8845200
125312364
17310720
54190080
876576
40320000
35435232
23212800
19595520
65530080
7387200
12150432
40883250
1895712
52715520
23406000
4802364
53222400
62924730
24615360
33530112
161740800
11093760
2012400
4738944
47508930
49956480
23482368
3024000
50295168
35069760
26734400
13794000
126048384
5335680
30042800
13655040
5167800
55147392
102999600
3861000
35478000
60648000
61585920
37382400
9953280
30326400
13085226
35957376
23522304
22491000
76204800
4703265
13368768
19267584
54288000
21667800
64745100
18489240
20231904
628740
8346240
24759700
11789568
14084928
15158016
28097160
13199340
71850240
36495360
14443520
23199840
16222080
34435830
11277630
8830080
49526400
17023776
39764088
24078600
15603840
133548480
88646400
39430160
31711680
19126800
20736000
6060600
9031680
50122800
63825408
17740800
35343000
17072640
7058880
6232200
24590160
126645120
20401920
22573824
11711232
11456640
8668800
32313600
34626816
9794400
14008320
142884000
12747520
19595520
62968320
15325200
90769536
11096064
15135120
18041760
13120640
3442500
104509440
48927060
30431232
18369600
7146720
62848800
50760000
27669600
30096000
47706624
102685968
35069760
2687256
11795280
34076160
31969080
14674880
42453216
6156000
40684032
4743200
69696000
4357080
62943804
36197280
13855020
6218940
3380860
8177904
12339360
53376192
22952160
22075200
85073040
12779520
22643712
33415200
43211520
17518608
13453440
23689728
67852800
23887872
48901320
6417840
6829056
14090112
10140000
8870960
75109536
2841300
22141728
64665216
28348650
4354560
25804800
13662000
6457528
9180000
140976000
3312960
76104468
2830464
61585920
17126676
12111120
3810240
5593104
9453600
13039488
2749824
34588224
45553200
10273984
7614592
30208000
42456960
49870080
99043200
67682304
2835000
14708736
41203008
10108800
14745600
17335296
21047040
45813504
23075766
81879552
30942720
2747136
20176128
36566640
19584000
4244643
4976640
23746674
7481600
5023816
47910240
94887936
19319040
51114240
18522000
115040250
7323660
6234624
24460800
60430720
21870000
34384932
146928600
1420650
1582416
8294400
12083904
13365216
13141440
47566848
67665780
28052640
28617120
81285120
54432000
37449216
635040
6096384
60011280
70326144
31764096
17584000
7244160
7560000
17106480
49213440
2449440
23232000
119378880
1496880
17611776
17380062
33761280
1179360
46759680
42140000
32479200
39813120
29015280
48988800
92136960
4282200
8553600
39030012
6345216
3245760
15025920
1049760
9996000
35973840
36858240
59439744
32002704
10986192
29509920
22680000
35027160
6557760
16632000
31719600
24686100
12835680
28009800
67716000
71737344
10948608
19891872
26132544
14288400
35478000
55458000
24161280
28152960
10416000
6272640
42981120
14069880
12552800
54432000
29300544
9285120
45239040
4665024
62674560
13886208
11321856
19070532
11702880
32548800
52284960
59982120
69189120
55242880
33105600
16468920
23639040
2943200
23887872
9088200
63866880
4473300
21986640
100623600
36936000
13172544
41026500
16839900
5783400
55296000
41472000
13571712
108573696
8722560
10977120
60480000
98703360
20404224
18772572
2927232
27900000
56677320
14250600
21772800
1538460
5027400
7938000
19756800
20367360
49593600
41368320
15420000
19262880
17714688
90961920
20470320
6449300
48966800
14114880
2229252
23750496
27417600
44815680
33868800
17248896
45368640
3674160
10304448
114307200
6532680
53184600
37635840
42324282
16356000
46046000
14649228
1451520
11721600
26805168
9198336
62016000
114364800
21807360
19353600
53625600
10929600
121927680
8197200
144322560
33832890
21915360
72410112
24641280
74844000
11962080
10121760
3100032
1558480
34454784
27474720
12757068
8164800
9214920
3877794
19859580
18280080
36293400
45319365
3749760
74063808
64943424
12590292
7601040
31248000
42900480
30233088
47457900
25446960
28959840
72883200
2686320
40555200
17529600
9180600
57496320
26762400
35380800
13910400
23100000
22744800
6966000
7386840
3010560
13016640
19656000
11188800
23950080
23961600
54849960
46554508
117411840
18144000
5273856
6804000
3465600
15876000
38707200
33976800
22047168
61122600
16720000
16547328
17669120
16685440
1965600
72861120
3217320
31570560
38750400
1169280
75522720
7154784
34292160
10769220
10741248
6095520
35380800
16836000
36808128
20093184
29062560
7348725
98641920
23760000
2133558
16218000
9517824
78432000
18121824
47589120
16248960
45601920
15762600
45356220
4717440
8294400
2903040
15966720
19906560
15897600
15518790
11995200
38734500
29733480
15431472
16784460
1948320
54654600
24426915
7754960
13225275
21918600
24665600
7762500
43241472
1088640
5326080
8867475
66189312
98570080
14031360
70365360
44768256
452120
2937600
15824160
42656400
19498752
51059232
146324880
61582500
19768320
7378112
27426672
23976000
7405370
9823275
13099968
32076000
1769040
7987680
25189920
120960000
16407040
37723140
48755520
45909504
139689984
5909760
23978500
50479200
35191800
20432412
29232000
10160640
29623104
28670976
39769600
201719808
13693680
21150720
7394400
23369472
15681120
11088000
43848000
79785216
23500800
981960
15422400
10112256
2096640
4569600
3714984
21498750
77721600
19756800
14387100
5220288
17222400
39789792
60383232
28820610
56263680
31795200
18409776
63436800
90832896
18522000
10892700
28019520
17660160
39191040
25901568
23744448
16096800
5136384
24844320
3873744
29559600
26836920
57024000
7672320
72394560
21053340
12257280
54835200
46981620
51302160
36953280
17456472
32791800
16607500
23868000
139345920
34292160
39151296
11642400
4476150
12018240
4046000
111820800
31790880
15358650
107586864
61441536
18022400
61401600
4909600
41891850
29160000
1229580
25599000
2506140
11374272
16896000
5068800
42340320
7141464
20894500
82944000
28641600
26732160
35133696
5080320
58060800
33242400
13305600
51943320
12558240
5212350
14108640
29055040
55883520
62244000
16861824
28200960
23699088
3421440
20160000
4402944
3983616
1238400
91869120
4093440
37983600
6982272
32935936
31711680
17031168
14129856
11557728
12617088
6008184
109147500
15246000
10838016
47093760
27044226
19837440
23090904
28828800
15611925
10164000
66756690
4243200
57130272
9362304
40273920
43718400
19737000
10431000
14702688
24740100
45288720
3361950
12061170
33847632
3436992
31229952
30828000
34164900
16087680
11052720
66908160
12395040
62483400
2469852
90720000
1312416
12579840
44155800
4802304
38730960
15346240
39191040
12042800
10108800
120093120
16128000
5715360
23515200
14561280
148206240
14881104
79876800
30355200
28483200
18144000
27979200
72705600
4776408
68124672
43659000
30552704
803088
19248768
32833920
11797500
62208000
21573090
66484800
2210880
16248960
10103808
30030000
44662320
24105600
31459350
21150720
6826500
65856000
15135120
29949920
48384000
5481216
109058400
83423760
10998792
16934400
59222016
38320128
26174400
33497856
28868400
22541550
106186752
31912704
53913600
13934592
75562500
92668455
22579200
7717248
58786560
2685312
36191232
2469600
27518400
5930064
2034900
81793800
657580
20208384
13418496
20462400
19504800
56881440
61440000
7087080
13176000
23886720
21384000
10289664
12795900
26127360
19771290
20109600
8161560
21996000
61084800
22654080
191575328
35642880
6076080
10562832
28252800
66528000
26127360
46582816
55250910
45006192
4763772
6026432
56388150
25128576
16706016
11144952
61286400
58060800
21530600
2268000
26880000
51148800
29635200
17615808
8888616
5058900
28047600
19440000
48138057
37234080
2392632
30270240
3765600
8361144
56975985
20092800
21586500
10340568
103514112
73543680
17100000
16865112
34898688
26863200
9411840
15634944
8396576
7539840
8127000
66339000
50751360
23478840
7616000
8068320
10795680
103469184
47928672
59320800
30618000
30888000
57371328
97943040
81648000
21215040
47462912
5419260
56996352
2493180
12927600
78439200
29937600
22029150
12806400
19656000
489888
41630400
63084736
12058200
38181780
29211840
19353600
21498048
34546176
5881224
13366080
2661120
29914560
14574178
41713056
21691320
38016000
22049280
5120640
26904960
38967936
20857500
104284800
22697280
10598400
15732000
38179584
47900160
45811584
82759950
62208000
17010000
8507520
7277424
75775392
18597600
46332000
109299840
24192000
74649600
12363840
9797760
38345076
19432224
20956320
12396048
2467785
49533120
23679810
14599296
3788800
21772800
46461492
33948720
62515200
21159936
21487290
11599848
36940800
33046272
34406400
26889408
7192800
30240000
17729280
40368510
45302400
38280000
55422180
33675264
21945168
7335900
3122496
25891008
38278656
36225000
38139600
39486720
53633580
21908880
33806160
21484440
22720320
3333120
7948080
32385600
45527040
18869760
7257600
44513280
24014880
11688600
5640192
12965400
12568500
7685496
58741760
4992288
53813760
11430720
68640768
3689280
31135104
59623200
29145600
44007600
34154400
12335895
38858400
29804544
4797450
35897400
3932712
37402560
3628800
87340032
50388480
11446380
15427584
80059980
26092800
14625000
16460080
29094000
51935520
7076160
21593088
47001600
52272000
45226080
45163008
9355500
23271864
35380800
18360000
23250240
8692992
59620000
11642400
14084280
1404480
41330520
69284160
1339200
164166912
16329600
39371640
38997504
26999808
59103744
17141760
2844864
33965568
7900200
9041760
14077440
185351400
8037120
11007360
23465988
35006400
4525248
33230736
110918808
30965760
1119360
22118400
9797760
27840000
88200000
25147584
16322040
74934720
15965100
46226320
18673200
6663552
15193920
5191560
57865080
27147960
149022720
2673405
21399552
4860000
35808480
22176000
1144800
26052840
7717500
31868928
13530240
30665180
933120
17460000
55979808
14248960
10594584
12621312
26882700
88577280
21407250
31046400
18669312
17075520
689120
55770624
8398080
18196542
2231712
32006016
110917744
12765600
11436480
12288000
11950848
10724280
5697216
9105540
2284800
16408200
8982576
33129600
3996720
4308480
5322240
72698472
74027520
155675520
17140896
33361920
13512960
6776748
16011072
30301992
25750000
17031168
71934720
26263900
19223424
12074400
34713000
47880000
7377480
21591360
6589440
20815872
82114560
23379840
43228880
24695118
16394400
35779968
59335416
58188780
12370400
18662400
53452224
22654080
32134320
17550000
13115520
39716352
35939904
12574080
20563200
68257728
41857200
11182080
27216000
47779200
66830400
27799200
35085600
5023200
54432000
31243968
59376240
125892900
25194240
41913600
108523800
1590840
11022480
9797760
9493848
10711008
32497920
31590000
2494800
24093420
26040000
27593160
3420144
3497472
1187424
9840480
34609680
74754576
8317440
50904000
14227200
25099200
22923648
38482560
96768000
7931952
59048640
24288000
9724860
14566230
27526400
46353600
2223000
21771288
13195776
38887160
11757312
12328000
21532500
8452800
28089600
44229024
67651200
20003760
5396880
35123400
22075200
8942400
73156608
5745600
20328000
19440000
35235000
70917120
39618000
5783400
9564048
7838208
30240000
89204544
68999040
21577400
40642560
6479928
15724800
9430344
29937600
39346560
10614240
28304640
16344180
15422400
45990000
70087680
24300000
2578560
21343840
50025600
34560000
39600000
59113152
48746880
49833600
21873600
12441600
11979000
16648632
21376152
12870000
84369600
48432384
70108416
55248480
118053936
38776320
53654400
30684420
9450000
2237312
143856000
7223040
45489600
7875000
50656320
13104000
13808512
25344000
27661500
40772160
21573000
30636480
82764000
19674900
77045760
33430320
9979200
42827400
17428320
8241750
48787200
10252800
39372480
17696448
20744640
12145140
76680000
36844800
106178688
11016192
14371344
31104000
7140960
34727616
33916428
16271360
50319360
7717248
59616000
18295200
40783680
36183600
27818640
41610240
12448800
20304816
1206576
86546880
22256640
16174080
41912640
42401800
39481992
52390800
19262880
10128510
11664432
36951552
8076288
8230320
13766400
10668000
30322944
18497160
10023750
27095040
6182400
20901888
17172480
22861440
35691840
43831200
119750400
9031680
6566400
38424960
19918080
58320000
55209600
21007392
58060800
106014720
22729248
19026900
12244284
39361140
10304000
18582564
13804032
14261940
13290368
2331728
7912198
34473600
55724760
9471000
9945600
31434480
26438400
55252800
28226016
21302820
65164440
42882048
18762000
69391080
70121808
21433896
69773440
52557120
109486080
12894336
18547200
19837440
32845824
26611200
17210880
22623585
13517280
3476200
9293760
62371485
2235600
53801388
15206400
83635200
32659200
50882904
23965200
2543184
51438240
21568680
18471040
30084912
1430568
27799200
2443596
12656160
13923000
11332800
11911680
4721640
27396096
12160512
34290000
4628736
16450560
34599705
21528000
13644288
3904560
717360
26127360
12343870
15552240
11608560
116625600
17992800
88364640
82692630
9400440
48796800
4998000
63483750
47980800
23473800
32033664
22226400
23512500
24116400
36658160
16070400
37603280
83349000
18951660
5705700
20127744
40131000
57120000
28052640
25945360
15188040
6272640
97297200
979290
5206080
94112928
22847055
6093360
15282432
10598700
11952000
20697600
120534480
52778880
62899200
1709400
24408000
6223392
15681600
20765160
15048000
21848400
69916160
10838016
17962020
18849600
11498760
33306240
7028208
11070000
9069840
5708430
38988000
8342352
26928000
6434340
18213888
15614976
110253920
7637760
4976640
14668416
18849600
35335872
32034240
46240000
19868784
25474176
176272200
23188680
71322504
14516820
20621952
9644544
58226688
124488000
7093632
15348960
36590400
51036636
22579200
29990400
36180270
7454720
44906400
31838400
8108100
9072000
49268736
20200192
21254400
30602880
16220160
28427490
14727360
100224000
5544000
38054016
16150400
20632320
9945936
39004416
6505044
84672000
5529600
18234720
20582400
6905808
16465680
36288000
110419200
2446464
30650400
16853760
76826880
35223552
6816250
67200000
25041744
7180800
15771360
57317760
28917000
58060800
9510592
4429404
171325440
8842176
26082000
4046592
20547072
28114944
15400960
25486650
8828160
8176896
73471860
49533120
58835712
13063680
17735760
27855360
10257408
37604952
3655680
51216000
41850000
67478400
127048896
45708300
4802160
64143360
23481120
33228468
23842720
6014250
75271680
16567200
17888640
3672000
7868160
67953600
18381600
27720000
58306080
30139776
31615920
24147396
7638400
11331936
74569950
16498944
16912800
69621120
39803400
12072240
40629600
83304936
35784144
23328000
76769280
39213720
19828800
14616000
84240000
8180640
31065120
15284880
20734560
5989200
14073280
13305600
59947776
29376000
6565125
10290000
21751200
24637500
40015360
932976
143292240
20234816
294345
753768
6985440
25084080
2612736
60994560
11099088
33313280
2673000
13061664
1973950
41859180
22562400
49660128
9687600
13030398
36013824
13543200
27216000
21415680
47803392
39739392
64613376
8789000
3701376
8383500
73770480
19375200
95243904
11954496
36832320
5244912
70012800
40693440
35985600
61298160
10886400
37537920
9360000
12264912
67210440
3778236
23469600
30430400
14668160
15142848
8164800
12422400
13789440
34596720
7502688
8880300
64696320
61205760
76838400
79004160
5251050
76695552
14307840
47529792
17856000
46448640
17072640
12065760
52386048
123535360
5885400
21993444
69904384
10214400
66946880
20253240
39800250
8164800
9985632
9298800
22619520
12038400
2740500
7357056
18810000
20292120
24687936
12418560
29390592
21294000
80438400
15677844
12418560
12113010
40443840
10590048
16133040
29304000
101802528
10233720
153925920
53872000
3409980
80570700
14414400
48608000
104781600
46126080
28886088
3217536
19966359
39154752
19353600
10112256
16883856
54595296
1612416
15617160
20037780
14481720
52531200
12916800
37800000
20885760
132094080
3845632
71910720
52980480
51395904
61740000
20925216
20956320
11162880
64627200
12359424
22974192
41083200
725760
4717440
9031680
27412830
44634240
2211840
9447840
23826000
23083200
114307200
58007040
36288000
8475775
36288000
15440544
10442880
41472000
11176704
61946640
156192000
8043840
29702400
11445312
5261760
28710045
10019520
11770880
152028576
26687232
19305216
7338408
61281792
60963840
41622336
121927680
23351328
41629302
70611840
55883520
1842048
5477472
7071680
4838400
103926240
80190000
6668620
15247960
35479080
118800000
46381440
11563020
4064256
68234400
8772225
22397760
114307200
23396040
133068600
13891500
75264000
1996800
17303544
46618880
58449600
5067360
22701015
159894000
31995000
56700000
9236304
11245500
135036000
4838400
95961600
2878092
5136768
8049024
36324288
40867200
58613760
70917120
13669760
7722624
6314140
3084480
17738400
28459200
81920160
52835328
1892160
25434000
11246040
78246000
38967808
24960000
36040704
35574000
11916960
21879000
85155840
23008832
52690176
140562432
31440640
89159616
71233344
23094720
11838960
14515200
53915680
44150400
15734250
35925120
13314240
23700600
4450670
19580220
31640400
25626672
13365000
9028800
7458048
186120
5904000
10687488
10537128
46198656
88704000
35864400
5912940
23039100
63752832
22042125
12190464
20849400
11077560
31680000
4898880
22488921
93683520
70253568
10368000
21631680
23760000
56819880
3231900
93804480
70502400
5186160
39657600
55480320
67435200
34670592
72537960
22344960
92606976
43008084
11258240
1468800
9324000
27344790
20757000
5367600
47878290
92515500
57302784
5702400
17286048
18240768
101578050
55054080
22353408
27037296
61425000
27246456
8330850
537680
19256580
37358496
55440000
22324896
54720000
85847040
7892640
28297728
43792000
50494080
64889880
49148100
26216448
41395200
72576000
45408000
3784200
45270400
8467200
11275200
9584640
13547520
15116544
31135104
40435200
28708992
41504400
18634000
13547520
33546240
29030400
178319232
3757800
22099392
29336832
113164128
22161600
8609480
93139200
23918895
13246464
20607048
54549000
28062720
7533108
9721600
103057920
15342624
27052200
101706696
52876800
5069328
117504000
111646080
10486620
20930400
92966940
56448000
18416160
16598400
37789920
5812560
34128864
81648000
12168000
14531400
20321280
42301440
11262672
8690220
21899808
9408000
15467760
43628760
27482400
42432000
27535200
47500992
6569472
22774752
35266560
83315232
12636000
4494336
43973280
10189890
2983330
3942405
63296640
53343360
25145550
31285440
59875200
47876400
1270080
13204800
46947600
16524000
26308100
34328448
11808720
20699280
41912640
13777920
29196288
36036000
5651100
29702016
116121600
21147456
21963150
12270720
11418000
43040160
93693600
19958400
65585520
34700400
37739520
6789120
45473400
54648000
7601040
5832000
86001300
7268184
6531840
99993600
21192192
24335640
27528600
9436224
29042750
3267810
16645200
13151520
52515584
84446208
29618568
92897280
76245120
20220928
31752000
39123000
31600800
42184800
33067440
12972960
18188800
31029768
26142480
2970240
235872
19778850
9710280
16410240
21178872
15970500
16773120
52428800
3294720
66420000
17369520
20286000
58458240
21350784
163187200
23256720
69854400
34405056
9434592
2683200
7560000
26466960
125589060
8784000
7728552
78503040
180922896
28147840
46180992
15740928
11370450
32207220
51858144
39018672
90478080
42224000
28156896
4752000
11975040
39106800
60739200
33212160
58060800
81914976
5116608
10012464
32432400
20217600
36911700
5325852
22239360
19388160
22861440
81774000
18859392
111262788
49271712
33530112
7620480
69313536
37462460
15936480
572220
19160064
4989600
24040800
38320128
43813420
47900160
20301120
8899200
101191680
18043938
33732864
45826560
74520000
15531600
14192640
74844000
76581000
29732670
29859840
17784000
16039296
53366400
34507200
29456460
37149840
32366880
10944150
20684160
53415936
11171160
15162336
61276160
1660305
43156800
2088450
38918880
27357120
5318784
27941760
34875000
22393800
23970240
13164480
16645824
36269024
62674560
50948352
15897600
42336000
80870400
10128294
69424128
6655740
12422160
20922300
33793200
46112976
14968800
68850000
165580800
19395072
9322560
25511850
51363840
178488576
57617664
67750830
17160000
8749440
52778880
29040000
26839200
29399040
21634200
5991570
26001360
18627840
103356162
3286710
20610576
20987904
14833728
16065000
37166688
54927040
49176576
32313600
13400640
67491840
60955200
31548000
22220484
36796032
14616000
87156300
5835960
7755264
20459520
6557760
36756720
12940200
11481600
34369920
4745520
25766400
4329171
12636000
16563456
4536000
71495424
19656000
55112400
69498000
39813120
1488240
31449600
18083520
28936278
35099568
8300880
11779992
34429824
25075440
37908000
11289600
11689440
43560000
50544000
44140800
12209400
8322600
13274280
31370976
8640060
14515200
1975680
35412480
32076000
148176000
4296240
20217600
15422400
92784640
51884352
29970000
27677650
110662200
12276264
74511360
4553010
54879120
16248960
34041600
2414720
25463160
10062360
6829056
2989840
10771200
12966480
8363520
10022400
3163860
56180304
118849536
18330624
20601756
65157120
62657280
23950080
36352800
59270400
19477500
5247900
8358480
4764312
6916875
6846120
12852000
5419008
1877820
34394976
5041278
38705688
2772000
120268800
27989280
138673920
23500800
28685664
32218032
100106240
85628459
25242840
38213280
20966400
26593920
22256640
18385920
2884596
32598852
4553280
18923520
17477424
1134760
37009700
24192000
12960000
15711408
24883200
16632000
15916824
34003800
16116408
64512000
51087960
38707200
21068100
5080320
15096000
30481920
25534784
84163968
52219200
2170112
38427480
6696000
96768000
2451456
4902570
1301685
74052000
63161280
35532000
15484608
5973372
48729600
10619100
72154368
6220800
31026240
4346496
2962080
14343480
19955520
16248960
32967648
31795200
33132528
9076800
9129780
25443000
23380448
15033600
47609856
4935168
65479680
47401200
14370048
10054800
30475200
68282676
24876720
11583000
15840000
9121024
33111936
3229632
8446032
11854920
61381476
35006400
82096128
160392960
16963200
60652800
34452000
2566152
101376000
21620736
37847250
46080000
52648785
45319824
28788480
42340320
25145640
31112640
38102400
73547136
85376000
36973440
58553280
19393920
26301992
26065200
17756160
26320896
5080320
34776000
26860680
21078750
12829392
18545760
81496800
36723456
87091200
20556480
18371080
12823800
6889050
5125680
6257664
3674160
7532000
19699200
10912320
39513600
5911920
15113952
46569600
6171525
12640860
7793280
11067000
32725000
53464320
9446220
26750160
41057280
22809600
1612800
18744000
21513303
13708800
104509440
11232000
11082708
24420480
68745600
86906880
7848960
42471000
16488000
14571648
43659000
21857760
18732480
19185120
32855760
8714160
24578400
4222800
12422592
29635200
39857400
72112320
20386080
8269440
8470000
17640000
39562000
51932160
9580032
22982400
30443040
9172800
81285120
35562240
6061440
16150680
14901928
38329200
60916800
5160960
1872000
34352640
20490624
35251200
20837250
6217200
5443200
86400000
36117900
70794000
50024304
47401200
105753600
11331360
74844000
5448960
4361700
919800
4065600
25878528
42304416
19595520
5517600
8476083
58056768
48513920
36748800
6002304
41232240
129792000
75292800
18900000
138756240
18135000
27048000
11750400
36960000
7698240
35203200
7917750
88669728
37149000
5407938
19015920
44298240
63577800
22394880
59105280
25708800
31961088
34006392
46287360
4382208
39481344
18702720
27165600
12002256
82158300
48988368
33675264
18735000
98784000
72829440
21159670
42425856
51687072
15473808
21621600
28872288
14844060
54084240
56866131
14696640
2557800
50712480
28139760
25412940
45480960
2099328
45411840
24906420
14029200
25280640
26671680
27780480
25395552
9552060
16024176
31104000
14108640
61965000
73957320
40030848
19670364
16767000
3674160
53843400
3118500
29278080
28655200
5125248
14139648
34496000
4702044
6337056
31202820
150960000
27442800
39123000
6762960
65340000
42282240
1135200
10442880
4180176
87998400
52963200
31717413
56512080
21677040
25553880
27343584
43908480
11860992
29503600
7903896
25918200
79567488
43941960
14116498
16526928
17487360
19164600
29917440
22176000
29741040
40421376
50494356
26156250
12089700
2441880
3225600
11774160
52092880
89976096
47606400
4924800
13261248
129276000
20901888
16008000
26421780
19958400
83283200
59338440
61908000
11702880
64796160
39813120
43908480
15667200
59561040
11404800
32992512
25872000
1274400
9974016
30472200
72253440
3495744
17926272
57283200
26794320
14929920
51105600
10296000
21692880
25159680
5412120
38646300
197683200
30909600
74649600
2566080
24714480
28880280
6537024
6176520
27187200
35918960
29882160
26803920
27941760
2792856
26212032
17374500
4257792
32931360
29393280
22939200
19051200
16977450
19606860
54190080
12597120
20064000
4074624
95458176
53319168
67900000
24984288
48522240
14878080
11761200
45366750
6863920
24382080
42194880
10178784
32356800
24493968
19217520
19958400
5756880
57576960
5056128
16107336
47628000
18322200
11322000
2914560
26127360
16918740
122689728
11124000
27232416
1718010
73113600
7835100
37777740
41990400
103226400
92160000
39890880
21060000
7889700
29030400
17802400
9253440
12708512
87188400
64324260
50941440
12541440
12640320
7741440
8255520
17821440
18272640
32348160
6548850
6652800
42275520
81031104
52668000
21092400
28914732
7603200
10252710
37013760
4118400
57558144
22553440
350208
48220920
4981500
66619800
50274000
27153225
7488180
52918272
53617065
3174975
46785600
24798150
22788864
3337200
12247200
19150092
38471328
11172000
54194400
1719900
31056960
115344000
12979200
13254480
16493400
9656064
12214800
1420510
28460160
28133700
46332000
23500800
1192320
812160
10039680
20540520
6612000
43200000
103219200
47393280
25090560
8904000
108864000
57758184
16558080
18576000
45760000
31217400
32768064
51538032
21228480
2909088
15060864
22083840
55301400
7561092
18058950
38216640
3386880
206997120
61585920
10342080
29491200
58060800
67744512
8227296
5365440
82897152
