35721000
982128
8171280
58649184
20068650
58968000
21703680
6489600
6842880
28304640
1620810
56609280
6852384
4169880
13870080
61297560
20756736
19859400
28317600
34473600
39813120
32752512
5248800
8962800
19706400
125664000
77040288
23950080
17962560
14492520
20106240
18009600
13970880
83456000
8149680
33510400
75264000
52009776
25159680
29014272
19341312
7320000
51398550
22781952
31104000
4880736
32457600
7843000
73300656
20034000
37800000
338184
102021120
77153076
10152000
78585000
11531520
29989440
4451265
20528640
19948032
31590000
61624320
7312032
35200350
13789440
25754112
36694944
8755560
23068584
25480980
19288500
6543504
38320128
10465200
15934464
16498080
28809000
32831568
39560640
63520500
18739805
20259792
78547392
5962957
43929600
3273200
11088000
21947520
51891840
19958400
7413120
16879104
63571200
71971200
5738040
85639680
6714225
23040000
46008000
30734640
2721600
16416000
9488752
17280000
34437312
51861600
28224000
14353920
25964064
2062368
9977040
19961088
61538400
3188160
31179456
10299960
16579080
27740160
11880000
20146644
10267200
10483200
2154600
21384000
7371000
5225472
41351310
52800000
12680640
27583248
13812120
10061415
782136
65409120
32659200
58301100
26572050
22471680
20340592
52185276
1305832
12096945
5927040
21321468
10637568
84374400
25807320
20020000
88743200
7107936
30365280
33696000
48936800
46998336
5266900
46412800
30149504
15984000
24857280
8989344
1733400
2932800
62118144
95680200
15233400
127697472
60480000
17641800
17477460
30481920
15227520
19245600
6848640
57689415
59136480
20815872
30892680
78673680
75989600
20328000
30764448
9213696
41434848
53207280
10795680
16113552
44452800
18504450
28976688
47288640
57136800
32861500
23823720
41151744
26487000
61054560
27720000
33022080
16498944
38144736
26357760
7546000
30602240
44713760
5870592
7090200
10021440
47472480
7948800
9796160
14553000
49986720
17827425
29651400
16848000
2833920
47162880
20328000
22407840
109699920
18869760
12969600
42336000
11257488
51594840
67415040
15863040
41813604
14463360
5370300
35026992
1467648
163072800
16964640
2295000
13183800
17297280
25063038
10222080
20196000
3836160
12644424
12171600
6483120
36689760
65163000
17884800
18640896
11675664
19530000
7518420
2287296
8186724
34952544
21280000
16839900
22997520
12065760
13627845
16385820
24300000
12246696
80438400
4172472
26129180
17851680
63504000
24766560
33864480
109771200
11640960
16320000
7286760
3528000
116121600
11146464
16394560
10886400
31505760
15876000
54908160
2723625
31256064
45722880
15724800
16846080
73710000
76904685
7819200
33965568
5519360
33638400
15699600
42577920
83581200
97044480
28148736
36578304
23814000
107756880
32611950
97297200
34538400
214214
7234920
13200000
16456128
31395600
3064320
6860700
73710000
34265700
17884800
24057000
42588000
17569440
17035200
49180320
37395456
13471920
8128512
36990720
1907136
5616000
13063680
27872000
5295888
15105384
18195840
45218250
50232960
65704320
41496000
75411000
3946320
14288400
22982400
74388600
39227328
8316000
37613160
29626200
32288256
24192000
86955120
23950080
1142400
9318672
10546200
14236560
81244800
52786800
15681600
22317120
10841688
38602410
13996800
67525920
2545920
16132608
6474960
8452920
8028160
17698224
11546640
28297080
19845000
44935020
53592000
58909760
42768000
30913344
43856640
33544560
19483200
17399808
25660800
12862500
6635520
12285000
20797560
14817600
17075520
11226600
37406250
21022848
112266000
14623200
16096800
48090240
117013248
25855200
24076800
21388860
14696640
22861440
42604380
32133024
60822000
46947600
33881760
10129600
10900890
11340000
29315520
15218280
71359200
16221600
21869568
79263360
31284792
2503250
7756560
5630688
6479992
17528238
28607040
29030400
5921100
3624264
14112000
9525600
23556960
15434496
4118400
51750468
15058680
41489280
10022400
57288000
6309828
28512000
7824960
25671492
146224960
73279206
37165392
7573500
32587776
50444100
26290656
56448000
3682800
27675648
104181000
65012220
56125440
19740672
10829808
26453700
14710608
13789776
14045400
87380480
17236800
12196800
12580260
27417600
20520000
22763520
201371184
11309760
35731584
107654400
39045600
50803200
9253440
5609520
53254656
10002432
18523890
72963072
26310240
44489250
9536184
16588800
10824000
78729084
20713770
6301680
22606080
10999800
48660480
16337376
66641400
18604800
4042710
20448288
69060600
2925780
51497040
62775000
10402560
78170400
19832472
53561088
17690400
48540800
23137488
35481600
40642560
20196000
36167040
9106560
5748288
17155800
37837800
23094720
19474560
44960832
12043500
42168000
50409216
36761088
9979200
7425920
24131520
2789800
89100000
10662400
40884480
11665269
24318360
47124000
24210720
24729600
2395008
71977248
2973348
35392896
14268800
87824256
10378368
23331840
41472000
81948672
11469240
29652480
16450560
6566000
9237888
53726400
47105280
10136880
41718240
25882560
61144200
5969964
25038720
106848000
9249600
158466000
38160000
56263680
13540500
15005760
2706660
53416350
40065750
17637568
26893440
108345600
13567320
41464080
29106000
32579820
8594688
8082684
9801792
59778000
5598720
8190720
87469200
13935600
16372356
9199680
8553600
4195314
34214400
23462400
19845000
16621200
1707264
15240600
19958400
1342656
14931000
57931200
40974336
38265696
16365888
46781280
21228480
8624880
22951500
75988640
64554000
84672000
29852160
27810000
2667168
5875200
24036480
13798400
26065200
56996352
7585200
29029000
20317440
29484000
10251000
33778944
1638000
13771296
1993520
9483264
51217920
13856832
39744000
14152320
17539200
29030400
461250
21258369
21047040
28104972
24218880
40515552
13230000
16144128
4011986
3974400
45636360
4447872
52136000
21553536
45864000
24760800
7267392
49842702
37260000
2640000
17669120
12612600
32678100
4860000
16632000
7318500
58982400
54805504
10711440
23139000
2649600
16894800
3686100
27072000
24219000
431970
5868720
22014720
8164800
39536640
16079700
10748400
14999040
24834600
4084128
63037440
12531456
44209620
35040500
11189760
49140000
32292000
17256096
9185400
466200
31973760
8255520
44241120
22014720
45302400
66873600
36495360
2653280
18831960
26208000
11919084
13224960
71481600
1385280
9525600
65145600
21186144
37699200
59673600
26127360
9047808
26438400
13608000
35150280
20486760
64120320
2721600
9446400
64157184
34560000
19656000
9313920
35470890
15116544
32693760
41698800
41126400
54432000
8860800
6211800
1102080
9160256
16329600
26802880
9593640
20528640
45414000
5682600
11949300
22736000
37699200
4514400
16512000
48733632
20533392
3991680
8370180
11148501
17365600
3741525
16329600
24355968
50302560
17787000
22947840
81607680
37094400
32622912
53264904
49135680
44928000
27352320
15431040
19178208
44416680
2369471
62563072
9653280
42900000
53856000
8084736
10434312
39066720
16154640
51725520
43243200
10870650
17884800
34149600
5574096
11812920
52093440
20995200
41646192
23284800
9437184
23751936
2882880
9459072
37371456
63610272
21719880
6687618
10145520
35404560
6885088
116424000
51000000
16590420
23639040
34997760
19543680
90316800
98833392
35546112
16331640
22671360
10886400
32980992
49183200
3697200
18216000
34151040
2257920
27520560
9880704
14101500
65774592
14469000
15221250
42791040
14058392
26275200
97822080
82736640
3483900
20912430
7713792
18756000
22588800
16230240
14703480
41046912
12124728
10456992
18547200
36431640
15268176
23207184
5423760
40981248
2154600
38525760
16380000
25904736
9934848
33546240
13996800
87564960
18630000
31372800
35521200
5699925
35864400
28467504
22300800
19167840
15029190
25502400
8225280
55296000
145837692
5444496
6115200
3280786
59788800
58012416
23296000
11332800
31395840
11225952
6859776
32931360
1732555
58968000
13493700
21333312
26389440
153280512
39273696
18399360
9097200
42105600
38491200
9659250
37670400
38556000
21567744
21884940
43943328
18201600
4620240
27130950
55351296
37107000
29343600
108288000
39213720
13734000
113595300
24192000
9504000
56687040
67766400
54432000
8505000
25665696
53855880
8356608
28828800
24903450
29937600
1054560
3656016
8568000
20295000
46980000
26594568
59400000
64957200
40095000
20623680
16799940
9080400
32117760
34030080
28238112
24104960
27237600
7279500
17287200
28898532
12568500
23874048
62830080
21891240
6664896
3941756
18288180
34836480
29405376
57060000
2956800
21616000
103147200
20966400
2187000
39813120
74741940
12839148
66938880
8741760
41288940
5078400
18083520
27360000
25949616
10396320
143216640
31363200
2092986
18079200
9400320
18083520
26082000
23846400
9180864
41690880
17172000
6681600
52189200
17929296
20391856
59058720
4898880
10670400
13043800
84132000
60847488
19933056
82568160
27363744
24696000
25399836
57351600
27062112
9224670
47024640
49392000
20420400
6559488
2780000
47520000
8968650
32511024
16414164
53374464
75287520
25369200
22314600
22943466
6587840
9015580
61457760
33964840
54270000
33384960
21631680
98191296
33312384
19532448
31771845
31921344
33305580
2293200
11275200
1931400
10248144
6671808
6663384
6555648
11086848
4989600
4656960
16652160
38607240
1514240
17047800
5863284
5503680
44268000
9072000
14817600
47416320
33674940
35458560
5627552
26438400
39346560
67858560
7707960
20003760
92232000
53187840
84750336
18287136
27305000
15156288
1968624
113374080
6696000
21459984
12926144
13354368
39261600
14553000
51729300
32175360
49939200
52731840
31019560
12941760
33174960
12441600
46644000
12523680
102369960
53125632
15320928
46632960
19440750
29118960
31505760
9384480
9784320
35814688
66009075
36288000
33113520
65753856
1078560
43932270
26582400
27941760
51213690
18856320
39951360
49986720
39513600
14627340
7384416
13198080
43860096
11946060
9620128
67573440
2878848
123289725
25683840
19270656
45110520
28811640
45158400
21954240
14364000
18627840
47001600
21422880
13490400
101606400
35250432
13670400
42962400
20195840
40940640
88044000
8985600
81281200
18754944
12596000
29405376
9797760
90091008
42762240
29752800
46657296
106066800
28868400
38918880
4280400
50803200
33120000
44666496
54639360
83265504
5073840
10132000
10814040
18992400
29520000
54432000
3846947
84551040
98841600
14553000
125034
19810560
17575740
100531200
140279040
78488760
38021760
61236000
75841920
3626532
42456960
20196000
49610880
33747840
36916740
59896032
28933632
27095040
25522560
13767600
22113000
98498400
17350200
11466000
8086064
35956008
31679424
5987520
26680320
16767000
7091712
14040000
2980800
16299360
17617600
15583680
12421500
48370608
13499136
5569200
13565952
70253568
11860992
8524800
51353600
14100480
14556672
53361000
4888512
20592000
25920000
8602440
5447680
8087040
17791488
23940000
12340944
27385020
26913600
6123600
16299360
3385800
58447872
5405400
27578880
5110560
694656
12668832
41978880
7465296
16869600
31881600
13935240
15205190
70952112
21767922
28473984
33965568
17056000
39372480
116847360
50948352
23449800
17418240
9181446
5237760
6447232
5967360
11115000
12467520
18826752
2714796
17611776
5812992
43243200
4928448
140818500
24948000
9784704
54885600
9572640
54331200
28863450
55404000
34473600
10170522
17280000
34652800
32400000
69336960
54820800
19584000
14747616
56453760
11000000
3132864
24648624
12110400
32672970
870000
13218750
26680500
7140672
2235000
48095460
63705600
9617400
7230222
18322200
42504000
34499520
1202715
90540450
28168560
22495116
62208000
100237500
33534000
7121520
24332616
56881440
6076620
10206000
39017160
7088796
3917610
41408640
32083800
19261440
37149840
31990140
41932800
28976640
5767200
56583900
10342080
7561092
65404416
29998080
36028800
2813184
14996436
31768800
7120800
24511760
48493200
12484500
18230940
15068160
459360
59996160
2222640
25872000
10464552
2509056
39626496
6876000
5065952
42467328
24275160
16588800
27540000
12480000
8096760
9469980
3760128
112275072
2780160
35305065
48988800
15520032
24805440
27202560
6505200
6552576
110073600
16367616
39313512
55520640
13794480
25945920
41803776
28226880
35925120
33048000
54169600
2845800
134447040
18168150
20901888
31752000
45302400
29073408
18158400
11395440
76204800
7741440
41489280
2993760
53784192
6890400
6480000
60238080
5033600
12211965
21999600
51040704
20778120
8017920
35625744
7931520
12486474
95472000
4612608
8426160
31298400
5770440
93477888
36288000
10456992
7135920
20563200
15571920
61074000
2893800
21168000
32130000
14636160
15240960
26317500
55449600
22456896
3193344
13160448
46133136
102703104
4229680
22972248
1786400
17826480
50068800
61643904
4838400
70053984
12648000
75504150
22183200
22579200
11325600
77145600
86016000
10886400
50379840
16307200
20137600
32970240
12903440
12747840
4830000
13069440
14523600
16329456
11081070
52609920
6967296
6554880
11325600
38847600
31752000
11950848
36741600
24268800
14784000
12983040
47513088
7290000
28619136
59365760
15079680
5818080
18055168
29757480
43868160
1378620
13494600
33390000
8379000
27720000
36531000
4755660
29352960
3460968
80159625
8712700
41811000
63369600
18966528
33675264
41160000
70840224
27371520
28926720
26967168
6985440
49280400
13969152
7866936
65664000
13880160
39004416
9216000
22982400
4222800
87127488
12268800
32426240
105235200
68229000
23580480
19877760
29599758
10049018
38102400
17772480
23860656
6030000
68941120
58007040
8886906
9031680
37144800
75672576
30064320
14829120
4170690
2014320
26069040
29858400
46267200
9953280
24729600
557280
5376000
48576000
26039880
24786960
2123550
21611520
5239080
72608400
15275520
18500160
22176000
19453200
40360320
33116160
56851200
116121600
8096000
8128512
6512688
11988000
23400000
29739960
25176060
68124672
76581120
46332000
19006680
12360348
11692800
17640000
10162260
37582380
36741600
15534720
63738576
30164400
20782080
28123200
45748560
37669632
51840000
10883808
9739440
86799600
30481920
86342760
83984040
8352000
42835968
50168160
35191800
92153880
54281480
28725840
10124400
36197280
8799840
24226020
67931136
18212688
5986656
31901184
19495728
12355200
41827500
29659608
87340032
53352000
21234400
2013696
135064800
34325850
63080640
28506816
43646976
36011520
143078400
13820980
38992240
66274950
12192768
21549000
45287424
39468000
45909600
6615000
12631680
2062080
14112000
16632000
16361280
36750000
41857920
5227200
18816000
57353400
6120576
33458040
15479100
22744800
58274640
17321040
69400800
70045440
3424905
21772800
4435550
50709120
77600320
33667700
30777600
26560800
21432320
1606500
23693472
9363200
33929280
50510208
25502400
34819200
6930000
81457200
26127360
37324800
5311488
67305600
7334712
11414400
10080000
45835776
77922000
44100000
95900448
53043120
37650480
9637056
4523904
8501760
51932160
1561280
33796224
31164672
5595480
19271700
14432400
8748000
28536480
21465920
13608000
11124960
33067440
62166720
52835328
21924000
6195200
12960000
25502750
40550400
16019208
14957280
34225092
30501536
12789000
5232600
5944120
20381400
21012480
19606860
27420120
43253760
3369080
17236800
10001880
28279440
27567540
17971200
61725888
5396171
25280640
25384320
22550400
162388800
72648400
26069760
6609600
4435200
47151104
39901680
24883200
23182848
16051200
8756055
49930020
58128000
82684800
21735000
6552000
34836480
4908540
8266104
6458880
133324800
25147584
10178784
71101800
39134000
36885240
52091424
35603280
15829128
61891500
51390612
30112320
53222400
53184600
40437760
71610000
26208000
13629600
35186400
21784320
8364600
43926480
65214720
22184064
32432400
34848000
46033920
4520880
6665625
1683000
12026880
4455360
36229120
31570560
21168000
7257600
8184375
31428096
27816516
22702680
6899172
15421302
7678440
4909086
26382510
7809480
2489151
8314880
4406400
112099680
30965760
54312960
96211500
9561750
83865600
2806272
39853440
3790215
9144576
72783360
11892096
47952000
11162880
12828816
12312000
17229186
21776622
12380160
57024000
7651824
4280640
18739296
47900160
31030272
27552000
2224560
27770400
34387416
148145400
21254400
39502080
48397824
44706816
5443200
7576576
36982400
4897200
18986400
26173287
96589584
2669121
71992800
79704000
12476160
12961620
7451136
5821200
12231648
21127680
70326144
94058496
20714200
11148480
45008460
21226752
36167040
27798528
2136960
4524975
21558784
64696320
32931360
21194460
135739800
21772800
36843660
22861440
30007296
121551360
25159680
60980040
2612736
12383280
31752000
7392000
23250240
15872520
8763552
9312408
38737440
11309760
17076636
3937248
58752000
69841200
30481920
58592160
4383225
19483200
7766280
47202750
9055200
10263120
40383360
23258048
39087360
24740100
31971456
41201160
8573040
24853140
5038800
7749504
17410680
20728240
39009600
41796000
60341760
30326400
197120
39841200
4590300
1740960
55381248
15735300
45427200
32664960
84825000
53222400
32370840
3074400
60333000
32810400
39498624
5445468
32466720
22480800
2903040
75516000
25159680
42059600
43868160
11309760
60808320
16077600
36241920
57816000
13646880
19229805
49351680
77837760
13343616
49836384
3156585
24854375
52633800
28507968
76896000
51093504
13708800
59407600
235440
9433600
112968960
64385280
11497920
49829040
9526572
3585600
32659200
108017280
53071200
27959400
197821440
55860000
32288256
5283600
12540000
8151570
9307872
72758400
5644800
15163200
15479100
44107056
60211200
4638960
16243200
14414400
90944000
16009920
54475200
13923000
33440000
10296000
19442592
39501000
25482600
19270944
24100740
19688832
61072704
97493760
15206400
2636088
11451132
12155136
81959040
41856000
16937100
60057600
23688000
27653360
11444400
51916032
3465280
26261550
67092480
25264008
50633856
20943360
59976000
65691648
2845440
15676416
36647100
23569920
22809600
7879248
10022400
6683600
32792160
134053920
27936480
39081600
13494600
20697600
26320896
12615696
11750400
58237920
2012040
34765500
49385700
45999360
6359040
20104812
16087680
5826240
37488000
19405425
21908880
5775300
13478400
60673536
23490000
1728000
11145600
33371136
9297600
16203600
5341000
94500000
150716160
34299200
33222000
8709120
5148000
71097600
86879520
21651840
26449416
14515200
34473600
106801200
19051200
11642400
10692000
12810000
10321920
22816150
28039440
84909825
18343000
29030400
2577960
10108800
15523200
38320128
48504060
32598720
9658368
50379840
37322208
6570720
56635200
33989760
47406520
10911936
22643712
10078992
28864512
59043600
7567560
7272720
17498880
21562200
38556000
19450200
1235520
28080000
22934340
13858000
116453376
38054016
41164200
67200000
23474871
33956388
19901700
9393300
72783360
30965760
10187100
5226480
7709772
79252992
13991340
23878692
62208000
29844288
17606160
2751840
15566400
26220896
27688320
9621612
48518080
14867136
87091200
17480448
16632000
47803392
22755600
8294400
39381300
23654400
45918600
13944375
4309536
13891584
91238400
30536352
23411808
18884736
11592000
8832600
21826560
56383560
59976000
5132736
14605920
23639040
59014080
108269568
20943360
25555200
43303680
17894520
11289600
14515200
6720000
6949952
21894912
108864000
29446200
19815200
5026560
78624000
115758720
26025300
214652
25428480
70557696
109516000
43409520
74844000
32033848
5656560
64157184
19584960
66124800
59799168
3041280
1819584
34100352
46872000
24190320
14696640
7776000
3231360
78009600
34062336
37454400
30078720
311272
12700800
16800784
2626560
6699738
3675672
34214400
48773592
40435200
17096751
10801728
17269560
13355496
51978240
33173184
9185400
15163200
3102624
39359250
17481744
33554304
30431700
41803776
14557620
36949500
38880000
24262560
10740730
29963520
15099480
178869600
46475520
9849600
9596160
94058496
31480512
7257600
32749920
53253200
98219520
28947456
12455424
50577408
15200400
17694720
18378360
2567520
26771472
10752000
23258340
13880160
14774400
27291600
20815872
9720000
28304640
13870080
66899520
19262880
6842880
13837928
6093500
5927040
29070720
3763200
21546000
41431488
50167680
36091440
27623232
13068000
32332800
35271936
24167808
46781280
38623200
18090000
39312000
102897000
27466560
16652160
6128640
70253568
16717428
31261440
43291584
57879360
34312005
71884800
59974992
20321280
4546080
17519040
2844576
19721520
41472000
24675840
25546752
11447460
27871200
24681600
3020220
9187200
10483200
40105600
53999946
14513016
23543520
8078400
106064640
45696000
22643712
64178400
9644040
753408
68640000
5852808
16652160
16091976
28798392
61585920
27291600
5209920
41368320
8482320
44712000
55036800
26152875
111068496
84268800
30292380
15924510
7838208
95414760
19436544
14076000
27428544
13181490
136081920
31752000
13970880
824850
9684360
51251200
32864832
33534000
13411840
22216320
31726080
3880800
20284880
3580920
28089600
28216944
4681800
134915968
7967115
24174612
16504800
21337344
6835968
11642155
2295755
52757760
28262400
94174080
25282530
2613120
51881445
17002200
7461504
11622528
14084928
5236000
30291408
9313920
79380000
91529856
7112448
17247780
54190080
11481600
30336768
10130400
21779520
16220160
42465280
35343360
29846880
3294600
39803400
88606800
2882880
82736640
38404800
49351680
62899200
46049472
60540480
10417572
23023000
3200000
24675840
10930920
19712000
30494464
3886000
13824000
51335856
19353600
56039040
30164400
6864000
48241872
77197824
41600000
4266000
42688800
33015996
6739200
33291648
4792320
44520000
2725632
19918080
26452224
52668000
3444480
14112000
18931968
49686000
27556200
51480576
3816960
42143976
97827840
44124912
24093216
4751320
10964160
31028400
24161280
82368000
21823932
21476112
15954432
17581536
8731800
48522240
29743200
29030400
22383900
68402880
53387264
15329600
30801600
18350080
24261120
24970400
96120000
51916800
7173600
12124944
4800000
14145300
158951872
23708160
52050600
41300118
8903232
54636000
17224480
13384800
4170880
10287360
58741200
31069440
17702784
2546100
10193040
30965760
7171200
71660160
20912400
4933920
3298680
44997120
32572800
41489280
23587200
10378368
17915520
32442120
47764080
24847200
38126088
2667168
18036720
15420672
27442800
19375200
41580000
19625760
8153600
46153800
13571250
21704760
15891840
12672000
46552000
29743200
59675616
44997120
28929600
7207200
29338848
19699200
28350000
11712960
67781376
7151328
46671600
46376000
24429600
26111808
54204480
30965760
46158336
10406718
4989600
5907330
37001664
23360400
4233600
22096800
15966720
11346048
19424160
5037984
17463600
31933440
6633900
16773120
16934400
21704760
8983800
43566000
57894144
35640000
13325970
93449664
65750454
18931200
54286848
48488000
7219200
64735200
13063680
21254400
6967296
55036800
17002440
8003160
59716800
31842720
24921000
1576960
28100520
14747616
25648128
5166720
97377280
1995840
10750428
38446848
2913120
5900400
25635456
73593360
122472000
1663104
8404344
7149912
7842816
31303800
2659475
11203920
34897920
24194700
21683200
42923520
31665920
7136640
16514712
23118900
8013600
11988000
15006720
87464448
23184000
13943664
111857760
95045760
27519360
20373600
26535600
14152320
13453440
18330624
9486000
11132100
35498736
33415200
4602240
4861296
13204620
15680000
12730368
15897600
70990080
99754200
5633160
5658000
17622360
7499520
6203340
32756400
9329796
2928384
1710720
86788800
41932800
68947200
69600000
22533000
6810804
23990400
50122800
24100560
22126000
17723520
20471808
55296000
6583500
3070200
13630464
5981283
48522240
7915320
6361740
20130880
21818160
23751000
4337064
33436800
12241152
20736000
76608000
35251200
77332320
2298240
31978800
42872256
18476640
4022200
14400000
38605248
24929520
3831800
17612640
35603568
46871176
41289600
12804480
26915328
21660480
11844792
8312832
13245120
23248512
46189440
48964608
42493500
95385600
3826368
5811960
7898016
2549040
4354560
160876800
34776000
15805440
2433684
12210840
10619280
34202610
37149840
15814656
2298240
20269440
12597120
6439680
11733120
1886976
83136438
22651200
25378920
70156800
9289728
85662720
41580000
55384560
83119680
21765024
14329224
87989760
44122050
21897216
69138432
2579850
34215720
2706048
37511424
37364184
8847144
12180000
8553600
3093045
13644288
8316672
41803776
63866880
92295000
26003488
38320128
12141000
22752576
35665920
11267424
4636800
19890000
30087288
12307680
22632192
36255492
10214400
60208848
56448000
3866940
57139200
52527420
4790016
4790016
67797000
34083504
14217840
29030400
114048000
29238300
47318400
11900385
11335320
27648000
2695680
7905024
88704000
24034304
51425280
7852320
5718240
27406080
29446560
96876000
25049088
8363520
5609472
6158592
4944240
14212800
32253760
7138560
77418000
67795200
15552000
26611200
3663360
8294400
8192352
21317580
33868800
17418240
48787200
35090000
25038720
11732448
19955520
32105700
17288640
77911680
13913856
4536000
33242400
36036000
12922416
16959096
20921760
18009460
8787528
7359408
17514315
83026944
36993600
58529520
20872800
7582848
6597760
25125600
35026992
5089392
42870600
26880000
9538560
51004800
17335296
226437120
41979600
25909632
42996096
9403464
17516800
17212500
4904064
116098125
51081030
11430720
21427200
6589200
54725220
3474432
20616960
14466816
63112500
45246600
1026432
20530944
19131840
30451680
12063744
30954420
9130968
20334240
55692000
48148992
102643200
25907200
32319000
35852544
53415936
70640640
8547840
10368000
627200
115240320
82368000
83311956
33965568
30309300
19440000
2529090
27442800
34120086
8293824
27285984
70661760
5854680
85873970
29321600
31224600
4808664
10235904
15974400
19404000
37561293
21836430
13565475
62569584
88016544
12874848
11692800
1463424
1521450
43545600
11404800
146358900
16805040
21538440
16329600
73755900
97426800
8294400
170524800
6148032
36091440
15333318
7534800
29621760
19502208
47985696
58320000
5601024
32400000
9878400
41580000
9408000
39092800
10971450
11197440
60103296
124221240
14877720
7182000
12230400
17660160
17640000
81408768
1951320
11419056
11922120
6558240
20908800
10808910
34214400
16369920
25798500
23063040
33707520
65197440
20793600
12655440
144396000
34496280
9692280
10678200
44066850
55890432
11932272
44778240
9302688
23237760
7931520
28812000
25028352
26827200
83397600
43122240
64022400
22708224
29652480
22286880
16780932
77337600
18012456
22982400
18574500
1658880
45782880
56105280
57024000
6645060
14563584
25431120
67267200
1128564
29131200
54250560
16588152
38880000
5765760
70560000
25966080
20039040
22216320
81607680
67616640
38513475
46312500
6180384
114892800
115161088
104509440
21168000
14976000
321668
9972720
12767040
22141350
7557900
42714000
30604860
55779840
67155480
52867080
14256000
15266880
19859840
50450400
8756748
15804544
21432600
4148928
14018400
888624
15120000
47882016
15900000
27495936
90316800
10108800
43545600
40249440
120955680
5533800
9121680
37440000
18450432
23980320
19094400
11089680
117669888
12172797
24271104
23745150
31253040
26357760
91500800
5608320
19270800
88252416
4446000
6746112
16329600
4596480
105040800
7756560
76308480
34823250
25171200
26986080
2020032
30700800
8799840
28983500
61986816
69009408
29963520
28600320
6252750
2726400
50319360
24336000
20034432
8781696
23493120
10067200
67626000
60060672
12398100
43253760
61083750
82560000
28830000
25563104
35819784
54583200
65286144
3400320
29870400
15343020
10287360
24100740
9583920
75203520
33965568
51438240
66528000
57153600
40214304
8916480
47520000
13186880
34845120
18585000
24964016
41748480
102643200
65729664
1500800
31352832
38304000
65973600
54190080
38865816
13573980
68428800
22885632
4927104
14189175
8320320
12939264
77112000
16511040
18399150
21762048
13230000
11455200
8102640
23768640
19731600
12852000
78732000
49900032
31795200
29456460
166234800
20995200
76774500
5424300
20043936
17694936
15828960
64344000
102286800
52349440
8953152
11037600
4297223
47533824
13861120
60480000
15434496
28581120
9599040
43296768
38100480
14178780
12384000
69854400
37346400
31104000
37691136
7968576
22464000
72606240
6081024
27694800
7593600
18191250
99360000
13310388
7511040
20459520
38536960
18954000
22779792
1647360
24958560
8064000
8164800
9380448
14492160
88236000
61236864
39494400
10977120
14883840
57507840
71751680
13518120
4009824
10588032
16588000
23950080
16500000
11962080
12705210
17617600
11634840
26658720
20367360
43512000
13780800
37739520
18370800
91763280
8528784
14089950
6415200
17539200
8316672
6493320
2367360
16892064
24402384
80740800
5877760
19483200
16176960
1658880
3664320
7466400
8760960
39254400
4782240
21438000
12055680
57834000
43365000
44654610
40672800
19035240
5586000
53407200
75072168
35642880
3921696
13777920
31726080
8870400
28385280
15445248
61158240
7925400
110388096
81544320
25095840
29278080
10133992
21744450
47502000
10365408
13024800
17975880
26800640
9246720
20925216
3632832
38841600
38036250
157792050
7408830
12196800
25740000
3459456
44789760
10558080
9412704
5757696
812592
6439680
865800
62791200
41057280
20736000
4618944
14112000
36679500
6859800
14126112
102228480
14929200
16123536
42424200
10093104
17982000
35164800
40024800
36514800
36188160
13236080
43400448
4537500
7287084
16251840
46475520
90720000
28449792
39411680
10886400
7761600
25855200
71910720
22279320
18432036
65236752
83220480
8049600
14893056
21751200
34458368
27907200
4996134
68194080
52416000
3047625
294528
30386664
108846990
11965440
164538750
38211264
7711200
21145280
32235840
20260800
9185400
27907200
15347200
7978176
10155600
41969664
42325920
20248704
61017840
3679200
5537970
41342400
35468160
86619456
20776500
11631600
87797325
40320000
21258720
24750000
1771875
38320128
11823840
2623104
18509040
1964400
17690400
21924000
42301440
41880000
1102090
28304640
121282560
60112800
22832700
10200960
30746520
23049600
3068100
41562288
93139200
9884160
8448300
15697344
36386064
61326720
8140860
34041600
8976176
28800000
4139520
21393792
93139200
19404000
64039680
17740800
40789008
3174336
8114400
7429968
54286848
15238080
26075280
11948160
35562240
17385984
2930400
47900160
9676800
64964592
19712000
2680560
66943800
32175360
9216000
65268000
36288000
11321856
4368000
30932928
5256576
4233600
38918880
31438848
12407850
11490336
43589088
33035904
18532800
51856800
25120032
15104880
95079600
7603200
11776320
5927040
15346800
3635280
29991240
6563700
17735256
17052672
37051560
44478720
30244500
18662400
3899340
34383360
9982440
96314400
62524000
78624000
4084080
28512162
18617040
629200
22176504
21200256
17229888
27578880
9806280
24194700
27089920
4573800
72394560
20089600
2701350
18484830
132612480
15301440
42547200
3801600
16321500
74131200
15932700
13467168
10048500
111367872
113836800
5561640
34473600
71910720
17117100
16718400
7056000
54604800
3841344
42531840
1603800
44067240
19992000
14723100
22965120
2462400
50746752
44416512
79567488
20487168
18954000
15966720
39384576
25651080
22443120
7717248
73846080
13825350
54137160
369600
1886976
13230000
34663680
7672704
49140000
10950016
31995810
4936800
51891840
5054400
37763712
24799104
25894080
29304000
15552000
6469632
83757072
32313600
31420224
4072320
36480000
566272
22531392
39916800
2094400
61286400
33015840
12673920
11211200
18316012
89628000
25376400
14817600
9619200
31262400
30240000
36080640
13032810
18312672
48976200
24948000
74271600
36080640
65139066
12196800
9273600
20349000
37397700
3351600
2865520
3368640
11908215
37324800
27025920
13305600
33792066
52920000
26544672
13478400
55752840
16167060
17169600
19219200
7736256
18837756
22330000
40256000
8773020
43678656
24012000
8363520
1866240
45849300
41640480
61416432
39615840
64297800
1718640
11104128
44222400
11488400
13242240
34850640
25159104
32685120
13981968
71124480
59455851
41731200
920808
10758072
19407360
248209920
1237104
28188160
6552000
19514880
16238880
35938080
3392928
50109696
8790768
25919040
38747520
2213376
65862720
45100800
33644160
39074490
21022848
21621600
11054400
19939920
112046440
25804944
11315700
22803120
59270400
69111900
14997840
24192000
28619136
17842572
31584384
74617200
8942400
8522640
58786560
12752640
8448000
32928000
18680256
15748920
4766520
16401600
4231500
32739840
25636808
11943360
32941440
72135360
55177920
21591360
3734640
66074400
64494144
44808192
33931520
6191640
33498360
9031680
30139200
5324000
11536200
25123280
7134000
1586880
17962560
35424000
10715760
18595920
28957824
19364400
30202200
5266800
1653760
79182000
14428720
36960000
12484368
57788640
97511040
14968800
96422400
26426400
19758000
47974680
11668800
18761600
94348800
33585840
28508256
51408000
21934080
47900160
21669120
23337720
44286480
41472000
35380800
204288000
32788800
33858000
26078976
12503040
36786555
9331200
23100000
22435200
13196736
13674528
21800448
11702880
52264800
12127104
17563392
52485120
12383280
18369600
7086240
3303720
2304000
42336000
10119680
5437440
32482080
37199808
18355200
2446700
15829128
48257856
16982784
21695040
77409024
13006980
13242240
27993600
39632670
73774800
6123600
50001090
35223120
10145520
28728000
17027010
72403968
74972898
14992656
7826480
8526060
7300800
13836480
27927900
29417472
4884480
44982000
4325376
20643840
42336000
15814656
47831040
41811840
25930800
13222440
35458560
6749568
3974400
11456640
34827520
55911072
37425024
26496000
42134850
104696064
8626176
10578750
16361280
44928000
9525600
4423680
97535340
17487360
15079680
13002000
11854080
3885000
36293400
20557152
11404800
9849600
81616896
10692864
2275200
17136000
36677520
7938000
99360000
21326976
17203200
44023200
9243720
20588400
9038736
103420800
5670000
2976750
13305600
10121472
31285107
17400096
5821200
5581800
49230720
89527680
20205120
75005280
8053956
44178372
54489600
29399040
42099750
65208240
13968000
23587200
38966130
29027388
3620592
35392896
796005
9581880
54190080
45722880
9012384
57113100
16950384
37402560
36705240
48107520
9755235
16692480
13453440
75116160
24766560
51524480
5054400
1878912
3338496
36337392
65536128
60390000
59598000
29954925
28800000
28123200
8607060
20599040
37108800
38154240
49380240
21640320
38556000
9476610
16334320
9734256
38831040
18579456
12134760
17671500
71850240
15344640
4147200
70178400
10834560
25804800
37217664
19945440
22868400
50094000
95000760
16675776
24494400
24142560
23616000
4860000
15184120
58501800
32643072
24382512
14243840
13543200
4902120
871200
62052480
36326016
17773056
17539200
44688000
57868020
21565440
18793620
7527168
14303016
39550500
28191744
964656
109448640
54295920
9290160
4933500
4363632
31274100
11372400
24203250
37949184
13899600
46656000
18164736
14042000
71884800
16304310
16204608
11760000
123282432
90430560
66290400
4730880
8731008
23876160
70012800
58892400
18432000
21254400
37470312
25004700
2031480
16934400
28002672
43769700
7207200
28939680
36796032
18541440
37800000
67392000
35481600
1471360
16084992
26901504
91660800
15393105
19872000
32659200
43030440
21415104
20995200
26542080
26208000
42322500
36211200
20490624
20670552
41549760
29237760
75866112
30184245
51114240
35382900
84577920
12446720
71424000
21976500
4027968
8624000
7199280
44964864
5227200
13440600
14862336
50893920
74844000
18057600
26582010
7296000
65537100
16588800
62013600
89817000
10313568
40150890
26873856
14517360
51667200
6570720
23474000
46448640
16465680
24920640
6380000
33696000
17463600
26244000
32534040
3568320
10800000
25629472
99830016
24333120
17856000
30870000
69698232
7007098
77952000
11038950
70387200
21386736
76608000
2861568
11092302
90034560
53215200
75264000
50028840
12312000
47900160
83913984
4354560
5775588
12533760
36495360
8709120
107287488
13418496
42014700
19265454
100362240
3458832
55810560
52301376
17075520
28588032
36827700
85800960
72783360
69120000
34577928
7413120
9856000
26788300
34229952
101640000
5783373
2399040
27518400
17221680
5419520
69564000
11596992
13923000
45535104
5522400
25116480
16773120
16253952
19211904
50776440
13910400
6912972
58476600
4127760
1197000
17967600
29238300
58464000
45360000
22353408
7056000
70741440
3566016
33003360
14582400
93000960
10209780
4494336
9815040
1698144
43156800
31539200
15054336
34678800
35006400
3916800
25019280
60936192
14972100
22980000
85500000
11761200
41112960
34180608
103521240
6689024
37464960
45722880
43604352
83980800
14370048
3416490
59139072
4443264
55413072
28512000
49752720
19605888
33929280
39916800
53555040
26127360
23535360
35785152
27243216
30888000
7724640
82736640
49968576
5392800
50965200
17487360
18543616
46078344
22487040
27421968
43414392
62026020
15996960
14394240
130772880
17677440
42865200
44027280
8923200
47736000
36970752
121951200
12566664
6938256
38102400
10944252
8439552
80123904
48951000
55213620
23166000
93409200
11011770
14059008
15119440
47239200
64411776
18759840
4798400
16202592
13996800
11835264
6435072
7240800
42301440
46846800
8140500
56833920
28827648
59875200
40642560
53343360
18249840
2566080
41655600
8124640
16286400
15518250
38188800
33488640
6048000
5068800
31580160
14229600
5771700
26875728
25444800
39680928
12492144
20343960
28080000
14249088
25614144
31557568
8773632
7977200
8981280
11624200
18172512
10920000
30618000
71748180
9443616
43601040
16449048
23688000
47672100
24984288
36416250
4254768
9549120
14054400
27486540
7970688
9596160
12722556
61952800
17337600
7444170
22784580
20111112
19504800
31207680
25467120
23237280
90139392
6804000
19293120
52920000
28077660
15002400
42092160
32909184
39744000
50379840
5896800
3129984
25237450
18659200
48921600
27320832
45696000
20291040
58752000
33546240
23654400
63452160
13834800
3328560
61612012
15292800
417690
32829786
26880000
41287680
106227000
35925120
73656000
78336000
6128640
12029472
42531840
5760000
40792500
8704080
65664000
34496400
5376000
39517632
11251968
71047680
4693248
28704000
5488560
35750400
44604000
11814660
4483512
50077440
74027520
50512896
91062972
22978560
17010000
51710400
10281600
5487768
15966720
42305328
132148800
79252992
15584844
15240960
3003000
14364000
27722240
38024800
14113440
5575680
55931904
10342080
57324672
94562400
7330400
36126720
47215872
13546710
39118464
34124166
45287424
5944320
3995420
33839694
15678684
60082560
7347672
30096000
9253440
12600000
15805440
65318400
486000
25592112
27216000
30237900
12324150
53187840
19204080
36174600
10796544
5987520
58104200
9517500
4908420
5192460
122850000
21047040
38307840
37094400
14113440
8709120
21541520
7619040
50162112
41430528
3940625
20991360
31695840
43273440
3577392
15240960
23074800
15668640
53118450
15649920
82944000
16394400
7299072
107205120
95528160
37158912
19536000
33934950
2608200
47308800
8628480
53867268
34677888
38491200
73543680
16003008
58514400
47345760
31933440
26812800
54237600
19756800
17374500
50079960
4435200
37440000
43794432
40492800
4849488
41352960
53114880
70769160
39678240
47158272
718080
8596224
27843552
20849400
10221120
6786648
77220000
13122000
25620480
38817792
17550000
34630200
78962688
49968576
29509920
100200240
41962800
5610384
11404800
34569450
14078400
30863700
30979416
82360800
8558550
28045248
26542080
27738000
4823424
10086400
31434000
71442000
33739440
7603200
20223000
12423600
12798720
41061888
189000000
21801780
26040135
28130760
14883840
19116000
2364768
69973200
9455160
34721280
31469472
29034720
46267200
29720600
30191616
8926200
70605216
15384600
72617472
10007088
38572380
11377800
27095040
50803200
27371520
13927680
34117200
17875200
70224000
21379680
18974736
45722880
60948160
37296000
11008875
99515790
59558400
6578496
51840000
79027200
27723520
48223350
7371000
11248950
24554880
11781120
60134400
19470528
7927200
9569664
8062740
6350400
10015488
10974600
33005280
9156420
1441024
31298400
30015360
29944512
16410240
40629600
12348000
24883200
42661080
27955200
14192640
27326376
59764320
7899120
16656192
70551360
16369920
3508512
30412800
105061824
27386100
11652480
13029120
42840000
18698400
51746688
28052640
1833000
24492000
28140000
7461720
9595950
10090080
25613280
20832336
3217536
4647258
16656192
29635200
7475760
23276160
61629120
83013840
15169518
37044000
79833600
11505600
35985600
52211250
24149664
14934000
136857600
15386112
74370240
21432600
40974336
49896000
22450176
50512896
12600000
71339940
53441856
11879712
4179600
39463200
13171200
135004800
75075840
18192720
45601941
120528000
17278800
5651100
55296000
20442240
79833600
56760000
44415000
52554096
33802272
47904300
13366080
117414528
9979200
19750500
35661024
16819712
3480820
60886080
36578304
14278368
43023960
15607800
71351280
47388096
23353200
33352704
55779840
35094528
48671280
22453200
81204480
52518375
62208000
19911360
8481600
15684840
27499500
56651616
40446000
19404000
25286688
30852360
28407120
48568320
5803200
68051200
5311488
18077472
10927872
14424480
60963840
4709880
131301000
8845200
6523650
2339064
36900864
19320000
14987700
6019200
40318560
19572000
4015872
12758724
31185000
84057600
114960384
1975680
8509248
3618720
8783280
24798312
67132800
61411896
39397500
16934400
56072250
51734592
44513280
11712960
1239300
5920992
53899200
22256640
28318500
4700160
3245760
17980560
13804560
92316672
4541760
22869000
78671808
20829312
18193280
18733680
49168080
19742040
5832000
58024512
19096000
72691983
13690392
64491840
1626849
16796160
37149840
124146000
29937600
24777600
5624892
16964640
75582720
13001472
71442000
19727400
6867207
20859930
21660000
32693760
42688800
56707200
21934080
25110000
15206400
36388800
5457465
16494720
22032000
7623000
49641984
2265480
96526080
6064128
9552816
78367500
20160000
6531840
25401600
11510700
8294400
22861440
13582800
3144960
7379904
30240000
13639860
1866312
47900160
14532480
28080000
8798400
2093672
9551360
55983312
23154768
2403520
16767360
72817920
29417472
20124300
21677544
45360000
31539200
26505000
7767045
21714000
61544448
16848000
74850048
3084480
11158560
11911536
39385500
10803780
17671200
30387840
3341520
45892224
30326400
13948200
36288000
31041150
96589584
10325664
63866880
58950720
19301360
18576000
19548000
83758080
28814400
2903670
61081440
8777160
852600
5000940
4916808
39054960
5803200
17621450
12188880
5662800
35350560
42432000
9542610
12225600
14367456
65664000
13934592
57443400
25519200
11698020
37843200
16537600
24012000
35043840
43846110
30383100
5763000
16275168
146348496
34897920
77760000
44431200
18275040
73543680
24984960
6722352
4276140
2967552
7560000
66211200
38384640
43287552
2651616
95644800
28720440
23552100
13426560
168791040
29339520
27124020
37648800
5468400
82487808
2745600
16727040
23400000
15902208
63022080
1779624
15765120
16692480
79872000
4212000
37510200
4599504
29743200
5598100
5832216
2927232
8553600
46146240
26830440
55944000
10068480
122943744
114307200
21485772
20966400
6965856
1712340
38102400
13041000
16679520
207045774
55641600
7257600
24840000
54835200
33227040
100391200
44008272
15816816
55389906
13278720
23938200
439461
24920064
21896160
5662920
19432224
5748300
37324800
11550480
38384640
3265920
12072240
8651160
4343040
20257776
19136000
8870400
103966632
39414816
12965400
48716640
9991800
10575360
11850300
7560000
8180640
92774640
25288704
13577760
8467200
14515200
3570936
27596800
5365000
1850376
37908000
80514000
19051200
40656000
86430240
25987500
13423416
46266880
55695360
31059000
82252800
19175616
10419552
68224500
68640768
34465392
111132000
51300000
7050240
14311500
78719850
5896800
52265250
113379840
2706048
7300800
40310784
125452800
58284765
44452800
13367200
5172048
21879000
8501200
80256000
12755232
35796816
50274000
6624288
7666176
34422300
37699200
19750500
12632400
25234000
59875200
13127400
17784000
54432000
41411040
18565120
56749056
59456320
49920000
9964992
13649060
30965760
10188864
9916830
15348960
23750496
96768000
39670400
53071200
14484000
39920202
54561312
65318400
10160640
22176000
58506624
12402336
48921600
7282800
48787200
13471920
39501000
87107400
88338600
67305600
60470550
17210880
37739520
14974960
7888725
2955960
18876000
41912640
56800800
24935904
9123300
5529600
16555968
42923520
2460480
66355200
71850240
70686000
82728000
47876400
20790000
1518400
4769280
11466000
11152000
26269488
36796032
42197760
6423900
71618400
45489600
7049152
72182880
61158240
18247680
21648384
20751885
1633500
20554560
9223200
20088000
9417408
25169760
96247008
20815872
47124000
6148800
7128576
41640480
55261440
10454400
28131840
16833600
11404800
14976000
83462400
70087680
24719310
29961360
45131940
9363900
24104080
2196180
22176000
13214520
4407858
108591840
28569600
16727040
25561280
42287616
53529840
18711000
29719200
25474176
4629900
12101040
31715712
13305600
49959360
17781120
7845120
101312640
39626496
51819264
83014200
21285888
65922048
6251520
34642080
25019280
78796800
7200000
33978240
85852160
5660928
2257200
54388260
13819572
59978880
15170400
33951720
48895056
37604736
31711680
25116480
71820000
10560000
11806080
47297250
2625840
95153760
62208000
13916448
32438016
26142720
23383404
13996800
45489600
5757696
16329600
2795520
21150720
69285744
4743360
14976000
813120
72597140
26550720
18881100
43545600
4051872
47422320
23854500
77992200
12862080
19958400
2273040
60134400
10311840
6350400
44600220
17721000
34265088
16003008
25921440
19353600
58662912
28690560
15840000
10248448
26412288
25687200
5977800
17350200
46491084
8441550
20592000
14968800
75978378
41952000
21162240
11278080
26699904
88058880
8365500
22348800
2097315
89752320
61281792
4762800
120556800
80668224
59473920
23912784
34298880
6483456
77048496
25778655
11595776
33882130
63191040
7797920
78690960
65522520
13377672
12859560
37425024
7299936
18579456
28305000
20412000
4999680
18988992
95293440
23712912
21384000
64627200
12507264
23025600
96798
13733280
81095040
860160
12474000
42531840
4491144
7581600
12849408
87246720
58800000
19879200
66798760
10496192
53343360
57936384
3628800
8820000
50935808
67371264
3669120
2286144
18836064
45480960
39584160
12080880
17532900
16416000
21396879
82368000
55740960
11432960
45227480
59836320
11366400
43394400
31601664
37800000
58989920
45144000
8316000
8812800
92736000
37242240
19676160
43804800
7741440
75398400
14376960
11211200
18418752
15593760
5679936
11880960
51809625
36406656
18869760
25084800
16996140
22147020
129900
17365824
82653750
17307675
14515200
37900800
99099936
63840000
7348992
34650000
24766560
25719120
25461072
66150000
58278528
33509376
21466368
32348160
8164800
9139200
32011200
5640192
5125120
5877036
19486080
10663488
3392640
35612500
27181440
4445280
27689688
21754044
12349440
20321280
3038832
3509968
3510000
13996800
11941020
6146280
17233920
33965568
3078000
10753236
19801600
3168000
90632880
82368000
37635840
28459008
34069896
38253600
68640000
13564980
997920
11612160
38320128
73410624
73180800
107251200
5445000
5658120
34969275
5370624
13219200
60963840
110248128
8251200
50410800
12938240
17316000
84268800
92123136
32749920
31185000
39009600
34927200
15033600
13950090
65934000
51088320
10160640
42029280
35154000
2446080
37632000
19737600
95286240
18892440
19514880
13318830
40894464
11024640
29752800
49068936
41195520
10838016
5337216
43299360
29568000
52565760
26389440
6616064
22289652
22809600
29652480
17432064
133358400
11896704
64560240
37094400
9483264
35244720
14817600
21127392
68345856
13572936
46617984
2135808
57255660
51508224
50253840
4463316
18289152
3019500
8570880
26687232
46126080
42783720
21143808
14580000
44104320
21081600
64002960
31449600
22307400
29937600
18427860
22512000
33585552
31257600
8856000
34794240
5243616
42007680
7281131
19388160
64588500
39916800
7708896
59510880
24192000
7654500
17843760
5012280
15197112
5988384
11623500
30315222
12356232
81648000
31850496
29352960
16613376
40435200
8147160
12043264
11971008
1292242
7533000
9923472
44128800
92268000
71049216
55883520
12888720
12894336
18988200
27518400
46635264
12920148
36236160
26726400
82317312
32319000
47308800
25414048
25912320
8707500
3915000
19611648
20901888
100260864
25684428
24675840
8285508
10640080
30412800
30391200
44352000
20995200
28873152
46381440
39968640
13064832
29808000
81790128
26127360
39364542
34611200
22782060
25708800
1450800
34054020
67744512
65073960
22422400
26003952
18275040
19719360
31088640
24913980
121356144
4561920
29106000
26790912
34499520
38130000
93591936
12352500
65197440
13063680
28253456
16060500
48600000
17207680
4618944
22500000
29766528
49268520
13358976
9990000
76982400
22081800
8106000
20442240
69498000
45904320
38320128
5556600
2036496
15984000
31861440
8467200
13440000
10854000
36288000
35380800
11228800
4749696
37674720
16146000
5131368
7600320
37130400
40989312
2967000
13678938
7550400
24284160
30536352
15154776
49776846
20961612
3815424
14886872
12215112
22982400
31881696
6297480
20849868
79073280
11491200
12046944
2650980
14136000
64276992
12418560
60673536
10967040
57554640
6739920
46400200
12476160
32716800
16524000
57139200
2722680
20432412
28336000
33168852
14370048
115522560
13208832
27667200
58010904
32997888
148284000
48580560
27760320
12323745
10886400
29952000
47536632
45714240
14402220
3845400
3415104
9137100
41513472
36945216
33054048
9792000
25424256
34564320
50563440
19971072
6350400
3395840
5056506
98496000
7452900
103420800
113654016
74844000
29272320
53391000
13494600
20888400
14392950
43000320
18816000
46738944
10870200
5414400
27002528
34376832
27060480
4637360
5456700
43848000
93895200
112569600
9998352
20217600
9408000
44270688
46674375
24270840
3254016
8748000
14438400
8312304
30819096
6096384
92501640
48480768
7292160
23143680
34427328
7695744
14490000
27417600
1940400
45360000
41224680
23283360
68194880
66460800
30857216
22233024
110315520
17908800
14478912
9055200
52644240
11101440
49641984
32104800
62294400
4884750
12706470
11491200
86169600
11152575
11566800
6765120
48242304
26766432
23483664
49600000
38210400
5644800
60739200
54950400
17236800
59376240
23039100
38937360
12940032
115128000
68216850
67086336
27297600
9548000
11019528
31291596
15600900
3066112
37083648
110160000
39916800
30983680
6486480
24416964
16156800
7787520
7315000
10140000
59223024
6462720
7649280
17433108
36242640
4951800
34095600
6809600
42425856
19031040
7646400
21942900
17681895
98960400
81648000
16964640
61496820
76317696
60375040
33815160
7080480
74131200
12565125
23802240
28304640
32140800
60605440
24820992
118665216
17521920
12773376
17297280
11642400
14660800
62969400
4224000
1426698
10120032
117210240
13590720
54201000
35251200
9849840
49572000
3628800
3067200
21461760
120165120
124509000
27976704
29652480
16069248
59875200
9377472
29361024
36661248
44928000
6342336
88452000
20061300
27941760
22057920
142560000
66012408
7922772
44911440
65155104
51254784
47682180
75209472
15732000
72069120
28257984
42835716
19207440
29272320
53913600
12753741
29639316
71520750
31449600
38986752
53044200
53913600
12700800
26214400
18409248
44861040
2457000
2065500
49077000
28629504
9175360
89670240
2316600
6209280
8236800
64684032
12418560
12722400
23950080
7330560
25369344
25798500
37189152
43330560
66134880
16920576
30240000
120766464
71547840
13404160
14902272
6708096
21490560
3439800
12197952
23008608
77157360
22226400
29030400
18817920
58188240
10075968
17729280
98131200
37422000
18991616
25296000
27216000
44878900
14371200
20338164
1187765
2032128
31924368
22643712
26784000
6963840
25505280
9747216
13654410
43868160
16869060
7705000
31421250
21772800
40550400
34922160
31104000
7484400
19133760
23020200
35481600
27716480
9922500
51448320
11949912
14307840
18433800
2249728
139789650
46161920
96337920
22576680
18322080
17241714
34257600
90014400
18422250
16285104
18772992
20213700
8695050
3171168
25462512
42336000
175929600
91803264
28038078
19482840
11246040
117374400
28730520
21995520
31755240
13286700
19248768
54125820
25112500
6647454
16707600
2806650
9019392
26625600
34062336
28068768
70785792
11919600
25584000
29945916
28304640
25194240
29393280
14112000
57576960
23698332
92540448
69894144
15814656
37655010
48206592
54190080
51166080
74547200
29203200
51408000
29694720
107002350
23950080
26136000
31201632
29953728
156280320
12458880
16524000
3453912
21669120
38707200
4877568
97977600
20275200
64749600
33440000
9447750
31434480
20275200
23094720
27990144
18833760
10859184
42962400
31935384
32676480
11352960
7443072
12383280
26280720
36447840
118414080
22982400
42135552
2301120
19340100
4939200
6879600
3487680
30326400
172972800
101033856
47416320
44431200
34221600
39221952
8870400
24237920
2451200
50221080
34594560
16632000
21168000
45995040
5066880
10588212
3593700
3127680
7084000
58006299
39839040
33747840
10452960
14210784
68428800
4582080
42253200
30320640
69154560
39225600
19958400
7295400
74981376
5423040
30436260
27179712
20776448
2297856
45665664
65174760
6565536
2191200
21732480
17740800
15524784
43382640
1016064
2339370
19492200
4227975
42007680
26060400
15785280
47174400
49450500
43754931
28620900
9724050
5702400
42147840
2508000
60348240
33022080
55976960
48558888
46441472
11904165
34621440
17681895
9119880
5940480
7144200
9225216
36741600
57209760
25857792
18144000
8119296
34594560
6858225
46902240
14676480
41977845
19530240
7212240
19958400
45654840
10005138
72777600
22424688
67117248
11520000
35649000
4908540
11432960
18162144
28917000
18139836
46332000
72576000
17498880
30304800
14572800
22848000
46560096
125280000
32309760
15240960
4176900
14860800
70270200
16828560
124104960
22684800
4987500
32659200
33287562
22999680
71253000
42120000
22980672
21491200
27518400
19395200
18088800
16016000
38093328
14742000
9535680
58741800
28255500
16074000
35964000
27440640
16156800
10699200
7222600
16912860
16692480
6170112
5227200
62203680
24192000
30525040
19712000
39973500
34875360
8712000
21337344
29302560
16128000
2027718
15482880
7662600
13608000
9596160
23950080
7916832
78555620
34650000
69967872
5698518
7392000
3441465
38441760
17671500
95961600
17496000
73180800
12430575
2572416
7176996
22241856
27597024
36158976
18960480
20021040
14976000
16684200
59130000
31046400
50803200
17254600
70943040
9539712
10679680
17085600
17365920
65245824
26680500
92791440
10133100
6858240
33331200
8157996
28853748
13645800
50840064
9504000
68628000
15972138
19169280
52848180
27650700
32832000
28024704
22958232
5757918
37320444
34992000
14636160
38090250
77635584
55376640
13335840
27578880
50589552
13171200
73180800
39171600
29009340
50319360
23414000
12185600
20574080
10414584
13095936
24001824
32270400
71062992
60825600
55147050
7201040
30792960
51373850
48576000
3769920
63603792
9245664
12108096
14732928
35481600
41094900
5643648
82328400
33564608
26530560
54033408
38522880
19051200
21432600
64253952
880875
8424885
13970880
11784960
74625432
50854356
71165952
32951760
16547328
9033024
41319936
44182080
22581504
50122800
27417600
41769000
27552000
67184640
76847400
5905872
4090500
30481920
30373056
11024640
32182920
5141052
54789280
24918192
8553600
58500000
58406400
60810750
20479200
34145280
43174080
21909888
49805280
36324288
8128512
15510528
21635334
43243200
20462400
50618880
39558456
24837120
17926272
1853280
32316570
10124352
24909120
16353738
29702400
3175200
7493472
71914752
98487936
20908800
44084700
19740672
2275500
17570304
10475520
79412400
25534080
29491200
6840288
18855936
17385984
44029440
39293100
6671808
94026240
19657728
12224520
4160000
34013952
2941470
100638720
17496000
26268528
9072000
8812800
36796032
10796544
30270240
2827200
33145728
53460000
29062800
18976650
18955350
5306040
157296370
3292800
58631040
53222400
15303168
9257472
12035870
37614720
40047840
18055872
39007332
81259200
13685760
3407040
3159216
25017300
19245600
13707540
14561820
59505600
6631360
57059328
20112624
74833920
62955360
4300560
31646160
71865360
4241160
46284000
30481920
75479040
21120000
16830000
85338000
37650816
36324288
9281580
14446080
2684240
25186656
3538080
11822112
83160000
75075840
40793760
4969440
51118857
21081600
3875040
33547500
36590400
20649720
25047616
19305216
6858432
133985250
4531464
421824
35754048
8634600
6451200
26873856
71663616
3356640
15939000
43815520
32228280
5179356
9836640
29238300
27828864
35176680
18028080
22997520
77748300
33523875
38071296
100504800
37428480
27417600
6609600
17996880
6469632
17611776
195552
26672128
44756712
7020552
11476080
48988800
9343488
51438240
107805600
85109760
39837420
29158272
20395200
9592128
29113344
92252160
35675640
28926720
55047168
30311820
12718080
12096000
12954816
36443016
29002680
67210752
39674880
18425160
33710040
35523180
23063040
73920000
19681200
113611680
57054720
5446400
20901888
101170944
58741200
6386688
73872000
43518384
63866880
28224000
9430344
23224320
100990890
35925120
110124000
16859232
21591360
69355580
37442160
14929920
27648000
61621560
13547520
69720000
31026240
25117092
11128320
13716556
103864032
56681856
29030400
8196144
48470400
43999200
22364160
59616000
46448640
79361100
9779616
8890128
21720960
15348960
65493792
6662400
48153600
50534280
16907940
13343616
50353920
26580240
13582800
4261920
11238480
4478976
13208832
22032000
59139072
29149120
87246720
19473840
19679100
30353092
16357770
15235200
18957120
6785856
59451392
28424448
7073700
58490880
32640000
22025388
2063880
6669000
21591360
28680080
14328090
21481200
23284800
8838720
45751680
26127360
4013100
5517072
26956800
101122560
57108480
8158752
27599616
37939104
36068760
19293750
10967040
60918000
33611760
18860688
59220720
22555260
6775440
7632576
8255520
3572100
12574716
9126000
33384960
13116870
33765888
58212000
7251520
17915904
25766160
25039872
69855744
5564160
95703552
29339520
75504240
80962200
16934400
5591040
18714240
17160000
52920000
4851392
83897856
17107200
10684296
79212672
8153040
12951900
28486458
69400800
61425000
20215260
26563680
87550848
12644352
5788800
9234000
25555200
28195776
11005500
7644780
14447160
4899840
1427328
39761280
9041760
21320448
66646800
19245600
15095808
126023688
19433770
22680000
12960000
135807840
36953280
10256400
63469120
11375280
8458560
31505760
8424000
87091200
7668540
112659456
46656000
72800000
51435648
10631040
26611200
66355200
10604412
18860688
5474000
9085440
2145024
7862400
2877600
21707400
36772736
6940080
36427776
23482368
35156106
60092928
79781760
3054240
6543096
35232000
7429968
1834560
7527600
100224000
487872
54820800
25200000
138484080
65276288
15271200
11975040
31752000
23405760
103740000
21150720
21730032
26261820
43584480
37679040
47900160
21496860
27069120
35244720
28829460
18627840
2742300
10786500
8316000
13178880
43545600
15020460
42430500
14002560
15410304
18009600
12806640
9253440
3371004
18361728
2097600
3016440
55319040
5174400
11113200
13665600
9564480
25876800
23085000
4823280
12247200
63461376
34398000
9661440
2512125
15995232
41844600
18631536
43338240
16744320
23391060
555660
51914520
17236800
38656800
43338240
32137452
13349655
14434200
11158560
76561056
164736000
83904000
42169920
10062000
86136120
14580000
10336512
35443440
37480320
19793664
54885600
1408680
77263200
67797135
5437440
30087288
75120000
19008000
24111360
20846592
64471680
20092800
161280
4544100
6144000
16489872
58212000
48730500
116121600
3841782
38041920
52088400
42147840
34836480
80994816
64198656
14364000
35361480
15744000
15173496
19535040
62468010
149657760
31570560
54027792
35481600
5673600
9016920
11466000
1676376
60705216
7133184
8288280
52807680
34473600
48646656
5558640
10045620
33116160
57754080
123056640
45904320
72864000
43221600
37407744
547400
8402130
30917712
27780480
29953728
39868660
8843040
45008460
38355525
10068480
93026304
62359440
87490560
35496000
12920000
12379500
19527552
15492960
2288160
46126080
6888420
72367680
10242540
48345120
9218420
9491580
37105152
21482496
5279652
14048100
45416800
40083120
61598880
25535412
11162880
30079269
16380000
2779920
50738688
15921360
166196250
48988800
21554676
2789280
27028890
34594560
41476050
10375200
16588800
3758400
55544832
11143500
8046720
10659600
73735200
24036480
42751800
52702650
81285120
18030600
60480000
85536000
32731776
10353024
25777440
11459448
40435200
164268000
9960000
31933440
19176300
21908880
2483712
31845000
23841216
1927800
44352000
37065600
20224512
18429120
6926640
25650000
9400352
38170440
19890432
69115200
26188800
16193520
15593760
49458640
16832340
2254920
11226600
7076160
18023733
52254720
61975200
29352960
205254720
30965760
13490880
49140000
67830000
99470592
5048320
56522960
52633152
15454089
10701600
18900000
4289040
4573800
984312
30340800
33096960
30618000
2372760
15881760
18594576
20902860
39034380
17472000
102336696
27588960
17677184
9487400
37514400
43921920
13632192
4644864
39168000
3193344
3242592
18290286
71096832
16750800
13638240
67858560
1605120
64033200
20071808
39567360
16329600
22935528
38919168
143156160
52292800
25185600
57736800
40372020
19502208
12369000
24883200
18374688
14745888
10882080
56689920
60641460
7413120
29033640
29568000
14106180
47628000
16391322
68607000
6072000
4300800
23104000
15427584
17508960
46656000
10574568
25600960
12573792
18443646
71465625
59655330
31639950
10960950
41733120
22252230
59073300
6033456
7755264
37810080
45714760
2688000
4327344
13850928
15789600
19822320
8087040
28704000
49835520
15649920
83714400
61763040
11147136
28113750
2253510
3810240
3706560
55191444
62646528
31473732
23051952
6856080
2105280
39239200
25159680
17640000
57767904
13452516
38996640
18331200
69327360
11407200
73728000
45688104
122872464
52617600
125737920
5424120
12388000
92874600
60775680
12586752
27417600
35671545
13685760
26477280
20044800
8139600
10450944
39400020
83404800
54962600
16875600
16481556
45149184
32582880
5350800
13593600
12291552
130032000
30536352
67525920
30935520
22241440
44466912
12370800
37231488
79405200
30750720
14352000
32659200
10016162
11642400
20592000
19896543
25401600
26248320
14883750
67931136
7660880
27720000
11404800
51916800
8104320
22355520
9250560
74649600
26812800
55828080
11616000
3124044
18994960
11713536
17832960
10102092
147026880
42962400
83251584
30481920
40711680
110646900
20498400
27216000
12077208
4833024
95760000
11302416
27034560
12005760
30655872
58262640
7268352
4622400
52361910
33680640
58003200
15603840
6209280
11115000
22678656
19312272
16536960
5608200
96382440
62267712
19246500
2741760
44592768
32753360
23224320
33767280
120884400
99066240
18098730
5531460
44029440
29882160
38211264
5176710
121716000
55520640
35735040
13478400
3845961
34488720
32303040
4021920
133664256
10800000
31621590
24387792
29611008
16730550
42293664
13438880
28788480
2389248
26268000
18618600
15276096
13482000
17287200
11880000
33560640
9945600
1025440
5718240
9434880
10847520
8656740
37537920
7556976
37340352
58953600
14565600
10357200
14254812
13145328
35665920
7983360
51749280
22199040
2490180
21650112
75442752
30717440
9504000
11981424
10917504
2464560
42899296
6848145
21657600
8901200
2721600
158699520
48837600
11771136
2563600
23990400
142407720
75254400
102816000
30169152
11659200
13680750
22572000
41410116
159936000
106659840
31019856
71290368
99882720
115053696
20606805
80899560
25989120
34791120
26438400
55157760
1307680
95256000
17290000
30143520
28304640
17462400
9219780
12490380
127491840
37889280
33600000
51226560
28828800
56280000
15536640
10905840
48755520
99973440
25873344
33530112
62565750
15030000
30618000
10381824
18950400
7354368
15676416
45532800
5851440
10622976
14403060
37296000
45619200
5103000
20102500
4465440
12355200
19668420
32895720
36656640
25310880
66880000
7153920
32940000
12192768
3099600
20390400
36781470
58164480
33306240
9261000
8550080
79899750
33246720
9720000
7484400
25423200
51979200
43963200
28380996
76744800
30544134
23094720
21784800
8106560
14852376
23116800
22886136
47774020
11028960
21235500
24312960
13880160
45921876
19205120
90201600
63201600
6246072
33675264
13705200
32931360
9523800
11574420
77565600
10157238
27264000
20599128
8553600
37065600
88865280
72540000
48300000
3822390
56073600
44772480
61689600
29484000
22936680
84240000
9542610
22632984
12602304
7076160
18044208
54257000
16934400
89441664
19380000
79847424
8985600
17633280
45198000
53932032
10377612
29081600
31269888
20211840
19937664
5513508
12656700
23247840
51778800
18195840
11880960
30294000
114742656
12903000
16894800
17813250
38697750
34992000
42768000
16151520
36158400
14182560
18720000
95251200
11203920
16119936
48672000
34574169
7080000
47970855
4356000
8886150
1971200
41762952
18593388
4838400
17790840
74448000
53939200
7182000
6211296
16760640
40986000
44976384
74597040
18906615
40124160
24838528
43008000
20092800
21216000
15095808
10137600
4665600
10361520
22472640
1417500
17179344
3568640
20189400
24078600
75168000
6509160
49397040
6881760
12519360
9460176
7281600
99729630
44767800
19175100
11469696
89107200
70171920
13535200
16648632
10177920
22952160
6769400
13208832
27659520
10977120
26860680
34836480
11923200
21960000
22113000
42354312
6451200
3544800
11007360
60883872
9872784
62042112
29393280
13188096
63888000
61446000
15127560
54893916
45269280
25704000
18950400
14007000
1316140
28005120
20377728
49896000
34786080
64266048
31298400
28982520
29756160
30277632
21077280
4790016
26378352
85995000
99144000
47401200
37632000
70200000
8830800
70887960
3790800
5765760
3179904
21223296
4309200
11049696
7722000
20374200
21481460
33067440
47539800
49449600
17690400
42893312
791700
13788600
31360000
23904720
79380000
21695040
5598720
10056480
47520000
28429056
9821952
16473600
9759232
23216400
12703680
126023040
44960832
9694080
59280000
18295200
23379840
29964480
13416480
18186480
71253000
30663360
15944040
17201484
7077888
74385000
28557312
26465232
8071554
68947200
4743360
28343520
18604080
12425028
32964750
20180160
11468520
91065600
56770560
50706000
37065600
9828000
41499000
90389460
142203600
15759744
53913600
109440000
41769000
84025344
73102500
85207400
4145400
21772800
2091712
24261120
16618284
33408000
46474560
4354560
8626176
63763200
155570400
7077888
29323500
9446400
26501904
20865600
7130970
109156320
1522500
4052700
14031360
3545856
26209920
33533280
6026496
25454520
6497975
18018000
9694080
34836480
88208640
25459200
11298420
21427200
17366400
1279800
10989900
22520160
35118720
36877680
34874525
43148000
26000000
1544400
30701664
4550400
45109440
27095040
23950080
43931250
20618304
7387200
33417216
12556800
90344800
29034720
62985600
51321600
102750480
44755200
41813200
158490108
9217260
15523200
41803776
28465920
6940032
155450880
18057600
46448640
15899520
85158864
59404800
22968000
11323800
27394848
31652775
1428840
18009000
3910368
18118080
26180000
30958200
39110400
68456960
41983920
30481920
62899200
16416000
3834656
42865200
6413760
10232640
7171416
59512320
29698704
16445184
43747200
5085696
48753000
2230272
14015232
4354560
55883520
97284096
161705808
81430272
10454400
11695320
33492992
55987200
16709070
30020760
33264000
19740672
27185760
10348800
3041010
7637760
12196800
15897600
111001600
5241600
7934400
36362781
59241600
5057910
19792080
18662400
18366336
20487168
146843008
17256960
24494400
4198320
6458400
38950002
57081024
46908288
14231250
35481600
739260
5874540
48111840
30336768
1587600
6692560
39916800
90316800
25099200
8648640
27224640
13310640
23298912
11501280
8802432
36223200
21795840
15993600
5677452
69672960
4165200
43898400
10249344
81938142
9331200
10782720
50668800
28108080
129123840
122588160
61276824
4631550
6557760
111537000
72900000
27879936
15769600
11761200
8411832
2464128
30422656
17539200
19077120
22394880
68656896
18960480
3868975
28828800
14872000
7836360
41081040
5426400
29780970
5612544
72437760
11284260
19152000
27227200
11612160
19692288
60149760
21012480
37200384
77226240
16450560
22480800
8860740
153861120
16473600
31920000
13721400
9791040
51435648
18738720
68796000
41990400
36840960
20903400
21191940
16831584
45904320
28083510
32959080
7601040
67931136
3256488
2639520
16869600
7275840
32947200
6368544
16400250
15552000
37408000
60044544
25740000
14112000
39037500
4418700
59164640
43006464
36989865
743652
10343424
13737150
22823424
11299500
25110000
19100928
9106944
80424960
69626304
87635520
16826400
58687200
22735020
46267200
13642992
1568160
66830400
46227456
4928000
63158400
20756736
13685760
18247680
16904160
22713600
7282800
26560800
20734560
291060
28800000
42748200
13789440
11612160
13559400
20875104
30689280
33350625
22024800
27675648
45134208
61235200
48648600
12804480
47151720
52896000
53464320
65318400
26438400
9110400
9097200
2361600
47520000
2578680
7290000
7516800
14054040
4992120
15676416
40435200
42287616
12846600
15785280
35300475
13178100
15552000
18711000
5481540
13644288
61190640
17172000
20858880
33929280
7864128
16390080
11151360
44154880
10251360
9455616
26088480
82656000
14541120
34927200
24696000
44347500
3027200
16039584
18576960
28028000
29526000
33488640
7576800
28864800
14856192
16893360
27530685
36126720
21415104
10726560
44561088
10478160
39123000
74511360
4743936
2154600
28512000
42971040
20396880
20249250
19792080
14189280
38787840
65710080
33324480
8370000
21466368
42099750
28974987
84196992
12096000
9111960
22766400
33075000
3459456
47234880
2832102
15993600
30481920
11752416
6039792
13547520
24897600
10668672
74188800
4229148
17825808
27941760
42817572
24393600
119232000
63866880
734160
91852800
20333640
12152448
11037600
7056720
43908480
26719308
9024960
10478160
9909900
24766560
51408000
7022337
61544448
52113600
16251840
17372160
28894320
37013760
7551600
15641856
23284800
31236480
71280000
20445696
15830672
10483200
32907420
17225010
23007600
46627812
50544480
45271590
23839200
22883952
41859180
16558080
13469976
51018336
40376880
76321440
52416000
20563200
4424112
10856000
42456960
12286080
18503100
58544640
35154000
28288000
25560360
19734000
22032000
40126464
335664
65318400
6715800
16590420
15415680
13001472
5221440
27363744
39204000
26608500
22906800
58912920
25322220
8707500
17640414
12902400
59836320
81432720
2671200
2425500
25401600
88238160
1551330
35006400
23850000
30397500
846720
2822400
9544080
12203100
27086400
12065760
10510080
12130560
69378120
5908672
44766432
18817920
5675670
13060320
8726400
13685760
35981760
32188695
4819500
18844200
56643300
87696000
95618880
59038875
15015000
7998480
16133040
16848000
84015360
2980800
33374880
65318400
21090816
5856000
13547520
5686560
15028000
65007360
17107200
13097700
43610112
10321920
50085000
59512320
61916400
11901120
2457000
27657300
12738208
4364500
40435200
12210000
10886400
48263040
42394752
15762420
56702016
5824000
6827328
4461480
9147600
75119616
30336768
6350400
22202880
14784000
6544512
26633136
3175200
2884096
73440000
40879080
63974400
62138880
28365120
26126100
24111000
13335840
21411840
9866080
34633170
731808
2216160
48600000
7741440
17772480
62866944
38041542
26557440
10857024
3773952
7852896
41287680
40185600
98542080
39916800
61308800
25751232
45091200
7280000
8266104
7488855
52985856
4685400
16720704
21051576
14856192
13109040
43110144
25682400
32177600
34836480
18662400
39200000
60748800
45835776
37346400
21384000
14858690
53265600
3599190
78680160
3785250
37908000
39501000
1064448
7129080
19278000
45342720
17010000
51125256
2358720
23224320
15104880
16472448
45072720
3911336
18542208
46423440
14112000
13885200
8736000
21067200
31722912
37818900
67092480
12693600
9931680
58988160
72990720
21059104
1377000
71884800
2956590
20049120
81829440
32256000
75950784
19504800
10794960
4124064
25777440
12967500
17632800
13118976
12579840
50169600
55010340
18627840
10101312
38838800
9959040
41342400
86436000
23132736
15240960
23520000
52579800
44252000
21732480
83825280
90916800
16923816
5235840
44352000
28159488
14149170
12230400
39645360
1769040
19071360
22837248
59270400
80967600
9374400
8286208
12887100
46414368
32185600
25873344
31711500
37791360
1197504
8132800
9034344
24141312
7500240
68732928
55738368
60383232
27112239
27122688
34557952
42470400
9893100
31636800
7879680
7520256
39592800
70398720
17821440
17841296
10858120
89224200
39873600
14366352
9676800
12184020
55566000
46093908
40453182
33177600
5624136
2113440
62985600
5417280
20180160
2087316
99897600
26535600
15500160
16200000
22919400
14446080
18627840
59512320
24253152
66719328
12420576
18437500
52469472
23130560
8062080
70686720
56448000
20786544
23500800
17099208
7485696
4232250
10502800
38724480
46785600
5846400
17796480
22595328
46464000
81408000
20276568
10290000
69638400
15863040
15811200
41736240
42393750
14660800
3739320
36241920
10174080
59439744
8454600
13124160
31535136
4043520
8409600
13097700
49337120
10662400
44997120
5806080
30726528
7834320
26873856
14195584
44452800
2129400
132984720
39240300
8781696
84263328
87091200
24111360
44640000
17236800
9216000
18154800
122730552
8536320
2700297
27442800
87809670
2812000
45239040
22935584
71328400
21888000
73841040
1697280
38624000
25447500
31713780
3739320
25546752
17164224
72765000
9898240
2064348
5960556
23569920
3877632
7057512
9746568
3102792
48885120
105840000
87162880
6557760
17640000
6041952
32265420
5898816
15863040
11970000
31838400
9518544
36388736
33868800
10048500
13160448
5556320
4187700
11948040
80720640
6842880
11511720
74844000
14095890
42806400
31531500
34872768
44352000
83586048
49397040
25380864
16869600
7022400
8495280
24554880
32348160
51881472
8305024
7779240
18665640
45711360
24837120
24867648
14345100
11481120
22383900
47174400
6451200
29964480
125685000
111174336
25147584
10974600
46904832
41563368
56311200
58060800
76744800
54760860
44098560
32792760
4892400
9428400
31298400
16558080
10752000
40986000
35886240
57187200
23794560
32832000
2249304
18912600
12383280
41089356
32514048
2977920
8709120
63037440
10432800
6894720
11923200
8536320
19603584
40068000
45543680
47416320
8225280
8709120
19120192
9374400
46293120
24772608
8086400
12187008
18050760
24984960
16560000
7552556
15023232
15278592
18711630
12864360
45722880
14100480
58021920
42588000
2798180
24800256
12433824
56095200
58511880
53001216
34107480
1929906
10235160
19176000
14623488
19488000
61585920
10501920
14891877
19111950
61662720
18727200
92487744
5253120
13582080
69768000
32316480
42494760
28680960
12700800
41489280
31612350
43156800
35550900
18935532
36685728
12355200
2784768
32822400
33055360
60235560
79438320
136959900
13885200
25791744
5174400
27328752
42865200
20158320
5637744
3690522
15691968
201406464
97464000
1952400
46854720
16056320
20710080
34292160
10148736
11035200
22639176
2939328
30746880
13937000
79963200
19071360
10286220
23490000
11059200
20975760
110496960
23937606
34888828
91287000
47900160
63093680
14303520
42966000
2975544
19747200
27855360
31872960
18091920
24480000
12749184
67392000
17136000
61834752
59611860
33205536
15308160
102060000
5948640
42147840
36542016
33696000
60762240
21600000
50238720
52531200
117573120
34292160
4944192
31616000
51293592
19388160
2008720
34272000
57259136
65546496
44809380
21577920
10720512
10720512
93978000
64972800
15448860
3439800
12787416
79084740
11372400
31202688
8055450
6278580
8579340
44831150
13847400
28217280
5405400
24040800
31726080
31268160
20195136
4173120
9983904
40828860
7794024
19488000
6332976
20984832
21248640
9751980
91554624
8354304
11090520
14488320
10641456
6697320
116408565
29791608
23452416
8346240
11561940
80514000
31046400
48988800
36691200
91660800
12852000
11757312
64296000
2888064
19656000
21168000
1407672
33868800
3397770
21934080
20531280
26841600
9319800
23238144
62717760
29394000
10322400
29743200
40908672
17910360
21427200
64578360
76003200
39501000
14343168
22151700
85662720
50057280
48522240
5839680
4838400
11500704
20696130
12441600
43442616
9031680
11904000
12190500
10811840
111974400
26025300
7245000
65615130
18769680
4596480
9533160
18496000
12017408
17123040
23328000
6562296
11692800
16889472
11885832
2771820
24380000
158228928
6874560
13970880
61031880
3952800
24192000
18044208
4968000
27155250
67638960
20971335
28449792
3785600
24806400
17867304
26779896
35942400
23392908
9016920
23275980
11875896
29862756
21811680
13219200
34812000
38937600
11524800
18086400
108216000
7742196
40360320
81544320
17061030
47692800
56756700
3972375
18257400
67571010
6564096
26205120
6174720
18720000
40780800
64534320
109540080
9788800
161139840
14515200
12974400
28697328
9944550
33078240
22475232
30769200
940896
1969110
59192000
22628160
17913960
21257964
43616664
12938530
29958600
26040000
43390080
30123468
46951164
16049664
9439200
16780608
28435968
16117200
55910400
83897856
101761920
22530816
55717120
49053312
15909696
55800000
54043200
11178816
64570176
31109120
9676800
4976400
42177024
5739552
66024432
2851200
3232224
23692176
15567552
10091250
58968000
8853120
65197440
71663616
38972340
10916640
52835328
30189348
119334600
36720000
60009600
18855936
2874960
46920000
12052800
13547520
11849600
101585664
12849408
76340880
55742400
164656800
46126080
28459200
16839900
28068768
7962624
52031160
23260248
9907800
6316800
19567170
15158016
48988800
43084800
18111936
6237504
44233728
45511200
53606784
30284100
62307000
10142496
24494400
40835340
21484800
19502208
17821440
20966400
6107400
108630000
43840944
10886400
40824000
31434480
20829424
33851520
71165952
21520800
17280432
52778880
37138500
20227200
35964000
8902656
127948800
61598880
75348000
38966400
36691200
10483200
22997520
23522400
22014000
2177280
15200640
20183040
40986000
6589440
65114280
12051540
36732150
818300
58544640
5742778
83374272
27651520
25894400
9979200
17539200
7527168
14989248
67060224
25524480
16361640
18627840
214038000
114654120
23823072
34776000
19333440
5515776
1920000
17740800
27216000
23473800
14802760
33022080
13432500
15973200
24437952
40854528
13281480
25589760
7082586
35526960
11855970
50100864
25583040
32709600
114048000
13266000
77837760
24160500
1759680
33696000
11854080
36199800
18345600
30965760
10063872
99066240
57024000
19870480
24128640
1197140
3898125
17455680
40550400
37488528
7020864
35176680
19150560
65894400
21598200
44880000
57153600
30587760
24665088
31696704
11610000
11957088
13208800
33180840
1771776
49610880
12501720
11281920
24710400
26025120
41008464
21565440
41236000
13003200
29736960
15240960
56672000
2954880
18036480
15163200
24235776
14676552
19537140
83500200
37298520
43680000
44431380
6566400
9720000
28953600
37297260
25920000
21201040
39218304
6242400
267840
20321280
39755520
60505200
41395200
34944000
7495488
70061760
47496960
34836480
57105720
3716096
47385000
48510000
45120000
44394480
10542000
13970880
8085000
9264640
26161200
5842000
37243440
10506240
22723200
18792000
11728640
15353856
22118400
1792896
23522304
46609920
12087040
14457600
8227296
51840000
60720192
41541120
1372800
7840000
31138560
7512076
37201920
55255200
9555840
34805808
19450368
103749120
78382080
8485155
28339200
3912480
8547840
23855040
31269888
24373440
26173440
31690230
32064000
6088500
47995200
25480000
95427072
10476032
12640320
23184000
2889432
76167000
88704000
52845520
29700000
8334516
21312000
41150592
21199750
8644320
23425200
51079600
4852224
30723840
8021376
17690400
15876000
13810176
38918880
34160000
14694372
159011424
38188800
15966720
31785600
4370760
13543200
18540912
38729460
10897740
8856864
25470720
37730000
4188800
10693440
12348000
31187520
13810500
22028160
37362304
5547360
29238300
12239040
21226240
51538032
22432200
7147140
72253440
19440000
97675200
81496800
9013200
17284410
30739500
35020800
24712128
5416620
16800000
32581248
19543680
17534880
2702592
15473808
5702400
21081600
33359040
15240960
11860992
12960000
23532544
14345100
5997600
58212000
43560000
68808960
31116960
21150720
8294400
18040320
44304975
7454720
81021600
5670000
26337500
19232640
38870280
16817472
51840000
29261520
37790720
35076090
19206720
7653042
123829200
17623872
43381332
18083205
38556000
10357632
27537664
54552960
10752000
138015360
36288000
8051200
34292160
11309760
39916800
57792000
35925120
14826240
13646880
31877440
29652480
27075048
18869760
2085888
12280800
6894720
33965568
11070400
10670400
12870000
94478400
67516416
52496640
11281500
71999928
17690400
7741440
16376256
68664960
7272720
27973440
3234816
7666728
25096500
44451840
19047600
16144128
6040320
52496640
58094400
41990400
30105600
14833280
9865800
1658160
14976000
40931352
23866920
27176688
23075595
14137200
6955200
19845120
29145600
32006016
11713500
2593359
14506128
11124960
22407840
78693120
4024944
9608760
41952000
17820000
11144160
8704000
66908160
27505920
78586200
33670000
52488000
1940400
51247350
22464000
34070400
2511054
11675664
5644000
68088000
46800000
25132560
90430208
18769920
2227500
30888000
7648344
41489280
40687920
17122560
38021760
12773376
12477696
23639040
14784000
47706624
33616548
2426112
59875200
18100992
10555776
17470080
47520000
77837760
29926260
30168320
16707600
15840000
108564480
72304400
11190816
23328000
11757312
35868096
9345600
56712960
46267200
74575872
62479872
9088000
34280400
15805440
13210080
71251488
24418800
13996800
12355200
26061750
33615648
14294016
11080800
3549600
17841600
75479040
10527000
22809600
3662820
3316320
88119360
17325000
12789400
13893120
78586200
34428240
33868800
83649600
131725440
156180480
46080000
123678720
20782080
8568000
22471425
46609920
3044250
32850048
33345000
24799320
31961088
32001480
33242400
11997648
47978000
16777728
33264000
72748800
29639610
25515360
88357500
45178560
16365888
6181710
39398400
82944000
15321600
31104000
38880000
4268160
5488560
9694080
50319360
41223168
7650720
21756672
7490880
20563200
108364800
37635840
65318400
24336000
57697920
18437760
61430400
54825120
22161600
64995840
50456000
7213440
9609216
5982900
23950080
5335660
8336250
14426100
24624000
57165000
41630400
4266864
29169504
3786750
10206000
8467200
24147200
2154240
26048000
22809600
31744440
56548800
33196800
21159936
2973696
11418624
13633830
21084624
68167008
19602000
43281000
21732480
73735200
4717720
3762000
9172800
24482304
27440640
9424800
22221000
9538560
29397312
12317760
54978000
106168320
41199840
35991000
16004520
22581504
13989888
23166000
20428800
11497920
8061984
24167808
19852800
65457216
18698464
34856640
67495680
9580032
12410496
30663360
75349440
44264880
58580496
34292160
4509120
54035520
18045720
10264320
10795680
10875600
1584720
15966720
23196780
10690680
4357080
20316576
39191040
3309568
4953312
39606840
16632000
17107200
37908000
26120160
9424800
26855920
4706730
58705920
7334820
8341560
25288704
9600000
11767680
38865120
13795938
52920000
5080320
59844096
4629966
37683200
51302160
3852800
7200000
3794400
14883840
19699200
40084200
16727040
3649536
30086784
2793780
86682960
16769419
5587702
34213680
6531840
38117376
53645625
43804800
19608480
34272000
65930760
68938688
22102080
86688000
19783764
12474000
1912500
7332360
12841920
19971360
40249440
13008600
17346560
14835600
32412960
108041472
23237760
40753152
18081000
7354368
4548960
36936000
1440000
5474304
55503360
32076000
12386304
35166960
55313280
2109600
12519360
9580032
32514048
13930488
14164128
16432416
37969920
4004208
13502160
7155456
32037120
23814000
2963520
101209500
57309120
61776000
2496000
51403248
35035000
5591040
13250250
8584704
47927880
7756560
16796160
36887760
15853500
32214000
44664984
48510000
24675840
7747920
41864064
16720704
22415616
7761600
31298400
47941632
6771600
37324800
33285330
3200000
64532160
98703360
42319872
21829500
36115200
40440960
39366000
12206880
41368320
54574080
23664000
85173816
17184960
4801680
11507040
34594560
29532160
35550900
19559232
25958016
47551488
32519232
33531520
34180608
16819200
19289340
25505280
23595096
17451840
43917120
154791000
14321664
9743580
12710775
22698468
18796800
78521400
27624240
36251712
47225808
70978950
75925696
34004205
31187520
39712680
37785600
10900224
14541120
31637760
561100
21555072
29484000
33868800
7992000
39595392
1164800
14963032
7565952
69914880
7620480
51004800
84672000
10422720
19055925
20956320
42964992
24528000
24820992
34070400
10616832
5828256
8736000
8639136
28804608
25930800
19958400
35916608
6912000
14307840
15966720
1237824
8137584
28968960
10310976
8478720
62969400
40669440
1282176
7182000
29257200
12965400
52905006
16262400
5289600
32256000
21976920
23870538
11681280
2975616
20700000
6700320
31350240
21766800
2898000
32256000
8316000
5127975
9762768
13440000
77059521
32031720
12096000
11897280
61585920
7200000
36720000
2142000
1440558
22014720
6947424
4967424
8280000
8668800
14681088
8454096
17401248
11124864
11444400
40987296
13258080
8804250
12534984
17740800
13117104
20593188
35103600
48545640
51273600
18295200
9842688
25839000
2138400
28001820
18461520
18144000
10128888
10378368
27187200
12142080
8386560
88844400
8500800
2667456
28814400
58137750
53913600
16934400
28705950
5322240
10296000
20534400
67913640
12014080
38278800
7581600
107688960
8908380
21060000
22913280
24053760
65273472
13996800
29983512
66189312
8134830
29165400
32322240
21690240
44432640
15759360
90579060
15805440
48787200
16264320
52693200
58752000
10094656
45341280
60252192
6473250
15240960
25807320
86137344
1894347
7361136
3951000
26481168
7372800
22226400
31744440
6480672
30750720
35154000
15390720
10812672
18345600
12755232
22464000
11757312
160392960
11695320
10759680
12791520
8876448
69287400
41351520
28934010
9849000
34352640
12436200
56955136
9376290
55301400
144322560
8812800
6926400
39985920
27993600
29040000
22239360
7689600
10368000
91163520
53917500
20159280
10886400
15028200
20465280
67350528
110270160
38610000
16715160
16459200
22050000
10108800
9048590
34992000
141246720
54885600
26507520
31864800
32930496
47533920
25080192
29315520
42213600
8496600
32797440
26127360
2268000
18701760
8479152
32659200
65372160
8835750
33372768
37481472
59425380
8288280
27498240
11372640
12355200
15649920
14911380
7631064
39283200
18757200
22581504
96446700
14541120
20790000
3511200
19958400
71259804
58544640
29111040
57364704
14851200
9009000
48603450
7072560
2257920
5266800
76749120
17596656
95546880
2611440
12847968
12082176
98195328
12983040
36628200
22140000
20222904
68077152
19171008
4520880
15518400
12436200
24127488
29272320
23821200
28518000
6503112
1115400
81537192
14295096
20142144
56754432
21669120
7306200
7532280
36135000
65174940
25185600
42349230
49766400
9860543
42336000
6772896
35861760
25482240
2664900
388800
77075712
7103824
13401531
5275648
52224000
67830048
25158656
75932640
4643100
9022104
26447310
36158400
74995200
2603664
60652800
5250960
4914000
6456024
77898240
130242560
26943840
103936000
37699200
29030400
65144640
20386080
17375904
37476432
78566400
21003840
27524448
18040320
8495940
47197728
34146684
39755520
4674600
17633808
15202080
18966528
16144128
141422400
54400896
17777760
19745100
86929920
16837470
56359800
8350452
15138000
11180208
75209400
59590080
36420000
27216000
85503600
14006720
60374160
38001600
47062224
7185024
34151040
7499520
89699400
57108480
79438320
11665920
12344320
16873920
34224130
61246080
5044347
51327360
5921916
21878100
9172800
29030400
28864512
3983616
70852320
43923000
15903744
13996800
12145140
47604480
22932000
10281600
40981248
39293100
72178560
11282544
86648940
114851922
8731800
60678400
7223040
2751840
24897600
22052160
46818000
20127744
51093504
151360000
38198952
13910400
6558552
30524928
29057280
61238268
15275520
12789576
7259616
24239376
34406400
21625344
37162800
70640640
7916832
8553600
20466432
15301440
15805440
17781120
55958496
24590160
27740160
26893440
14126112
25989600
67858560
71971200
29789760
62484480
47884800
16225920
13953600
95256000
11686500
10975860
10017756
14472000
6553200
7637760
10680000
51303450
9022104
3507840
14784000
33700212
14553000
10911600
16683520
101209500
47589120
26378100
26460000
16689240
16873920
14431284
36333360
38090668
23173920
50570240
54312960
5344800
13041000
3729600
71594880
130260960
35642880
46560096
4168560
135104112
2881008
27518400
72708048
28049490
57069540
22394880
15136000
112185924
107016000
9331200
41779200
13358520
5026560
56581200
43126560
18082350
3564288
20284992
117936000
11620350
20966400
1993600
40491360
4898880
48009024
29196288
19822320
43509528
22927400
9284184
9253440
13912668
14810400
25401600
17381700
9213440
31024800
8180640
119508480
44688000
15028200
43245000
30553848
35085960
35640000
43148160
25672464
3456000
13587840
6491520
28304640
11197440
8727264
11618096
17503200
184143168
18022176
20412000
29877120
88862400
3324160
79994880
53778816
13333320
15444000
17871000
43273440
139708800
63504000
47001600
30036600
37735488
13562250
112855680
37462500
31775040
54028800
15433600
9979200
64979712
11507200
1285200
104366592
15104880
11319840
23721984
28953600
74692800
9529344
6870528
8780850
3402000
43545600
88357500
37562616
29261862
49694400
14256000
27316224
30159360
81802032
32205600
28350000
121050240
3083265
27268800
76204800
43152000
3002880
124241040
23721984
7234920
35650368
32659200
9051328
28845600
27165600
59693760
7783776
6930000
43286880
17214120
8002800
19150560
26827200
47044800
13305600
29427200
4902588
163134720
20691720
20077200
10869120
43075584
27000000
5121792
7892640
4924800
37822464
15343128
22014720
22913280
40929462
2119900
27387360
11451132
65197440
33633990
5080320
4860000
31648392
47029248
51757056
4513152
15939000
34020000
73363968
11559600
4299750
79257600
16879104
2937600
28339200
19051200
12976128
5580256
23814000
4949000
72678060
11702880
18195840
45069696
38741760
82742400
8208200
78624000
10022400
103484304
12456192
5080320
9005580
4665276
33926400
20697600
216029088
36817920
10810800
56511000
47290880
13771296
22453200
51290496
16450560
13125000
46884096
2700150
54796500
63081900
38102400
11397120
11224080
57139200
40392000
15805440
15240960
43243200
2782080
48697200
20240064
31395600
5826240
37648800
2088960
170402400
48432384
9953280
25360930
