25043200
13958560
31168800
9097920
14370048
31629696
47160960
4877460
17107200
36432000
102961152
76104576
28770560
91808640
35300860
79073280
59904000
12649392
66690000
5451776
2419200
9313920
23126040
74532960
7571120
22099392
22946000
13318830
28933200
10872792
15940800
7223040
42768000
24371200
9169650
95559750
7892640
33696000
32387040
21593088
22176000
10977120
17901000
37349100
26681400
32805000
5880600
20415360
38016000
19866000
10553400
62970600
16173696
37376000
5117688
41368320
15510528
29053440
27121500
8751600
39375072
16629408
4200768
16578000
23224320
12151776
17839822
74165760
22394880
4511052
3182400
74520000
7338240
7938000
7399260
28111104
3456000
12429522
21732480
27246240
88357500
23594400
33116160
20553750
8706544
7511994
31933440
28905984
69287400
53343360
6694380
97518330
14683680
58535850
37396320
20874000
121546656
39840000
20167056
13522432
16373448
39588480
20173440
76884768
58024512
104544000
18012960
5346000
8401536
19472950
7410368
19275776
17199000
146764800
35942400
39584160
20152704
1351350
42819840
44207100
22578864
66210048
14541120
7449300
31135104
22934340
6703704
15010380
13335840
16203720
9336600
55624320
38692080
10526208
13735296
19070205
34400640
22610952
1430100
8684280
18519732
31355600
55447200
5922000
14515200
10108800
97194240
30912000
33860736
99322500
35023344
31941000
15804448
32709600
53519760
39517632
44365608
94106880
73755360
17886960
55959552
26557440
73313856
47809440
7137312
30340800
32931360
20545560
6839532
33406560
46247040
35424000
10348800
139598640
20490624
10015488
14681088
22806360
23255100
41528448
35622720
3201600
12804480
64576512
4762800
27202560
12061280
21954240
2070900
36741600
5402700
30533760
67200250
19369680
10435584
55123200
43029504
24935040
2458240
29538432
36486450
101103750
49267680
9331200
25474500
29225448
17955840
28917000
17202000
14733312
12441240
7284564
61344000
22044960
31488000
10467600
23759384
34560000
70670880
49617360
7104480
36766080
7183360
19488000
37739520
39989376
26336640
83825280
74070360
8353800
39911040
32663280
24148800
9875520
87480000
12821760
28259280
1190000
45101056
44628570
58800000
21036288
21073920
48446424
11499840
64817280
28229760
43209840
9540300
32848200
44688000
44008272
25193840
52173000
17846400
36086400
100251648
24111360
34836480
78216192
3177300
8768760
17671500
60840000
52024896
14860800
4668300
18782400
2985984
83070000
33312384
6759984
10977120
41243904
20154420
53290440
25575480
34347600
21677600
32614400
16648632
68979456
4798080
76440000
5122656
31752000
35783208
20932800
106328040
37739520
50181120
70958592
14256000
62668800
7351792
44193600
38880000
122611104
21811680
44029440
37324800
37961000
28568400
32711910
12712560
9408960
25809600
53858350
14876400
63993600
30922320
31522500
17222400
11847640
24948000
88615680
12276000
58867200
28776384
37634400
21045600
80123904
22613968
22982400
2056320
2276640
71825600
17214120
5529600
55598400
15858360
42456960
40836320
44582400
61165440
8687616
24721920
13547520
19305000
2590336
18295200
57915648
6726720
39370464
80367840
3116988
46393560
30336768
44416680
37176320
3168000
8748000
24742080
1144800
97172460
44452800
22464000
22256640
7035600
44104500
21340800
152006400
47712000
16102944
91741650
99202320
14651280
9427968
53343360
23328000
94754880
47854352
1819272
9330750
22619520
36465408
7179480
24883200
17971200
24497700
6879600
26844832
6827688
9266400
22727040
39657600
29937600
15052800
894432
22007520
54915840
40840800
48279000
15279264
29509920
1264032
44089920
32354700
23506560
11797500
29922750
6652800
49336320
27081600
12293424
143939136
30307200
1428921
43727040
12519360
14401584
30374784
33408000
19200000
64209600
37231488
6000000
10257624
11642400
20088000
12334680
7909200
64719648
9824640
35481600
18275040
37900800
18437625
12359952
49420800
53089344
6804000
74027520
40937400
7454160
10886400
25704000
10296000
49896000
24090534
17550000
2467152
73483200
26557440
25777440
16039296
2566080
6436320
82882800
21881664
37584960
31970160
39232512
48988800
19353600
50310000
7776000
16727550
6836040
33149592
96868800
22736000
26585280
50181120
5443200
49593600
49940550
23647680
27900288
13305600
43520000
6094440
20808000
32789232
35500032
30366000
50600160
13798512
11583000
58890240
40884480
14727636
41826400
52715520
90478080
1602720
84935928
17566560
74153880
22913280
21902076
48170928
26873840
31872000
8437520
18383820
18476640
11975040
81554688
113724000
52920000
10281600
9872384
3278080
29175552
41990400
139312800
35193600
7938000
6065280
48730500
19047600
4586400
14188020
36391680
31266400
15840000
87592960
36610560
107039232
40560000
32803056
30844800
17962560
22815000
99532800
18893952
64385280
54440100
39118464
4634136
104104000
36191232
20736000
12924288
56349216
5745600
32431104
14868480
30030000
26604864
7464600
30551040
12157860
24494400
10098816
2397000
14929920
34302240
15606000
80424960
66977280
131991552
28044000
10435824
19717992
28296576
31685472
28200960
70727580
2117232
9144576
38344950
36855000
24957072
47965500
11975040
69892200
33546240
44284320
29871480
31887240
1714284
29122560
1570800
1256640
8257536
55496448
30432105
26054028
6862752
83592000
23587200
97954560
18703230
23522304
50544000
11665920
16796160
13020672
9234480
36211392
25952256
78180480
7928928
119908096
30666000
3974400
49766400
13608000
5056128
1838592
68512500
79695000
38586240
62092800
7814016
26303616
43570800
3772800
6102360
103092480
40550400
36691200
13990900
84913920
25406568
69984000
69209856
6262272
45270720
2643840
6785856
19126800
26622000
39213720
7476480
39463200
39916800
16800000
1592000
12823514
19272960
15496704
8550360
4804800
11476080
6713280
16336320
50544000
16796160
60963840
82872720
88058880
17915904
27433728
29998080
45514560
34376832
35244720
122135040
17122560
21894840
27780192
94362840
31039680
16450560
16579836
55480320
1667952
119218176
18157632
102334050
18315264
24502500
7814016
2476800
62060544
52510590
9805824
11955600
27605760
22052250
16704000
54602100
574560
26121744
11962080
42100736
20106240
66502656
31253376
69230700
86605200
41917932
7182000
42456960
33733440
27034560
90979200
104146560
33116160
5184000
31288400
116899200
18401544
25056000
15552000
12718080
7905600
24053120
17489472
23270400
91719840
26114400
4760100
22648773
6848400
50803200
60250400
16503480
18392640
8624448
56756700
4197312
20134800
715008
25660800
63108828
20466432
31058280
43041600
90552000
15510528
13127400
46348848
45581760
11985120
14101472
10982400
52272000
24023376
50282496
11531520
33821424
246432
14112000
95426100
1598000
22377600
45991680
15048000
22187592
6082560
5189184
107880000
42791040
63866880
5909760
38808000
36352800
33347160
80137728
2540160
5221440
7792200
82162080
22958650
64354500
16773120
1858048
58060800
45547920
74594520
22014720
3875040
66073560
106492416
18213888
5013504
5682600
4305312
1618400
49766400
15079680
13680000
2519121
8225280
4926180
32928456
45722880
14357520
16329600
34981210
12807936
6809600
8366400
18531968
32788800
1942056
49580160
17560368
21067200
25583040
2148120
28273500
17936640
76723200
15688000
64152000
11404800
28090314
51932160
90272070
28131840
4421760
14883840
8936928
41904000
58128000
52925184
40715136
52738560
11232000
11897280
84029400
3235680
136674720
30240000
13109460
75121200
42299400
28828800
20991600
15890160
48308832
16706250
25137000
7623000
66515904
70253568
23976000
56448000
13057200
6961920
160617600
38388000
3566592
34650000
14162904
17352000
15816465
12754896
34484400
16438464
2621808
51744420
13671000
9144576
23096880
13856832
62208000
22919040
25239600
6100500
48771072
50319360
8216754
29811600
54980640
13760000
49709940
15808000
1358028
21123648
10860850
56377440
30259200
23535680
60756696
54063360
19683000
71881560
19339320
14145516
35471520
61947600
31691520
77364000
14478912
9779616
8294400
7464960
19186200
29718720
2908224
1290150
40824000
18219540
16796160
9876048
13465440
7257600
10510080
31303552
8596224
52540488
27663680
8833968
18849600
10804320
13824000
59865960
31059072
85803300
18667720
29548800
35212320
19828800
8200500
31075800
21863088
6085800
17688000
41535000
5581440
39223296
35983500
249900
11524800
36672090
34751808
35481600
23115456
21686400
11781952
35475600
9541800
43243200
6644400
22809600
9244800
16450560
36146250
6552000
65318400
27783000
25783920
27457290
45259560
20626944
16530000
9721920
18942336
84420000
24131520
25256448
51688000
35244720
16567200
48648600
22855680
35657820
40867200
43769700
16226496
12337920
4795200
2870995
4536000
36709200
10690560
4215996
32808960
13859748
9264640
7960392
53994600
11182080
24425280
115998480
2667600
25855200
11793600
66769920
72161280
80708160
19844352
26671680
35031920
10692000
19530000
5824000
17539200
16148160
11999232
47572800
62208000
24460800
90827352
5505318
41126400
11202048
98960400
37849680
37506560
11183172
72576000
21252000
35380800
64093536
50836032
148152576
13777920
59240376
26208000
22752000
63991200
2551920
4320000
38464608
22453200
3512320
17580024
9513504
40655250
3255840
10333440
17064000
4368000
50893920
34856640
152660340
11031552
34911360
33696000
22640940
6905088
26496000
25500420
34824160
16920576
21073920
28149120
30041280
44007040
48222720
1332812
1877904
90720000
14810320
11501568
113499360
69728256
10181808
5544000
38102400
1591030
19094400
32861664
38678976
13305600
13392000
8537760
77641200
5778864
34833408
2979522
3132240
31328640
10464480
85155840
43253760
85176000
63475200
61236000
12832000
67747680
40870440
12960000
16754400
3244032
51255000
6525000
18795876
71128512
4461030
71577792
20160000
24659040
23072000
5745600
13478400
3575040
25362432
13944420
13722560
34350480
38949120
62596800
23760000
63296640
52983480
25707456
13695084
12851600
61617996
13191984
5406000
7217100
50528088
23151960
37741088
39384576
23124906
11868120
6922080
30240000
3047616
34320000
36015000
15331680
15465600
28728000
49555800
36036000
6350400
9797760
7533720
19349400
3976128
32716800
67858560
50133600
52557120
42402528
13885200
79412400
14531400
26812800
29548800
32108076
44352000
34201440
3704610
45248544
4441668
7320600
55742400
39118464
7902720
73592064
25798500
97161120
70686000
3741696
23514624
8777160
2634240
11208960
1603008
8066520
15384330
29623104
10450944
23934528
19017504
5391540
8398080
35100450
13494600
26761536
31180800
15149160
10254600
62445600
8681904
18017640
22745320
59512320
4618944
35912800
79372800
14414400
49995792
44271360
13970880
4599000
16220376
8294400
9495360
11420640
90478080
87931480
15054336
29465856
10342800
79027200
21081600
13342644
116453376
46135440
96297984
9216000
8593200
58278528
2930400
22522752
39600000
32196640
11860416
29858400
71850240
17845920
97372800
30320640
15309060
730800
48114000
64921824
4191264
23310720
43524000
29756160
35128800
22314600
65888640
7138368
49156800
12832512
45239040
24508575
35380800
28656180
15748992
4256000
37255680
38880000
30977016
44226000
21288960
10314785
6500826
26763264
13953600
43908480
49201152
8927360
11888100
107520000
53561088
28097280
22317120
26889408
59927040
1247400
20160000
11249280
22809600
6562080
3442032
72398664
16412760
81932256
14463360
20358000
33530112
60802560
4658463
20412000
26058240
22113855
10535616
5097225
9211500
7873712
5769792
27440000
98804160
37900800
42900480
26470800
50315580
23094720
9184000
21378000
13802832
45239040
7182000
13916880
27192672
20492010
9158400
41771520
5440512
32078592
29393280
40233600
29030400
17994900
50656320
21232128
9462000
80784000
11741184
41926080
70726656
18708480
7418880
10575360
16953300
33055776
16398720
29804544
25753728
38950912
22429176
30523500
151632000
7561125
29736960
1202688
27454464
101787840
23773680
11322000
33906600
16934400
15079680
8176140
9631440
12799500
3991680
21677040
13899200
7065600
45993150
38210400
11784384
75479040
33792000
27095040
24092640
64624320
8142336
5494500
44867088
4791360
58927680
43545600
11850300
46314450
4313376
31530240
12745920
65565990
19944672
29226015
7576968
59097600
18574920
16957440
69930000
26009100
97966440
11547360
41553000
12819520
19514880
42134400
28843920
6991488
29568864
72737280
33696000
16663500
12247200
24074496
25920000
35769600
9162850
31307472
1615680
39183480
2822400
10803780
17664000
51840000
129843648
21326976
24689280
21576000
4096400
64480000
53913600
28772172
66538080
30960468
10454400
21511952
7682688
48384000
49351680
13789440
19643904
26128440
41234400
54756000
20749500
20083140
8115120
45128160
41302800
1939392
4331520
12489120
15567552
6455250
17640000
17660160
55243188
25915120
7938000
66217536
16934400
9859080
50803200
19958400
7349760
72783360
8910000
11621232
17493300
100493568
38918880
46093320
24453600
3853696
69979140
40675968
6690816
40279680
10080507
47151720
9836640
18216960
13547520
2313360
23417856
18137088
32319000
1235520
7257600
80403840
110073600
73718100
18170460
28304640
30551040
51840000
17035200
20021040
23556960
36858240
14745600
51666048
17038080
15636240
2654344
46189440
30758400
15531264
99983520
65475840
4979520
6368544
12564480
37992960
914004
10792320
69217200
16035600
64921824
33016896
49424200
7761600
39398400
31600800
18022400
4078800
46992960
26036640
17808384
24292224
36184320
90144360
33415200
3991680
64088640
44043912
96768000
132480000
37920960
68942016
4536000
21136896
15695862
9124164
29710800
16893144
37122624
44471700
69264000
44906400
10127700
25446960
33264000
30404160
5028576
2131200
28224000
14864256
38849760
73400250
95862690
31190400
46303488
3097152
13617720
15437268
8631376
15921360
12892880
37308600
47579400
8467200
4788000
11128320
73370934
21217280
38045280
8079750
35957272
18753280
2001780
69025632
22239360
907200
19158120
11007360
20448450
19353600
41933700
26671680
37013760
132507648
925344
7975989
14628840
10160640
5515776
2375568
20045880
3118635
11634467
28283904
10476648
112366800
26797680
17107200
816480
21887712
30293760
16990848
61236000
7931520
8035200
56073600
41547168
16537500
54746496
5405400
36049536
495000
13381632
14044800
18281835
38840490
41990400
23684400
3150000
973728
7851384
3428352
19270272
62591400
14152320
43214010
22315500
3912480
14696640
46403280
35251200
21482496
32832576
8460270
45830400
1900800
15653088
23427144
57241080
17145648
32256000
10165932
1555200
25829664
21142080
13390272
7308225
26966016
11975040
16144128
45722880
28363776
124488000
129605000
26498400
79280388
16432416
12022560
19514880
23250240
5045040
15552000
7232400
8479784
24343200
8021160
45590600
4374720
11853825
38313000
11526000
37210404
33948720
20428800
11197200
17611776
13588032
28828800
23101320
19916160
34859160
38749360
12184830
15882240
43908480
38367000
17118864
60480000
15720224
23347200
17763072
131652000
22383360
12206880
225933750
100621440
13328280
49674240
74676000
22842000
5469600
2751840
56881440
65318400
25288704
22757364
1081080
43436736
12610500
11136000
32275840
54885600
24437952
49510656
25399360
4748100
32296320
104544000
42425856
53110278
5343984
9064400
14968800
26438400
39936000
30741984
15102720
8515584
40170816
17418240
42989856
14977536
17539200
45465480
26198832
31207680
41081040
5868672
65218608
30412800
9630720
3317760
30958200
17391780
34992000
17424000
11700000
25608960
8205120
9082080
88905600
12737088
11354112
6639360
67092480
21835008
27694056
41731200
57280608
19171152
36511200
28226880
23417856
165110400
29486592
15124736
16215738
2106000
50561280
42865200
11439360
22248096
7318080
20320256
23307648
9348912
18216000
45048960
20966400
2959632
34560000
12494592
46771200
34376832
48547840
14256000
10663488
13798512
6804000
2833920
62228160
28864512
9330552
16656192
49183200
19214496
69564096
21803040
18176400
9455616
23794560
20109600
7771140
11243520
638400
11342240
21954240
22855680
40803840
55900000
45208800
4766916
40991760
36843975
3382560
14970744
48895488
27907200
3566794
24288000
8108100
9166080
16440480
92610000
6862800
52754260
17729280
36040680
112071680
73260000
10500000
65707200
1441440
69357600
5477220
37290240
7242840
15713280
12459744
4971168
9298800
15603840
36768000
161066880
19699200
55404000
16919760
7953120
994602
78274560
13781016
43130880
13824000
23143680
33965568
3749460
21938400
61175520
3897432
40435200
12636000
10818360
6104700
24494400
24152128
4233600
5600820
45741696
32731776
40139190
12621312
91016640
73227024
25433856
51097200
13132800
36628200
16112000
20592000
87475200
4931928
20443500
16174080
88203500
35684352
7016301
14968800
2530368
39536640
22428000
3338496
25830000
36036000
16732800
28704000
36560160
22758736
11851920
32577552
17753904
28883400
37255680
18892440
17418240
21934080
2221380
9249120
4787640
8662464
12341340
31260320
4020975
3302208
26611200
58291200
31084560
42577920
9918000
26726400
21887250
25777440
54061056
54528768
39352320
26943840
40882790
3732480
35271936
960960
21918600
32577552
56160000
21217680
14285700
18627840
25640384
10573416
38605824
37218048
7996800
10368000
66951360
29548800
25833780
23224320
3123036
15759360
3118752
29998080
120249024
39072375
62270208
27638820
106822800
14231808
40098240
19388160
2121768
9303040
17418240
8096760
24252480
83959200
83770050
43272900
70761600
96243840
14656707
4276800
20279808
50778000
19602000
15220800
11380905
36514800
43182720
50122800
47502000
18335200
24272640
174960000
44098560
9157848
31933440
6410880
61582950
24492240
75116160
61776000
34969536
72777600
14826240
33751200
5830776
27475200
31733856
21964800
39726720
13204620
12644352
16558080
60147360
20623680
32313600
11975040
71456000
36013824
92378880
5880000
4645800
20793600
35212320
37739520
31646160
44064000
14273280
27705600
24794000
210719880
46318200
69303600
33986400
60451776
8939520
45152640
11878272
32076000
25200000
52416000
15805440
57733632
21369984
17690400
35852544
62539152
23160720
12254400
34328448
29416608
46759680
104457600
14999040
5846400
5485725
46485504
33118848
11923200
43092000
12612600
25225200
25024140
70298928
5927040
15254568
5483520
17064432
9563840
3326400
35078400
23950080
53519760
61205760
11529216
188697600
13426560
44928000
8128512
29092800
17971200
12493440
23351328
20263320
48671280
38896200
15210240
10602900
69854400
1002400
16000128
72576000
52416000
39714675
91029888
2332800
23670400
60710400
16638750
7386680
81607680
45785088
26127360
20321280
36847305
6256320
5087520
21060000
32161360
14908320
20788650
54190080
37109016
8580096
6955200
39191040
21047040
43457040
65165760
35696430
87946560
10311840
69562800
6894720
34909952
48157200
41472000
28317600
8942400
3356160
18786600
9321480
39896064
66444840
34594560
32768736
107907840
45722880
23984688
80831520
6567078
36915840
31242600
8002800
45139680
37260000
108783360
22353408
37542528
22805874
1542240
25428480
50918400
32332608
27095040
33874200
12773376
57158400
74165760
44098560
29484000
8648640
3848526
41301120
62300160
8743680
19701760
111804280
10372320
585225
29828736
36791040
33112800
9158400
19035720
14456448
80904096
22394880
37859328
23701248
30030000
1560000
27492696
60011280
10961328
2268000
8668296
35054208
56518560
42526080
26376192
54250560
25505280
12894720
88208640
35802000
6400890
25401600
5971680
55354320
24241140
21455280
7057440
13500000
19699200
21384000
16848000
25747200
13055904
26551728
49351680
49840560
93312000
6480000
11124576
28304640
13896684
74511360
34577928
27993600
43156800
2831400
78796800
26459136
27648000
17992962
55566000
27495468
11741184
19891872
58936680
454480
26158464
7444080
11789064
30753792
139345920
47793816
9886044
8601120
34499520
105336000
47900160
21288960
142248960
43929600
15966720
23567040
50803200
26803656
33895524
40070700
27050400
3592512
7842240
121451400
40915784
5357880
110094336
5692320
15612800
9371648
17673760
21772800
50389416
20870784
2311920
47992000
14083902
22823424
14676480
21139200
1358640
5140800
17075520
48498912
62659008
21427200
29811600
1089156
6633900
13483584
44457984
6945792
2806650
44500470
15748744
21445632
15767136
36111900
66320100
7807488
5177520
174053880
22781088
26656000
54869760
14447160
25920000
10303488
14938560
48859800
111213648
3929922
45722880
21902400
13219200
62245260
19896030
66455550
21141120
61728000
30918720
8219315
8890560
18192384
104943300
80341632
14106624
13357440
18139464
141873984
158054400
3378400
20966400
68584320
30775680
24748416
21884760
22861440
14951100
11923200
40642560
93560832
143508960
44416512
19056696
184680000
34214400
2086560
16809984
6048900
12997908
45158400
35239680
79833600
16193520
60532992
23940000
14001024
12696320
524400
67184640
20321280
10368000
5292000
9313920
11315000
49584375
13641600
2208000
8257920
12847800
70565400
7848900
9918720
21672000
32854800
2927232
24547050
15603840
52416000
233856
59265024
16498944
81518400
23662080
1672704
1995840
23764752
34054020
4662000
70963200
35417088
46710720
20318144
2041200
33858000
43659000
7697760
789750
108037800
29688960
31771278
13638240
3118500
19353600
2799360
27647280
104993280
117641160
27162240
101606400
13872816
21631680
50466240
172889640
50072256
41436360
43421400
4739328
9144576
25159680
7620480
7787472
16156800
60021000
9779616
19035720
57456000
11784960
52994304
159563520
17246208
28665000
7956480
16426800
3432000
144471600
26282718
54297600
26127360
95040000
12661110
6773760
17740800
51710400
18006912
41247360
3234816
8015700
1466080
24883200
19896800
10777536
3207400
30492000
33384960
29297268
33384960
30911650
6395760
18390240
6531840
10762200
101391360
174182400
23140728
17328168
1337600
17915904
9047808
71393280
22869000
9396000
11621610
19474560
29164800
4408320
75202560
33498036
27234144
83383300
49335552
34743168
20321280
36449496
32643072
15344640
21902400
26019840
9741600
8294400
10668672
35852544
34167744
2042040
35093916
22581504
21903840
22453200
83980800
4735584
165337200
6985440
52254720
21991200
6272640
12256776
23654400
16774128
94556160
22314600
1575420
8270976
35280000
20727000
13540800
27966708
26127360
29302560
38419920
13523328
43891200
36910720
3082240
14877720
32659200
5457600
3534300
11678400
73664640
106920000
19310760
28766144
6119820
19424160
50757192
111767040
57904000
24740100
33606144
7812000
36095488
7755264
26906880
43250688
18137088
15833880
69672960
90123840
75765760
38361600
13970880
26350272
42625440
7962624
78732000
81356400
1795640
15667200
60559488
80514000
20378920
52060320
46656000
22146432
26225100
83520000
12945236
2677860
82656000
66884608
13642992
12903000
10752000
8776800
26058240
36241920
126640800
21134400
6499440
52812000
50330400
132335616
79025544
26263224
72914400
9254520
82080000
71298240
10800000
25401600
23950080
50245632
25281432
19643904
14823000
11235840
3607478
26281728
77721600
13471920
17028000
44849700
37044000
5160960
2676960
57561840
5618750
61105824
18984240
26943840
65214720
92565504
27238680
40992000
27948375
56969640
19886920
36855000
10068480
71124480
26775000
9240000
39495600
5684800
943200
61621560
26028800
41733120
33552000
105994350
8755560
100759680
18320640
30820608
8712000
19083600
27337500
16501968
67370688
38568960
7705152
23607936
6166160
33849960
76204800
22314240
29023488
4436640
21888000
9070600
16045568
50859900
8468064
13757040
5642240
43302600
12919500
60540480
13653900
25067520
7015680
26992800
27371520
39146800
18215400
37606800
53973504
9186408
39909600
21789810
28024304
11119680
36900864
14188608
31487400
22852800
89937792
13208832
14553000
45964800
1155456
8448000
125049960
12011220
2998272
26726400
8918775
18247680
14043744
16026120
8198304
12534912
2930256
24806250
24494400
47174400
3672000
34054020
42624000
3831800
44651250
31298400
8034624
3395040
17690400
71635200
13386240
30958200
34165800
30263040
32123520
26105376
39482352
15486720
72209880
23677920
87859200
71283078
43390080
39939900
71635200
69431040
8886240
14294280
4032000
7319520
9815256
12158784
3595845
42301440
19618560
51068160
794880
5724180
38810880
36645336
31933440
52920000
80592750
42319120
7344544
8386560
43312500
8007168
74520000
34841664
27256320
2742840
8838720
23158080
13616640
176677200
20684160
5225256
13837824
27335880
31667136
11119680
97417728
10160640
64018080
49140000
8545152
28576800
15157080
11892150
3809280
17902080
1815360
13646880
44540928
18521415
59510880
23587200
63452160
7958720
73906560
27830250
16096320
801624
45192168
8760960
11745000
38019072
10665984
25349760
28379400
28062720
10592424
21747096
32901120
69619200
14026320
51881280
29030400
89413632
6128640
3971520
12492144
14446080
7605540
27993600
66150400
1909320
44513280
21297276
30606336
38070000
15966720
30412800
18235750
39037950
33185152
63423360
10130400
64566720
41598720
37319040
69603840
64342512
37773216
18172128
54375624
117369000
25935840
57139200
60383232
16744320
17005950
12976848
4191264
55351296
21288960
9791040
30159360
41627520
6979500
20991600
51093504
129600000
23180400
30105600
22380160
14240880
20367360
24412752
6196500
19353600
4490640
50417640
14926275
5097600
11586960
3758400
41126400
3834540
26644992
40005000
13838400
15552000
37847040
35779968
137776
12985280
58858800
1224720
18706545
68040000
10243968
25945920
47369280
47049600
9106560
102009600
33819660
85644000
8236080
39690000
33642000
12480000
31221960
10039680
8636544
11566800
30108672
29647296
43545600
16518600
11138400
15523200
7867827
21638400
19877760
15301440
27336750
8903232
14112000
19969040
8363520
31911120
25200000
6361200
21554208
33454080
22358752
22291200
97440000
4945920
25019280
38986272
16236000
22952160
26950950
75146400
58677696
27304992
101700480
8415000
13745600
9972480
15865452
15567552
70073640
48988800
1407912
9040500
6381760
26006400
40415232
104905080
20756736
22014720
105971712
40824000
6306480
3073140
67026960
13366500
18720000
73703520
12317184
25942680
8903808
28224000
133056000
19934208
6316800
10948608
11757312
9797760
106944552
5443200
2386944
7338240
61261200
8887725
43136280
7387380
58426368
50760000
29258880
12467520
12188988
27102600
26872648
45448956
27191200
53992224
24772608
43243200
18665472
37326240
29522880
33264000
7289856
8955625
43254486
23257800
1780704
28528500
19432224
70625280
95178240
2796750
33530112
3641540
65620800
93350880
12065760
26611200
72539280
14040000
10130400
49381920
4767840
14113440
32130000
25310880
16946100
10519740
9637056
37934250
2062368
22671360
15463872
23794560
5611641
30912840
18063360
4478880
40204800
49889280
63201600
25126200
1645056
54315360
53222400
28437200
29072736
37093056
6918660
5483520
5582703
13753584
31600800
8646880
47628000
8783424
40803840
34927200
100987920
9067520
20979000
68445000
43234776
62775648
93450240
65007360
37814400
40435200
15309792
21215040
6584256
62370000
85536000
1764000
18569628
10585344
17086500
7896000
72107200
12540528
50830080
63504000
12972960
43330000
45220032
284130
1315440
19857500
65145600
23569920
121520000
58060800
28896000
8963712
43623360
33384960
29615040
6290680
55692000
13634400
27735680
54543360
30769200
5322240
15640800
14276736
8605440
16051200
8160768
6611490
24748416
13199424
79380000
13319488
32707395
62570400
38905920
17146080
33868800
7938000
17192448
33066000
16262064
3055104
7787340
7697760
110918808
10447360
10202720
60328800
21066528
8928000
51287040
51004800
44483472
10328472
19836000
13331952
15683850
57788640
8181810
48755520
17784000
33073920
1475712
5048568
504000
25025088
29023488
111974400
65324160
19740672
9690408
143856000
62674560
25159680
17151750
17072640
7560000
8009232
18289152
59505600
22728600
11575872
27941760
72923760
26906880
41912640
35280000
42120000
68355000
18370800
47260800
24390240
38016000
18869760
10584000
34026720
1352400
21873600
33050160
8190000
9088128
25669380
9180000
17574240
35136000
34898688
46160100
7688520
30663360
28012320
72163740
22824396
21787584
1941408
27937728
16873920
22419456
79619904
108864000
61630800
37260000
25144020
23048280
14015106
17203200
131678208
16588800
5832000
34560000
16438336
13433472
24703360
85511700
10810800
3447360
116093250
23877700
24870240
17160192
35006400
49766400
19792080
19412640
36054126
3700404
22267440
30046464
9118575
57960000
96983040
794880
30240000
3326400
41757120
49268304
7291200
20412000
29708700
31132800
2083806
13478400
9216000
13122144
8917128
22404800
16458876
30615288
15789600
6511428
6234624
42597240
45534720
30294000
10407600
14790600
16598358
84651840
45619200
3075450
9603360
21474090
22363440
25945920
23224320
34151040
5966460
29800170
79886400
27718200
8668800
87336888
26506116
46914560
8853600
687960
20974464
10017000
22809600
2291520
32811480
40370400
44815680
7776000
8398080
18279000
43167432
23490000
48964608
1512000
7578684
8947224
35754048
10684800
12177000
5508000
14227200
27276480
1379840
35672000
63800100
5524065
37739520
4492800
85595328
7533600
2008800
2295000
52416000
28695744
88905600
26127360
1782000
14493600
17170776
17915904
10429560
22800960
75966660
27542592
16329600
60384380
50193000
18168192
51030000
14515200
7674480
55883520
40642560
13707264
24786000
19287576
76783872
37128000
2906184
13783770
41018880
23088000
4409100
11135520
34391448
24292184
7968800
65842560
13716480
29620800
82368000
8078400
32054400
51270912
18385920
20711712
97511040
27095040
18627840
15158016
21244356
57210624
3596348
20933640
26256384
51667875
2466450
14971392
7601040
19780200
8376360
10987488
61286400
8715492
26049600
43436736
27498240
29113344
11487168
16793280
76204800
16896000
45926400
23786784
51552000
7411635
10281216
51004800
23283360
37488000
19208500
5613300
4982496
65111904
5227200
22713600
2422728
21086208
25154976
42476400
48906000
48510000
19953920
31987200
60528384
32210856
37619712
20995200
6119400
31850496
2181270
17318400
19779584
15522240
32457600
11080800
65116800
46471040
19945440
8294400
34977600
17904600
10264320
19160064
26282880
35582976
10489824
42230160
37426176
62233920
9550464
24869936
45957120
33686016
20557800
1670760
4833600
63630000
13642200
3774960
3529136
4800000
28911492
60659280
45559800
21683376
28200960
72688372
39536640
28514304
65318400
8779200
6078240
4661800
12999600
6414336
2645136
49123200
69315750
36851760
53919360
14208000
7498326
84960000
33433920
21319200
13592320
24377760
1178100
54137160
34425000
4903920
11819520
4847040
19932000
9113520
19245600
14757120
31497984
16450560
19553400
72161280
22059432
135120000
12072240
19000800
60404400
21878262
20908800
29686272
12254400
5228280
32901400
16057440
24494400
11553120
60764928
31187520
6756750
136723392
16783500
91627200
7862400
9616320
57316896
24642112
10396656
55987200
58982400
36267000
131997600
78508800
20093184
19980000
73180800
35740800
22118400
20756736
33773760
12386880
75190500
9642240
23814000
3825360
22913280
30605400
60476130
27631296
46584720
58926528
20990200
25336800
10922240
50019984
164228400
28377216
55685760
3024000
14844060
2016000
37101792
7296000
12830400
21676032
8709120
38750400
10167040
62985600
71166816
37497600
75378600
38880000
27518400
691200
41062840
11827200
35283456
75816000
90016920
22964304
7702695
20097792
50400000
7377480
102435840
54275832
24514560
10342080
9331200
1446720
93312000
64696320
7128000
69348312
72057600
91393920
3762720
43436250
38984400
39194880
42960600
32348160
62431488
30379860
50450400
28601370
39298500
5678400
36246528
63685440
12960000
35266560
6096384
75112800
44576280
5832000
63641760
21399552
49363104
19602000
66775500
14515200
3005600
38638080
22399200
9720000
5094720
22384128
12846400
33129600
25754112
33312384
2056320
9960720
6450374
52254720
8042496
24966144
6999520
2903040
66552192
28798208
23115456
38148000
26191872
60186240
23887872
23807520
9438000
14980680
36309600
11024640
24530688
25998336
11356000
33488640
27003375
6628720
34132428
21947760
35866800
186300000
17076636
23949900
19627920
32659200
51030000
39360000
16714300
31334040
14817600
38578680
36126720
14908320
5816640
146390400
36224496
12804480
5667840
3269880
8500800
50593488
35582976
15349824
5528050
16964948
12165720
54885600
7025616
12897792
8845200
47828880
3273984
20391840
4139352
17570520
69400800
55252992
43200000
24516000
29937600
18982656
18288000
6683040
32301360
23864544
14033250
31627008
43122240
21205800
30750720
22230000
11321856
11566800
13706280
13353984
58682880
36036000
57177120
81285120
31822560
68728968
14845824
63347136
7727616
4817664
20260800
16610880
48591360
73728000
33180000
17158575
9123840
140784480
34587000
49801584
21739872
7655760
4137120
34513600
42055200
49083840
15325200
7338240
17245548
56656800
4233600
3664416
78693120
23688000
18779904
16002000
1239840
12441600
33343200
32594688
32739840
13453440
13689600
76167000
4982250
70434000
55641600
3462543
14733576
5433120
117870480
26611200
45722880
30085440
7507101
14407680
14212800
12466440
135036000
42134400
65103360
14376960
89512500
51678000
7168000
11203920
2520000
94186800
48988800
23877504
15724800
108215676
10303200
19699200
23761920
8963136
44416512
3471300
6870720
147420000
102115728
35493888
35773920
30968784
11738925
21186000
7416864
53913600
25401600
22293504
12221280
84680640
15966720
21077056
16769025
66211200
15352740
2637856
27143424
30902040
22763520
5810454
19370880
83825280
100386000
9208080
7047300
19660320
44226000
7181244
106563600
20412648
45341856
22064000
19781496
18176400
33860736
53602560
5684256
24364800
33965568
5843200
11430720
24494400
4664880
22210848
25734240
30692480
11883168
12922726
6168600
86261760
19147040
23379840
68972400
32497920
37222080
35411904
34569920
57380400
31808700
92664000
10495980
52488000
11880960
77837760
63756000
34155000
7454720
18671796
16953300
44640000
76032000
7197120
15275520
42282000
37182816
32544720
51321600
21681660
13035330
52284960
101055357
68302080
30780000
30480384
62899200
5809860
7243425
79274160
26680500
25272000
65306520
43545600
27646080
6577200
1877904
84466200
9460800
20916000
38976000
31069440
2706914
7394688
37168800
5569200
47309184
21530880
18634824
4270560
26126100
48153600
44064000
12266856
17313408
2031250
12545280
30481920
11508480
3680640
35773920
7711200
13753476
11409552
17765748
14443520
15282432
45045000
158995200
6249600
57153600
25660800
133611120
61689600
97977600
35212320
17463600
18986400
29556744
86169600
21362400
7347060
46950420
34443200
2661120
65737980
26796000
14113440
7357350
64350720
68796000
25027200
20334080
8426880
112622400
16865280
33196800
5730360
87552000
47461680
11088000
13759200
71884800
34155000
70574400
10796544
6408710
15993600
31112928
33640000
66550000
64209600
1777080
23966272
3801600
2179396
4140000
12096000
6765120
2895750
9770400
4380750
28657800
39813120
2336256
18690048
6200460
61931520
7283682
60629760
34974720
38721240
92515500
33530112
28421280
20217600
18779040
46403280
37454400
9097536
80566272
16934400
52043355
25401600
20824128
13310400
74439680
38495919
8002800
64774080
42577920
24562440
63030240
31105536
8981280
113291136
74977056
10940832
20685600
18730800
8865696
72655380
77995008
15240960
25119360
18264064
15932400
30410640
18627840
9963000
19305216
7737600
15066240
14112000
10074240
17199000
13267800
18314100
34498548
16575000
73656000
11557728
4221000
9958080
30234630
23531760
47139840
115568640
120771000
13934592
21845376
103680000
29994120
20684160
56838600
13325004
31822560
11340000
101560320
14265504
14436751
9273600
782496
10461528
2609880
42024960
31684800
69587100
17424000
63040032
20391840
37324800
34444800
6262620
489888
34214400
66355200
9233040
80015040
8316000
40642560
31447416
96465600
45478400
43689282
148531968
23396352
23367960
12096000
132678000
43680000
25225200
52607808
4284000
13948200
42313920
29591100
33825600
104976000
35489664
3326400
41207040
110668800
66407040
3298944
6899256
10131660
87382800
17504256
12070400
67032000
48263040
12118680
30568320
25273600
24710400
8890560
19488768
61593000
67896000
14515200
30190160
1249248
33073920
31281600
38102400
75201280
8164800
15240500
21209472
27878400
23337600
12615372
21187584
10461100
69379200
6410880
11406080
11956320
21565440
14863680
15576000
74592000
13608000
18055872
108162432
48438000
2341920
16800000
18642880
14007168
19548000
28728000
13880160
4324752
70400000
18147640
27287040
59875200
153216
9642240
22776390
10810800
40864824
5574600
11593728
10616320
32550336
148108800
24796800
5271552
33832960
8869014
11080800
159120000
7534944
15175680
27744000
23761920
46656000
3104640
33825600
31652640
36045100
79606800
18932550
17199000
13483008
14586000
7382340
2714112
36590400
48665232
24385536
24883200
42131664
77817740
108054000
7402752
4656960
34546176
36872820
106704000
35297280
40025216
43740000
17820000
56263680
26280072
41580000
5724180
25067520
11975040
1649760
3398598
2171520
70447104
61353600
3880800
44952120
8909838
5616000
5227200
15120000
17935764
50592000
66977280
50621760
32514048
9660600
28892160
46519200
34836480
20934144
117112320
15628800
27086400
21399552
52360000
12475008
86977440
4976640
36450000
13302432
12627090
28460160
34196250
28062720
39841200
18954000
55400625
64209600
12136320
4659200
22159104
6451200
15966720
20556480
21168000
19641600
30697128
8582112
67579380
4480000
92344320
117577152
2795175
34946016
75226320
15246000
9782208
14817600
52992000
34379100
40279680
36807750
6412770
5700240
11897424
1348050
119024640
79670250
22353408
3263040
44440500
21385728
15842400
17734080
1663200
75369024
7379904
15024600
42411600
6212700
29845260
1773168
4959360
23808960
91832832
36191232
37818144
35343000
4921560
28266336
65034900
20502000
5375160
2161863
7001280
8404200
52457328
14227200
11352000
37149840
49167872
13430340
9953280
60595200
919296
5276376
7488000
112869120
12262236
18476640
812916
10348800
11289600
19641600
161828550
71442000
48564684
79380000
9102888
10977120
72576000
31215744
26763264
40273920
8078400
14156800
40538880
43586400
55800000
7761600
143119872
30747600
19160064
38690928
50246784
55520640
59076864
9146368
25333560
99099000
2830464
56777280
20073600
21060000
165790800
11254320
9877175
60501168
15209028
44236800
12636000
77884800
33454080
28094040
18539520
4435200
42353640
121927680
53084160
67359600
26943840
22793400
55663200
40595456
54362880
11310624
8553600
41442192
8307390
99813000
13704320
62143200
38664000
17527104
160776000
43680000
31104000
5353920
28100520
104781600
9329760
34298880
4648512
116953200
33838896
5520960
13547520
172343808
21424000
60404400
34812180
38805480
5127100
19535040
42962400
9313920
3669120
3456000
122821920
8820000
2838240
105100800
17189172
36278000
8168160
90316800
31116960
9551178
10101600
25715200
27941760
1995840
26114400
46099200
34642080
18869760
65205000
15044960
61716480
101756160
56100000
16790400
23269680
2117232
9604224
9954720
15388560
22002750
19051200
12519360
79591680
40642560
130336128
32457600
45753120
5294268
2584000
7197120
24105600
82583424
8895744
72815505
21700224
28089600
11348532
1913010
9508752
31955112
43681680
15939000
1103280
17902080
38776320
13571712
3846480
30888000
17418240
2699136
81711360
15664320
20534400
47628000
11162880
20044800
87318528
19992000
20608560
4626720
15482880
29547960
45331650
2404080
49200000
45826560
8910000
17959968
1710280
7607250
6299370
21337344
8279040
15798272
10629360
10284120
19486720
7862400
25082880
11151360
59222016
24048960
4896000
8108352
36738240
34927200
4883760
18627840
32472000
32175360
26759040
23237760
27681264
16065000
92957760
13789440
70061760
54237600
34992000
11635140
10011600
25904736
120960000
20318496
9000000
12696000
3692220
64342960
36288000
27451008
3358656
16691184
92198400
98500500
31518720
14126400
2293470
24984288
73656000
11007360
30935520
26593920
16257024
18221760
99372000
28728000
34133400
9067500
96768000
9757440
12549600
8055450
8812800
967680
53913600
54282240
17781120
35458560
25871616
7413120
15160600
16405200
19306404
32760000
29187000
152895600
54899208
20317440
32659200
101138400
14141280
86655744
54172800
20504040
25259850
32659200
14215500
85432320
1749600
22848000
23686320
55422400
12478960
11402280
14418880
40092624
11116800
43054000
31288320
28685664
73946880
18579456
54528768
7873200
48304080
29688120
23257080
63884700
4492800
11666592
18199720
138441600
1126944
11732040
33259200
68411200
44431200
25552800
31621320
30083760
9523800
5660928
57968640
17350200
59512320
1203930
5667354
66769920
42112512
39191040
17031168
15640800
37042110
7432936
19260000
8386336
49104000
54674400
11819808
15837120
21027600
5007744
21208320
71808000
9361224
10321920
9574400
20321280
6781320
86277312
25062048
24921600
90169200
22059702
91962000
18184320
38327904
80388000
5105716
12474735
49005000
39670722
34168464
23224320
44093700
12640320
22680000
6094440
15240960
28868400
4446624
46368000
99937152
31352832
3622320
52468416
71114400
37440000
21145824
6123600
2982096
2529120
12140544
12739500
17978688
22933680
56826000
41193360
10978240
4919400
41698800
3808000
16511040
12979200
14911200
6050610
30240000
17199000
64873600
53343360
5644800
3711708
14502880
55883520
27216000
14691456
3838464
60328800
33094656
22617600
65433600
61689600
7776000
43110144
21611520
47310480
19896030
19180800
12274416
22861440
36469440
22050000
16872960
8151840
7100100
42494976
94493952
30076200
90440000
25635456
5443200
27869184
57381120
36609408
51321600
8985600
13436928
41749344
22521600
11908560
7326000
79120800
74511360
54942300
11059200
46126080
6912000
24470208
58996000
11612160
1764000
26417664
75479040
7429968
1971216
83587140
28753920
19398720
30805632
49342608
9979200
14626800
25798500
9331200
23914800
107339904
69535584
6952320
23961600
19226592
39741240
18144000
33312384
41743296
47059200
9431520
29804544
105369600
43180200
22522500
69718320
49104000
26082000
79999920
109122552
11883480
29652480
40936896
26070660
13450752
17122140
16610880
50265600
38438400
36936000
45990000
8465450
20623680
10416240
8735364
99677952
77414400
50319360
55242000
17729280
16200000
26623296
25337664
15783306
58198868
9831360
93405312
30602880
14968800
119490930
129729600
18398016
20020770
8112000
13411200
31352832
42768000
72997848
14599872
24876288
41532480
3638250
7251552
1557144
29693664
64680000
9041760
11684736
60673536
52416000
17622360
29858400
22800960
43354080
3613248
16600320
35735040
10050048
15095808
4320030
33575850
7188000
22743000
34214400
47918400
21700224
47443968
2954880
21228480
24324300
4132800
29923575
54331200
7091712
9784320
12636000
21288960
34105344
59299500
11190816
6723585
56010240
19706496
17495808
13798400
17357760
17915700
47335104
17838756
7879680
40979520
9081072
33136560
18057600
23388750
101283000
72585000
57974400
7786368
29211840
37908000
63371308
12108096
7076160
21288960
20671200
8977500
20227200
61110000
80870400
8236800
8559936
38697984
39502080
37482480
68879250
16156800
3564015
6667920
50862000
61585920
919737
26136000
19057815
11497200
91383040
63073920
4633200
44997120
10483200
14609056
3366300
42232320
1708245
18547200
38586240
60708960
43908480
42425856
44029440
5211360
13224960
16289100
30612816
17521920
43243200
52272000
116424000
48408320
28957824
53316900
47659500
1443050
18432036
29597568
35850600
19923120
39672000
44789760
30976000
1349460
103117560
15555072
25280640
24633840
63063000
42646500
1965600
36106560
31842720
19078500
4840596
7124040
4985442
3020160
3767715
41432160
20805876
29877120
11226600
22688640
38750400
1436400
15974400
42456960
56800800
29094912
47050080
10821888
72648576
2036232
88626944
42366720
2425500
37183104
3678048
32997888
11761200
17499888
12841920
47282184
26308800
61726320
30769200
556776
8029440
80967600
37087200
42130368
114307200
23940000
39463200
11249280
78300000
8122842
30202200
19828800
20386080
4821120
6342336
44488440
12398848
72161280
17150280
7776000
2671200
7560000
6531840
3198000
3128544
4050000
16898220
44640000
50803200
46161920
52954560
21111552
20277600
10870200
24734808
23021180
28298700
58572800
33696000
57853440
9103500
15102720
127440000
7560000
45722880
106659840
68402880
18845190
11606400
5140800
45441000
20271888
9972720
22692096
101799672
22404096
26603640
24796800
19209960
11467008
24330240
5590959
17180800
8820000
24447500
9048000
32844000
13137696
30075300
43868880
45110520
31211520
34957440
17735760
45339210
8470000
5405400
72783360
6148290
39629184
47638800
25054260
13406217
2190720
3353400
10887800
30277632
20433600
42456960
11694144
6531840
40517120
65818368
45564288
45375876
8472100
12227488
24957900
4354560
25749900
22680000
9876240
54432000
24827712
31737600
34175232
82526976
3699072
29828736
39517632
62954496
25159680
14631680
20217600
10892700
44408700
12972960
51120000
11275264
66096000
141714144
9408000
17784000
30270240
89161800
40112496
31648320
19706400
18627840
95660544
7628160
7478400
31946400
10378368
15066000
66286080
11564952
69412224
73592928
4201956
9639000
43545600
20924640
94723200
50973300
23846400
14208480
10777536
40808768
5054400
18892800
4293000
66261888
7095600
67284000
14847300
52039680
43545600
41277600
42768000
33112800
28492800
29756160
26342400
43837200
21573216
48972000
26910000
28732275
21659520
4984000
8937600
80663040
19353600
13213440
24941376
42661080
97977600
3311685
54883920
48384000
4660320
4146912
65862720
5171400
75335040
29245104
1921920
12035520
5983488
29334500
47185740
12355056
19634400
52905600
24564384
24611840
110160000
2246400
40685760
31590000
19022094
13041600
26731440
5320728
16811200
24192000
51508224
25833600
9734400
44453760
1349040
5109000
17010000
17781120
37449776
4032000
72324000
59003802
64235688
28174080
5184608
41912640
96963750
2615424
27661920
9228912
87091200
24406920
17868708
13900320
38681280
18461100
68871264
22194000
69284160
29743200
15168384
22663200
15840000
39916800
15562368
90720000
23651760
37346400
41912640
27812400
11750400
13118976
11430720
10526208
31362824
6773760
14168448
89132400
15637050
27346950
77837760
51565248
23015664
85432320
3917760
84303648
85201200
25777440
2522880
18370800
24449040
60220800
21196800
42947100
7221760
14295204
13777920
78382080
36855000
38278800
37837800
10960920
40131000
9003150
64864800
14061600
14226300
11209600
33929280
16939776
60291000
34611200
24399375
31505760
5900850
14526000
49008240
52067400
9166080
33493824
36763776
24427008
36741600
24356376
65878400
35520000
10752000
18712512
7960680
54464256
32666760
12038400
16576560
3991680
28933632
4207320
103724544
12812800
40950000
29343600
29030400
32256000
13547520
49644252
66355200
43176672
25344000
7547904
56206872
20901888
2782208
27874976
32323200
3855600
22922240
74289600
4958696
14415408
1141920
14622720
24222240
26308800
86780160
25690500
30723072
28939680
53625600
25401600
13857984
27907200
44352000
69300000
23654400
11451456
42957000
19758816
106043280
20376576
28800000
10639200
59304960
6773760
47223000
57238272
33586560
14354496
31933440
4276224
6048000
62702640
48620544
69148800
18720000
11245500
28886400
25660800
65356200
31288950
40925952
9304848
14742000
990720
17071488
25344000
88179840
25200000
3885570
28174080
28350000
32146875
33246720
77811840
53464320
40471200
9554688
75398400
68745600
30364880
21321300
6446880
25704000
9282000
4333824
62530560
16683520
53104896
8648640
42865200
17209440
4665600
20820240
15785280
21840000
13653360
12952368
10751616
23575860
21109152
2845440
34638240
13721400
9285065
4089360
40370400
9127008
6780400
31752000
37806048
110544000
12317184
28385280
94556160
7722000
76826880
124467840
56398944
36580005
24998400
31135104
33997824
10206000
96422400
16632000
17186400
20783400
18098640
56946240
11440000
11076000
42861312
6249936
6816096
60901875
7689600
11051040
10880892
12472320
65637000
13574220
9017568
10944000
23595264
6401808
19375200
26231040
6611220
23326380
50976000
23990400
99532800
29211840
115668000
62373240
17918208
41592096
78974280
41850000
22722784
45405360
13030500
11850300
7741440
5216640
3864336
19901700
7754544
29248604
18149040
38307024
663820
22579200
25359360
52553600
18210816
9216000
18957120
7642089
30420000
111974400
2748096
24961440
17996320
30720000
6166944
47368800
78140160
12889800
39346560
28725840
25553920
844928
26345088
4089600
19547892
63866880
26998400
11760000
11475285
20547648
39780000
13899600
9187500
38902500
146313216
14450688
11547360
4212000
20321280
40089600
11148192
47667200
33396300
28230336
33825600
25206720
7385856
101347200
23369472
38181780
18254208
117741624
22498560
21003840
17409600
6094440
10267125
86788800
18861570
56500416
89631360
1705536
19813248
60963840
16817112
49526100
1399680
93024000
4561920
49941360
14826240
37778400
14736384
23423400
38384640
64880640
9351936
9584640
855360
30391200
13608000
13095648
23554300
134174880
23461020
38232000
20003760
35544600
4198320
14441976
29795040
63262080
14241920
13892760
51492672
38737440
53415936
46216800
4098576
14736000
42966000
11352880
27126528
82342656
89622720
4318272
24494400
37512448
23094720
29283930
52359120
57283200
36486450
15624000
44155800
57934800
10046592
28891520
64143360
7311360
1612000
8299200
4249600
2318400
104116320
11592000
8358525
18817920
13543200
54172800
63910548
25648128
47736000
47384568
54493824
37255680
55256256
3220560
43220736
24141312
72072000
43056000
2268000
52278576
55398816
17058600
10044000
21473100
55540800
25357500
33040392
19165440
27624240
19458600
47692800
4782792
5948640
35769600
16511040
76677120
58968000
36938880
20347200
8266860
12906432
43394400
30932928
44416512
26812800
18398016
49494240
15977472
26671680
30663360
71221500
7693056
67536000
24805440
10007712
10967040
46656000
8095008
13124160
28899900
26265600
59603040
27819525
44858880
20748288
11007360
6455592
17668800
44029440
95001984
7808040
22344000
32472576
22954400
10810800
13208832
12295800
77680512
4860000
84272400
11321856
5702400
61028352
74822400
39189150
5999616
24230016
690480
51877056
25903800
12896000
14688000
26078976
64540800
14288400
5463936
35661780
38272000
31879584
12957620
78971904
53637120
21805056
14762772
6995160
60793200
33696000
26492928
52668000
15374400
7524000
24724656
35866800
141372000
11905920
29846880
11178000
123448696
34706112
18018000
22752576
17280000
47500992
14878080
97135500
61471872
19051200
35429400
10810800
5395800
32711910
3755808
658944
23748912
20329056
35721000
26819100
12939264
47628000
29836800
10714176
15073695
10102080
135136512
12398400
31496850
1046520
5637600
96235776
17335296
7128000
43848000
9521280
42466816
12936000
22141080
9031680
33829920
2589440
24621120
9648960
10072620
57753300
69406050
33453000
54587520
1531320
29494080
4692240
7084800
36923040
22605440
81417600
67392000
60825600
28195776
15970500
20412000
4972968
6048000
30971160
15196272
34332480
70123680
48384000
12588480
44858240
10369296
35425280
156686400
13598640
2529600
52790400
45000360
13690600
3197700
49771260
81881280
6364800
71812818
1309875
30159360
39584160
34283520
37739520
8933568
11995200
5322240
5007744
19418400
4838400
38043648
11048576
23525040
3483648
13063680
25077600
49238352
22308000
69672960
11911536
20956320
8784384
21780000
7551360
4665600
2975947
113892480
11854080
31600800
22748544
13514592
43309728
16368168
11632896
5680080
13689357
70761600
17515440
46448640
10962000
12927600
5346000
60374160
4561920
7606872
72699228
38367000
32432400
71989440
14113440
37467360
3974400
19502208
39528000
20246400
9312160
60858000
38704512
11244624
6911168
11318832
36058176
25777440
68992000
2983680
57153600
14300160
30139200
24684000
46532304
44289960
44997120
8467200
50386050
26113374
3144960
5376000
24609200
61067520
26889408
6014736
71168256
32792760
74221056
10730880
8464500
22346240
63882000
22226400
9369600
17875200
43352064
39266640
1882881
22720500
18593280
27989280
11692800
34920000
28892160
7004880
80015040
35458560
202346496
72264960
30255120
23998464
2509920
35526960
15168384
11761200
10526760
49744800
11176704
147930624
11312070
30783375
29683269
3619168
118540800
48645360
29030400
57600000
9906624
61992000
37437144
4790016
25740000
5201820
93312000
38646720
6371460
120294720
14860800
32656932
15727920
25740000
48771072
31299840
4730880
66251040
21288960
99809280
1746360
17076960
12355200
31463640
19635200
8985600
3439800
82225440
19891200
14476800
16853760
104628720
47717640
55478016
27760320
17468928
39742976
18252000
24288000
102312000
88387200
11267424
43868160
24569280
20212864
48432384
16861824
1637376
58122240
15454800
42090300
21344400
3598848
15180660
26947200
23700600
21928320
35572608
69189120
29253312
9900800
26594568
118825200
36241920
22988448
2073600
2782416
1324800
14742000
48746880
9356256
27989280
17698800
13065360
14563200
80893120
20154420
52086240
36288000
26995200
51367680
15741440
14376960
50054800
8002800
22952160
15734880
20540520
25425120
81259200
75582720
93350880
28108080
30888000
25142400
13132800
23409000
79056000
7015680
10277280
30191616
5018496
62899200
29436624
30170880
14391000
120384000
21934080
39004416
60220800
26127360
56851200
10451700
43080576
29352960
53174160
92461824
26880000
83607552
7761780
132710400
6138000
76204800
8870400
13786848
23760000
7392000
2923200
65028096
23269680
30481920
63486720
67620000
34689060
20620800
2134080
15175680
64995840
59259200
3565920
30792960
30839130
28844928
7920000
19987968
31726080
5379660
8492000
31026240
28431600
22458570
39695872
161021952
55080000
14617260
25546752
13194720
11210400
28531440
28449792
7857400
56687904
37497600
16666800
54264384
26354160
27641250
21880320
519480
30401280
23322432
33106752
23837400
23011200
11848320
22062600
93170000
43380000
58226688
48185280
38568960
81134592
30919680
10281600
70087680
16070400
26565000
13867392
5335200
80179200
41976000
15753390
18273600
39853440
71884800
84750336
11955200
68250000
20361600
20475000
17703630
22856064
7567020
40049856
10458560
19713852
17474940
60976800
17989920
37453104
11148192
60588000
12784640
5248800
15966720
23224320
4762800
8153200
17233920
12337920
29106000
39817008
18634560
51455040
12130560
94515120
4811184
27708912
48263040
56899584
21932064
56945160
72576000
13740192
655200
91022400
35343000
20412000
25715200
9637056
41126400
68646900
20328165
38422020
16098480
55345680
21144420
76769280
20971008
11324880
42456960
2211300
12474000
37208160
5670000
37902592
6704640
7470837
60914304
42435360
6735960
28062720
28620000
7185696
11240928
43659000
36741600
102144000
8017920
33177600
9820800
34736256
20321280
60652800
39412800
32788800
17657640
10148490
28540350
9302400
31449600
5467500
29246880
54486432
39617100
14359020
53745120
42800160
39344256
9196668
5913648
16826400
700392
39191040
18731790
24541440
26496000
4896000
13515840
130636800
73819200
6945400
8919180
14731080
1961856
20185200
44594880
31441410
63349650
28274400
29937600
53778816
77523264
6889792
23786400
121927680
68124672
1507572
88905600
20783952
13312000
8553600
2070000
45410400
36844080
22993920
54924870
22626240
8171520
22109760
20772640
62995968
3497472
39480000
26732160
39015000
23443840
43796160
4244968
20623680
25179000
14434875
18589500
31104000
42465150
5072496
27320832
5466384
15681600
37699200
14929920
12640320
33444576
45619200
5180224
20785248
32037120
73256400
27511488
9792900
18066240
40392000
63201600
6081075
10290592
42336000
12065760
15629824
8165232
6099456
48724992
8481600
9978606
8632260
64696320
9865800
22550400
29393280
23072400
6265350
16377120
44755200
13711680
5669300
24449040
5316864
14288400
81128250
35315280
15038100
25334400
4951488
54184032
24449040
8207784
8730000
8427510
25704000
12621312
9067520
18468864
15857400
120393000
4097520
7525440
4677120
6150816
51660090
11195712
185794776
17851680
33611760
47900160
2889216
2951403
29157856
39670400
15759360
50675328
67511808
32731776
40642560
3144960
58705920
10093248
5277888
26593920
9936000
20170080
19926720
4667520
7285248
53222400
31891728
8848224
10639200
53258688
54374760
41247360
14688000
9645120
7321104
7519668
24422400
20582100
63740115
25224192
80657775
49723632
15851520
38102400
25674624
102876480
9055200
327600
18615744
26836992
7879680
14688000
21991200
73635840
38154240
13999104
42639872
12988800
32818240
93809664
2477376
12247200
4305600
14170464
25121610
19600000
16605000
46251000
17570520
36550080
7613424
39877002
10936800
7913472
32659200
37627200
26460000
20321280
45527040
137871360
40435200
21450240
15422400
8902656
32760000
51891840
1955200
79380000
16220160
3763200
18091710
19126800
6937728
33073040
43797600
28871100
32698080
30371328
30794148
8031744
39637080
27349056
8910000
11943360
5568024
42872256
13800000
27442800
11726640
9580032
49881825
51744000
17402175
14587020
26578935
20392965
29175552
12380400
11962944
43981056
15298560
45366750
32914560
10524150
6538000
15770160
12222000
33018048
27764910
24229080
7472640
59875200
52905600
21915648
38610432
33094656
20942592
44513280
38329200
6082560
5013960
6615648
28452480
684000
97977600
14350000
22176000
52809408
68880000
33427080
11533764
13398800
12715560
41120898
89193600
13685760
14515200
13547520
7042464
52348800
34054020
58968000
912384
30011520
16473600
48157200
40425840
6692400
25707456
74892384
18144000
18733680
23857200
16804512
83852160
17790160
39424320
924000
28224000
9676800
12879000
4810752
24144000
413712
5034810
7666560
24167430
16174080
43623360
37663920
32849712
17418240
74615040
11076640
17521920
13572000
91244556
46922400
6315120
30110400
35335440
7348320
3931200
25140960
78508800
15876000
37223680
6693360
14844060
20697600
5560128
37514880
25740000
139708800
4668300
6540300
105634368
28828800
24292800
87462144
6590745
42344640
63104000
23436000
28576800
16174080
25489728
19953360
8176542
41383440
54996480
7722792
7022400
24104080
14826240
3528000
11544552
34670592
38755584
10749440
33868800
32387040
28540512
15088896
16808400
14979006
10245312
17150861
37240320
31910760
45341856
18994176
51889152
64152000
43202808
15870780
33421248
16174080
22353408
16209882
70171920
7486864
34570800
4800000
37933056
14262660
12956040
11547900
9271290
19528452
16726500
21033760
39936000
58579200
24948000
31231200
20563200
31629312
98841600
33959520
16262610
13708800
24547040
14784000
23884000
20077200
5702400
23473800
26280000
3229200
78217920
22672650
39312000
10231200
40128000
27442800
45416448
13309056
20492736
16867200
31026240
15504000
10266000
18751488
56448000
38652768
16299360
13132800
66392480
28080000
24191104
87091200
107659890
69854400
61901280
62254500
7838208
13542540
22404096
19688832
28933632
23856768
27156480
17856000
83904000
46558512
19828800
41702400
95910480
62733825
18779040
55987200
2131344
24772608
64991808
25076520
3088800
17791488
55708800
88704000
12379528
64074240
41472000
87736320
12804228
37013760
12072240
18156204
74833920
12680640
25552800
32348160
4278120
38550456
23369940
52757055
5517540
15926960
10230948
3346776
27518400
55756800
50552832
15120000
26577936
69825000
34667500
37635840
6259680
8193750
49555800
30046464
18537344
34439520
25270560
54432000
26183808
60537600
1418928
49153104
36052992
17523072
9266292
17772480
1652400
11642400
4904200
7261800
15595200
28583280
52684800
90928800
6175260
26611200
5160960
29030400
42126000
71037120
13646880
16679520
26853120
16058112
15102240
19854000
9081072
38586240
63382176
18742500
24495408
6580224
2870400
60372000
45505152
5285280
18972954
14207424
6720000
33630660
7091712
12337920
18472608
5616000
33415200
23104224
17588340
49152096
26052192
38235600
23607936
17192448
31640400
15785280
6048000
8730720
53222400
12700800
26730000
17884800
4369680
7008768
16699392
46448640
5598450
27956544
10753776
20014848
42768000
33814200
66509100
9380448
40032432
3446784
12348000
46137960
21007350
5184000
11236680
64033200
13931712
87091200
50544000
6126120
23313906
26548200
4827900
7890176
44142336
8631000
12249600
42768000
21277080
34393632
17340000
20756736
43623360
10483200
31530240
87040000
39686592
37225104
19880640
8213760
7983360
67495680
27648000
36458496
20579328
56862000
55656000
101712240
15595200
26082000
42336000
9720000
15973200
52918272
10080000
15325200
5594400
19686240
79768080
21403272
52581600
34421760
26046720
109734912
117936000
55836000
21591360
11329500
11849600
18895680
34896420
15653664
12964536
45096480
99939840
14660800
24321024
29736000
7756560
30280800
14333760
38994192
58226688
50761728
43110144
15997968
7459452
5920200
13499136
5634684
10326528
1270080
44774400
9395424
5870592
74649600
23008752
71285760
27593280
9878400
85377600
30974400
15890688
61992000
31116960
19370880
12130560
24463296
28589760
60432372
89006736
6406400
28569600
17951808
4717440
8211456
4752000
15212736
69189120
36998208
42194880
2612736
41988672
22366500
21243200
23429952
39219600
23152500
13478400
53576640
74908800
709800
1788480
23042880
12594960
28896000
16796160
1449216
2694384
32659200
26302536
25712640
17735760
3817350
1523340
11126024
27276480
31328640
61236000
9399915
37065600
18361728
110322520
10929600
86733504
27720000
14229600
50083488
24690600
20462400
8674944
6814500
17153200
68767920
21700000
8883000
36100740
33264000
4642560
12723480
7153920
29160000
33836400
37860900
18458880
49554960
23265792
17236800
6115200
28665000
24460800
66198600
20079360
4392000
25509168
33745140
24987546
35155296
54153792
13646880
1260992
696000
127008000
20778120
8639352
13812120
2558160
3285360
48988800
3375840
4862442
6501456
77293440
83456604
52088400
2439360
16598400
15259200
9976824
17915400
36220800
47913600
3363840
74250000
22649760
4435200
31046400
69400800
61248000
20069910
39055104
6320160
33072000
33120000
3161424
73214064
12223680
25502400
37156320
30847512
64512000
37635840
3815100
69984000
32521905
12247200
35568000
28200960
14431725
71812440
22038324
2517156
10267740
31470208
8398404
29968092
20646000
20958750
50738688
26473230
5426400
11632896
35349600
14348160
28416960
75328000
25308000
10767120
39626496
9827328
91990080
57657600
10663104
13204620
14447160
3940496
97492500
27086400
52099200
13063680
33000000
36352512
3354624
22044608
1568980
46478880
45007872
32076000
39652704
42997500
6510240
11577600
17388000
4745832
86404500
14517360
42287616
26542080
13055904
88358400
16831584
43288560
37759176
1631610
28828800
70761600
21422016
73483200
56609280
10703700
28973700
16796160
26282880
40544280
10344510
24046848
58060800
372060
20224000
8505000
28693440
41469120
25090560
1241240
36578304
806616
10689840
20542025
19160064
111476736
8817984
11842200
12026070
4664880
16793280
13977600
9999360
29403000
99532800
10036224
11575872
17856000
56105280
32348160
78564640
9432990
23803200
31933440
2857140
34292160
82328400
17875200
20412000
38068800
14274288
12714624
20901888
43673014
13213200
48522240
19792080
45577728
29074500
5482554
13776400
135021600
6138720
20540520
10487880
44928000
38247552
39699072
120268800
4989600
13860000
48600000
75675600
29028090
42318720
46104576
33644160
12038400
34776000
59097600
84420000
16125480
40174056
11233440
21326976
37806912
46725120
5859480
20878560
1536768
16096320
17280000
7440552
5227992
8893500
5075625
2672640
18432000
8763040
22906208
42112000
103926240
7948800
23272704
12038400
13837824
52700544
44308992
22257612
7507500
9075780
33909120
6781320
21428680
17035200
23558832
77220000
55944000
39165672
1375920
6179976
44906400
9281580
45100800
73483200
55618560
11211840
31342080
104227200
11522304
41110080
15695680
13513500
40368000
55123200
13131300
50050560
60328800
20160000
15579648
54587520
34898688
15095808
34797600
45841950
27540000
26295192
15971200
7452000
2903040
23094720
102900000
22825935
5616000
31046400
6276400
11610000
27240096
16836480
7534296
30512790
11761200
20342880
1458000
37784880
71383680
6170736
9313920
28800000
46808388
53352000
8846592
20973680
7325640
30835350
39703552
134369280
21772800
34872930
119334600
51267600
7343388
97161120
10771200
5056128
41983200
15855840
52785000
32693760
101590720
12972960
34569920
7400250
3168000
124113600
25420500
12199200
24541440
12526416
15422400
4885920
21697200
48114000
11331180
32054400
1115136
12083400
19329408
1975680
10703812
150958080
5661054
8769600
7445568
36697500
16385600
19066880
6846840
18730656
46182400
6476760
34528560
38697984
55883520
49156800
25137000
37711800
2576160
90316800
5512320
49780080
26990832
66366776
52468416
31317440
13590720
9744000
50050560
27989280
43656300
8522640
38223900
44245656
50949360
8569152
10946880
9980320
9049320
56582064
23390640
16839900
40642560
17005950
33247872
29304990
32890200
16272000
4019310
25600410
73062600
17222400
30920960
15233400
7424000
28702080
10186560
41373696
7245000
58181760
48660840
11553024
33883920
41418864
30551040
8201616
23677920
41902080
3391488
81510912
17521920
9694080
16601200
1093680
17606400
34992000
58060800
9102240
10153368
31521960
10758240
8421960
67357575
10752000
56271600
9216900
4642560
106352640
12767040
26180000
17010000
12096000
71406720
22003200
38763648
83160000
15797808
20582100
24452460
32728080
63126000
63954000
42900480
31921344
9626760
24645600
16588728
91756800
19106820
24418800
31261020
17518200
16651320
24168375
6205680
9009360
2863080
19446532
38114208
23040000
5287680
21384000
8517600
55351296
10358400
2433024
68753664
46995165
2051280
351900
15033600
50949600
14656950
39198720
1481760
9584640
2576640
12108600
32279940
54600000
12870144
13860000
27190350
49213440
46335744
5355136
5890248
44153100
35486976
18900000
13820976
6408612
20881152
35094528
72551700
18297440
176962500
12723480
38320128
42981120
11358720
10924200
17010240
69431040
46759680
38232000
12528000
34133400
141523200
72384000
26732160
26692848
94058496
6138720
153014400
22725000
47251512
79626240
35251200
7547904
40320000
148416840
24826800
32739840
23070528
1459200
124104960
76032000
48048000
20756736
23328000
39972240
17756160
12604800
43320420
12197952
2135484
54684000
8304900
9916830
21284463
7128000
30067200
63186552
3402000
10927872
35078400
59940000
6462720
17288640
28179360
49392000
6804000
9690750
5483520
28942900
43904000
24249456
23443200
80586000
33276096
11783640
56410200
5601024
8975232
23961600
1417200
33914880
82434240
25473600
14450670
115240320
31489920
2592000
28910448
23523248
21921030
6894720
37966320
78926400
2049120
25718784
79348248
2601720
28304640
60023040
36771840
16498944
27192704
35481600
96480000
21954240
15079680
30073680
1404250
10444500
5467200
34368750
23580480
33592320
11576250
82978560
50181120
1911168
39610944
48818700
6289920
59866560
28413504
38413440
7182000
8640000
40431440
29030400
109734912
19532448
49392000
18925368
27111480
15422400
38704512
28718712
74995200
22934016
49882392
84375200
14055552
6848640
23990400
13800000
13315200
33172416
4132800
90352800
3318000
27459000
18545436
6062364
21669120
26986752
22963200
21539520
96532800
1338750
1309500
17375232
19183500
10236600
39679200
47628000
15244308
51212700
66136500
23674464
49863600
35033600
70436520
32104800
8164800
7047000
52320576
51408000
52305792
14035680
13771200
1161216
64566180
11590656
45214848
33022080
7983360
20736000
18869760
14200200
1771770
21384000
22887360
46534488
20459520
20571870
5061600
25898400
2851200
67392000
3034512
6376320
14208480
5585580
21657600
32992344
4598880
4004000
29030400
6410250
13457340
864000
33359040
5046272
4917900
67200000
35852544
62415360
72235800
26073600
7511616
51367680
44236800
67200000
5054400
17697204
80443320
144144000
33929280
4307040
14440608
6531840
3880590
9032688
17652960
57600000
8854560
53298000
23052000
2585088
26611200
56453760
1449000
45239040
76590440
30917040
15603840
40000320
141576000
33208560
13759200
56407104
54432000
27125280
67737600
61931520
53551008
47116800
17236800
887640
57915000
30900870
19972800
48093696
30553200
6371996
34432398
49469056
13547520
64137216
36138960
12762321
5757912
18381600
37366272
116928000
6721440
7022400
6320160
36142848
60948160
46656000
8135640
103337584
43005600
3852576
18506880
5658264
6586272
20829000
17657640
38568960
21759192
5840640
4022928
4534920
45731952
13593600
8640000
10036026
8547000
15989400
25878528
119707200
42542976
45859968
9219840
44928000
59459400
26796942
8055936
75264000
6586272
51749280
16017120
29652480
7555680
84342720
48522240
6531840
30735936
13949496
19411056
3248640
3722496
17658000
23646336
26671680
16184784
61372080
12183360
48345120
7511616
4303200
21187008
14696640
64046592
9187200
12715213
7387200
10867500
34791120
48384000
17035200
27988350
11430720
20386080
9304185
71208720
3827200
37255680
25280640
18482256
62946240
11277630
46980000
2121504
40181760
17625600
111767040
156776448
68428800
7047040
6245415
2672640
88830000
11718000
9405000
61472000
9525600
22544640
42806400
9631440
70156800
39536640
6266880
80947200
26943840
50155200
17619840
36691200
12661020
8187720
1340640
87403680
63148800
30551040
2620800
5092416
20548674
29548800
4865400
89413632
63452160
30835280
23205000
16405200
54001920
12096000
12236400
146593512
28089600
1944120
13063680
67267200
35804160
21991200
17176320
2675400
16722720
80041500
6846000
65122200
55520640
15759360
4767840
28221440
19272000
30356280
36818400
23002200
2405704
43164576
139829760
112803840
27556200
2932800
16329600
68428800
25488000
2342592
34496000
21081600
95040000
27030360
41469120
31159296
64125000
4318920
14165760
37939200
6030600
94239936
33359040
23760000
47087040
85610844
53706240
40432392
13006224
12233088
26046720
107039520
90359920
16216200
4636800
15681600
20057856
120700800
48294792
2833920
12979200
36590400
16634880
7256040
16900416
31857840
75718800
8524800
14743080
6185280
5140800
22915200
29145600
20180160
20329056
11498760
17010000
8284032
31046400
39522600
21340800
1035504
15513480
29517600
11428560
12798000
35497440
38362896
40656000
31736880
16737840
23464080
7931520
67858560
10977120
9680000
12925440
67184640
23328000
34040160
41240640
52743600
25909632
11933460
21246192
33601920
38340000
1270572
28457352
55246464
11457180
31657200
64696320
63825408
38707200
60383232
37956600
32659200
8958000
15966720
29858400
6588000
30093120
56070000
17134065
61995780
15410304
9720000
5238000
21047040
11967912
41577536
19353600
64229760
2164800
19245600
110592000
12357800
8404200
32313600
30373056
29969280
5898816
36855000
15120000
13680576
24462000
4626720
20638800
17775450
21485568
41990400
49704192
27600384
36281520
14907200
66369600
18295200
13478400
10445760
8326560
14797656
35707392
9374400
2016000
60503040
17684838
76068720
44472064
15759360
58426368
15609000
20103168
77523264
16685760
3829540
76158144
23423400
23328000
66662400
47628000
10725120
40590000
25375680
44906400
57024000
5443200
15273720
27363744
53887680
43263360
26640768
67564800
15662592
37367400
6572664
28440720
21930480
45100800
15069600
29343600
26404560
80439480
2031040
5896800
36114624
15983520
72129960
30618000
21178080
53902800
42777000
100761408
66163500
13613600
20982500
67420080
14515200
17428320
18686480
9718016
6627240
16380000
52794720
18030600
1286376
53343360
17418912
6220368
2436480
127769400
23224320
75177396
21153600
13497600
15752064
7270560
3855424
16680960
75524400
72441600
31590000
44909760
10359360
85260000
9779616
43429560
5860512
31416000
17651844
8062208
47780880
2910960
85377600
27347040
5311488
38525760
20684160
6918912
62407800
32841450
11321640
3369600
27343008
23497600
24053760
17756160
96526080
4948320
73152000
6800640
49818240
41233500
47980800
16597152
21385350
41013000
46137000
34836480
64447488
8566470
73920000
129300600
5964530
27702000
30760240
8985600
5955120
13062528
13789776
23789700
28274400
24624000
36288000
2005640
23151744
3701880
116388000
59763200
12557376
3064320
49297248
30293760
3197600
4581738
12432420
42472269
7021872
2546640
5419260
43360128
11399050
6096860
83084400
32503680
57125376
8266752
30287520
52747200
18323448
4386816
15365376
6950048
6648840
12450900
10200960
8131200
58335552
4874583
16057440
18966528
47653200
38828700
76377600
15247560
27454050
30618000
58212000
3628800
9623880
81716550
70041600
31788288
12446720
33248384
105101568
79035264
2570240
16174080
31815000
26535600
7761600
34836480
21114000
21518640
10137600
50388480
46569600
2897920
15225000
7969920
67943200
29130192
6048000
7620480
10782720
57465408
17915904
60412800
46738944
26780544
87609600
28005120
10518144
2660931
38697750
56070000
10812672
56833920
15065050
27368640
27168372
1960952
57344000
70136640
8035200
28259280
18240768
4700160
103590900
40473000
1462272
18284544
16119504
26133504
18195840
61286400
24249472
49248000
22569840
154154000
7128000
43110144
8004096
21797100
17656320
2501730
7555680
10325392
36560160
82978560
25920000
17841600
18380400
21757824
34852194
55724760
11901120
38102400
13335840
15069888
5479552
11322828
20291040
26162000
57456000
33552000
32432400
16876800
33558624
125096400
9720000
47511360
39813120
22399200
9311200
6472200
10192000
25369344
53437440
65596608
39166470
9144576
37933056
21628080
3069792
12370176
52214400
37449216
90086400
1042314
107012400
19388160
23907114
11645856
5921100
37497600
22680000
43944720
2410560
14774400
44442216
6771600
41513472
10624768
27331920
29816640
7196658
16805880
26341200
8788990
14344260
32195556
10416000
14112000
55641600
67175472
20540520
14332032
9026640
10090080
41291712
14784000
14826240
13160448
29302560
112995000
54489600
26521600
76602240
49412160
22358700
32748800
143513370
6796608
116294640
10824192
8157184
26088480
12113920
4560192
7449400
38765790
61931520
32200000
38384640
37721376
33252480
43545600
9719640
11711385
114244560
27869184
38666160
8655360
8648640
64915200
31263360
20528640
42697200
22997100
15912000
4242672
26967168
31726080
98007840
84049920
2912000
17498880
13127400
11059200
10513500
53071200
71688960
11660220
9141300
31680000
2662200
3939000
127217664
30697920
41223168
42378336
28378350
11232000
15611904
14320800
31839318
74256000
7711200
24883200
100077120
11819520
37171200
14968800
28291032
8398080
41054250
69619200
33660000
3697500
48577536
6387750
56557440
3032640
7056000
32717520
12456864
2705076
36132480
13904800
70326144
13103532
12925440
15391800
12054000
30870000
10913280
47738880
5877662
5370624
43680000
38301120
31758480
25754112
52002000
2427600
47110500
6238320
41127264
6795360
16405200
12414600
967680
29937600
26568000
116424000
23802240
83280960
11103750
10670400
1185408
173107200
5324800
13208832
29561700
26511840
36655740
35305920
19793280
15206400
2163840
9591120
50336000
37731840
21908880
56401920
83128320
2131052
124614000
22872960
5345028
47592720
11793600
24780800
26414586
18416160
53343360
28385280
30186000
22552200
33892320
91660800
41126400
4971456
105743232
12240000
39944016
3627120
63834750
12188880
40748400
15559632
23178960
21865536
15921290
8304849
17216064
26308800
22790592
1298304
18014832
69092352
50988960
29179800
9719424
34406400
21067200
9466080
18265824
7967232
14931000
33177600
9942192
39398400
7348320
6519744
13970880
4511124
11711700
84588000
35930520
20335000
17971200
8347248
65395000
47044800
28646784
23899392
24613680
14515200
32659200
13571712
79704000
6985440
4838400
21216000
11757312
72969984
3619200
18969600
10575360
4054050
23436000
9275904
31334400
19916928
43740000
33073920
56360848
3088800
21860640
40859500
22572000
13836900
57585600
28080000
18532800
78086400
83810160
42506400
29393280
30792960
3982500
15582375
81648000
21318000
7802624
109933200
23115456
17952000
35026992
20136960
38491200
8045325
8723652
5597856
10457748
41397210
10654560
39346560
33462000
7146090
30481920
4560192
2408832
7698240
71111040
86940000
34651800
38391360
30571200
29338848
12910800
50592000
51838080
37457613
33177600
28512000
3951360
39191040
66679200
81607680
2981160
11852358
12936000
21695040
30568216
10483200
10303524
49658400
45581760
13547520
18470160
6456960
24494400
22256388
55641600
21461760
17582400
3533139
23351328
176745600
56286720
24265920
35622720
3760848
124113600
3184704
42411600
57673728
49600512
20684160
11651040
39651480
25704000
831168
79704000
24385536
53946000
71884800
5440500
37572024
12528000
37867200
19492200
19686240
31319350
28514304
23783760
7392000
18662400
10164528
14891904
13823460
8268480
47900160
5913600
3813120
12305986
36192000
17010000
43545600
2332800
2605824
35343000
6386688
46080000
23901696
53438616
8895744
12700800
132596352
86067200
6607552
75075840
65691360
27984000
24086400
34546176
11284000
23108085
7647120
5536512
129548160
6984180
4276800
12686688
5686200
24710400
24196968
45578880
6488988
49486545
8226000
21265920
49412160
36720000
56028000
31505760
60825600
25440800
14676480
47029248
50542128
57280608
67931136
13363200
107827200
12559680
52008840
95405688
75168000
52617600
52173072
16773120
119466900
9205840
413952
8042496
4176000
28553472
10119720
72324000
103721472
53879904
107517375
5928192
36590400
30326400
78135400
29279250
162570240
4188800
11489660
66310650
31186944
4861440
7103376
32832000
11938080
42436548
10886400
29211840
23096880
42768000
15163200
22179360
34950000
10012912
2302668
16641009
21141120
1694088
35980280
12234240
3821664
77157360
5472000
12830400
11975040
6082944
32155200
5945940
7277760
7229250
1236664
9703980
3924450
24076800
38732400
11329956
34388200
20334720
9144576
25768125
35380800
18213040
156998400
881280
51528960
29804544
74985300
90720000
3085440
9715200
31930200
93744000
115668000
13080600
15446340
26751060
23950080
9729720
26732160
69854400
39191040
12241152
27394560
39744000
16086114
8717940
4860000
9918480
13789440
3557400
15011640
9616320
6640920
2782080
40134528
42042000
102148200
1892352
8967840
48484000
11232000
81285120
167344320
13436928
26948250
23113728
119218176
12182400
36603000
19580400
27420120
12954816
15288000
5135400
6057440
19252800
21565440
5715360
1354320
57238272
39168000
8738280
12525408
21600000
21144480
62856000
115718400
14389500
15331680
23753520
54554472
35060256
16499700
8005536
69431040
5652000
5287680
11243232
8718192
8070300
21584640
38438400
34738308
13281408
57490200
5292000
2592000
56202000
81727800
9720000
19160550
23063040
25194240
15874560
25235760
17571840
45426528
23224320
39060000
9840138
5613300
8236800
6992384
24897600
17472000
92689920
38707200
20966400
10756480
35380800
9784320
11625120
14757120
5987520
3955770
40524484
11372400
18204480
29859840
37069056
15978160
1965600
12925440
9328000
120294720
32348160
31046400
36619128
43723680
25213356
13219200
66957520
25936092
9374400
6666036
37305360
32668800
18475776
55000000
9792000
1086800
34007040
46379520
48686400
4791960
29376000
22852800
36036000
53089344
67184640
22014720
15390000
34594560
37864320
70921620
9297288
76991040
161663040
14121888
36504000
22050000
239292
1501500
2533440
11577510
10987200
49381020
19727400
32959500
52157952
23832576
9763200
13335840
67818240
27692280
35312760
39580800
22453200
9180000
58899582
89119296
1616976
31850496
12539648
34292160
103420800
81607680
51830730
81793152
64617000
21542400
93477888
26046720
16070400
8339760
11854080
11235840
7344000
61286400
9147600
29835000
46267200
31684608
15552000
3995376
168058800
13891500
10850112
74850048
35985600
23911200
10494000
40500000
14288400
8820000
44111760
29272320
28943928
63002880
15206400
37350720
11887200
65856000
36241920
53639712
6673212
115940160
5664816
50688000
20570160
90574848
22208256
20321280
21725550
16395480
42928704
95800320
7680000
6773760
7938000
8662720
10928320
67748400
19094400
22842864
25804800
41823936
76781520
5937120
24780800
9328800
3351040
28810080
8373456
16372944
89160750
14361600
28576800
4942080
50667903
11324280
17091360
21081060
5935104
66908160
194918400
14515200
22358700
130291200
2894892
71446320
16854480
16848000
18506880
1808856
97977600
16889600
8574720
70115040
8640000
427728
36277120
45405360
92315520
2557440
35315280
14539672
17001600
53978400
69723192
3149280
89660736
70519680
184628160
10869432
7547904
16320528
16970800
6132840
11505648
139901580
26489400
100548864
30633309
15975018
14172480
30643200
24924960
49140000
39298560
62506080
161740800
13300560
4880700
18662400
59146240
1208064
22992840
10693620
7242240
3225600
75085056
57879360
39916800
80481600
12876864
17014536
91022400
11664000
5894784
18824400
9645075
36197280
21464352
66157200
8855730
37992960
2992248
126360000
16302000
24591600
8432000
29352960
22462440
3344280
17690400
6081784
31026240
8517600
75523968
8443904
16470720
27600000
20151936
28237248
53180550
11565180
15860080
41148000
85464720
14472000
12992400
5367512
63756000
10197684
13328000
55248480
18712512
23470080
13709088
50319360
19008000
2968608
51438240
23116464
8628480
138915000
3628800
4013100
6737940
31187520
39443040
18345600
36480000
58605120
9622800
19736640
14560560
6440000
11894784
46656000
11877120
6424440
54300480
27872100
117542880
31311000
45571968
6789600
5064640
5390280
6626592
44432640
23328000
2836800
53982720
20044800
12700800
13167000
3815240
65250000
37882080
30996000
25054272
12101040
29282304
31185000
5832960
31037580
24874500
24713100
17332224
9999360
21732480
891072
13630680
99973440
33264000
44628480
41003820
57148416
8890560
58705920
81285120
1512000
3157056
55165500
9389520
30965760
14968800
47674800
20412000
31552000
17740800
32192640
37778400
75900000
13899600
5745600
1237405
9838080
7539840
15069888
35246400
10936800
70024500
4065600
32143650
4313088
48708864
43868160
54410400
18451800
17282672
25427520
30481920
15112944
12673920
4212000
30432000
23030784
18954000
18170880
38401920
57153600
11466000
15287580
29028384
30925800
12877056
28168560
17424000
6451104
66931200
6967296
11022480
65488500
83700960
9856000
42577920
16949520
9370350
27181440
28054026
71042400
69818112
25724160
8666880
11366784
59241000
33441408
72576000
50017044
21168000
6713280
46977840
10423296
2276352
39204000
13699620
8142336
8398080
2905632
43035300
25945920
40711680
10710000
14169870
7779240
70171920
71124480
91808640
42243840
19721520
13708800
11243232
114047892
14149632
21288960
110250000
65448000
33593292
50644440
33868800
15305472
55123200
11784960
52509600
23916060
25920000
10954944
177847488
6264000
87127488
80547840
97240500
8467200
66096000
30792960
31288320
10725120
16543440
21867300
10771200
75442752
22619520
21237480
4326336
27556200
25090560
82114560
36495360
15668640
3916800
47628000
14452200
36391680
23587200
57268800
3102320
33158160
57542400
71884800
24761856
6893100
22643712
41320800
69400800
69829760
33868800
16765056
54169500
2340000
24978240
64465632
9850140
5289107
23079168
1285632
24161760
103229280
23265792
887040
14999040
19331040
48172320
55085184
81681600
89591040
14176800
25038720
108864000
21228480
87091200
2673216
55237896
55628352
16096320
42336000
9817500
40886208
28576800
61205760
62516480
19585440
46621440
80870400
16705920
3966336
39268320
8656128
11063040
49104000
2822040
33145200
34964160
42283080
47203416
27759510
62455680
10506348
45619200
14192640
34606000
53703216
2831808
15326784
8316000
23115750
15966720
71270400
13683488
64054144
12834000
12400128
38966400
36088416
27216000
26762400
13827240
24482304
5691840
106936200
41642944
64915200
12441600
42777000
5754240
44217600
58164480
7872224
29804544
8262000
46048002
8698560
34731840
73941504
66539520
75116160
8318310
64297800
33339600
42467328
38769192
11042304
116574120
65318400
16547328
12026880
8835840
26932500
38979648
26768896
35272800
4678560
44339400
17381790
4239360
25758000
41932800
13023520
13806720
96577920
20956320
42751800
7979400
6007950
10378368
57153600
10272960
13219200
14911680
5443200
58825440
24024000
14458400
61161408
66528000
64655058
24208000
19584000
49597920
67144896
20686050
172497600
4990230
5503680
17662320
9117696
4284896
7490700
38503674
27216000
21621600
28638720
713664
13305600
43468656
4776856
92400000
7848900
31104000
24733632
20160000
14784000
28452424
4723488
19228000
26532000
42474432
32432400
8262000
11823750
30029616
57788640
40824000
13873944
48867840
58931712
6585600
42672630
14918400
36088416
30935520
61236000
15676416
12594960
51049440
42429024
5886000
13996800
94348800
36034560
40279680
23019620
17641728
9515376
11467008
19353600
18720000
5136480
27138240
15163200
32418750
19203744
18120960
23761920
28183680
30164400
15257088
8807040
2129760
8573040
22010310
4202100
20321280
12484800
33696000
1835008
8255520
4817400
41361408
15307600
5327532
14904000
54120960
42292800
32760000
64157184
53202240
7174440
86144256
38533248
149385600
54540640
56558304
11430720
67790250
18073800
6403200
8981280
2196400
9963000
41439744
11077920
4132800
14097216
34480250
22413312
13685760
63068544
4531200
9879408
83076840
33147144
23121000
27095040
50363775
16988400
23317200
9547200
23124717
9290160
61305552
12921216
33546240
47713050
47117700
14220000
7668640
53747712
30294000
104799744
99000000
26114400
8511804
11651040
25635456
11364752
4197960
24952320
53552640
20362500
9626148
30844800
3917760
29704320
151165440
4402944
33561600
6508800
3876000
41857920
6955200
16174080
4001400
70156800
45341856
3863808
63030240
12553072
83770368
19459440
44209152
9244200
66679200
29548800
15894144
13608000
37640448
48000000
34872768
26409240
6986784
21772800
84369600
3833280
11721996
60607638
82675008
12494592
34800480
42986700
28089600
125798400
11716488
58267566
55987200
49412160
18207168
6966000
826000
28684800
10988460
4977360
13533408
89884080
9400832
2286900
28547640
31046400
4231680
3024000
14683200
27527808
27648000
24514560
64774080
65726640
15985920
35872200
116831232
19293120
2411640
3925530
12929280
22572000
18522245
14824800
13737360
92448000
64646400
20013840
7951104
36494752
19051200
4213440
14528640
28987200
3875040
9178368
7603200
1829520
35650560
52920000
11844864
13167000
33965568
81526500
28749312
17902080
27878256
50595840
39420000
5909760
35479136
36038520
16718400
40914720
80510976
19066880
31320800
39075075
30136860
25992000
45309600
15570432
54123600
28685664
19821802
73156608
34534080
23814000
50295168
38707200
75019776
24547050
22132992
28576800
111449520
36840960
19108170
2494800
8362368
10454400
35640000
66992100
1447875
9287424
59951080
32659200
59304960
76839840
4811400
9137232
15897600
5613378
91638624
32815692
7399350
38498500
1142856
25004700
9141440
8688960
58178736
16727424
56628000
84514752
3386880
13138048
18330000
9997344
28125000
26542080
6600000
10756800
37095408
21718368
40996800
9424800
23141376
2594592
49268736
61378560
33191424
14938560
14288400
5702400
93182544
28886304
15166720
156854880
35240352
85536000
18317376
21565440
52254720
12828672
74759328
22333920
11280384
12640320
48633600
36191232
7096320
8538255
39984000
2284800
94348800
37920960
6123600
2177280
24456960
30844800
12138525
42480000
66718080
19288368
4672512
44506000
56918400
68040000
10342080
53068176
5840640
8899968
3706560
48771072
18644640
37785600
40521600
544896
5456640
6048000
21228480
85349376
2320500
17640000
10391040
18373320
9093096
97251840
82026000
10378368
7812000
72216000
47848320
19958400
67668480
38610432
35831808
16236288
20831904
69811200
14188608
18856800
7838208
7425600
35838720
10084536
37215696
159645696
26744400
58786560
54412800
40142520
37160640
12265500
15120000
8065980
5773200
25894080
13629440
14648445
8583300
13879350
11197440
99445500
15833664
9676800
67777920
7920000
21772800
30067200
6077500
60963840
60834400
16251840
52065000
19271700
30888000
20386080
9886500
24312960
7864320
14357088
6773760
32514048
12122880
23554800
11642400
11211200
47882016
74649600
18864384
23184000
14805504
175271040
28108080
9856080
65391300
26732160
20490624
24548238
7257600
45722880
44331760
5806080
46835712
5280300
53071200
15724800
21098880
62015184
36723456
6096384
33633600
6275136
16797769
12134850
22394880
65091600
49805280
7800192
5648580
66000000
9979200
28503090
37675008
47573568
20703600
106404480
11862144
17962560
95256000
1929312
67915584
88646400
13313784
13374720
27331200
72360420
9448320
19958400
4356000
21926190
19227600
87141600
56434560
9953280
18724608
702240
60507408
3290496
35804160
22032000
82399680
11020800
23587200
62608000
8812936
6751080
43779750
3267000
27567540
12579840
20462400
67100544
54172800
6191640
99012375
22732800
16329600
7118280
83683680
9652608
17452260
54067200
24494400
6756750
24595200
6426000
28579200
11531520
12441600
28919520
2975544
3412500
7050240
8602440
2727432
77271480
41395200
15571920
10256400
10652796
15494688
4531464
56635200
7425600
12147840
34930170
73094400
67060224
20632320
15094520
54349000
74638080
19246500
52800000
35446400
51531480
40856400
22579200
156999920
25920000
19262880
11943936
35484288
16212000
13208832
33403776
6734826
17640000
8422425
58351104
51291648
8517600
69070320
17173440
17477460
44634240
28667808
26943840
3538080
35409920
5702400
43182720
25730250
173408256
41280000
4781700
22802560
17820000
3818880
53071200
10147368
10332000
13167000
42620256
4741632
46224360
49294980
19839600
2676888
14190734
16661700
8127000
51362976
5387148
10886400
24002325
27023040
50293152
31148460
21928000
18081000
20217600
10161774
7862400
48787200
55520640
21818160
32600880
21845376
46046880
23987040
13840000
19095912
20989800
10174752
4912005
90574848
29548800
19992000
9273600
56057184
39517632
38464608
12859200
48216000
18183825
21450240
19391400
31817968
19768320
14880320
81285120
69189120
8874360
35550900
22680000
30115800
19186200
61147548
1888128
13063680
37551360
21344400
25587408
97330464
7001280
22533120
8347248
131261130
21248640
37422000
19958400
19430400
65318400
33718272
64223280
