39009600
71809920
12274416
8928864
83825280
21621600
4670784
37908000
21818720
19388160
24626800
24192000
2864160
17852400
34863696
8985600
63160560
31079808
11768640
92233680
40213600
28350000
14120064
43953840
35380800
15797760
57953280
32130000
43819776
38662272
52239330
38968776
19994040
23450616
6220800
15410304
53084160
23065560
46241280
9416064
12012840
16146000
22096800
74649600
49183200
17385984
40940640
9355500
31342080
88358400
76854960
16220160
4471200
47980800
50349600
3594240
23054976
39916800
11822720
8527029
17625600
45714240
33359040
30340800
10782720
6998400
23603888
9821952
13173264
14051520
9093600
124502400
12414600
29858400
19459440
26091520
37333920
18401310
40320000
10743354
22982400
19459440
40007520
16909200
11874240
36995400
47329920
19363344
41210400
29030400
114671700
19192320
73156608
16765056
81694656
22145376
29937600
11902132
39813120
55036800
30792960
24710400
32313600
10206000
90599040
11640720
22086900
27648000
4408992
35343000
18699444
83098224
86873472
11826360
2836890
33652416
12072240
29261232
7107300
20621952
23612904
39774240
11761200
22604400
6519744
47848320
31425408
118972800
39615840
7115040
3312288
28304640
87405318
28400400
38062080
43745856
5132160
38707200
29338575
10910592
2759400
132269760
3754800
24548832
17962560
11491200
23109240
29785968
19768320
15259392
21745152
47001600
6368544
55151460
4840506
112717200
7928928
27846000
10483200
100751040
14796288
16099200
8705664
39463200
6969600
4990464
51597000
6087312
7076160
8026277
22113000
2143152
24336936
9300096
10892700
16179240
22924800
5824434
4867200
18045720
18283320
42204240
18860688
29747250
5343360
4126224
31285440
61900800
57103200
2171520
13105400
25439310
6253200
5654880
26611200
23063040
10405584
22863720
32869200
36366720
13305600
16689240
16208640
58958760
20466432
30979728
10295910
20966400
4091904
24299100
9116352
33633600
7799484
5585216
6899256
58213701
63221760
66585600
62600175
7418880
12640320
42900480
1827000
5898816
31046400
40435200
80262000
2492100
54875394
47258640
47996928
31648320
32457600
22135680
19404000
10368000
24837120
23819400
11757312
16773120
44991180
65016000
85363200
11329776
24312960
13338000
60463260
33540000
14478912
10526720
5083260
9979200
13579830
57448440
42336000
74186640
13789440
11372400
44008272
9248256
22702680
53248580
4624884
81209952
24226020
11819250
39029760
52631040
10656000
26943840
47165625
65052000
7734824
1788480
10133760
5268480
24545430
53329920
12693213
27556200
8108100
10225600
94431744
12130560
40320000
48988800
46286856
22050000
15278490
61471872
6127248
18450432
46657350
41798400
34178976
46062324
55936000
68850000
3201120
65318400
11529000
37047780
51861600
14531328
18318300
11713464
24696000
7278768
18144000
19780320
10886400
50947200
22432200
14508990
9871360
22328760
7833600
16817760
27202560
41504400
33153120
6002304
61501440
8892000
30254400
122083200
65318400
63190400
22071168
25660800
586432
23234688
114608000
5795328
21114000
61152000
100336320
48580560
17050176
35206080
21288960
22256640
41035320
59377500
7916832
85226400
29338848
10418688
14026320
6350400
68739840
47637450
5857950
14662296
66769920
15356160
8570500
14893632
7665840
3731160
11352960
14047488
93312000
34444800
127915200
53019120
19051200
9543744
40471200
3075408
57417984
19323360
29376000
16748160
20139840
43311996
68211000
37149840
33758208
44132400
1231200
36293400
19599360
5935104
836352
13219200
60192000
35435232
29359200
23417856
19768320
41057280
33352704
10015488
8293824
36220800
138945024
13996800
26438400
4500000
32256000
6156000
20991600
3898440
41640480
40176000
66480810
17845920
7637760
12474000
9849600
5846400
55440000
61166016
3546816
58164480
42504000
30820608
47295360
17158680
25336800
17749368
33097344
10852800
14259300
42292800
45416448
6090084
33225465
35458560
5798520
28123200
35801514
15544320
23163840
9313920
7862400
15965544
33056100
31752000
14780480
5857920
35574000
27840000
25514580
25401600
30618000
722358
9631440
22628700
25544160
56961450
8058960
34323520
62415360
5189184
18751824
12972960
6945680
42456960
1425600
7308000
37090872
10648000
13861120
22113000
4067820
21997080
56511552
4928000
18582640
36158400
134136000
29015091
32352768
35225280
88862400
30292704
14577408
26320896
29338848
66528000
66232320
44416680
6673920
10095840
41040000
54966600
42553350
7197120
54918000
1291059
34176000
28804608
4094064
3785782
28483200
5785920
47434464
76014288
8064000
22809600
6696000
40642560
14026320
22596840
60673536
48941200
7029099
40932864
18621576
28576800
36960000
4986000
45069696
98841600
77189112
24584448
24164352
57380400
54584064
7923300
38332536
44651520
35380800
21409872
15628800
2647008
2864160
11664000
22471680
78028272
2328480
2835000
57957120
14508032
29405376
27885312
3528360
14374800
60984000
21811680
10395648
36331200
24192000
19692288
16156800
107838720
12207104
78382080
15902208
35034480
2348760
6435520
119952000
40911480
18644904
21411500
25209756
91762528
12400128
96342400
42810768
7119360
38029068
14394240
28564500
1936872
6517800
23361184
13444200
54938880
9291350
4640328
55883520
11684736
23073792
19712000
20160000
4204200
8636184
13547520
32244352
22264200
59670000
3693600
7150080
30888000
41150592
15868160
13349952
52179120
38257920
16951680
35675640
21039480
54295920
184058880
104509440
15676416
22464000
28562688
11335680
125737920
38352000
30073680
27310500
3168990
6823440
20691000
17696448
93749040
86184000
56246400
13075776
12285000
27953640
79464000
22113000
70625280
45903975
35259840
15376608
6948864
40642560
36587250
19905600
33048000
25706880
74638080
7273728
10188864
4574976
18144000
7108992
15209600
48554880
20827800
57015000
44889390
36288000
29870568
86814000
51193296
9330552
19740672
54331200
11640960
30912000
27350280
44544000
80855936
32256000
17892300
8341560
103783680
14170464
921600
66718080
39191040
5875200
2531088
44936160
41664000
35769600
30533760
2771340
26429760
19341504
11456640
15178752
8812800
40249440
8172360
32808960
12859560
12597120
98219520
5163264
31558800
9525600
55296000
27518400
6528000
121770000
89781120
12486240
13413312
25428480
11757312
22014720
24545430
104055840
17469375
99969408
40884480
11095200
53015040
55823040
3102624
63534780
46949760
57736800
1029600
9121248
9216000
31549140
52668000
74321280
26182464
3738150
15240960
55209600
24099768
23836032
114048000
14618880
40667508
3495072
17510400
293040
31223808
24867648
14772912
6585600
100082880
1349568
18522000
13018320
14280000
11335680
15832320
7569870
4967424
45864000
3003000
262548
5556600
7719040
21732480
64099200
75442752
23316480
6541500
33337920
23930424
21146400
7985376
77047200
30320640
10287000
65159640
8996832
73823400
30359448
154552320
9053910
46185216
3397680
37013760
89280000
6061248
1026000
14950000
11140640
3591000
32148900
26455000
105598080
59600640
12144000
10940160
27428544
31921344
32674950
8097408
12439680
9878400
78923520
31407750
46033920
9241596
5696544
61737984
21123072
12441600
70873088
121939200
1999404
4878720
12383296
28512000
18162144
5474304
18572316
31356000
75132288
13526016
16307200
8886240
15392520
18412240
2292840
19354500
12859392
30386664
43740000
36772736
13910400
102168000
15444975
20381376
73758720
36484992
10585080
30078720
14040000
17925376
44520000
131670000
31468500
50798592
32213664
12224520
27495936
69099968
32431860
41555136
22075200
21381360
7096320
45927000
6854400
26869950
8769600
47678400
24195996
24033240
7584192
35765600
25639020
35632800
59119200
14784000
5171040
36183840
38102400
5744000
21701520
17172000
8217885
54672000
17676792
9794736
121475200
98006400
7920000
6804000
15033600
11113200
11461840
28926720
4844448
22604400
29030400
21771288
37324800
86507520
48384000
32185440
9828000
77610960
2358720
27820800
19160064
12454884
44614800
44167680
31525200
2814588
32294400
20875050
30033696
10752000
5236272
58786560
22978560
5613300
9676800
52254720
21333312
99356400
40896900
1497600
32901120
41446944
5438160
90192960
13122000
41126400
11203920
22148280
28563840
48771072
68116800
46777500
79027200
7550400
48960000
1869000
19294272
3245760
14104935
14171520
16536000
37691136
6740035
15394176
28217280
28173600
55376640
61496820
22535040
7139440
51450000
10465056
20024928
31104000
8937600
87533600
1409408
14443200
14450688
47900160
18711000
61006608
4043520
706260
61916400
50884200
58800384
2434320
11319000
1372140
2776776
16100700
68618880
29393280
4348260
47900160
7612920
19506825
42515280
19837440
13848576
23081760
60932520
33976800
3594800
103958400
16102944
50608740
3248700
50712480
14836500
127008000
24046848
49492872
59520384
9968112
4386096
22750000
83931120
17684352
7038900
19331136
19740672
8019648
15667200
26862192
8568000
47443680
23775840
105235200
89856000
19183500
15319656
27102096
8346240
16052400
36450000
9287808
14202500
8503056
13253625
36875520
15158880
8773440
42190848
55202400
14126400
41662680
28256800
1524096
5813712
14108640
80831520
27797700
3969000
24721920
24883200
47174400
6566400
8112000
19874304
27545760
4447872
2520000
12984192
95232000
11642400
7344000
95922792
47174400
7724160
28304640
3948780
109678464
26127360
10134720
10031040
17107200
16668960
5434560
36225024
12240000
35139600
33702912
3167244
65339568
12773376
30689280
23771880
21192192
11737440
6600960
14100480
6652800
7182720
95846400
14781312
2795520
1443360
30894080
12398848
17651760
27648000
47001600
12382656
3894800
121411710
70761600
50112000
22176000
38896200
11943936
18295200
33177600
36174600
17035200
13435128
19656000
93366000
18506880
623700
15668640
14374800
53932032
47692800
90493200
19687360
20746368
9292800
4198656
9987840
24554880
65125998
13578240
4764760
11623950
8634600
5239080
17781120
19845000
18090336
9788240
68187744
28740096
40454400
19051200
95230080
54172800
7280640
15089184
12496176
22521600
31967208
7020000
21271408
67716000
11145600
19559232
5027400
88209000
56840130
36673560
20246400
91630080
5309928
12840960
20971008
38320128
24760800
4665600
18792000
7107264
32175360
10195008
29762208
33868800
25284096
7464960
37859360
19348992
94429800
31449600
20744640
37584000
13013000
15857856
12940800
33264000
22616440
71040000
39191040
48166272
9220800
12899250
33206272
82722816
74688075
3931200
65318400
71442000
26357760
30855000
2948400
78599808
14923440
16235562
56851200
3796992
17326080
54952128
31933440
22491392
6209280
22239360
9972720
30481920
16228800
73990800
58226688
18690000
43040160
48965280
1732500
27931176
3569184
71547840
14125056
18486720
13063680
49648704
34473600
24354220
12150000
21157400
27594000
18980640
77898240
9239400
38707200
32253312
3991680
9565440
9348759
39836160
29859840
54235440
6027840
8762880
17312256
4254930
57866400
13516800
6017200
7115040
10703880
45114300
19293120
104976000
44513280
9580550
7257600
2019600
17107200
7844760
768000
16537500
37699200
75878400
27548976
6732000
43480800
114057216
21054432
8553600
38966400
31132800
70698240
69503850
5179356
99283968
54432000
40007520
8924160
69355440
20648250
19979136
42336000
5862780
25051968
42993720
10839500
6273720
53235000
10579968
39795840
37818144
29791584
22982400
32977152
5842368
11434500
7273728
14657664
59742900
47637315
91476000
5786640
26282880
4956150
9500400
14114100
12519360
2727594
8739360
33930000
36875520
41126400
100224000
20556480
48725040
22044672
5840640
27341712
10260000
20404224
20314800
47174400
24435648
5403552
28892160
8684280
20216448
33436656
29859840
38329200
42962400
21898080
52320870
9831360
42565824
34303500
85363200
23958720
15999984
15802500
31463520
8146944
41538420
4737600
4409856
2461536
6351520
35997696
38257920
3375687
7153920
141365952
13153536
21403200
8590050
18144000
11923200
84067200
53003160
16436520
47822400
35418240
135782400
35078400
58185600
21922208
39105990
41472000
14040000
22852368
7330176
14783472
16796160
5552064
19854450
55148544
6096384
31706820
16411248
3579520
25259850
6188160
8238400
7013100
24864840
18944640
79027200
8916600
5360850
85305150
30153600
24554880
6298560
67495680
52791120
24530688
55404000
18475260
14112000
60322320
3643542
18095220
39363840
55296000
9492120
103680000
19348992
32328800
12787200
25446960
14777316
16244352
18817920
9504000
8703288
94915296
41932800
38918880
13444200
23427360
43764480
17780235
136442880
8913408
58138080
28797120
25447500
20164320
52992000
31090500
7480704
13500864
5237760
34642080
20180160
12607488
18405792
43754256
6998400
3609088
19948544
28278324
18686976
66393600
29376000
620928
44544000
45287424
26559360
57640800
49959360
50112000
69599088
21150720
23115456
103784940
5575680
35140500
6359040
6259680
5194280
13798400
13029120
25613280
21715200
11461824
12418560
24125040
56279520
2217600
36763200
33125760
30710400
16142400
40320000
28800720
37051560
52012800
36741600
40219200
27433728
80034240
32702400
4498200
98280000
5247900
16563540
85714200
17581200
603288
73288800
2751840
1404480
19219200
70848000
5755344
16443000
25764480
11310000
26052840
66011400
66781440
75169920
10579230
52980480
26248320
38235648
27241272
56246400
23123520
44634240
16023168
48660480
8775000
18708480
35193600
22822800
40127472
10843200
18087300
71717184
8391600
19209600
74939040
13329792
15951600
10977120
13063680
41375460
4169100
17915904
25242840
21870000
38329200
32319000
3673080
53519760
877500
30965760
45021600
6639360
29088216
2058000
11509440
14310912
5971680
12319680
25437360
26812800
1256464
11232000
11261376
58765824
14268800
33119280
27095040
10834560
1162720
23115456
2988414
57885828
10367280
8294400
45043200
9291520
20706840
26496000
1159680
6862968
47261760
29160000
40144896
24978240
30474080
20011968
28978992
19819800
63504000
26880000
10546080
22408848
21751296
16788384
7862400
91763280
23794560
11536200
50733540
84602880
22364160
9099720
29301426
33866448
60192000
22317120
8957952
28512000
3302640
9664512
20248704
24433920
21780000
26943840
73728000
63039060
28807680
29211840
21790080
8197200
2471040
15730176
33926400
31752000
48688128
2043360
8999424
1388665
61871040
11811236
143467200
157528800
72576000
63772800
7050240
8510320
5588352
8426880
37096920
37558080
12183210
11217600
11430720
24624000
10886400
36279360
72884448
40360320
29729700
30435210
9172800
11275320
11950848
3152520
13440000
11172000
34099200
1820808
62873160
23846400
30240000
20849400
74027520
11356800
11837040
32032000
8743680
29376000
9792000
34774272
55598400
22842560
8886240
9854000
13597696
15671250
34923525
11470914
82399680
23385600
27543040
32503680
8265600
78533280
8694400
1966080
2875392
57230712
37584000
34369920
39584160
49406760
16174080
62899200
58613760
22579200
28304640
17029440
1753857
34245120
29678400
16547328
25313280
84188160
92862000
18627840
43130880
7979400
1769040
31085184
6510000
56282688
14817600
10290000
59442336
10614240
23680800
106477560
13041600
72576000
21675600
17869500
38658816
33937920
1844370
14592000
129024000
34974720
34003200
36495360
19562400
11287296
75292800
81077760
15224832
7776000
36578304
23351328
18662400
10977120
15045156
60610836
3686400
2635620
52627968
6138720
17981600
10532592
6501600
69189120
20956320
18899376
38223900
25482600
21888000
97962480
3359232
36491520
2025000
51642360
2210670
11066400
29393280
23141376
16446780
39755520
12053448
36311625
5720400
107359560
21772800
7826280
104509440
6032000
17680000
20563200
18090864
31900176
20586456
10899200
14051520
53813760
21450000
27751680
3240000
21517650
10883600
20846880
30093120
54339432
4866048
57108480
29250000
45607296
8937600
22099392
61157376
153498240
41859180
101706240
63251280
17265920
42264064
20269440
36887400
20423556
100188000
13416480
37158800
20623680
13406400
22680000
10552032
14008320
18884160
29484000
63617400
21228480
8346240
34104000
19152000
35635200
42020160
14358528
11184768
12249600
18476640
81648000
2588560
40824000
2299968
19478880
1369728
14776320
3677184
32032000
25740288
38465280
134830080
42336000
19051200
21952000
16988400
7302690
19146456
28546560
33530112
22105440
22052250
6019200
45878400
22861440
24953600
61725888
101250000
7020000
32232816
31680000
9985500
16373760
11975040
11129040
62042112
60828975
37919112
8495280
2800980
8164800
3220800
12792600
4622112
86486400
25998336
36102528
19160064
8013600
30499560
27093264
92874600
69725040
6272640
38064600
21587040
1380000
65864640
18748800
10140000
11681208
32780160
27900288
9031680
58374000
16332582
17717616
27862380
14352000
13074432
100804000
2937600
74306232
7484400
18784920
12096000
23417856
22527450
6006000
50687910
8002800
29413728
71850240
6307840
2638944
72000000
10372320
7786240
87254496
79347600
22947120
5276700
37884672
1189664
15510528
35088768
57028224
12188880
65881200
29316720
23030784
57671680
1306368
127596000
51871680
34182240
41760000
48898080
34836480
8957952
9489150
5380128
50949600
17075520
28957824
5429760
30191616
3858140
55809000
65488500
58094400
6403320
19126800
31600800
72764640
95800320
19284480
8255520
3065300
10483200
27783000
2690688
6823440
21621600
40852224
36596736
19656450
4112640
26239500
11450376
49017600
16228800
82539520
47278080
24123000
21228480
45809280
18233280
21504000
47721312
34292160
57232000
14427270
67615596
24705450
3412800
27556200
14640604
100548000
37952880
58634496
48103200
9801000
19856880
1568160
21892200
13271040
6149844
19717992
72230400
4001400
18792000
706320
27316224
51770880
8910720
61501440
84641760
19456500
53870400
3207600
13374270
40830480
2872800
108345600
63005184
11294400
23204400
169290000
13329792
19388160
12282192
64407168
7620480
3418632
17575488
6845696
12037248
84235680
13363200
17214120
16753500
26142480
15151968
31426560
43844976
33825600
18803070
34038144
13590720
123552000
19673280
39123000
5241600
71782200
116922960
9298800
49545216
20217600
30086784
6930000
14071200
13547520
3434760
73120320
35278848
48263040
16415784
26535600
66769920
26622288
69189120
59194800
33261840
7924224
8377668
13970880
8537760
3645600
5393520
2720520
38058496
19828800
27888120
28641600
19822320
26611200
44168652
15955380
3088800
72788625
19440000
86616000
14700000
67737600
34577400
29950074
69741000
72441600
39000000
1492992
47432000
19521810
16329600
10584000
37810080
15966720
38417280
10523520
15876000
54486432
7094304
25945920
106740480
1832688
15965016
21348360
17146080
18724608
11951472
19768320
25401600
7630848
26459136
4982320
3868605
70580736
27896400
35059200
22486464
40676328
4186560
80512000
17992800
19093536
3801600
62203680
4957200
21481200
28559520
60995700
11904750
1013472
18075420
21685500
84199500
15069600
15863040
2293200
25310880
81648000
29581440
41395200
12604410
28377216
16543440
18170880
56596320
56179200
15966720
54105408
24837120
93844800
13153140
28311552
17041752
27371520
1924560
44513280
8458344
43092000
81536000
2778048
26569728
10094784
13296960
5068800
56246400
58123520
72146880
56715120
27284400
12097404
20314800
52390800
6243120
50233344
34406400
13824000
87284925
37071216
97511040
34360200
11793600
6773760
16092000
11104128
34483680
28009800
19219200
26398680
47361600
13471920
31797342
30210950
10607610
2051280
113724000
9240000
52390800
81648000
2469600
17233920
39916800
30073680
22980672
47092500
27720000
65082528
39535200
7513280
47140800
44288000
71550960
44750016
22902264
32019300
5946696
102035640
5292560
57835520
60046272
47151720
10316880
61483968
7894656
112504000
13574400
12841920
52254720
9896040
80898048
5607000
17821440
40166280
3628800
11640832
7902720
24773280
7879680
29568000
32718000
30844800
45239040
7144200
20656944
22861440
10639200
146577600
34026720
24328704
68904000
19295640
7344000
12016620
43787520
6862800
59136000
11370240
35343000
1833720
19353600
112953600
18580320
29131200
66769920
13464000
22952160
84650832
10378368
24678400
15876000
9166740
9325800
104040000
13860000
68038542
8303820
13838688
9139228
24116400
20694960
12902400
5080320
63451080
45864000
59553792
22242528
34957440
25349688
17223840
35642880
122135040
14459640
5660928
26449920
23500800
6784470
20995200
7206912
9694080
96876000
7022288
5782080
65794896
16305300
69979140
71101800
14939232
14348664
54432000
2720640
37270800
4497408
122744160
17860500
45158400
26208000
4136832
171072000
46835712
2321280
3171168
9884160
15552000
28449792
4667520
67716000
2653560
2270034
1484406
22533840
23224320
687456
17071740
76204800
9820125
12902400
12579456
31680000
15561000
10233216
141312600
43069500
39510016
30450168
22932000
22394880
65438604
27860880
40370176
31695840
15904224
38649600
25043040
6259680
17760600
25764480
85639680
26662020
17625600
5814000
8384880
20236800
7713024
3511980
46986240
1995840
39701376
18184320
17963400
91634400
19351728
51840000
28274400
15734400
42653520
2630160
30241350
4354560
12509640
18408960
34954920
28173600
3333960
23925720
34214400
3064320
45619200
53222400
89678400
22498560
66769920
41233500
77293440
14936200
6280560
7439040
45360000
52204932
61175520
5127720
24590160
19844352
13178880
17433216
6531840
26127360
29919456
75940200
42007680
103185360
41403648
22049280
14926500
24255000
17463600
26901720
17510850
6581250
59845500
54432000
831600
24154416
74095560
21811680
15260940
16285500
8709120
6340608
56275200
30270240
51565248
21165000
35212320
14212800
90941500
9743580
25482600
79394112
26630856
100829652
118385280
11080800
25561536
9219600
68125050
38840256
13677300
53555040
3538080
40824000
25159680
63700992
32256000
29652480
54978000
18345600
33888140
24576552
9106560
40388040
32104800
32805000
11027016
24504480
19754280
40560960
55290000
32960928
28737774
32270400
1009983
40888320
14746875
12528000
14212800
76875264
61688550
8211456
7855120
26217100
38880000
46842480
62429400
907200
19077120
49717800
15011568
6006000
14685552
12795328
19822320
20507040
12983004
24076800
33868800
2983456
2286900
8424000
22806000
17230752
1964200
33443280
32654160
17043552
13115520
31752336
33177600
39481344
9953280
24545060
63283680
28728000
10951200
3369600
126945000
21921760
14031360
10692000
12486474
77360400
7498080
39726720
11728640
21087360
5080320
7279168
40937400
28168200
29238300
1205100
3186000
15331680
491567
25918200
30643200
28274400
11467008
38610000
1781325
12600000
57153600
13669236
29675520
8473752
19909890
8883000
20559000
26163200
70081200
51840000
34983936
17003520
59875200
18195840
54587520
11126400
27951000
46702656
38486016
1710720
23362560
16611840
5253120
33818400
20575296
90175680
24247296
4660992
92043168
99565056
22855140
5653440
11875500
13543200
11119680
5548290
18039840
23496480
13226850
81849600
28274400
2322432
6903666
46444944
24393600
75696000
19169280
86184000
11335680
40803840
45909600
11880000
36747648
25651080
21647808
33986304
7278336
56530848
39325440
26734400
5183640
14580000
25719120
49420800
40547520
5365500
39813120
10497600
52116480
25636800
6567000
57125376
32313600
78601600
42197760
1762040
37013760
59676120
35925120
6907600
15889500
65790144
87494400
34207488
62495328
1452816
33379500
72230400
4300920
49941120
38232000
26512032
35851200
93899520
3374784
27492696
17418240
22861440
8166400
39530700
19411350
5791176
44640960
38836800
10800075
9166080
86127300
29756160
48693960
30514176
56571372
14864256
11515392
21888000
8118272
10897920
30191616
16070400
16276480
98274400
45722880
39769800
10074240
34110720
146707200
18083520
29846880
8266830
10762752
80607744
12541716
3149280
23257080
29102528
22049280
54727488
81216000
11063808
10529460
7699104
27624240
32256000
44906400
1684800
15687360
7291200
11370240
26460000
16262400
18834816
126251136
19051200
9984000
47900160
9029088
39813120
79076250
20943360
38304000
4230000
19245600
22744800
168892416
26887168
16325712
17118864
10627200
99079680
11488176
23082840
11183136
33976800
15262506
5322240
52050600
45995040
36852816
24073980
12528000
76618360
15717240
14394429
48211200
28939680
87588480
85189104
61689600
14093595
7630848
9207744
16552800
38229408
12983040
3883140
38669400
3502080
8573040
17624376
5488560
21798720
28090800
55223000
15408000
36430560
166795200
29877120
53625600
42567525
23660448
36750000
11916800
25297920
30602880
5844150
27659520
22713600
33708960
16783200
17791488
11240208
6803930
8110080
16623360
4332825
45527040
34836480
11956032
25776450
50853120
7106346
27027000
8527104
38565450
10340352
13789440
63763200
19375200
29766528
81148320
4329000
26880000
3376296
35469720
142884000
78566400
46033920
8164800
29750868
52876800
22560768
99937152
33214500
15253920
16247250
8749440
31752000
17984640
27488160
5452920
39803400
10704960
25701984
57150720
26695592
45711360
5778000
13696000
3536950
3280000
4860240
8491392
38782800
68947200
23529600
29357640
10063872
26832000
16951680
7373520
23041120
160822992
28576800
47575080
9009504
25707000
5080140
52338960
48921600
30481920
9414405
3787056
21651300
16241040
21218560
21621600
19699200
18849600
3519360
101606400
11491200
122752760
73664640
30780288
37215360
8748000
43217460
22674816
28723200
11045376
4423680
12977120
6676560
19926720
105996800
6373575
2041200
28314000
11767644
809160
53421984
2286144
5745600
12768000
28304640
14280000
39785088
62819328
5443200
81622800
34632000
4580576
11711700
26812800
47295360
78336000
124750080
78170400
27364480
34020000
7267392
24163920
59802120
21067200
31351320
1064448
22619520
21196800
20826624
71089920
26342400
12065760
34670592
20217600
27121500
9147600
10786608
27578880
38556000
24482304
32988960
26046720
16230240
31933440
3991680
7091712
22302720
2069760
9537696
5575680
16780800
24492160
68706225
39783744
11486592
90889344
15500160
48384000
77544192
1555200
45280620
33415200
30132000
27216000
10369800
3125952
6048000
8304000
30780000
19726308
4306500
114701184
3110400
42418944
29030400
22732416
51004800
7776000
9631440
40223232
5321700
24387300
4838064
33264000
36923040
27442800
61074000
51667200
17413200
65567880
62462400
24686592
53222400
91623168
46310040
29062656
21828000
7568640
70447104
53032320
102465000
119232000
13543200
21600000
2862090
22628160
49453740
445536
368676
25560360
62554050
91445760
20034000
35064576
100933560
30513600
8372160
26248320
36566640
6462720
29052864
79531200
55112400
38803392
22809600
71360352
19379712
28986880
42007680
45955080
58141440
7772688
7431168
113164128
57111075
27216000
94786560
10287648
55966176
30366455
53150976
19232640
6718464
116375376
8253440
26252100
29657760
14131920
35712000
18564000
22779900
22118400
1294380
18400800
13168064
37013760
22239000
26462700
60153600
4992840
20072448
16837632
18200000
17832960
52778880
2026944
8110080
35856000
6807888
32148900
12830400
23166000
25966080
48858880
22404096
66845088
11531520
62599680
61590780
10523520
16734432
20462400
8182944
32006016
9781200
2758560
37209600
4452096
123150720
14489280
10910016
2475088
5591040
44698080
37889280
18627840
71406720
49215600
9083988
27610128
12223143
90685440
14657760
11468800
6128640
18017280
30083760
45641232
11778480
15246000
17325000
36679500
33555900
41472000
6731032
20281536
84029400
14605920
21928320
7444800
1774080
814968
40755456
18096000
51163200
42593040
122899140
26596944
73267200
3060288
73382400
30965760
30523500
42674688
14520000
24980592
11781952
79553340
25945920
5516910
8690220
6971904
39935808
56428680
27440000
5127360
49220500
29060640
44115840
32643000
93709440
111132000
76204800
3093552
3226548
31969080
62536320
37547040
16262550
36907800
5794560
16964640
10828800
15130080
63715680
7114965
42638832
48620544
3541440
9828390
14172480
9709056
15699915
24064000
17706240
37013760
11404800
63787500
18912960
43375500
47174400
8436960
11354112
17275392
5248800
73920000
4302720
23399640
94248000
3087000
22908312
21224448
16003008
18532800
31454280
13759200
17459200
2308306
26978184
95823000
60508800
43651062
4687200
67084416
46181520
51922404
13763904
2545200
1452360
43072128
84268800
23712000
12918528
22378720
48338400
16934400
24407100
38491200
61689600
8003952
1054000
128044800
43008000
36610200
57753000
11514000
38782800
9239076
42456960
15338700
1939410
95121000
146414736
38666160
14580258
16634880
72864000
18286380
43996953
25953200
12226500
51480576
18331920
11551680
62853120
23852880
12221440
46126080
13343616
6943104
32256000
27529632
27316224
20106240
8153280
89413632
53760000
45941280
37305360
43623360
3704400
32503680
4354560
3448100
16308864
11823840
7499520
45246600
15897600
17278560
95999904
7733376
2227680
100590336
36024912
35424000
21409920
18662400
39875220
21362676
51556500
102918816
81881280
25930800
11844448
30347856
9724050
5544000
25307100
90221040
6009120
11428560
16380000
19507500
78552628
6522240
43911000
24351840
22161600
34794144
31256064
17774640
97771520
8528760
17107200
29274000
5080320
17107200
28737600
3119704
9861000
65480724
9945000
19393344
1815552
24289600
23735400
45541440
31334400
864864
14719488
74844000
16632000
6283200
7264320
28662000
39366000
42172416
4527600
12199680
29524500
36812880
24897600
3332680
22555260
81648000
14669424
16343040
17409700
54201000
38031840
35904000
82736640
43409520
31373244
44870400
19424880
11284000
16985430
804960
18009600
20925000
14217984
63504000
24053760
38211264
14018400
96744960
71494488
10416000
70502400
15150168
70761600
3049956
7271775
63011520
23757552
20412000
28224000
14485680
28864512
24051456
57024000
44789760
33379200
209563200
76204800
47005920
52540488
20736000
3402000
8580000
22226400
12428640
18547200
17772480
69691104
13999104
11523456
28274400
10098000
19408896
13343616
28435050
19128960
11966130
18869760
10097920
24053760
38991645
5800896
8660925
184953600
33013200
11975040
16087680
52284078
19138680
87859200
20706000
23070528
14582400
30105600
38964800
18662400
22767360
6665920
35778600
9018240
24948000
40564480
26523600
19837440
7983360
33022080
13419000
3611520
38394720
25038720
27993600
19278000
19215000
11404800
39842880
121402476
24378900
22237600
44972928
2980800
9777024
44098560
39862272
170522352
50803200
70563207
6062364
77240520
59270400
62214720
2052864
27086400
12441600
35481600
42725760
43642368
8565480
12229200
6414000
4250400
4977000
40973520
34786752
31434480
8914752
4390848
19420560
47443968
36936000
62244000
68769792
8875200
8139144
15100800
104924160
13402368
16257024
5090400
20093184
14488320
47469240
12165934
9603360
8989344
2925600
14541120
13095000
29213184
9266400
31450320
19514880
52650000
107276400
33644160
23990400
115315200
27775440
16174080
54295920
7810110
19543680
22524480
15498000
60445440
152892480
33187050
21717696
4288680
10692864
58060800
6048000
31036500
17498880
7419470
22809600
25369200
25431120
41342400
6408720
26671680
20120400
103356000
6250608
27433728
80285184
8052000
21245952
4333938
18336780
68468400
7693056
68584320
54194448
8316000
4404312
3719430
50652000
12814755
7647500
9273600
19353600
42854400
42721344
20680704
17404200
58877280
31933440
7972790
79073280
133735680
75347200
37584000
72576000
23761920
14044800
18813600
36514800
19249650
5870592
26408250
22200640
12655440
11768064
6130080
40303872
6728832
47502000
10178784
12703488
33907248
3616956
10886400
17740800
311001600
30663360
85662720
11176704
17362800
42194880
115774464
3907008
8294400
4880700
48294400
9904128
7029540
21945924
40346724
26122500
26818560
34749000
25436160
11757312
9616320
35283456
15899520
21168000
16773120
15786144
26107200
6388200
4370000
12314880
12652200
13671000
35093760
10150920
82245888
9374400
45421824
69632640
19600000
5012700
18427500
41368320
25668720
50662584
31933440
130045500
20170080
22809600
45873360
17244000
63154728
6108480
31104000
67111044
16995944
16329600
18452448
34425000
4299810
9849600
37078272
38339400
9043650
37485000
7034688
9103500
28630800
7464960
15529140
6082560
22528800
43711920
25425900
20317500
39813120
83317248
42563880
15695680
22334880
14651280
56609280
21373632
35956360
22913280
25546752
268416
7862400
28262400
53014500
10221120
29111040
1652400
18378360
25350000
2631600
62539776
655200
58254336
6914880
26409240
74214000
7088400
50135040
13614150
91054080
127008000
17418240
12821760
48496800
84640000
15579648
23237760
1651200
23357880
5328000
18731736
14175000
8788824
50239680
28431000
10374000
21973248
15981056
4939200
14671800
30672000
22636800
26824050
6336000
87261300
4381440
4308480
25660800
29992032
25732080
19101600
4149600
9695700
11517120
4611600
4818528
36288000
24800256
33737424
39679488
45830400
18662400
8153600
28576800
49351680
25159680
5399940
24984288
14217840
31403520
33739200
18061050
23652000
15117312
65577600
56007588
76769280
29918160
53889000
27648192
7816617
30958200
29626560
49108920
152752500
2551500
5041080
8573040
2134080
11119680
26819100
35360208
1586250
17780040
22176000
215488000
31684800
13690880
5832000
3780000
10483200
28894320
59590440
12996288
61152000
75479040
18370560
150723020
12055176
158371200
26409240
2047500
10644480
23677920
1265550
12484800
14300160
56775168
31559220
97104000
5419008
37601280
33453000
4354560
4736000
33519360
10059840
17977680
33570240
3142125
21772800
10614240
31248000
66769920
40729920
6584256
48384000
33264000
20995200
12644450
25200000
23854500
44416512
21695040
20922300
24981615
9831960
27496896
16007880
19786680
32832000
21917700
135732960
28224000
13704480
66864000
17781120
110920320
8101600
118162500
7971600
35746410
7817472
23284800
49392000
22915200
5686200
16329600
7929600
17816832
112757400
25291260
7036092
51757056
20077200
27526400
33369600
12672000
7478460
113097600
23284800
53778816
5707584
2213136
24999936
5466528
32016600
19350576
15301440
50832600
7350000
68992560
22457088
23498496
20448450
61427520
3070980
14871600
38176320
14065920
28200960
57153600
105487200
9584520
5530140
15710904
15593472
31447416
31709664
7704576
35105616
810810
28317600
3252480
25542000
23839200
20407140
10080000
959616
13662000
30764800
14769216
20563200
28385280
14826240
7413120
56918400
22003520
34330701
9386496
46872000
88565400
13596000
107110080
33758208
62160840
80345520
14108640
7160832
39494400
138230400
18837360
60162048
14215500
6627348
50381100
6645600
23194080
41247360
18328464
32503680
17328168
22978560
43868160
79073280
15136128
22999200
9324000
88320000
60295752
48545280
27143424
13996800
59616000
6585600
52380900
14035680
45013680
52299072
16588800
15552000
48384000
24876288
44100000
16727040
19180800
3244800
23872320
3492000
12739584
33384960
9979200
93078720
14978160
5952000
20176632
50688288
2063880
17139200
9412704
2716560
24488100
34390656
31613085
38102400
15503796
64152000
10799250
4354560
63504000
16491924
27303936
20655000
7541100
30329640
26862000
49077000
18144000
12441600
23719680
46835712
86211216
16536960
34965000
22572000
38596320
35740320
65784576
34632360
20948382
54722304
24494400
11080800
55404000
8847360
3100032
13245120
123070752
11515392
17273088
157507740
4095000
16831584
69284160
11893392
60480000
11337408
3116124
43911600
55756800
6912000
63141120
87713280
69765696
7705600
69972000
4163400
11566800
41368320
32232816
38808000
14921280
3240000
66124800
36514800
100818432
10211400
74188296
29912064
7276500
17160192
74188800
55883520
24883200
6920640
30975360
66990000
10126800
12153600
507984
12692064
6332760
52272000
26993088
40296960
43570800
71971200
54743040
74805120
124977600
48247650
7745920
68299200
8752350
6968640
70776288
62025180
77380160
86030208
60861600
48263040
13440000
9322236
5549100
60652800
37622592
12674160
46287360
72147726
33384960
35271936
76515840
93911400
1994544
10500000
7687680
41731200
71635620
18398016
42543842
38102400
31575960
54564048
27289080
25656840
39774240
33717840
6350400
44815680
151524366
15714000
32047488
25389000
20584080
128378250
5180760
17735760
18054540
15986880
4523904
55477440
3351040
20224512
4073472
33840000
2630880
32457600
66102480
35020800
17971200
79626240
1149785
6682500
2557296
11689920
7501410
25425400
9047808
81031104
58550400
24261120
6384960
1809456
61205760
11512800
35707392
9237888
180442080
87859200
26188800
397992
35271936
88748352
43084800
11323536
31737600
43338240
67737600
1812600
13365000
23950080
31453632
50684400
7178760
12108096
48486438
58945536
111283200
51528960
25269300
11934720
19837062
24187500
35275644
51891840
11232000
7408800
62687196
65884104
15422400
10483200
35380800
6629040
49896000
16216200
109956000
36455616
3507840
36080640
27941760
9072000
23587200
16837632
48487680
20520000
18539136
25870320
37117035
25804800
118540800
30663360
43552080
88646400
89337600
953988
3439800
19094400
24953760
48988800
277200
11012100
49593600
64152000
11080800
11741184
8395530
17493840
23351328
10159050
10593000
32292000
37324800
14893632
4660992
37416600
38548224
73382400
53491536
70470400
71902080
17437680
2903040
78478400
7011500
2699454
17337600
69647040
76032432
131591304
52093125
7263360
10044000
14303520
21747150
39606336
20995200
56900250
6841800
13510800
18574920
6150672
18977280
71744400
22568409
5176384
45722880
25909632
27234144
33264000
66825000
7976320
25334400
20699280
4582500
100362240
101088000
10054800
18876000
76950000
100154880
24786000
69220800
7103376
31436640
114307200
99360000
37337280
7098000
30090240
20014695
7299720
28071360
25855200
2691360
24526656
12436200
79470720
18760448
59719680
119188800
4428270
34700400
31164000
20908800
13326336
46291140
63436800
240000000
15357600
11235840
42695424
3600000
43035300
109704672
30308280
37171200
60458398
69939072
23688774
84509568
46125000
29304000
17052672
36082800
19552470
18095616
39809280
18390240
2978976
5138640
29601000
27941760
60407424
6590160
7704576
10024560
79488000
65664000
31431168
10206000
17027010
57231360
27283200
11924640
35199360
18924840
29543040
26854016
23522400
22364160
91922688
17142840
4297860
23520000
47692800
36628200
75168000
61952000
31377456
14826240
82100480
21934080
107321760
177408000
28062720
46771200
31045200
24981504
6366360
61519500
60301440
1858270
3392928
19950000
23350656
48199536
26036640
43868160
4596480
18144000
19124224
35139600
24948000
45803520
52617600
32678400
85484160
32490720
20785800
11141550
36400000
24200680
71758500
107110080
14556672
14196000
40320000
4469850
119090400
19094400
32678100
9072000
28744800
28848960
41431500
12813696
49845600
61388184
34090560
15586560
4482000
15892800
10083528
6816096
522000
29224800
1897000
10825650
8225280
84188160
39105990
13135122
51321600
7432568
3781008
47044800
33259520
17752770
27184638
7280160
11880000
3525120
1619200
7338240
13953600
41513472
80622432
9979200
11701560
1759040
3080000
96620160
74575620
6265350
33498360
21405384
81088800
66679200
126403200
7425756
38907904
8960000
22857120
11016000
801000
738816
7418250
3297024
95004000
31467744
8517600
14118300
26335408
38212800
20275200
14127696
12188880
93083760
32277960
79957800
98658000
49124880
81091920
27319680
10504000
53415936
8906436
8942400
14088384
45122688
14152320
74760192
43623360
54432000
23100000
24494400
52835328
12673575
20579328
22619520
81081000
69463680
29779200
13828320
8590032
125239296
9828000
2469096
43092000
51392880
26666640
6388200
7736256
21991200
5189184
4371840
13609792
7291200
21358000
28528500
47692800
78059520
15994368
48401280
68140800
61737984
18755352
24535440
38594556
9289728
2075760
31046400
47880000
84015360
30021264
3525984
9726480
80026560
13608000
17668420
15800400
34588512
19686240
5189184
4574880
9644832
24192000
121044000
38619648
35082880
85709988
47628000
16524000
9465600
35326368
84977424
349120
1138176
28304640
29117880
30102240
94174080
24482304
9039600
26285952
19196352
52485120
5773680
12631680
41454000
19031100
27795040
9590400
5104008
14192640
54991872
51477120
74306700
13834800
30958200
17350200
67931136
79591680
37939104
12165120
37945600
25401600
36280350
9525600
42411600
13490928
22744800
10054800
29716960
5619456
68796000
58060800
23385600
12441600
15233400
18731790
29888040
4043520
26943840
11576048
44906400
1098240
4096890
18681936
29134560
8764560
49194432
19141920
49942200
24748416
8623692
24656670
2877120
3432000
22443750
21732480
18950400
73482240
47214000
3335808
24261120
13061250
33642840
23744028
12414600
10495800
3408768
55883520
5806080
30925440
66679200
27371520
19938688
52214400
42301440
39677040
16964640
18506880
17095680
9049320
29054520
24027840
6841120
5544720
11018250
39096000
69750720
19008000
17766000
26841600
54172800
52356480
12324312
75116160
11110440
4953312
32348160
78796800
10007712
25231360
6442150
32206848
2450448
2327040
4003272
26812800
8064000
9710976
17841600
12145056
30245760
9760800
17035200
5254128
22112475
10170000
14962500
7983360
27173718
36741600
28740096
20905920
14417568
38335680
17141760
9272880
83067600
24998400
50044500
5010432
37992960
27820800
73171350
19178208
27050760
5227200
10397376
49351680
35320320
38390400
6041952
58060800
27788800
11612160
136391850
23513040
13567824
12331440
4104000
36644400
26919200
12063744
18869760
11496870
95647440
19721520
83008800
17214120
46153800
39470976
106764000
47029248
15958320
36865920
10741920
95040000
39688704
17556750
54810000
26671680
51941088
118783098
4826304
43545600
32863320
54028800
97929216
16257024
76839840
108416000
13301820
24401088
39988080
7797468
31225500
29092536
4327680
107702784
10565568
24169600
13063680
22157800
18929700
40494168
17623980
25689312
31334400
1738800
25159680
6744240
25567920
71098560
8494200
13063680
19768320
32432400
6524928
20493000
16765056
30828096
70638750
5075584
75320280
102928320
7113120
11683800
22239360
136491264
41125500
33858000
25489152
25472160
92731392
20321280
16473600
38063520
32947200
6116100
43451100
17917380
59875200
12349260
2016000
21781760
38817792
25915392
25850880
14483700
23150400
49803600
47589120
45977856
24216192
77414400
118918800
44880000
17735256
4147200
1615950
14088880
32638320
13518576
17993304
5253525
6316128
14084928
20918898
6084000
20746368
45252480
16251840
81972000
8212380
12773376
27060480
8273496
21611700
69854400
101088000
3761316
40824000
16210800
4989600
39137280
14688000
77635584
8985600
92664000
39771000
50450400
18468450
32696136
38766000
324324
50948352
6789120
47044800
17994240
118886400
30810780
16727040
30718800
76377600
17160192
25189920
9405000
37748700
84651840
9635850
10644480
6539610
4416468
27979776
85155840
22870848
22861440
76848750
6286896
16285500
49186440
20367360
37867200
16511040
31600800
9720000
11327232
6207240
24830064
63224712
3102720
30170400
28129500
13875840
16731000
56561400
14826240
10616832
119532672
1932168
49005000
61931520
28728000
3754080
43259832
9883440
35858130
4394250
7682220
1065015
72213120
36590400
12845710
46603200
11119680
66600000
53504000
10645504
18015452
29399040
22273680
27263040
23856000
18247680
11485740
3728032
34214400
13982976
38877300
123177600
16587648
32659200
13366080
4300800
6415200
41022000
12752040
9228864
79213680
45761760
15023232
75870000
1747200
19289088
19982886
11393280
2096640
9631440
64141000
31600800
13005120
52664040
50279040
147420000
8854272
32424450
26320896
104777400
13619520
27160056
51825312
31084032
21168000
5744640
37255680
47040000
35659008
29652480
10886400
24963840
87272640
27646920
20509440
46305000
2354400
50851152
56609280
64752000
52684800
33654852
49945896
10287360
41382000
58662912
119523600
45006500
47167120
80160192
2158856
56171808
2245320
7564032
19447344
11975040
3057600
3409560
7934976
50265600
94017000
78236928
4655880
6209280
18918900
30156300
36114960
25197696
42981120
31320000
10062360
38102400
13151600
4327344
1487200
111406400
31104000
864912
55537650
36832320
6460160
2280960
28836000
13109040
39916800
47317500
21772800
9680000
32508000
49061376
2558304
16625700
57987072
12708360
65001600
46340400
13256320
18720000
34927200
19159296
26535600
27063960
15557696
9934848
48320000
24808680
7084800
62640000
51166080
17945550
64576512
63201600
12899250
5443200
31804416
5053312
86244480
35562240
12651840
34020000
39705120
50751360
55536000
42742700
5566500
34927200
8124984
45036810
10521936
5225472
81331614
17116416
21911640
11170530
57476055
21205800
20697600
68299200
11321856
72995328
68290560
16404660
9836640
31497984
2801400
19094400
3709104
14897376
7188480
28272000
933570
9589923
8160000
2835000
141419520
6552000
25731909
6268416
54163200
17372212
30689280
14941080
6120000
32572800
20470968
10744800
33177600
8759520
8328096
29030400
138988080
52745100
20253240
11180400
19863360
26181792
34798500
18543600
8886240
5537664
11093760
11288160
21326760
32413500
21760200
7160832
97732656
52715520
34790175
28035072
26734752
49766400
11502000
55335600
30663360
52531200
11309760
15186528
19567680
25719120
31629312
22102080
64157184
31106250
54261900
30551040
3931200
23070528
45638208
12480000
21450240
13444704
51207840
2189124
13222440
149040000
7037184
27086400
57395520
58720256
4313088
59590080
41013000
40334112
5953536
3456000
38341800
19764000
37793280
20180160
38102400
33792000
10321920
43376256
27511680
68544000
15146190
64033200
49420800
45696000
10696350
42223680
31207680
29030400
95001984
6006000
5329800
31757544
27891864
17498880
1912320
37884672
10614240
15275520
44997120
75627216
5637600
22639176
39150000
24148800
8496000
29427200
9040500
67162104
3462480
19600000
66297000
8547000
45945900
44460000
22208256
20603520
56049840
18278400
9801000
7087500
21047040
16818368
21047760
10513152
13559616
11387232
17571200
13665600
44283024
34214400
61044984
61166016
28779072
9782208
39513312
186001920
65318400
38707200
7659792
4211350
6043488
46702656
30862944
60223488
124416000
24984288
6422208
20734560
15966720
80256000
21669120
79219140
15814656
62160000
31758480
13122144
12353220
4714200
40360320
3770550
47628000
110073600
27648000
4688736
20518160
64055250
44608000
13021600
17781120
26373204
70683840
33006435
29877120
5564160
22548456
23184000
41328000
5225472
21718440
6510240
4419360
47158272
45287424
25189920
67737600
20095488
48025824
16548000
44496000
48648600
9225216
45341856
29023200
42184800
14267136
23846400
25980750
16906725
17146080
10497600
12390840
20015424
107321760
33264000
32215680
4536000
21908880
100548000
32256000
10638000
29025920
19487655
54054000
24686592
29961360
23224320
46437300
44110976
34145280
35596800
14996016
5750784
2540160
50778000
7464960
16166304
17798616
4650048
20845440
45599400
27468072
24591600
40930560
75688704
27027792
33932736
23924250
18524352
64606080
6400296
23967360
35244000
62568000
75287520
134064000
20227200
19440000
22659176
88656480
50544000
2073060
91476000
7687680
51072000
13392288
27709500
65296530
14874048
29087100
4757760
9835520
13232940
23423400
44098560
10752000
62052793
19936224
7713792
10692000
3315600
23587200
3984120
2976000
49306824
73497600
44857152
26231040
13440000
13168540
15321600
79120800
111484800
24033024
21258720
36210510
2232576
33994620
12719520
65664000
8609040
67359600
9730560
149361408
31416000
62899200
32659200
10718400
61847520
37220040
17539200
51480000
72890496
18095616
14049360
1685376
3186000
10128888
5205600
40075560
93562560
11041920
33269040
6350400
6451200
37784880
21667140
52668000
99009792
26943840
53222400
10782720
16528590
6949800
7371000
34366248
31285440
57931200
35054208
3572352
25583040
72165600
35380800
30464000
29405376
64532160
17781120
67716000
13076910
50561280
110492928
61122600
12162150
28149120
9432192
72140544
13961808
71762240
35217600
17572500
41969664
21344400
20374200
122212800
19232640
10363200
11642400
53765250
9851952
23522400
15764112
20670552
18054660
9434880
13446720
12117600
80268288
5270670
12072240
8712000
56860320
67737600
23379840
12340224
2881920
22967280
37017600
37837800
27415500
54942624
6567192
20321280
23817024
16595712
5150880
11648000
39547200
25589760
10904760
14464800
18035136
20979000
30212352
7814880
6940080
22744800
54190080
11698176
97822080
47240820
3669120
17252352
18188016
42739200
38707200
52920000
24562440
31281600
10224000
33130240
16174704
31042440
22279920
20273760
6511680
10200960
11003850
98378280
24721920
65973600
55290000
5329800
7854000
29304000
20704320
10732176
22752576
21707232
12659328
41472000
20953394
35852544
19902120
36661248
6755830
23206400
3877632
11080800
12947550
34341120
68359680
28501200
56259840
87192000
36741600
41150592
27143424
45440640
15724800
15583932
19747200
38102400
45259200
38709000
71850240
11069136
161898750
87628800
17992800
40661712
17909500
70502400
8426880
31395600
38640000
4838400
15291504
43163136
47416320
28262500
6692400
11894784
17346000
25459200
25342200
22265100
10287648
88058880
5392128
50712480
2410560
10260444
6888960
134362800
18079200
6529250
31216185
58308096
15681600
23531040
38491200
28776384
45534720
63060480
102776832
38525760
36590400
37324800
19904400
4730880
40600000
32508000
8976000
17297280
51217920
17699550
35590464
9331560
27324864
38773566
44304000
19891872
11854080
44337920
68257728
70229880
43200000
22226400
6592770
11550000
24921600
30539520
45878400
68040000
21396960
40690848
26501580
25019280
41803776
60334848
28771200
21482496
8041680
6801696
8772384
43243200
53745120
19923456
24385536
8083152
23521960
42780000
2687256
16859136
30844800
4510080
44089920
17038080
8708700
30412800
19008000
29370000
5168475
5556600
25512300
35828100
8631360
89488896
19241280
77641200
38085120
24912000
109624320
6955200
16346880
16972800
39474864
17342208
97574400
106272000
22252800
28823040
8864640
5577800
16210800
17879040
55477800
12972000
4329600
63072000
22106520
3227554
28828800
23224320
1401600
45619200
39847626
16261344
5256576
6580224
5786640
24300000
14086524
4068000
20017088
21797100
46282752
27925560
8443080
8478960
6507774
23259072
18360832
18210930
20913984
3711240
2180556
53121600
12147520
31021056
29282400
40875840
25471488
22982400
82078920
20401920
6400800
41962536
57178752
36279960
19635000
2718144
11759580
38413440
29030400
19981412
40320000
36590400
54295920
22996512
48333600
2285010
32154192
136308120
10260576
14137200
15007620
23968500
30597120
18065124
27081600
6490260
8857200
26832960
31251200
39346560
19730550
4879680
1068720
9324000
26849280
15458688
4490640
70630560
46267200
30542400
107827200
9535680
28531440
51579360
6888000
39436320
23200320
41333760
33129600
48662208
13305600
5046030
14152320
9061920
20925000
2148300
16520000
19353600
12902400
7741440
20432412
45628800
75129120
9576000
83397600
16588800
27414912
55534500
18810000
36241920
11708928
36388800
15524400
5266800
20211840
36771840
96768000
794475
37002336
74954880
8089200
98658000
37248750
52254720
80640000
15916608
33235920
18744880
61776000
10981575
9180000
10342080
39481344
14277340
3320400
136321920
17559828
38161800
29047200
143942400
34715520
18273600
22176000
15724800
13338000
22982400
16038000
11228976
72161280
12260160
33264000
15321600
22572000
9300500
55036800
13198248
3156660
1947036
16524000
17280000
5371184
8925840
29530560
16842672
61585920
116453376
38755584
30844800
13955200
82555200
60027744
5510400
3426570
7687680
7258680
90609120
13824000
23166000
10614240
15309000
11176704
20309184
32863320
52867080
47190528
10575360
27465480
21772800
75395520
14826240
74692800
75552400
12247200
142819200
87984000
49738656
4159936
43267392
14733432
92252160
102359040
22039140
92851920
44786196
33580800
40114620
20640384
138723840
17496000
34292160
1080450
29062800
23682960
19646550
25779600
27849744
87281740
28560600
8830080
33103872
12840960
50519040
5056128
10200168
19825344
70963200
11737440
9763875
5801600
7254720
8655360
81063136
80373216
10430112
21715200
16662240
13071240
72171000
14257152
24948000
984960
497000
32387040
1173456
84645000
6632640
4144140
30258360
105310800
10709280
32746896
79833600
3081540
17310720
8400546
64099350
9904608
84330720
7992270
43930656
33546240
1193976
82583424
52597080
109509120
11340000
88358208
72103500
20020000
18921600
19160064
16038000
8842680
16587648
6523308
21469056
21773934
8249472
5935104
34795170
32256000
7526400
16276344
7749000
27066312
32940000
12269725
47376576
17781120
9000222
74884320
42453600
139238400
15240960
119292264
18849600
27866800
71089920
14196672
42336000
20865600
53061120
13524840
7744128
3179520
32021568
8946912
14059008
17325900
27208350
27417600
11923200
90091008
20071350
72553200
3294720
68428800
12076416
18885300
17639424
43366400
2630880
2927808
14288400
52748280
28868400
13180320
12963456
39473280
123302400
22950000
13017984
27319032
11914240
31402800
10164000
42197760
19554990
14562240
23556960
51469200
8243200
13899600
18018000
38726688
49420800
11315472
9979200
41330520
49812840
16146000
6793200
20180992
11592000
28749600
23245020
152725650
7909200
75728520
94202304
7637760
59826132
16926720
6144000
5045040
27256320
19745040
84777840
13035000
48088404
42439680
63974400
6355692
81360384
11975040
43409520
12299040
21228480
85621536
15135120
27553680
67945311
5107725
33997824
51840000
12403200
18213120
20100960
56095200
11302200
27473040
47367936
6021290
4972896
10152960
213856875
21228480
21593000
157386240
51436800
10556000
858275
32917920
21348600
7332864
27319680
17297280
29611008
56609280
30618000
89109750
40154400
64350720
7459296
26942025
46383480
22187250
22228992
6527488
22014720
25691904
52531200
83825280
20546790
11289600
13250952
40658880
20273120
20956320
49896000
13471380
63517608
10133064
21277620
62208000
49097664
25655616
72817920
3020640
30111744
38491200
31153920
29605500
22208256
4769280
37340352
36578304
54772200
43929600
81259200
25740288
11819808
3652320
73106550
7297290
45448480
135862272
40793760
11203920
25056000
35212320
40238016
65463552
12090000
25681920
55978560
58094400
14577408
23166000
116405478
24688800
41472000
10760040
7989504
21111552
31046400
2772144
31530240
62548200
6693414
1607040
2536072
361907
44393580
11425536
9377280
19805280
38419920
19512900
141588000
39231360
13724100
16431660
22308000
9005040
6660720
4684680
33868800
12322365
5644800
91929600
26127360
23436000
8916480
17109120
8070920
18080000
53592000
23166000
7938000
16635792
30523392
15964416
5299518
8253600
11788416
86671200
34809600
20900000
39901680
26048148
27234897
1277850
2772000
27529632
150150000
6307840
5382234
39124480
366450
17677440
37867200
27770400
114474240
15724800
89510400
2216160
5640960
18615625
12234240
11926656
3096576
576576
52527552
19572000
44452800
42828750
3473712
5529600
50668800
4700080
9005580
10241520
62316288
20643840
13621608
111982500
14630000
23990400
2784000
18144000
17944416
40563072
18996480
23516680
33384960
12140544
58058000
47595600
35781750
80481600
101267712
6094440
20620800
20390400
23365440
24507360
52157952
25110000
63974400
14616000
15344640
8386560
6186960
11454464
62239320
725400
16442400
31408128
29601000
36961920
34444800
50057280
5297400
36386064
2594592
55576800
21908880
6682500
25401600
64530432
27045900
53464320
5719680
32348160
4443120
70308000
8497440
5967360
6147900
25621500
19580400
7776000
3073950
88251930
3311616
8344000
27130950
36120672
30862080
6020560
21733920
22132440
67417920
26537544
37106544
13104000
29198232
40471200
27459000
42344640
42497280
20412000
9906624
19289088
15740928
27125280
26454600
26557440
31239936
19384560
31600800
47193300
60480000
16380000
8045730
1031928
19921440
9572640
9472000
65372160
2919840
66641400
13063680
103913280
54475200
5128704
28391580
22316000
22113000
24756732
13311936
9400320
81644976
20556480
4758912
50649300
4954752
54812160
94764600
82764000
53508000
13729040
4719600
46122720
4390848
10948608
39680256
110638080
8769600
51494400
45619200
44550000
24202800
8351640
6851488
24819480
34776000
21928320
76083840
6899508
9720000
69148800
3326400
64972800
24494400
6084720
40068000
46293120
69672960
35750400
77026320
32931360
17856000
19690650
540960
17297280
14490000
34992000
12718080
101243520
38385360
16261560
2788500
49183200
55197450
48199536
34272000
67858560
42336000
5285280
27650700
27542592
28858368
110350080
19856368
16193520
54000000
7408800
22096800
9230000
123420672
8749440
14412816
54386640
11827620
39844224
6842880
45155880
22234500
26163000
42621040
35230104
2786400
28741440
31223040
33264000
36463770
46777500
159167736
6724452
46332000
39916800
43691400
28892160
49443840
22982400
5812560
21363750
8393220
2935296
5824000
16511040
7603200
35664300
15558480
7262784
28123200
68400000
57772176
4003272
32196528
12247560
18506880
7204194
21732480
17200350
28281960
56501280
33492480
66990000
16783200
59719680
10137600
12096000
27609660
28992320
30326400
54162640
74487600
19505664
26880000
46560800
8812800
31108320
126967500
41832000
33729696
11573100
34992000
11510640
54450000
18885600
86806512
75721536
13449150
4118400
2086560
25613280
19404000
71807736
44320122
40435200
12042240
22464000
13568100
96314400
25932960
35347200
8064
12295800
7635264
10752000
6566400
875772
7527168
45669888
1572480
5625984
40622400
69995520
39481344
40919040
3450600
46332000
48107520
19186200
9788400
56871936
17317440
18521568
36963000
10598400
48988800
30283776
7042464
38976000
18781440
38102400
78382080
38556000
58466304
32930352
3518592
6676992
102816000
29445120
38737440
16122480
28512000
26419200
18485100
17770104
33939360
92395968
4396320
50379840
42606018
22891392
7035750
99403200
78566400
18604800
51746688
34473600
21252000
38610000
17832960
20971440
14520000
5785344
11151360
11508480
19008000
14616000
10401372
18875030
3882060
19008000
48818700
33619968
61435920
17950410
4279104
17275104
11642400
7593600
23934528
47466000
2929500
56851200
24640200
19536000
45343440
59400000
86592000
10416000
3835608
13406400
9551520
20930400
8414208
33002970
115491200
6041280
36890748
12859560
6854400
22120560
11430720
48625920
33465960
39134340
29496480
23284800
68503968
56293380
9952488
14826240
106419456
34927200
166699008
6302920
33436800
11524032
6871400
4032000
30253500
60192000
22801662
24494400
17222400
60858000
121927680
18311040
10001880
12370176
1441440
3457080
18944000
4158000
91611000
43176056
63595840
21461760
30818304
57681000
78624000
52310016
5496000
58514400
20533500
92404800
49795200
30902256
97977600
14374080
145631400
10668672
11860560
8998272
1819584
2150400
37396800
15951600
13566000
4711050
15240960
17692920
10497600
1116288
60839100
22083840
25921000
7192800
38220000
45722880
17010000
94547264
26956800
3205440
68086200
68700960
8839116
45712290
47174400
31987200
26542080
31320000
8515584
75841920
45553200
32766720
10982400
32602500
8006600
28667520
28303378
45239040
21949200
14417568
473088
16353792
67737600
16811424
20845440
21676032
80870400
5806080
8151840
12053727
5132160
93632760
11176368
23760000
15724800
14640912
13219200
58544640
4257792
36138960
35060256
8668800
17132544
24011100
11863800
4740960
20088000
3371676
52348032
17733600
22589280
79470710
38016000
32875092
58786560
15169518
64335600
37800000
17177160
10300176
2822820
6530160
58912920
46656000
64665216
4838400
22708224
19496256
19051200
26763264
26232336
38316000
40563072
20321280
43228800
19102720
43374150
30139200
17027640
5794740
41496000
29111940
29568000
6594048
2669100
91660800
870912
38438400
12423840
80870400
26622000
38736000
6749952
10814720
13103937
11964600
66072600
33169500
3534300
11016000
19532448
13962240
19518624
88099200
70424640
9261000
94058640
28148736
34020000
1805760
68584320
14288400
26058240
9464400
23052000
93906540
65772000
22579200
14651280
45158400
24979500
21285600
21155904
51480000
45057600
39162123
11907000
8812800
17021340
27895140
37340160
3828000
20850480
35414820
11995200
54050880
23761920
61032600
76140000
7171200
16429504
82231200
26830440
27725300
10886400
285120000
26504280
35451108
12295800
9060480
12960000
25204608
22985256
9307648
12582720
53851392
22528044
5443200
51927750
19543680
43470000
51840000
20231904
38707200
21636720
65802240
62118144
4798080
56181600
31420224
2841696
15343020
8872500
26707968
4127760
18461520
39860100
13697784
16632000
35380800
11139072
37110150
2450448
33415200
28696320
34875360
10287360
12960000
38918880
44059680
21060000
13267800
36138960
4896000
57794544
56372544
18019584
3742200
14400000
23803200
15676947
8752128
10886400
12773376
6613488
9871680
20217600
26906880
53946000
4590000
24235200
12426048
32503680
13094400
5137524
61617600
26926560
13547520
38372400
22453200
14619528
11002068
16216200
9494400
4305600
37227465
66528000
73483200
1614600
2808000
12223872
29145600
46785600
34219584
20217600
8951634
11105550
16398720
9993552
7458750
10984464
35929600
1680896
19262880
20935530
73707520
24874650
4734912
13154400
64696320
8520120
49104000
51114240
9864960
20146500
21379680
15068592
33623040
29490048
18368000
7542045
23133600
26030400
73500588
25116480
42900480
33059988
42156288
24578400
15730000
5018400
23224320
38320128
43130880
51028110
5340608
11120256
33436800
32148900
23961600
6627960
48988800
8216208
63679824
4643520
7128960
17326400
15681600
35407260
41538420
43084800
39366000
20891520
3953418
65637000
56221440
13916448
17749584
13573980
495550
11592000
81881280
56805840
17690400
84602880
37989000
28892160
50668800
6626760
9662400
75479040
35280000
44924880
5637600
38419920
9779616
1045440
11484800
75171200
22450176
35078400
18516960
101787840
13562640
34069896
22870080
42405888
44136576
89672832
11985120
6442254
7327800
51158304
25874640
91287000
11283720
49988988
51922944
7776000
39632384
45360000
15422400
119424000
30409344
1749600
16758000
25401600
25206720
22869000
44029440
39521664
15738624
27034560
23224320
57736896
13702500
27448200
7834320
41158656
47880000
20582100
12322944
2028600
28591920
14107500
3468744
20013840
2010744
68544000
24647490
77500800
8087040
16632000
39997440
78848640
19600000
3610152
19576152
20790000
12648636
54654600
13829760
11643060
43997184
78133440
84823200
31638600
30700800
41932800
16971516
7257600
25538560
14602356
26051520
16368000
27941760
29165184
13552890
38093328
6449520
13783440
65286144
479520
38846808
42330600
2579232
88482240
24364368
70600320
13545360
60383232
6822144
12859200
2729160
43875000
29937600
16740000
19008000
24185304
4034400
79453440
74511360
6963840
35942400
67958352
64152000
11577600
9123840
38716272
55296000
19480125
48838950
5548400
2494800
8304768
26584320
91445760
22583286
16174080
3855840
125314560
20974464
45183600
20465280
9650784
3429216
21446208
15565914
6735960
13624200
5751000
12150320
19965960
8125920
11046000
23515200
51597000
59623200
11309760
51963072
11682000
51030000
18947520
2754972
72176832
13835040
5584815
19407360
22394880
8981280
24235200
26989200
26144640
22822560
8215830
5504490
30735936
66498432
4380480
35964000
42844032
12585600
12591040
45743880
37013760
83635200
28440720
8741040
40320000
15482880
48089600
12873735
73446750
97681584
93456000
38476620
7749000
71351280
10816260
30294000
11612160
63504000
44629200
30233088
9168768
32580000
4590432
42169248
78624000
17750250
25080192
12293856
2391120
25264800
32034240
19071360
16632000
62148240
46006272
30731154
25401600
11934720
8102835
2031024
215784000
42134400
10456776
27648000
13601280
18108360
44724960
33711040
52488000
31329504
42467328
28728000
14256000
6890400
1178760
7539840
21772800
11684400
7387200
24393600
32524800
18031104
7698600
15289920
92029500
102558960
30769200
34309440
12519360
18101664
39296880
78508800
31640328
23263632
18000000
136857600
7484400
17971200
64540800
49843200
35460000
4690560
6920640
26772000
32558400
29324592
53537408
5951250
29417550
37699420
34820160
13338000
35424000
16215360
48296898
10233432
36000000
44710050
41844600
21344040
16957440
58032000
36224496
18744000
22111056
37861680
15506400
31799040
11365200
712140
139491072
7930494
27227340
5488560
70688000
31739136
18568080
21776832
39984840
7094304
12096000
34836480
17006976
1496880
1959552
66869712
115015680
57784320
10752000
32198400
22275000
17204400
8452080
67392000
15973200
50922432
79872000
25171200
61535376
3558600
26377500
14535360
41277600
15966720
28980000
45918360
14850780
70224000
21544380
21405384
18087300
34368840
29652480
3144960
2284380
85349376
19468800
100915200
8436960
20177664
8735232
34122816
24935680
105369600
4960800
2154240
66398400
12672870
7817472
19051200
21376816
64528464
1886976
48384000
11016000
9233028
17246736
55440000
7158060
78148800
57187200
30152304
17740800
43084800
32928000
49710024
32253760
19138560
71539200
70502400
10804920
8199360
18128880
2257920
65387520
81077760
47733840
12196480
10604736
21067200
32557140
11593728
9737364
24192000
20563200
39852000
6783680
4134000
13963936
52442280
19405008
46144800
4515840
65028096
54652416
54093312
6967296
3617600
1726272
41932800
32987520
6342960
9401184
100800000
20275200
5520150
89812800
9464000
11642400
10120032
5292000
49674240
68584320
14050176
11980800
44528400
21125340
70671744
7196640
45696000
18850356
12954816
14113440
57805488
14667744
18195840
78304320
43621200
4768260
21217500
18412632
18935280
42301440
24943464
44550000
42558750
59194800
12441600
21956400
6297480
88016544
47923200
37352700
12472320
11833725
13464000
17969952
6358338
75816000
33196800
95560400
25948800
5670000
11471616
71971200
12859560
11575872
8467200
35642250
85250880
15918336
17670000
20684160
49287168
43868160
19027008
4669440
120463200
6594048
67931136
60867072
13365000
39916800
15330000
10368400
69003000
98661888
64518300
64597500
57657600
44568576
36230400
19648980
91476000
25003440
105600000
61725888
15331680
34728960
39198720
72568980
19756800
16811730
16305300
26766936
20606040
14249088
64431360
43243200
7199016
1076040
39864636
37920960
28307664
27518400
71618400
11176704
16452072
29020464
27546624
83813184
13110552
13471920
24016608
7657216
17527104
86112000
12771360
26941824
28321020
2985984
35997696
27674640
15292800
29393280
10356480
35471520
47691672
24124243
33384960
67584000
11943750
42283080
3132000
13632192
95904000
27555840
17418240
5810400
56173824
15023232
59875200
44823168
13904352
56284800
28635000
65031120
60211200
60876800
82512000
3043392
7927920
29710395
63724500
14773500
11048400
6918912
37732860
28917000
10393152
24076800
75973248
38465280
14663880
17046432
88536000
22643712
39644640
15454800
20820240
1929840
9207000
4164160
29704500
25712640
10080000
18421830
23245824
94743000
106800408
3630900
10498950
72257328
31104000
11531520
60147360
12386304
3507600
17418240
82130400
18567900
16786224
13154400
23284800
14227200
1047816
39241800
2570400
65263968
47295360
40622400
46040400
1719000
33767370
16733304
6619200
16505280
6375600
2506140
41150592
6117930
45382680
36424080
10852800
26730000
14152320
31461696
17781120
8072064
41817600
3304800
76812288
25578000
38918880
4259080
23950080
13426560
54722304
101472768
5068800
5425056
11658240
18183360
67941440
117596160
14844960
54652455
8942400
26537984
65152080
56946240
14323680
3884112
24766560
6333270
15040080
17304000
12169926
5630400
45441000
14639625
23814000
10015488
4280640
43215120
30360960
19792080
69822720
33750000
20933640
9049320
117810000
3696000
7128000
44478720
48859200
24519600
15998400
47958768
43394400
11528128
10152800
46500480
12700800
8306496
31449600
8386560
14112000
26555100
22353408
130536000
2466200
6935280
69003000
2137260
9525600
10291008
21772800
16329600
53088000
7322112
46153800
33957000
53289600
22858176
3775034
55738368
15599200
33062400
67003200
25171200
38833080
17357760
28986300
6505920
11672864
54172800
45711120
12621312
35907300
30643200
13582800
8575650
87625692
20412000
19044000
10360000
20803440
10095840
9219600
4292352
67392000
19708416
19028100
17273088
121927680
14988240
8928000
21488000
4088560
22664268
5090400
22596840
18240000
40642560
16934400
28304640
61522560
8408400
27371520
7524000
2421120
55488000
39465000
11737440
16980480
9008640
53383200
2132676
33048000
43156800
5123664
43545600
133056000
26282880
13478400
4223250
24763200
35280000
11558400
26972352
18515500
23562000
51597000
25855200
6932952
27828990
16740000
12230946
2520000
34794900
6429600
37251900
13446720
3927660
41932800
66970800
28174080
1436820
3791424
30536352
3852480
3624264
20290176
9892368
14227200
23160800
65318400
42865200
23520000
673920
66533376
3118080
1053000
124104960
84520800
34398000
7938000
55037400
35804160
27991000
20982500
24951780
22458000
32055660
34452288
12014640
15240960
33757920
55987200
28828800
49146240
12435200
49140000
34987920
18673200
1687068
28908000
78350976
153964800
33488640
7226496
58106160
22161600
53343360
17424000
57024000
42062400
7310016
66758400
7751700
2394000
70814016
33993336
11907000
17891328
41595120
4093362
68298450
30636576
10013248
39039000
26469504
7620480
22865920
17031168
65142000
57456000
144027072
40069120
15389760
21596160
26249184
63428400
65269152
69154560
53464320
35354880
21450240
38188800
3284424
31755240
3922698
38817792
58117290
22256640
18817920
15098400
8442000
23932000
9088128
20390400
20503350
5788800
56754432
21288960
61797120
8730900
16993200
9112500
52488000
47020680
22828800
41990400
16727040
42301440
15739680
27827712
28311552
33298944
3708000
49533120
44724960
15439424
4636800
33792000
114722608
22356000
6453888
50236416
27979776
37675176
9690912
20309760
21187800
4950855
45549504
27361152
43747200
5691840
6054750
46170000
55349280
5849088
42864000
7341030
43917120
78624000
14256000
5529600
37884672
32140800
54190080
2332000
8255520
14017440
20491920
6408480
1538160
8327232
25668000
100465920
69854400
5253120
27340050
33083904
12040500
16038000
21288960
32909976
5391360
3888000
20655000
22230000
17449344
48037920
8462448
67639320
68040000
72264960
23977800
3376296
26036640
24895080
50878464
50103936
10641456
54432000
44226000
21555072
76562400
18779040
21127680
124185600
1404000
44275616
20898000
61479000
5225472
38776320
43558080
55520640
13658112
36662760
1057782
48807360
14347200
23950080
30960000
6667920
70741440
95528160
9374400
23708160
22067760
2664000
27906120
3476160
14443200
15120000
7557600
15567552
27424800
23443200
43524096
17069760
20229264
15137280
70997080
24235200
9054000
9581600
46904832
19729710
23803200
76167000
21928725
8870400
28641600
36910720
4252500
7377480
26357760
4117392
21461760
4972800
25328160
33815250
42120000
12700800
91610400
24777600
76050000
34927200
36770550
103203840
84343200
6690600
90191556
46189440
70997472
25662000
9594000
45824800
14129640
30988008
20779080
7931520
15081820
87393600
17031168
89572392
34122816
14370048
26611200
20193120
5257980
18381600
2943600
23721984
84541440
37013760
171098880
8747520
40309920
10647000
53944800
8253000
4650360
49121280
6858000
34328448
89229600
45532800
10043712
2633040
7392600
57748860
24966144
12257280
4935168
137248020
16415784
50749820
12237824
40884480
12136320
14090076
12573600
9908352
7680960
43115800
8658576
12387600
44550000
31510248
17095925
96768000
58834944
809480
34749000
59304960
4838400
18321360
3565056
23063040
30673728
26208000
41321280
67704000
45147648
26858304
21945000
45534720
10395840
28685454
5447232
27840000
3776220
16732800
39041028
23254380
21254400
8870400
22200750
5588352
25920000
13260000
43421400
28957824
4738600
3140352
62345700
12740000
31968000
104781600
54286848
11907000
10922240
20582400
11217600
52157952
32390400
36387792
61626752
42073200
60929280
12533760
2923200
42024960
17884800
10284120
19223424
62985000
22050000
41126400
14348040
28939680
19870620
6536160
76839840
49896000
633810
45750000
8709120
39626496
19819800
22932000
38154240
32256000
32550336
19420128
39767760
36324288
21235200
20828280
2605680
4481568
19468800
29268288
20217600
44621280
22712220
65272272
9310563
33926400
9424896
77386720
35744625
6665280
15023232
48353760
88200000
8007680
11985792
10636920
15785280
19776000
15519504
11877840
111767040
36018125
13956096
183456000
4066304
21147720
66096000
6768480
35598528
19411920
23048064
19845000
3530600
44789760
2266880
38344656
7796880
3480444
27528984
12203100
25187760
76144640
8519040
27620208
16092160
9456480
26708528
42264720
51321600
14964400
7948800
56723968
5855616
22826880
31046400
19133280
35112000
154314720
1368576
70649280
9767520
17107200
45489600
38880000
5990400
30846816
10017728
23874048
48142080
10919040
29816640
18889200
22453200
40435200
19595520
12841920
60318720
4093380
2566080
2222145
87984000
4810752
16872156
24154416
9292800
15426180
20684160
6811560
11354640
29568240
13622112
31449600
10063872
35225372
76976352
9880704
87351264
20772864
15966720
17639100
21932064
55063260
87899175
191385600
29835000
15444000
26818560
39161700
37013760
69012000
20477520
7326480
16718400
28022400
18740480
24948000
38750400
2810016
17754048
6904440
9010440
19353600
40602240
17364480
24364800
8076768
32093280
20217600
4131648
52711680
62899200
8244480
75246912
22993740
19633536
22407840
68037480
10332000
10834560
12214800
73440000
12558240
10599168
7150080
19186200
6113880
37756800
48988800
6502626
2574000
12018720
84994560
89011440
13031928
49674240
49876992
85396032
26611200
52157952
41912640
48176640
54613440
1630980
15331680
40326300
31352832
23750496
30846816
9192960
49378560
8777160
19931184
57826860
16166304
19017180
24675840
27799200
11232000
7265986
33105240
20623680
11819520
37094400
29611008
83280960
42734250
8125920
1890112
33037200
17107200
25553000
10264320
18326016
40715136
76340880
8190000
15624000
31990140
526500
3580200
33747840
60933600
1995840
17156880
6645840
20409984
7128000
58525320
12126660
67651200
46171944
21565440
31132800
3437280
6676992
23063040
29578752
65007360
97929216
17728032
27216000
41233500
16714080
41912640
17141760
9828864
6444360
19998720
8736000
19873344
38018400
4239480
12598740
3398400
3000000
13497120
5706360
48322560
21866112
13694832
22289904
31485888
77616000
113568000
37053975
172030320
6211800
55468800
7413120
28578000
15586560
39638016
12109680
6722352
28828800
57435840
23999976
21548800
51692544
60948480
11287848
21835008
72852480
11897600
94838688
18918144
16070400
25841088
36791328
20518400
13590720
24354000
58319352
112777920
14276736
40128000
6722352
5431680
7147920
9615456
98673120
25676352
16925200
97992180
58226688
4760000
46669000
5791590
49156800
40824000
5203800
1661688
13167360
44388000
4621500
28740096
57962520
8100288
32659200
52254720
3974400
39752640
33615000
27000000
9393300
8262000
8598240
34732152
9580032
39029760
11757600
33997824
23005710
35559000
79626240
38651200
46189440
9246744
26956800
1939080
25176480
18724608
37324800
27878400
23312880
11465226
26150400
82944000
45975600
8739360
32532500
18708480
3892320
38744496
37920960
54295920
11838960
12357504
62868960
31668000
36723456
9865800
20621952
20563200
69168960
12224520
49128768
9099216
7810992
15422400
6985440
35271936
62564484
39688704
26000208
41057280
18972000
22827840
16765056
64222704
66044160
24324480
36771840
40015360
40540500
26989200
12297600
7257600
77268000
8870400
64152000
12773376
34372800
64774080
62985600
29705760
20347632
36720000
9916830
13413600
17905536
104602752
2245760
46438812
7970886
113374080
23885400
3338496
14394240
8553600
46569600
44255232
64229760
12544000
23940000
14414400
8451520
15752880
38139840
18690048
36864000
32486400
29520000
35946240
12970176
3775680
19958400
10028928
42480000
6075000
43409520
2448225
35173440
10311840
25228800
38304000
39735150
9889200
12013056
71027712
23575860
20321280
36832320
30025944
36391680
24595200
8785260
53460000
37483776
53015040
44928000
16128000
13986000
4394250
5246208
64350720
51084288
22882560
37013760
43202808
63443250
22221108
28858368
32328800
40196464
9721620
59574528
2343600
11681280
29621808
13483008
8424000
27609120
379500
18918144
19686240
55360200
145152000
18083520
8714160
3188160
32190000
35508000
18696912
4527600
34452000
17001600
68584320
9144576
5036064
4435200
4490640
33587136
9953280
9877504
52254720
14533680
17606160
62769168
14929920
28485600
35450784
6713280
30834720
279901440
35481600
33052500
3447360
131880960
24098160
23935912
45045000
5202000
12196800
19160064
9979200
1784832
6804000
20314800
4199040
12637944
31574400
118752480
2695680
3094416
30935520
15205248
122572800
22044960
16159500
8362368
780192
27420120
8743680
13226976
3823043
58531680
42625440
31625100
63504000
7492056
3542000
2954160
38329200
6716520
12252240
33965568
10260000
90069840
14830767
12257595
29852550
14461524
4717440
38035800
11467170
23059080
40824000
32721192
2719320
39096192
20618400
12474000
63504000
66420900
43740000
6298560
48940416
4475856
8146944
21546000
71850240
40642560
2334816
12960000
27972000
14364000
10483200
1254204
5913960
107775360
59080000
64872000
11905152
53431224
62596800
10121760
5114850
38758720
20684160
36427536
28664832
27371520
24999975
39930000
14002560
29890080
109907616
14504000
17154720
39619800
46032000
2673216
42698832
138903552
78489000
6949800
27484800
33860736
34958560
13749768
7418880
13505184
78168720
60829944
44416512
36633600
13537200
56376000
17639424
6983750
32102664
24989184
26460000
23814000
33825600
75065600
24235200
19289088
15500160
18049680
3725890
8913780
5582720
22884480
19712000
47900160
35424000
68490240
139104000
32845824
30690000
27216000
4401180
24216192
4682340
23158872
41039460
77004000
20412000
10967040
105072660
120268800
18985050
69621552
49690368
20304000
43253760
21436800
38966400
20139840
33719400
11771100
22982400
79239600
2015520
45302400
20264640
116202240
7380992
45588480
30547440
22120020
46181520
13265280
79497600
8702694
23284800
14708736
130228560
8553600
8478720
21060000
58931712
6727680
29086720
7276500
14327040
94058496
6150480
89107200
27770400
36242640
19918080
21324800
7257600
25768512
64360980
69655950
23907312
2684416
35562240
56733696
11575872
13578840
84901740
88865280
49227360
4471200
12591040
6568800
16047360
18443700
26282880
14878080
45738000
10046400
49276416
77156352
59492160
23178960
12441600
991872
64143360
50698440
10054800
34786080
21151104
28188720
14966490
49694400
61916400
150418944
1354941
22668800
28641600
20440350
1877148
5540400
29160000
39180960
15660000
50544000
17222400
30340800
26906880
28274220
10875150
16308000
24300000
19514880
21691488
6248340
172730880
20616750
48157200
20086080
7971040
7106400
4675440
50820000
10886400
124637184
3857640
20275200
26943840
39739392
15445248
24385536
22545024
29106000
28650270
45964800
19559232
5055000
25870320
38367000
8312850
45738000
19353600
47309184
16484160
103500000
38525760
1652400
90820800
29808000
28309824
22453200
5496660
13677444
5163264
20528640
53460000
7782736
17378340
11126016
73920000
6561000
20057856
21427200
20044800
14976000
7840800
5045760
63866880
23463000
28182168
35562240
15989400
5079360
16416000
35118720
82758144
47002200
9135945
6106752
54743040
16863000
12778560
30645972
29760640
73198944
5768400
42768000
21315000
26726400
19756800
4767840
23587200
46332000
27165600
50265600
1688400
38880000
21813120
14999040
8709120
17167248
17559360
76032432
18282240
36117900
12362220
11625120
9772560
145297152
2117016
5307120
16864848
218424
5172134
125079552
60231600
4127760
21486600
61986816
5520000
56327400
48771072
24675840
21888000
58296672
38103120
6835968
20584410
36714384
21514752
9538560
146568150
12192768
17992800
11275200
42092050
12162150
21043200
38384640
21159424
239400
9235044
57564000
10739520
24078600
9801792
33530112
8880300
31799040
11301120
116424000
26928000
6205680
42268800
15111600
22794408
9969840
10329984
184033500
48919680
70308000
16401840
6073704
6561000
41427540
44959424
80710000
33488640
34647360
46448640
56453760
44311800
32313344
45198720
37013760
39816000
57657600
20321280
62181000
25019280
17690400
10640448
21233664
46730880
20299734
38808000
1228032
18911232
51788160
13725600
44235576
31464000
13608000
5779065
31755240
70121304
28383264
34525440
93139200
10798080
2089152
102329568
54051840
56068848
13478400
36581760
143700480
67737600
45031140
63386400
7603200
14896000
12337920
15966720
83970432
33871656
3253902
13452000
20071800
90016920
83859300
62270208
53712384
64615320
42147840
10314720
24738930
54789120
26460000
3845400
24998400
68945760
13000704
6900096
36696000
30888000
27027000
182891520
37820160
17036800
52668000
46334592
52741920
18549440
31590000
11016000
19195176
42791040
3111816
5920200
26383500
16729020
32590080
8963136
17640000
12735360
7139040
42411600
12247200
12684672
5887728
18129888
29652480
44156000
92232000
14076720
5896800
35866800
49986720
25945920
41817600
69582240
66360000
160030080
50483840
96408000
7539840
10258560
5189184
61205760
5171040
39836160
18370800
147708000
8273664
10322928
3007368
8574720
20528640
20979840
59248640
49410816
48213060
108755136
13003200
40989312
14447160
4264960
19128240
49590576
30326400
33022080
18854550
35247744
39135360
38610432
24148800
1746360
28651392
4268160
45341856
4368000
10192000
15876000
14015232
52240320
17248000
70412160
24331104
76010400
7862400
32235060
18373824
9120384
11395608
2970528
277092
10283760
121123200
33965568
55883520
18712512
14364000
716850
16295580
53638200
35000634
8306688
8959680
21902400
7270560
23698332
55972800
2732400
21228480
21060000
23360400
27394848
25920000
51459408
16052400
51217920
36413440
91353600
24570000
38776320
76134240
26091520
82790400
34946016
3467520
49395402
27819090
8805888
9943248
45637200
19048260
7741440
26342400
27086304
13656060
13191633
10264320
125970000
26088480
5189184
2830464
28439040
31334400
556452
5799924
49104000
17767470
75841920
21620736
34567344
50159736
18869760
45361440
28814400
4382280
7534800
6158880
2507720
33868800
16982784
9515520
7683984
7776000
41731200
22800960
39845520
19422504
39489300
4943345
14742000
20275200
55198080
10080000
8510670
35361360
63452928
15168384
1382364
22917888
30540510
1013760
37767296
65902200
11424000
24468480
17054400
20659584
12830400
35407800
2355750
6415488
20412000
41269900
24911040
29265600
45564120
21263242
42383250
5345200
19740240
12801600
8301366
6237504
9946692
18378360
17463600
37117440
26611200
25105080
21466368
44362080
27067040
13797504
8124480
2233392
36699264
47209680
4868640
54921750
2283624
21861840
30971520
9906624
6619860
12240000
25575264
32947200
34188000
2106000
17781120
19638300
23720256
1211112
66528000
4422600
17576748
17055360
12317184
19351440
11113200
51030720
5467176
57114624
9872226
3100032
18213120
57369600
25280640
16470000
8135040
28350000
19708920
4054050
8710416
8204490
14186250
22230000
75578580
39305088
3170304
1995084
20364300
31210920
56609280
41403600
2365956
20908800
56448000
8902656
14793600
27012150
19060496
3814800
7817472
18370800
5584320
28967400
31745772
21021000
2214000
20832000
1097712
19792080
16450560
42561792
17635968
5285280
12479616
20664000
7416000
1039500
17833464
10728450
124891200
17667936
9779760
31298400
2213280
64641780
66021840
35984480
47688480
1368640
24867648
70400000
40392000
865800
5924160
18041760
19656000
27338976
48787200
21065184
59486400
8316000
98794080
16632000
31610880
37149840
18514944
15141000
43544592
14447160
17052000
14877720
77414400
84048000
17649252
51166080
77568000
4050432
24757440
8648640
39616500
52409220
10805200
15868160
24820992
32040580
16940880
20124720
62554968
102600576
19100928
22659840
55400100
97718400
6082128
117571584
33022080
30255120
15876000
11058432
12830400
28794880
17700000
61585920
52397280
16531200
20916000
34128864
24111360
36817920
39329550
54295920
5610000
22317120
33303600
18135744
24932880
16550001
49580544
6382552
26943840
35458560
11764704
10192000
18874620
23694720
2582118
10513152
16929000
35059200
55865700
51114240
11111100
9060480
26509248
31340400
31664640
37358400
11591424
14652000
17463600
57960000
12096000
25560360
90720000
15482880
6896340
36892800
25447500
43084800
12279168
79185600
10238400
20260800
38619648
20898000
12983040
12602304
35891856
43
66232320
13366080
78629760
28304640
18125856
26114400
56042880
14696640
22176000
19699200
7107520
15396480
48185280
23325372
32054400
2610720
20864688
65286000
27741280
10661420
15768000
25687040
5031000
29890944
32306040
33872256
3008544
53978400
36312000
17828096
78019200
6447420
5924800
37112400
15568280
33442560
11470000
54621000
116251200
60799200
49005000
37149840
27668928
43296768
32233500
46671120
85954176
30632400
89232000
30106080
12941775
78905640
20723040
34257600
73558800
63423000
22334400
40974336
3900800
5961600
114255360
90792000
5190640
16063740
42336000
31460352
75038400
5322240
20229750
34535160
24682482
24948000
18461520
19051200
125483904
66951360
2129868
65387520
30373056
9412200
14832000
17486880
18200064
69672960
15275520
32104800
17193708
9788800
34781355
21818016
2577744
16990560
40574016
12270825
11795760
52622400
52254720
75907584
7980768
13594784
16001760
58968000
33660000
6177024
10042560
6383520
73428768
34836480
31577364
35640000
31615920
16628040
32245584
803088
21258900
17174040
13340672
17521920
23794560
3204432
44421696
16725366
19998720
46080000
59875200
33707520
35971104
27391689
16118400
52910000
60060000
29736000
31505760
52552500
6201624
53669952
17472192
6674472
48055194
36414000
4894656
29809296
49297248
73156608
18665472
24615360
28978560
50153400
18569628
39536640
35164800
26104176
31230360
41037840
20908800
33591600
35642880
75778560
50504960
14618448
4380570
38880000
9400320
25459200
57081024
45176832
1824900
13999104
12970100
15198624
6088500
1375488
68952000
4374000
66952800
121168320
18144000
2715648
39901680
9331200
28200960
35404200
62060544
3999240
8235360
5836320
10951200
50999040
13844160
22393800
3229200
37422000
10281600
80600832
1905120
39261600
31084500
11534400
11194560
80196480
28560000
44963424
34927200
6232800
4020480
14971392
28691520
8132760
7674912
8969400
3084480
11619300
7343424
21196800
36241408
3870720
21726120
7007000
79276032
31958388
1829880
11992800
9399915
22116864
30758400
44757160
59157000
67864608
83386368
55296000
19008000
10321920
4762800
23443200
47943168
4693248
32341680
988416
36996750
49351680
74977344
59906304
73990800
51891840
4680180
21991680
73728000
4620000
12111120
34504704
52618800
67392000
39811200
9241600
6879600
9761472
11484000
76422528
29376000
6286896
34221600
13171200
26438400
28312200
36111744
87533600
149083200
3138750
39989376
11773440
20585160
42823680
19740000
14695296
76681080
6472800
16964640
16665660
43670016
8145984
23110956
27619200
13899600
6098400
31363200
2814240
38231232
31783752
127284800
17902080
1641024
43545600
17139600
70656000
62215128
13265280
63571200
53168640
106496700
21018528
9116010
31626240
25920000
77623920
8501760
18506880
17266392
46448640
18609920
30618000
4892160
76869000
7150080
90979200
48384000
12602304
14683200
6289920
17418240
73680516
58003400
15695680
7827183
2844450
10080000
81907200
14273820
21631500
28224000
37044000
10414170
45459456
13152000
81379584
21009120
15197220
48176640
39293100
2467584
23642892
42115500
11150400
28822304
33679800
8717625
32060160
19845000
17706276
54849960
29132928
17566848
34693120
10733184
82790400
28385280
40919040
26683200
3523520
50733216
12658800
15783840
7085880
4603872
16977600
12065760
8975616
4581738
44755200
58392576
51072000
22372224
7854000
70963200
5728725
27018225
22194000
15872220
17635968
31072440
27216000
4321800
48335616
30274560
33844500
22044960
93709440
100780848
22239360
10034928
12247200
26136000
90478080
12488256
8223120
18116280
16531200
26195400
39690000
8618400
2231712
25660800
69120000
24259200
58351104
12451956
49070880
9702000
29782368
1696240
47899950
14202720
59760000
4268880
46575450
12925440
24547050
11447520
12333888
38253600
10983680
68283648
48956544
16536960
13090896
8075340
661128
72334080
12080880
11604384
36946944
11860128
94770000
12863760
5687640
32764160
39000312
27328000
23463000
16632000
9335040
6138666
23413320
93234375
49536000
86562432
31962112
13141440
38384640
15624000
30023136
95047680
2702700
76991040
13019940
13172544
26535600
14152320
27420120
12959100
17640000
688000
62842500
10555776
34992000
11499264
10725120
19656000
6584760
13384440
4199040
3306528
41912640
9067968
9284352
32922880
12587400
29754000
64470120
1909600
22892544
37928352
95866848
5159448
14990720
10286080
13562640
32515560
2247264
51367680
73372320
6876000
5715216
12888720
20623680
5483520
20321280
1580436
17764824
49913280
8491392
21436800
11695320
29668320
25945920
95760000
9999360
66515904
388752
5782500
16707600
1935200
4704480
18258240
21481200
5875200
13356000
13235040
31084560
100979200
55112400
49433440
67964400
21694400
32760000
31273200
23151744
39273696
139088664
63866880
1965600
10354392
12408300
15956352
9091362
16380000
5557500
7148400
19220608
14742000
13221376
4259520
18865980
57710880
18830070
87900120
17249024
11172480
25804800
18195840
48988800
6683040
4490640
2238600
48117888
1424160
36126720
49123200
2764608
80876718
38419920
6885000
5584860
19595520
21964800
53977448
4576000
31970160
384192
16128000
116640000
16329600
67858560
5586570
10058000
32849712
38470320
39966696
112372260
7784832
110730240
15466880
7772400
17004000
10948608
10782200
17934048
15300825
26570880
73872000
29106720
23146560
43835904
4126920
53625600
2832900
544320
82252800
90994176
7884800
21141120
26486460
78057000
20644400
101039400
16092720
53800200
44789760
19810560
46656000
43667500
3592512
31279248
86590400
60588000
63648000
2999360
10886400
15665650
75609600
48211200
6635520
15246000
44634240
24931800
70404048
4582080
27941760
78624000
16321536
16584750
51276758
31579200
4374000
14515200
1471280
14807520
33576960
60455808
2341920
88646400
25310880
32109264
4902912
87220224
77051520
36469836
9106944
46080000
3888000
17280000
24311280
3004128
